Version identifier: 22.1.0.0 | 2022-03-09 | 1a383f8ce
CPXPARAM_Read_DataCheck                          1
CPXPARAM_Threads                                 1
CPXPARAM_TimeLimit                               3600
Tried aggregator 2 times.
MIP Presolve eliminated 5081 rows and 1671 columns.
MIP Presolve modified 31314 coefficients.
Aggregator did 412 substitutions.
Reduced MIP has 7373 rows, 967 columns, and 51023 nonzeros.
Reduced MIP has 779 binaries, 0 generals, 0 SOSs, and 0 indicators.
Presolve time = 0.11 sec. (106.81 ticks)
Probing fixed 4 vars, tightened 3 bounds.
Probing time = 0.04 sec. (36.11 ticks)
Tried aggregator 1 time.
Detecting symmetries...
MIP Presolve eliminated 6 rows and 4 columns.
MIP Presolve modified 54 coefficients.
Reduced MIP has 7367 rows, 963 columns, and 50909 nonzeros.
Reduced MIP has 775 binaries, 0 generals, 0 SOSs, and 0 indicators.
Presolve time = 0.03 sec. (22.43 ticks)
Probing time = 0.01 sec. (6.92 ticks)
Clique table members: 10056.
MIP emphasis: balance optimality and feasibility.
MIP search method: dynamic search.
Parallel mode: none, using 1 thread.
Root relaxation solution time = 0.02 sec. (29.88 ticks)

        Nodes                                         Cuts/
   Node  Left     Objective  IInf  Best Integer    Best Bound    ItCnt     Gap

      0     0       22.7800   129                     22.7800      309         
      0     0       22.7800    35                  MIRcuts: 4      313         
      0     0       22.7800    72                   Cuts: 288      519         
      0     0       22.7800    64                    Cuts: 58      621         
      0     0       22.7800    90                   Cuts: 873      859         
Detecting symmetries...
      0     2       22.7800    38                     22.7800      859         
Elapsed time = 3.14 sec. (3920.39 ticks, tree = 0.01 MB, solutions = 0)
     16    18       22.7800    53                     22.7800     2060         
     39    39       22.7800    42                     22.7800     3281         
     40    40       22.7800    49                     22.7800     3422         
     50    47       24.4549    36                     22.7800     4411         
     60    52       25.2200    31                     22.7800     5753         
     75    59       28.3100    32                     22.7800     7114         
     80    63       30.9500    16                     22.7800     8143         
     99    80       30.9500     8                     22.7800     9723         
    114    85       24.5900    34                     22.7800    11143         
    162   112       22.7800    38                     22.7800    16208         
Elapsed time = 5.26 sec. (7380.69 ticks, tree = 1.01 MB, solutions = 0)
    206   130    infeasible                           22.7800    20937         
    275   179    infeasible                           22.7800    26813         
    313   185    infeasible                           22.7800    32571         
    359   206       23.8500    48                     22.7800    37684         
    399   231       22.7800    45                     22.7800    42654         
    439   261       23.8214    18                     22.7800    48017         
    483   294       25.6861    38                     22.7800    53947         
    529   314       22.8601    36                     22.7800    59845         
    591   338       26.5701    35                     22.7800    66429         
    656   368       22.7800    42                     22.7800    72984         
Elapsed time = 11.57 sec. (17204.52 ticks, tree = 1.78 MB, solutions = 0)
    697   391       22.7800    41                     22.7800    79184         
    739   412       22.7800    37                     22.7800    85583         
    792   428       26.6523    33                     22.7800    92363         
    861   465       22.7800    49                     22.7800    98497         
    931   507    infeasible                           22.7800   104633         

Performing restart 1

Repeating presolve.
Tried aggregator 1 time.
Reduced MIP has 7367 rows, 963 columns, and 50909 nonzeros.
Reduced MIP has 775 binaries, 0 generals, 0 SOSs, and 0 indicators.
Presolve time = 0.02 sec. (17.39 ticks)
Tried aggregator 1 time.
Reduced MIP has 7367 rows, 963 columns, and 50909 nonzeros.
Reduced MIP has 775 binaries, 0 generals, 0 SOSs, and 0 indicators.
Presolve time = 0.03 sec. (22.51 ticks)
Represolve time = 0.14 sec. (129.20 ticks)
    968     0       22.7800    53                    Cuts: 98   108673         
    968     0       22.7800    85                   Cuts: 616   108865         
    968     0       22.7800    73                    Cuts: 94   109048         
    968     0       22.7800   101                  Cuts: 1243   109328         
    968     0       22.7800    61                   Cuts: 103   109469         
    968     0       22.7800    87                   Cuts: 685   109710         
    968     0       22.7800    61                    Cuts: 32   109856         
    968     0       22.7800    76                  Cuts: 1092   110070         
    968     2       22.7800    34                     22.7800   110070         
    976    10       22.7800    35                     22.7800   110560         
    988    22       22.7800    45                     22.7800   111228         
   1000    34       22.7800    51                     22.7800   112307         
   1016    50       22.7800    34                     22.7800   113761         
Elapsed time = 22.57 sec. (33515.73 ticks, tree = 0.63 MB, solutions = 0)
   1030    63       23.3900    28                     22.7800   116024         
   1056    79       22.8500    21                     22.7800   119561         
   1085    89       22.8565    29                     22.7800   123170         
   1108    93       22.7800    23                     22.7800   126524         
   1136    99       29.2555    16                     22.7800   131006         
   1171   106       23.2300    26                     22.7800   134922         
   1202   119       22.7800    50                     22.7800   138856         
   1228   143       22.7800    52                     22.7800   140170         
   1244   158       26.5698    39                     22.7800   141998         
   1280   169       25.5330    31                     22.7800   146852         
Elapsed time = 29.27 sec. (43643.67 ticks, tree = 1.53 MB, solutions = 0)
   1321   176       22.7800    28                     22.7800   151775         
   1350   187       24.5300    18                     22.7800   156387         
   1391   205       25.3900    25                     22.7800   161212         
   1436   212       22.7800    26                     22.7800   166801         
   1467   213       25.4717    26                     22.7800   171671         
   1499   222       22.7800    30                     22.7800   175652         
   1542   240       22.7800    34                     22.7800   181076         
   1575   254       23.1050    39                     22.7800   185262         
   1603   262       22.7848    34                     22.7800   189244         
   1635   280       22.7800    45                     22.7800   191728         
Elapsed time = 36.08 sec. (53765.05 ticks, tree = 2.30 MB, solutions = 0)
   1662   297       28.8590    17                     22.7800   195844         
   1702   327       25.2572    33                     22.7800   199901         
   1728   345       22.7800    54                     22.7800   203101         
   1754   371       23.9700    33                     22.7800   205232         
   1770   376       22.7800    44                     22.7800   207924         
   1808   405       24.6500    68                     22.7800   210686         
   1832   427       25.8900    57                     22.7800   212495         
   1854   449       25.8900    39                     22.7800   214954         
   1867   460       25.8900    35                     22.7800   217940         
   1887   465       22.7800    53                     22.7800   221854         
Elapsed time = 42.92 sec. (64063.18 ticks, tree = 2.55 MB, solutions = 0)
   1918   486       23.2300    43                     22.7800   225802         

Performing restart 2

Repeating presolve.
Tried aggregator 1 time.
Reduced MIP has 7367 rows, 963 columns, and 52711 nonzeros.
Reduced MIP has 775 binaries, 0 generals, 0 SOSs, and 0 indicators.
Presolve time = 0.02 sec. (18.08 ticks)
Tried aggregator 1 time.
Reduced MIP has 7367 rows, 963 columns, and 52711 nonzeros.
Reduced MIP has 775 binaries, 0 generals, 0 SOSs, and 0 indicators.
Presolve time = 0.03 sec. (23.41 ticks)
Represolve time = 0.17 sec. (145.00 ticks)
   1936     0       22.7800    51                   Cuts: 121   228181         
   1936     0       22.7800    97                   Cuts: 751   228445         
   1936     0       22.7800    71                    Cuts: 87   228605         
   1936     0       22.7800    88                   Cuts: 869   228882         
   1936     0       22.7800    63                    Cuts: 87   229061         
   1936     0       22.7800    70                  Cuts: 1808   229265         
   1936     0       22.7800    64                    Cuts: 50   229455         
   1936     0       22.7800    66                   Cuts: 371   229672         
   1936     0       22.7800    56                   Cuts: 105   229852         
   1936     0       22.7800    78                   Cuts: 901   230093         
   1936     2       22.7800    32                     22.7800   230093         
   1944    10       22.7800    56                     22.7800   230544         
   1949    15       22.7800    51                     22.7800   231188         
   1959    25       22.7800    49                     22.7800   231569         
   1966    32       22.7800    51                     22.7800   232345         
   1972    38       22.7800    43                     22.7800   232845         
   1978    44       22.7800    48                     22.7800   233574         
   1985    51       22.7800    45                     22.7800   234084         
   1991    55       22.7800    36                     22.7800   235181         
Elapsed time = 62.55 sec. (92760.49 ticks, tree = 0.59 MB, solutions = 0)
   1997    60       23.4200    25                     22.7800   236647         
   2003    62       22.7800    31                     22.7800   238258         
   2016    75       22.7800    43                     22.7800   238745         
   2033    92       25.0300    47                     22.7800   239554         
   2045   104       23.9400    41                     22.7800   240492         
   2058   109    infeasible                           22.7800   242466         
   2071   122       22.7800    60                     22.7800   243201         
   2079   130       22.7800    59                     22.7800   243864         
   2089   139       22.7800    52                     22.7800   244963         
   2095   145       23.6700    47                     22.7800   245908         
Elapsed time = 68.75 sec. (103202.32 ticks, tree = 3.47 MB, solutions = 0)
   2110   153       23.6300    41                     22.7800   247406         
   2117   160       23.6300    58                     22.7800   248026         
   2138   180       24.5200    31                     22.7800   249423         
   2152   191       22.7800    42                     22.7800   250854         
   2174   210       22.7800    39                     22.7800   252575         
   2189   218       22.7800    34                     22.7800   254293         
   2210   236       23.6300    51                     22.7800   256177         
   2233   259       24.2500    43                     22.7800   257138         
   2256   276       24.2700    26                     22.7800   258584         
   2272   285       22.7800    47                     22.7800   259739         
Elapsed time = 75.06 sec. (113379.11 ticks, tree = 7.67 MB, solutions = 0)
   2306   319       23.4000    37                     22.7800   261378         
   2338   346       22.7800    39                     22.7800   263094         
   2366   372       27.8276    28                     22.7800   264888         
   2388   389       22.7800    39                     22.7800   266120         
   2416   408       22.7800    23                     22.7800   268108         
   2441   419       22.9428    32                     22.7800   270069         
   2465   429       22.7803    35                     22.7800   271834         
   2498   450       29.3500    29                     22.7800   273807         
   2522   457    infeasible                           22.7800   275703         
   2602   521       22.7800    39                     22.7800   282020         
Elapsed time = 83.34 sec. (126041.56 ticks, tree = 17.70 MB, solutions = 0)
   2694   560       26.8318    25                     22.7800   293136         
   2798   590    infeasible                           22.7800   304800         
   2893   659       24.6900    40                     22.7800   312118         
   2978   718       22.7800    57                     22.7800   320374         
   3071   778       22.7800    46                     22.7800   331572         
   3147   832       23.7400    35                     22.7800   341803         
   3238   897       22.7800    38                     22.7800   350911         
   3317   954       22.7800    46                     22.7800   361705         
   3410  1023       25.9700    45                     22.7800   373007         
   3522  1091       27.8288    36                     22.7800   386722         
Elapsed time = 111.21 sec. (164566.39 ticks, tree = 25.05 MB, solutions = 0)
   3643  1169       24.1840    36                     22.7800   400332         
*  3711  1206      integral     0       33.3600       22.7800   408119   31.71%
   3736  1225       29.1726    26       33.3600       22.7800   411190   31.71%
   3836  1288       22.8593    34       33.3600       22.7800   423103   31.71%
   3944  1340       25.3900    35       33.3600       22.7800   437196   31.71%
   4030  1400       22.7800    51       33.3600       22.7800   447262   31.71%
   4134  1443        cutoff             33.3600       22.7800   460854   31.71%
   4255  1501       22.7800    31       33.3600       22.7800   476696   31.71%
   4386  1576       22.7800    50       33.3600       22.7800   491623   31.71%
   4553  1696    infeasible             33.3600       22.7800   507018   31.71%
   4631  1716    infeasible             33.3600       22.7800   520617   31.71%
Elapsed time = 143.51 sec. (207148.24 ticks, tree = 25.55 MB, solutions = 1)
   4743  1794       23.1191    49       33.3600       22.7800   535524   31.71%
   4882  1877        cutoff             33.3600       22.7800   550106   31.71%
   4998  1951       29.8200    30       33.3600       22.7800   564043   31.71%
   5112  2023       23.4000    47       33.3600       22.7800   577382   31.71%
   5191  2081       23.6700    69       33.3600       22.7800   589199   31.71%
   5271  2119       25.3100    30       33.3600       22.7800   601811   31.71%
   5392  2205       24.1243    41       33.3600       22.7800   613733   31.71%
   5490  2271       25.8300    37       33.3600       22.7800   623885   31.71%
   5577  2330       28.2972    40       33.3600       22.7800   635539   31.71%
   5667  2389       22.7800    53       33.3600       22.7800   647933   31.71%
Elapsed time = 171.99 sec. (246044.98 ticks, tree = 26.38 MB, solutions = 1)
   5807  2488       24.2779    27       33.3600       22.7800   660663   31.71%
   5915  2568       22.7800    51       33.3600       22.7800   673623   31.71%
   6013  2654       22.7800    49       33.3600       22.7800   687481   31.71%
   6108  2709    infeasible             33.3600       22.7800   699784   31.71%
   6205  2768       23.7430    44       33.3600       22.7800   713086   31.71%
   6300  2814       25.7300    35       33.3600       22.7800   724610   31.71%
   6402  2857       27.0842    37       33.3600       22.7800   736525   31.71%
   6504  2914       29.2028    27       33.3600       22.7800   749374   31.71%
   6631  2978       22.7800    57       33.3600       22.7800   764563   31.71%
   6727  3049       22.7800    69       33.3600       22.7800   776962   31.71%
Elapsed time = 200.65 sec. (284505.50 ticks, tree = 30.23 MB, solutions = 1)
   6795  3082       22.7800    55       33.3600       22.7800   787135   31.71%
   6894  3157       22.7800    45       33.3600       22.7800   798992   31.71%
   7015  3233       22.8604    50       33.3600       22.7800   814614   31.71%
   7149  3304       22.8245    40       33.3600       22.7800   830976   31.71%
   7249  3354       32.7700     5       33.3600       22.7800   844220   31.71%
   7323  3392       24.7882    49       33.3600       22.7800   854536   31.71%
   7446  3468       22.7800    49       33.3600       22.7800   867917   31.71%
   7521  3510       22.9188    46       33.3600       22.7800   880050   31.71%
   7636  3587       31.2933    28       33.3600       22.7800   893243   31.71%
   7771  3644       22.7800    41       33.3600       22.7800   907945   31.71%
Elapsed time = 230.21 sec. (323697.95 ticks, tree = 30.64 MB, solutions = 1)
   7865  3695       23.8500    68       33.3600       22.7800   919846   31.71%
   7980  3767       23.3200    40       33.3600       22.7800   935521   31.71%
   8111  3845       23.9417    46       33.3600       22.7800   950083   31.71%
   8252  3934       30.6200    32       33.3600       22.7800   965848   31.71%
   8348  3986       32.1500    20       33.3600       22.7800   978757   31.71%
   8446  4042       22.7800    65       33.3600       22.7800   991150   31.71%
*  8496  3615      integral     0       31.2600       22.7800   997516   27.13%
   8536  3634       27.0902    44       31.2600       22.7800  1002713   27.13%
   8639  3686       22.7800    66       31.2600       22.7800  1016705   27.13%
   8690  3727       22.7800    56       31.2600       22.7800  1025052   27.13%
   8782  3787       22.7800    37       31.2600       22.7800  1039045   27.13%
Elapsed time = 259.82 sec. (363097.46 ticks, tree = 30.11 MB, solutions = 2)
   8927  3864       27.0056    40       31.2600       22.7800  1056553   27.13%
   9073  3936       22.8370    42       31.2600       22.7800  1073606   27.13%
   9215  4031       23.9126    26       31.2600       22.7800  1090215   27.13%
   9334  4089       27.7100    29       31.2600       22.7800  1106169   27.13%
   9426  4141    infeasible             31.2600       22.7800  1119811   27.13%
   9535  4204    infeasible             31.2600       22.7800  1134011   27.13%
   9607  4241       22.7800    37       31.2600       22.7800  1145989   27.13%
   9697  4295       29.3502    37       31.2600       22.7800  1158544   27.13%
   9784  4359       25.2700    31       31.2600       22.7800  1170331   27.13%
   9836  4389       22.9911    41       31.2600       22.7800  1177363   27.13%
Elapsed time = 289.65 sec. (402085.16 ticks, tree = 32.23 MB, solutions = 2)
   9920  4439       23.9400    44       31.2600       22.7800  1189404   27.13%
   9940  4451       22.7800    43       31.2600       22.7800  1192200   27.13%
  10036  4507       22.7800    36       31.2600       22.7800  1203550   27.13%
  10160  4559       29.5200    30       31.2600       22.7800  1219075   27.13%
  10273  4615       28.3290    38       31.2600       22.7800  1234219   27.13%
  10372  4674       24.8634    28       31.2600       22.7800  1248410   27.13%
  10497  4736       25.3495    55       31.2600       22.7800  1263480   27.13%
  10617  4795       30.1718    36       31.2600       22.7800  1278935   27.13%
  10698  4824       24.8300    37       31.2600       22.7800  1291591   27.13%
  10779  4872       30.7900    25       31.2600       22.7800  1304622   27.13%
Elapsed time = 319.85 sec. (441067.23 ticks, tree = 33.31 MB, solutions = 2)
  10853  4910       22.7800    48       31.2600       22.7800  1315137   27.13%
  10949  4966       30.8900    24       31.2600       22.7800  1328372   27.13%
  11043  5021    infeasible             31.2600       22.7800  1341168   27.13%
  11121  5065       22.7800    49       31.2600       22.7800  1352826   27.13%
  11252  5128       29.5200    40       31.2600       22.7800  1367543   27.13%
  11336  5170       22.7800    62       31.2600       22.7800  1379978   27.13%
  11425  5227       29.2450    26       31.2600       22.7800  1393800   27.13%
  11525  5280       27.5484    54       31.2600       22.7800  1408280   27.13%
  11610  5323       26.8629    46       31.2600       22.7800  1421456   27.13%
  11706  5371       22.7800    61       31.2600       22.7800  1438423   27.13%
Elapsed time = 351.57 sec. (482755.43 ticks, tree = 34.30 MB, solutions = 2)
  11808  5430       22.8421    41       31.2600       22.7800  1454074   27.13%
  11925  5488       22.7800    54       31.2600       22.7800  1470774   27.13%
  12020  5536       23.9461    43       31.2600       22.7800  1485886   27.13%
  12115  5592       24.6500    46       31.2600       22.7800  1498348   27.13%
  12185  5624       27.2888    40       31.2600       22.7800  1511221   27.13%
  12285  5683       24.6357    34       31.2600       22.7800  1525821   27.13%
  12384  5735       23.9400    34       31.2600       22.7800  1541364   27.13%
* 12436  5365      integral     0       30.0200       22.7800  1548764   24.12%
  12480  5393       22.7800    46       30.0200       22.7800  1555036   24.12%
  12555  5452       24.6254    44       30.0200       22.7800  1567468   24.12%
  12646  5503       23.9400    54       30.0200       22.7800  1582102   24.12%
Elapsed time = 381.71 sec. (521248.15 ticks, tree = 33.99 MB, solutions = 3)
  12714  5529       25.6009    55       30.0200       22.7800  1597610   24.12%
  12787  5572       23.4000    47       30.0200       22.7800  1611658   24.12%
  12894  5650       24.8996    56       30.0200       22.7800  1627204   24.12%
  12995  5696       28.7700    28       30.0200       22.7800  1642604   24.12%
  13124  5745       27.7631    40       30.0200       22.7800  1658847   24.12%
  13213  5775       28.2049    61       30.0200       22.7800  1673394   24.12%
  13236  5791       25.2657    54       30.0200       22.7800  1678259   24.12%
  13324  5833       24.8300    64       30.0200       22.7800  1690868   24.12%
  13404  5862       26.2295    41       30.0200       22.7800  1704262   24.12%
  13501  5908       22.7800    54       30.0200       22.7800  1716443   24.12%
Elapsed time = 412.98 sec. (561506.71 ticks, tree = 34.67 MB, solutions = 3)
  13598  5982       26.5257    33       30.0200       22.7800  1730886   24.12%
  13708  6046       25.6838    34       30.0200       22.7800  1747587   24.12%
  13806  6100       28.1600    35       30.0200       22.7800  1762800   24.12%
  13889  6129       29.2050    19       30.0200       22.7800  1776288   24.12%
  13960  6162       22.7811    46       30.0200       22.7800  1789758   24.12%
  14060  6216       26.8200    40       30.0200       22.7800  1805341   24.12%
  14152  6254       26.1417    42       30.0200       22.7800  1820267   24.12%
  14270  6321       28.2566    41       30.0200       22.7800  1837832   24.12%
* 14373  5210      integral     0       26.9600       22.7800  1850657   15.50%
  14391  5216       26.8200    31       26.9600       22.7800  1853405   15.50%
  14456  5243       22.7800    39       26.9600       22.7800  1864582   15.50%
Elapsed time = 445.02 sec. (600242.12 ticks, tree = 31.59 MB, solutions = 4)
  14495  5247       22.7800    51       26.9600       22.7800  1872104   15.50%
  14593  5284       22.7800    41       26.9600       22.7800  1885468   15.50%
  14687  5308       22.7800    40       26.9600       22.7800  1898989   15.50%
  14773  5321       22.7800    55       26.9600       22.7800  1912746   15.50%
  14841  5369       24.3815    51       26.9600       22.7800  1924965   15.50%
  14918  5410       26.6117    29       26.9600       22.7800  1938660   15.50%
  15047  5487       22.7800    25       26.9600       22.7800  1955110   15.50%
  15158  5537       22.7800    39       26.9600       22.7800  1970131   15.50%
  15246  5565       22.7972    36       26.9600       22.7800  1982337   15.50%
  15330  5589       26.2144    73       26.9600       22.7800  1995641   15.50%
Elapsed time = 475.79 sec. (639021.02 ticks, tree = 32.90 MB, solutions = 4)
  15385  5608       24.9600    58       26.9600       22.7800  2007150   15.50%
  15461  5640       23.7019    46       26.9600       22.7800  2018505   15.50%
  15536  5671       23.4574    55       26.9600       22.7800  2029963   15.50%
  15651  5740       24.8300    39       26.9600       22.7800  2045618   15.50%
  15735  5776       23.0092    47       26.9600       22.7800  2060758   15.50%
  15811  5823       22.7800    55       26.9600       22.7800  2073819   15.50%
  15881  5868       22.7800    64       26.9600       22.7800  2085029   15.50%
  15960  5917       22.7873    38       26.9600       22.7800  2099036   15.50%
  16057  5986       22.8137    44       26.9600       22.7800  2112437   15.50%
  16118  6016       23.9400    44       26.9600       22.7800  2124818   15.50%
Elapsed time = 507.08 sec. (677643.87 ticks, tree = 33.91 MB, solutions = 4)
  16197  6057       23.2375    43       26.9600       22.7800  2136992   15.50%
  16269  6093       22.7800    43       26.9600       22.7800  2151083   15.50%
  16332  6119       22.8024    65       26.9600       22.7800  2161407   15.50%
  16383  6155       23.0490    60       26.9600       22.7800  2171350   15.50%
  16436  6188       24.0880    50       26.9600       22.7800  2179563   15.50%
  16520  6212       22.7800    53       26.9600       22.7800  2191801   15.50%
  16628  6253       22.8174    52       26.9600       22.7800  2207730   15.50%
  16692  6279       22.7800    55       26.9600       22.7800  2220738   15.50%
  16778  6341       25.5374    41       26.9600       22.7800  2232174   15.50%
  16848  6391       23.6207    54       26.9600       22.7800  2244771   15.50%
Elapsed time = 538.39 sec. (716624.36 ticks, tree = 35.10 MB, solutions = 4)
  16943  6423       25.3158    57       26.9600       22.7800  2260128   15.50%
  17007  6476       25.0900    38       26.9600       22.7800  2269541   15.50%
  17079  6507       23.9400    35       26.9600       22.7800  2284595   15.50%
  17168  6562       22.7800    55       26.9600       22.7800  2298451   15.50%
  17267  6614       23.9670    49       26.9600       22.7800  2306167   15.50%
  17362  6682       25.4964    51       26.9600       22.7800  2314401   15.50%
  17412  6708       23.4000    51       26.9600       22.7800  2325255   15.50%
  17436  6720       23.6429    56       26.9600       22.7800  2330368   15.50%
  17531  6774       22.7800    70       26.9600       22.7800  2344997   15.50%
  17562  6795       24.8300    39       26.9600       22.7800  2355459   15.50%
Elapsed time = 570.95 sec. (755984.01 ticks, tree = 42.80 MB, solutions = 4)
  17641  6828       22.7800    51       26.9600       22.7800  2368566   15.50%
  17718  6854       22.7800    41       26.9600       22.7800  2380367   15.50%
  17783  6888       22.7800    53       26.9600       22.7800  2392399   15.50%
  17844  6913       22.7800    51       26.9600       22.7800  2405725   15.50%
  17912  6927       25.8900    34       26.9600       22.7800  2417586   15.50%
  18024  6980       22.7800    41       26.9600       22.7800  2433364   15.50%
  18113  7008       25.0338    53       26.9600       22.7800  2448011   15.50%
  18188  7031       23.0929    53       26.9600       22.7800  2461432   15.50%
  18240  7065       24.8300    59       26.9600       22.7800  2471841   15.50%
  18336  7122       23.9777    47       26.9600       22.7800  2487982   15.50%
Elapsed time = 602.22 sec. (794726.98 ticks, tree = 43.44 MB, solutions = 4)
  18432  7193       23.9738    40       26.9600       22.7800  2504435   15.50%
  18501  7225       24.6500    44       26.9600       22.7800  2518441   15.50%
  18558  7243    infeasible             26.9600       22.7800  2530031   15.50%
  18635  7290       22.7800    46       26.9600       22.7800  2543428   15.50%
  18744  7353    infeasible             26.9600       22.7800  2555323   15.50%
  18834  7390       22.7917    55       26.9600       22.7800  2572177   15.50%
  18895  7431       22.7831    46       26.9600       22.7800  2586054   15.50%
  18966  7477       22.8323    40       26.9600       22.7800  2597624   15.50%
  19051  7509       22.7800    50       26.9600       22.7800  2612069   15.50%
  19136  7537       26.2500    56       26.9600       22.7800  2627361   15.50%
Elapsed time = 634.27 sec. (833405.63 ticks, tree = 46.79 MB, solutions = 4)
  19212  7564        cutoff             26.9600       22.7800  2640725   15.50%
  19277  7589    infeasible             26.9600       22.7800  2653132   15.50%
  19361  7634       22.7800    39       26.9600       22.7800  2667079   15.50%
  19437  7652       25.2900    46       26.9600       22.7800  2680672   15.50%
  19503  7691       23.4779    47       26.9600       22.7800  2693162   15.50%
  19585  7750       22.7800    69       26.9600       22.7800  2705532   15.50%
  19636  7790       23.9400    56       26.9600       22.7800  2715987   15.50%
  19696  7821       25.6500    51       26.9600       22.7800  2727949   15.50%
  19774  7861       22.7800    40       26.9600       22.7800  2740733   15.50%
  19826  7884       25.8954    29       26.9600       22.7800  2754042   15.50%
Elapsed time = 667.68 sec. (875838.71 ticks, tree = 47.88 MB, solutions = 4)
  19908  7909       22.7800    67       26.9600       22.7800  2767214   15.50%
  19982  7950       22.8580    51       26.9600       22.7800  2779853   15.50%
  20065  7993       22.8598    67       26.9600       22.7800  2794032   15.50%
  20171  8063       22.7800    45       26.9600       22.7800  2809401   15.50%
  20265  8128       24.9697    51       26.9600       22.7800  2824489   15.50%
  20333  8153       24.2612    63       26.9600       22.7800  2839452   15.50%
  20410  8189       22.7800    52       26.9600       22.7800  2854071   15.50%
  20468  8208       23.4626    56       26.9600       22.7800  2866877   15.50%
  20553  8243        cutoff             26.9600       22.7800  2881975   15.50%
  20649  8307    infeasible             26.9600       22.7800  2898356   15.50%
Elapsed time = 700.30 sec. (914650.98 ticks, tree = 49.00 MB, solutions = 4)
  20726  8346       22.8770    57       26.9600       22.7800  2914879   15.50%
  20796  8366       22.8014    57       26.9600       22.7800  2927725   15.50%
  20883  8416       24.8300    49       26.9600       22.7800  2941118   15.50%
  20944  8437       26.3357    33       26.9600       22.7800  2953240   15.50%
  21006  8465       23.9400    37       26.9600       22.7800  2965848   15.50%
  21085  8504       23.2535    42       26.9600       22.7800  2980257   15.50%
  21196  8561       24.8292    55       26.9600       22.7800  2996608   15.50%
  21268  8583       26.8200    30       26.9600       22.7800  3010769   15.50%
  21340  8601       23.9400    49       26.9600       22.7800  3025359   15.50%
  21415  8652       22.7800    50       26.9600       22.7800  3037682   15.50%
Elapsed time = 731.17 sec. (953235.03 ticks, tree = 49.54 MB, solutions = 4)
  21483  8674       22.7800    47       26.9600       22.7800  3052079   15.50%
  21556  8719       22.7800    51       26.9600       22.7800  3063887   15.50%
  21643  8774       26.0500    42       26.9600       22.7800  3077593   15.50%
  21705  8829       24.3998    40       26.9600       22.7800  3089241   15.50%
  21767  8851       23.4000    54       26.9600       22.7800  3101642   15.50%
  21836  8897       23.9489    57       26.9600       22.7800  3116470   15.50%
  21928  8941       24.5781    47       26.9600       22.7800  3130929   15.50%
  22015  8990       23.9400    52       26.9600       22.7800  3143998   15.50%
  22094  9030       22.7811    61       26.9600       22.7800  3157945   15.50%
  22170  9069       22.7800    58       26.9600       22.7800  3171723   15.50%
Elapsed time = 765.24 sec. (994862.29 ticks, tree = 50.38 MB, solutions = 4)
  22242  9103       22.7800    84       26.9600       22.7800  3185431   15.50%
  22316  9127       22.7800    52       26.9600       22.7800  3199491   15.50%
  22388  9150       22.9095    72       26.9600       22.7800  3215322   15.50%
  22468  9202       26.6668    32       26.9600       22.7800  3230238   15.50%
  22536  9249       26.0443    30       26.9600       22.7800  3241860   15.50%
  22615  9288       22.7800    72       26.9600       22.7800  3255476   15.50%
  22685  9311       25.4700    55       26.9600       22.7800  3268038   15.50%
  22736  9339       22.8678    76       26.9600       22.7800  3277003   15.50%
  22828  9398       23.6807    42       26.9600       22.7800  3290405   15.50%
  22877  9422       22.7800    76       26.9600       22.7800  3300933   15.50%
Elapsed time = 798.32 sec. (1036189.16 ticks, tree = 51.79 MB, solutions = 4)
  22940  9463       23.9400    54       26.9600       22.7800  3312438   15.50%
  23020  9504       22.7800    43       26.9600       22.7800  3326777   15.50%
  23109  9551       22.7800    41       26.9600       22.7800  3341643   15.50%
  23199  9577       23.6700    49       26.9600       22.7800  3355798   15.50%
  23287  9606       24.6500    46       26.9600       22.7800  3370749   15.50%
  23349  9643       22.7800    43       26.9600       22.7800  3384161   15.50%
  23430  9700       22.7800    60       26.9600       22.7800  3396999   15.50%
  23518  9755    infeasible             26.9600       22.7800  3410900   15.50%
  23597  9798       23.0776    61       26.9600       22.7800  3428224   15.50%
  23676  9815       22.7800    49       26.9600       22.7800  3445107   15.50%
Elapsed time = 829.32 sec. (1074726.32 ticks, tree = 52.78 MB, solutions = 4)
  23769  9858       22.7979    64       26.9600       22.7800  3461829   15.50%
  23841  9875       22.8792    52       26.9600       22.7800  3476227   15.50%
  23932  9920       22.7800    46       26.9600       22.7800  3491135   15.50%
  24007  9961       22.7800    50       26.9600       22.7800  3507376   15.50%
  24071  9991       23.6700    43       26.9600       22.7800  3520914   15.50%
  24146 10012       22.9880    72       26.9600       22.7800  3535173   15.50%
  24232 10048    infeasible             26.9600       22.7800  3547766   15.50%
  24311 10090       24.7900    32       26.9600       22.7800  3560027   15.50%
  24399 10140       22.7800    44       26.9600       22.7800  3573593   15.50%
  24490 10197       23.9400    48       26.9600       22.7800  3586375   15.50%
Elapsed time = 860.33 sec. (1113310.62 ticks, tree = 53.99 MB, solutions = 4)
  24562 10223       25.8100    57       26.9600       22.7800  3598140   15.50%
  24611 10242       24.6500    50       26.9600       22.7800  3608742   15.50%
  24681 10282       22.7800    76       26.9600       22.7800  3621481   15.50%
* 24730 10281      integral     0       26.9300       22.7800  3629586   15.41%
  24755 10294       22.7800    56       26.9300       22.7800  3634258   15.41%
  24827 10340       24.3800    46       26.9300       22.7800  3646818   15.41%
  24833 10342       22.7800    54       26.9300       22.7800  3649174   15.41%
  24836 10345       22.7800    49       26.9300       22.7800  3650068   15.41%
  24907 10371       22.9997    72       26.9300       22.7800  3663511   15.41%
  25003 10413       23.9400    54       26.9300       22.7800  3679294   15.41%
  25074 10451       22.7800    54       26.9300       22.7800  3692908   15.41%
Elapsed time = 891.13 sec. (1152317.61 ticks, tree = 54.80 MB, solutions = 5)
  25124 10468       22.9168    44       26.9300       22.7800  3707726   15.41%
  25188 10496       23.9400    34       26.9300       22.7800  3720612   15.41%
  25262 10539       24.6500    58       26.9300       22.7800  3735263   15.41%
  25329 10572       25.6130    27       26.9300       22.7800  3748398   15.41%
  25410 10591       22.9001    64       26.9300       22.7800  3763014   15.41%
  25478 10630       24.9600    48       26.9300       22.7800  3776296   15.41%
  25583 10670       22.7800    34       26.9300       22.7800  3791402   15.41%
  25708 10707       22.7909    64       26.9300       22.7800  3808501   15.41%
  25819 10766       25.6636    37       26.9300       22.7800  3824777   15.41%
  25953 10845       23.7921    41       26.9300       22.7800  3841387   15.41%
Elapsed time = 923.71 sec. (1190837.28 ticks, tree = 55.67 MB, solutions = 5)
  26063 10899       24.8300    43       26.9300       22.7800  3859174   15.41%
  26180 10970       24.3801    45       26.9300       22.7800  3876021   15.41%
  26269 11008       23.9470    41       26.9300       22.7800  3890750   15.41%
  26336 11026       22.7800    58       26.9300       22.7800  3902632   15.41%
  26385 11048       25.3900    59       26.9300       22.7800  3915583   15.41%
  26464 11086       25.8100    50       26.9300       22.7800  3929479   15.41%
  26509 11119       22.7800    52       26.9300       22.7800  3941078   15.41%
  26602 11156       23.6700    54       26.9300       22.7800  3954973   15.41%
  26683 11193        cutoff             26.9300       22.7800  3967938   15.41%
  26742 11220       22.8835    53       26.9300       22.7800  3979552   15.41%
Elapsed time = 954.97 sec. (1229645.18 ticks, tree = 56.63 MB, solutions = 5)
  26802 11264       25.8100    57       26.9300       22.7800  3989412   15.41%
  26857 11281       22.7800    46       26.9300       22.7800  4003927   15.41%
  26927 11298    infeasible             26.9300       22.7800  4017117   15.41%
  26984 11332       24.0387    66       26.9300       22.7800  4029340   15.41%
  27071 11371       22.7800    55       26.9300       22.7800  4045726   15.41%
  27141 11419       25.8600    24       26.9300       22.7800  4059994   15.41%
  27244 11495       25.1839    24       26.9300       22.7800  4075540   15.41%
  27331 11554       25.9270    34       26.9300       22.7800  4088487   15.41%
  27417 11593       22.7860    82       26.9300       22.7800  4101875   15.41%
  27513 11640       22.7800    41       26.9300       22.7800  4116451   15.41%
Elapsed time = 986.13 sec. (1268249.08 ticks, tree = 57.73 MB, solutions = 5)
  27616 11685       24.6526    54       26.9300       22.7800  4131122   15.41%
  27707 11739       25.3766    51       26.9300       22.7800  4147008   15.41%
  27800 11786       22.7800    67       26.9300       22.7800  4163175   15.41%
  27902 11840       22.9931    43       26.9300       22.7800  4176743   15.41%
  28009 11895       23.6700    54       26.9300       22.7800  4192777   15.41%
  28084 11930       22.7800    42       26.9300       22.7800  4208274   15.41%
  28171 11961       22.7800    79       26.9300       22.7800  4224230   15.41%
  28231 12003       22.7800    62       26.9300       22.7800  4234770   15.41%
  28309 12039       22.8121    45       26.9300       22.7800  4248612   15.41%
  28374 12059       23.2723    47       26.9300       22.7800  4261015   15.41%
Elapsed time = 1017.62 sec. (1306896.22 ticks, tree = 59.63 MB, solutions = 5)
  28451 12070       22.9992    52       26.9300       22.7800  4275611   15.41%
  28505 12090       22.7800    72       26.9300       22.7800  4287650   15.41%
  28555 12116       22.9100    42       26.9300       22.7800  4299284   15.41%
  28633 12131       22.7800    43       26.9300       22.7800  4312697   15.41%
  28705 12175       24.6500    54       26.9300       22.7800  4324470   15.41%
  28773 12202       23.3187    45       26.9300       22.7800  4337943   15.41%
  28854 12236       22.8677    54       26.9300       22.7800  4352592   15.41%
  28911 12267       22.7800    55       26.9300       22.7800  4364139   15.41%
  28999 12305       22.8848    45       26.9300       22.7800  4378895   15.41%
  29105 12351       22.7800    56       26.9300       22.7800  4392068   15.41%
Elapsed time = 1048.58 sec. (1345614.40 ticks, tree = 60.00 MB, solutions = 5)
  29174 12387       22.7800    62       26.9300       22.7800  4406527   15.41%
  29248 12433       25.8884    36       26.9300       22.7800  4418414   15.41%
  29361 12516    infeasible             26.9300       22.7800  4433920   15.41%
  29470 12574       22.7890    30       26.9300       22.7800  4450115   15.41%
  29580 12646       25.9607    34       26.9300       22.7800  4466315   15.41%
  29694 12711       23.5804    45       26.9300       22.7800  4483603   15.41%
  29795 12780        cutoff             26.9300       22.7800  4499764   15.41%
  29836 12809       23.9473    38       26.9300       22.7800  4508592   15.41%
  29935 12880       23.9708    47       26.9300       22.7800  4524589   15.41%
  29936 12881       23.9732    50       26.9300       22.7800  4524625   15.41%
Elapsed time = 1085.32 sec. (1390030.51 ticks, tree = 60.82 MB, solutions = 5)
  30011 12921       24.5805    39       26.9300       22.7800  4540723   15.41%
  30090 12965       22.7800    26       26.9300       22.7800  4555796   15.41%
  30160 13011       24.7900    29       26.9300       22.7800  4571084   15.41%
  30221 13046       22.7800    33       26.9300       22.7800  4584810   15.41%
  30312 13102       22.7800    21       26.9300       22.7800  4599195   15.41%
  30417 13179       23.2300    25       26.9300       22.7800  4614130   15.41%
  30521 13255       24.5838    33       26.9300       22.7800  4629728   15.41%
  30616 13322       24.7982    33       26.9300       22.7800  4645306   15.41%
  30744 13407       22.7800    36       26.9300       22.7800  4660635   15.41%
  30843 13473       25.9682    27       26.9300       22.7800  4677109   15.41%
Elapsed time = 1119.20 sec. (1428619.36 ticks, tree = 61.85 MB, solutions = 5)
  30923 13505       23.9400    46       26.9300       22.7800  4692503   15.41%
  31011 13577       24.6141    43       26.9300       22.7800  4705831   15.41%
  31115 13651       22.7800    49       26.9300       22.7800  4718756   15.41%
  31180 13690       24.8900    35       26.9300       22.7800  4732135   15.41%
  31251 13737       26.0350    13       26.9300       22.7800  4747528   15.41%
  31373 13833       22.7800    46       26.9300       22.7800  4762480   15.41%
  31482 13914        cutoff             26.9300       22.7800  4778085   15.41%
  31536 13954       23.4000    48       26.9300       22.7800  4787810   15.41%
  31617 14005       22.7800    57       26.9300       22.7800  4802063   15.41%
  31701 14056       23.9800    41       26.9300       22.7800  4818821   15.41%
Elapsed time = 1153.44 sec. (1471382.35 ticks, tree = 62.69 MB, solutions = 5)
  31791 14096       22.9938    64       26.9300       22.7800  4832406   15.41%
  31871 14130       22.8840    60       26.9300       22.7800  4846241   15.41%
  31943 14164       24.6500    36       26.9300       22.7800  4859510   15.41%
  31998 14199        cutoff             26.9300       22.7800  4871888   15.41%
  32058 14232        cutoff             26.9300       22.7800  4885892   15.41%
  32135 14271       26.3900    42       26.9300       22.7800  4900118   15.41%
  32208 14304       22.8650    46       26.9300       22.7800  4912764   15.41%
  32282 14341       22.8372    57       26.9300       22.7800  4925587   15.41%
  32361 14387       26.4300    49       26.9300       22.7800  4938128   15.41%
  32413 14417       22.7998    61       26.9300       22.7800  4950343   15.41%
Elapsed time = 1184.88 sec. (1509897.83 ticks, tree = 63.58 MB, solutions = 5)
  32470 14448       24.6500    54       26.9300       22.7800  4962967   15.41%
  32531 14479       22.7800    55       26.9300       22.7800  4976145   15.41%
  32626 14542       25.3766    45       26.9300       22.7800  4990742   15.41%
  32715 14593       26.8200    32       26.9300       22.7800  5005956   15.41%
  32813 14664       25.2657    48       26.9300       22.7800  5023212   15.41%
  32930 14745       24.0259    32       26.9300       22.7800  5039201   15.41%
  33011 14788       23.9400    64       26.9300       22.7800  5051462   15.41%
  33093 14847    infeasible             26.9300       22.7800  5064594   15.41%
  33192 14880       24.2900    49       26.9300       22.7800  5081165   15.41%
  33282 14914       22.7800    58       26.9300       22.7800  5096616   15.41%
Elapsed time = 1215.53 sec. (1548389.30 ticks, tree = 64.48 MB, solutions = 5)
  33365 14970       22.7835    64       26.9300       22.7800  5112732   15.41%
  33459 15020       26.8200    32       26.9300       22.7800  5127501   15.41%
  33538 15073       24.4985    53       26.9300       22.7800  5143114   15.41%
  33620 15103       23.9400    74       26.9300       22.7800  5157621   15.41%
  33693 15134       23.4000    57       26.9300       22.7800  5171333   15.41%
  33755 15159       25.2657    51       26.9300       22.7800  5185847   15.41%
  33825 15199    infeasible             26.9300       22.7800  5199445   15.41%
  33892 15228       24.6500    50       26.9300       22.7800  5212959   15.41%
  33977 15258       22.8157    70       26.9300       22.7800  5227476   15.41%
  34033 15290       22.7808    68       26.9300       22.7800  5240337   15.41%
Elapsed time = 1248.11 sec. (1586898.05 ticks, tree = 65.96 MB, solutions = 5)
  34036 15291       24.1469    53       26.9300       22.7800  5240610   15.41%
  34128 15305       22.8650    40       26.9300       22.7800  5256151   15.41%
  34211 15356       23.4000    57       26.9300       22.7800  5271311   15.41%
  34274 15380       24.6500    54       26.9300       22.7800  5284606   15.41%
  34335 15412       23.4000    33       26.9300       22.7800  5296172   15.41%
  34427 15480       22.8720    45       26.9300       22.7800  5310229   15.41%
  34540 15547       25.3117    17       26.9300       22.7800  5325559   15.41%
  34627 15587       22.8535    42       26.9300       22.7800  5338776   15.41%
  34745 15679       23.9400    38       26.9300       22.7800  5352090   15.41%
  34866 15775       24.7900    21       26.9300       22.7800  5367066   15.41%
Elapsed time = 1280.88 sec. (1627513.19 ticks, tree = 66.60 MB, solutions = 5)
  34967 15854       23.6700    57       26.9300       22.7800  5382553   15.41%
  35032 15898       24.2900    48       26.9300       22.7800  5395421   15.41%
  35119 15946       22.8776    56       26.9300       22.7800  5411475   15.41%
  35236 16016       24.4600    39       26.9300       22.7800  5427156   15.41%
  35327 16078       23.4000    44       26.9300       22.7800  5441557   15.41%
  35410 16125       22.7800    68       26.9300       22.7800  5456361   15.41%
  35491 16179       22.9928    44       26.9300       22.7800  5469086   15.41%
  35630 16211       22.8891    71       26.9300       22.7800  5484902   15.41%
  35705 16258       22.8482    70       26.9300       22.7800  5499490   15.41%
  35778 16298       22.7800    59       26.9300       22.7800  5513142   15.41%
Elapsed time = 1311.48 sec. (1666020.85 ticks, tree = 67.35 MB, solutions = 5)
  35840 16335       22.7800    50       26.9300       22.7800  5526353   15.41%
  35915 16375       23.8679    53       26.9300       22.7800  5540915   15.41%
  35986 16403       22.7800    52       26.9300       22.7800  5555237   15.41%
  36048 16430       23.9400    46       26.9300       22.7800  5569172   15.41%
  36141 16460       23.6700    48       26.9300       22.7800  5586108   15.41%
  36226 16522       26.7400    37       26.9300       22.7800  5601427   15.41%
  36293 16554       25.5000    51       26.9300       22.7800  5614754   15.41%
  36359 16596       22.7875    51       26.9300       22.7800  5629335   15.41%
  36440 16647       25.0800    37       26.9300       22.7800  5645115   15.41%
  36541 16716       24.4600    44       26.9300       22.7800  5660198   15.41%
Elapsed time = 1343.96 sec. (1704593.67 ticks, tree = 68.58 MB, solutions = 5)
  36618 16775       26.2000    31       26.9300       22.7800  5674163   15.41%
  36651 16798       24.5800    49       26.9300       22.7800  5679219   15.41%
  36736 16865       26.2000    44       26.9300       22.7800  5693639   15.41%
  36793 16902       24.3970    28       26.9300       22.7800  5707146   15.41%
  36882 16946    infeasible             26.9300       22.7800  5720892   15.41%
  36952 16988       22.8108    62       26.9300       22.7800  5734298   15.41%
  37034 17029       24.0852    55       26.9300       22.7800  5747711   15.41%
  37148 17101       23.4937    47       26.9300       22.7800  5762665   15.41%
  37263 17161       22.7800    40       26.9300       22.7800  5777660   15.41%
  37374 17229    infeasible             26.9300       22.7800  5792579   15.41%
Elapsed time = 1374.35 sec. (1743217.74 ticks, tree = 69.31 MB, solutions = 5)
  37450 17254    infeasible             26.9300       22.7800  5806070   15.41%
  37542 17289       22.7800    51       26.9300       22.7800  5820953   15.41%
  37605 17308       22.8620    50       26.9300       22.7800  5833088   15.41%
  37689 17349       22.7800    66       26.9300       22.7800  5847612   15.41%
  37766 17372       22.7800    41       26.9300       22.7800  5862430   15.41%
  37834 17399       22.9845    71       26.9300       22.7800  5876527   15.41%
  37901 17423       25.9500    48       26.9300       22.7800  5891083   15.41%
  37977 17467       24.8011    57       26.9300       22.7800  5905179   15.41%
  38033 17501       23.6491    63       26.9300       22.7800  5920225   15.41%
  38076 17527       23.2348    56       26.9300       22.7800  5927468   15.41%
Elapsed time = 1406.46 sec. (1781832.90 ticks, tree = 70.05 MB, solutions = 5)
  38164 17597       26.1927    47       26.9300       22.7800  5942289   15.41%
  38261 17628       22.7800    52       26.9300       22.7800  5959514   15.41%
  38326 17650       22.8545    69       26.9300       22.7800  5975966   15.41%
  38422 17706       22.7800    60       26.9300       22.7800  5991824   15.41%
  38518 17741       23.3131    59       26.9300       22.7800  6008131   15.41%
  38608 17801       23.4000    43       26.9300       22.7800  6022397   15.41%
  38729 17870       24.4648    33       26.9300       22.7800  6039662   15.41%
  38736 17869       22.7800    47       26.9300       22.7800  6040372   15.41%
  38819 17914       23.4840    50       26.9300       22.7800  6056790   15.41%
  38885 17944       22.7939    68       26.9300       22.7800  6070281   15.41%
Elapsed time = 1440.22 sec. (1822474.23 ticks, tree = 70.72 MB, solutions = 5)
  38964 17975    infeasible             26.9300       22.7800  6084711   15.41%
  39028 18003        cutoff             26.9300       22.7800  6098160   15.41%
  39086 18036       24.5600    55       26.9300       22.7800  6110074   15.41%
  39163 18083       22.7800    63       26.9300       22.7800  6122540   15.41%
  39232 18134       24.8300    51       26.9300       22.7800  6135757   15.41%
  39289 18165       24.8481    56       26.9300       22.7800  6149448   15.41%
  39343 18182       22.7800    48       26.9300       22.7800  6162138   15.41%
  39423 18223    infeasible             26.9300       22.7800  6176735   15.41%
  39480 18245       23.4000    55       26.9300       22.7800  6187059   15.41%
  39537 18273       26.3900    51       26.9300       22.7800  6199779   15.41%
Elapsed time = 1471.28 sec. (1861111.38 ticks, tree = 71.63 MB, solutions = 5)
  39593 18299       22.7800    46       26.9300       22.7800  6212362   15.41%
  39672 18340       22.7800    46       26.9300       22.7800  6226179   15.41%
  39745 18384       22.8224    83       26.9300       22.7800  6240331   15.41%
  39862 18463       23.4018    73       26.9300       22.7800  6256113   15.41%
  39963 18512       22.7800    42       26.9300       22.7800  6271897   15.41%
  40077 18600       23.4000    36       26.9300       22.7800  6288437   15.41%
  40179 18658       24.8318    26       26.9300       22.7800  6305777   15.41%
  40294 18732       23.5592    49       26.9300       22.7800  6321641   15.41%
  40393 18790       22.7800    62       26.9300       22.7800  6338092   15.41%
  40489 18835    infeasible             26.9300       22.7800  6354510   15.41%
Elapsed time = 1502.16 sec. (1899547.04 ticks, tree = 72.63 MB, solutions = 5)
  40565 18872       22.7800    53       26.9300       22.7800  6371074   15.41%
  40665 18919       23.4000    40       26.9300       22.7800  6387528   15.41%
  40770 18981       23.6014    64       26.9300       22.7800  6403925   15.41%
  40857 19019       23.6520    69       26.9300       22.7800  6420081   15.41%
  40940 19053       23.4000    43       26.9300       22.7800  6436081   15.41%
  41005 19074       23.4000    65       26.9300       22.7800  6449983   15.41%
  41072 19108       22.8408    49       26.9300       22.7800  6463904   15.41%
  41152 19131       23.8110    70       26.9300       22.7800  6479429   15.41%
  41225 19164       22.9106    55       26.9300       22.7800  6493545   15.41%
  41236 19166       23.0679    48       26.9300       22.7800  6495712   15.41%
Elapsed time = 1535.56 sec. (1941168.55 ticks, tree = 73.05 MB, solutions = 5)
  41313 19197       22.7936    76       26.9300       22.7800  6508629   15.41%
  41365 19223       23.4627    58       26.9300       22.7800  6520521   15.41%
  41456 19292       26.7626    51       26.9300       22.7800  6535146   15.41%
  41525 19326       23.9400    62       26.9300       22.7800  6546766   15.41%
  41605 19375       22.8650    44       26.9300       22.7800  6560670   15.41%
  41672 19411       25.1000    49       26.9300       22.7800  6573072   15.41%
  41758 19437       26.3606    48       26.9300       22.7800  6588297   15.41%
  41820 19457       26.8500    30       26.9300       22.7800  6602598   15.41%
  41898 19489       25.2228    51       26.9300       22.7800  6616298   15.41%
  41991 19519       22.7800    45       26.9300       22.7800  6630439   15.41%
Elapsed time = 1567.15 sec. (1979819.26 ticks, tree = 73.74 MB, solutions = 5)
  42053 19526       22.8302    48       26.9300       22.7800  6644420   15.41%
  42116 19553       26.0524    55       26.9300       22.7800  6658027   15.41%
  42187 19587       22.7800    40       26.9300       22.7800  6671853   15.41%
  42256 19628       23.9400    47       26.9300       22.7800  6686175   15.41%
  42354 19690       23.9400    56       26.9300       22.7800  6700791   15.41%
  42422 19726       22.7800    37       26.9300       22.7800  6714100   15.41%
  42519 19768       22.7800    47       26.9300       22.7800  6730404   15.41%
  42574 19795       22.7800    51       26.9300       22.7800  6744130   15.41%
  42653 19841       25.8100    42       26.9300       22.7800  6759699   15.41%
  42723 19870       22.7800    51       26.9300       22.7800  6772909   15.41%
Elapsed time = 1599.56 sec. (2018598.46 ticks, tree = 74.69 MB, solutions = 5)
  42796 19906       23.9400    46       26.9300       22.7800  6788259   15.41%
* 42842 17717      integral     0       26.1100       22.7800  6793682   12.75%
  42888 17743       25.8100    26       26.1100       22.7800  6803257   12.75%
  42942 17768       24.8300    50       26.1100       22.7800  6813957   12.75%
  43006 17792       22.8072    52       26.1100       22.7800  6827806   12.75%
  43074 17815       26.0200    29       26.1100       22.7800  6842798   12.75%
  43138 17839       22.7800    49       26.1100       22.7800  6856301   12.75%
  43211 17878       25.9800    32       26.1100       22.7800  6868466   12.75%
  43308 17932    infeasible             26.1100       22.7800  6885940   12.75%
  43420 17969       22.7800    49       26.1100       22.7800  6902456   12.75%
  43475 18001       24.7670    42       26.1100       22.7800  6914571   12.75%
Elapsed time = 1632.00 sec. (2058391.29 ticks, tree = 70.06 MB, solutions = 6)
  43574 18070       23.7489    44       26.1100       22.7800  6929251   12.75%
  43656 18118       25.9300    22       26.1100       22.7800  6944155   12.75%
  43736 18153       22.7800    52       26.1100       22.7800  6957743   12.75%
  43805 18163       22.7800    69       26.1100       22.7800  6970456   12.75%
  43889 18222       22.7800    53       26.1100       22.7800  6984100   12.75%
  43968 18244       22.9478    47       26.1100       22.7800  6998311   12.75%
  44022 18276       22.7856    49       26.1100       22.7800  7011702   12.75%
  44075 18301       25.8100    40       26.1100       22.7800  7025308   12.75%
  44150 18334       24.3800    46       26.1100       22.7800  7039515   12.75%
  44236 18386       22.7885    52       26.1100       22.7800  7053267   12.75%
Elapsed time = 1666.05 sec. (2101134.88 ticks, tree = 70.68 MB, solutions = 6)
  44313 18424    infeasible             26.1100       22.7800  7069576   12.75%
  44372 18451       24.5600    37       26.1100       22.7800  7084575   12.75%
  44438 18480       23.6700    44       26.1100       22.7800  7099090   12.75%
  44502 18499       22.7800    44       26.1100       22.7800  7114040   12.75%
  44592 18528       25.9800    22       26.1100       22.7800  7129311   12.75%
  44662 18563       23.9400    61       26.1100       22.7800  7141778   12.75%
  44706 18585       23.4000    56       26.1100       22.7800  7154532   12.75%
  44764 18613       25.2700    54       26.1100       22.7800  7166559   12.75%
  44835 18647       22.8046    54       26.1100       22.7800  7181613   12.75%
  44900 18664       22.8891    57       26.1100       22.7800  7196207   12.75%
Elapsed time = 1697.76 sec. (2139955.29 ticks, tree = 71.40 MB, solutions = 6)
  44982 18689       22.7807    52       26.1100       22.7800  7211374   12.75%
  45063 18710       25.6100    50       26.1100       22.7800  7225890   12.75%
  45128 18744       23.2812    54       26.1100       22.7800  7238338   12.75%
  45202 18794       24.2900    45       26.1100       22.7800  7252382   12.75%
  45278 18833       24.5816    52       26.1100       22.7800  7265824   12.75%
  45369 18888       22.9124    56       26.1100       22.7800  7281377   12.75%
  45454 18924       23.4380    60       26.1100       22.7800  7295653   12.75%
  45543 18957       25.8100    37       26.1100       22.7800  7310518   12.75%
  45615 19003       25.2900    47       26.1100       22.7800  7325187   12.75%
  45712 19052        cutoff             26.1100       22.7800  7339656   12.75%
Elapsed time = 1730.28 sec. (2178499.41 ticks, tree = 72.09 MB, solutions = 6)
  45790 19106       23.9400    32       26.1100       22.7800  7353774   12.75%
  45865 19161       23.7529    41       26.1100       22.7800  7369646   12.75%
  45936 19185       23.6400    41       26.1100       22.7800  7384736   12.75%
  45998 19209       22.7800    54       26.1100       22.7800  7397997   12.75%
  46080 19268       23.4645    61       26.1100       22.7800  7412067   12.75%
  46160 19321       24.5770    39       26.1100       22.7800  7426152   12.75%
  46236 19366       24.3761    64       26.1100       22.7800  7438254   12.75%
  46314 19405       23.5306    50       26.1100       22.7800  7452537   12.75%
  46394 19431       22.7800    48       26.1100       22.7800  7466064   12.75%
  46472 19459       23.4000    51       26.1100       22.7800  7481009   12.75%
Elapsed time = 1763.03 sec. (2219219.84 ticks, tree = 73.00 MB, solutions = 6)
  46540 19489       23.9447    46       26.1100       22.7800  7495785   12.75%
  46600 19510    infeasible             26.1100       22.7800  7508930   12.75%
  46654 19532       22.7800    70       26.1100       22.7800  7521609   12.75%
  46723 19576       22.8118    64       26.1100       22.7800  7534181   12.75%
  46780 19612       24.2900    46       26.1100       22.7800  7546500   12.75%
  46848 19648       24.8934    52       26.1100       22.7800  7561623   12.75%
  46892 19671       23.4000    47       26.1100       22.7800  7572924   12.75%
  46981 19724    infeasible             26.1100       22.7800  7587040   12.75%
  47087 19755       22.7800    49       26.1100       22.7800  7602081   12.75%
  47174 19790       23.2588    48       26.1100       22.7800  7618105   12.75%
Elapsed time = 1795.92 sec. (2257891.47 ticks, tree = 73.61 MB, solutions = 6)
  47284 19805    infeasible             26.1100       22.7800  7634564   12.75%
  47382 19834       22.7800    62       26.1100       22.7800  7651202   12.75%
  47501 19877       22.9871    46       26.1100       22.7800  7667780   12.75%
  47605 19948       24.3900    20       26.1100       22.7800  7683014   12.75%
  47712 19980       23.6773    66       26.1100       22.7800  7699892   12.75%
  47795 20019       25.0122    49       26.1100       22.7800  7715789   12.75%
  47885 20045       23.2869    56       26.1100       22.7800  7730938   12.75%
  48005 20084        cutoff             26.1100       22.7800  7748189   12.75%
  48097 20126       23.9400    60       26.1100       22.7800  7763930   12.75%
  48201 20135        cutoff             26.1100       22.7800  7781555   12.75%
Elapsed time = 1828.18 sec. (2296310.17 ticks, tree = 74.23 MB, solutions = 6)
  48293 20167       25.0013    30       26.1100       22.7800  7797491   12.75%
  48383 20204       22.7800    44       26.1100       22.7800  7812759   12.75%
  48473 20254       23.9400    38       26.1100       22.7800  7827169   12.75%
  48539 20287       22.7864    56       26.1100       22.7800  7840508   12.75%
  48598 20305       23.9416    36       26.1100       22.7800  7852921   12.75%
  48669 20325       24.6500    61       26.1100       22.7800  7866261   12.75%
  48732 20353       23.4000    58       26.1100       22.7800  7878433   12.75%
  48811 20394       23.4441    58       26.1100       22.7800  7890609   12.75%
  48943 20438       23.4000    38       26.1100       22.7800  7905836   12.75%
  49047 20472       24.2900    53       26.1100       22.7800  7919491   12.75%
Elapsed time = 1859.11 sec. (2334818.69 ticks, tree = 74.92 MB, solutions = 6)
  49130 20514       22.8000    53       26.1100       22.7800  7933214   12.75%
  49193 20539       23.3957    56       26.1100       22.7800  7946132   12.75%
  49241 20552       22.8944    68       26.1100       22.7800  7959252   12.75%
  49310 20566       24.8300    50       26.1100       22.7800  7973973   12.75%
  49391 20586       22.7800    47       26.1100       22.7800  7989084   12.75%
  49458 20608    infeasible             26.1100       22.7800  8004189   12.75%
  49545 20639       25.5088    36       26.1100       22.7800  8019930   12.75%
  49641 20659    infeasible             26.1100       22.7800  8036677   12.75%
  49731 20677       22.7800    44       26.1100       22.7800  8054147   12.75%
  49822 20714       22.7800    68       26.1100       22.7800  8068827   12.75%
Elapsed time = 1890.69 sec. (2373596.32 ticks, tree = 75.40 MB, solutions = 6)
  49872 20739       22.8507    54       26.1100       22.7800  8080515   12.75%
  49938 20779       22.7800    60       26.1100       22.7800  8093569   12.75%
  50034 20824       22.8845    53       26.1100       22.7800  8107468   12.75%
  50116 20873    infeasible             26.1100       22.7800  8120271   12.75%
  50183 20894    infeasible             26.1100       22.7800  8134901   12.75%
  50248 20939       24.8608    35       26.1100       22.7800  8149772   12.75%
  50325 20974       22.7800    58       26.1100       22.7800  8164120   12.75%
  50401 21000       23.4000    41       26.1100       22.7800  8179502   12.75%
  50534 21075       22.7800    57       26.1100       22.7800  8196304   12.75%
  50641 21142       22.8380    52       26.1100       22.7800  8212894   12.75%
Elapsed time = 1921.87 sec. (2412281.09 ticks, tree = 76.28 MB, solutions = 6)
  50755 21198       25.6500    15       26.1100       22.7800  8230401   12.75%
  50872 21267       23.0200    29       26.1100       22.7800  8248440   12.75%
  50983 21335       23.9400    38       26.1100       22.7800  8266086   12.75%
  51097 21415       23.9413    31       26.1100       22.7800  8282679   12.75%
  51187 21472       25.6500    22       26.1100       22.7800  8295664   12.75%
  51297 21542       24.5600    38       26.1100       22.7800  8310875   12.75%
  51413 21612       23.9400    29       26.1100       22.7800  8327427   12.75%
  51519 21659       24.5600    35       26.1100       22.7800  8342647   12.75%
  51625 21721       22.8789    50       26.1100       22.7800  8359149   12.75%
  51691 21761       25.2700    39       26.1100       22.7800  8371249   12.75%
Elapsed time = 1951.73 sec. (2450630.92 ticks, tree = 77.19 MB, solutions = 6)
  51760 21796       24.3977    60       26.1100       22.7800  8385000   12.75%
  51871 21849        cutoff             26.1100       22.7800  8399735   12.75%
  51931 21880       24.3900    46       26.1100       22.7800  8411368   12.75%
  51974 21897       25.4500    54       26.1100       22.7800  8423677   12.75%
  52047 21922    infeasible             26.1100       22.7800  8437029   12.75%
  52140 21939    infeasible             26.1100       22.7800  8451410   12.75%
  52215 21969       22.7800    51       26.1100       22.7800  8466051   12.75%
  52315 22007       23.5560    55       26.1100       22.7800  8481272   12.75%
  52414 22072       23.9400    23       26.1100       22.7800  8496095   12.75%
  52498 22127       23.9400    31       26.1100       22.7800  8510063   12.75%
Elapsed time = 1983.98 sec. (2489216.04 ticks, tree = 77.72 MB, solutions = 6)
  52583 22168       22.7800    71       26.1100       22.7800  8525095   12.75%
  52660 22217       23.9400    51       26.1100       22.7800  8540131   12.75%
  52746 22248       22.7800    57       26.1100       22.7800  8555528   12.75%
  52825 22270       22.7800    72       26.1100       22.7800  8572135   12.75%
  52901 22308       23.3396    53       26.1100       22.7800  8586849   12.75%
  52984 22340       22.8721    74       26.1100       22.7800  8601806   12.75%
  53090 22333       22.7800    52       26.1100       22.7800  8618425   12.75%
  53156 22359       24.8300    51       26.1100       22.7800  8633589   12.75%
  53236 22399       22.7855    57       26.1100       22.7800  8649201   12.75%
  53303 22434       25.4500    55       26.1100       22.7800  8663009   12.75%
Elapsed time = 2015.39 sec. (2527864.68 ticks, tree = 78.44 MB, solutions = 6)
  53383 22472       22.7929    64       26.1100       22.7800  8677047   12.75%
  53458 22518       22.7839    63       26.1100       22.7800  8691102   12.75%
  53536 22539       22.7800    52       26.1100       22.7800  8705983   12.75%
  53615 22587       23.5300    56       26.1100       22.7800  8720528   12.75%
  53709 22644       22.7800    42       26.1100       22.7800  8736299   12.75%
  53803 22707       23.6746    51       26.1100       22.7800  8750545   12.75%
  53900 22762       24.8708    35       26.1100       22.7800  8764556   12.75%
  53962 22779       22.8287    51       26.1100       22.7800  8777620   12.75%
  54032 22805       23.7715    73       26.1100       22.7800  8790780   12.75%
  54115 22861       22.8463    73       26.1100       22.7800  8803157   12.75%
Elapsed time = 2047.47 sec. (2566428.52 ticks, tree = 79.13 MB, solutions = 6)
  54179 22894       23.6700    63       26.1100       22.7800  8818183   12.75%
  54217 22922       25.7500    53       26.1100       22.7800  8829262   12.75%
  54281 22946       22.8729    64       26.1100       22.7800  8843598   12.75%
  54375 22979       23.9400    42       26.1100       22.7800  8857560   12.75%
  54434 23011       22.7970    56       26.1100       22.7800  8869814   12.75%
  54523 23060       23.2248    63       26.1100       22.7800  8884360   12.75%
  54593 23080       25.8100    37       26.1100       22.7800  8898597   12.75%
  54679 23130       23.9400    41       26.1100       22.7800  8912152   12.75%
  54774 23172       23.9255    64       26.1100       22.7800  8929702   12.75%
  54884 23229       22.7814    51       26.1100       22.7800  8946162   12.75%
Elapsed time = 2079.09 sec. (2605515.88 ticks, tree = 80.31 MB, solutions = 6)
  55007 23285       23.9702    49       26.1100       22.7800  8964911   12.75%
  55107 23341    infeasible             26.1100       22.7800  8981788   12.75%
  55208 23371       23.9400    42       26.1100       22.7800  8999252   12.75%
  55327 23418       22.7800    61       26.1100       22.7800  9015707   12.75%
  55403 23450       25.0910    52       26.1100       22.7800  9030810   12.75%
  55527 23514       24.5600    39       26.1100       22.7800  9048156   12.75%
  55621 23564       24.0242    46       26.1100       22.7800  9063777   12.75%
  55738 23609       22.8101    52       26.1100       22.7800  9080716   12.75%
  55847 23669       22.9789    48       26.1100       22.7800  9098314   12.75%
  55955 23716        cutoff             26.1100       22.7800  9116468   12.75%
Elapsed time = 2109.80 sec. (2644284.47 ticks, tree = 81.02 MB, solutions = 6)
  56033 23756       22.8620    48       26.1100       22.7800  9132850   12.75%
  56131 23797       23.9766    40       26.1100       22.7800  9149541   12.75%
  56235 23839       23.9400    57       26.1100       22.7800  9167510   12.75%
  56355 23899       22.8671    54       26.1100       22.7800  9184730   12.75%
  56449 23928       22.7800    44       26.1100       22.7800  9199649   12.75%
  56514 23949       22.8124    61       26.1100       22.7800  9212866   12.75%
  56605 24003       23.4981    57       26.1100       22.7800  9227489   12.75%
  56657 24031       22.9254    75       26.1100       22.7800  9239629   12.75%
  56744 24069    infeasible             26.1100       22.7800  9253769   12.75%
  56829 24100       23.0315    72       26.1100       22.7800  9268247   12.75%
Elapsed time = 2140.53 sec. (2682814.39 ticks, tree = 81.71 MB, solutions = 6)
  56910 24134       24.3900    32       26.1100       22.7800  9281771   12.75%
  56994 24188       24.5301    25       26.1100       22.7800  9294866   12.75%
  57071 24215       22.7800    43       26.1100       22.7800  9308900   12.75%
  57188 24248       23.1795    55       26.1100       22.7800  9324346   12.75%
  57252 24269       22.7871    50       26.1100       22.7800  9337975   12.75%
  57303 24282       24.0807    66       26.1100       22.7800  9352615   12.75%
  57352 24297       22.7800    60       26.1100       22.7800  9366431   12.75%
  57415 24323       25.1400    55       26.1100       22.7800  9378960   12.75%
  57503 24368       22.9301    69       26.1100       22.7800  9392276   12.75%
  57611 24419       22.8253    48       26.1100       22.7800  9408358   12.75%
Elapsed time = 2171.59 sec. (2721333.44 ticks, tree = 82.18 MB, solutions = 6)
  57722 24481       23.9400    40       26.1100       22.7800  9424771   12.75%
  57810 24531       25.7900    43       26.1100       22.7800  9441863   12.75%
  57890 24562    infeasible             26.1100       22.7800  9458362   12.75%
  57988 24623    infeasible             26.1100       22.7800  9474562   12.75%
  58097 24677       23.9400    42       26.1100       22.7800  9490393   12.75%
  58197 24729       23.6700    52       26.1100       22.7800  9506943   12.75%
  58285 24781       22.8075    62       26.1100       22.7800  9520770   12.75%
  58342 24805       23.4000    48       26.1100       22.7800  9533779   12.75%
  58413 24840       22.7800    51       26.1100       22.7800  9548455   12.75%
  58489 24874        cutoff             26.1100       22.7800  9563289   12.75%
Elapsed time = 2203.39 sec. (2759862.71 ticks, tree = 82.79 MB, solutions = 6)
  58582 24904       22.7965    56       26.1100       22.7800  9578163   12.75%
  58653 24930       23.6700    46       26.1100       22.7800  9591953   12.75%
  58713 24964       23.7106    64       26.1100       22.7800  9604199   12.75%
  58805 24996       22.7971    64       26.1100       22.7800  9619357   12.75%
  58857 25026       25.1207    53       26.1100       22.7800  9631474   12.75%
  58942 25064       24.6740    50       26.1100       22.7800  9645300   12.75%
  59005 25097       24.5600    49       26.1100       22.7800  9657207   12.75%
  59097 25154    infeasible             26.1100       22.7800  9671374   12.75%
  59147 25179       24.6500    59       26.1100       22.7800  9682069   12.75%
  59226 25221       25.7145    36       26.1100       22.7800  9696650   12.75%
Elapsed time = 2235.86 sec. (2798290.72 ticks, tree = 83.25 MB, solutions = 6)
  59293 25260       24.0771    54       26.1100       22.7800  9710434   12.75%
  59368 25295       22.7800    47       26.1100       22.7800  9726045   12.75%
  59453 25350       23.4306    50       26.1100       22.7800  9740745   12.75%
  59518 25387       25.6810    37       26.1100       22.7800  9753795   12.75%
  59585 25413       24.6500    72       26.1100       22.7800  9767998   12.75%
  59663 25444       22.7800    53       26.1100       22.7800  9782548   12.75%
  59754 25472       24.5600    53       26.1100       22.7800  9797980   12.75%
  59826 25518       23.9729    44       26.1100       22.7800  9812074   12.75%
  59916 25551       22.7857    62       26.1100       22.7800  9825813   12.75%
  59985 25587       22.8890    65       26.1100       22.7800  9839915   12.75%
Elapsed time = 2267.78 sec. (2837011.89 ticks, tree = 83.98 MB, solutions = 6)
  60061 25620       22.8507    53       26.1100       22.7800  9853545   12.75%
  60129 25641       22.7800    69       26.1100       22.7800  9866456   12.75%
  60191 25688       22.8621    67       26.1100       22.7800  9879169   12.75%
  60238 25713    infeasible             26.1100       22.7800  9892459   12.75%
  60310 25741       23.9400    60       26.1100       22.7800  9906289   12.75%
  60368 25784       23.9400    50       26.1100       22.7800  9919953   12.75%
  60445 25836       22.8136    69       26.1100       22.7800  9933208   12.75%
  60528 25898    infeasible             26.1100       22.7800  9946086   12.75%
  60597 25941       23.0261    58       26.1100       22.7800  9959430   12.75%
  60705 25966       22.7800    41       26.1100       22.7800  9976521   12.75%
Elapsed time = 2299.17 sec. (2875515.03 ticks, tree = 84.80 MB, solutions = 6)
  60799 26011    infeasible             26.1100       22.7800  9991672   12.75%
  60874 26028       22.7800    50       26.1100       22.7800 10006556   12.75%
  60920 26045       22.7800    56       26.1100       22.7800 10017785   12.75%
  61012 26101       25.3100    42       26.1100       22.7800 10033015   12.75%
  61098 26142       23.9400    46       26.1100       22.7800 10048371   12.75%
  61178 26174       22.8043    50       26.1100       22.7800 10063370   12.75%
  61266 26224       22.9457    65       26.1100       22.7800 10078374   12.75%
  61347 26264       24.2187    50       26.1100       22.7800 10094540   12.75%
  61425 26309       22.8118    64       26.1100       22.7800 10108530   12.75%
  61496 26352       22.8153    63       26.1100       22.7800 10123581   12.75%
Elapsed time = 2331.09 sec. (2914289.82 ticks, tree = 85.31 MB, solutions = 6)
  61572 26392       24.8247    43       26.1100       22.7800 10139102   12.75%
  61634 26429       22.7800    46       26.1100       22.7800 10150114   12.75%
  61719 26477    infeasible             26.1100       22.7800 10166191   12.75%
  61786 26505       22.8075    63       26.1100       22.7800 10180129   12.75%
  61878 26524        cutoff             26.1100       22.7800 10197030   12.75%
  61972 26573       25.8200    38       26.1100       22.7800 10212488   12.75%
  62054 26600       25.7200    27       26.1100       22.7800 10227420   12.75%
  62118 26618        cutoff             26.1100       22.7800 10239878   12.75%
  62183 26643       22.7800    52       26.1100       22.7800 10253819   12.75%
  62274 26669       23.2300    53       26.1100       22.7800 10268762   12.75%
Elapsed time = 2362.71 sec. (2952911.20 ticks, tree = 85.78 MB, solutions = 6)
  62370 26722       23.9400    57       26.1100       22.7800 10283248   12.75%
  62456 26767       24.6661    43       26.1100       22.7800 10297022   12.75%
  62539 26802       22.7800    60       26.1100       22.7800 10310898   12.75%
  62639 26843       22.7800    50       26.1100       22.7800 10325944   12.75%
  62711 26864       24.6500    79       26.1100       22.7800 10338538   12.75%
  62769 26902       26.0500    26       26.1100       22.7800 10350183   12.75%
  62864 26958       24.6900    41       26.1100       22.7800 10363904   12.75%
  62959 27000       23.4000    67       26.1100       22.7800 10377608   12.75%
  63045 27018       24.2900    60       26.1100       22.7800 10391745   12.75%
  63105 27054       24.0281    52       26.1100       22.7800 10405044   12.75%
Elapsed time = 2393.55 sec. (2991555.38 ticks, tree = 86.29 MB, solutions = 6)
  63189 27106    infeasible             26.1100       22.7800 10418728   12.75%
  63258 27144       23.9400    47       26.1100       22.7800 10431433   12.75%
  63329 27192    infeasible             26.1100       22.7800 10444566   12.75%
  63393 27231       25.8100    41       26.1100       22.7800 10456971   12.75%
  63455 27262    infeasible             26.1100       22.7800 10470332   12.75%
  63500 27285       22.7800    69       26.1100       22.7800 10483835   12.75%
  63572 27316       24.6576    38       26.1100       22.7800 10498094   12.75%
  63626 27335       23.9400    51       26.1100       22.7800 10510494   12.75%
  63692 27361       22.7800    56       26.1100       22.7800 10523834   12.75%
  63772 27382       22.7800    48       26.1100       22.7800 10537773   12.75%
Elapsed time = 2424.73 sec. (3030173.89 ticks, tree = 86.84 MB, solutions = 6)
  63840 27418       23.9457    49       26.1100       22.7800 10552092   12.75%
  63916 27458       22.7800    53       26.1100       22.7800 10567570   12.75%
  63990 27508       23.0025    51       26.1100       22.7800 10581972   12.75%
  64059 27540       22.7800    49       26.1100       22.7800 10596660   12.75%
  64149 27578       22.7800    51       26.1100       22.7800 10610226   12.75%
  64216 27609       23.6700    56       26.1100       22.7800 10624691   12.75%
  64290 27655       22.7800    51       26.1100       22.7800 10638641   12.75%
  64365 27707       25.8100    35       26.1100       22.7800 10653418   12.75%
  64449 27759       23.9400    58       26.1100       22.7800 10667740   12.75%
  64519 27801       24.0258    58       26.1100       22.7800 10682061   12.75%
Elapsed time = 2456.45 sec. (3068849.83 ticks, tree = 87.72 MB, solutions = 6)
  64625 27873       23.3419    66       26.1100       22.7800 10696517   12.75%
  64708 27891       22.7800    56       26.1100       22.7800 10711331   12.75%
  64802 27929       22.9265    62       26.1100       22.7800 10727951   12.75%
  64851 27941       25.3325    53       26.1100       22.7800 10741773   12.75%
  64929 27974       23.6700    39       26.1100       22.7800 10755682   12.75%
  65003 28011       23.9400    61       26.1100       22.7800 10770938   12.75%
  65074 28047       22.7800    57       26.1100       22.7800 10784703   12.75%
  65175 28098       22.7949    54       26.1100       22.7800 10799501   12.75%
  65242 28128       23.4055    64       26.1100       22.7800 10811796   12.75%
  65324 28171       22.8439    77       26.1100       22.7800 10826564   12.75%
Elapsed time = 2488.18 sec. (3107375.17 ticks, tree = 88.34 MB, solutions = 6)
  65394 28194       22.7800    54       26.1100       22.7800 10841098   12.75%
  65488 28230       23.9532    51       26.1100       22.7800 10856304   12.75%
  65561 28263       22.7846    46       26.1100       22.7800 10870396   12.75%
  65637 28295        cutoff             26.1100       22.7800 10884638   12.75%
  65717 28351       22.7800    44       26.1100       22.7800 10898581   12.75%
  65816 28407       22.8027    64       26.1100       22.7800 10910985   12.75%
  65923 28460       22.8614    45       26.1100       22.7800 10926092   12.75%
  66040 28516       23.4000    62       26.1100       22.7800 10940194   12.75%
  66146 28569       23.8427    58       26.1100       22.7800 10954343   12.75%
  66222 28601       22.8877    45       26.1100       22.7800 10968722   12.75%
Elapsed time = 2518.47 sec. (3145926.92 ticks, tree = 88.98 MB, solutions = 6)
  66289 28633    infeasible             26.1100       22.7800 10983552   12.75%
  66363 28676       23.9400    57       26.1100       22.7800 10996192   12.75%
  66466 28738       24.5624    35       26.1100       22.7800 11011686   12.75%
  66535 28769       23.0767    64       26.1100       22.7800 11024286   12.75%
  66619 28819       24.8300    50       26.1100       22.7800 11038521   12.75%
  66680 28846       23.0971    66       26.1100       22.7800 11052098   12.75%
  66741 28874       23.9400    52       26.1100       22.7800 11065949   12.75%
  66805 28903       23.4356    47       26.1100       22.7800 11079375   12.75%
  66874 28931       22.7800    57       26.1100       22.7800 11094113   12.75%
  66950 28964    infeasible             26.1100       22.7800 11108935   12.75%
Elapsed time = 2549.94 sec. (3184536.37 ticks, tree = 90.11 MB, solutions = 6)
  67052 29029    infeasible             26.1100       22.7800 11123314   12.75%
  67126 29071       24.4600    43       26.1100       22.7800 11137274   12.75%
  67202 29119       24.8300    51       26.1100       22.7800 11151429   12.75%
  67279 29169       22.7975    59       26.1100       22.7800 11165908   12.75%
  67352 29212       22.7800    45       26.1100       22.7800 11181265   12.75%
  67433 29239       22.7800    57       26.1100       22.7800 11194365   12.75%
  67505 29271       22.8814    65       26.1100       22.7800 11209583   12.75%
  67578 29292        cutoff             26.1100       22.7800 11224219   12.75%
  67655 29319       23.6766    59       26.1100       22.7800 11238567   12.75%
  67746 29348       22.7800    61       26.1100       22.7800 11253669   12.75%
Elapsed time = 2581.94 sec. (3223005.08 ticks, tree = 90.74 MB, solutions = 6)
  67835 29416       24.8300    45       26.1100       22.7800 11268474   12.75%
  67900 29449       24.3800    51       26.1100       22.7800 11283006   12.75%
  67954 29481    infeasible             26.1100       22.7800 11296099   12.75%
  68021 29502       23.4000    57       26.1100       22.7800 11310439   12.75%
  68116 29541       22.8118    65       26.1100       22.7800 11324600   12.75%
  68183 29566       23.4694    50       26.1100       22.7800 11337769   12.75%
  68256 29592       22.7800    49       26.1100       22.7800 11351008   12.75%
  68325 29627       25.2757    34       26.1100       22.7800 11366185   12.75%
  68402 29673       22.7800    60       26.1100       22.7800 11378941   12.75%
  68492 29715       25.4700    43       26.1100       22.7800 11395526   12.75%
Elapsed time = 2614.36 sec. (3261743.25 ticks, tree = 92.34 MB, solutions = 6)
  68573 29758    infeasible             26.1100       22.7800 11410124   12.75%
  68654 29794    infeasible             26.1100       22.7800 11422849   12.75%
  68755 29854       23.9400    74       26.1100       22.7800 11436936   12.75%
  68824 29903       24.0555    47       26.1100       22.7800 11451057   12.75%
  68892 29929       25.8100    49       26.1100       22.7800 11465472   12.75%
  68969 29962        cutoff             26.1100       22.7800 11479491   12.75%
  69029 29978       22.7800    55       26.1100       22.7800 11493071   12.75%
  69108 30012       22.7961    71       26.1100       22.7800 11507212   12.75%
  69164 30039       22.8220    65       26.1100       22.7800 11519112   12.75%
  69220 30061    infeasible             26.1100       22.7800 11532134   12.75%
Elapsed time = 2645.57 sec. (3300770.81 ticks, tree = 92.86 MB, solutions = 6)
  69291 30100    infeasible             26.1100       22.7800 11545148   12.75%
  69358 30135       22.7800    51       26.1100       22.7800 11558851   12.75%
  69421 30173       23.2884    54       26.1100       22.7800 11572592   12.75%
  69520 30230       22.7889    51       26.1100       22.7800 11585025   12.75%
  69599 30247       22.7800    61       26.1100       22.7800 11599443   12.75%
  69670 30255       24.6704    43       26.1100       22.7800 11613386   12.75%
  69735 30286    infeasible             26.1100       22.7800 11625848   12.75%
  69791 30316       24.6650    37       26.1100       22.7800 11639634   12.75%
  69890 30361       22.7800    54       26.1100       22.7800 11652731   12.75%
  69962 30399       25.1081    61       26.1100       22.7800 11666451   12.75%
Elapsed time = 2676.18 sec. (3339207.35 ticks, tree = 93.43 MB, solutions = 6)
  70065 30444       25.8740    33       26.1100       22.7800 11680636   12.75%
  70160 30487       25.6522    48       26.1100       22.7800 11695819   12.75%
  70259 30512       22.7800    60       26.1100       22.7800 11712671   12.75%
  70363 30569       22.7800    57       26.1100       22.7800 11727482   12.75%
  70449 30608       22.7800    57       26.1100       22.7800 11741393   12.75%
  70508 30638       23.2032    58       26.1100       22.7800 11755698   12.75%
  70578 30657       22.8552    55       26.1100       22.7800 11770474   12.75%
  70664 30680       22.8233    59       26.1100       22.7800 11785437   12.75%
  70744 30709       22.7800    64       26.1100       22.7800 11801047   12.75%
  70810 30749       23.9400    45       26.1100       22.7800 11814175   12.75%
Elapsed time = 2707.59 sec. (3377776.66 ticks, tree = 94.41 MB, solutions = 6)
  70908 30808       23.9400    48       26.1100       22.7800 11829019   12.75%
  71004 30863        cutoff             26.1100       22.7800 11843725   12.75%
  71093 30919       22.7933    76       26.1100       22.7800 11858909   12.75%
  71188 30975       24.6042    47       26.1100       22.7800 11872480   12.75%
  71268 31012       24.8341    40       26.1100       22.7800 11887583   12.75%
  71342 31052       23.9604    43       26.1100       22.7800 11902973   12.75%
  71417 31086       24.6500    53       26.1100       22.7800 11918355   12.75%
  71493 31127       24.6500    55       26.1100       22.7800 11933034   12.75%
  71551 31149       23.4779    46       26.1100       22.7800 11947032   12.75%
  71635 31195       23.0025    55       26.1100       22.7800 11961064   12.75%
Elapsed time = 2739.12 sec. (3416292.42 ticks, tree = 95.79 MB, solutions = 6)
  71726 31231       22.7800    56       26.1100       22.7800 11975608   12.75%
  71803 31278    infeasible             26.1100       22.7800 11989730   12.75%
  71896 31339       24.3900    37       26.1100       22.7800 12004654   12.75%
  71983 31374       22.8620    53       26.1100       22.7800 12019033   12.75%
  72067 31412       22.8687    72       26.1100       22.7800 12033449   12.75%
  72136 31444       23.9400    45       26.1100       22.7800 12046579   12.75%
  72186 31478       22.8484    51       26.1100       22.7800 12059399   12.75%
  72266 31517       23.6700    63       26.1100       22.7800 12072967   12.75%
  72330 31563       23.9400    51       26.1100       22.7800 12085179   12.75%
  72398 31605       22.8599    71       26.1100       22.7800 12098223   12.75%
Elapsed time = 2769.64 sec. (3455079.75 ticks, tree = 96.54 MB, solutions = 6)
  72453 31640       23.4000    52       26.1100       22.7800 12111848   12.75%
  72534 31676        cutoff             26.1100       22.7800 12126068   12.75%
  72609 31711       22.7800    52       26.1100       22.7800 12139634   12.75%
  72713 31787    infeasible             26.1100       22.7800 12153244   12.75%
  72811 31841       22.7800    63       26.1100       22.7800 12168697   12.75%
  72889 31871       22.7800    71       26.1100       22.7800 12181965   12.75%
  72966 31907       22.7800    55       26.1100       22.7800 12194654   12.75%
  73027 31929       23.6700    71       26.1100       22.7800 12207527   12.75%
  73087 31968       23.4000    75       26.1100       22.7800 12218204   12.75%
  73162 32012       25.4700    39       26.1100       22.7800 12231016   12.75%
Elapsed time = 2799.92 sec. (3493650.54 ticks, tree = 97.83 MB, solutions = 6)
  73248 32060       24.8300    46       26.1100       22.7800 12247148   12.75%
  73327 32091       22.7800    67       26.1100       22.7800 12262600   12.75%
  73414 32130       22.7822    70       26.1100       22.7800 12275698   12.75%
  73495 32177       23.9400    54       26.1100       22.7800 12290141   12.75%
  73606 32250       22.7800    56       26.1100       22.7800 12304762   12.75%
  73681 32302       24.0412    53       26.1100       22.7800 12315860   12.75%
  73736 32333       22.7906    62       26.1100       22.7800 12327163   12.75%
  73812 32380       22.7800    50       26.1100       22.7800 12341076   12.75%
  73923 32405    infeasible             26.1100       22.7800 12357855   12.75%
  74036 32473       25.8715    19       26.1100       22.7800 12372754   12.75%
Elapsed time = 2833.13 sec. (3535519.05 ticks, tree = 98.65 MB, solutions = 6)
  74153 32548       23.8467    43       26.1100       22.7800 12387765   12.75%
  74269 32627       22.7800    46       26.1100       22.7800 12403750   12.75%
  74359 32676       23.9400    35       26.1100       22.7800 12417567   12.75%
  74436 32728       23.9400    38       26.1100       22.7800 12427959   12.75%
  74536 32787       22.8045    46       26.1100       22.7800 12443879   12.75%
  74636 32855       25.2500    27       26.1100       22.7800 12456968   12.75%
  74724 32913        cutoff             26.1100       22.7800 12472567   12.75%
  74786 32952       24.3900    28       26.1100       22.7800 12483782   12.75%
  74836 32972       22.8141    65       26.1100       22.7800 12492625   12.75%
  74922 33041       25.2400    23       26.1100       22.7800 12507308   12.75%
Elapsed time = 2872.53 sec. (3585780.19 ticks, tree = 100.89 MB, solutions = 6)
  75036 33113       23.6490    48       26.1100       22.7800 12521160   12.75%
  75105 33147       24.6500    45       26.1100       22.7800 12535731   12.75%
  75168 33170       23.6700    43       26.1100       22.7800 12549130   12.75%
  75244 33193       22.7800    61       26.1100       22.7800 12563366   12.75%
  75309 33220       22.7800    66       26.1100       22.7800 12577938   12.75%
  75336 33238       24.5954    61       26.1100       22.7800 12583751   12.75%
  75412 33274       22.7800    50       26.1100       22.7800 12597122   12.75%
  75481 33299       22.7868    64       26.1100       22.7800 12611927   12.75%
  75533 33323       24.8364    55       26.1100       22.7800 12623748   12.75%
  75537 33323       22.7800    56       26.1100       22.7800 12624230   12.75%
Elapsed time = 2907.57 sec. (3630142.60 ticks, tree = 101.31 MB, solutions = 6)
  75599 33357       22.9332    54       26.1100       22.7800 12637475   12.75%
  75673 33380       22.9283    62       26.1100       22.7800 12651394   12.75%
  75736 33414       22.7800    54       26.1100       22.7800 12662106   12.75%
  75822 33431       24.6500    53       26.1100       22.7800 12676047   12.75%
  75836 33443       25.5043    54       26.1100       22.7800 12678855   12.75%
  75904 33469       24.8300    50       26.1100       22.7800 12691353   12.75%
  75949 33483    infeasible             26.1100       22.7800 12704027   12.75%
  76011 33523       24.6698    61       26.1100       22.7800 12717032   12.75%
  76066 33536       22.7800    49       26.1100       22.7800 12724953   12.75%
  76270 33614       22.7800    47       26.1100       22.7800 12761256   12.75%
Elapsed time = 2951.78 sec. (3687405.00 ticks, tree = 103.01 MB, solutions = 6)
  76602 33765    infeasible             26.1100       22.7800 12823028   12.75%
  76973 33882        cutoff             26.1100       22.7800 12885909   12.75%
  77291 33959       22.8556    66       26.1100       22.7800 12948668   12.75%
  77599 34088       22.8027    57       26.1100       22.7800 13002204   12.75%
  78013 34307       25.4300    41       26.1100       22.7800 13059809   12.75%
  78353 34474       22.8164    63       26.1100       22.7800 13118545   12.75%
  78666 34601       25.1089    55       26.1100       22.7800 13173240   12.75%
  79030 34846       23.6219    64       26.1100       22.7800 13225804   12.75%
  79348 34992       23.9400    52       26.1100       22.7800 13280437   12.75%
  79622 35125    infeasible             26.1100       22.7800 13334337   12.75%
Elapsed time = 3074.98 sec. (3840693.48 ticks, tree = 105.43 MB, solutions = 6)
  79887 35252       25.3440    62       26.1100       22.7800 13383346   12.75%
  80155 35394       25.9500    28       26.1100       22.7800 13438136   12.75%
  80462 35576       23.1667    55       26.1100       22.7800 13496920   12.75%
  80794 35781       22.8644    48       26.1100       22.7800 13548063   12.75%
  81027 35899        cutoff             26.1100       22.7800 13567723   12.75%
  81459 36000       23.6348    58       26.1100       22.7800 13599655   12.75%
  81958 36277       22.7800    45       26.1100       22.7800 13635029   12.75%
  82473 36577       23.9482    46       26.1100       22.7800 13670203   12.75%
  82940 36829       23.0015    59       26.1100       22.7800 13704273   12.75%
  83278 37022       25.2473    37       26.1100       22.7800 13734900   12.75%
Elapsed time = 3193.90 sec. (3993482.18 ticks, tree = 190.67 MB, solutions = 6)
  83436 37108       24.8597    51       26.1100       22.7800 13751317   12.75%
  83763 37319       22.8099    70       26.1100       22.7800 13779938   12.75%
  84036 37468       23.4186    58       26.1100       22.7800 13800443   12.75%
  84269 37600    infeasible             26.1100       22.7800 13817647   12.75%
  84626 37834       22.8671    66       26.1100       22.7800 13848218   12.75%
  85036 38047       22.7941    68       26.1100       22.7800 13880819   12.75%
  85336 38202       24.8556    52       26.1100       22.7800 13910719   12.75%
  85690 38403       25.6800    23       26.1100       22.7800 13943715   12.75%
  86015 38572       22.7800    43       26.1100       22.7800 13969621   12.75%
  86238 38715       23.4000    56       26.1100       22.7800 13993721   12.75%
Elapsed time = 3316.53 sec. (4155650.98 ticks, tree = 302.19 MB, solutions = 6)
  86436 38839       24.4215    38       26.1100       22.7800 14015276   12.75%
  86695 38971       22.7800    50       26.1100       22.7800 14040039   12.75%
  87081 39183       23.9400    58       26.1100       22.7800 14073596   12.75%
  87401 39381       23.9400    58       26.1100       22.7800 14102963   12.75%
  87567 39460       22.7800    67       26.1100       22.7800 14119257   12.75%
  87810 39563       23.6700    64       26.1100       22.7800 14143974   12.75%
  88092 39722       23.9400    39       26.1100       22.7800 14169978   12.75%
  88357 39865       24.5608    31       26.1100       22.7800 14198971   12.75%
  88644 40010    infeasible             26.1100       22.7800 14229814   12.75%
  88874 40090       22.7800    40       26.1100       22.7800 14278869   12.75%
Elapsed time = 3438.12 sec. (4309813.53 ticks, tree = 388.90 MB, solutions = 6)
  89191 40275        cutoff             26.1100       22.7800 14336310   12.75%
  89436 40379       22.7800    69       26.1100       22.7800 14385033   12.75%
  89654 40494       22.7800    66       26.1100       22.7800 14425847   12.75%
  89836 40596       23.4000    44       26.1100       22.7800 14464766   12.75%
  90134 40735       22.7800    65       26.1100       22.7800 14513582   12.75%
  90378 40841       22.8122    64       26.1100       22.7800 14564235   12.75%
  90636 41028       22.8239    68       26.1100       22.7800 14600251   12.75%
  90936 41213       23.0700    60       26.1100       22.7800 14644339   12.75%
  91160 41346       22.7800    52       26.1100       22.7800 14675882   12.75%
  91435 41480       25.3100    13       26.1100       22.7800 14725560   12.75%
Elapsed time = 3565.54 sec. (4472588.34 ticks, tree = 397.26 MB, solutions = 6)
  91636 41579       22.7800    58       26.1100       22.7800 14760217   12.75%
  91836 41722       23.9400    56       26.1100       22.7800 14794474   12.75%

GUB cover cuts applied:  67
Clique cuts applied:  237
Cover cuts applied:  590
Implied bound cuts applied:  20
Flow cuts applied:  112
Mixed integer rounding cuts applied:  442
Zero-half cuts applied:  13
Gomory fractional cuts applied:  18

Root node processing (before b&c):
  Real time             =    3.14 sec. (3920.64 ticks)
Sequential b&c:
  Real time             = 3596.86 sec. (4512201.98 ticks)
                          ------------
Total (root+branch&cut) = 3600.00 sec. (4516122.62 ticks)
