Version identifier: 22.1.0.0 | 2022-03-09 | 1a383f8ce
CPXPARAM_Read_DataCheck                          1
CPXPARAM_Threads                                 1
CPXPARAM_TimeLimit                               3600
Tried aggregator 2 times.
MIP Presolve eliminated 15695 rows and 3852 columns.
MIP Presolve modified 101378 coefficients.
Aggregator did 926 substitutions.
Reduced MIP has 21390 rows, 2122 columns, and 166433 nonzeros.
Reduced MIP has 1742 binaries, 0 generals, 0 SOSs, and 0 indicators.
Presolve time = 0.33 sec. (321.83 ticks)
Probing fixed 0 vars, tightened 2 bounds.
Probing time = 0.03 sec. (23.54 ticks)
Tried aggregator 1 time.
Detecting symmetries...
MIP Presolve eliminated 1 rows and 0 columns.
MIP Presolve modified 135 coefficients.
Reduced MIP has 21389 rows, 2122 columns, and 166430 nonzeros.
Reduced MIP has 1742 binaries, 0 generals, 0 SOSs, and 0 indicators.
Presolve time = 0.10 sec. (71.73 ticks)
Probing fixed 1 vars, tightened 0 bounds.
Probing time = 0.04 sec. (39.28 ticks)
Clique table members: 11344.
MIP emphasis: balance optimality and feasibility.
MIP search method: dynamic search.
Parallel mode: none, using 1 thread.
Root relaxation solution time = 0.08 sec. (110.60 ticks)

        Nodes                                         Cuts/
   Node  Left     Objective  IInf  Best Integer    Best Bound    ItCnt     Gap

      0     0       33.0200   233                     33.0200      559         
      0     0       33.0200   115                   Cuts: 267      776         
      0     0       33.0200   123                  Cuts: 1743     1102         
      0     0       33.0200    93                    Cuts: 36     1322         
      0     0       33.0200   122                  Cuts: 1538     1673         
Detecting symmetries...
      0     2       33.0200    76                     33.0200     1673         
Elapsed time = 12.63 sec. (15232.27 ticks, tree = 0.01 MB, solutions = 0)
      2     4       33.0200   103                     33.0200     2369         
      7     9       33.8100   111                     33.0200     2880         
     12    14       33.0200   104                     33.0200     3471         
     18    20       33.0200   109                     33.0200     4213         
     27    29       33.9300   105                     33.0200     4890         
     36    38       33.4500   121                     33.0200     5747         
     44    44       33.0200    98                     33.0200     6299         
     48    48       33.0200   106                     33.0200     6948         
     64    58       33.0200   101                     33.0200     7658         
     90    75       33.0200    78                     33.0200    10295         
Elapsed time = 15.18 sec. (19291.92 ticks, tree = 1.43 MB, solutions = 0)
    117    98       33.0200    68                     33.0200    12992         
    148   119       33.0200    61                     33.0200    15231         
    160   129       33.0200    58                     33.0200    16291         
    180   139       35.6062    56                     33.0200    18975         
    186   139       36.3689    60                     33.0200    20963         
    210   151       35.9990    81                     33.0200    23750         
    234   165       36.4000    50                     33.0200    26775         
    250   179       35.5204    45                     33.0200    28407         
    281   207       35.5502    36                     33.0200    31043         
    331   242       36.1920    22                     33.0200    32692         
Elapsed time = 22.00 sec. (29327.67 ticks, tree = 2.85 MB, solutions = 0)
    376   254       33.1535    61                     33.0200    35551         
    390   256       35.2235    65                     33.0200    37393         
    414   273       37.7900    40                     33.0200    40092         
    429   282       38.8405    15                     33.0200    42629         
    450   291       35.5204    48                     33.0200    44456         
    474   299       35.5204    37                     33.0200    47303         
    496   310       36.0483    22                     33.0200    49903         
    536   327       33.0200    59                     33.0200    51632         
    562   335    infeasible                           33.0200    54646         
    567   340       34.7000    55                     33.0200    56076         
Elapsed time = 29.41 sec. (39497.51 ticks, tree = 3.20 MB, solutions = 0)
    585   354       35.5000    33                     33.0200    59356         
    616   378       35.6670    23                     33.0200    62146         
    622   374    infeasible                           33.0200    64604         
    627   377       34.3600    45                     33.0200    66140         
    650   392       34.3600    37                     33.0200    68284         
    670   399       34.7000    50                     33.0200    70458         
    699   420       35.4948    52                     33.0200    73054         
    709   422       33.0200    68                     33.0200    75600         
    720   433       33.0200    69                     33.0200    77586         
    736   449       33.0200    51                     33.0200    80358         
Elapsed time = 37.37 sec. (50308.17 ticks, tree = 3.59 MB, solutions = 0)
    753   460       33.1320    62                     33.0200    83613         
    773   470       36.7700    32                     33.0200    86053         
    790   479       33.6090    38                     33.0200    88858         
    818   500       33.2300    35                     33.0200    91322         
    839   513       36.9800    30                     33.0200    94528         
    853   519       33.0200    55                     33.0200    97069         
    871   535       37.8031    33                     33.0200   100204         
    884   542       33.0200    44                     33.0200   101981         
    901   553       35.7200    40                     33.0200   105305         
    913   562       36.4160    34                     33.0200   108188         
Elapsed time = 44.48 sec. (60733.82 ticks, tree = 4.34 MB, solutions = 0)
    928   572       36.3800    39                     33.0200   111572         
    963   597       36.1500    29                     33.0200   114028         
    982   611       34.6600    27                     33.0200   116333         
    995   622       37.0500    36                     33.0200   119181         
   1004   628       36.7705    17                     33.0200   121654         

Performing restart 1

Repeating presolve.
Tried aggregator 1 time.
MIP Presolve eliminated 10 rows and 5 columns.
Reduced MIP has 21379 rows, 2117 columns, and 166109 nonzeros.
Reduced MIP has 1737 binaries, 0 generals, 0 SOSs, and 0 indicators.
Presolve time = 0.06 sec. (56.33 ticks)
Tried aggregator 1 time.
Reduced MIP has 21379 rows, 2117 columns, and 166109 nonzeros.
Reduced MIP has 1737 binaries, 0 generals, 0 SOSs, and 0 indicators.
Presolve time = 0.09 sec. (71.59 ticks)
Represolve time = 0.31 sec. (263.64 ticks)
   1020     0       33.0200    80                   Cuts: 444   123742         
   1020     0       33.0200   123                  Cuts: 1648   124033         
   1020     0       33.0200    95                   Cuts: 201   124187         
   1020     0       33.0200   129                  Cuts: 1834   124528         
   1020     0       33.0200   119                   Cuts: 124   124788         
   1020     0       33.0200   141                  Cuts: 1527   125092         
   1020     0       33.0200    97                    Cuts: 65   125366         
   1020     0       33.0200   107                  Cuts: 1769   125689         
   1020     2       33.0200    69                     33.0200   125689         
   1023     4       33.0200    82                     33.0200   125853         
   1027     8       33.0200    76                     33.0200   126036         
   1030    11       33.0200    82                     33.0200   126240         
   1035    16       33.0200    84                     33.0200   126407         
Elapsed time = 62.30 sec. (84505.55 ticks, tree = 0.54 MB, solutions = 0)
   1040    21       33.0200    79                     33.0200   126646         
   1044    25       33.0200    76                     33.0200   127061         
   1050    31       33.0200    73                     33.0200   127434         
   1060    41       33.0200    74                     33.0200   127899         
   1067    48       33.0200    79                     33.0200   128478         
   1081    61       33.0200    69                     33.0200   129253         
   1091    68       35.0900    73                     33.0200   130315         
   1100    74       33.0200    67                     33.0200   131143         
   1111    84       35.5500    68                     33.0200   132207         
   1120    91       36.7600    61                     33.0200   133455         
Elapsed time = 71.18 sec. (99973.13 ticks, tree = 0.80 MB, solutions = 0)
   1136    98       36.7600    53                     33.0200   134348         
   1141   102       37.8100    54                     33.0200   135051         
   1149   110       36.7600    54                     33.0200   136491         
   1155   112       36.7600    56                     33.0200   137937         
   1165   119       38.5800    50                     33.0200   139477         
   1179   122       33.0200    63                     33.0200   141385         
   1196   136       37.3800    59                     33.0200   143110         
   1207   145       37.3800    57                     33.0200   144258         
   1218   152       33.2690    64                     33.0200   146191         
   1221   153       33.5675    64                     33.0200   147245         
Elapsed time = 77.91 sec. (110862.32 ticks, tree = 1.67 MB, solutions = 0)
   1226   158       34.8700    58                     33.0200   148057         
   1231   162       36.1900    52                     33.0200   148917         
   1247   176       35.3100    48                     33.0200   150236         
   1253   180       35.3100    45                     33.0200   151318         
   1258   181       33.1796    68                     33.0200   152323         
   1263   184       35.0918    69                     33.0200   152966         
   1277   197       36.7700    63                     33.0200   154753         
   1289   207       38.0000    42                     33.0200   156539         
   1298   213       38.4300    36                     33.0200   158092         
   1306   215       35.1514    75                     33.0200   159679         
Elapsed time = 86.33 sec. (121935.23 ticks, tree = 3.51 MB, solutions = 0)
   1319   222    infeasible                           33.0200   161876         
   1335   233       36.9400    43                     33.0200   162935         
   1345   234    infeasible                           33.0200   165051         
   1347   235       34.8571    73                     33.0200   166136         
   1360   243       37.6201    75                     33.0200   167419         
   1366   245       39.3180    65                     33.0200   168218         
   1380   259       41.1100    57                     33.0200   169973         
   1387   260       33.0200    66                     33.0200   171906         
   1400   266       33.0200    57                     33.0200   173347         
   1443   286       33.0200    59                     33.0200   178948         
Elapsed time = 96.81 sec. (136346.27 ticks, tree = 4.74 MB, solutions = 0)
   1487   310       33.0200    83                     33.0200   184213         
   1521   327       33.0200    77                     33.0200   189103         
   1556   347       33.0991    76                     33.0200   194804         
   1609   390       35.1200    92                     33.0200   200314         
   1647   418       33.0200    72                     33.0200   205417         
   1688   458       33.2200    68                     33.0200   208847         
   1753   519       36.5200    54                     33.0200   213605         
   1803   559       34.9211    64                     33.0200   219907         
   1870   608       33.0200    58                     33.0200   227277         
   1908   636       36.8900    63                     33.0200   234046         
Elapsed time = 124.93 sec. (175978.81 ticks, tree = 5.95 MB, solutions = 0)
   1952   664       33.6730    79                     33.0200   241667         
   1999   699       36.8900    56                     33.0200   249613         

Performing restart 2

Repeating presolve.
Tried aggregator 1 time.
Reduced MIP has 21379 rows, 2117 columns, and 168688 nonzeros.
Reduced MIP has 1737 binaries, 0 generals, 0 SOSs, and 0 indicators.
Presolve time = 0.06 sec. (56.28 ticks)
Tried aggregator 1 time.
Reduced MIP has 21379 rows, 2117 columns, and 168688 nonzeros.
Reduced MIP has 1737 binaries, 0 generals, 0 SOSs, and 0 indicators.
Presolve time = 0.10 sec. (72.75 ticks)
Represolve time = 0.34 sec. (280.17 ticks)
   2040     0       33.0200    62                   Cuts: 233   255111         
   2040     0       33.0200   123                  Cuts: 1409   255540         
   2040     0       33.0200    85                   Cuts: 118   255768         
   2040     0       33.0200   133                  Cuts: 1610   256190         
   2040     0       33.0200    81                    Cuts: 88   256392         
   2040     0       33.0200   106                  Cuts: 1308   256737         
   2040     0       33.0200    73                   Cuts: 131   256887         
   2040     0       33.0200    98                  Cuts: 1256   257143         
   2040     0       33.0200   100                    Cuts: 98   257389         
   2040     0       33.0200    97                   Cuts: 128   257701         
   2040     2       33.0200    66                     33.0200   257701         
   2050    12       33.0200    75                     33.0200   258521         
   2067    28       34.8700    73                     33.0200   259849         
   2081    42       34.8700    72                     33.0200   261313         
   2095    55       35.9300    70                     33.0200   262928         
   2110    66       35.3100    67                     33.0200   264917         
   2126    81       33.0500    64                     33.0200   266239         
   2148    97       37.3800    76                     33.0200   268432         
Elapsed time = 191.81 sec. (271937.94 ticks, tree = 1.64 MB, solutions = 0)
   2172   115       33.0200    74                     33.0200   270651         
   2200   141       33.9000    62                     33.0200   272841         
   2221   158       35.9900    60                     33.0200   275616         
   2247   170       34.8700    78                     33.0200   280235         
   2270   190       36.6200    73                     33.0200   282354         
   2295   211       33.0500    66                     33.0200   285701         
   2320   231       33.0200    75                     33.0200   287907         
   2342   248       34.7000    76                     33.0200   290766         
   2368   268       33.0200    61                     33.0200   293969         
   2403   289       35.1200    82                     33.0200   298449         
Elapsed time = 216.61 sec. (311232.56 ticks, tree = 4.59 MB, solutions = 0)
   2421   295       35.0897    90                     33.0200   302444         
   2450   315       35.6900    68                     33.0200   306009         
   2483   331       33.0500    91                     33.0200   310254         
   2499   337       33.0200    88                     33.0200   313094         
   2522   357       35.0700    80                     33.0200   315837         
   2543   369       33.0200    78                     33.0200   319595         
   2564   381       34.8700    75                     33.0200   323418         
   2582   392       34.7000    89                     33.0200   326420         
   2600   410       34.7000    98                     33.0200   328626         
   2614   424       34.7000   105                     33.0200   330727         
Elapsed time = 242.97 sec. (352068.67 ticks, tree = 5.86 MB, solutions = 0)
   2637   444       35.1800    84                     33.0200   333968         
   2670   472       35.9900    62                     33.0200   338566         
   2688   487       34.8700    78                     33.0200   342488         
   2716   503       35.5100    72                     33.0200   347285         
   2742   524       36.8200    53                     33.0200   351954         
   2767   532       35.3024    77                     33.0200   357171         
   2821   572       35.3100    54                     33.0200   361410         
   2850   587       33.0200    80                     33.0200   365970         
   2881   607       34.8809    94                     33.0200   371887         
   2917   622       35.0900    74                     33.0200   377952         
Elapsed time = 269.17 sec. (391056.51 ticks, tree = 7.54 MB, solutions = 0)
   2933   631       33.0200    81                     33.0200   380494         
   2957   655       33.0500    84                     33.0200   382758         
   2975   665       35.8477    80                     33.0200   386797         
   3008   683       34.8700    80                     33.0200   391117         
   3054   719       34.7000    91                     33.0200   396839         
   3089   738       33.0500    80                     33.0200   402747         
   3129   759       34.8123    75                     33.0200   407528         
   3173   777       33.0500    71                     33.0200   414225         
   3201   802       34.9200    88                     33.0200   418381         
   3239   833       41.2400    50                     33.0200   422527         
Elapsed time = 295.78 sec. (429948.39 ticks, tree = 8.41 MB, solutions = 0)
   3265   850       38.0000    89                     33.0200   428164         
   3289   856       33.0200    95                     33.0200   433567         
   3303   870       33.0500   102                     33.0200   436685         
   3334   888       36.1969   104                     33.0200   441885         
   3355   904       37.1200    72                     33.0200   446899         
   3384   927       33.0200    82                     33.0200   451544         
   3407   947       36.1542    75                     33.0200   454941         
   3457   979       33.0200    72                     33.0200   460148         
   3494  1003       33.1900    65                     33.0200   465774         
   3521  1014       33.2971    94                     33.0200   472220         
Elapsed time = 322.75 sec. (469219.56 ticks, tree = 9.52 MB, solutions = 0)
   3549  1029       37.0300    71                     33.0200   476897         
   3578  1040    infeasible                           33.0200   483309         
   3640  1087       36.8329    54                     33.0200   490270         
   3667  1098       33.6664   103                     33.0200   496889         
   3691  1110       33.0200    82                     33.0200   502618         
   3718  1125    infeasible                           33.0200   508894         
   3765  1158       37.0900    61                     33.0200   515433         
   3799  1180       33.0200    79                     33.0200   521143         
   3821  1192       33.9015    85                     33.0200   526852         
   3846  1208       33.9792    89                     33.0200   533425         
Elapsed time = 349.99 sec. (508340.63 ticks, tree = 10.55 MB, solutions = 0)
   3884  1236       33.0200    79                     33.0200   538779         
   3913  1261       35.1200    87                     33.0200   543654         
   3931  1275       34.8760    83                     33.0200   549492         
   3969  1295       36.0828    90                     33.0200   556565         
   4005  1308       34.7000    85                     33.0200   563189         
   4029  1327       37.1509    76                     33.0200   567051         
   4072  1364       44.0112    36                     33.0200   571251         
   4110  1383       33.0200    95                     33.0200   576632         
   4144  1410       37.0300    95                     33.0200   581883         
   4188  1443       33.0200    71                     33.0200   588208         
Elapsed time = 377.55 sec. (546990.50 ticks, tree = 11.19 MB, solutions = 0)
   4226  1463       37.0900    70                     33.0200   596946         
   4273  1492       33.9239    74                     33.0200   604815         
   4339  1535       33.0200    75                     33.0200   613135         
   4388  1560       34.8960    76                     33.0200   621231         
   4422  1581       33.0592    73                     33.0200   628338         
   4470  1602       33.0200    94                     33.0200   636783         
   4494  1618       33.1900    77                     33.0200   643154         
   4521  1633       36.3499    73                     33.0200   648283         
   4550  1642       37.3226    77                     33.0200   654295         
   4589  1662       33.7100    75                     33.0200   660187         
Elapsed time = 406.29 sec. (586395.83 ticks, tree = 12.26 MB, solutions = 0)
   4641  1692       33.0200    81                     33.0200   667649         
   4672  1706       33.1900    76                     33.0200   672486         
   4709  1733       35.4643    81                     33.0200   679181         
   4745  1750       33.1900    78                     33.0200   686729         
   4769  1767       35.5817    78                     33.0200   691974         
   4818  1785       33.0200    71                     33.0200   699784         
   4861  1810       34.8015   107                     33.0200   706997         
   4897  1826       33.2308    81                     33.0200   713032         
   4944  1852       33.0200    94                     33.0200   719072         
   4975  1883       37.0560    70                     33.0200   723761         
Elapsed time = 434.27 sec. (625712.41 ticks, tree = 13.01 MB, solutions = 0)
   5024  1923       39.6795    71                     33.0200   729638         
   5050  1941       33.0750    78                     33.0200   736015         
   5081  1966       33.0200    87                     33.0200   741424         
   5104  1987       33.8100    68                     33.0200   746390         
   5153  2024       36.4000    42                     33.0200   751768         
   5172  2042       38.9500    33                     33.0200   756615         
   5191  2051       35.0561    78                     33.0200   761891         
   5227  2076       33.0200    84                     33.0200   766939         
   5262  2103       36.3890    77                     33.0200   773247         
   5313  2136       35.6246    72                     33.0200   779296         
Elapsed time = 462.66 sec. (665348.47 ticks, tree = 14.78 MB, solutions = 0)
   5356  2162       35.3500    61                     33.0200   786201         
   5395  2189       33.0541    88                     33.0200   792857         
   5440  2217       37.0300    78                     33.0200   799875         
   5495  2260       33.1900    88                     33.0200   806550         
   5542  2281       33.0200    70                     33.0200   814417         
   5584  2307       33.0200    79                     33.0200   821040         
   5624  2335       33.4583    71                     33.0200   827742         
   5663  2356       33.4699    94                     33.0200   834346         
   5697  2372       33.2200    72                     33.0200   840234         
   5726  2383    infeasible                           33.0200   846950         
Elapsed time = 491.29 sec. (704706.91 ticks, tree = 15.46 MB, solutions = 0)
   5760  2403       35.3500    79                     33.0200   852377         
   5788  2419       33.0500    85                     33.0200   857738         
   5816  2437       33.0958   109                     33.0200   863070         
   5851  2453       35.3500    82                     33.0200   868631         
   5885  2477       36.0511    83                     33.0200   873472         
   5910  2490       35.8362   100                     33.0200   878978         
   5935  2505       35.0900    89                     33.0200   883757         
   5976  2530       36.2243    83                     33.0200   888554         
   6006  2548       36.0400    79                     33.0200   893769         
   6046  2573       33.0200    68                     33.0200   899279         
Elapsed time = 518.82 sec. (744254.30 ticks, tree = 16.60 MB, solutions = 0)
   6084  2594       33.0280    90                     33.0200   906087         
   6138  2621       33.7100    73                     33.0200   913497         
   6176  2642       36.1511    74                     33.0200   919487         
   6209  2659       33.0200    87                     33.0200   924241         
   6258  2695    infeasible                           33.0200   930031         
   6298  2721       33.1095    67                     33.0200   936025         
   6346  2752       33.0200    96                     33.0200   941779         
   6382  2772       38.1297    94                     33.0200   947614         
   6410  2793       37.2000    84                     33.0200   951971         
   6439  2806       34.9045    86                     33.0200   957359         
Elapsed time = 546.65 sec. (783444.06 ticks, tree = 17.23 MB, solutions = 0)
   6474  2825       37.6389   105                     33.0200   963885         
   6514  2843       37.4600    78                     33.0200   969978         
   6571  2889       35.3500    90                     33.0200   976475         
   6609  2913       33.0200    92                     33.0200   982859         
   6639  2939       33.0200    75                     33.0200   988534         
   6687  2958       33.0200    71                     33.0200   996060         
   6727  2978       35.7895    77                     33.0200  1004037         
   6777  3003       37.4200    76                     33.0200  1011176         
   6821  3024       33.0200    67                     33.0200  1018356         
   6860  3046       33.0567    90                     33.0200  1023955         
Elapsed time = 575.55 sec. (823217.87 ticks, tree = 19.54 MB, solutions = 0)
   6900  3073       38.9908    68                     33.0200  1029321         
   6932  3095       33.0200    75                     33.0200  1034903         
   6970  3111       33.5491    78                     33.0200  1040761         
   7009  3132       33.0200    74                     33.0200  1046193         
   7041  3153       33.1048    88                     33.0200  1051872         
   7072  3164       33.1487    84                     33.0200  1058624         
   7127  3190       36.5140    77                     33.0200  1064915         
   7172  3214       33.1900    70                     33.0200  1070820         
   7223  3245       33.0204    75                     33.0200  1077157         
   7282  3265       33.1971    82                     33.0200  1083596         
Elapsed time = 602.86 sec. (862128.27 ticks, tree = 20.29 MB, solutions = 0)
   7330  3285       33.0200   103                     33.0200  1089040         
   7368  3307       33.0200    76                     33.0200  1095018         
   7415  3332       33.0200    75                     33.0200  1100666         
   7449  3353       35.3624    83                     33.0200  1107705         
   7506  3379       33.0309   112                     33.0200  1115451         
   7543  3394    infeasible                           33.0200  1123144         
   7560  3403       33.7100    94                     33.0200  1129430         
   7589  3422       33.0200    95                     33.0200  1135446         
   7612  3438       33.0200    98                     33.0200  1140922         
   7630  3451       33.1452   114                     33.0200  1146547         
Elapsed time = 630.97 sec. (901520.62 ticks, tree = 21.26 MB, solutions = 0)
   7661  3470       33.0500    87                     33.0200  1153347         
   7697  3487       35.9300    80                     33.0200  1160436         
   7727  3497       33.0500    78                     33.0200  1166366         
   7760  3516       33.0200    73                     33.0200  1173672         
   7799  3545       36.3384    77                     33.0200  1179526         
   7830  3552       33.0200    83                     33.0200  1184986         
   7853  3571       33.0200   108                     33.0200  1190312         
   7877  3591       35.0900   104                     33.0200  1195402         
   7900  3600       36.2400    71                     33.0200  1201501         
   7926  3614    infeasible                           33.0200  1206454         
Elapsed time = 659.30 sec. (940837.08 ticks, tree = 21.82 MB, solutions = 0)
   7977  3640       33.0200   106                     33.0200  1213737         
   7998  3651       34.7000    85                     33.0200  1218602         
   8036  3675       36.5605   100                     33.0200  1224326         
   8059  3678       35.3500    92                     33.0200  1229926         
   8089  3696    infeasible                           33.0200  1235389         
   8126  3715       33.0819   107                     33.0200  1242409         
   8163  3733       33.3075    88                     33.0200  1248993         
   8193  3753       33.4888    96                     33.0200  1254208         
   8236  3774       36.9400    92                     33.0200  1261107         
   8259  3787       33.2505    69                     33.0200  1266888         
Elapsed time = 687.75 sec. (980412.50 ticks, tree = 22.42 MB, solutions = 0)
   8299  3799       33.0200   102                     33.0200  1273470         
   8318  3810       33.0200   104                     33.0200  1279491         
   8364  3837       33.0483    84                     33.0200  1286487         
   8411  3857       35.1371    95                     33.0200  1294058         
   8448  3880       34.2974    96                     33.0200  1299404         
   8478  3901       36.2702    88                     33.0200  1306028         
   8522  3913       36.0183    98                     33.0200  1314411         
   8558  3927       36.6025    80                     33.0200  1321719         
   8594  3942       33.0200    87                     33.0200  1328811         
   8624  3956       33.0500    92                     33.0200  1334960         
Elapsed time = 716.92 sec. (1019581.76 ticks, tree = 23.00 MB, solutions = 0)
   8661  3984       33.8100    94                     33.0200  1341772         
   8680  4001       33.8100    91                     33.0200  1347093         
   8724  4037       37.4300    52                     33.0200  1354981         
   8758  4067       40.1100    37                     33.0200  1362791         
   8778  4079       33.0200    94                     33.0200  1368690         
   8813  4106       33.0500    89                     33.0200  1374388         
   8841  4128       36.0400    85                     33.0200  1379855         
   8874  4151       33.0200    78                     33.0200  1385009         
   8899  4168       33.0291    86                     33.0200  1390033         
   8932  4183       33.5905   100                     33.0200  1395653         
Elapsed time = 746.02 sec. (1059937.76 ticks, tree = 23.92 MB, solutions = 0)
   8974  4208       33.0200    82                     33.0200  1400782         
   9013  4238       37.0300    61                     33.0200  1406299         
   9044  4268       38.0600    38                     33.0200  1411367         
   9063  4280    infeasible                           33.0200  1419191         
   9092  4301       35.6611    89                     33.0200  1424655         
   9144  4329       33.0200    78                     33.0200  1429995         
   9181  4352       34.9057    76                     33.0200  1436690         
   9224  4377       33.0273    83                     33.0200  1442940         
   9271  4404       33.5578    74                     33.0200  1448623         
   9297  4420       33.0200    87                     33.0200  1455075         
Elapsed time = 774.44 sec. (1098992.10 ticks, tree = 24.74 MB, solutions = 0)
   9329  4446       33.0307   109                     33.0200  1461610         
   9368  4470       33.0200    85                     33.0200  1468584         
   9421  4492    infeasible                           33.0200  1475732         
   9460  4519       33.0500   109                     33.0200  1481457         
   9496  4539    infeasible                           33.0200  1487625         
   9530  4556       33.0200   106                     33.0200  1495473         
   9560  4584       36.5700    98                     33.0200  1500501         
   9595  4605    infeasible                           33.0200  1506909         
   9629  4621       34.5000   105                     33.0200  1514472         
   9663  4643       33.0200    94                     33.0200  1521482         
Elapsed time = 803.67 sec. (1138372.88 ticks, tree = 25.51 MB, solutions = 0)
   9703  4667       33.0200   105                     33.0200  1529589         
   9734  4687       33.7100    85                     33.0200  1536798         
   9776  4711       33.0273    81                     33.0200  1543527         
   9822  4733       33.1998    99                     33.0200  1551375         
   9863  4759       33.0275   102                     33.0200  1558656         
   9903  4784       34.6781   110                     33.0200  1564664         
   9925  4800       33.0200    94                     33.0200  1568766         
   9945  4820       33.0500    88                     33.0200  1573005         
   9986  4844    infeasible                           33.0200  1579725         
  10020  4860       33.1106   108                     33.0200  1585967         
Elapsed time = 832.76 sec. (1177896.56 ticks, tree = 26.75 MB, solutions = 0)
  10049  4867       33.1202   101                     33.0200  1591650         
  10079  4887       37.7204    93                     33.0200  1597741         
  10102  4900       33.2445   101                     33.0200  1603875         
  10138  4924       33.0993    94                     33.0200  1609652         
  10170  4937       33.2009   106                     33.0200  1615485         
  10196  4956       35.6218    88                     33.0200  1620851         
  10229  4978       33.0241    87                     33.0200  1626397         
  10265  4998       33.6200    84                     33.0200  1633136         
  10308  5020       34.0211   128                     33.0200  1638146         
  10340  5038       33.0200    87                     33.0200  1642963         
Elapsed time = 861.27 sec. (1217476.04 ticks, tree = 27.70 MB, solutions = 0)
  10361  5049       33.0200    87                     33.0200  1647864         
  10387  5071       33.1900    80                     33.0200  1652584         
  10418  5092       35.9100    76                     33.0200  1658867         
  10448  5116       35.0939    92                     33.0200  1664166         
  10493  5151       39.2800    57                     33.0200  1671263         
  10528  5183       42.7700    37                     33.0200  1678762         
  10555  5200       33.1900    79                     33.0200  1684807         
  10597  5232       37.8207    83                     33.0200  1691789         
  10630  5253       34.8700    99                     33.0200  1698869         
  10659  5276       33.0307   104                     33.0200  1704634         
Elapsed time = 890.40 sec. (1256872.84 ticks, tree = 28.52 MB, solutions = 0)
  10707  5311       35.6986   115                     33.0200  1711353         
  10751  5344       34.8700    64                     33.0200  1718594         
  10785  5368       33.0200    86                     33.0200  1725072         
  10817  5388       33.0200    73                     33.0200  1732917         
  10850  5411       35.0067    95                     33.0200  1740937         
  10883  5430       33.0200    98                     33.0200  1748194         
  10917  5452       33.0200    86                     33.0200  1755819         
  10947  5472       36.7200    74                     33.0200  1763576         
  10997  5503       33.0200    93                     33.0200  1771850         
  11033  5529       35.4629    94                     33.0200  1779209         
Elapsed time = 920.87 sec. (1296591.44 ticks, tree = 29.56 MB, solutions = 0)
  11094  5582       37.5700    51                     33.0200  1787098         
  11156  5628       36.5326    71                     33.0200  1795072         
  11210  5677       39.1100    21                     33.0200  1802318         
  11228  5691       34.8700    83                     33.0200  1808089         
  11247  5704       34.9125    82                     33.0200  1813888         
  11279  5724    infeasible                           33.0200  1819677         
  11309  5750       35.3500    96                     33.0200  1825820         
  11341  5772       36.4931    80                     33.0200  1831926         
  11393  5808       37.0900    70                     33.0200  1838402         
  11422  5835       37.0900    38                     33.0200  1844525         
Elapsed time = 949.71 sec. (1335824.81 ticks, tree = 30.61 MB, solutions = 0)
  11449  5851       33.0200    70                     33.0200  1852192         
  11483  5875       39.5276    75                     33.0200  1857605         
  11545  5925       45.2300    16                     33.0200  1864888         
  11594  5962       39.8100    54                     33.0200  1871087         
  11633  5995       42.7800    25                     33.0200  1878267         
  11672  6023       33.0200    97                     33.0200  1884090         
  11705  6040       33.0479    93                     33.0200  1891665         
  11746  6059       33.0200    92                     33.0200  1898979         
  11792  6094       36.2300    52                     33.0200  1906215         
  11867  6156       33.0200    82                     33.0200  1912487         
Elapsed time = 979.23 sec. (1375453.07 ticks, tree = 31.71 MB, solutions = 0)
  11904  6181       35.3500    92                     33.0200  1919256         
  11928  6199       36.0400    94                     33.0200  1925557         
  11973  6233       33.0216   102                     33.0200  1931737         
  12006  6257       33.0539    94                     33.0200  1940113         
  12030  6277       33.4946   107                     33.0200  1947322         
  12057  6298       36.0746   107                     33.0200  1955512         
  12098  6322       33.0200    88                     33.0200  1963139         
  12134  6346       34.7000    88                     33.0200  1971373         
  12169  6377       35.3500   118                     33.0200  1979008         
  12206  6406       33.0200    82                     33.0200  1986140         
Elapsed time = 1010.15 sec. (1415347.10 ticks, tree = 32.57 MB, solutions = 0)
  12239  6431       33.0200    96                     33.0200  1993999         
  12274  6456       33.0200    83                     33.0200  2000697         
  12318  6483       33.0337   102                     33.0200  2007358         
  12356  6503       33.0200    88                     33.0200  2013095         
  12400  6536       36.1599    92                     33.0200  2018795         
  12440  6562       33.0830   105                     33.0200  2025143         
  12475  6587       35.3500    98                     33.0200  2030780         
  12504  6608       36.0300   119                     33.0200  2037548         
  12532  6621       33.0200    90                     33.0200  2043278         
  12566  6640       33.0200    94                     33.0200  2048857         
Elapsed time = 1039.43 sec. (1455629.68 ticks, tree = 33.38 MB, solutions = 0)
  12590  6664       35.9200    85                     33.0200  2054277         
  12622  6684       33.0261    79                     33.0200  2059819         
  12659  6713       35.3655    94                     33.0200  2065230         
  12681  6731       35.3990   105                     33.0200  2071616         
  12720  6751       33.3551   108                     33.0200  2078822         
  12745  6764       33.0948   120                     33.0200  2085002         
  12789  6795       38.2100    53                     33.0200  2091813         
  12816  6812       33.0200    80                     33.0200  2099218         
  12843  6827       33.0500   100                     33.0200  2105784         
  12868  6848       38.1610    74                     33.0200  2112656         
Elapsed time = 1068.76 sec. (1494721.42 ticks, tree = 34.10 MB, solutions = 0)
  12897  6865       35.5118    97                     33.0200  2118356         
  12937  6890       33.0200    82                     33.0200  2125745         
  12977  6912       33.0200    78                     33.0200  2132562         
  13024  6935       33.1994    97                     33.0200  2140109         
  13082  6967       35.5261    71                     33.0200  2147970         
  13115  6988       33.2314    98                     33.0200  2156525         
  13149  7010       37.9322    61                     33.0200  2164782         
  13174  7021       33.0200    91                     33.0200  2172622         
  13227  7064       39.1195    70                     33.0200  2180005         
  13268  7097       35.3500    99                     33.0200  2187536         
Elapsed time = 1099.25 sec. (1533693.20 ticks, tree = 34.96 MB, solutions = 0)
  13318  7143       36.4600    57                     33.0200  2195896         
  13340  7159       33.0774   102                     33.0200  2204588         
  13389  7201       37.2400    56                     33.0200  2212404         
  13430  7233       33.0387    99                     33.0200  2220081         
  13450  7249       34.6432   107                     33.0200  2226063         
  13474  7265       33.1292   100                     33.0200  2231428         
  13504  7280    infeasible                           33.0200  2237493         
  13525  7294       36.0700    79                     33.0200  2243160         
  13564  7323       35.8602    81                     33.0200  2249687         
  13593  7342       33.0200    86                     33.0200  2256010         
Elapsed time = 1129.09 sec. (1573669.84 ticks, tree = 35.80 MB, solutions = 0)
  13631  7372       35.4100    83                     33.0200  2262442         
  13669  7398       33.0839    79                     33.0200  2268379         
  13703  7420       38.0857    90                     33.0200  2274077         
  13741  7442       33.0200    92                     33.0200  2279853         
  13768  7461       33.0674   106                     33.0200  2287438         
  13808  7486       33.0508   134                     33.0200  2293020         
  13831  7501       33.1948   107                     33.0200  2299831         
  13865  7517       33.0200    85                     33.0200  2306033         
  13892  7540       33.0200   102                     33.0200  2312557         
  13912  7554       35.2203   105                     33.0200  2318916         
Elapsed time = 1158.66 sec. (1613561.07 ticks, tree = 36.54 MB, solutions = 0)
  13948  7580       35.9925    82                     33.0200  2325560         
  14004  7628       34.8700    81                     33.0200  2331687         
  14043  7659       33.0200    93                     33.0200  2337219         
  14089  7681       33.0200    82                     33.0200  2342959         
  14122  7704       39.7800    82                     33.0200  2348573         
  14161  7727       33.0200    88                     33.0200  2355861         
  14190  7744       35.5500    72                     33.0200  2362664         
  14235  7773       33.4316    72                     33.0200  2370653         
  14288  7806    infeasible                           33.0200  2378938         
  14323  7829       35.3500    91                     33.0200  2386108         
Elapsed time = 1188.47 sec. (1652396.20 ticks, tree = 37.49 MB, solutions = 0)
  14367  7853       35.3500    78                     33.0200  2393366         
  14428  7888       33.0603    91                     33.0200  2399757         
  14473  7910       33.0200    71                     33.0200  2404867         
  14518  7940       33.4607    77                     33.0200  2411295         
  14576  7978       33.0200    70                     33.0200  2417958         
  14623  8007       33.0200    79                     33.0200  2425612         
  14672  8038    infeasible                           33.0200  2432030         
  14733  8071       35.6348   108                     33.0200  2439179         
  14789  8103       35.3953   103                     33.0200  2447373         
  14827  8127       33.2059    95                     33.0200  2454728         
Elapsed time = 1218.38 sec. (1691378.17 ticks, tree = 38.52 MB, solutions = 0)
  14885  8175       36.5200    48                     33.0200  2462125         
  14918  8198       35.6164    84                     33.0200  2467916         
  14947  8209    infeasible                           33.0200  2473850         
  14976  8226       35.3501    88                     33.0200  2480825         
  15000  8239       33.0200    98                     33.0200  2487440         
  15038  8258    infeasible                           33.0200  2493516         
  15055  8269       33.1078    98                     33.0200  2500834         
  15080  8288       33.7817    90                     33.0200  2506480         
  15120  8306       33.0216    82                     33.0200  2512081         
  15159  8334       36.4000    86                     33.0200  2518448         
Elapsed time = 1247.23 sec. (1730541.96 ticks, tree = 39.57 MB, solutions = 0)
  15190  8353       33.0200    72                     33.0200  2524963         
  15225  8370       33.1084    73                     33.0200  2531914         
  15268  8393       35.5500   101                     33.0200  2539188         
  15313  8409    infeasible                           33.0200  2546587         
  15340  8424       33.7924    82                     33.0200  2553361         
  15385  8441       33.0200    65                     33.0200  2561000         
  15444  8468       33.0414    90                     33.0200  2569153         
  15496  8488       33.0740    68                     33.0200  2576938         
  15528  8502       34.3110   108                     33.0200  2583740         
  15568  8517       33.5424   115                     33.0200  2590193         
Elapsed time = 1276.27 sec. (1769472.61 ticks, tree = 40.20 MB, solutions = 0)
  15617  8534    infeasible                           33.0200  2597837         
  15647  8556       34.9749    72                     33.0200  2605410         
  15690  8564       35.8164    98                     33.0200  2612957         
  15729  8579       35.2737    84                     33.0200  2621032         
  15787  8611       33.0200    83                     33.0200  2628686         
  15826  8630       35.5500    81                     33.0200  2636233         
  15872  8663       40.8600    60                     33.0200  2643951         
  15913  8686       33.2529    86                     33.0200  2650715         
  15960  8703       35.4251    77                     33.0200  2658242         
  16010  8725       33.0200    99                     33.0200  2664876         
Elapsed time = 1305.51 sec. (1808128.71 ticks, tree = 40.92 MB, solutions = 0)
  16059  8754       33.0421    85                     33.0200  2672244         
  16102  8775       35.5800    79                     33.0200  2680227         
  16137  8791       35.6294    84                     33.0200  2688600         
  16180  8806    infeasible                           33.0200  2695510         
  16210  8818       34.1449    92                     33.0200  2701373         
  16262  8859       40.4600    54                     33.0200  2707088         
  16297  8878       36.0351    89                     33.0200  2714116         
  16327  8896       33.0339    75                     33.0200  2720264         
  16375  8919       33.0200    73                     33.0200  2726442         
  16417  8948       33.0509    94                     33.0200  2732505         
Elapsed time = 1335.36 sec. (1847669.23 ticks, tree = 41.69 MB, solutions = 0)
  16441  8960       33.0200    90                     33.0200  2738107         
  16472  8971       35.5500    98                     33.0200  2744796         
  16499  8984       33.7190    98                     33.0200  2751488         
  16538  9007       33.1900    80                     33.0200  2757444         
  16581  9027       33.0625   115                     33.0200  2764016         
  16600  9040       33.4370    74                     33.0200  2769812         
  16641  9056       37.4178    87                     33.0200  2775710         
  16669  9070       35.1483    92                     33.0200  2782652         
  16707  9088       33.0200   105                     33.0200  2789449         
  16728  9103       36.1432    92                     33.0200  2795655         
Elapsed time = 1364.31 sec. (1887040.72 ticks, tree = 42.23 MB, solutions = 0)
  16751  9114       33.0200    84                     33.0200  2802091         
  16772  9125       38.7900    95                     33.0200  2809332         
  16817  9151       38.5966    77                     33.0200  2816251         
  16849  9172       33.3240   115                     33.0200  2822387         
  16899  9200       35.3600    71                     33.0200  2829370         
  16929  9214       33.4865    77                     33.0200  2837401         
  16975  9240       33.0855    82                     33.0200  2845372         
  17025  9266       37.7100    92                     33.0200  2852913         
  17056  9281       33.1900    70                     33.0200  2860004         
  17095  9310       33.0200    81                     33.0200  2867088         
Elapsed time = 1393.52 sec. (1925905.60 ticks, tree = 43.12 MB, solutions = 0)
  17140  9339       33.0200    79                     33.0200  2874364         
  17183  9364       33.0200    74                     33.0200  2881546         
  17226  9379       35.5500    77                     33.0200  2889942         
  17263  9396       33.0200    74                     33.0200  2896964         
  17300  9419       33.0200   120                     33.0200  2903478         
  17323  9442       36.7489    81                     33.0200  2910322         
  17365  9454       33.2102   113                     33.0200  2918257         
  17404  9479       35.3508    98                     33.0200  2926475         
  17446  9497       35.3509   100                     33.0200  2934879         
  17464  9511       35.2900   106                     33.0200  2938226         
Elapsed time = 1423.02 sec. (1965066.69 ticks, tree = 43.82 MB, solutions = 0)
  17491  9529       35.3500   104                     33.0200  2943824         
  17536  9566       37.0300    65                     33.0200  2950116         
  17579  9601       33.7163    96                     33.0200  2957931         
  17620  9632       34.1900    94                     33.0200  2966121         
  17658  9662       37.3700    91                     33.0200  2974123         
  17699  9689       37.7384    79                     33.0200  2982503         
  17747  9733       33.8100    35                     33.0200  2989687         
  17773  9750       36.0250   101                     33.0200  2996287         
  17817  9781       33.0200    77                     33.0200  3002707         
  17858  9809       35.6126   107                     33.0200  3010231         
Elapsed time = 1452.42 sec. (2004849.89 ticks, tree = 44.85 MB, solutions = 0)
  17902  9828       36.1660    79                     33.0200  3016368         
  17937  9847       35.3500    86                     33.0200  3023100         
  17963  9865       33.0200    76                     33.0200  3029955         
  18015  9898       33.0200    67                     33.0200  3036659         
  18053  9920       33.4218    95                     33.0200  3041671         
  18095  9949       33.1457    91                     33.0200  3047685         
  18139  9975       33.0200    80                     33.0200  3053544         
  18168 10000       35.4087    91                     33.0200  3061116         
  18210 10028       33.0216    85                     33.0200  3068851         
  18255 10057       35.4957    88                     33.0200  3076483         
Elapsed time = 1480.85 sec. (2043975.49 ticks, tree = 45.71 MB, solutions = 0)
  18296 10078       36.8900    84                     33.0200  3084019         
  18340 10104       36.0815    77                     33.0200  3091341         
  18393 10131    infeasible                           33.0200  3100571         
  18427 10157       33.0908   104                     33.0200  3107022         
  18472 10188       37.3707    88                     33.0200  3113048         
  18516 10208       33.8489   105                     33.0200  3121812         
  18569 10243       36.7200    82                     33.0200  3129911         
  18621 10279       33.1375   101                     33.0200  3137289         
  18687 10331       35.1123   104                     33.0200  3145594         
  18729 10361       33.0200    82                     33.0200  3153626         
Elapsed time = 1510.91 sec. (2083320.74 ticks, tree = 46.77 MB, solutions = 0)
  18774 10390       33.0340   109                     33.0200  3162958         
  18807 10407       36.3081    83                     33.0200  3171320         
  18844 10428       36.0535    96                     33.0200  3179578         
  18873 10449       34.6506    85                     33.0200  3188471         
  18921 10481       33.0200    93                     33.0200  3196629         
  18964 10512       34.5463    73                     33.0200  3205615         
  19021 10548       33.8358    85                     33.0200  3214454         
  19052 10569       34.5000    87                     33.0200  3222945         
  19073 10580       33.0200    96                     33.0200  3230027         
  19103 10604       37.0521    73                     33.0200  3236831         
Elapsed time = 1540.37 sec. (2122842.29 ticks, tree = 47.94 MB, solutions = 0)
  19147 10646       37.2100    32                     33.0200  3243292         
  19173 10663       33.0315   103                     33.0200  3249741         
  19201 10682       34.3580   113                     33.0200  3256347         
  19236 10699       34.5000    87                     33.0200  3262347         
  19265 10718       33.0200    88                     33.0200  3269065         
  19295 10739       33.0522   111                     33.0200  3275622         
  19325 10753       34.2018    84                     33.0200  3282435         
  19352 10764       33.0658    98                     33.0200  3288901         
  19382 10784       33.7982    98                     33.0200  3295370         
  19418 10804       33.8100    92                     33.0200  3301561         
Elapsed time = 1568.63 sec. (2162030.24 ticks, tree = 48.47 MB, solutions = 0)
  19466 10834       33.0200    86                     33.0200  3309879         
  19506 10866    infeasible                           33.0200  3318039         
  19543 10890       33.1211    90                     33.0200  3325933         
  19583 10916       35.7778    81                     33.0200  3333183         
  19612 10934       34.5000    75                     33.0200  3341251         
  19638 10952       34.5218   101                     33.0200  3348206         
  19676 10978    infeasible                           33.0200  3355362         
  19709 11002       33.0200    78                     33.0200  3364216         
  19747 11028       36.6900    75                     33.0200  3371349         
  19790 11051       33.0801    97                     33.0200  3379711         
Elapsed time = 1597.81 sec. (2200855.72 ticks, tree = 49.33 MB, solutions = 0)
  19829 11071       34.6251    92                     33.0200  3389095         
  19873 11085       33.0200    92                     33.0200  3396476         
  19909 11105       33.6700    92                     33.0200  3405525         
  19943 11119       33.0200    75                     33.0200  3413507         
  19970 11133       33.0755   106                     33.0200  3422266         
  20013 11160       33.0200   101                     33.0200  3429873         
  20047 11186       36.7981    98                     33.0200  3437482         
  20092 11214       36.8624    83                     33.0200  3445442         
  20133 11243       36.2400   100                     33.0200  3452522         
  20164 11258       33.0200    91                     33.0200  3460249         
Elapsed time = 1627.29 sec. (2239583.16 ticks, tree = 50.05 MB, solutions = 0)
  20185 11267       35.5508   107                     33.0200  3467415         
  20205 11279       35.9600   114                     33.0200  3473366         
  20251 11320       40.1600    57                     33.0200  3479382         
  20282 11342       33.0200    89                     33.0200  3487686         
  20311 11357       33.0200    99                     33.0200  3494507         
  20346 11391       36.6701    75                     33.0200  3501442         
  20399 11429       33.0200   115                     33.0200  3508205         
  20426 11446       33.0200   104                     33.0200  3513379         
  20470 11461       33.0200   118                     33.0200  3521428         
  20487 11472       33.0412    90                     33.0200  3528295         
Elapsed time = 1657.38 sec. (2279461.50 ticks, tree = 50.80 MB, solutions = 0)
  20512 11491       35.3917    98                     33.0200  3535067         
  20536 11505       33.5389   119                     33.0200  3540609         
  20564 11523       33.7013    94                     33.0200  3547093         
  20616 11556       37.5700    55                     33.0200  3554295         
  20637 11572       35.3500   114                     33.0200  3559709         
  20665 11594       33.1333    91                     33.0200  3565369         
  20698 11617       33.2757   121                     33.0200  3572925         
  20731 11632       37.9413   110                     33.0200  3578768         
  20763 11658       36.0542    97                     33.0200  3585064         
  20795 11672       33.0200   108                     33.0200  3591286         
Elapsed time = 1687.35 sec. (2318876.70 ticks, tree = 51.49 MB, solutions = 0)
  20821 11690       33.0500    93                     33.0200  3597419         
  20851 11709       33.0200    88                     33.0200  3603952         
  20880 11732       35.8281   100                     33.0200  3610967         
  20911 11756       37.1661    85                     33.0200  3617071         
  20949 11790       38.6000    35                     33.0200  3623595         
  20976 11811       34.8700   116                     33.0200  3629307         
  21012 11835       36.0400    98                     33.0200  3635475         
  21033 11843    infeasible                           33.0200  3642384         
  21047 11853       33.1388   107                     33.0200  3647591         
  21068 11860    infeasible                           33.0200  3654202         
Elapsed time = 1716.90 sec. (2358159.56 ticks, tree = 52.49 MB, solutions = 0)
  21094 11875       34.1412   106                     33.0200  3660278         
  21130 11889       37.4200    66                     33.0200  3667252         
  21176 11919       33.0200    76                     33.0200  3674246         
  21210 11947       34.0731   107                     33.0200  3682077         
  21246 11971       33.0200    92                     33.0200  3689954         
  21275 11992       33.0200   101                     33.0200  3696591         
  21287 12002       36.8900    73                     33.0200  3699926         
  21310 12016       37.6373    84                     33.0200  3704316         
  21334 12028       35.5200    91                     33.0200  3709834         
  21379 12057       33.0908    89                     33.0200  3718368         
Elapsed time = 1745.35 sec. (2397372.03 ticks, tree = 53.34 MB, solutions = 0)
  21416 12076       35.3800    85                     33.0200  3724832         
  21480 12124       33.0200    89                     33.0200  3731880         
  21526 12156       33.0200    96                     33.0200  3740496         
  21564 12184       36.0534   115                     33.0200  3748310         
  21608 12200       33.0200    71                     33.0200  3757146         
  21654 12230       35.4970    87                     33.0200  3763401         
  21706 12256       33.0281    96                     33.0200  3771738         
  21754 12288       36.0400    99                     33.0200  3779141         
  21786 12314       35.6816   104                     33.0200  3787063         
  21835 12343       33.0200    98                     33.0200  3795795         
Elapsed time = 1775.09 sec. (2436422.97 ticks, tree = 54.50 MB, solutions = 0)
  21865 12363       35.0900    94                     33.0200  3803154         
  21903 12393       36.8836    79                     33.0200  3810245         
  21946 12425       33.0200    93                     33.0200  3818540         
  21970 12443       36.2504    99                     33.0200  3825332         
  22008 12465       36.4457    82                     33.0200  3833080         
  22050 12491       33.1462   106                     33.0200  3840006         
  22080 12511       35.1200    96                     33.0200  3848552         
  22102 12525       35.3788   100                     33.0200  3856860         
  22134 12543       36.0400    81                     33.0200  3864727         
  22179 12572       36.0677    77                     33.0200  3872417         
Elapsed time = 1805.12 sec. (2475526.91 ticks, tree = 55.63 MB, solutions = 0)
  22227 12599       38.2000   111                     33.0200  3880558         
  22260 12620       33.0200    79                     33.0200  3888920         
  22298 12652    infeasible                           33.0200  3896908         
  22342 12669       33.0200    87                     33.0200  3904039         
  22380 12693       33.9132   106                     33.0200  3912213         
  22418 12713       33.0200    86                     33.0200  3919651         
  22447 12726       33.9253    81                     33.0200  3925906         
  22485 12744       35.3598    93                     33.0200  3932570         
  22510 12759       33.7100    81                     33.0200  3939197         
  22546 12781       33.2453    73                     33.0200  3946049         
Elapsed time = 1835.52 sec. (2515749.50 ticks, tree = 56.36 MB, solutions = 0)
  22580 12801       33.0200    85                     33.0200  3952052         
  22601 12818       36.0812   109                     33.0200  3959016         
  22625 12830       33.1905    91                     33.0200  3965556         
  22653 12841       33.0500    98                     33.0200  3970493         
  22670 12858       34.7000    91                     33.0200  3975590         
  22698 12870       37.8430    96                     33.0200  3980666         
  22721 12885       33.1946    93                     33.0200  3987279         
  22753 12906       36.9400    92                     33.0200  3994589         
  22778 12925       33.0200   114                     33.0200  3998195         
  22794 12941       37.9000   101                     33.0200  4003763         
Elapsed time = 1863.84 sec. (2555219.12 ticks, tree = 57.25 MB, solutions = 0)
  22821 12956       33.0200    81                     33.0200  4010540         
  22866 12987       33.0200    76                     33.0200  4018165         
  22906 13013       34.0414   101                     33.0200  4027112         
  22961 13044       33.7100    62                     33.0200  4036054         
  23005 13062       33.0200   103                     33.0200  4043961         
  23039 13088       33.1962   105                     33.0200  4050571         
  23062 13103       36.0400    94                     33.0200  4057192         
  23092 13125       33.0200    68                     33.0200  4062742         
  23138 13146       33.0200    72                     33.0200  4070240         
  23170 13168       33.1900    97                     33.0200  4076616         
Elapsed time = 1893.05 sec. (2594541.92 ticks, tree = 58.21 MB, solutions = 0)
  23201 13195       35.3528    85                     33.0200  4083930         
  23235 13217       33.1696    93                     33.0200  4092358         
  23282 13254       33.7696    81                     33.0200  4099171         
  23327 13285       33.0200   106                     33.0200  4107974         
  23372 13316       33.2433    88                     33.0200  4114740         
  23412 13340       33.2071   114                     33.0200  4121828         
  23432 13353       35.8957   121                     33.0200  4128797         
  23456 13368       35.8550   114                     33.0200  4135057         
  23502 13393       33.4174    81                     33.0200  4141502         
  23548 13419       36.0526    97                     33.0200  4149666         
Elapsed time = 1922.46 sec. (2633580.90 ticks, tree = 59.09 MB, solutions = 0)
  23589 13446       37.3533    88                     33.0200  4157111         
  23619 13460       35.3500   110                     33.0200  4164730         
  23648 13479       33.0200    83                     33.0200  4169853         
  23694 13508       35.7861    76                     33.0200  4177885         
  23741 13538       35.3500    95                     33.0200  4185753         
  23785 13574       40.1389    73                     33.0200  4193065         
  23822 13599       33.0200    85                     33.0200  4200610         
  23857 13630       37.2448    92                     33.0200  4208498         
  23888 13649       35.3569    80                     33.0200  4214590         
  23926 13665       33.0200    92                     33.0200  4221006         
Elapsed time = 1952.11 sec. (2672288.15 ticks, tree = 59.94 MB, solutions = 0)
  23961 13679       34.4120    96                     33.0200  4228770         
  23997 13695       33.0200   102                     33.0200  4236433         
  24008 13706       40.2700    91                     33.0200  4240748         
  24035 13724       35.5322    96                     33.0200  4248388         
  24065 13736       33.0200    91                     33.0200  4255910         
  24087 13751       33.0200   114                     33.0200  4263311         
  24117 13772       33.1900    71                     33.0200  4271356         
  24145 13790       33.2336    88                     33.0200  4279613         
  24187 13816       33.3891    95                     33.0200  4288639         
  24218 13829    infeasible                           33.0200  4296160         
Elapsed time = 1982.17 sec. (2711770.77 ticks, tree = 60.52 MB, solutions = 0)
  24240 13847       33.2660    98                     33.0200  4302629         
  24280 13863       33.0200   104                     33.0200  4311473         
  24300 13875       33.7100    94                     33.0200  4316385         
  24328 13895       33.0500   113                     33.0200  4323012         
  24358 13913       33.1982   102                     33.0200  4329740         
  24397 13933       36.1031    99                     33.0200  4338150         
  24429 13955       33.0445   107                     33.0200  4345498         
  24465 13983       36.0461    89                     33.0200  4354384         
  24515 14029       38.5700    43                     33.0200  4362418         
  24548 14043       33.0201   103                     33.0200  4370408         
Elapsed time = 2012.83 sec. (2751548.00 ticks, tree = 61.09 MB, solutions = 0)
  24579 14062       36.2400   102                     33.0200  4377415         
  24606 14081       35.4006    99                     33.0200  4384381         
  24651 14110       33.8719    93                     33.0200  4390617         
  24690 14129       33.7674   105                     33.0200  4397150         
  24720 14145       35.4521    94                     33.0200  4403945         
  24762 14170       33.0828   107                     33.0200  4409871         
  24796 14193       33.7100   107                     33.0200  4416653         
  24829 14214       33.0511   103                     33.0200  4423186         
  24864 14239    infeasible                           33.0200  4429165         
  24900 14261       33.0207    96                     33.0200  4435465         
Elapsed time = 2041.70 sec. (2790838.62 ticks, tree = 61.85 MB, solutions = 0)
  24943 14284       33.0200   100                     33.0200  4442337         
  24992 14312       33.0220   109                     33.0200  4449936         
  25028 14338       37.5033    81                     33.0200  4458083         
  25065 14367       33.9165   116                     33.0200  4465613         
  25098 14383       33.0200    99                     33.0200  4472374         
  25151 14432       37.5365    53                     33.0200  4479218         
  25180 14451       35.0900   106                     33.0200  4484902         
  25214 14475       33.0200   106                     33.0200  4491969         
  25227 14488       37.3800   112                     33.0200  4495619         
  25244 14497       37.8101   103                     33.0200  4501358         
Elapsed time = 2070.53 sec. (2830360.93 ticks, tree = 62.67 MB, solutions = 0)
  25262 14507       37.4700   123                     33.0200  4505859         
  25283 14524       37.9002    69                     33.0200  4512719         
  25325 14546       33.0200    89                     33.0200  4521482         
  25378 14583       33.1992    87                     33.0200  4529377         
  25413 14600       34.5067   102                     33.0200  4537525         
  25457 14624       36.5200   105                     33.0200  4544609         
  25492 14647       33.2626   102                     33.0200  4551960         
  25524 14663       38.4310    75                     33.0200  4560063         
  25566 14690       34.8013    90                     33.0200  4567871         
  25616 14716       33.1127    72                     33.0200  4576507         
Elapsed time = 2100.04 sec. (2869589.39 ticks, tree = 63.43 MB, solutions = 0)
  25655 14743       33.2147    86                     33.0200  4584511         
  25691 14761       33.7886    84                     33.0200  4592135         
  25726 14780    infeasible                           33.0200  4598869         
  25779 14797       33.0200    84                     33.0200  4606808         
  25817 14825       36.5195    70                     33.0200  4614634         
  25852 14840       35.4465   100                     33.0200  4622875         
  25886 14860    infeasible                           33.0200  4629895         
  25917 14875       37.1282    73                     33.0200  4637393         
  25981 14907    infeasible                           33.0200  4644325         
  26004 14922       33.3498    81                     33.0200  4650820         
Elapsed time = 2129.88 sec. (2908413.24 ticks, tree = 64.15 MB, solutions = 0)
  26040 14944       36.4268    89                     33.0200  4658293         
  26075 14969       35.3527   131                     33.0200  4666678         
  26107 14987       36.0400   103                     33.0200  4674841         
  26141 14997       33.8100    96                     33.0200  4682188         
  26182 15020       33.4074    94                     33.0200  4688895         
  26238 15054       33.0500    93                     33.0200  4696950         
  26272 15068    infeasible                           33.0200  4704835         
  26322 15099       45.7900    47                     33.0200  4712321         
  26346 15114       33.9374   110                     33.0200  4719108         
  26386 15136       33.8100    83                     33.0200  4726869         
Elapsed time = 2159.86 sec. (2947186.99 ticks, tree = 65.07 MB, solutions = 0)
  26434 15164       33.5665   120                     33.0200  4735623         
  26488 15196       34.3596    99                     33.0200  4744189         
  26547 15241       42.4400    20                     33.0200  4752130         
  26592 15271       33.0255    86                     33.0200  4758541         
  26638 15301       33.0205    83                     33.0200  4765221         
  26671 15322       35.9486    96                     33.0200  4771716         
  26709 15342       33.0200    95                     33.0200  4777713         
  26746 15371       36.2440    96                     33.0200  4785163         
  26771 15386       33.0200    95                     33.0200  4791812         
  26799 15408       37.6254   102                     33.0200  4798514         
Elapsed time = 2189.47 sec. (2986532.87 ticks, tree = 66.02 MB, solutions = 0)
  26851 15443       39.5900    40                     33.0200  4804679         
  26886 15465       33.0200   105                     33.0200  4812169         
  26905 15479       35.3801    95                     33.0200  4818419         
  26947 15510       33.0200    93                     33.0200  4824699         
  26971 15522       33.0200    85                     33.0200  4830651         
  26995 15538       33.0200    91                     33.0200  4837122         
  27020 15559       35.8800   100                     33.0200  4844235         
  27056 15577       33.0376    92                     33.0200  4851720         
  27084 15597       35.5001    98                     33.0200  4859402         
  27116 15617       33.0200    96                     33.0200  4866840         
Elapsed time = 2219.17 sec. (3026346.51 ticks, tree = 66.74 MB, solutions = 0)
  27152 15645       33.0200    83                     33.0200  4874709         
  27190 15675       33.6264    69                     33.0200  4882689         
  27229 15698       37.6400    80                     33.0200  4890470         
  27262 15723       33.1900    69                     33.0200  4897200         
  27298 15751       35.3100    82                     33.0200  4906034         
  27349 15783       39.7836    74                     33.0200  4913294         
  27407 15826       33.0616    93                     33.0200  4921538         
  27449 15839       33.2023   101                     33.0200  4929949         
  27488 15860       33.0200   101                     33.0200  4938413         
  27528 15890       35.3509   101                     33.0200  4946482         
Elapsed time = 2248.85 sec. (3065322.90 ticks, tree = 67.71 MB, solutions = 0)
  27550 15908       35.3500    78                     33.0200  4949670         
  27578 15935       43.9400    48                     33.0200  4953016         
  27599 15951       33.0200    75                     33.0200  4957804         
  27632 15974       33.0500    69                     33.0200  4963126         
  27668 16006       33.0337    74                     33.0200  4970608         
  27703 16025       33.0200    80                     33.0200  4977763         
  27748 16058       35.6252    74                     33.0200  4985776         
  27793 16085       33.0200    71                     33.0200  4994003         
  27820 16110       38.2210    93                     33.0200  4999561         
  27868 16142       37.1153    99                     33.0200  5007775         
Elapsed time = 2276.73 sec. (3104501.62 ticks, tree = 68.42 MB, solutions = 0)
  27922 16177       34.8700    68                     33.0200  5016582         
  27960 16202       33.0200    83                     33.0200  5024533         
  28014 16244       33.0200    68                     33.0200  5032348         
  28059 16277       37.1039    84                     33.0200  5040533         
  28098 16304       33.0200    70                     33.0200  5047765         
  28125 16323       33.0500   100                     33.0200  5054646         
  28158 16342       33.2877    85                     33.0200  5062224         
  28192 16368    infeasible                           33.0200  5069178         
  28233 16397       36.2321    97                     33.0200  5076660         
  28284 16431       33.0500    86                     33.0200  5083400         
Elapsed time = 2305.28 sec. (3143528.06 ticks, tree = 70.10 MB, solutions = 0)
  28322 16462       33.1900    67                     33.0200  5091074         
  28350 16482       33.0554   102                     33.0200  5099037         
  28382 16502       34.7000    87                     33.0200  5105830         
  28424 16531       35.3500   106                     33.0200  5114204         
  28471 16562       37.0292    97                     33.0200  5122067         
  28502 16582    infeasible                           33.0200  5130095         
  28544 16614       33.0200    75                     33.0200  5137951         
  28581 16645       37.4707    88                     33.0200  5144271         
  28630 16676       35.3605    87                     33.0200  5154209         
  28674 16706       33.0315    83                     33.0200  5162848         
Elapsed time = 2334.47 sec. (3182755.14 ticks, tree = 71.06 MB, solutions = 0)
  28718 16738       33.0200    90                     33.0200  5172017         
  28758 16766       33.0500    83                     33.0200  5180090         
  28806 16802       35.8640    77                     33.0200  5189375         
  28848 16830       34.8700    84                     33.0200  5197585         
  28911 16870       33.0200    71                     33.0200  5206064         
  28970 16915       33.0500    87                     33.0200  5214568         
  29011 16944    infeasible                           33.0200  5222953         
  29057 16977       33.5062    93                     33.0200  5231825         
  29099 17015       39.3100    69                     33.0200  5238239         
  29144 17056       33.0788    74                     33.0200  5244014         
Elapsed time = 2363.86 sec. (3221577.95 ticks, tree = 72.28 MB, solutions = 0)
  29194 17085       36.7134    91                     33.0200  5250521         
  29237 17108       33.0200    70                     33.0200  5257917         
  29279 17144       39.3100    51                     33.0200  5264246         
  29320 17174       34.8700    66                     33.0200  5270801         
  29360 17200       34.2358    87                     33.0200  5277753         
  29407 17231       36.7700    72                     33.0200  5283999         
  29448 17267       40.4632    49                     33.0200  5290488         
  29495 17306       37.9300    83                     33.0200  5297823         
  29528 17323       33.0668    87                     33.0200  5304919         
  29566 17343       33.1566    85                     33.0200  5312525         
Elapsed time = 2392.28 sec. (3260541.08 ticks, tree = 73.28 MB, solutions = 0)
  29599 17364       35.0900    83                     33.0200  5320232         
  29615 17376       39.6739    97                     33.0200  5326483         
  29648 17397       36.0468    74                     33.0200  5332806         
  29692 17423    infeasible                           33.0200  5340219         
  29729 17452       35.5913    83                     33.0200  5348121         
  29767 17480    infeasible                           33.0200  5355391         
  29818 17513       37.0633    74                     33.0200  5362734         
  29856 17531       33.0200    72                     33.0200  5370661         
  29903 17576       37.1400    48                     33.0200  5377982         
  29953 17613       37.4500    73                     33.0200  5385625         
Elapsed time = 2420.92 sec. (3299313.27 ticks, tree = 74.22 MB, solutions = 0)
  30004 17644       36.7856    68                     33.0200  5394264         
  30053 17673       34.8700    66                     33.0200  5401526         
  30086 17686       37.7420    72                     33.0200  5410678         
  30132 17710       34.7000   100                     33.0200  5418034         
  30169 17739       37.7284   104                     33.0200  5426696         
  30205 17767       36.0850    89                     33.0200  5434309         
  30255 17798    infeasible                           33.0200  5441869         
  30311 17845    infeasible                           33.0200  5449922         
  30356 17886       33.3102   100                     33.0200  5457778         
  30386 17913       33.2230    81                     33.0200  5465456         
Elapsed time = 2449.80 sec. (3338079.79 ticks, tree = 75.26 MB, solutions = 0)
  30421 17939       33.0200    94                     33.0200  5473808         
  30452 17963       37.0300    76                     33.0200  5481848         
  30484 17987       33.0200    81                     33.0200  5489730         
  30519 18016       33.0200    86                     33.0200  5497756         
  30566 18047       33.0200    80                     33.0200  5506217         
  30599 18068       33.0200    69                     33.0200  5514530         
  30634 18097       33.0200    97                     33.0200  5523310         
  30686 18141       35.3684    75                     33.0200  5531478         
  30725 18166       33.0200    87                     33.0200  5540320         
  30781 18206       33.0200    77                     33.0200  5549505         
Elapsed time = 2479.06 sec. (3376872.96 ticks, tree = 76.28 MB, solutions = 0)
  30826 18240       34.8700    79                     33.0200  5557526         
  30867 18269       35.1795   102                     33.0200  5566741         
  30900 18294       33.3191    95                     33.0200  5573751         
  30943 18329       37.4700    86                     33.0200  5581286         
  30984 18364       34.8917    81                     33.0200  5589802         
  31024 18393       35.3500    90                     33.0200  5597611         
  31066 18425       37.6400    73                     33.0200  5605914         
  31106 18451       35.3945    82                     33.0200  5614781         
  31150 18488       37.0200    34                     33.0200  5621006         
  31190 18514    infeasible                           33.0200  5628785         
Elapsed time = 2508.38 sec. (3416094.66 ticks, tree = 77.36 MB, solutions = 0)
  31224 18544       34.8700    88                     33.0200  5634382         
  31257 18571       35.4499    85                     33.0200  5639632         
  31291 18596       35.2477    89                     33.0200  5645675         
  31331 18628       33.1900    67                     33.0200  5653454         
  31364 18653       35.2657    81                     33.0200  5660855         
  31411 18692       41.8137    77                     33.0200  5667095         
  31451 18729       43.3300    26                     33.0200  5674304         
  31479 18739       33.0201    86                     33.0200  5681002         
  31524 18774       33.0500    74                     33.0200  5687998         
  31570 18804       35.3800    84                     33.0200  5695592         
Elapsed time = 2537.00 sec. (3455388.11 ticks, tree = 78.36 MB, solutions = 0)
  31618 18834       35.3500    89                     33.0200  5702423         
  31644 18854       34.8700    81                     33.0200  5707446         
  31685 18871       33.0500    83                     33.0200  5714407         
  31717 18897       35.2449    69                     33.0200  5722036         
  31761 18923       35.8300    73                     33.0200  5729220         
  31798 18951       36.5444    77                     33.0200  5736605         
  31859 19007       41.8400    17                     33.0200  5742113         
  31922 19048    infeasible                           33.0200  5749191         
  31964 19068       33.1060    83                     33.0200  5756988         
  32014 19096       37.1426    81                     33.0200  5764855         
Elapsed time = 2565.41 sec. (3494192.78 ticks, tree = 79.38 MB, solutions = 0)
  32042 19111       37.3577    83                     33.0200  5773474         
  32082 19133       35.0384    76                     33.0200  5782454         
  32129 19157       33.1124    82                     33.0200  5790159         
  32177 19188       38.2517    88                     33.0200  5799601         
  32219 19214       34.8700    75                     33.0200  5807531         
  32243 19228       35.3295    83                     33.0200  5815416         
  32277 19249       33.0200    73                     33.0200  5823352         
  32319 19283       35.0453    76                     33.0200  5831258         
  32392 19332       33.1900    80                     33.0200  5839855         
  32440 19356       35.8317    76                     33.0200  5849165         
Elapsed time = 2595.16 sec. (3533542.20 ticks, tree = 80.28 MB, solutions = 0)
  32492 19394       35.2415    86                     33.0200  5857318         
  32548 19428       40.4583    92                     33.0200  5866501         
  32591 19457       33.1913   102                     33.0200  5874930         
  32634 19481       37.2500    71                     33.0200  5884340         
  32673 19505       33.0200    76                     33.0200  5893052         
  32711 19534       33.0200    86                     33.0200  5902043         
  32753 19562       35.3539    72                     33.0200  5910486         
  32805 19592       35.3505    66                     33.0200  5919915         
  32840 19617       33.0200    75                     33.0200  5924708         
  32894 19657       34.8700    73                     33.0200  5933749         
Elapsed time = 2624.63 sec. (3572549.78 ticks, tree = 81.33 MB, solutions = 0)
  32934 19681       33.3014   102                     33.0200  5942557         
  32973 19704    infeasible                           33.0200  5951518         
  33026 19740       35.8600    89                     33.0200  5959706         
  33061 19767       35.4438    96                     33.0200  5969321         
  33102 19795       33.0500   106                     33.0200  5977431         
  33155 19824       35.1400    91                     33.0200  5987217         
  33189 19844       33.0213    71                     33.0200  5994445         
  33223 19870       34.8700    76                     33.0200  6001962         
  33259 19894       34.8700    65                     33.0200  6008682         
  33312 19929    infeasible                           33.0200  6015419         
Elapsed time = 2653.48 sec. (3611444.48 ticks, tree = 82.28 MB, solutions = 0)
  33344 19951       33.0787    79                     33.0200  6022967         
  33387 19978       33.0200    75                     33.0200  6030359         
  33425 20004       34.9250    82                     33.0200  6038159         
  33464 20029       36.0824    91                     33.0200  6045925         
  33496 20045       34.9443    92                     33.0200  6052963         
  33542 20073    infeasible                           33.0200  6060752         
  33576 20093       33.0820    74                     33.0200  6068054         
  33624 20123       35.3500    83                     33.0200  6074806         
  33665 20151       34.7000    82                     33.0200  6082817         
  33699 20169       33.0200    73                     33.0200  6090590         
Elapsed time = 2681.21 sec. (3650244.42 ticks, tree = 83.11 MB, solutions = 0)
  33724 20194       33.6216    95                     33.0200  6098917         
  33763 20219       36.5729    93                     33.0200  6107755         
  33805 20245       33.0500    93                     33.0200  6115816         
  33851 20277       33.2174    61                     33.0200  6124233         
  33901 20313       36.1241    90                     33.0200  6132705         
  33943 20346    infeasible                           33.0200  6141273         
  33992 20381       33.0200    92                     33.0200  6148355         
  34029 20412       36.0300    77                     33.0200  6155884         
  34061 20434       35.0336    85                     33.0200  6163587         
  34104 20465       35.8341    92                     33.0200  6171013         
Elapsed time = 2710.46 sec. (3689256.64 ticks, tree = 84.15 MB, solutions = 0)
  34147 20494       35.1275    92                     33.0200  6179285         
  34188 20527       36.5449    86                     33.0200  6187480         
  34237 20564       33.8975    98                     33.0200  6195527         
  34270 20578       33.0200    80                     33.0200  6204359         
  34326 20614       33.3631    96                     33.0200  6212888         
  34381 20649       33.1457    73                     33.0200  6220688         
  34438 20690       33.0500    72                     33.0200  6228237         
  34476 20724       35.7622   104                     33.0200  6237487         
  34508 20746    infeasible                           33.0200  6245841         
  34677 20837       33.0200    72                     33.0200  6280463         
Elapsed time = 2749.33 sec. (3739456.67 ticks, tree = 85.44 MB, solutions = 0)
  34837 20956       35.6252    82                     33.0200  6315782         
  35007 21077       37.3172    84                     33.0200  6348409         
  35194 21215       39.1268    94                     33.0200  6376249         
  35381 21348       34.8700    78                     33.0200  6404061         
  35539 21448       35.1706    79                     33.0200  6431646         
  35728 21577       37.5060    82                     33.0200  6460870         
  35871 21673       33.0500    77                     33.0200  6491720         
  36026 21767       34.7000    87                     33.0200  6525961         
  36185 21862       36.3559    87                     33.0200  6557235         
  36346 21975       34.7000   100                     33.0200  6590151         
Elapsed time = 2864.58 sec. (3893315.48 ticks, tree = 89.40 MB, solutions = 0)
  36509 22086       33.2577    81                     33.0200  6623771         
  36695 22201       35.0405    83                     33.0200  6656991         
  36841 22289       33.1170    72                     33.0200  6688176         
  37032 22432       34.2960    87                     33.0200  6722021         
  37175 22516       34.6632    57                     33.0200  6751330         
  37329 22620       33.0604    99                     33.0200  6780220         
  37458 22706       33.1468    83                     33.0200  6807997         
  37601 22801       34.7000    83                     33.0200  6836218         
  37738 22895       35.6301    67                     33.0200  6863077         
  37904 23012       40.2854    29                     33.0200  6891887         
Elapsed time = 2978.95 sec. (4046505.19 ticks, tree = 93.01 MB, solutions = 0)
  38108 23138       33.0200    90                     33.0200  6924539         
  38270 23223    infeasible                           33.0200  6958503         
  38480 23352       33.6193    84                     33.0200  6990181         
  38665 23477       35.8637    94                     33.0200  7023794         
  38815 23573       33.1900    83                     33.0200  7058529         
  38999 23700       34.6988    85                     33.0200  7092081         
  39163 23803       39.1000    97                     33.0200  7125683         
  39311 23900       35.3500   102                     33.0200  7154187         
  39431 23994       36.2931    82                     33.0200  7183694         
  39578 24104       33.0200    90                     33.0200  7211784         
Elapsed time = 3094.70 sec. (4200105.80 ticks, tree = 97.32 MB, solutions = 0)
  39694 24192       35.3500    93                     33.0200  7238062         
  39834 24294       34.7299   107                     33.0200  7269214         
  40001 24411       35.3500    81                     33.0200  7301450         
  40168 24520       35.3683    96                     33.0200  7336344         
  40349 24638       35.4512    83                     33.0200  7371922         
  40511 24761       33.0200   103                     33.0200  7406215         
  40704 24906       33.0570   100                     33.0200  7441915         
  40873 25022       33.2579    81                     33.0200  7475842         
  41051 25159       33.0500    88                     33.0200  7508249         
  41195 25251       36.3740   108                     33.0200  7538330         
Elapsed time = 3207.67 sec. (4353693.50 ticks, tree = 101.31 MB, solutions = 0)
  41337 25352       33.0540    97                     33.0200  7567267         
  41473 25442       33.7575    88                     33.0200  7595641         
  41652 25557       34.8700    74                     33.0200  7625415         
  41801 25679       33.0200    80                     33.0200  7656582         
  41953 25782       33.0795   101                     33.0200  7689532         
  42095 25881       37.0300    89                     33.0200  7721949         
  42272 26008       39.2500    70                     33.0200  7754302         
  42421 26114       35.3520    78                     33.0200  7787980         
  42561 26214       36.4627    89                     33.0200  7820460         
  42751 26353       35.4106   105                     33.0200  7854721         
Elapsed time = 3317.96 sec. (4506870.93 ticks, tree = 105.32 MB, solutions = 0)
  42922 26466       37.2500    84                     33.0200  7887119         
  43074 26571       33.4582    77                     33.0200  7916197         
  43230 26668       35.6513    81                     33.0200  7944865         
  43346 26748    infeasible                           33.0200  7970883         
  43474 26834       35.6336    94                     33.0200  7999919         
  43630 26937       35.1800    87                     33.0200  8028712         
  43788 27030       33.2839    96                     33.0200  8059464         
  43961 27155       36.0648    75                     33.0200  8092627         
  44155 27286       33.0214    83                     33.0200  8125378         
  44286 27375       38.8548   100                     33.0200  8159611         
Elapsed time = 3427.68 sec. (4660637.84 ticks, tree = 108.89 MB, solutions = 0)
  44437 27485       33.0200    72                     33.0200  8191285         
  44628 27620       37.0300    80                     33.0200  8223403         
  44795 27740       33.8268    94                     33.0200  8257207         
  44998 27865       33.1026    82                     33.0200  8292002         
  45186 27984       33.1900    79                     33.0200  8326398         
  45342 28095       33.0500    62                     33.0200  8358018         
  45477 28190       33.0200    64                     33.0200  8386250         
  45626 28283    infeasible                           33.0200  8415759         
  45786 28393       36.9400    71                     33.0200  8443218         
  45941 28483       34.9281   100                     33.0200  8475877         
Elapsed time = 3536.78 sec. (4814047.43 ticks, tree = 112.75 MB, solutions = 0)
  46086 28573       33.0259    80                     33.0200  8508667         
  46250 28693       33.0500    84                     33.0200  8542601         
  46411 28811       36.2788    85                     33.0200  8578454         
  46589 28937       34.3758   107                     33.0200  8615125         
  46765 29052       37.1298    91                     33.0200  8650979         

GUB cover cuts applied:  11
Clique cuts applied:  257
Cover cuts applied:  92
Implied bound cuts applied:  86
Flow cuts applied:  37
Mixed integer rounding cuts applied:  222
Zero-half cuts applied:  10
Gomory fractional cuts applied:  6

Root node processing (before b&c):
  Real time             =   12.60 sec. (15184.82 ticks)
Sequential b&c:
  Real time             = 3587.41 sec. (4886719.57 ticks)
                          ------------
Total (root+branch&cut) = 3600.00 sec. (4901904.39 ticks)
