Version identifier: 22.1.0.0 | 2022-03-09 | 1a383f8ce
CPXPARAM_Read_DataCheck                          1
CPXPARAM_Threads                                 1
CPXPARAM_TimeLimit                               3600
Tried aggregator 2 times.
MIP Presolve eliminated 1423 rows and 254 columns.
MIP Presolve modified 32938 coefficients.
Aggregator did 314 substitutions.
Reduced MIP has 8759 rows, 902 columns, and 66742 nonzeros.
Reduced MIP has 693 binaries, 0 generals, 0 SOSs, and 0 indicators.
Presolve time = 0.11 sec. (117.58 ticks)
Probing time = 0.00 sec. (5.48 ticks)
Tried aggregator 1 time.
Detecting symmetries...
Reduced MIP has 8759 rows, 902 columns, and 66742 nonzeros.
Reduced MIP has 693 binaries, 0 generals, 0 SOSs, and 0 indicators.
Presolve time = 0.04 sec. (28.39 ticks)
Probing time = 0.00 sec. (5.54 ticks)
Clique table members: 646.
MIP emphasis: balance optimality and feasibility.
MIP search method: dynamic search.
Parallel mode: none, using 1 thread.
Root relaxation solution time = 0.02 sec. (38.14 ticks)

        Nodes                                         Cuts/
   Node  Left     Objective  IInf  Best Integer    Best Bound    ItCnt     Gap

      0     0       33.0300   124                     33.0300      325         
      0     0       33.0300    73                    Cuts: 31      410         
      0     0       33.0300    97                  Cuts: 1156      705         
      0     0       33.0300    71                   Cuts: 135      833         
      0     0       33.0300    92                  Cuts: 1254     1063         
Detecting symmetries...
      0     2       33.0300    48                     33.0300     1063         
Elapsed time = 4.01 sec. (5075.09 ticks, tree = 0.01 MB, solutions = 0)
     10    12       33.0300    53                     33.0300     2033         
     21    23       33.0300    68                     33.0300     2996         
     30    32       34.2100    73                     33.0300     3566         
     56    54       33.0300    49                     33.0300     4863         
     63    61       33.0300    57                     33.0300     5338         
     74    70       33.0300    53                     33.0300     6506         
     81    75       33.0300    43                     33.0300     7232         
     96    88       33.0300    36                     33.0300     8316         
    112    96    infeasible                           33.0300     9415         
    136   107       33.0300    22                     33.0300    13283         
Elapsed time = 6.08 sec. (8755.26 ticks, tree = 2.46 MB, solutions = 0)
    156   101       33.0300    30                     33.0300    17780         
    209   116       33.3567    29                     33.0300    23054         
    253   132       33.0300    26                     33.0300    28539         
    289   147       33.0300    34                     33.0300    33087         
    317   163       33.1261    36                     33.0300    37541         
    340   170       33.0300    42                     33.0300    41777         
    375   188       33.2031    32                     33.0300    46161         
    395   199    infeasible                           33.0300    50960         
    418   197       33.0300    39                     33.0300    55056         
    447   212    infeasible                           33.0300    59370         
Elapsed time = 12.40 sec. (18751.37 ticks, tree = 2.15 MB, solutions = 0)
    484   230       33.0300    41                     33.0300    64369         
    510   246       34.4685    30                     33.0300    69007         
    547   264       33.1138    46                     33.0300    73866         
    573   278       33.0343    54                     33.0300    78123         
    611   296       34.2100    47                     33.0300    82745         
    651   316       33.0300    67                     33.0300    87108         
    698   351       33.3284    28                     33.0300    91237         
    759   367    infeasible                           33.0300    96259         
    841   401       33.0300    38                     33.0300   100144         
    880   423    infeasible                           33.0300   105248         
Elapsed time = 18.50 sec. (28470.44 ticks, tree = 2.62 MB, solutions = 0)
    928   441    infeasible                           33.0300   109981         
    973   469       35.2742    31                     33.0300   114770         
   1032   495       35.2800    22                     33.0300   119491         
   1082   526       35.2133    37                     33.0300   124212         
   1127   554       33.7143    25                     33.0300   128103         
   1192   589       33.1600    24                     33.0300   132665         
   1232   617       33.1600    24                     33.0300   137085         
   1296   657       33.1141    32                     33.0300   141713         
   1351   680       33.0300    43                     33.0300   146299         
   1417   711       35.2800    21                     33.0300   151208         
Elapsed time = 24.45 sec. (38210.20 ticks, tree = 3.08 MB, solutions = 0)
   1458   731       35.2206    38                     33.0300   155695         

Performing restart 1

Repeating presolve.
Tried aggregator 1 time.
Reduced MIP has 8759 rows, 902 columns, and 66742 nonzeros.
Reduced MIP has 693 binaries, 0 generals, 0 SOSs, and 0 indicators.
Presolve time = 0.02 sec. (22.29 ticks)
Tried aggregator 1 time.
Reduced MIP has 8759 rows, 902 columns, and 66742 nonzeros.
Reduced MIP has 693 binaries, 0 generals, 0 SOSs, and 0 indicators.
Presolve time = 0.04 sec. (28.95 ticks)
Represolve time = 0.11 sec. (99.56 ticks)
   1530     0       33.0300    84                   Cuts: 150   160728         
   1530     0       33.0300   106                   Cuts: 953   161039         
   1530     0       33.0300    69                    Cuts: 49   161161         
   1530     0       33.0300    92                  Cuts: 1352   161489         
   1530     0       33.0300    58                    Cuts: 15   161593         
   1530     0       33.0300    80                   Cuts: 893   161815         
   1530     0       33.0300    75                   Cuts: 518   161985         
   1530     2       33.0300    43                     33.0300   161985         
   1533     4       33.0300    77                     33.0300   162456         
   1537     7       33.0300    68                     33.0300   162567         
   1543    13       33.0300    69                     33.0300   162858         
   1555    25       33.0300    57                     33.0300   163335         
   1571    41       33.0300    53                     33.0300   163934         
   1586    56       33.0300    59                     33.0300   164902         
   1600    70       33.0300    46                     33.0300   166221         
   1622    92       33.0300    31                     33.0300   168396         
Elapsed time = 36.73 sec. (56532.29 ticks, tree = 1.14 MB, solutions = 0)
   1645    98    infeasible                           33.0300   172174         
   1663   101       36.7000    25                     33.0300   175581         
   1684   109       33.3500    34                     33.0300   179215         
   1700   114       33.0300    34                     33.0300   182205         
   1716   124       33.0300    26                     33.0300   184592         
   1733   129       33.0300    35                     33.0300   187843         
   1759   138    infeasible                           33.0300   190899         
   1773   140       35.1500    30                     33.0300   194444         
   1785   139    infeasible                           33.0300   197231         
   1815   143       33.0300    35                     33.0300   200344         
Elapsed time = 42.89 sec. (66343.13 ticks, tree = 1.36 MB, solutions = 0)
   1840   164       33.0300    36                     33.0300   203219         
   1867   180    infeasible                           33.0300   206967         
   1896   188       33.0397    36                     33.0300   210546         
   1915   197       33.0826    35                     33.0300   213544         
   1943   210       33.1100    18                     33.0300   217641         
   1970   220       33.1017    30                     33.0300   221359         
   2012   240       33.0300    30                     33.0300   225218         
   2042   254       34.5300    21                     33.0300   229607         
   2063   258       33.0503    34                     33.0300   233496         
   2095   271       33.3500    30                     33.0300   238283         
Elapsed time = 49.32 sec. (76207.14 ticks, tree = 1.56 MB, solutions = 0)
   2130   293       33.0300    32                     33.0300   241772         
   2159   302       33.0300    36                     33.0300   246015         
   2181   314       33.0300    33                     33.0300   249400         
   2200   315       33.3500    27                     33.0300   253424         
   2218   316       33.3500    24                     33.0300   255948         
   2241   317       35.1500    44                     33.0300   259067         
   2270   344       36.3300    20                     33.0300   262088         
   2308   363    infeasible                           33.0300   266158         
   2333   377       33.0300    38                     33.0300   269375         
   2357   399       36.3804    29                     33.0300   272959         
Elapsed time = 55.80 sec. (86238.78 ticks, tree = 1.81 MB, solutions = 0)
   2397   423       34.2230    38                     33.0300   276520         
   2433   441       34.2676    31                     33.0300   280144         
   2464   442       33.0426    33                     33.0300   283969         
   2503   461       35.2076    36                     33.0300   286778         

Performing restart 2

Repeating presolve.
Tried aggregator 1 time.
MIP Presolve eliminated 15 rows and 0 columns.
MIP Presolve modified 20 coefficients.
Reduced MIP has 8744 rows, 902 columns, and 71261 nonzeros.
Reduced MIP has 693 binaries, 0 generals, 0 SOSs, and 0 indicators.
Presolve time = 0.04 sec. (38.25 ticks)
Tried aggregator 1 time.
Reduced MIP has 8744 rows, 902 columns, and 71261 nonzeros.
Reduced MIP has 693 binaries, 0 generals, 0 SOSs, and 0 indicators.
Presolve time = 0.04 sec. (32.01 ticks)
Represolve time = 0.17 sec. (139.87 ticks)
   2550     0       33.0300    80                   Cuts: 165   290523         
   2550     0       33.0300   106                  Cuts: 1367   290761         
   2550     0       33.0300    82                   Cuts: 126   290940         
   2550     0       33.0300    92                   Cuts: 546   291149         
   2550     0       33.0300    81                   Cuts: 319   291367         
   2550     0       33.0300    92                  Cuts: 1260   291600         
   2550     0       33.0300    62                   Cuts: 204   291779         
   2550     0       33.0300    96                   Cuts: 958   291999         
   2550     0       33.0300    65                   Cuts: 359   292120         
   2550     0       33.0300    87                  Cuts: 1113   292344         
   2550     0       33.0300    74                   Cuts: 185   292538         
   2550     0       33.0300    77                  Cuts: 1339   292715         
   2550     2       33.0300    39                     33.0300   292715         
   2557     9       33.0300    43                     33.0300   293104         
   2567    19       33.0300    48                     33.0300   293722         
   2575    27       33.0300    39                     33.0300   294004         
   2580    32       33.0300    48                     33.0300   294541         
   2587    38       35.1500    62                     33.0300   295536         
Elapsed time = 82.52 sec. (124021.56 ticks, tree = 0.20 MB, solutions = 0)
   2592    43       35.1500    47                     33.0300   296117         
   2599    50       35.1500    38                     33.0300   297120         
   2609    60       35.1500    26                     33.0300   297817         
   2617    65       35.1500    24                     33.0300   298870         
   2627    67       33.0300    34                     33.0300   300384         
   2635    75       33.0300    49                     33.0300   300756         
   2647    87       33.0300    40                     33.0300   301259         
   2656    96       33.0300    51                     33.0300   301915         
   2664   104       33.0300    55                     33.0300   302432         
   2692   132       33.0300    35                     33.0300   306277         
Elapsed time = 90.04 sec. (137602.16 ticks, tree = 0.53 MB, solutions = 0)
   2750   149       33.4000    26                     33.0300   315438         
   2810   178       33.0300    40                     33.0300   322567         
   2860   207       33.1100    27                     33.0300   328679         
   2944   238       33.3500    39                     33.0300   338858         
   3016   258       33.0300    41                     33.0300   348635         
   3075   277       33.0300    44                     33.0300   355848         
   3132   320       33.0300    24                     33.0300   364154         
*  3140+  317                           35.4700       33.0300             6.88%
   3203   327       33.0300    33       35.4700       33.0300   374532    6.88%
*  3243   206      integral     0       35.1500       33.0300   380544    6.03%
   3305   199       33.0300    28       35.1500       33.0300   387051    6.03%
   3385   189       33.0300    29       35.1500       33.0300   396974    6.03%
Elapsed time = 116.62 sec. (177189.04 ticks, tree = 0.56 MB, solutions = 2)
   3462   214    infeasible             35.1500       33.0300   406678    6.03%
   3550   239       33.0300    17       35.1500       33.0300   418403    6.03%
   3645   245    infeasible             35.1500       33.0300   434269    6.03%
   3754   261       33.3500    17       35.1500       33.0300   449253    6.03%
   3898   286       33.0413    18       35.1500       33.0300   464614    6.03%
   4016   303       33.0300    26       35.1500       33.0300   479154    6.03%
   4180   329       33.0300    33       35.1500       33.0300   496275    6.03%
   4284   352       33.0300    33       35.1500       33.0300   507981    6.03%
   4402   366       33.0864    27       35.1500       33.0300   522191    6.03%
   4479   399       33.0300    51       35.1500       33.0300   529888    6.03%
Elapsed time = 146.53 sec. (218012.22 ticks, tree = 0.94 MB, solutions = 2)
   4550   442       33.0300    38       35.1500       33.0300   536288    6.03%
   4654   486       33.0300    26       35.1500       33.0300   546465    6.03%
   4729   526       33.0300    31       35.1500       33.0300   555506    6.03%
   4813   543       33.0300    32       35.1500       33.0300   562367    6.03%
   4928   569       33.2700    17       35.1500       33.0300   572425    6.03%
   5023   579       33.0300    24       35.1500       33.0300   584251    6.03%
   5124   577    infeasible             35.1500       33.0300   597116    6.03%
   5207   597    infeasible             35.1500       33.0300   603400    6.03%
   5303   591       33.0300    22       35.1500       33.0300   614003    6.03%
   5411   610       33.0300     9       35.1500       33.0300   621800    6.03%
Elapsed time = 178.06 sec. (256674.89 ticks, tree = 1.27 MB, solutions = 2)
   5524   612       33.0300    11       35.1500       33.0300   630100    6.03%
   5613   611       33.0300     7       35.1500       33.0300   640004    6.03%
   5696   608    infeasible             35.1500       33.0300   651007    6.03%
   5750   606       33.0300    15       35.1500       33.0300   658766    6.03%
   5848   610       33.0300    19       35.1500       33.0300   667421    6.03%
   5989   612    infeasible             35.1500       33.0300   678563    6.03%
   6089   618    infeasible             35.1500       33.0300   690056    6.03%
   6195   627       33.0300    13       35.1500       33.0300   701685    6.03%
   6316   633       33.0300    25       35.1500       33.0300   713643    6.03%
*  6325     1      integral     0       33.0300       33.0300   714493    0.00%

GUB cover cuts applied:  1
Clique cuts applied:  5
Cover cuts applied:  63
Mixed integer rounding cuts applied:  13
Zero-half cuts applied:  2
Gomory fractional cuts applied:  1

Root node processing (before b&c):
  Real time             =    4.00 sec. (5058.31 ticks)
Sequential b&c:
  Real time             =  204.53 sec. (287288.08 ticks)
                          ------------
Total (root+branch&cut) =  208.54 sec. (292346.39 ticks)
