Version identifier: 22.1.0.0 | 2022-03-09 | 1a383f8ce
CPXPARAM_Read_DataCheck                          1
CPXPARAM_Threads                                 1
CPXPARAM_TimeLimit                               3600
Tried aggregator 2 times.
MIP Presolve eliminated 6185 rows and 1768 columns.
MIP Presolve modified 30558 coefficients.
Aggregator did 393 substitutions.
Reduced MIP has 6288 rows, 889 columns, and 43227 nonzeros.
Reduced MIP has 723 binaries, 0 generals, 0 SOSs, and 0 indicators.
Presolve time = 0.08 sec. (88.24 ticks)
Probing fixed 15 vars, tightened 3 bounds.
Probing time = 0.06 sec. (68.55 ticks)
Tried aggregator 1 time.
Detecting symmetries...
MIP Presolve eliminated 67 rows and 15 columns.
MIP Presolve modified 79 coefficients.
Reduced MIP has 6221 rows, 874 columns, and 42761 nonzeros.
Reduced MIP has 708 binaries, 0 generals, 0 SOSs, and 0 indicators.
Presolve time = 0.02 sec. (19.42 ticks)
Probing time = 0.01 sec. (7.44 ticks)
Clique table members: 14289.
MIP emphasis: balance optimality and feasibility.
MIP search method: dynamic search.
Parallel mode: none, using 1 thread.
Root relaxation solution time = 0.02 sec. (26.52 ticks)

        Nodes                                         Cuts/
   Node  Left     Objective  IInf  Best Integer    Best Bound    ItCnt     Gap

      0     0       22.5700   135                     22.5700      314         
      0     0       22.5700    23                  MIRcuts: 2      328         
      0     0       22.5700    60                   Cuts: 237      445         
      0     0       22.5700    45                    Cuts: 56      548         
      0     0       22.5700    62                   Cuts: 384      703         
      0     2       22.5700    31                     22.5700      703         
Elapsed time = 1.52 sec. (2094.16 ticks, tree = 0.01 MB, solutions = 0)
     22    24       22.5700    42                     22.5700     1999         
     40    42       22.5700    49                     22.5700     3116         
     60    60       22.5700    34                     22.5700     4402         
     84    80       22.8959    33                     22.5700     5462         
    100    94       22.7500    27                     22.5700     6518         
    113   101       22.7707    24                     22.5700     8248         
    135   116       22.5700    34                     22.5700     9611         
    152   130       22.5700    15                     22.5700    11060         
    168   140       22.5700    15                     22.5700    12718         
    217   144       22.5767    23                     22.5700    18539         
Elapsed time = 3.45 sec. (5521.28 ticks, tree = 1.44 MB, solutions = 0)
    298   178       22.5700    33                     22.5700    24622         
    382   216       30.1300    21                     22.5700    31436         
    480   288       22.5701    25                     22.5700    37932         
    565   335       22.5700    33                     22.5700    43956         
    648   399       22.5700    38                     22.5700    50301         
    694   424    infeasible                           22.5700    56709         
    747   460       22.5984    37                     22.5700    62268         
    809   493       22.7982    20                     22.5700    68257         
    865   523       22.5700    52                     22.5700    74115         
    933   567       22.5700    39                     22.5700    80732         
Elapsed time = 9.33 sec. (15288.99 ticks, tree = 1.98 MB, solutions = 0)
   1012   617       22.7500    37                     22.5700    87237         

Performing restart 1

Repeating presolve.
Tried aggregator 1 time.
MIP Presolve eliminated 14 rows and 7 columns.
Reduced MIP has 6207 rows, 867 columns, and 42733 nonzeros.
Reduced MIP has 701 binaries, 0 generals, 0 SOSs, and 0 indicators.
Presolve time = 0.03 sec. (25.98 ticks)
Tried aggregator 1 time.
Reduced MIP has 6207 rows, 867 columns, and 42733 nonzeros.
Reduced MIP has 701 binaries, 0 generals, 0 SOSs, and 0 indicators.
Presolve time = 0.02 sec. (19.15 ticks)
Represolve time = 0.13 sec. (129.84 ticks)
   1038     0       22.5700    47                    Cuts: 40    89970         
   1038     0       22.5700    72                   Cuts: 546    90175         
   1038     0       22.5700    43                    Cuts: 62    90250         
   1038     0       22.5700    67                   Cuts: 857    90449         
   1038     0       22.5700    38                    Cuts: 22    90514         
   1038     0       22.5700    67                   Cuts: 531    90738         
   1038     0       22.5700    32                    Cuts: 24    90795         
   1038     0       22.5700    87                   Cuts: 401    91079         
   1038     2       22.5700    31                     22.5700    91079         
   1051    14       22.5700    51                     22.5700    91661         
   1069    30       27.4600    54                     22.5700    92567         
   1090    45       28.9500    37                     22.5700    94252         
   1128    69       22.5700    48                     22.5700    96546         
   1163   101       22.5700    39                     22.5700    98817         
   1201   123       22.5700    34                     22.5700   101353         
   1258   176       22.5700    40                     22.5700   104029         
   1309   207       30.8200    17                     22.5700   107929         
Elapsed time = 17.71 sec. (29200.59 ticks, tree = 0.67 MB, solutions = 0)
   1369   217       23.0400    25                     22.5700   112206         
   1417   239       22.5700    27                     22.5700   115797         
   1450   248       27.3231    27                     22.5700   120502         
   1508   272       30.8200    14                     22.5700   125793         
   1547   284       22.5700    56                     22.5700   129046         
   1561   298       30.0500    36                     22.5700   130816         
   1603   327    infeasible                           22.5700   134627         
   1651   371       22.5822    29                     22.5700   137734         
   1696   401       27.0412    32                     22.5700   140430         
   1758   443       30.8200    15                     22.5700   143979         
Elapsed time = 24.28 sec. (38909.13 ticks, tree = 0.96 MB, solutions = 0)
   1813   479       22.5700    49                     22.5700   147848         
   1869   520       25.7060    31                     22.5700   151093         
   1910   550       22.5700    32                     22.5700   154625         
   1965   597       24.3000    24                     22.5700   159706         
   2004   626       30.4726    26                     22.5700   164062         
   2056   654       29.7500    23                     22.5700   168473         

Performing restart 2

Repeating presolve.
Tried aggregator 1 time.
Reduced MIP has 6207 rows, 867 columns, and 44766 nonzeros.
Reduced MIP has 701 binaries, 0 generals, 0 SOSs, and 0 indicators.
Presolve time = 0.02 sec. (15.56 ticks)
Tried aggregator 1 time.
Reduced MIP has 6207 rows, 867 columns, and 44766 nonzeros.
Reduced MIP has 701 binaries, 0 generals, 0 SOSs, and 0 indicators.
Presolve time = 0.02 sec. (20.15 ticks)
Represolve time = 0.13 sec. (127.80 ticks)
   2076     0       22.5700    53                    Cuts: 63   170112         
   2076     0       22.5700    96                   Cuts: 858   170390         
   2076     0       22.5700    64                    Cuts: 58   170548         
   2076     0       22.5700    91                   Cuts: 776   170822         
   2076     0       22.5700    47                   Cuts: 241   170908         
   2076     0       22.5700    76                   Cuts: 644   171096         
   2076     0       22.5700    43                     Cuts: 7   171160         
   2076     0       22.5700    85                   Cuts: 623   171361         
   2076     0       22.5700    51                    Cuts: 60   171477         
   2076     0       22.5700    67                   Cuts: 909   171660         
   2076     0       22.5700    51                    Cuts: 77   171832         
   2076     0       22.5700    88                   Cuts: 644   172019         
   2076     2       22.5700    29                     22.5700   172019         
   2086    12       22.5700    36                     22.5700   172531         
   2096    22       22.5700    37                     22.5700   173121         
   2104    30       22.5700    44                     22.5700   174035         
Elapsed time = 40.39 sec. (62514.79 ticks, tree = 0.28 MB, solutions = 0)
   2115    39       25.0600    40                     22.5700   174794         
   2132    47       22.5700    56                     22.5700   175930         
   2146    61       22.5700    47                     22.5700   176515         
   2153    67       22.7500    47                     22.5700   177371         
   2177    90       24.6800    29                     22.5700   178680         
   2193    95    infeasible                           22.5700   180904         
   2210   112       22.7500    43                     22.5700   181596         
   2218   118       22.7500    50                     22.5700   182524         
   2243   140       28.2600    27                     22.5700   183907         
   2269   159       22.5700    43                     22.5700   185779         
Elapsed time = 45.73 sec. (72392.04 ticks, tree = 0.53 MB, solutions = 0)
   2302   186    infeasible                           22.5700   187608         
   2319   199       22.5700    40                     22.5700   188580         
   2340   220       23.2200    29                     22.5700   190009         
   2359   235       28.7319    32                     22.5700   191735         
   2394   264       22.5800    21                     22.5700   193837         
   2424   274       22.5700    32                     22.5700   196554         
   2448   290       22.9019    50                     22.5700   198948         
   2478   307       22.5800    20                     22.5700   201181         
   2500   318       30.8100    33                     22.5700   203938         
   2531   335       27.2472    45                     22.5700   206888         
Elapsed time = 51.84 sec. (82194.32 ticks, tree = 0.98 MB, solutions = 0)
   2556   357       30.1300    47                     22.5700   208958         
   2570   371       31.1400    30                     22.5700   210866         
   2581   378       22.5700    40                     22.5700   212197         
   2600   396       23.4300    35                     22.5700   214252         
   2627   412       28.7382    17                     22.5700   217902         
   2662   428       25.0600    31                     22.5700   221013         
   2717   466       22.5700    50                     22.5700   224009         
   2759   504    infeasible                           22.5700   227133         
   2795   530       22.5700    54                     22.5700   229492         
   2818   553       22.5800    35                     22.5700   232266         
Elapsed time = 58.00 sec. (92131.68 ticks, tree = 1.21 MB, solutions = 0)
   2854   582       32.2061    43                     22.5700   235335         
   2896   618       30.7700    22                     22.5700   238325         
   2929   638       22.5700    24                     22.5700   242044         
   2963   659       22.5700    23                     22.5700   245664         
   3005   686       24.2248    45                     22.5700   249632         
   3049   718       22.6078    47                     22.5700   253304         
   3096   757       25.2028    33                     22.5700   257197         
   3141   778       22.5700    40                     22.5700   260849         
   3161   798       22.7511    49                     22.5700   263771         
   3185   813       24.4047    35                     22.5700   266821         
Elapsed time = 64.71 sec. (101898.64 ticks, tree = 1.95 MB, solutions = 0)
   3218   835       29.9681    14                     22.5700   269745         
   3253   854       24.5700    26                     22.5700   273195         
   3281   864       25.0943    43                     22.5700   277000         
   3303   878       33.8759    45                     22.5700   279790         
   3315   886       27.2800    52                     22.5700   281535         
   3338   900       26.6984    38                     22.5700   284929         
   3394   945       24.5700    23                     22.5700   288789         
   3448   987       22.5700    29                     22.5700   293086         
   3499  1028       22.5700    29                     22.5700   297767         
*  3586  1083      integral     0       36.1900       22.5700   307783   37.63%
   3700  1163       22.6913    37       36.1900       22.5700   316842   37.63%
Elapsed time = 73.39 sec. (114613.53 ticks, tree = 2.79 MB, solutions = 1)
*  3745  1192      integral     0       36.1500       22.5700   319774   37.57%
   3833  1252       22.5700    46       36.1500       22.5700   329833   37.57%
   3939  1324       24.5700    26       36.1500       22.5700   341657   37.57%
   4084  1439       25.4970    26       36.1500       22.5700   356798   37.57%
   4248  1541       28.5312    45       36.1500       22.5700   373892   37.57%
*  4406+ 1625                           35.8800       22.5700            37.10%
   4425  1641       26.1379    13       35.8800       22.5700   390531   37.10%
*  4485  1610      integral     0       32.7400       22.5700   394666   31.06%
   4601  1695       22.6482    41       32.7400       22.5700   407519   31.06%
   4728  1775       22.5700    34       32.7400       22.5700   423596   31.06%
   4854  1863       22.5700    41       32.7400       22.5700   439415   31.06%
   4992  1960       22.6970    32       32.7400       22.5700   455946   31.06%
Elapsed time = 99.15 sec. (149953.83 ticks, tree = 4.07 MB, solutions = 4)
   5108  2032       22.7500    42       32.7400       22.5700   470018   31.06%
   5183  2079       22.6127    37       32.7400       22.5700   478444   31.06%
   5276  2145       24.5700    34       32.7400       22.5700   491256   31.06%
   5427  2243       22.5700    32       32.7400       22.5700   506379   31.06%
   5591  2339       22.5700    30       32.7400       22.5700   523159   31.06%
   5728  2419       22.5700    43       32.7400       22.5700   539750   31.06%
   5864  2506       28.2000    39       32.7400       22.5700   553220   31.06%
   5988  2589       22.6195    42       32.7400       22.5700   567607   31.06%
   6128  2688       29.7343    21       32.7400       22.5700   583809   31.06%
   6266  2775       25.9368    28       32.7400       22.5700   602927   31.06%
Elapsed time = 127.23 sec. (188531.41 ticks, tree = 5.14 MB, solutions = 4)
   6398  2856       30.3500    25       32.7400       22.5700   620385   31.06%
   6566  2941       25.0050    48       32.7400       22.5700   636620   31.06%
   6678  3027       30.1105    34       32.7400       22.5700   650205   31.06%
   6791  3103       22.5700    52       32.7400       22.5700   666557   31.06%
   6905  3170       29.9462    49       32.7400       22.5700   682320   31.06%
   7066  3280       32.0292    15       32.7400       22.5700   698574   31.06%
   7212  3371       27.2500    32       32.7400       22.5700   718448   31.06%
   7349  3461       29.0517    50       32.7400       22.5700   733605   31.06%
   7434  3523       29.4409    24       32.7400       22.5700   741124   31.06%
   7549  3602       22.5700    41       32.7400       22.5700   754442   31.06%
Elapsed time = 155.11 sec. (227111.21 ticks, tree = 6.08 MB, solutions = 4)
   7630  3653       22.5700    36       32.7400       22.5700   769403   31.06%
   7756  3732       26.6000    34       32.7400       22.5700   786057   31.06%
   7925  3832       28.7249    61       32.7400       22.5700   804890   31.06%
   8092  3931       24.5700    36       32.7400       22.5700   824501   31.06%
   8239  4025       29.2763    34       32.7400       22.5700   842673   31.06%
   8363  4103       22.6600    30       32.7400       22.5700   859085   31.06%
   8532  4198       23.7345    40       32.7400       22.5700   877127   31.06%
   8576  4221       26.2223    42       32.7400       22.5700   884388   31.06%
*  8676+ 3979                           31.0100       22.5700            27.22%
   8694  3993       22.6044    30       31.0100       22.5700   900075   27.22%
   8788  4059       25.2485    28       31.0100       22.5700   913719   27.22%
Elapsed time = 183.97 sec. (265965.85 ticks, tree = 6.77 MB, solutions = 5)
   8873  4113       22.5700    46       31.0100       22.5700   928471   27.22%
   8911  4138       26.1100    26       31.0100       22.5700   932463   27.22%
   9094  4257        cutoff             31.0100       22.5700   950770   27.22%
   9194  4320       22.9429    32       31.0100       22.5700   966228   27.22%
   9320  4383        cutoff             31.0100       22.5700   982028   27.22%
   9433  4447       24.6800    32       31.0100       22.5700   998489   27.22%
   9476  4478       27.9572    20       31.0100       22.5700  1005353   27.22%
   9556  4520       27.6500    25       31.0100       22.5700  1017970   27.22%
   9708  4614       29.6100    31       31.0100       22.5700  1035428   27.22%
   9822  4693       22.5700    29       31.0100       22.5700  1050024   27.22%
Elapsed time = 212.54 sec. (304697.34 ticks, tree = 7.93 MB, solutions = 5)
   9969  4795       22.5700    54       31.0100       22.5700  1067757   27.22%
  10124  4894       22.5700    32       31.0100       22.5700  1084557   27.22%
  10247  4969       27.3100    28       31.0100       22.5700  1103149   27.22%
  10325  5014       26.1265    26       31.0100       22.5700  1115237   27.22%
  10438  5079       26.0500    21       31.0100       22.5700  1129670   27.22%
  10595  5173       22.5703    35       31.0100       22.5700  1146055   27.22%
  10754  5277       22.5700    46       31.0100       22.5700  1162395   27.22%
  10858  5347       23.1606    45       31.0100       22.5700  1177140   27.22%
  10977  5426       24.8400    38       31.0100       22.5700  1191309   27.22%
  11120  5513       26.5000    47       31.0100       22.5700  1207779   27.22%
Elapsed time = 241.32 sec. (343184.79 ticks, tree = 8.92 MB, solutions = 5)
  11270  5613       22.5700    50       31.0100       22.5700  1225139   27.22%
  11362  5677       28.2200    33       31.0100       22.5700  1238691   27.22%
  11517  5770       27.5980    49       31.0100       22.5700  1257505   27.22%
  11676  5877       30.6174    31       31.0100       22.5700  1274295   27.22%
  11805  5957       29.4587    24       31.0100       22.5700  1289884   27.22%
  11944  6046       22.8032    37       31.0100       22.5700  1306230   27.22%
  12009  6100       27.7500    41       31.0100       22.5700  1314404   27.22%
  12076  6143       22.5700    41       31.0100       22.5700  1324667   27.22%
  12176  6206       22.5778    43       31.0100       22.5700  1338349   27.22%
  12316  6295       23.7297    36       31.0100       22.5700  1357660   27.22%
Elapsed time = 271.37 sec. (384005.10 ticks, tree = 9.97 MB, solutions = 5)
  12456  6388       27.9449    33       31.0100       22.5700  1377835   27.22%
  12573  6459       23.0626    37       31.0100       22.5700  1393424   27.22%
  12678  6535       29.2300    33       31.0100       22.5700  1410028   27.22%
  12779  6605       29.4102    29       31.0100       22.5700  1428098   27.22%
  12883  6676       27.6548    48       31.0100       22.5700  1444758   27.22%
  13001  6763       24.8600    38       31.0100       22.5700  1462778   27.22%
  13136  6856       23.1728    42       31.0100       22.5700  1483228   27.22%
  13285  6950       27.4626    39       31.0100       22.5700  1503020   27.22%
  13414  7033       22.5900    49       31.0100       22.5700  1520810   27.22%
  13544  7106       22.8401    42       31.0100       22.5700  1538523   27.22%
Elapsed time = 301.28 sec. (422309.56 ticks, tree = 11.35 MB, solutions = 5)
  13662  7186       25.8200    42       31.0100       22.5700  1554099   27.22%
  13782  7269       22.5700    37       31.0100       22.5700  1572253   27.22%
  13876  7341       25.6525    37       31.0100       22.5700  1583525   27.22%
  14027  7443       22.5700    36       31.0100       22.5700  1603258   27.22%
  14176  7545       23.0450    45       31.0100       22.5700  1621486   27.22%
  14332  7648       22.7606    46       31.0100       22.5700  1640307   27.22%
  14471  7744       25.2610    27       31.0100       22.5700  1660337   27.22%
  14574  7808        cutoff             31.0100       22.5700  1676216   27.22%
  14650  7851       26.6800    43       31.0100       22.5700  1685160   27.22%
  14756  7918       30.4334    20       31.0100       22.5700  1699674   27.22%
Elapsed time = 330.07 sec. (461296.36 ticks, tree = 12.44 MB, solutions = 5)
  14920  8012       22.7918    33       31.0100       22.5700  1720546   27.22%
  15073  8096       27.2800    46       31.0100       22.5700  1740171   27.22%
  15176  8161       22.6095    49       31.0100       22.5700  1753479   27.22%
  15289  8237       28.4831    39       31.0100       22.5700  1768886   27.22%
  15398  8311       27.7900    31       31.0100       22.5700  1784932   27.22%
  15538  8403       22.5771    46       31.0100       22.5700  1802290   27.22%
  15700  8522       22.6128    71       31.0100       22.5700  1821293   27.22%
  15887  8654       30.5300    26       31.0100       22.5700  1840569   27.22%
  16051  8771       22.5738    32       31.0100       22.5700  1858940   27.22%
  16256  8903       22.5700    38       31.0100       22.5700  1878183   27.22%
Elapsed time = 359.96 sec. (500388.42 ticks, tree = 13.96 MB, solutions = 5)
  16301  8931       24.7324    49       31.0100       22.5700  1882811   27.22%
  16454  9031       22.5700    42       31.0100       22.5700  1902985   27.22%
  16589  9136       27.6600    35       31.0100       22.5700  1919079   27.22%
  16724  9236       22.5727    48       31.0100       22.5700  1934563   27.22%
  16863  9333       23.8927    56       31.0100       22.5700  1950414   27.22%
  16991  9435       22.8236    39       31.0100       22.5700  1966639   27.22%
  17121  9524       22.6127    44       31.0100       22.5700  1983083   27.22%
  17269  9616       28.1300    24       31.0100       22.5700  2002995   27.22%
  17440  9726       30.3332    24       31.0100       22.5700  2021337   27.22%
  17546  9788       23.9600    37       31.0100       22.5700  2036015   27.22%
Elapsed time = 388.93 sec. (538785.22 ticks, tree = 15.09 MB, solutions = 5)
  17690  9865       22.5700    39       31.0100       22.5700  2054468   27.22%
  17889  9960       22.8420    43       31.0100       22.5700  2075778   27.22%
  18046 10055       29.0800    36       31.0100       22.5700  2093388   27.22%
  18188 10148       22.5700    51       31.0100       22.5700  2110153   27.22%
  18339 10261       22.5700    33       31.0100       22.5700  2127575   27.22%
  18396 10296       22.5700    48       31.0100       22.5700  2134897   27.22%
  18538 10395       22.7500    53       31.0100       22.5700  2151708   27.22%
  18679 10482       28.4700    41       31.0100       22.5700  2168835   27.22%
  18829 10572       22.7700    49       31.0100       22.5700  2183570   27.22%
  18962 10656       24.3000    38       31.0100       22.5700  2199224   27.22%
Elapsed time = 417.41 sec. (577369.10 ticks, tree = 16.14 MB, solutions = 5)
  19183 10806       27.4599    43       31.0100       22.5700  2217167   27.22%
  19354 10896        cutoff             31.0100       22.5700  2235062   27.22%
  19585 11057       27.2879    48       31.0100       22.5700  2253135   27.22%
  19775 11181       30.2875    17       31.0100       22.5700  2272455   27.22%
  19943 11287       22.5700    46       31.0100       22.5700  2289644   27.22%
  20089 11370       27.3230    33       31.0100       22.5700  2308546   27.22%
  20232 11465       22.5700    41       31.0100       22.5700  2325610   27.22%
  20390 11572       29.6133    38       31.0100       22.5700  2340669   27.22%
  20476 11627       22.7245    49       31.0100       22.5700  2350395   27.22%
  20624 11724       22.5989    47       31.0100       22.5700  2365682   27.22%
Elapsed time = 448.17 sec. (617456.06 ticks, tree = 17.45 MB, solutions = 5)
  20767 11810       22.5700    37       31.0100       22.5700  2382557   27.22%
  20963 11952       24.3831    41       31.0100       22.5700  2400954   27.22%
  21127 12045       25.1600    49       31.0100       22.5700  2420978   27.22%
  21258 12122       28.9581    48       31.0100       22.5700  2436955   27.22%
  21433 12242       27.2879    54       31.0100       22.5700  2454780   27.22%
  21563 12329       22.7733    56       31.0100       22.5700  2471423   27.22%
  21706 12430       23.1683    65       31.0100       22.5700  2488724   27.22%
  21865 12531       27.9991    55       31.0100       22.5700  2508384   27.22%
  22019 12640       25.1600    45       31.0100       22.5700  2526673   27.22%
  22135 12720        cutoff             31.0100       22.5700  2543345   27.22%
Elapsed time = 477.23 sec. (655779.91 ticks, tree = 18.72 MB, solutions = 5)
  22231 12782       23.4511    51       31.0100       22.5700  2558811   27.22%
  22361 12866       24.1938    40       31.0100       22.5700  2575002   27.22%
  22545 12982        cutoff             31.0100       22.5700  2592555   27.22%
  22728 13087       29.5703    24       31.0100       22.5700  2610606   27.22%
  22905 13189        cutoff             31.0100       22.5700  2630176   27.22%
  23076 13295       22.5866    43       31.0100       22.5700  2648920   27.22%
  23233 13394       28.0408    48       31.0100       22.5700  2668004   27.22%
  23396 13485       26.8300    29       31.0100       22.5700  2685043   27.22%
  23548 13577       23.4300    42       31.0100       22.5700  2704395   27.22%
  23689 13661       26.0047    41       31.0100       22.5700  2721834   27.22%
Elapsed time = 507.78 sec. (695611.89 ticks, tree = 19.86 MB, solutions = 5)
  23817 13733       25.7044    29       31.0100       22.5700  2739025   27.22%
  23953 13810       26.4000    41       31.0100       22.5700  2755655   27.22%
  24119 13910       22.5700    53       31.0100       22.5700  2773616   27.22%
  24176 13949       22.5815    47       31.0100       22.5700  2780278   27.22%
  24303 14051       26.4045    62       31.0100       22.5700  2796554   27.22%
  24406 14119       24.1759    61       31.0100       22.5700  2812754   27.22%
  24500 14184       22.7700    35       31.0100       22.5700  2827575   27.22%
  24631 14265       22.5979    48       31.0100       22.5700  2845450   27.22%
  24764 14357       22.5700    54       31.0100       22.5700  2861219   27.22%
  24912 14465       27.4905    44       31.0100       22.5700  2879132   27.22%
Elapsed time = 536.75 sec. (734412.30 ticks, tree = 20.84 MB, solutions = 5)
  25046 14527       22.5700    47       31.0100       22.5700  2896638   27.22%
  25213 14643       22.5700    56       31.0100       22.5700  2914521   27.22%
  25308 14710       29.5473    26       31.0100       22.5700  2930143   27.22%
  25431 14784       25.2530    44       31.0100       22.5700  2947077   27.22%
  25567 14866       22.5731    66       31.0100       22.5700  2964342   27.22%
  25714 14967       23.4300    56       31.0100       22.5700  2982367   27.22%
  25850 15062       22.5700    51       31.0100       22.5700  3000650   27.22%
  25943 15122       22.5700    55       31.0100       22.5700  3012625   27.22%
  26104 15232       22.5894    60       31.0100       22.5700  3033012   27.22%
  26266 15339       24.5917    58       31.0100       22.5700  3053393   27.22%
Elapsed time = 565.60 sec. (772867.62 ticks, tree = 21.96 MB, solutions = 5)
  26412 15430    infeasible             31.0100       22.5700  3074116   27.22%
  26558 15524       26.5800    44       31.0100       22.5700  3091934   27.22%
  26694 15615    infeasible             31.0100       22.5700  3109835   27.22%
  26817 15699       23.9974    31       31.0100       22.5700  3128676   27.22%
  26938 15758       22.5976    63       31.0100       22.5700  3147160   27.22%
  27076 15849       24.4191    49       31.0100       22.5700  3164301   27.22%
  27246 15955       23.5137    54       31.0100       22.5700  3181568   27.22%
  27369 16031       24.3900    49       31.0100       22.5700  3197853   27.22%
  27515 16129       22.5700    53       31.0100       22.5700  3216571   27.22%
  27644 16217       22.8575    53       31.0100       22.5700  3231737   27.22%
Elapsed time = 595.04 sec. (812145.25 ticks, tree = 23.28 MB, solutions = 5)
  27795 16308       24.3000    46       31.0100       22.5700  3250870   27.22%
  27939 16388       27.4885    43       31.0100       22.5700  3270582   27.22%
  28073 16473       26.4000    54       31.0100       22.5700  3289640   27.22%
  28160 16520       24.6800    64       31.0100       22.5700  3303255   27.22%
  28194 16546       26.9796    45       31.0100       22.5700  3308979   27.22%
  28352 16647       25.5406    50       31.0100       22.5700  3328374   27.22%
  28496 16757       22.5800    42       31.0100       22.5700  3346210   27.22%
  28591 16831       22.5707    40       31.0100       22.5700  3360424   27.22%
  28724 16927       24.4000    43       31.0100       22.5700  3377897   27.22%
  28831 17010       22.5850    40       31.0100       22.5700  3392673   27.22%
Elapsed time = 623.78 sec. (850546.74 ticks, tree = 25.28 MB, solutions = 5)
  28976 17117       29.3052    31       31.0100       22.5700  3411004   27.22%
  29134 17229       22.8352    43       31.0100       22.5700  3430062   27.22%
  29271 17328       22.5700    49       31.0100       22.5700  3447740   27.22%
  29381 17407       25.1021    51       31.0100       22.5700  3462646   27.22%
  29510 17500       25.8857    33       31.0100       22.5700  3479759   27.22%
  29629 17582       22.5700    37       31.0100       22.5700  3496571   27.22%
  29744 17653       22.8091    39       31.0100       22.5700  3515025   27.22%
  29895 17734       22.5800    45       31.0100       22.5700  3532292   27.22%
  30030 17813       26.5605    48       31.0100       22.5700  3549222   27.22%
  30176 17912       27.2800    30       31.0100       22.5700  3564842   27.22%
Elapsed time = 653.60 sec. (889683.58 ticks, tree = 26.38 MB, solutions = 5)
  30324 18001       22.7500    34       31.0100       22.5700  3581892   27.22%
  30452 18081       27.9739    41       31.0100       22.5700  3600124   27.22%
  30560 18147       23.4300    43       31.0100       22.5700  3618397   27.22%
  30674 18226       22.7700    29       31.0100       22.5700  3633674   27.22%
  30776 18297       30.4700    21       31.0100       22.5700  3644566   27.22%
  30922 18386       29.1000    26       31.0100       22.5700  3662580   27.22%
  31098 18490       22.5700    46       31.0100       22.5700  3681723   27.22%
  31278 18595       27.9913    44       31.0100       22.5700  3702360   27.22%
  31401 18664       28.4700    55       31.0100       22.5700  3720024   27.22%
  31561 18773       22.6308    62       31.0100       22.5700  3736640   27.22%
Elapsed time = 682.96 sec. (928532.47 ticks, tree = 27.74 MB, solutions = 5)
  31706 18852       30.8300    29       31.0100       22.5700  3754072   27.22%
  31849 18923       24.4065    49       31.0100       22.5700  3770683   27.22%
  32016 19014       26.6000    37       31.0100       22.5700  3788042   27.22%
  32191 19112       27.0053    39       31.0100       22.5700  3806053   27.22%
  32318 19197        cutoff             31.0100       22.5700  3822039   27.22%
  32393 19244       30.2720    17       31.0100       22.5700  3830083   27.22%
  32545 19338       26.2270    31       31.0100       22.5700  3848484   27.22%
  32728 19450    infeasible             31.0100       22.5700  3868625   27.22%
  32907 19563       22.8307    55       31.0100       22.5700  3887194   27.22%
  33039 19643       22.8670    59       31.0100       22.5700  3908709   27.22%
Elapsed time = 711.72 sec. (966913.97 ticks, tree = 28.92 MB, solutions = 5)
  33182 19732       28.6905    50       31.0100       22.5700  3929637   27.22%
  33332 19817       29.8150    18       31.0100       22.5700  3948269   27.22%
  33474 19884       22.5700    57       31.0100       22.5700  3966701   27.22%
  33588 19953       22.7505    56       31.0100       22.5700  3984541   27.22%
  33685 20024       27.4651    56       31.0100       22.5700  3998885   27.22%
  33806 20110       27.9500    44       31.0100       22.5700  4017778   27.22%
  33876 20156       22.5953    54       31.0100       22.5700  4028700   27.22%
  33971 20213       25.1600    51       31.0100       22.5700  4045860   27.22%
  34085 20290       22.7700    52       31.0100       22.5700  4062781   27.22%
  34229 20372       27.6145    79       31.0100       22.5700  4079531   27.22%
Elapsed time = 742.13 sec. (1007695.16 ticks, tree = 29.88 MB, solutions = 5)
  34363 20454       22.5778    57       31.0100       22.5700  4095859   27.22%
  34481 20530       22.8202    60       31.0100       22.5700  4112046   27.22%
  34595 20604       22.5700    51       31.0100       22.5700  4127992   27.22%
  34722 20684       22.5700    54       31.0100       22.5700  4144712   27.22%
  34860 20781       22.6205    77       31.0100       22.5700  4162373   27.22%
  35021 20899       29.0331    53       31.0100       22.5700  4182199   27.22%
  35115 20962       23.3650    60       31.0100       22.5700  4199937   27.22%
  35216 21023       26.5000    42       31.0100       22.5700  4216577   27.22%
  35315 21078       27.4024    53       31.0100       22.5700  4237289   27.22%
  35452 21161       30.4516    29       31.0100       22.5700  4254786   27.22%
Elapsed time = 771.77 sec. (1046213.13 ticks, tree = 30.96 MB, solutions = 5)
  35577 21224       22.8448    53       31.0100       22.5700  4273580   27.22%
  35729 21310       22.6346    45       31.0100       22.5700  4290889   27.22%
  35905 21404       26.5046    40       31.0100       22.5700  4311036   27.22%
  36027 21466       26.6000    47       31.0100       22.5700  4331394   27.22%
  36076 21498       26.4000    44       31.0100       22.5700  4338691   27.22%
  36182 21580       22.9483    46       31.0100       22.5700  4355307   27.22%
  36300 21660    infeasible             31.0100       22.5700  4371752   27.22%
  36431 21742       27.5919    39       31.0100       22.5700  4387956   27.22%
  36608 21849       25.4683    50       31.0100       22.5700  4404593   27.22%
  36731 21931       24.3900    50       31.0100       22.5700  4421254   27.22%
Elapsed time = 801.23 sec. (1084929.27 ticks, tree = 32.43 MB, solutions = 5)
  36877 22025       22.5950    53       31.0100       22.5700  4438903   27.22%
  37024 22132       23.0871    40       31.0100       22.5700  4455738   27.22%
  37166 22225       22.8043    74       31.0100       22.5700  4474670   27.22%
  37287 22314       28.3772    37       31.0100       22.5700  4489847   27.22%
  37427 22399       23.7600    49       31.0100       22.5700  4509388   27.22%
  37568 22465       25.3226    49       31.0100       22.5700  4529283   27.22%
  37731 22546       22.9379    48       31.0100       22.5700  4548633   27.22%
  37866 22604       24.2135    47       31.0100       22.5700  4567198   27.22%
  37976 22672       22.5700    34       31.0100       22.5700  4581789   27.22%
  38114 22743        cutoff             31.0100       22.5700  4599600   27.22%
Elapsed time = 832.93 sec. (1126353.19 ticks, tree = 33.44 MB, solutions = 5)
  38224 22810       26.6361    52       31.0100       22.5700  4618975   27.22%
  38337 22872       23.4300    45       31.0100       22.5700  4638796   27.22%
  38453 22939       22.6529    61       31.0100       22.5700  4656352   27.22%
  38540 22992       22.7500    39       31.0100       22.5700  4673209   27.22%
  38646 23062       29.7700    33       31.0100       22.5700  4689999   27.22%
  38742 23129       26.5100    36       31.0100       22.5700  4704653   27.22%
  38874 23211       22.5704    42       31.0100       22.5700  4722103   27.22%
  38990 23289       26.4975    54       31.0100       22.5700  4738323   27.22%
  39122 23380       22.5700    46       31.0100       22.5700  4753955   27.22%
  39253 23473       22.5702    50       31.0100       22.5700  4771092   27.22%
Elapsed time = 862.25 sec. (1164715.10 ticks, tree = 34.34 MB, solutions = 5)
  39366 23549       22.5890    49       31.0100       22.5700  4787597   27.22%
  39500 23637       29.2824    30       31.0100       22.5700  4805196   27.22%
  39635 23725       27.6400    32       31.0100       22.5700  4825481   27.22%
  39741 23787       22.7500    34       31.0100       22.5700  4846858   27.22%
  39863 23858        cutoff             31.0100       22.5700  4867536   27.22%
  39976 23938       26.5900    42       31.0100       22.5700  4883203   27.22%
  40085 23992       22.7973    41       31.0100       22.5700  4904840   27.22%
  40188 24067       22.5985    38       31.0100       22.5700  4920393   27.22%
  40314 24160       25.7458    33       31.0100       22.5700  4938656   27.22%
  40451 24245       30.3300    47       31.0100       22.5700  4956679   27.22%
Elapsed time = 895.01 sec. (1204956.83 ticks, tree = 35.97 MB, solutions = 5)
  40578 24321       22.6375    42       31.0100       22.5700  4976252   27.22%
  40725 24426       22.6465    70       31.0100       22.5700  4995095   27.22%
  40891 24537       30.4300    15       31.0100       22.5700  5015182   27.22%
  41069 24652    infeasible             31.0100       22.5700  5033366   27.22%
  41174 24708       24.8757    39       31.0100       22.5700  5050527   27.22%
  41300 24770       22.6064    65       31.0100       22.5700  5066835   27.22%
  41371 24815       24.6800    44       31.0100       22.5700  5078543   27.22%
* 41414 24735      integral     0       31.0000       22.5700  5084679   27.19%
  41497 24780       22.5700    58       31.0000       22.5700  5096588   27.19%
  41592 24849       22.5700    37       31.0000       22.5700  5113682   27.19%
  41676 24905       28.4800    32       31.0000       22.5700  5128755   27.19%
Elapsed time = 925.87 sec. (1245596.14 ticks, tree = 37.46 MB, solutions = 6)
  41782 24977       22.8760    59       31.0000       22.5700  5145305   27.19%
  41900 25059       24.5000    40       31.0000       22.5700  5161644   27.19%
  42020 25148       22.8457    43       31.0000       22.5700  5178879   27.19%
  42115 25214       27.7889    44       31.0000       22.5700  5193386   27.19%
  42201 25271       23.3710    51       31.0000       22.5700  5210409   27.19%
  42320 25354       24.3902    51       31.0000       22.5700  5228698   27.19%
  42441 25445       27.9400    39       31.0000       22.5700  5247426   27.19%
  42580 25535       29.4100    34       31.0000       22.5700  5264796   27.19%
  42701 25614       22.5752    64       31.0000       22.5700  5281984   27.19%
  42833 25703       22.5845    51       31.0000       22.5700  5299903   27.19%
Elapsed time = 956.09 sec. (1284060.07 ticks, tree = 38.51 MB, solutions = 6)
  42986 25799       28.5814    51       31.0000       22.5700  5318270   27.19%
  43120 25892       28.6100    29       31.0000       22.5700  5336699   27.19%
  43246 25982       22.7695    74       31.0000       22.5700  5354377   27.19%
  43352 26056       24.8600    29       31.0000       22.5700  5373423   27.19%
  43410 26092       22.5715    35       31.0000       22.5700  5382000   27.19%
  43519 26163       22.5700    41       31.0000       22.5700  5399720   27.19%
  43655 26260       23.5873    45       31.0000       22.5700  5418406   27.19%
  43777 26345    infeasible             31.0000       22.5700  5435639   27.19%
  43896 26426       29.0278    44       31.0000       22.5700  5453189   27.19%
  44046 26535       29.6076    26       31.0000       22.5700  5469396   27.19%
Elapsed time = 986.11 sec. (1322454.99 ticks, tree = 39.70 MB, solutions = 6)
  44160 26620       26.5800    42       31.0000       22.5700  5485950   27.19%
  44256 26687       22.5700    60       31.0000       22.5700  5501880   27.19%
  44368 26763       22.6044    57       31.0000       22.5700  5519111   27.19%
  44471 26835       29.1000    41       31.0000       22.5700  5535478   27.19%
  44591 26921       22.9117    41       31.0000       22.5700  5551524   27.19%
  44676 26979       24.5739    44       31.0000       22.5700  5563010   27.19%
  44806 27067       27.2800    57       31.0000       22.5700  5582353   27.19%
  44902 27135       22.7500    48       31.0000       22.5700  5597608   27.19%
  45011 27210       29.7538    23       31.0000       22.5700  5613772   27.19%
  45125 27286    infeasible             31.0000       22.5700  5629314   27.19%
Elapsed time = 1016.01 sec. (1362154.94 ticks, tree = 40.64 MB, solutions = 6)
  45255 27370       23.9600    37       31.0000       22.5700  5646911   27.19%
  45373 27449       22.9005    54       31.0000       22.5700  5663717   27.19%
  45501 27536       29.7483    31       31.0000       22.5700  5680058   27.19%
  45626 27621       22.5704    38       31.0000       22.5700  5698653   27.19%
  45789 27730       22.7800    40       31.0000       22.5700  5717632   27.19%
  45927 27813       22.7428    45       31.0000       22.5700  5736646   27.19%
  46076 27913       30.8302    30       31.0000       22.5700  5754120   27.19%
  46243 28020    infeasible             31.0000       22.5700  5772819   27.19%
  46276 28036       23.4300    41       31.0000       22.5700  5779670   27.19%
  46380 28101       27.8764    54       31.0000       22.5700  5797400   27.19%
Elapsed time = 1046.63 sec. (1401123.75 ticks, tree = 41.65 MB, solutions = 6)
  46515 28189       25.3800    27       31.0000       22.5700  5815768   27.19%
  46638 28268       23.2200    36       31.0000       22.5700  5834776   27.19%
  46780 28362       30.3963    13       31.0000       22.5700  5852183   27.19%
* 46869 28130      integral     0       30.8300       22.5700  5865474   26.79%
  46883 28142       29.0856    30       30.8300       22.5700  5868388   26.79%
  46976 28201       22.9782    35       30.8300       22.5700  5881042   26.79%
  47095 28288       27.2500    28       30.8300       22.5700  5897429   26.79%
  47207 28367       22.6030    63       30.8300       22.5700  5913395   26.79%
  47332 28454       22.5700    51       30.8300       22.5700  5931428   26.79%
  47447 28530       22.5703    54       30.8300       22.5700  5947686   26.79%
  47599 28643       29.5800    26       30.8300       22.5700  5965191   26.79%
Elapsed time = 1076.48 sec. (1439541.83 ticks, tree = 42.29 MB, solutions = 7)
  47743 28736       27.4615    39       30.8300       22.5700  5982443   26.79%
  47879 28811       22.5950    60       30.8300       22.5700  6000392   26.79%
  48022 28897       22.5700    45       30.8300       22.5700  6018199   26.79%
  48135 28979        cutoff             30.8300       22.5700  6035063   26.79%
  48246 29037       27.2860    49       30.8300       22.5700  6052436   26.79%
  48376 29140       25.8407    44       30.8300       22.5700  6067499   26.79%
  48531 29239       25.6054    44       30.8300       22.5700  6085908   26.79%
  48704 29357       22.5700    38       30.8300       22.5700  6104458   26.79%
  48851 29452       23.8927    54       30.8300       22.5700  6123648   26.79%
  48985 29549       22.5945    50       30.8300       22.5700  6139575   26.79%
Elapsed time = 1107.70 sec. (1479376.66 ticks, tree = 43.69 MB, solutions = 7)
  49118 29649    infeasible             30.8300       22.5700  6156904   26.79%
  49252 29732       30.5146    52       30.8300       22.5700  6172791   26.79%
  49374 29801       24.8553    52       30.8300       22.5700  6191045   26.79%
  49528 29904       23.0069    49       30.8300       22.5700  6207378   26.79%
  49690 30004       22.5700    45       30.8300       22.5700  6225366   26.79%
  49776 30060       27.4567    46       30.8300       22.5700  6239217   26.79%
  49886 30113       22.5700    60       30.8300       22.5700  6255839   26.79%
  50011 30202       22.6083    45       30.8300       22.5700  6272368   26.79%
  50155 30306       27.7231    44       30.8300       22.5700  6288070   26.79%
  50264 30387       22.7700    56       30.8300       22.5700  6303741   26.79%
Elapsed time = 1138.82 sec. (1519403.15 ticks, tree = 44.73 MB, solutions = 7)
  50409 30480       26.9079    27       30.8300       22.5700  6320268   26.79%
  50563 30584       22.8318    45       30.8300       22.5700  6335719   26.79%
  50701 30678       22.7568    54       30.8300       22.5700  6353409   26.79%
  50835 30770       25.6337    40       30.8300       22.5700  6371581   26.79%
  50966 30856       22.5800    35       30.8300       22.5700  6389386   26.79%
  51060 30918       22.8647    43       30.8300       22.5700  6406576   26.79%
  51171 30996       22.6222    60       30.8300       22.5700  6422386   26.79%
  51252 31040       27.0700    33       30.8300       22.5700  6437151   26.79%
  51356 31114       29.8032    21       30.8300       22.5700  6454129   26.79%
  51381 31126       30.7844    57       30.8300       22.5700  6457870   26.79%
Elapsed time = 1168.61 sec. (1557710.44 ticks, tree = 45.66 MB, solutions = 7)
  51485 31189       22.5700    48       30.8300       22.5700  6473697   26.79%
  51595 31261       22.5959    53       30.8300       22.5700  6490817   26.79%
  51727 31349       22.6083    65       30.8300       22.5700  6508146   26.79%
  51839 31411       24.7179    80       30.8300       22.5700  6524595   26.79%
  51989 31508       22.8347    67       30.8300       22.5700  6543064   26.79%
  52155 31617       24.6800    46       30.8300       22.5700  6562894   26.79%
  52298 31704       26.4000    64       30.8300       22.5700  6580798   26.79%
  52430 31771       26.7800    40       30.8300       22.5700  6601030   26.79%
  52550 31833       22.5700    49       30.8300       22.5700  6619756   26.79%
  52666 31913       22.5700    56       30.8300       22.5700  6639968   26.79%
Elapsed time = 1198.06 sec. (1596184.15 ticks, tree = 46.65 MB, solutions = 7)
  52793 32011       22.7500    38       30.8300       22.5700  6657248   26.79%
  52920 32096       29.3780    23       30.8300       22.5700  6675082   26.79%
  53048 32168       23.1699    71       30.8300       22.5700  6693044   26.79%
  53189 32260       29.5924    32       30.8300       22.5700  6710002   26.79%
  53353 32348       27.4816    53       30.8300       22.5700  6728746   26.79%
  53447 32411       29.5900    34       30.8300       22.5700  6742558   26.79%
  53548 32471       22.6001    40       30.8300       22.5700  6761036   26.79%
  53667 32539       22.9028    61       30.8300       22.5700  6778612   26.79%
  53837 32631        cutoff             30.8300       22.5700  6797926   26.79%
  53936 32689       22.5700    64       30.8300       22.5700  6809438   26.79%
Elapsed time = 1226.99 sec. (1634691.27 ticks, tree = 47.62 MB, solutions = 7)
  54026 32764       28.5112    46       30.8300       22.5700  6821764   26.79%
  54130 32844       24.4505    55       30.8300       22.5700  6835220   26.79%
  54232 32916       29.2890    28       30.8300       22.5700  6852102   26.79%
  54369 33009       22.6631    65       30.8300       22.5700  6870366   26.79%
  54502 33089       22.5954    57       30.8300       22.5700  6888971   26.79%
  54636 33181       22.5700    60       30.8300       22.5700  6907072   26.79%
  54815 33290       29.1088    37       30.8300       22.5700  6926214   26.79%
  54913 33359       22.5763    53       30.8300       22.5700  6940690   26.79%
  55026 33439       22.5700    53       30.8300       22.5700  6957261   26.79%
  55177 33553       22.5700    58       30.8300       22.5700  6975862   26.79%
Elapsed time = 1255.73 sec. (1673034.48 ticks, tree = 50.15 MB, solutions = 7)
  55305 33645       22.5815    47       30.8300       22.5700  6994610   26.79%
  55413 33707       22.7700    46       30.8300       22.5700  7012680   26.79%
  55528 33773       22.7700    46       30.8300       22.5700  7030617   26.79%
  55576 33808       23.4300    47       30.8300       22.5700  7040022   26.79%
  55697 33889       29.4200    47       30.8300       22.5700  7058237   26.79%
  55823 33971       26.4000    64       30.8300       22.5700  7077378   26.79%
  55947 34038       22.5700    57       30.8300       22.5700  7095338   26.79%
  56111 34168       22.5700    61       30.8300       22.5700  7112359   26.79%
  56253 34266       23.6300    33       30.8300       22.5700  7130883   26.79%
  56365 34320       23.9720    52       30.8300       22.5700  7150238   26.79%
Elapsed time = 1286.55 sec. (1712447.88 ticks, tree = 51.11 MB, solutions = 7)
  56478 34391       25.8700    38       30.8300       22.5700  7169472   26.79%
  56618 34496       27.8232    56       30.8300       22.5700  7186726   26.79%
  56734 34565        cutoff             30.8300       22.5700  7204903   26.79%
  56816 34624       28.8987    46       30.8300       22.5700  7221358   26.79%
  56909 34684       27.5413    48       30.8300       22.5700  7238494   26.79%
  57016 34744       22.5894    73       30.8300       22.5700  7255073   26.79%
  57166 34821       25.3936    53       30.8300       22.5700  7271497   26.79%
  57258 34870       26.3053    35       30.8300       22.5700  7284721   26.79%
  57365 34932       22.7500    66       30.8300       22.5700  7302208   26.79%
  57506 35035       22.6034    53       30.8300       22.5700  7319013   26.79%
Elapsed time = 1315.53 sec. (1750937.69 ticks, tree = 52.01 MB, solutions = 7)
  57616 35100       28.6900    41       30.8300       22.5700  7335546   26.79%
  57779 35207       22.5807    76       30.8300       22.5700  7352927   26.79%
  57856 35258       22.5700    50       30.8300       22.5700  7367550   26.79%
  57976 35349       27.1238    43       30.8300       22.5700  7383276   26.79%
  58103 35438       23.4924    55       30.8300       22.5700  7401990   26.79%
  58228 35522    infeasible             30.8300       22.5700  7419779   26.79%
  58351 35614       24.9198    53       30.8300       22.5700  7438171   26.79%
  58498 35717       22.9851    41       30.8300       22.5700  7456375   26.79%
  58622 35795       22.5700    49       30.8300       22.5700  7473772   26.79%
  58753 35866       27.8236    57       30.8300       22.5700  7491869   26.79%
Elapsed time = 1346.56 sec. (1790670.91 ticks, tree = 53.22 MB, solutions = 7)
  58873 35943       22.7700    48       30.8300       22.5700  7509132   26.79%
  58977 36018       22.5800    62       30.8300       22.5700  7526439   26.79%
  59076 36088       22.6707    65       30.8300       22.5700  7539246   26.79%
  59212 36188       23.4300    40       30.8300       22.5700  7556717   26.79%
  59390 36309       26.4570    41       30.8300       22.5700  7574349   26.79%
  59537 36419    infeasible             30.8300       22.5700  7592621   26.79%
  59681 36525       26.4940    50       30.8300       22.5700  7608028   26.79%
  59786 36592       22.7700    31       30.8300       22.5700  7623464   26.79%
  59904 36664       28.1040    46       30.8300       22.5700  7641128   26.79%
  60052 36744       22.6453    77       30.8300       22.5700  7657237   26.79%
Elapsed time = 1377.87 sec. (1831700.83 ticks, tree = 54.81 MB, solutions = 7)
  60166 36808       22.5700    40       30.8300       22.5700  7672975   26.79%
  60278 36878       24.4607    62       30.8300       22.5700  7690481   26.79%
  60390 36947    infeasible             30.8300       22.5700  7706581   26.79%
  60536 37037       22.5700    39       30.8300       22.5700  7723696   26.79%
  60667 37103       22.5958    51       30.8300       22.5700  7742700   26.79%
  60771 37171       22.6402    56       30.8300       22.5700  7759612   26.79%
  60904 37258       25.6429    40       30.8300       22.5700  7777804   26.79%
  61056 37369       26.7047    50       30.8300       22.5700  7794443   26.79%
  61179 37435       22.6063    70       30.8300       22.5700  7813178   26.79%
  61284 37499       25.0719    41       30.8300       22.5700  7828751   26.79%
Elapsed time = 1407.48 sec. (1870125.12 ticks, tree = 55.77 MB, solutions = 7)
  61398 37577    infeasible             30.8300       22.5700  7846597   26.79%
  61516 37659       22.7197    57       30.8300       22.5700  7863033   26.79%
  61640 37735       22.5700    59       30.8300       22.5700  7880335   26.79%
  61676 37769       29.9300    22       30.8300       22.5700  7885670   26.79%
  61789 37837       22.6033    74       30.8300       22.5700  7903264   26.79%
  61938 37944       24.8744    52       30.8300       22.5700  7921332   26.79%
  62063 38023       22.5926    58       30.8300       22.5700  7939709   26.79%
  62173 38097       28.2008    42       30.8300       22.5700  7958922   26.79%
  62273 38162       22.5830    72       30.8300       22.5700  7974930   26.79%
  62394 38259       22.5700    52       30.8300       22.5700  7992689   26.79%
Elapsed time = 1438.33 sec. (1909866.78 ticks, tree = 56.79 MB, solutions = 7)
  62502 38339       23.5900    46       30.8300       22.5700  8009852   26.79%
  62602 38419       25.8300    54       30.8300       22.5700  8027643   26.79%
  62712 38498       22.7700    49       30.8300       22.5700  8044372   26.79%
  62806 38567       27.7500    31       30.8300       22.5700  8061435   26.79%
  62894 38619       29.5500    33       30.8300       22.5700  8077834   26.79%
  62972 38674       22.5711    67       30.8300       22.5700  8094347   26.79%
  63054 38727       22.6701    55       30.8300       22.5700  8112068   26.79%
  63146 38797       22.6917    64       30.8300       22.5700  8128582   26.79%
  63247 38872       27.6732    55       30.8300       22.5700  8145941   26.79%
  63370 38959       22.7802    38       30.8300       22.5700  8164112   26.79%
Elapsed time = 1468.14 sec. (1948670.81 ticks, tree = 57.74 MB, solutions = 7)
  63474 39034       22.7617    53       30.8300       22.5700  8183006   26.79%
  63574 39104       28.9350    29       30.8300       22.5700  8198476   26.79%
  63699 39189       22.7881    47       30.8300       22.5700  8217155   26.79%
  63822 39266       24.3000    57       30.8300       22.5700  8232870   26.79%
  63928 39336       22.5796    62       30.8300       22.5700  8250642   26.79%
  64062 39429       22.5700    37       30.8300       22.5700  8269949   26.79%
  64166 39501       25.8400    41       30.8300       22.5700  8288077   26.79%
  64274 39576       22.5800    37       30.8300       22.5700  8303696   26.79%
  64376 39643       22.5915    47       30.8300       22.5700  8315417   26.79%
  64487 39705       29.5700    35       30.8300       22.5700  8334498   26.79%
Elapsed time = 1499.02 sec. (1988561.81 ticks, tree = 58.69 MB, solutions = 7)
  64587 39754       26.4000    48       30.8300       22.5700  8351068   26.79%
  64724 39840       29.1834    60       30.8300       22.5700  8370328   26.79%
  64863 39925       29.2935    29       30.8300       22.5700  8388884   26.79%
  64986 40002       24.3000    45       30.8300       22.5700  8407646   26.79%
  65075 40064       22.6108    72       30.8300       22.5700  8421973   26.79%
  65186 40135       22.5700    57       30.8300       22.5700  8437812   26.79%
  65307 40215       22.5700    63       30.8300       22.5700  8454089   26.79%
  65414 40298       22.5843    73       30.8300       22.5700  8471531   26.79%
  65518 40380       25.1700    62       30.8300       22.5700  8487971   26.79%
  65645 40458       22.5700    62       30.8300       22.5700  8504654   26.79%
Elapsed time = 1529.57 sec. (2026992.41 ticks, tree = 59.76 MB, solutions = 7)
  65788 40564       28.9404    56       30.8300       22.5700  8521283   26.79%
  65893 40647       25.3601    55       30.8300       22.5700  8536361   26.79%
  65976 40706       22.5932    71       30.8300       22.5700  8550286   26.79%
  66071 40774       23.6010    66       30.8300       22.5700  8566538   26.79%
  66185 40861       22.5700    66       30.8300       22.5700  8582000   26.79%
  66269 40920       22.5700    46       30.8300       22.5700  8598615   26.79%
  66374 40988       30.5960    22       30.8300       22.5700  8617347   26.79%
  66494 41067       22.5786    61       30.8300       22.5700  8634772   26.79%
  66597 41129       22.8357    60       30.8300       22.5700  8652137   26.79%
  66709 41180       29.1357    74       30.8300       22.5700  8671152   26.79%
Elapsed time = 1560.06 sec. (2067486.70 ticks, tree = 60.69 MB, solutions = 7)
  66845 41280       27.1737    42       30.8300       22.5700  8686762   26.79%
  66976 41369       24.6830    61       30.8300       22.5700  8704137   26.79%
  67095 41447       27.4884    29       30.8300       22.5700  8720766   26.79%
  67199 41509       22.5700    53       30.8300       22.5700  8737307   26.79%
  67303 41589       22.7700    46       30.8300       22.5700  8754880   26.79%
  67376 41635       28.7000    74       30.8300       22.5700  8767475   26.79%
  67477 41711        cutoff             30.8300       22.5700  8784990   26.79%
  67601 41797       28.6810    33       30.8300       22.5700  8803558   26.79%
  67722 41889       27.7900    36       30.8300       22.5700  8820881   26.79%
  67828 41958       22.5839    67       30.8300       22.5700  8839552   26.79%
Elapsed time = 1591.70 sec. (2108543.68 ticks, tree = 61.74 MB, solutions = 7)
  67948 42036       22.5716    52       30.8300       22.5700  8857671   26.79%
  68044 42112       22.7827    61       30.8300       22.5700  8875248   26.79%
  68117 42166       22.5702    57       30.8300       22.5700  8893248   26.79%
  68251 42246       22.5700    63       30.8300       22.5700  8911967   26.79%
  68378 42341       22.5716    55       30.8300       22.5700  8931730   26.79%
  68477 42417       29.6461    33       30.8300       22.5700  8950372   26.79%
  68604 42511       22.8596    41       30.8300       22.5700  8967273   26.79%
  68761 42629       22.5703    48       30.8300       22.5700  8986965   26.79%
  68921 42746       30.0559    27       30.8300       22.5700  9004392   26.79%
  69032 42821       26.7017    59       30.8300       22.5700  9022171   26.79%
Elapsed time = 1621.83 sec. (2146980.68 ticks, tree = 62.84 MB, solutions = 7)
  69127 42894       22.5975    74       30.8300       22.5700  9038005   26.79%
  69235 42971       22.9736    52       30.8300       22.5700  9054822   26.79%
  69355 43049       22.5700    41       30.8300       22.5700  9073146   26.79%
  69506 43111       22.6442    43       30.8300       22.5700  9092613   26.79%
  69640 43183       29.1961    42       30.8300       22.5700  9111178   26.79%
  69776 43260       23.4386    57       30.8300       22.5700  9128469   26.79%
  69871 43317       27.1504    43       30.8300       22.5700  9144920   26.79%
  69954 43372       27.1500    38       30.8300       22.5700  9156951   26.79%
  70075 43445       24.9144    49       30.8300       22.5700  9175201   26.79%
  70158 43495       25.4676    66       30.8300       22.5700  9190000   26.79%
Elapsed time = 1650.63 sec. (2185346.43 ticks, tree = 63.76 MB, solutions = 7)
  70230 43547       27.2800    30       30.8300       22.5700  9205947   26.79%
  70330 43602       27.2800    50       30.8300       22.5700  9225219   26.79%
  70425 43670       23.7600    31       30.8300       22.5700  9243842   26.79%
  70522 43738       22.9627    55       30.8300       22.5700  9263183   26.79%
  70586 43780       22.5924    67       30.8300       22.5700  9273810   26.79%
  70693 43854       27.2800    32       30.8300       22.5700  9292540   26.79%
  70774 43901       27.6752    41       30.8300       22.5700  9310201   26.79%
  70863 43967       22.5700    54       30.8300       22.5700  9325755   26.79%
  70986 44052       22.6703    77       30.8300       22.5700  9342528   26.79%
  71099 44125       23.4300    55       30.8300       22.5700  9361007   26.79%
Elapsed time = 1679.54 sec. (2223802.50 ticks, tree = 64.57 MB, solutions = 7)
  71206 44190       22.6349    70       30.8300       22.5700  9381258   26.79%
  71329 44267       22.5700    51       30.8300       22.5700  9399794   26.79%
  71376 44302       22.5791    58       30.8300       22.5700  9406556   26.79%
  71504 44394       22.5708    62       30.8300       22.5700  9424962   26.79%
  71626 44481       22.5700    66       30.8300       22.5700  9442423   26.79%
  71759 44571       22.5778    63       30.8300       22.5700  9461399   26.79%
  71895 44672       23.2694    47       30.8300       22.5700  9478459   26.79%
  72046 44779       24.6800    53       30.8300       22.5700  9495043   26.79%
  72163 44858    infeasible             30.8300       22.5700  9513218   26.79%
  72301 44956        cutoff             30.8300       22.5700  9531567   26.79%
Elapsed time = 1709.94 sec. (2263270.20 ticks, tree = 66.73 MB, solutions = 7)
  72422 45047       24.2212    44       30.8300       22.5700  9549502   26.79%
  72561 45146       29.8807    27       30.8300       22.5700  9566674   26.79%
  72661 45219       26.4000    57       30.8300       22.5700  9583314   26.79%
  72750 45286       22.5700    54       30.8300       22.5700  9599294   26.79%
  72895 45391       22.5866    67       30.8300       22.5700  9616562   26.79%
  73001 45460       24.5703    41       30.8300       22.5700  9634507   26.79%
  73106 45533       24.7214    43       30.8300       22.5700  9651418   26.79%
  73188 45583       22.7935    65       30.8300       22.5700  9668895   26.79%
  73275 45643       22.5700    40       30.8300       22.5700  9683803   26.79%
  73378 45712       22.5700    42       30.8300       22.5700  9699289   26.79%
Elapsed time = 1739.73 sec. (2301723.68 ticks, tree = 67.76 MB, solutions = 7)
  73476 45782       28.9094    59       30.8300       22.5700  9711933   26.79%
  73540 45835       24.9202    61       30.8300       22.5700  9726932   26.79%
  73634 45904       28.2300    36       30.8300       22.5700  9744236   26.79%
  73761 45996       26.6000    26       30.8300       22.5700  9763077   26.79%
  73909 46108       23.4300    47       30.8300       22.5700  9781955   26.79%
  74012 46177        cutoff             30.8300       22.5700  9800838   26.79%
  74102 46228       22.5982    54       30.8300       22.5700  9818877   26.79%
  74221 46322       22.5700    44       30.8300       22.5700  9837706   26.79%
  74349 46418       28.5123    32       30.8300       22.5700  9857045   26.79%
  74435 46474       22.5894    58       30.8300       22.5700  9872096   26.79%
Elapsed time = 1770.79 sec. (2342147.00 ticks, tree = 68.80 MB, solutions = 7)
  74537 46551       22.5778    68       30.8300       22.5700  9889002   26.79%
  74666 46647       26.4000    47       30.8300       22.5700  9906500   26.79%
  74774 46727       22.7045    57       30.8300       22.5700  9923173   26.79%
  74893 46824       26.6284    65       30.8300       22.5700  9940558   26.79%
  75015 46911       22.6096    65       30.8300       22.5700  9958626   26.79%
  75133 47005       22.6444    59       30.8300       22.5700  9977173   26.79%
  75235 47080       26.4000    42       30.8300       22.5700  9993000   26.79%
  75276 47113       26.4000    44       30.8300       22.5700  9998889   26.79%
  75390 47198        cutoff             30.8300       22.5700 10015670   26.79%
  75532 47287       25.1600    54       30.8300       22.5700 10033429   26.79%
Elapsed time = 1800.67 sec. (2380882.18 ticks, tree = 69.91 MB, solutions = 7)
  75632 47345       26.4000    65       30.8300       22.5700 10050194   26.79%
  75738 47424        cutoff             30.8300       22.5700 10067400   26.79%
  75846 47503       22.7922    91       30.8300       22.5700 10083671   26.79%
  75950 47585       22.5714    80       30.8300       22.5700 10099697   26.79%
  76052 47656       22.5700    68       30.8300       22.5700 10116193   26.79%
  76146 47728       27.2807    49       30.8300       22.5700 10131557   26.79%
  76242 47794       22.6348    84       30.8300       22.5700 10147889   26.79%
  76334 47863       23.7619    24       30.8300       22.5700 10163493   26.79%
  76411 47916       27.2805    70       30.8300       22.5700 10179684   26.79%
  76489 47969       22.5720    96       30.8300       22.5700 10194362   26.79%
Elapsed time = 1830.37 sec. (2419329.46 ticks, tree = 70.85 MB, solutions = 7)
  76582 48030       22.5700    44       30.8300       22.5700 10210831   26.79%
  76676 48080       25.0952    55       30.8300       22.5700 10227517   26.79%
  76793 48155       23.9767    48       30.8300       22.5700 10245147   26.79%
  76883 48216       22.5764    60       30.8300       22.5700 10264283   26.79%
  76983 48291       27.7251    44       30.8300       22.5700 10283712   26.79%
  77066 48344       27.4400    37       30.8300       22.5700 10302613   26.79%
  77186 48414       22.7557    59       30.8300       22.5700 10321921   26.79%
  77319 48503       27.3215    49       30.8300       22.5700 10340456   26.79%
  77420 48567       22.5700    51       30.8300       22.5700 10356852   26.79%
  77514 48636       25.7200    27       30.8300       22.5700 10374094   26.79%
Elapsed time = 1861.80 sec. (2460621.94 ticks, tree = 71.77 MB, solutions = 7)
  77637 48709       28.7000    40       30.8300       22.5700 10391452   26.79%
  77770 48785       22.6759    71       30.8300       22.5700 10409369   26.79%
  77869 48851       23.7600    77       30.8300       22.5700 10425742   26.79%
  77977 48933       22.6292    81       30.8300       22.5700 10442001   26.79%
  78051 48993       29.0855    41       30.8300       22.5700 10456756   26.79%
  78137 49055       30.6120    22       30.8300       22.5700 10472585   26.79%
  78227 49120       22.5700    59       30.8300       22.5700 10488663   26.79%
  78288 49172       29.1616    32       30.8300       22.5700 10500288   26.79%
  78384 49245       22.5767    69       30.8300       22.5700 10517002   26.79%
  78481 49312       22.5700    71       30.8300       22.5700 10532613   26.79%
Elapsed time = 1891.57 sec. (2499074.83 ticks, tree = 72.76 MB, solutions = 7)
  78592 49398       22.7500    64       30.8300       22.5700 10549364   26.79%
  78663 49451       22.5782    70       30.8300       22.5700 10566121   26.79%
  78754 49527       28.0660    32       30.8300       22.5700 10582205   26.79%
  78876 49625       26.4100    45       30.8300       22.5700 10598513   26.79%
  78997 49710       22.7500    65       30.8300       22.5700 10617486   26.79%
  79118 49793       26.5719    57       30.8300       22.5700 10634803   26.79%
  79235 49878    infeasible             30.8300       22.5700 10650703   26.79%
  79346 49972       23.7962    57       30.8300       22.5700 10665341   26.79%
  79465 50054       28.4898    49       30.8300       22.5700 10681603   26.79%
  79592 50151       22.5876    45       30.8300       22.5700 10697724   26.79%
Elapsed time = 1923.10 sec. (2540849.14 ticks, tree = 73.86 MB, solutions = 7)
  79699 50239       22.5702    85       30.8300       22.5700 10713454   26.79%
  79824 50331       22.5829    82       30.8300       22.5700 10729523   26.79%
  79910 50391       22.5704    77       30.8300       22.5700 10744594   26.79%
  80003 50457       28.7000    41       30.8300       22.5700 10760249   26.79%
  80118 50534       27.5803    33       30.8300       22.5700 10775207   26.79%
  80197 50596       25.5758    64       30.8300       22.5700 10791456   26.79%
  80282 50659       27.8510    47       30.8300       22.5700 10808173   26.79%
  80374 50725       22.7970    63       30.8300       22.5700 10823479   26.79%
  80493 50817       27.2812    48       30.8300       22.5700 10841264   26.79%
  80630 50913        cutoff             30.8300       22.5700 10859947   26.79%
Elapsed time = 1952.89 sec. (2579442.76 ticks, tree = 74.86 MB, solutions = 7)
  80738 50988    infeasible             30.8300       22.5700 10876457   26.79%
  80776 51014       26.5802    57       30.8300       22.5700 10880963   26.79%
  80894 51101       24.6347    89       30.8300       22.5700 10899291   26.79%
  81002 51177       22.6849    58       30.8300       22.5700 10916350   26.79%
  81114 51267       26.4884    56       30.8300       22.5700 10934241   26.79%
  81232 51343       26.4992    47       30.8300       22.5700 10951613   26.79%
  81338 51417       22.6137    75       30.8300       22.5700 10968769   26.79%
  81430 51481       22.7500    55       30.8300       22.5700 10987206   26.79%
  81526 51556       22.5700    75       30.8300       22.5700 11002756   26.79%
  81652 51660       22.7762    36       30.8300       22.5700 11020932   26.79%
Elapsed time = 1983.12 sec. (2618407.60 ticks, tree = 75.84 MB, solutions = 7)
  81745 51726       22.7508    61       30.8300       22.5700 11037252   26.79%
  81845 51810       26.7017    46       30.8300       22.5700 11054672   26.79%
  81960 51891       29.3909    52       30.8300       22.5700 11071912   26.79%
  82076 51970       24.6418    33       30.8300       22.5700 11088691   26.79%
  82203 52047       22.5846    66       30.8300       22.5700 11106132   26.79%
  82299 52107       27.2602    66       30.8300       22.5700 11123755   26.79%
  82401 52182       24.8600    51       30.8300       22.5700 11139688   26.79%
  82499 52256       27.7100    29       30.8300       22.5700 11154366   26.79%
  82576 52305       25.0700    57       30.8300       22.5700 11169197   26.79%
  82644 52351       22.7500    56       30.8300       22.5700 11183498   26.79%
Elapsed time = 2015.68 sec. (2659507.50 ticks, tree = 76.73 MB, solutions = 7)
  82718 52408       24.5800    36       30.8300       22.5700 11198746   26.79%
  82823 52491       22.5700    71       30.8300       22.5700 11214211   26.79%
  82944 52584       23.4300    58       30.8300       22.5700 11230920   26.79%
  83044 52650       22.5700    61       30.8300       22.5700 11246378   26.79%
  83173 52735       22.6068    79       30.8300       22.5700 11261664   26.79%
  83294 52829       22.7700    40       30.8300       22.5700 11277508   26.79%
  83403 52909       29.1100    33       30.8300       22.5700 11294455   26.79%
  83496 52975       26.1795    40       30.8300       22.5700 11308870   26.79%
  83587 53031       22.5700    54       30.8300       22.5700 11325234   26.79%
  83713 53122       22.5707    71       30.8300       22.5700 11341670   26.79%
Elapsed time = 2045.86 sec. (2698032.60 ticks, tree = 77.73 MB, solutions = 7)
  83843 53214       22.6086    91       30.8300       22.5700 11358912   26.79%
  83962 53297       22.7500    37       30.8300       22.5700 11375303   26.79%
  84106 53393       29.1422    32       30.8300       22.5701 11391844   26.79%
  84242 53493    infeasible             30.8300       22.5701 11410657   26.79%
  84355 53570       22.5705    57       30.8300       22.5701 11427315   26.79%
  84392 53598    infeasible             30.8300       22.5702 11432025   26.79%
  84519 53690       28.1412    45       30.8300       22.5702 11449206   26.79%
  84667 53782       22.8209    62       30.8300       22.5702 11465752   26.79%
  84790 53866       28.5100    30       30.8300       22.5702 11483473   26.79%
  84918 53946       22.7500    57       30.8300       22.5703 11503434   26.79%
Elapsed time = 2075.91 sec. (2736418.69 ticks, tree = 78.70 MB, solutions = 7)
  85054 54049       28.2805    31       30.8300       22.5703 11521787   26.79%
  85195 54147       22.9029    45       30.8300       22.5703 11538179   26.79%
  85336 54246       26.7800    34       30.8300       22.5703 11556972   26.79%
  85478 54343        cutoff             30.8300       22.5703 11573280   26.79%
  85625 54453       22.6419    48       30.8300       22.5704 11590899   26.79%
  85748 54531        cutoff             30.8300       22.5704 11608865   26.79%
  85877 54613       22.8919    61       30.8300       22.5704 11624392   26.79%
  86013 54703       23.3338    45       30.8300       22.5704 11642144   26.79%
  86154 54792       29.0254    30       30.8300       22.5704 11658845   26.79%
  86317 54904       22.6209    53       30.8300       22.5705 11673665   26.79%
Elapsed time = 2106.01 sec. (2774947.89 ticks, tree = 79.95 MB, solutions = 7)
* 86376+53668                           30.6000       22.5705            26.24%
  86384 53675       29.5800    25       30.6000       22.5705 11682649   26.24%
  86476 53740       22.6510    69       30.6000       22.5706 11694385   26.24%
  86576 53805       22.6229    41       30.6000       22.5706 11705404   26.24%
  86676 53858       22.6022    76       30.6000       22.5706 11721889   26.24%
  86814 53947       26.5806    52       30.6000       22.5707 11740290   26.24%
  86934 54029       28.0203    51       30.6000       22.5707 11756757   26.24%
  87062 54112       22.5909    95       30.6000       22.5708 11772581   26.24%
  87184 54192       22.5837    42       30.6000       22.5709 11790636   26.24%
  87323 54283       22.7700    26       30.6000       22.5710 11807588   26.24%
  87439 54370       28.1786    40       30.6000       22.5711 11826676   26.24%
Elapsed time = 2139.16 sec. (2818480.21 ticks, tree = 79.27 MB, solutions = 8)
  87559 54450       25.4684    69       30.6000       22.5712 11843673   26.24%
  87673 54514       22.7500    38       30.6000       22.5713 11859777   26.24%
  87792 54602       22.7500    57       30.6000       22.5713 11877644   26.24%
  87917 54675       25.0219    54       30.6000       22.5714 11895714   26.24%
  88054 54767       23.0691    42       30.6000       22.5715 11914222   26.24%
  88193 54854       22.5716    45       30.6000       22.5716 11932330   26.24%
  88276 54918       22.5747    68       30.6000       22.5716 11944794   26.24%
  88414 55011    infeasible             30.6000       22.5717 11961593   26.24%
  88544 55096       26.4000    75       30.6000       22.5719 11979358   26.24%
  88661 55166       22.7533    35       30.6000       22.5720 11996683   26.24%
Elapsed time = 2170.41 sec. (2858077.49 ticks, tree = 80.37 MB, solutions = 8)
  88796 55255       22.5800    48       30.6000       22.5720 12015434   26.24%
  88904 55326       29.1520    37       30.6000       22.5721 12034394   26.23%
  89074 55433       30.1838    39       30.6000       22.5721 12053063   26.23%
  89230 55535       22.5804    62       30.6000       22.5721 12071234   26.23%
  89372 55622       27.4848    34       30.6000       22.5722 12088995   26.23%
  89496 55706       30.3507    39       30.6000       22.5723 12106677   26.23%
  89628 55790       24.8800    42       30.6000       22.5724 12124431   26.23%
  89748 55860       24.7639    59       30.6000       22.5726 12140434   26.23%
  89864 55928       28.4000    31       30.6000       22.5727 12156161   26.23%
  89984 55998       27.3283    56       30.6000       22.5727 12171931   26.23%
Elapsed time = 2200.36 sec. (2896419.42 ticks, tree = 81.45 MB, solutions = 8)
  90136 56100       22.9737    45       30.6000       22.5729 12188872   26.23%
  90185 56133       22.5800    67       30.6000       22.5729 12192939   26.23%
  90319 56217       30.5900    15       30.6000       22.5729 12208693   26.23%
  90450 56292       29.4100    29       30.6000       22.5731 12225989   26.23%
  90571 56365       22.7700    37       30.6000       22.5731 12243919   26.23%
  90663 56424       24.6009    60       30.6000       22.5732 12260334   26.23%
  90772 56480       22.7459    53       30.6000       22.5734 12277554   26.23%
  90884 56539       22.6147    45       30.6000       22.5735 12294148   26.23%
  91018 56627       25.2629    76       30.6000       22.5737 12310914   26.23%
  91139 56704       23.2569    34       30.6000       22.5738 12327163   26.23%
Elapsed time = 2229.99 sec. (2934720.83 ticks, tree = 82.38 MB, solutions = 8)
  91283 56784       27.3213    41       30.6000       22.5739 12344082   26.23%
  91405 56865       29.5988    33       30.6000       22.5740 12361065   26.23%
  91532 56949       28.4000    36       30.6000       22.5741 12378006   26.23%
  91658 57023       23.7600    36       30.6000       22.5744 12396069   26.23%
  91789 57116       29.2040    30       30.6000       22.5745 12414323   26.23%
  91876 57171       22.5748    69       30.6000       22.5746 12423936   26.23%
  92022 57257       22.5873    51       30.6000       22.5747 12441909   26.23%
  92150 57345       25.2162    61       30.6000       22.5750 12459539   26.23%
  92294 57433       24.6943    69       30.6000       22.5752 12478539   26.22%
  92424 57504       23.4495    49       30.6000       22.5752 12496421   26.22%
Elapsed time = 2260.63 sec. (2974254.09 ticks, tree = 83.65 MB, solutions = 8)
  92563 57590       26.8361    48       30.6000       22.5752 12513837   26.22%
  92704 57664       22.8240    51       30.6000       22.5755 12530963   26.22%
  92833 57741       22.5775    64       30.6000       22.5756 12547898   26.22%
  92956 57816       22.5890    48       30.6000       22.5757 12564426   26.22%
  93085 57899       26.7244    56       30.6000       22.5757 12582684   26.22%
  93235 57981       23.2500    34       30.6000       22.5758 12599971   26.22%
  93366 58062       25.1422    49       30.6000       22.5762 12617588   26.22%
  93505 58147       22.7599    93       30.6000       22.5763 12633606   26.22%
  93652 58239       29.1100    53       30.6000       22.5765 12652250   26.22%
  93776 58313       27.2500    29       30.6000       22.5766 12667671   26.22%
Elapsed time = 2291.80 sec. (3013070.07 ticks, tree = 85.55 MB, solutions = 8)
  93881 58376       25.0987    55       30.6000       22.5767 12684846   26.22%
  94015 58449       22.7600    44       30.6000       22.5770 12702553   26.22%
  94122 58503       22.7500    47       30.6000       22.5772 12715830   26.22%
  94217 58562       22.7500    44       30.6000       22.5773 12728539   26.22%
  94320 58627       26.9600    36       30.6000       22.5773 12745675   26.22%
  94438 58690       22.6760    43       30.6000       22.5774 12762594   26.22%
  94583 58778       26.7800    44       30.6000       22.5778 12778672   26.22%
  94685 58834        cutoff             30.6000       22.5778 12793764   26.22%
  94763 58887       22.7790    64       30.6000       22.5779 12809692   26.22%
  94893 58968    infeasible             30.6000       22.5779 12828065   26.22%
Elapsed time = 2321.21 sec. (3051671.33 ticks, tree = 86.96 MB, solutions = 8)
  94989 59033       26.4001    52       30.6000       22.5779 12844202   26.22%
  95086 59108       28.1519    52       30.6000       22.5780 12860347   26.22%
  95176 59171       27.6789    49       30.6000       22.5781 12876039   26.22%
  95284 59230       22.7885    68       30.6000       22.5782 12893572   26.22%
  95426 59294       22.7596    41       30.6000       22.5783 12912861   26.21%
  95565 59363       27.2646    58       30.6000       22.5785 12931046   26.21%
  95697 59439        cutoff             30.6000       22.5785 12948998   26.21%
  95810 59495       25.1600    46       30.6000       22.5786 12966305   26.21%
  95909 59560       24.2616    49       30.6000       22.5787 12986165   26.21%
  96041 59636       22.5876    60       30.6000       22.5789 13004721   26.21%
Elapsed time = 2351.97 sec. (3091213.68 ticks, tree = 87.85 MB, solutions = 8)
  96172 59716        cutoff             30.6000       22.5789 13023158   26.21%
  96213 59744       24.3843    63       30.6000       22.5789 13028304   26.21%
  96322 59803       27.4600    48       30.6000       22.5789 13046829   26.21%
  96450 59878       22.7993    46       30.6000       22.5789 13065411   26.21%
  96557 59945       22.7502    65       30.6000       22.5790 13083839   26.21%
  96690 60033       27.5007    67       30.6000       22.5791 13102212   26.21%
  96831 60105       22.7500    44       30.6000       22.5791 13122287   26.21%
  96959 60175       22.7500    46       30.6000       22.5791 13140452   26.21%
  97082 60254       22.7764    42       30.6000       22.5792 13156738   26.21%
  97221 60339       29.5500    29       30.6000       22.5793 13173699   26.21%
Elapsed time = 2381.93 sec. (3129651.26 ticks, tree = 88.73 MB, solutions = 8)
  97340 60397       24.8930    39       30.6000       22.5795 13189695   26.21%
  97492 60493       25.7400    51       30.6000       22.5796 13206800   26.21%
  97606 60563       27.4613    35       30.6000       22.5797 13223379   26.21%
  97726 60635       28.5660    42       30.6000       22.5797 13239652   26.21%
  97846 60698       25.6787    23       30.6000       22.5798 13257529   26.21%
  97963 60765       22.7570    82       30.6000       22.5800 13273887   26.21%
  98074 60803       24.6903    33       30.6000       22.5800 13288039   26.21%
  98176 60849       29.0533    35       30.6000       22.5800 13295870   26.21%
  98292 60905    infeasible             30.6000       22.5800 13305071   26.21%
  98418 60973       22.6538    32       30.6000       22.5800 13315004   26.21%
Elapsed time = 2413.35 sec. (3170335.30 ticks, tree = 97.45 MB, solutions = 8)
  98543 61040       26.5836    40       30.6000       22.5800 13324878   26.21%
  98665 61115       27.8568    32       30.6000       22.5800 13334742   26.21%
  98801 61200       22.7600    39       30.6000       22.5800 13345742   26.21%
  98935 61281       22.6086    43       30.6000       22.5800 13356003   26.21%
  99065 61361    infeasible             30.6000       22.5800 13366650   26.21%
  99193 61437       22.7204    50       30.6000       22.5800 13377143   26.21%
  99318 61507       22.6855    41       30.6000       22.5800 13387646   26.21%
  99438 61569       22.5895    49       30.6000       22.5800 13397725   26.21%
  99565 61639       22.5800    35       30.6000       22.5800 13408732   26.21%
  99686 61698        cutoff             30.6000       22.5800 13419182   26.21%
Elapsed time = 2443.31 sec. (3208746.33 ticks, tree = 130.05 MB, solutions = 8)
  99823 61774       26.1200    38       30.6000       22.5800 13429460   26.21%
  99876 61811       22.6059    43       30.6000       22.5800 13435605   26.21%
  99970 61853       29.9455    32       30.6000       22.5800 13454002   26.21%
 100100 61930       22.5800    35       30.6000       22.5800 13471225   26.21%
 100228 62011    infeasible             30.6000       22.5800 13489927   26.21%
 100351 62085    infeasible             30.6000       22.5800 13507519   26.21%
 100458 62135       25.6500    45       30.6000       22.5800 13525696   26.21%
 100573 62199       28.4282    37       30.6000       22.5800 13542338   26.21%
 100687 62267       22.5800    59       30.6000       22.5800 13561299   26.21%
 100818 62354       22.5800    41       30.6000       22.5800 13579929   26.21%
Elapsed time = 2474.07 sec. (3247596.28 ticks, tree = 135.66 MB, solutions = 8)
 100934 62427       26.1200    39       30.6000       22.5800 13598425   26.21%
 101032 62484       22.7640    54       30.6000       22.5800 13615400   26.21%
 101119 62537       22.5953    70       30.6000       22.5800 13626560   26.21%
 101234 62608       29.2200    39       30.6000       22.5800 13643663   26.21%
 101368 62682       22.7600    38       30.6000       22.5800 13661483   26.21%
 101475 62748       25.0851    44       30.6000       22.5800 13678395   26.21%
 101593 62816       24.6919    50       30.6000       22.5800 13694264   26.21%
 101685 62877       22.6113    66       30.6000       22.5800 13710923   26.21%
 101805 62953        cutoff             30.6000       22.5800 13729427   26.21%
 101942 63029    infeasible             30.6000       22.5800 13745092   26.21%
Elapsed time = 2504.39 sec. (3285979.18 ticks, tree = 136.49 MB, solutions = 8)
 102046 63092       25.3109    32       30.6000       22.5800 13761143   26.21%
 102106 63129       22.6647    78       30.6000       22.5800 13768345   26.21%
 102219 63195       22.7800    44       30.6000       22.5800 13786115   26.21%
 102326 63270    infeasible             30.6000       22.5800 13802509   26.21%
 102427 63332       28.1485    32       30.6000       22.5800 13818473   26.21%
 102516 63386       30.0891    27       30.6000       22.5800 13835319   26.21%
 102635 63465       22.6020    52       30.6000       22.5800 13851213   26.21%
 102764 63539       23.4657    44       30.6000       22.5800 13868424   26.21%
 102896 63619       22.6635    58       30.6000       22.5800 13886950   26.21%
 102997 63675       22.7600    42       30.6000       22.5800 13901432   26.21%
Elapsed time = 2534.61 sec. (3324509.77 ticks, tree = 137.40 MB, solutions = 8)
 103116 63745       24.6900    51       30.6000       22.5800 13919388   26.21%
 103232 63827       22.6130    40       30.6000       22.5800 13937176   26.21%
 103341 63888       24.6764    36       30.6000       22.5800 13954199   26.21%
 103376 63907       22.5944    55       30.6000       22.5800 13960041   26.21%
 103478 63973       22.9917    54       30.6000       22.5800 13977035   26.21%
 103604 64047       22.7600    52       30.6000       22.5800 13995121   26.21%
 103729 64124       22.7769    59       30.6000       22.5800 14013937   26.21%
 103845 64189       28.9792    29       30.6000       22.5800 14031090   26.21%
 103970 64257       22.6075    64       30.6000       22.5800 14047834   26.21%
 104110 64338       27.1740    33       30.6000       22.5800 14065662   26.21%
Elapsed time = 2565.23 sec. (3363253.83 ticks, tree = 138.44 MB, solutions = 8)
 104220 64405       22.7600    37       30.6000       22.5800 14083335   26.21%
 104348 64486    infeasible             30.6000       22.5800 14100750   26.21%
 104468 64541        cutoff             30.6000       22.5800 14119442   26.21%
 104561 64594       24.8617    49       30.6000       22.5800 14135244   26.21%
 104672 64669       28.2899    37       30.6000       22.5800 14154638   26.21%
 104785 64737       22.7258    52       30.6000       22.5800 14172315   26.21%
 104911 64810       23.0912    40       30.6000       22.5800 14191123   26.21%
 105054 64886       22.5800    45       30.6000       22.5800 14209067   26.21%
 105095 64914       26.9800    24       30.6000       22.5800 14215623   26.21%
 105220 64995    infeasible             30.6000       22.5800 14233008   26.21%
Elapsed time = 2595.82 sec. (3401647.01 ticks, tree = 139.31 MB, solutions = 8)
 105325 65050       24.5800    52       30.6000       22.5800 14248437   26.21%
 105430 65108       22.6063    44       30.6000       22.5800 14264810   26.21%
 105551 65181       24.5100    45       30.6000       22.5800 14282537   26.21%
 105643 65233       22.7768    76       30.6000       22.5800 14299323   26.21%
 105769 65315       24.2000    37       30.6000       22.5800 14315793   26.21%
 105891 65383       22.5826    41       30.6000       22.5800 14332603   26.21%
 106009 65446    infeasible             30.6000       22.5800 14348550   26.21%
 106129 65529       22.5800    52       30.6000       22.5800 14364862   26.21%
 106249 65612       24.5800    40       30.6000       22.5800 14382320   26.21%
 106359 65677       22.8547    74       30.6000       22.5800 14398456   26.21%
Elapsed time = 2625.85 sec. (3440302.48 ticks, tree = 142.98 MB, solutions = 8)
 106467 65741       22.5800    53       30.6000       22.5800 14414639   26.21%
 106592 65828       27.7705    41       30.6000       22.5800 14431718   26.21%
 106683 65878       22.6705    42       30.6000       22.5800 14446821   26.21%
 106800 65948       27.2900    48       30.6000       22.5800 14462513   26.21%
 106917 66023       27.5526    59       30.6000       22.5800 14480092   26.21%
 107019 66087       22.7772    65       30.6000       22.5800 14498513   26.21%
 107155 66173       22.5810    54       30.6000       22.5800 14516058   26.21%
 107262 66235       26.1200    37       30.6000       22.5800 14532139   26.21%
 107370 66293       22.6088    67       30.6000       22.5800 14547852   26.21%
 107476 66355       22.6383    67       30.6000       22.5800 14563104   26.21%
Elapsed time = 2657.92 sec. (3480841.22 ticks, tree = 144.10 MB, solutions = 8)
 107569 66415       29.5803    37       30.6000       22.5800 14581499   26.21%
 107667 66474       22.8240    59       30.6000       22.5800 14598693   26.21%
 107781 66540       22.6067    48       30.6000       22.5800 14615547   26.21%
 107909 66625       22.9170    38       30.6000       22.5800 14633684   26.21%
 108035 66704       26.8524    34       30.6000       22.5800 14651328   26.21%
 108153 66772       22.6540    63       30.6000       22.5800 14669177   26.21%
 108266 66851       22.8122    51       30.6000       22.5800 14686376   26.21%
 108399 66937       29.5800    19       30.6000       22.5800 14705471   26.21%
 108505 66994       22.5800    45       30.6000       22.5800 14723217   26.21%
 108631 67089       25.6500    30       30.6000       22.5800 14741568   26.21%
Elapsed time = 2688.53 sec. (3519184.42 ticks, tree = 145.07 MB, solutions = 8)
 108754 67173        cutoff             30.6000       22.5800 14757636   26.21%
 108878 67255       22.5991    41       30.6000       22.5800 14774902   26.21%
 109004 67336       30.2477    36       30.6000       22.5800 14793172   26.21%
 109092 67387       24.8985    46       30.6000       22.5800 14809289   26.21%
 109199 67447       22.7600    46       30.6000       22.5800 14827126   26.21%
 109276 67497       28.5107    54       30.6000       22.5800 14838959   26.21%
 109412 67576       28.2587    23       30.6000       22.5800 14856953   26.21%
 109539 67651        cutoff             30.6000       22.5800 14873157   26.21%
 109667 67733        cutoff             30.6000       22.5800 14890016   26.21%
 109772 67793       22.6392    46       30.6000       22.5800 14904433   26.21%
Elapsed time = 2720.89 sec. (3560612.10 ticks, tree = 146.00 MB, solutions = 8)
 109898 67868       22.7806    55       30.6000       22.5800 14921941   26.21%
 110009 67927    infeasible             30.6000       22.5800 14938302   26.21%
 110124 67993       22.6814    64       30.6000       22.5800 14954887   26.21%
 110221 68062       24.8420    65       30.6000       22.5800 14971464   26.21%
 110317 68121       22.5986    85       30.6000       22.5800 14988659   26.21%
 110440 68200       22.5834    77       30.6000       22.5800 15005627   26.21%
 110556 68281       24.1222    57       30.6000       22.5800 15022529   26.21%
 110673 68354       29.2900    35       30.6000       22.5800 15038802   26.21%
 110787 68428       25.5783    50       30.6000       22.5800 15055828   26.21%
 110894 68492       29.6095    27       30.6000       22.5800 15072247   26.21%
Elapsed time = 2750.96 sec. (3599001.10 ticks, tree = 146.92 MB, solutions = 8)
 111018 68564       22.6489    43       30.6000       22.5800 15088361   26.21%
 111141 68649       26.9619    32       30.6000       22.5800 15106134   26.21%
 111240 68707       22.7608    48       30.6000       22.5800 15121886   26.21%
 111341 68768       27.1735    71       30.6000       22.5800 15138845   26.21%
 111442 68822       22.8975    67       30.6000       22.5800 15156068   26.21%
 111556 68894       29.1100    51       30.6000       22.5800 15173797   26.21%
 111655 68959       22.5806    36       30.6000       22.5800 15191456   26.21%
 111776 69037       28.3409    28       30.6000       22.5800 15208205   26.21%
 111905 69115       24.2000    50       30.6000       22.5800 15225528   26.21%
 112380 69400       22.8674    61       30.6000       22.5800 15294354   26.21%
Elapsed time = 2792.29 sec. (3650446.27 ticks, tree = 148.13 MB, solutions = 8)
 112776 69658       27.4700    53       30.6000       22.5800 15355286   26.21%
 113229 69945       24.4083    34       30.6000       22.5800 15423908   26.21%
 113677 70216       30.5410    30       30.6000       22.5800 15491700   26.21%
 114105 70489       22.6042    50       30.6000       22.5800 15556007   26.21%
 114464 70714       22.8256    53       30.6000       22.5800 15613418   26.21%
 114893 70968        cutoff             30.6000       22.5800 15676567   26.21%
 115364 71277       22.8179    89       30.6000       22.5800 15743492   26.21%
 115779 71554       22.6222    36       30.6000       22.5800 15807071   26.21%
 116229 71838       26.1200    30       30.6000       22.5800 15876425   26.21%
 116656 72084       22.6458    59       30.6000       22.5800 15942314   26.21%
Elapsed time = 2912.32 sec. (3803922.48 ticks, tree = 152.42 MB, solutions = 8)
 117118 72359       22.7600    32       30.6000       22.5800 16008911   26.21%
 117484 72580       30.5200    27       30.6000       22.5800 16068460   26.21%
 117898 72838       27.2900    44       30.6000       22.5800 16135856   26.21%
 118357 73111       24.8700    43       30.6000       22.5800 16201160   26.21%
 118723 73350       26.1200    31       30.6000       22.5800 16262206   26.21%
 119062 73576       24.4000    38       30.6000       22.5800 16322276   26.21%
 119526 73874       22.7827    80       30.6000       22.5800 16389608   26.21%
 120026 74184       25.1102    46       30.6000       22.5800 16458787   26.21%
 120353 74378       22.5828    72       30.6000       22.5800 16512765   26.21%
 120847 74701       22.8045    54       30.6000       22.5800 16584272   26.21%
Elapsed time = 3035.11 sec. (3956843.79 ticks, tree = 157.25 MB, solutions = 8)
 121338 75008       27.7790    40       30.6000       22.5800 16653090   26.21%
 121801 75297       22.5800    55       30.6000       22.5800 16721848   26.21%
 122224 75551       28.9496    52       30.6000       22.5800 16783365   26.21%
 122676 75839       22.9497    70       30.6000       22.5800 16847232   26.21%
 123132 76122       25.6664    52       30.6000       22.5800 16913241   26.21%
 123576 76435       27.2700    28       30.6000       22.5800 16981765   26.21%
 124083 76748       24.8184    44       30.6000       22.5800 17053827   26.21%
 124592 77092       22.7161    54       30.6000       22.5800 17128714   26.21%
 124941 77301       22.7600    47       30.6000       22.5800 17178002   26.21%
 125429 77613       25.4324    35       30.6000       22.5800 17250233   26.21%
Elapsed time = 3156.53 sec. (4112366.79 ticks, tree = 162.26 MB, solutions = 8)
 125875 77899       27.3131    59       30.6000       22.5800 17318403   26.21%
 126347 78195       29.7600    36       30.6000       22.5800 17384966   26.21%
 126825 78485       22.8969    46       30.6000       22.5800 17451492   26.21%
 127205 78716       29.3141    40       30.6000       22.5800 17508080   26.21%
 127595 78951       23.0156    67       30.6000       22.5800 17574278   26.21%
 128089 79242       22.8278    55       30.6000       22.5800 17644591   26.21%
Starting limited solution polishing.
 128577 79542       26.8184    43       30.6000       22.5800 17714633   26.21%
 128931 79773       22.6582    78       30.6000       22.5800 17770802   26.21%
 129376 80057       22.8458    67       30.6000       22.5800 17842601   26.21%
 129776 80310       26.8039    60       30.6000       22.5800 17904714   26.21%
Elapsed time = 3277.16 sec. (4266174.12 ticks, tree = 166.14 MB, solutions = 8)
 130066 80465       22.6691    50       30.6000       22.5800 17955109   26.21%
 130464 80731       22.7678    53       30.6000       22.5800 18018027   26.21%
 130779 80920       25.3563    35       30.6000       22.5800 18061274   26.21%
 131095 81103       24.2065    58       30.6000       22.5800 18107871   26.21%
 131376 81294       28.3329    50       30.6000       22.5800 18152296   26.21%
 131617 81442       29.6600    44       30.6000       22.5800 18190746   26.21%
 131890 81614    infeasible             30.6000       22.5800 18230796   26.21%
 132155 81792       22.7800    51       30.6000       22.5800 18275465   26.21%
 132467 81991       29.4800    26       30.6000       22.5800 18324872   26.21%
 132805 82229       30.1300    17       30.6000       22.5800 18375247   26.21%
Elapsed time = 3392.52 sec. (4419121.76 ticks, tree = 169.78 MB, solutions = 8)
 133176 82462       22.6012    39       30.6000       22.5800 18429570   26.21%
 133425 82630       22.9091    62       30.6000       22.5800 18469009   26.21%
 133776 82843       28.5608    48       30.6000       22.5800 18520962   26.21%
 134086 83024       29.5700    32       30.6000       22.5800 18569587   26.21%
 134478 83260       22.5852    56       30.6000       22.5800 18635812   26.21%
 134790 83441       22.8038    71       30.6000       22.5800 18683422   26.21%
 135076 83637       22.7987    72       30.6000       22.5800 18714587   26.21%
 135429 83876       28.9308    45       30.6000       22.5800 18742429   26.21%
 135828 84119        cutoff             30.6000       22.5800 18773429   26.21%
 136093 84276       25.0867    55       30.6000       22.5800 18796041   26.21%
Elapsed time = 3510.07 sec. (4575662.02 ticks, tree = 215.24 MB, solutions = 8)
 136417 84453       22.5832    66       30.6000       22.5800 18833787   26.21%
 136722 84648       27.9600    39       30.6000       22.5800 18880376   26.21%
 137034 84831       28.3356    41       30.6000       22.5800 18931066   26.21%
 137341 85020       22.5817    54       30.6000       22.5800 18975887   26.21%
 137576 85178       26.9109    38       30.6000       22.5800 19012621   26.21%
 137919 85391       22.8267    69       30.6000       22.5800 19067387   26.21%
 138176 85547       28.4749    35       30.6000       22.5800 19106274   26.21%

GUB cover cuts applied:  88
Clique cuts applied:  318
Cover cuts applied:  372
Implied bound cuts applied:  50
Flow cuts applied:  71
Mixed integer rounding cuts applied:  335
Zero-half cuts applied:  25
Gomory fractional cuts applied:  3

Root node processing (before b&c):
  Real time             =    1.52 sec. (2094.43 ticks)
Sequential b&c:
  Real time             = 3598.48 sec. (4694647.88 ticks)
                          ------------
Total (root+branch&cut) = 3600.00 sec. (4696742.32 ticks)
