Version identifier: 22.1.0.0 | 2022-03-09 | 1a383f8ce
CPXPARAM_Read_DataCheck                          1
CPXPARAM_Threads                                 1
CPXPARAM_TimeLimit                               3600
Tried aggregator 2 times.
MIP Presolve eliminated 9223 rows and 1786 columns.
MIP Presolve modified 108894 coefficients.
Aggregator did 961 substitutions.
Reduced MIP has 24812 rows, 2143 columns, and 196012 nonzeros.
Reduced MIP has 1733 binaries, 0 generals, 0 SOSs, and 0 indicators.
Presolve time = 0.33 sec. (340.56 ticks)
Probing time = 0.01 sec. (8.52 ticks)
Tried aggregator 1 time.
Detecting symmetries...
Reduced MIP has 24812 rows, 2143 columns, and 196012 nonzeros.
Reduced MIP has 1733 binaries, 0 generals, 0 SOSs, and 0 indicators.
Presolve time = 0.11 sec. (82.14 ticks)
Probing time = 0.01 sec. (9.62 ticks)
Clique table members: 2916.
MIP emphasis: balance optimality and feasibility.
MIP search method: dynamic search.
Parallel mode: none, using 1 thread.
Root relaxation solution time = 0.08 sec. (112.98 ticks)

        Nodes                                         Cuts/
   Node  Left     Objective  IInf  Best Integer    Best Bound    ItCnt     Gap

      0     0       29.0200   269                     29.0200      620         
      0     0       29.0200   224                   Cuts: 307     1049         
      0     0       29.0200   219                  Cuts: 2077     1532         
      0     0       29.0200   219                  Cuts: 1186     1900         
      0     0       29.0200   166                   Cuts: 259     2184         
      0     0       29.0200   192                  Cuts: 2305     2927         
Detecting symmetries...
Detecting symmetries...
      0     2       29.0200   102                     29.0200     2927         
Elapsed time = 21.24 sec. (24967.72 ticks, tree = 0.01 MB, solutions = 0)
      1     3       29.0200   158                     29.0200     3600         
      2     4       29.0200   160                     29.0200     4069         
      5     7       30.0500   143                     29.0200     4423         
     10    10       29.0200   142                     29.0200     4676         
     13    13       29.0700   157                     29.0200     5159         
     17    17       29.0200   147                     29.0200     5885         
     22    22       29.0200   143                     29.0200     6166         
     24    24       30.3900   145                     29.0200     6521         
     30    28       31.1900   152                     29.0200     7175         
     40    38       29.0200   119                     29.0200     8120         
Elapsed time = 24.11 sec. (29591.04 ticks, tree = 3.39 MB, solutions = 0)
     51    49       30.1600   140                     29.0200     9976         
     65    63       29.0200   130                     29.0200    11537         
     72    70       29.0200   129                     29.0200    12167         
     93    87    infeasible                           29.0200    13798         
    114   104       29.0200   107                     29.0200    16400         
    126   112       29.0200   110                     29.0200    17583         
    140   122       29.0200    95                     29.0200    18890         
    157   135    infeasible                           29.0200    21027         
    173   147       29.0200    85                     29.0200    23311         
    179   149    infeasible                           29.0200    28267         
Elapsed time = 32.39 sec. (42397.14 ticks, tree = 10.34 MB, solutions = 0)
    188   155       29.3946    96                     29.0200    30542         
    197   151    infeasible                           29.0200    32531         
    207   147       29.0200   101                     29.0200    34677         
    224   140       29.0200    94                     29.0200    36987         
    263   139       31.1900   112                     29.0200    39431         
    276   142    infeasible                           29.0200    41711         
    279   143       29.0200    83                     29.0200    42518         
    282   146       29.0200    81                     29.0200    42820         
    294   154       29.0200    80                     29.0200    44704         
    304   162       29.0200    71                     29.0200    47181         
Elapsed time = 40.22 sec. (52915.08 ticks, tree = 9.24 MB, solutions = 0)
    311   169       29.0200    78                     29.0200    49958         
    319   177       29.8121    79                     29.0200    53616         
    321   179       29.2666    80                     29.0200    54783         
    326   184       29.0200    58                     29.0200    56777         
    339   191       29.0200    53                     29.0200    59682         
    344   192       29.0200    52                     29.0200    63134         
    346   194       29.5631    60                     29.0200    65126         
    348   196       29.0510    56                     29.0200    66311         
    360   200    infeasible                           29.0200    69379         
    369   204       29.0584    60                     29.0200    71873         
Elapsed time = 47.98 sec. (64175.82 ticks, tree = 9.61 MB, solutions = 0)
    374   209       33.2557    60                     29.0200    74813         
    379   210       36.9900    60                     29.0200    75917         
    381   210       36.9900    57                     29.0200    77988         
    384   209       29.0200    52                     29.0200    79596         
    395   218       29.8870    54                     29.0200    83304         
    400   223       29.2151    50                     29.0200    85870         
    408   229       29.1014    50                     29.0200    88818         
    415   230    infeasible                           29.0200    91775         
    418   231       30.0500    48                     29.0200    92952         
    424   233    infeasible                           29.0200    95375         
Elapsed time = 55.69 sec. (75384.40 ticks, tree = 9.72 MB, solutions = 0)
    429   234    infeasible                           29.0200    97713         
    435   236       29.4000    46                     29.0200    99922         
    440   239       30.4300    54                     29.0200   102341         
    445   240       30.4300    45                     29.0200   104673         
    453   244       30.4300    38                     29.0200   107323         
    465   252       33.0500    38                     29.0200   110365         
    473   254       29.4000    55                     29.0200   112693         
    480   259       29.0200    50                     29.0200   114158         
    490   269       31.5300    47                     29.0200   116946         
    495   272       29.0378    42                     29.0200   119223         
Elapsed time = 63.40 sec. (87104.58 ticks, tree = 10.07 MB, solutions = 0)
    501   274    infeasible                           29.0200   121518         
    507   274    infeasible                           29.0200   123420         
    516   279       30.3900    41                     29.0200   126738         
    520   279       30.3900    60                     29.0200   128821         
    531   284    infeasible                           29.0200   131951         
    533   284       29.0298    58                     29.0200   134032         
    546   295    infeasible                           29.0200   136338         
    558   301       29.4000    58                     29.0200   138963         
    560   301    infeasible                           29.0200   141199         
    564   299       30.3900    46                     29.0200   144258         
Elapsed time = 71.93 sec. (99558.66 ticks, tree = 10.18 MB, solutions = 0)
    574   305    infeasible                           29.0200   147877         
    581   308    infeasible                           29.0200   149843         
    584   309       30.4348    71                     29.0200   152257         
    590   313       30.4532    56                     29.0200   154319         
    597   317       31.4200    43                     29.0200   156852         
    602   322       31.4200    43                     29.0200   158180         
    608   324    infeasible                           29.0200   160432         
    616   328    infeasible                           29.0200   162969         
    619   327    infeasible                           29.0200   165502         
    623   331       30.5236    44                     29.0200   167918         
Elapsed time = 79.59 sec. (111056.26 ticks, tree = 10.30 MB, solutions = 0)
    631   337       30.3900    33                     29.0200   170574         
    638   342       30.3900    32                     29.0200   172906         
    641   339    infeasible                           29.0200   174937         
    644   336    infeasible                           29.0200   176924         
    645   335    infeasible                           29.0200   178583         
    652   336       32.5836    59                     29.0200   180419         
    663   335       29.0200    65                     29.0200   182444         
    668   340       29.0200    55                     29.0200   184761         
    678   336       29.0200    63                     29.0200   187396         
    680   338       29.0200    64                     29.0200   188322         
Elapsed time = 87.90 sec. (122219.81 ticks, tree = 10.33 MB, solutions = 0)
    688   338       30.4772    61                     29.0200   191651         
    690   340       34.0300    63                     29.0200   193285         
    697   343    infeasible                           29.0200   195301         
    704   344       29.0200    68                     29.0200   197735         
    710   350       30.2434    57                     29.0200   200353         
    721   355       29.0200    69                     29.0200   202334         
    735   365       29.0200    50                     29.0200   205144         
    743   367    infeasible                           29.0200   208542         
    747   367    infeasible                           29.0200   210988         
    760   368       29.0200    61                     29.0200   218514         
Elapsed time = 98.20 sec. (136388.37 ticks, tree = 10.44 MB, solutions = 0)
    784   384       36.0998    46                     29.0200   226546         
    811   393    infeasible                           29.0200   234688         
    830   402       29.0447    61                     29.0200   242768         
    867   421       29.0372    57                     29.0200   252809         
    883   424    infeasible                           29.0200   260218         
    922   445    infeasible                           29.0200   269860         
    963   460       34.3004    58                     29.0200   278949         
    989   480       32.6600    51                     29.0200   285762         
   1011   487       29.8502    73                     29.0200   295695         
   1040   503       29.0348    64                     29.0200   302769         
Elapsed time = 127.06 sec. (177068.76 ticks, tree = 10.97 MB, solutions = 0)
   1069   524       33.5190    60                     29.0200   310336         
   1090   530       34.7674    62                     29.0200   320675         
   1110   536       40.8816    43                     29.0200   330212         
   1136   548       34.5900    48                     29.0200   337010         
   1172   569       29.4644    87                     29.0200   345439         
   1200   588       33.0406    50                     29.0200   354616         
   1226   597    infeasible                           29.0200   363439         
   1242   600       29.0200    60                     29.0200   371418         
   1271   612    infeasible                           29.0200   381164         
   1294   615       29.0815    72                     29.0200   389961         
Elapsed time = 157.51 sec. (217682.10 ticks, tree = 11.42 MB, solutions = 0)
   1316   627       34.6127    64                     29.0200   396648         
   1344   645       30.3900    65                     29.0200   405519         
   1368   657       31.4200    54                     29.0200   414275         
   1410   683       34.9811    56                     29.0200   423352         
   1437   699       29.0578    71                     29.0200   432539         
   1453   703       30.3900    88                     29.0200   440697         
   1478   712       33.3860    73                     29.0200   449463         
   1496   726       32.7173    54                     29.0200   454005         
   1523   739    infeasible                           29.0200   461138         
   1547   751       29.0487    88                     29.0200   470375         
Elapsed time = 185.77 sec. (257453.00 ticks, tree = 14.10 MB, solutions = 0)
   1581   766       31.6658    83                     29.0200   478968         
   1602   773       33.6081    74                     29.0200   487930         
   1635   796       29.0200    64                     29.0200   496876         
   1656   810       29.0799    79                     29.0200   504535         
   1681   827       30.1533    52                     29.0200   511885         
   1708   848       31.7432    73                     29.0200   520107         
   1730   858    infeasible                           29.0200   528015         
   1754   871       29.0266    78                     29.0200   536317         
   1782   882       29.0479    79                     29.0200   544866         
   1815   894       29.2577    87                     29.0200   553281         
Elapsed time = 213.81 sec. (296932.77 ticks, tree = 14.47 MB, solutions = 0)
   1867   920       29.0200    76                     29.0200   562345         
   1905   943       29.0200    80                     29.0200   570914         
   1927   965       42.2554    45                     29.0200   576967         
   1960   985       29.0247    90                     29.0200   584949         
   1984   998       29.0200    95                     29.0200   592931         
   2000  1014       33.0000    73                     29.0200   598932         
   2027  1034       29.0431    67                     29.0200   607400         
   2050  1048       34.5900    66                     29.0200   617633         

Performing restart 1

Repeating presolve.
Tried aggregator 1 time.
Reduced MIP has 24812 rows, 2143 columns, and 196012 nonzeros.
Reduced MIP has 1733 binaries, 0 generals, 0 SOSs, and 0 indicators.
Presolve time = 0.06 sec. (64.35 ticks)
Tried aggregator 1 time.
Reduced MIP has 24812 rows, 2143 columns, and 196012 nonzeros.
Reduced MIP has 1733 binaries, 0 generals, 0 SOSs, and 0 indicators.
Presolve time = 0.11 sec. (83.77 ticks)
Represolve time = 0.32 sec. (287.45 ticks)
   2056     0       29.0200   168                   Cuts: 671   622301         
   2056     0       29.0200   195                  Cuts: 2717   622790         
   2056     0       29.0200   172                   Cuts: 396   623222         
   2056     0       29.0200   160                  Cuts: 1590   623533         
   2056     0       29.0200   164                  Cuts: 2856   623864         
   2056     0       29.0200   178                   Cuts: 213   624260         
   2056     0       29.0200   155                   Cuts: 537   624771         
   2056     0       29.0200   186                  Cuts: 1962   625062         
   2056     2       29.0200    98                     29.0200   625062         
   2060     5       29.0200   145                     29.0200   626120         
Elapsed time = 268.95 sec. (367762.68 ticks, tree = 0.02 MB, solutions = 0)
   2071    14       29.0200   129                     29.0200   627206         
   2083    24       29.0200   132                     29.0200   628301         
   2104    42       29.0200   104                     29.0200   630210         
   2111    48       29.0200    96                     29.0200   632095         
   2122    58       29.4000    90                     29.0200   634149         
   2133    68       29.0200    74                     29.0200   636724         
   2144    77       29.0200    71                     29.0200   640518         
   2158    88       30.8400    44                     29.0200   646044         
   2168    93       33.0700    42                     29.0200   652443         
   2183    98    infeasible                           29.0200   656263         
Elapsed time = 294.07 sec. (407634.98 ticks, tree = 0.75 MB, solutions = 0)
   2200   105       30.5933    53                     29.0200   660134         
   2225   123       29.0200    66                     29.0200   664978         
   2245   142       30.4600    47                     29.0200   669734         
   2256   146       34.0700    46                     29.0200   676604         
   2272   155       29.0200    63                     29.0200   683313         
   2284   164       33.1200    55                     29.0200   689112         
   2307   178       29.0200    65                     29.0200   696836         
   2328   193       29.0292    62                     29.0200   703612         
   2337   200       30.4600    48                     29.0200   707554         
   2348   209       33.1363    46                     29.0200   712991         
Elapsed time = 321.66 sec. (449269.65 ticks, tree = 1.75 MB, solutions = 0)
   2374   222       34.0880    49                     29.0200   718426         
   2388   224       30.4600    60                     29.0200   724198         
   2401   226       34.2600    60                     29.0200   729236         
   2416   231       30.4600    51                     29.0200   735184         
   2436   239       34.1200    49                     29.0200   742249         
   2455   254       29.0200    63                     29.0200   748483         
   2472   260       30.5112    48                     29.0200   757051         
   2483   261    infeasible                           29.0200   763606         
   2497   265       30.4600    63                     29.0200   768759         
   2503   267       30.4600    60                     29.0200   773088         
Elapsed time = 348.94 sec. (489800.96 ticks, tree = 1.97 MB, solutions = 0)
   2513   268       30.4941    53                     29.0200   779304         
   2527   274       30.4600    60                     29.0200   783866         
   2545   280       29.1087    57                     29.0200   790365         
   2556   283       33.1200    55                     29.0200   795100         
   2568   287       31.6000    52                     29.0200   802419         
   2585   296       31.6000    57                     29.0200   808398         
   2604   302       34.2600    57                     29.0200   816566         
   2616   307       30.4600    54                     29.0200   822796         
   2623   310       31.6000    57                     29.0200   827484         
   2643   321       33.0700    57                     29.0200   833717         
Elapsed time = 376.36 sec. (529863.14 ticks, tree = 2.18 MB, solutions = 0)
   2661   323       29.0200    67                     29.0200   841569         
   2680   334       33.4580    44                     29.0200   847805         
   2701   345       33.2028    51                     29.0200   854080         
   2726   353       30.4976    46                     29.0200   860754         
   2746   362    infeasible                           29.0200   868037         
   2758   366       29.0200    59                     29.0200   872834         
   2782   377    infeasible                           29.0200   879945         
   2796   375       30.1600    63                     29.0200   886933         
   2805   376       29.0933    61                     29.0200   893898         
   2820   383       30.4600    50                     29.0200   898962         
Elapsed time = 403.58 sec. (570590.47 ticks, tree = 2.80 MB, solutions = 0)
   2837   384       30.4941    47                     29.0200   905993         
   2855   390       30.1600    57                     29.0200   913407         
   2867   394       29.0321    51                     29.0200   921469         
   2881   400       31.6852    60                     29.0200   929646         
   2902   404       34.2151    51                     29.0200   936811         
   2921   405       29.0200    76                     29.0200   944101         
   2929   412       29.0200    85                     29.0200   946623         
   2947   419       30.5638    74                     29.0200   949939         
   2956   420       29.0200    73                     29.0200   954402         
   2966   426       30.4600    41                     29.0200   958748         
Elapsed time = 431.77 sec. (611098.92 ticks, tree = 3.34 MB, solutions = 0)
   2976   434       33.0700    41                     29.0200   961835         
   2997   447    infeasible                           29.0200   969797         
   3008   446       29.0200    76                     29.0200   975636         
   3029   455       30.1600    71                     29.0200   981583         
   3039   455       29.0200    65                     29.0200   987374         
   3047   457       33.1200    59                     29.0200   992505         
   3062   464       33.0700    58                     29.0200  1000595         
   3082   478       33.1200    43                     29.0200  1009456         

Performing restart 2

Repeating presolve.
Tried aggregator 1 time.
MIP Presolve eliminated 6 rows and 0 columns.
MIP Presolve modified 39 coefficients.
Reduced MIP has 24806 rows, 2143 columns, and 202859 nonzeros.
Reduced MIP has 1733 binaries, 0 generals, 0 SOSs, and 0 indicators.
Presolve time = 0.11 sec. (117.32 ticks)
Tried aggregator 1 time.
Reduced MIP has 24806 rows, 2143 columns, and 202859 nonzeros.
Reduced MIP has 1733 binaries, 0 generals, 0 SOSs, and 0 indicators.
Presolve time = 0.12 sec. (89.45 ticks)
Represolve time = 0.43 sec. (373.07 ticks)
   3084     0       29.0200   174                   Cuts: 985  1011044         
   3084     0       29.0200   174                  Cuts: 2551  1011513         
   3084     0       29.0200   141                   Cuts: 955  1011953         
   3084     0       29.0200   153                  Cuts: 2467  1012361         
   3084     0       29.0200   134                    Cuts: 87  1012588         
   3084     0       29.0200   163                  Cuts: 2272  1013001         
   3084     0       29.0200   153                   Cuts: 197  1013298         
   3084     0       29.0200   158                  Cuts: 2867  1013665         
   3084     0       29.0200   159                   Cuts: 315  1014190         
   3084     0       29.0200   143                   Cuts: 391  1014515         
   3084     0       29.0200   162                  Cuts: 2795  1014938         
   3084     2       29.0200    92                     29.0200  1014938         
   3089     7       29.0200   107                     29.0200  1015419         
Elapsed time = 533.72 sec. (744796.19 ticks, tree = 0.03 MB, solutions = 0)
   3095    13       29.0200   102                     29.0200  1015975         
   3106    24       29.0200   120                     29.0200  1016870         
   3117    35       29.0200   105                     29.0200  1018123         
   3126    44       29.0200    94                     29.0200  1019165         
   3135    53       29.0200    97                     29.0200  1020394         
   3143    61       29.0200    92                     29.0200  1021267         
   3151    69       29.4000    87                     29.0200  1022416         
   3162    80       29.0200    92                     29.0200  1023574         
   3173    91       29.0200    84                     29.0200  1024660         
   3183   101       29.0200    80                     29.0200  1026337         
Elapsed time = 557.05 sec. (784778.79 ticks, tree = 1.14 MB, solutions = 0)
   3193   111       29.0200    76                     29.0200  1028636         
   3197   115       29.0200    67                     29.0200  1030713         
   3207   125       29.0200    62                     29.0200  1031786         
   3215   133       29.0200    65                     29.0200  1034556         
   3222   137       32.9700    56                     29.0200  1037722         
   3231   138       29.0200    54                     29.0200  1040685         
   3237   137       30.3979    61                     29.0200  1044831         
   3249   139       29.0200    71                     29.0200  1048600         
   3257   147       29.0200    62                     29.0200  1051849         
   3264   154       29.0200    61                     29.0200  1054466         
Elapsed time = 582.74 sec. (826206.77 ticks, tree = 3.81 MB, solutions = 0)
   3272   162       29.2454    64                     29.0200  1057902         
   3285   170       29.0200    54                     29.0200  1062330         
   3304   184       31.3000    48                     29.0200  1066119         
   3322   194       33.0655    42                     29.0200  1070273         
   3338   201       29.0200    54                     29.0200  1075360         
   3351   205       29.0898    57                     29.0200  1079789         
   3361   213       30.4600    37                     29.0200  1082772         
   3372   216       30.4400    62                     29.0200  1087324         
   3383   220    infeasible                           29.0200  1091003         
   3390   227       30.8400    48                     29.0200  1094671         
Elapsed time = 609.79 sec. (867499.65 ticks, tree = 4.66 MB, solutions = 0)
   3406   237       33.4000    56                     29.0200  1099061         
   3414   241       30.3920    68                     29.0200  1103615         
   3422   247       31.8300    47                     29.0200  1108078         
   3438   253       30.1600    55                     29.0200  1111665         
   3446   257       31.6723    64                     29.0200  1115744         
   3453   260       31.5800    58                     29.0200  1121857         
   3468   263       30.7700    62                     29.0200  1127858         
   3476   267       29.2547    66                     29.0200  1133201         
   3485   272       32.7965    64                     29.0200  1136949         
   3510   288       32.8600    40                     29.0200  1141235         
Elapsed time = 637.27 sec. (908601.74 ticks, tree = 4.90 MB, solutions = 0)
   3524   300       33.2400    39                     29.0200  1144227         
   3535   301       33.0781    54                     29.0200  1151123         
   3544   305       33.2400    52                     29.0200  1156499         
   3552   303       29.0265    69                     29.0200  1161868         
   3564   307       31.5300    58                     29.0200  1167517         
   3575   312       29.1607    60                     29.0200  1173965         
   3585   314       29.1012    67                     29.0200  1179322         
   3594   321       31.8300    50                     29.0200  1184773         
   3607   326       30.3900    54                     29.0200  1190959         
   3617   334       34.5400    43                     29.0200  1195118         
Elapsed time = 666.27 sec. (949561.52 ticks, tree = 6.13 MB, solutions = 0)
   3628   339       29.0700    68                     29.0200  1201048         
   3641   346       30.8200    66                     29.0200  1206671         
   3648   348    infeasible                           29.0200  1211742         
   3663   348       30.1600    64                     29.0200  1219232         
   3673   354       31.7328    61                     29.0200  1225394         
   3684   361       30.8200    71                     29.0200  1229593         
   3689   364       31.4440    57                     29.0200  1233847         
   3709   377       30.8200    51                     29.0200  1239905         
   3730   395       32.2600    33                     29.0200  1245248         
   3748   402       29.0200    77                     29.0200  1251297         
Elapsed time = 695.38 sec. (991059.08 ticks, tree = 6.01 MB, solutions = 0)
   3757   410       29.1569    58                     29.0200  1255625         
   3771   423       33.1200    40                     29.0200  1258571         
   3790   432       37.2100    29                     29.0200  1265919         
   3799   433       33.0704    58                     29.0200  1270366         
   3813   441       33.1200    40                     29.0200  1275741         
   3836   456    infeasible                           29.0200  1280752         
   3846   462       34.2636    51                     29.0200  1285683         
   3864   472       30.5374    44                     29.0200  1290156         
   3879   482       36.8300    47                     29.0200  1296486         
   3891   492       40.1100    37                     29.0200  1301290         
Elapsed time = 722.29 sec. (1031598.30 ticks, tree = 6.35 MB, solutions = 0)
   3904   498       30.5100    55                     29.0200  1307646         
   3926   514       33.1300    39                     29.0200  1314181         
   3939   523       30.4709    59                     29.0200  1319409         
   3958   531       30.4613    57                     29.0200  1325501         
   3977   542       29.2084    55                     29.0200  1330578         
   3993   551       29.0881    64                     29.0200  1335855         
   3998   554       30.4600    59                     29.0200  1339553         
   4009   555       29.0200    60                     29.0200  1343833         
   4022   563       29.0200    65                     29.0200  1347949         
   4031   571       34.4514    46                     29.0200  1353714         
Elapsed time = 751.94 sec. (1073047.21 ticks, tree = 6.67 MB, solutions = 0)
   4048   580       33.1700    50                     29.0200  1357823         
   4061   589       29.0200    57                     29.0200  1363351         
   4071   597       30.4600    57                     29.0200  1368033         
   4083   600       30.4600    54                     29.0200  1374728         
   4094   601       29.1102    61                     29.0200  1380851         
   4105   600    infeasible                           29.0200  1386540         
   4119   608       29.0778    58                     29.0200  1391990         
   4130   608       29.1102    55                     29.0200  1399771         
   4144   614       30.5100    57                     29.0200  1406555         
   4154   620       29.0200    58                     29.0200  1411493         
Elapsed time = 781.91 sec. (1115244.15 ticks, tree = 6.86 MB, solutions = 0)
   4160   620       29.0200    64                     29.0200  1416269         
   4169   619       29.0277    63                     29.0200  1420739         
   4179   617       29.0200    65                     29.0200  1424630         
   4196   624       29.4708    58                     29.0200  1430394         
   4205   629       31.3049    66                     29.0200  1434677         
   4219   637       29.1834    68                     29.0200  1440931         
   4229   639    infeasible                           29.0200  1446818         
   4240   646       29.2449    59                     29.0200  1451287         
   4254   646       29.0200    69                     29.0200  1457221         
   4263   643       29.0200    64                     29.0200  1465516         
Elapsed time = 811.02 sec. (1156173.64 ticks, tree = 7.14 MB, solutions = 0)
   4276   652    infeasible                           29.0200  1471904         
   4283   651       29.0200    63                     29.0200  1479857         
   4293   653       29.0200    64                     29.0200  1484207         
   4304   658       29.0200    65                     29.0200  1490302         
   4311   659       29.1910    56                     29.0200  1495345         
   4321   659       30.4600    57                     29.0200  1501674         
   4330   655       30.1450    83                     29.0200  1507324         
   4341   656       29.0200    71                     29.0200  1511788         
   4351   656       29.0200    78                     29.0200  1516409         
   4356   661       30.4600    61                     29.0200  1519023         
Elapsed time = 840.96 sec. (1198426.52 ticks, tree = 7.20 MB, solutions = 0)
   4369   665       30.2726    69                     29.0200  1524147         
   4377   670       30.4600    67                     29.0200  1527679         
   4390   679       29.0200    66                     29.0200  1532959         
   4403   690       30.5100    54                     29.0200  1538706         
   4422   701       29.5869    51                     29.0200  1544918         
   4437   713       38.3899    47                     29.0200  1550155         
   4457   720       32.0436    54                     29.0200  1557041         
   4474   726       37.5000    37                     29.0200  1563298         
   4490   728       29.0719    56                     29.0200  1570356         
   4504   730       30.5100    67                     29.0200  1577487         
Elapsed time = 869.52 sec. (1239457.04 ticks, tree = 7.67 MB, solutions = 0)
   4526   743       29.5075    61                     29.0200  1584055         
   4540   755       32.3074    53                     29.0200  1590493         
   4556   756    infeasible                           29.0200  1594762         
   4566   763       29.5076    73                     29.0200  1599955         
   4579   768       29.0508    68                     29.0200  1604722         
   4596   776    infeasible                           29.0200  1611073         
   4602   779       30.5100    55                     29.0200  1616068         
   4614   787       32.9441    53                     29.0200  1620480         
   4626   795       31.0431    68                     29.0200  1625832         
   4641   806       32.3309    56                     29.0200  1632153         
Elapsed time = 896.62 sec. (1278764.65 ticks, tree = 7.96 MB, solutions = 0)
   4649   810       30.9687    62                     29.0200  1638217         
   4666   823       34.6220    51                     29.0200  1644540         
   4681   828    infeasible                           29.0200  1651944         
   4693   836       32.2600    52                     29.0200  1658935         
   4707   841       29.0245    70                     29.0200  1665509         
   4730   856       30.5918    54                     29.0200  1671942         
   4743   861       29.0200    65                     29.0200  1678152         
   4764   867       29.0200    57                     29.0200  1683645         
   4776   872       29.1060    62                     29.0200  1689634         
   4790   879       30.8493    66                     29.0200  1694836         
Elapsed time = 925.47 sec. (1319386.75 ticks, tree = 8.25 MB, solutions = 0)
   4801   886       30.8493    63                     29.0200  1700638         
   4810   889       29.5836    66                     29.0200  1705752         
   4821   892       29.0200    61                     29.0200  1711219         
   4832   894       29.0200    71                     29.0200  1716862         
   4839   900       29.5633    68                     29.0200  1721833         
   4853   906       29.0232    74                     29.0200  1727786         
   4875   922       29.3545    68                     29.0200  1734127         
   4886   928       30.4651    67                     29.0200  1739839         
   4907   939       29.0200    67                     29.0200  1744676         
   4923   951       29.6395    74                     29.0200  1751470         
Elapsed time = 954.07 sec. (1360116.50 ticks, tree = 8.71 MB, solutions = 0)
   4944   961       29.0249    68                     29.0200  1758291         
   4963   973       32.0342    55                     29.0200  1765516         
   4986   981       29.0200    72                     29.0200  1771510         
   5004   985       29.4000    63                     29.0200  1778963         
   5023   990       29.4000    67                     29.0200  1785117         
   5040  1003       29.0200    63                     29.0200  1791393         
   5058  1017       29.4000    54                     29.0200  1796929         
   5068  1024    infeasible                           29.0200  1802802         
   5076  1027       30.6365    58                     29.0200  1807732         
   5086  1029       29.0200    61                     29.0200  1813506         
Elapsed time = 982.93 sec. (1400333.60 ticks, tree = 9.05 MB, solutions = 0)
   5097  1039       32.2670    46                     29.0200  1819486         
   5112  1047       30.8511    66                     29.0200  1826094         
   5126  1052       29.5171    47                     29.0200  1832706         
   5139  1058       30.4600    63                     29.0200  1839379         
   5147  1063       29.0200    75                     29.0200  1845145         
   5153  1065       32.2600    63                     29.0200  1850483         
   5162  1066       29.0200    73                     29.0200  1856085         
   5174  1075       32.4873    56                     29.0200  1861580         
   5180  1078       30.5865    61                     29.0200  1867990         
   5188  1080       29.8164    74                     29.0200  1874690         
Elapsed time = 1012.02 sec. (1440511.77 ticks, tree = 9.81 MB, solutions = 0)
   5202  1089       29.0200    63                     29.0200  1881086         
   5217  1092    infeasible                           29.0200  1888785         
   5232  1100       29.0200    58                     29.0200  1895042         
   5247  1106       29.0200    77                     29.0200  1903632         
   5258  1112       30.8970    66                     29.0200  1909181         
   5270  1115       29.0200    63                     29.0200  1914868         
   5282  1120       32.4873    55                     29.0200  1920939         
   5294  1125       29.4104    86                     29.0200  1926576         
   5313  1127       29.0210    58                     29.0200  1932424         
   5325  1123       29.6462    67                     29.0200  1939665         
Elapsed time = 1040.46 sec. (1480843.75 ticks, tree = 9.98 MB, solutions = 0)
   5336  1130       29.0200    84                     29.0200  1946125         
   5347  1140       32.5705    62                     29.0200  1950551         
   5360  1141       36.3281    59                     29.0200  1955164         
   5370  1144       29.0200    71                     29.0200  1960620         
   5384  1150       31.5716    74                     29.0200  1967854         
   5396  1150       30.0362    62                     29.0200  1973363         
   5405  1153       32.2600    61                     29.0200  1978756         
   5421  1159       30.7722    66                     29.0200  1985270         
   5432  1164       29.0200    79                     29.0200  1990042         
   5443  1174       30.8502    69                     29.0200  1996016         
Elapsed time = 1073.20 sec. (1522304.19 ticks, tree = 10.37 MB, solutions = 0)
   5456  1185       29.3014    72                     29.0200  2002578         
   5477  1200       32.2600    49                     29.0200  2009745         
   5490  1207       30.5223    57                     29.0200  2015911         
   5507  1210    infeasible                           29.0200  2023243         
   5523  1221       29.2313    71                     29.0200  2028954         
   5540  1234       32.2600    52                     29.0200  2034918         
   5561  1246       31.9042    63                     29.0200  2042450         
   5576  1254       33.1553    53                     29.0200  2047434         
   5590  1260       29.0202    74                     29.0200  2052809         
   5603  1273       31.8800    51                     29.0200  2057888         
Elapsed time = 1102.15 sec. (1562417.51 ticks, tree = 10.74 MB, solutions = 0)
   5618  1282    infeasible                           29.0200  2063978         
   5636  1291       29.0201    67                     29.0200  2069231         
   5651  1306       29.6811    63                     29.0200  2074408         
   5673  1317       29.4000    73                     29.0200  2081247         
   5690  1332       32.6142    47                     29.0200  2087834         
   5714  1346       34.5900    46                     29.0200  2095924         
   5728  1350       29.0607    71                     29.0200  2101228         
   5750  1366       31.8879    57                     29.0200  2108447         
   5768  1384       37.5000    40                     29.0200  2115054         
   5786  1398       32.0325    58                     29.0200  2122160         
Elapsed time = 1130.46 sec. (1602777.01 ticks, tree = 11.21 MB, solutions = 0)
   5800  1410       34.5900    45                     29.0200  2129033         
   5821  1423       31.9389    56                     29.0200  2136461         
   5842  1433    infeasible                           29.0200  2144120         
   5866  1451       32.2600    45                     29.0200  2150712         
   5882  1457       29.1087    73                     29.0200  2158529         
   5904  1471       30.5100    66                     29.0200  2164846         
   5914  1474    infeasible                           29.0200  2170136         
   5933  1485       29.0202    74                     29.0200  2175268         
   5948  1491       29.0201    64                     29.0200  2180345         
   5961  1500       30.5100    61                     29.0200  2186800         
Elapsed time = 1159.59 sec. (1642671.34 ticks, tree = 11.61 MB, solutions = 0)
   5974  1507       29.0200    69                     29.0200  2191956         
   5981  1514       29.0200    76                     29.0200  2195486         
   5994  1523       31.2264    59                     29.0200  2200910         
   6008  1531       29.0890    71                     29.0200  2205998         
   6025  1536    infeasible                           29.0200  2212479         
   6041  1546       29.0231    59                     29.0200  2218944         
   6053  1548       29.0200    65                     29.0200  2226342         
   6069  1552       30.7734    73                     29.0200  2233476         
   6081  1559       29.0604    62                     29.0200  2239436         
   6093  1565       30.5100    61                     29.0200  2246480         
Elapsed time = 1191.36 sec. (1683259.31 ticks, tree = 11.86 MB, solutions = 0)
   6107  1571       29.0200    56                     29.0200  2252988         
   6127  1579    infeasible                           29.0200  2261519         
   6142  1590       29.2178    53                     29.0200  2267884         
   6154  1594       29.7849    69                     29.0200  2274205         
   6167  1594       29.0200    77                     29.0200  2280980         
   6175  1602       29.0200    61                     29.0200  2284473         
   6188  1610       30.5691    58                     29.0200  2289757         
   6204  1613       29.4834    68                     29.0200  2295704         
   6224  1618       29.1096    64                     29.0200  2301561         
   6231  1625       30.5063    60                     29.0200  2306858         
Elapsed time = 1224.35 sec. (1724269.91 ticks, tree = 12.27 MB, solutions = 0)
   6247  1628       29.0200    65                     29.0200  2313568         
   6261  1634       29.0200    67                     29.0200  2319739         
   6279  1643       30.4593    66                     29.0200  2326480         
   6296  1648       29.2750    64                     29.0200  2330083         
   6318  1653    infeasible                           29.0200  2335564         
   6330  1660       29.0200    69                     29.0200  2341549         
   6342  1664       29.9028    64                     29.0200  2347887         
   6362  1671       30.5100    64                     29.0200  2353239         
   6370  1675       32.1598    71                     29.0200  2358801         
   6383  1683       29.0200    69                     29.0200  2364807         
Elapsed time = 1254.22 sec. (1765322.11 ticks, tree = 12.50 MB, solutions = 0)
   6392  1692       30.4241    64                     29.0200  2370760         
   6405  1697       29.0200    63                     29.0200  2377239         
   6417  1703    infeasible                           29.0200  2384187         
   6432  1702       32.1674    62                     29.0200  2392819         
   6451  1704       29.2277    69                     29.0200  2399655         
   6472  1712       30.4400    64                     29.0200  2406905         
   6490  1722       29.7075    75                     29.0200  2413983         
   6508  1726    infeasible                           29.0200  2421252         
   6521  1731       31.1659    53                     29.0200  2427733         
   6537  1737       30.9441    57                     29.0200  2434086         
Elapsed time = 1285.26 sec. (1805278.89 ticks, tree = 12.70 MB, solutions = 0)
   6556  1746       30.4600    57                     29.0200  2441593         
   6573  1751       29.0200    52                     29.0200  2448972         
   6589  1758       29.0200    61                     29.0200  2455812         
   6604  1764       29.1551    54                     29.0200  2460714         
   6615  1767       29.3928    67                     29.0200  2466082         
   6629  1771    infeasible                           29.0200  2472406         
   6638  1776       30.5289    67                     29.0200  2477387         
   6654  1778       29.0200    65                     29.0200  2483065         
   6662  1782    infeasible                           29.0200  2488361         
   6676  1786       29.0330    68                     29.0200  2494071         
Elapsed time = 1316.27 sec. (1845773.40 ticks, tree = 12.89 MB, solutions = 0)
   6693  1795       29.1551    47                     29.0200  2500771         
   6706  1794       29.0200    53                     29.0200  2506268         
   6724  1794    infeasible                           29.0200  2513373         
   6737  1795       29.1503    71                     29.0200  2519479         
   6760  1809       29.0200    68                     29.0200  2524464         
   6767  1816       29.1140    58                     29.0200  2530179         
   6779  1824       29.1096    65                     29.0200  2537179         
   6792  1833       30.3900    53                     29.0200  2544070         
   6811  1844       29.2331    68                     29.0200  2551275         
   6829  1850       29.2456    68                     29.0200  2557900         
Elapsed time = 1348.56 sec. (1886678.69 ticks, tree = 13.14 MB, solutions = 0)
   6844  1855       29.4018    63                     29.0200  2564715         
   6862  1867       29.0960    73                     29.0200  2571526         
   6885  1878       29.0200    71                     29.0200  2579220         
   6902  1892       29.0200    64                     29.0200  2586869         
   6913  1893       29.0200    81                     29.0200  2593055         
   6928  1900       30.4283    71                     29.0200  2600845         
   6942  1911       29.6676    63                     29.0200  2607515         
   6956  1914       29.5004    62                     29.0200  2613434         
   6972  1924       29.0850    69                     29.0200  2617621         
   6984  1930       29.0211    59                     29.0200  2623576         
Elapsed time = 1379.49 sec. (1926861.12 ticks, tree = 13.44 MB, solutions = 0)
   6994  1935       29.0256    66                     29.0200  2628695         
   7006  1944       29.0616    78                     29.0200  2634173         
   7021  1953       29.0200    74                     29.0200  2639161         
   7036  1960       29.0200    71                     29.0200  2644799         
   7052  1969       29.2267    68                     29.0200  2650236         
   7063  1972       29.2030    76                     29.0200  2656032         
   7078  1976       30.2963    55                     29.0200  2663775         
   7091  1979       29.8269    64                     29.0200  2668878         
   7104  1986       29.0890    79                     29.0200  2674551         
   7125  1995       29.1457    63                     29.0200  2681892         
Elapsed time = 1409.88 sec. (1967147.23 ticks, tree = 13.69 MB, solutions = 0)
   7138  1993       29.0200    69                     29.0200  2689377         
   7151  2000       29.0200    69                     29.0200  2695702         
   7171  2013       30.7674    69                     29.0200  2702776         
   7190  2019    infeasible                           29.0200  2710479         
   7205  2028       30.5100    54                     29.0200  2717247         
   7220  2040       29.6457    52                     29.0200  2724164         
   7244  2049       29.0685    70                     29.0200  2731248         
   7261  2051       29.6288    70                     29.0200  2737515         
   7278  2058       30.4600    70                     29.0200  2744569         
   7292  2065       29.0200    71                     29.0200  2752441         
Elapsed time = 1442.52 sec. (2007936.61 ticks, tree = 14.43 MB, solutions = 0)
   7304  2070       30.4600    67                     29.0200  2759150         
   7319  2075       30.4492    79                     29.0200  2765075         
   7335  2083       30.5100    66                     29.0200  2771444         
   7350  2091       30.0116    75                     29.0200  2777752         
   7364  2091       29.5071    66                     29.0200  2781874         
   7380  2097       31.2279    61                     29.0200  2787711         
   7392  2101       29.0200    83                     29.0200  2794244         
   7401  2109       29.7320    71                     29.0200  2799650         
   7419  2113       29.1524    74                     29.0200  2805148         
   7435  2121       29.0200    69                     29.0200  2810538         
Elapsed time = 1473.53 sec. (2049627.92 ticks, tree = 15.02 MB, solutions = 0)
   7450  2130       29.7911    68                     29.0200  2817978         
   7473  2136       29.0761    70                     29.0200  2823554         
   7492  2143       29.0200    66                     29.0200  2828667         
   7506  2149       29.7782    69                     29.0200  2835928         
   7520  2153       29.2934    72                     29.0200  2841304         
   7534  2157       29.0383    79                     29.0200  2847725         
   7547  2163       29.0200    72                     29.0200  2854486         
   7564  2175       29.0200    63                     29.0200  2861833         
   7584  2187       29.5132    69                     29.0200  2870050         
   7607  2200       29.4500    60                     29.0200  2877784         
Elapsed time = 1504.39 sec. (2089724.47 ticks, tree = 15.32 MB, solutions = 0)
   7626  2209       29.0220    76                     29.0200  2884660         
   7645  2214       29.0200    73                     29.0200  2892255         
   7660  2223       29.8137    63                     29.0200  2899920         
   7673  2227       29.5510    77                     29.0200  2908185         
   7697  2237       29.5510    58                     29.0200  2915675         
   7717  2241       29.0200    65                     29.0200  2922279         
   7741  2248       29.7294    58                     29.0200  2929488         
   7761  2254       29.7294    73                     29.0200  2936724         
   7773  2255       29.5510    85                     29.0200  2943363         
   7785  2253    infeasible                           29.0200  2949436         
Elapsed time = 1533.46 sec. (2129367.49 ticks, tree = 15.53 MB, solutions = 0)
   7800  2258       29.7341    69                     29.0200  2954365         
   7818  2261    infeasible                           29.0200  2961474         
   7827  2268       31.8098    68                     29.0200  2965549         
   7844  2281       29.0200    68                     29.0200  2969986         
   7861  2292       29.0200    71                     29.0200  2976247         
   7871  2302       34.8610    58                     29.0200  2982593         
   7893  2311       31.8800    58                     29.0200  2988879         
   7904  2319       30.4600    58                     29.0200  2995211         
   7919  2330       29.0200    68                     29.0200  3000383         
   7932  2339       31.1870    59                     29.0200  3005794         
Elapsed time = 1562.68 sec. (2169240.30 ticks, tree = 15.86 MB, solutions = 0)
   7949  2351       30.7846    58                     29.0200  3010335         
   7966  2363       29.0200    54                     29.0200  3015906         
   7974  2369       33.2175    54                     29.0200  3022411         
   7985  2374       29.4389    68                     29.0200  3027308         
   7999  2379       29.0272    65                     29.0200  3034908         
   8013  2391       39.4500    39                     29.0200  3041399         
   8024  2394       29.0200    71                     29.0200  3045851         
   8034  2404       32.9700    46                     29.0200  3051708         
   8048  2411       29.1032    64                     29.0200  3058450         
   8064  2422       30.4772    70                     29.0200  3067086         
Elapsed time = 1594.14 sec. (2209954.67 ticks, tree = 16.17 MB, solutions = 0)
   8079  2429    infeasible                           29.0200  3073496         
   8095  2439       30.5655    71                     29.0200  3080912         
   8114  2451       29.9681    60                     29.0200  3088873         
   8134  2457       29.0200    69                     29.0200  3095573         
   8152  2469       32.0263    69                     29.0200  3103498         
   8165  2479       31.9440    64                     29.0200  3110586         
   8180  2485       29.0200    73                     29.0200  3117766         
   8193  2488       30.1846    62                     29.0200  3124298         
   8210  2491    infeasible                           29.0200  3131086         
   8226  2499       33.0102    71                     29.0200  3137563         
Elapsed time = 1625.70 sec. (2250358.16 ticks, tree = 16.46 MB, solutions = 0)
   8241  2507       29.2056    63                     29.0200  3143057         
   8257  2516       39.4000    33                     29.0200  3149414         
   8270  2521       43.5700    33                     29.0200  3154845         
   8285  2532       43.5700    28                     29.0200  3161433         
   8307  2551       44.1800    14                     29.0200  3167899         
*  8314  2538      integral     0       44.1800       29.0200  3170349   34.31%
   8322  2541       29.0272    67       44.1800       29.0200  3172973   34.31%
   8332  2548       30.9672    56       44.1800       29.0200  3178748   34.31%
   8342  2552       30.5100    63       44.1800       29.0200  3183119   34.31%
   8356  2560       38.4500    45       44.1800       29.0200  3189770   34.31%
   8383  2575       31.2266    62       44.1800       29.0200  3195736   34.31%
Elapsed time = 1655.26 sec. (2290130.64 ticks, tree = 16.76 MB, solutions = 1)
   8384  2576       31.4238    63       44.1800       29.0200  3195820   34.31%
   8406  2587       29.0212    64       44.1800       29.0200  3203192   34.31%
   8427  2593    infeasible             44.1800       29.0200  3211143   34.31%
   8443  2597       29.0200    69       44.1800       29.0200  3218339   34.31%
   8466  2617       29.1412    68       44.1800       29.0200  3225631   34.31%
   8488  2624       29.6112    75       44.1800       29.0200  3232998   34.31%
   8502  2622    infeasible             44.1800       29.0200  3239173   34.31%
   8517  2633       29.0200    76       44.1800       29.0200  3245606   34.31%
   8539  2645       30.9492    66       44.1800       29.0200  3254586   34.31%
   8550  2646       29.0364    73       44.1800       29.0200  3259080   34.31%
Elapsed time = 1690.27 sec. (2335411.25 ticks, tree = 17.03 MB, solutions = 1)
   8568  2656       29.0200    65       44.1800       29.0200  3265270   34.31%
   8580  2668       36.6762    51       44.1800       29.0200  3271946   34.31%
   8588  2670        cutoff             44.1800       29.0200  3273395   34.31%
   8602  2675    infeasible             44.1800       29.0200  3280722   34.31%
   8616  2685       29.1735    53       44.1800       29.0200  3287806   34.31%
   8630  2689       31.0060    63       44.1800       29.0200  3294517   34.31%
   8639  2694       29.7103    57       44.1800       29.0200  3298599   34.31%
   8650  2697       29.0200    66       44.1800       29.0200  3304954   34.31%
   8665  2702       30.8506    56       44.1800       29.0200  3311603   34.31%
   8682  2715       30.4600    66       44.1800       29.0200  3315495   34.31%
Elapsed time = 1723.41 sec. (2376121.69 ticks, tree = 17.29 MB, solutions = 1)
*  8684+ 2691                           43.5700       29.0200            33.39%
   8684  2692       32.9445    63       43.5700       29.0200  3317001   33.39%
   8712  2708       29.3247    72       43.5700       29.0200  3322536   33.39%
   8726  2716       29.0569    79       43.5700       29.0200  3327689   33.39%
   8742  2724       29.0200    64       43.5700       29.0200  3333131   33.39%
   8754  2736       35.5346    50       43.5700       29.0200  3339594   33.39%
   8770  2747       39.2800    41       43.5700       29.0200  3345541   33.39%
   8780  2747       30.7904    66       43.5700       29.0200  3350386   33.39%
   8784  2747       30.9321    65       43.5700       29.0200  3351093   33.39%
   8803  2757       29.0227    63       43.5700       29.0200  3358023   33.39%
   8814  2761       30.8870    62       43.5700       29.0200  3363363   33.39%
Elapsed time = 1757.45 sec. (2421124.38 ticks, tree = 17.47 MB, solutions = 2)
   8837  2770       39.6600    43       43.5700       29.0200  3369843   33.39%
   8852  2778    infeasible             43.5700       29.0200  3375807   33.39%
   8866  2789       29.4536    72       43.5700       29.0200  3381714   33.39%
   8884  2799       37.9084    55       43.5700       29.0200  3387727   33.39%
   8896  2803       31.3298    57       43.5700       29.0200  3393927   33.39%
   8915  2810    infeasible             43.5700       29.0200  3401466   33.39%
   8936  2819       32.4595    69       43.5700       29.0200  3407961   33.39%
   8955  2830       30.9439    60       43.5700       29.0200  3414754   33.39%
   8970  2838       31.3419    70       43.5700       29.0200  3422151   33.39%
   8984  2844       29.7356    58       43.5700       29.0200  3426749   33.39%
Elapsed time = 1796.04 sec. (2471711.60 ticks, tree = 17.79 MB, solutions = 2)
   9001  2850       32.2884    59       43.5700       29.0200  3435305   33.39%
   9016  2852       29.0200    76       43.5700       29.0200  3440358   33.39%
   9027  2863       29.1096    65       43.5700       29.0200  3445222   33.39%
   9044  2876       30.8415    66       43.5700       29.0200  3452198   33.39%
   9068  2880    infeasible             43.5700       29.0200  3459080   33.39%
   9083  2883       29.1096    63       43.5700       29.0200  3465433   33.39%
   9084  2884       29.2331    69       43.5700       29.0200  3465992   33.39%
   9101  2891       31.9800    55       43.5700       29.0200  3472488   33.39%
   9116  2900       29.8527    54       43.5700       29.0200  3479896   33.39%
   9131  2903       29.2456    71       43.5700       29.0200  3486702   33.39%
Elapsed time = 1828.13 sec. (2512514.82 ticks, tree = 18.01 MB, solutions = 2)
   9149  2909       29.0230    68       43.5700       29.0200  3492789   33.39%
   9176  2920    infeasible             43.5700       29.0200  3499887   33.39%
   9189  2929       29.4456    73       43.5700       29.0200  3506955   33.39%
   9206  2929       29.0200    73       43.5700       29.0200  3513095   33.39%
   9223  2936       29.4000    67       43.5700       29.0200  3520559   33.39%
   9233  2940       29.0200    83       43.5700       29.0200  3525589   33.39%
   9248  2951       29.0736    70       43.5700       29.0200  3531194   33.39%
   9263  2956    infeasible             43.5700       29.0200  3537053   33.39%
   9283  2962       29.4621    72       43.5700       29.0200  3543427   33.39%
   9284  2963       30.8650    70       43.5700       29.0200  3543928   33.39%
Elapsed time = 1861.21 sec. (2556618.70 ticks, tree = 18.24 MB, solutions = 2)
   9296  2967       29.0200    75       43.5700       29.0200  3549500   33.39%
   9311  2970       29.0200    77       43.5700       29.0200  3554728   33.39%
   9325  2980       29.2456    72       43.5700       29.0200  3560649   33.39%
   9342  2982       29.0200    72       43.5700       29.0200  3565831   33.39%
   9356  2987       29.5100    69       43.5700       29.0200  3571385   33.39%
   9373  2986       29.0200    72       43.5700       29.0200  3577966   33.39%
   9384  2989       29.2934    59       43.5700       29.0200  3580938   33.39%
   9394  2989       29.0200    78       43.5700       29.0200  3587670   33.39%
   9412  2995       29.0204    69       43.5700       29.0200  3594062   33.39%
   9424  3003       29.4902    65       43.5700       29.0200  3600359   33.39%
Elapsed time = 1894.81 sec. (2599728.60 ticks, tree = 18.39 MB, solutions = 2)
   9442  3009       30.3561    65       43.5700       29.0200  3606080   33.39%
   9455  3013       30.4600    74       43.5700       29.0200  3610318   33.39%
   9472  3026       29.0200    70       43.5700       29.0200  3614988   33.39%
   9492  3033       29.5171    65       43.5700       29.0200  3621975   33.39%
   9511  3038       29.1497    62       43.5700       29.0200  3629649   33.39%
   9528  3044       29.5550    78       43.5700       29.0200  3637384   33.39%
   9543  3053       32.7975    63       43.5700       29.0200  3644497   33.39%
   9559  3059       29.0759    60       43.5700       29.0200  3651004   33.39%
   9584  3071       29.0659    62       43.5700       29.0200  3657562   33.39%
   9600  3077       30.8419    51       43.5700       29.0200  3664555   33.39%
Elapsed time = 1932.40 sec. (2648477.05 ticks, tree = 18.68 MB, solutions = 2)
   9621  3083       29.0200    73       43.5700       29.0200  3671132   33.39%
   9641  3094       29.0200    64       43.5700       29.0200  3678006   33.39%
   9659  3100       29.8311    76       43.5700       29.0200  3685383   33.39%
   9683  3112       29.0200    70       43.5700       29.0200  3692700   33.39%
   9684  3113       29.0200    68       43.5700       29.0200  3692807   33.39%
   9710  3119       29.1653    63       43.5700       29.0200  3700979   33.39%
   9738  3132       29.6268    64       43.5700       29.0200  3708266   33.39%
   9766  3142       29.4039    75       43.5700       29.0200  3715667   33.39%
   9789  3150    infeasible             43.5700       29.0200  3724158   33.39%
   9821  3162    infeasible             43.5700       29.0200  3732098   33.39%
Elapsed time = 1964.51 sec. (2692107.55 ticks, tree = 19.01 MB, solutions = 2)
   9843  3174       29.0586    69       43.5700       29.0200  3738391   33.39%
   9865  3184       30.5437    66       43.5700       29.0200  3745083   33.39%
   9878  3191       29.5167    78       43.5700       29.0200  3750736   33.39%
   9906  3202       29.6027    80       43.5700       29.0200  3757072   33.39%
   9921  3207       29.0759    81       43.5700       29.0200  3762792   33.39%
   9938  3216       29.4000    59       43.5700       29.0200  3769533   33.39%
   9959  3224       29.1014    67       43.5700       29.0200  3775787   33.39%
   9980  3231       29.4000    68       43.5700       29.0200  3782575   33.39%
   9994  3239       29.0200    81       43.5700       29.0200  3788176   33.39%
  10007  3245       29.4000    71       43.5700       29.0200  3794490   33.39%
Elapsed time = 1995.52 sec. (2733186.00 ticks, tree = 19.32 MB, solutions = 2)
  10022  3252       29.0200    70       43.5700       29.0200  3800129   33.39%
  10036  3257       29.4096    75       43.5700       29.0200  3807953   33.39%
  10060  3263       29.0210    76       43.5700       29.0200  3814981   33.39%
  10084  3275       30.0548    70       43.5700       29.0200  3821777   33.39%
  10104  3281       29.0200    60       43.5700       29.0200  3828428   33.39%
  10116  3286       29.4000    55       43.5700       29.0200  3834712   33.39%
  10134  3293       29.5863    68       43.5700       29.0200  3841372   33.39%
  10150  3299       29.1524    84       43.5700       29.0200  3848937   33.39%
  10172  3309       29.0200    71       43.5700       29.0200  3854784   33.39%
  10184  3318       29.2330    74       43.5700       29.0200  3859666   33.39%
Elapsed time = 2030.88 sec. (2779216.74 ticks, tree = 19.60 MB, solutions = 2)
  10207  3324       29.1014    81       43.5700       29.0200  3867187   33.39%
  10228  3336       29.4518    62       43.5700       29.0200  3874081   33.39%
  10252  3342       29.0200    53       43.5700       29.0200  3881882   33.39%
  10273  3352       29.0200    72       43.5700       29.0200  3889508   33.39%
  10292  3362       29.0248    70       43.5700       29.0200  3897082   33.39%
  10310  3366       29.0200    69       43.5700       29.0200  3903795   33.39%
  10321  3373       31.8098    67       43.5700       29.0200  3909657   33.39%
  10334  3376       29.0200    78       43.5700       29.0200  3913536   33.39%
  10353  3387       29.2934    76       43.5700       29.0200  3920888   33.39%
  10368  3386       29.0736    70       43.5700       29.0200  3929036   33.39%
Elapsed time = 2062.78 sec. (2819395.52 ticks, tree = 19.86 MB, solutions = 2)
  10386  3394       29.5100    68       43.5700       29.0200  3936433   33.39%
  10403  3401       30.6869    60       43.5700       29.0200  3942961   33.39%
  10426  3408       29.0200    67       43.5700       29.0200  3949371   33.39%
  10441  3410       29.4000    62       43.5700       29.0200  3956662   33.39%
  10451  3410       29.2456    78       43.5700       29.0200  3962038   33.39%
  10467  3418       29.0291    65       43.5700       29.0200  3967492   33.39%
  10488  3425       29.6327    74       43.5700       29.0200  3974669   33.39%
  10504  3431       30.4600    66       43.5700       29.0200  3980030   33.39%
  10517  3434       30.7700    68       43.5700       29.0200  3986632   33.39%
  10533  3436       29.0200    74       43.5700       29.0200  3992189   33.39%
Elapsed time = 2096.38 sec. (2860945.59 ticks, tree = 20.05 MB, solutions = 2)
  10549  3446       29.0200    74       43.5700       29.0200  3997646   33.39%
  10565  3458       29.6119    62       43.5700       29.0200  4004469   33.39%
  10581  3460        cutoff             43.5700       29.0200  4010465   33.39%
  10592  3463       30.4600    60       43.5700       29.0200  4015005   33.39%
  10602  3466       30.1761    59       43.5700       29.0200  4021243   33.39%
  10618  3462       29.6131    65       43.5700       29.0200  4028574   33.39%
  10631  3468       29.1096    81       43.5700       29.0200  4034648   33.39%
  10651  3472       29.1096    81       43.5700       29.0200  4041603   33.39%
  10663  3476       29.0200    59       43.5700       29.0200  4046996   33.39%
  10679  3482       30.8138    70       43.5700       29.0200  4054946   33.39%
Elapsed time = 2128.91 sec. (2902872.68 ticks, tree = 20.23 MB, solutions = 2)
  10695  3485       29.3607    63       43.5700       29.0200  4062315   33.39%
  10709  3481       29.9305    74       43.5700       29.0200  4069375   33.39%
  10722  3486       29.7103    70       43.5700       29.0200  4074143   33.39%
  10743  3495       29.8098    57       43.5700       29.0200  4080939   33.39%
  10759  3501       30.9222    54       43.5700       29.0200  4088417   33.39%
  10779  3509       31.9089    74       43.5700       29.0200  4096643   33.39%
  10795  3521       31.0493    67       43.5700       29.0200  4101761   33.39%
  10821  3533       30.9042    50       43.5700       29.0200  4109367   33.39%
  10837  3543       29.2061    73       43.5700       29.0200  4114375   33.39%
  10851  3552    infeasible             43.5700       29.0200  4120828   33.39%
Elapsed time = 2161.56 sec. (2943602.96 ticks, tree = 20.50 MB, solutions = 2)
  10863  3560       29.0200    74       43.5700       29.0200  4126894   33.39%
  10877  3571       29.3988    61       43.5700       29.0200  4134536   33.39%
  10904  3590       31.8800    57       43.5700       29.0200  4142606   33.39%
  10927  3605       30.4534    56       43.5700       29.0200  4150678   33.39%
  10946  3612       30.6033    58       43.5700       29.0200  4159105   33.39%
  10969  3626       31.8410    62       43.5700       29.0200  4165969   33.39%
  10990  3635       29.0385    58       43.5700       29.0200  4174163   33.39%
  11007  3647       29.1107    76       43.5700       29.0200  4180450   33.39%
  11023  3659       30.8200    71       43.5700       29.0200  4188444   33.39%
  11032  3664       29.3477    78       43.5700       29.0200  4194863   33.39%
Elapsed time = 2193.08 sec. (2984083.52 ticks, tree = 20.92 MB, solutions = 2)
  11040  3666       29.2302    62       43.5700       29.0200  4199973   33.39%
  11058  3674       29.0200    73       43.5700       29.0200  4206735   33.39%
  11074  3686       29.0700    67       43.5700       29.0200  4213459   33.39%
  11084  3690       29.0200    76       43.5700       29.0200  4219864   33.39%
  11102  3692       29.0200    65       43.5700       29.0200  4226524   33.39%
  11117  3701       29.0987    76       43.5700       29.0200  4231874   33.39%
  11132  3712       29.2597    70       43.5700       29.0200  4237559   33.39%
  11149  3721       29.0200    62       43.5700       29.0200  4244854   33.39%
  11163  3730       32.4279    66       43.5700       29.0200  4251105   33.39%
  11184  3737       29.0200    74       43.5700       29.0200  4256484   33.39%
Elapsed time = 2226.95 sec. (3029252.81 ticks, tree = 21.20 MB, solutions = 2)
  11201  3747       29.2586    75       43.5700       29.0200  4262210   33.39%
  11219  3755       29.0200    72       43.5700       29.0200  4268401   33.39%
  11231  3761       29.2088    65       43.5700       29.0200  4277211   33.39%
  11248  3762       34.5900    40       43.5700       29.0200  4284297   33.39%
  11265  3771       31.1505    65       43.5700       29.0200  4290682   33.39%
  11279  3779       32.4100    62       43.5700       29.0200  4297621   33.39%
  11298  3792       32.7170    50       43.5700       29.0200  4306099   33.39%
  11314  3793       29.3454    74       43.5700       29.0200  4312846   33.39%
  11332  3801       31.3546    78       43.5700       29.0200  4321680   33.39%
  11348  3807       32.0395    68       43.5700       29.0200  4328547   33.39%
Elapsed time = 2258.79 sec. (3070379.99 ticks, tree = 21.47 MB, solutions = 2)
  11367  3814       29.0200    68       43.5700       29.0200  4334853   33.39%
  11383  3820    infeasible             43.5700       29.0200  4341997   33.39%
  11399  3828       30.0689    58       43.5700       29.0200  4349747   33.39%
  11412  3833       32.4100    57       43.5700       29.0200  4357584   33.39%
  11423  3836       29.5934    73       43.5700       29.0200  4363534   33.39%
  11447  3846       29.4476    63       43.5700       29.0200  4371066   33.39%
  11467  3858       32.4229    64       43.5700       29.0200  4379200   33.39%
  11487  3864       29.4383    75       43.5700       29.0200  4385303   33.39%
  11510  3872       29.2586    84       43.5700       29.0200  4393113   33.39%
  11530  3878       29.0200    77       43.5700       29.0200  4400699   33.39%
Elapsed time = 2290.29 sec. (3109940.02 ticks, tree = 21.74 MB, solutions = 2)
  11545  3889       32.9382    58       43.5700       29.0200  4408913   33.39%
  11565  3897       29.3477    75       43.5700       29.0200  4415069   33.39%
  11577  3905       32.6381    59       43.5700       29.0200  4420902   33.39%
  11588  3912       33.0200    50       43.5700       29.0200  4427201   33.39%
  11602  3922       30.4293    78       43.5700       29.0200  4433571   33.39%
  11619  3923       29.0699    60       43.5700       29.0200  4439698   33.39%
  11637  3928       29.4822    72       43.5700       29.0200  4446320   33.39%
  11657  3937       29.3477    71       43.5700       29.0200  4452903   33.39%
  11667  3943       29.0200    66       43.5700       29.0200  4458399   33.39%
  11683  3950       29.3489    61       43.5700       29.0200  4464902   33.39%
Elapsed time = 2321.38 sec. (3150883.75 ticks, tree = 22.21 MB, solutions = 2)
  11707  3953       35.5900    51       43.5700       29.0200  4471657   33.39%
  11726  3960       33.2912    64       43.5700       29.0200  4478290   33.39%
  11738  3965       31.1505    64       43.5700       29.0200  4485044   33.39%
  11758  3977       29.0406    71       43.5700       29.0200  4491885   33.39%
  11781  3992       33.0200    59       43.5700       29.0200  4498353   33.39%
  11784  3995       33.4098    50       43.5700       29.0200  4499588   33.39%
  11807  3999       29.0356    76       43.5700       29.0200  4508223   33.39%
  11825  4003       29.0207    68       43.5700       29.0200  4513165   33.39%
  11843  4011        cutoff             43.5700       29.0200  4521239   33.39%
  11857  4013       29.0497    72       43.5700       29.0200  4526106   33.39%
Elapsed time = 2353.40 sec. (3193702.87 ticks, tree = 22.44 MB, solutions = 2)
  11881  4031       29.0200    77       43.5700       29.0200  4532561   33.39%
  11904  4046       31.2782    76       43.5700       29.0200  4539094   33.39%
  11923  4054       29.0729    65       43.5700       29.0200  4545244   33.39%
  11953  4068       29.1056    71       43.5700       29.0200  4551922   33.39%
  11974  4085       29.2396    82       43.5700       29.0200  4558822   33.39%
  11994  4099       31.4687    64       43.5700       29.0200  4565698   33.39%
  12014  4109    infeasible             43.5700       29.0200  4571833   33.39%
  12031  4119       35.3000    44       43.5700       29.0200  4578383   33.39%
  12056  4132       29.0200    77       43.5700       29.0200  4585258   33.39%
  12085  4151       35.5900    39       43.5700       29.0200  4593960   33.39%
Elapsed time = 2386.12 sec. (3234011.44 ticks, tree = 23.12 MB, solutions = 2)
  12110  4168       29.9476    60       43.5700       29.0200  4601597   33.39%
  12123  4171       29.4000    71       43.5700       29.0200  4608832   33.39%
  12144  4172       30.9590    63       43.5700       29.0200  4616275   33.39%
  12159  4179        cutoff             43.5700       29.0200  4621514   33.39%
  12171  4185       30.5100    62       43.5700       29.0200  4626488   33.39%
  12199  4207       30.4600    53       43.5700       29.0200  4634379   33.39%
  12218  4214       29.0200    69       43.5700       29.0200  4642355   33.39%
  12241  4227       32.8377    59       43.5700       29.0200  4650350   33.39%
  12264  4240       35.5900    52       43.5700       29.0200  4656867   33.39%
  12282  4243       29.0200    68       43.5700       29.0200  4663840   33.39%
Elapsed time = 2419.02 sec. (3274599.04 ticks, tree = 23.47 MB, solutions = 2)
  12303  4255       29.0280    71       43.5700       29.0200  4670351   33.39%
  12324  4267       29.0251    73       43.5700       29.0200  4676325   33.39%
  12346  4281       29.1393    73       43.5700       29.0200  4682298   33.39%
  12367  4292       29.0200    63       43.5700       29.0200  4688795   33.39%
  12382  4299       29.0200    79       43.5700       29.0200  4695040   33.39%
  12397  4310       29.3477    62       43.5700       29.0200  4700776   33.39%
  12416  4323       29.0307    70       43.5700       29.0200  4707499   33.39%
  12431  4330       29.3477    75       43.5700       29.0200  4713941   33.39%
  12442  4333       29.5750    57       43.5700       29.0200  4720188   33.39%
  12461  4333       29.0200    74       43.5700       29.0200  4725803   33.39%
Elapsed time = 2448.59 sec. (3314454.76 ticks, tree = 23.81 MB, solutions = 2)
  12482  4343       29.0200    67       43.5700       29.0200  4733230   33.39%
  12500  4355       30.5453    58       43.5700       29.0200  4739812   33.39%
  12517  4362       30.5507    60       43.5700       29.0200  4747117   33.39%
  12539  4380       33.0200    58       43.5700       29.0200  4754165   33.39%
  12559  4390       30.5689    76       43.5700       29.0200  4761557   33.39%
  12583  4393       29.5308    80       43.5700       29.0200  4770084   33.39%
  12598  4396       29.0200    78       43.5700       29.0200  4776024   33.39%
  12618  4410       29.0494    62       43.5700       29.0200  4781659   33.39%
  12632  4420       39.4500    57       43.5700       29.0200  4788553   33.39%
  12642  4425       30.9093    57       43.5700       29.0200  4794574   33.39%
Elapsed time = 2480.29 sec. (3354339.11 ticks, tree = 24.17 MB, solutions = 2)
  12657  4431       30.7700    71       43.5700       29.0200  4800708   33.39%
  12671  4437       29.0200    67       43.5700       29.0200  4807592   33.39%
  12683  4441    infeasible             43.5700       29.0200  4814069   33.39%
  12702  4452       29.0200    73       43.5700       29.0200  4818914   33.39%
  12719  4461       29.4000    72       43.5700       29.0200  4826085   33.39%
  12738  4468       29.6129    75       43.5700       29.0200  4833564   33.39%
  12746  4472       30.8749    60       43.5700       29.0200  4838181   33.39%
  12763  4477       30.9649    61       43.5700       29.0200  4845808   33.39%
  12780  4486       29.1426    54       43.5700       29.0200  4852609   33.39%
  12784  4490       29.1551    57       43.5700       29.0200  4853162   33.39%
Elapsed time = 2513.86 sec. (3395135.32 ticks, tree = 24.41 MB, solutions = 2)
  12802  4500       29.0200    74       43.5700       29.0200  4861342   33.39%
  12821  4511       29.1096    74       43.5700       29.0200  4868655   33.39%
  12841  4515       29.4270    73       43.5700       29.0200  4875469   33.39%
  12862  4520       29.4315    55       43.5700       29.0200  4882642   33.39%
  12871  4519       31.1212    78       43.5700       29.0200  4888028   33.39%
  12891  4531       29.0200    73       43.5700       29.0200  4894141   33.39%
  12904  4544       30.5544    66       43.5700       29.0200  4901954   33.39%
  12934  4554       29.0207    76       43.5700       29.0200  4910896   33.39%
  12954  4566       29.1007    75       43.5700       29.0200  4917708   33.39%
  12967  4573       31.0639    68       43.5700       29.0200  4924094   33.39%
Elapsed time = 2547.22 sec. (3436368.55 ticks, tree = 24.73 MB, solutions = 2)
  12992  4585    infeasible             43.5700       29.0200  4930546   33.39%
  13007  4592       31.2789    62       43.5700       29.0200  4937612   33.39%
  13026  4599       29.0945    75       43.5700       29.0200  4944012   33.39%
  13035  4603       31.0116    65       43.5700       29.0200  4949456   33.39%
  13058  4616       29.5149    68       43.5700       29.0200  4956160   33.39%
  13074  4628       29.3303    75       43.5700       29.0200  4961820   33.39%
  13091  4641       29.3334    67       43.5700       29.0200  4967321   33.39%
  13109  4647       29.0200    63       43.5700       29.0200  4972348   33.39%
  13134  4660    infeasible             43.5700       29.0200  4979304   33.39%
  13168  4682       30.9223    67       43.5700       29.0200  4986981   33.39%
Elapsed time = 2579.02 sec. (3477041.14 ticks, tree = 25.15 MB, solutions = 2)
  13190  4692    infeasible             43.5700       29.0200  4993161   33.39%
  13202  4700       29.0200    64       43.5700       29.0200  4999458   33.39%
  13213  4707       29.4336    68       43.5700       29.0200  5006497   33.39%
  13231  4710       31.0580    64       43.5700       29.0200  5013596   33.39%
  13249  4722       33.4756    45       43.5700       29.0200  5020157   33.39%
  13269  4728       29.0700    61       43.5700       29.0200  5027309   33.39%
  13287  4734       29.2586    75       43.5700       29.0200  5036083   33.39%
  13313  4754       29.0288    66       43.5700       29.0200  5042148   33.39%
  13336  4771    infeasible             43.5700       29.0200  5049749   33.39%
  13354  4777       29.0449    68       43.5700       29.0200  5057041   33.39%
Elapsed time = 2609.85 sec. (3516624.07 ticks, tree = 25.51 MB, solutions = 2)
  13379  4798       29.1157    71       43.5700       29.0200  5064098   33.39%
  13403  4806       30.5830    71       43.5700       29.0200  5072448   33.39%
  13421  4814       29.0340    67       43.5700       29.0200  5078616   33.39%
  13447  4826    infeasible             43.5700       29.0200  5086017   33.39%
  13462  4833       30.7700    65       43.5700       29.0200  5093843   33.39%
  13480  4837    infeasible             43.5700       29.0200  5100394   33.39%
  13484  4841       29.0200    82       43.5700       29.0200  5103488   33.39%
  13502  4851       29.0200    74       43.5700       29.0200  5109759   33.39%
  13520  4859       29.4132    63       43.5700       29.0200  5118359   33.39%
  13543  4866       29.0200    69       43.5700       29.0200  5125167   33.39%
Elapsed time = 2644.64 sec. (3560645.29 ticks, tree = 25.85 MB, solutions = 2)
  13558  4869    infeasible             43.5700       29.0200  5132265   33.39%
  13569  4874       29.0200    66       43.5700       29.0200  5138583   33.39%
  13586  4879       29.0859    71       43.5700       29.0200  5145840   33.39%
  13605  4892       29.1741    59       43.5700       29.0200  5153413   33.39%
  13617  4900       32.9278    56       43.5700       29.0200  5159874   33.39%
  13629  4904       29.1614    63       43.5700       29.0200  5166778   33.39%
  13640  4911       33.2334    60       43.5700       29.0200  5172379   33.39%
  13653  4919       30.4600    58       43.5700       29.0200  5178391   33.39%
  13669  4931       29.4000    59       43.5700       29.0200  5184703   33.39%
  13681  4941       39.4500    42       43.5700       29.0200  5191006   33.39%
Elapsed time = 2675.04 sec. (3600916.80 ticks, tree = 26.14 MB, solutions = 2)
  13693  4949       32.9798    57       43.5700       29.0200  5197027   33.39%
  13707  4956       29.0200    59       43.5700       29.0200  5202936   33.39%
  13728  4971       39.4500    36       43.5700       29.0200  5209367   33.39%
  13741  4980       42.5900    35       43.5700       29.0200  5215164   33.39%
  13755  4986       39.0976    42       43.5700       29.0200  5222066   33.39%
  13768  4991        cutoff             43.5700       29.0200  5227977   33.39%
  13782  4998       30.8505    56       43.5700       29.0200  5235631   33.39%
  13794  5004       29.0258    60       43.5700       29.0200  5239881   33.39%
  13809  5009        cutoff             43.5700       29.0200  5245980   33.39%
  13823  5022       39.0700    43       43.5700       29.0200  5252022   33.39%
Elapsed time = 2704.65 sec. (3640936.58 ticks, tree = 26.55 MB, solutions = 2)
  13838  5032       29.1034    67       43.5700       29.0200  5257228   33.39%
  13859  5044       39.0700    46       43.5700       29.0200  5265476   33.39%
  13877  5052       33.0200    55       43.5700       29.0200  5273081   33.39%
  13884  5056       29.0200    74       43.5700       29.0200  5278356   33.39%
  13907  5070       29.3546    66       43.5700       29.0200  5284087   33.39%
  13929  5079    infeasible             43.5700       29.0200  5291550   33.39%
  13938  5082       29.1614    50       43.5700       29.0200  5296913   33.39%
  13952  5088    infeasible             43.5700       29.0200  5303622   33.39%
  13967  5093       29.6111    62       43.5700       29.0200  5310436   33.39%
  13990  5099       35.2136    63       43.5700       29.0200  5317804   33.39%
Elapsed time = 2735.52 sec. (3681642.74 ticks, tree = 26.84 MB, solutions = 2)
  14005  5098       29.1145    66       43.5700       29.0200  5323882   33.39%
  14024  5110    infeasible             43.5700       29.0200  5330075   33.39%
  14042  5118       29.0200    68       43.5700       29.0200  5337135   33.39%
  14061  5126    infeasible             43.5700       29.0200  5343689   33.39%
  14073  5131       39.4500    46       43.5700       29.0200  5350809   33.39%
  14093  5140       29.0200    64       43.5700       29.0200  5358897   33.39%
  14112  5147    infeasible             43.5700       29.0200  5366525   33.39%
  14138  5156    infeasible             43.5700       29.0200  5373961   33.39%
  14154  5163       29.0200    69       43.5700       29.0200  5380824   33.39%
  14176  5176       29.7114    62       43.5700       29.0200  5388673   33.39%
Elapsed time = 2764.61 sec. (3721001.45 ticks, tree = 27.14 MB, solutions = 2)
  14184  5177       39.1392    54       43.5700       29.0200  5390709   33.39%
  14212  5184       29.0200    69       43.5700       29.0200  5398814   33.39%
  14235  5199       29.8265    64       43.5700       29.0200  5406345   33.39%
  14267  5212       37.6855    61       43.5700       29.0200  5413982   33.39%
  14291  5221       29.0200    72       43.5700       29.0200  5422106   33.39%
  14307  5227       29.3506    75       43.5700       29.0200  5429067   33.39%
  14323  5236       30.4294    65       43.5700       29.0200  5434867   33.39%
  14347  5245       35.2136    62       43.5700       29.0200  5441743   33.39%
  14366  5251        cutoff             43.5700       29.0200  5447963   33.39%
  14382  5260    infeasible             43.5700       29.0200  5454242   33.39%
Elapsed time = 2794.45 sec. (3762179.01 ticks, tree = 27.47 MB, solutions = 2)
  14403  5270       39.2800    46       43.5700       29.0200  5460369   33.39%
  14421  5275       29.0200    72       43.5700       29.0200  5467449   33.39%
  14433  5283       38.8300    53       43.5700       29.0200  5473510   33.39%
  14444  5287    infeasible             43.5700       29.0200  5480165   33.39%
  14465  5294       38.8300    54       43.5700       29.0200  5487168   33.39%
  14485  5299       31.7921    93       43.5700       29.0200  5493564   33.39%
  14497  5300       29.1272    70       43.5700       29.0200  5499128   33.39%
  14511  5306       31.2789    56       43.5700       29.0200  5507160   33.39%
  14524  5311       31.9731    79       43.5700       29.0200  5512623   33.39%
  14535  5312       30.4600    64       43.5700       29.0200  5517903   33.39%
Elapsed time = 2824.22 sec. (3803777.04 ticks, tree = 27.66 MB, solutions = 2)
  14555  5323       39.6600    45       43.5700       29.0200  5523917   33.39%
  14579  5334       29.3506    77       43.5700       29.0200  5531662   33.39%
  14606  5348    infeasible             43.5700       29.0200  5538106   33.39%
  14623  5355       39.3600    44       43.5700       29.0200  5545603   33.39%
  14647  5367       29.0221    63       43.5700       29.0200  5551919   33.39%
  14675  5379       29.3506    73       43.5700       29.0200  5559771   33.39%
  14688  5388       31.2789    66       43.5700       29.0200  5567056   33.39%
  14715  5397       29.2401    70       43.5700       29.0200  5574005   33.39%
  14742  5409       32.3588    62       43.5700       29.0200  5578929   33.39%
  14755  5414       29.4934    71       43.5700       29.0200  5583506   33.39%
Elapsed time = 2854.09 sec. (3843178.39 ticks, tree = 28.05 MB, solutions = 2)
  14765  5420       29.0200    90       43.5700       29.0200  5588070   33.39%
  14778  5433       29.0244    74       43.5700       29.0200  5593332   33.39%
  14796  5445       29.0200    67       43.5700       29.0200  5600057   33.39%
  14811  5454       29.2442    82       43.5700       29.0200  5607375   33.39%
  14828  5462       29.1653    64       43.5700       29.0200  5613973   33.39%
  14845  5470       29.2442    78       43.5700       29.0200  5621196   33.39%
  14860  5478       30.9401    72       43.5700       29.0200  5627017   33.39%
  14879  5491       30.8596    67       43.5700       29.0200  5632166   33.39%
  14894  5502       29.6682    74       43.5700       29.0200  5639275   33.39%
  14915  5515       29.0230    73       43.5700       29.0200  5646220   33.39%
Elapsed time = 2882.25 sec. (3882870.36 ticks, tree = 28.44 MB, solutions = 2)
  14929  5522       29.0200    69       43.5700       29.0200  5652895   33.39%
  14948  5535       30.9290    59       43.5700       29.0200  5661832   33.39%
  14964  5539       29.0200    70       43.5700       29.0200  5669882   33.39%
  14984  5552       33.7722    61       43.5700       29.0200  5677208   33.39%
  14999  5554       29.4031    70       43.5700       29.0200  5684802   33.39%
  15023  5566       29.0200    68       43.5700       29.0200  5692154   33.39%
  15037  5577       29.1073    69       43.5700       29.0200  5699165   33.39%
  15058  5588    infeasible             43.5700       29.0200  5707049   33.39%
  15079  5601       29.3291    73       43.5700       29.0200  5714489   33.39%
  15102  5614       30.5437    73       43.5700       29.0200  5720350   33.39%
Elapsed time = 2916.32 sec. (3930734.35 ticks, tree = 28.82 MB, solutions = 2)
  15121  5619       29.0583    73       43.5700       29.0200  5727829   33.39%
  15132  5624       29.4000    66       43.5700       29.0200  5735255   33.39%
  15146  5628       29.0200    72       43.5700       29.0200  5742576   33.39%
  15168  5634    infeasible             43.5700       29.0200  5751968   33.39%
  15190  5647       30.9720    76       43.5700       29.0200  5758632   33.39%
  15203  5652       29.0200    75       43.5700       29.0200  5765695   33.39%
  15212  5656       29.3250    70       43.5700       29.0200  5771438   33.39%
  15223  5654       29.0200    89       43.5700       29.0200  5777758   33.39%
  15240  5667       29.0200    77       43.5700       29.0200  5785154   33.39%
  15314  5716       29.4460    64       43.5700       29.0200  5809263   33.39%
Elapsed time = 2955.16 sec. (3983865.40 ticks, tree = 29.21 MB, solutions = 2)
  15375  5746       29.0375    72       43.5700       29.0200  5836186   33.39%
  15434  5781       29.0219    86       43.5700       29.0200  5860848   33.39%
  15514  5811       30.8976    65       43.5700       29.0200  5887995   33.39%
  15569  5822       29.0467    82       43.5700       29.0200  5910582   33.39%
  15625  5837       29.5597    68       43.5700       29.0200  5936203   33.39%
  15679  5871       29.0200    78       43.5700       29.0200  5953871   33.39%
  15706  5896       31.8800    63       43.5700       29.0200  5964194   33.39%
  15740  5925       29.0200    71       43.5700       29.0200  5977809   33.39%
  15775  5948       30.3900    56       43.5700       29.0200  5997546   33.39%
  15841  5999       31.8800    50       43.5700       29.0200  6024118   33.39%
Elapsed time = 3064.56 sec. (4140570.59 ticks, tree = 30.29 MB, solutions = 2)
  15884  6034       30.7700    53       43.5700       29.0200  6045103   33.39%
  15942  6067    infeasible             43.5700       29.0200  6070005   33.39%
  15990  6090       29.0560    58       43.5700       29.0200  6092733   33.39%
  16047  6128       30.7700    61       43.5700       29.0200  6116775   33.39%
  16093  6157       31.8800    52       43.5700       29.0200  6139953   33.39%
  16147  6195       32.2600    48       43.5700       29.0200  6166445   33.39%
  16216  6232       29.0868    57       43.5700       29.0200  6193765   33.39%
  16283  6281       29.0200    58       43.5700       29.0200  6221595   33.39%
  16344  6314       29.0700    59       43.5700       29.0200  6246739   33.39%
  16403  6356       29.0200    68       43.5700       29.0200  6268325   33.39%
Elapsed time = 3181.25 sec. (4302759.38 ticks, tree = 31.66 MB, solutions = 2)
  16473  6410       30.0500    61       43.5700       29.0200  6291036   33.39%
  16554  6450       29.0700    55       43.5700       29.0200  6316518   33.39%
  16629  6515       31.8037    63       43.5700       29.0200  6338740   33.39%
  16725  6579       31.4220    71       43.5700       29.0200  6364005   33.39%
  16800  6617       29.1508    60       43.5700       29.0200  6393455   33.39%
  16880  6674       29.6688    85       43.5700       29.0200  6418644   33.39%
  16949  6716       29.3486    80       43.5700       29.0200  6443172   33.39%
  16984  6738       29.1564    81       43.5700       29.0200  6453130   33.39%
  17053  6779       32.0500    64       43.5700       29.0200  6482321   33.39%
  17084  6795       29.0200    74       43.5700       29.0200  6496619   33.39%
Elapsed time = 3288.93 sec. (4460196.44 ticks, tree = 33.35 MB, solutions = 2)
  17182  6862       29.3694    81       43.5700       29.0200  6522919   33.39%
  17263  6901       29.2435    82       43.5700       29.0200  6552118   33.39%
  17301  6919    infeasible             43.5700       29.0200  6564319   33.39%
  17371  6956       31.5955    74       43.5700       29.0200  6589907   33.39%
  17384  6962       30.7314    73       43.5700       29.0200  6592911   33.39%
  17470  7007    infeasible             43.5700       29.0200  6619237   33.39%
* 17484+ 7017                           42.5900       29.0200            31.86%
  17486  7021       30.0500    76       42.5900       29.0200  6625012   31.86%
  17576  7078       29.0200    77       42.5900       29.0200  6649572   31.86%
* 17584+ 7083                           42.5400       29.0200            31.78%
  17584  7085       30.1853    81       42.5400       29.0200  6653539   31.78%
  17657  7146    infeasible             42.5400       29.0200  6678148   31.78%
Elapsed time = 3396.20 sec. (4618059.65 ticks, tree = 34.70 MB, solutions = 4)
  17684  7168       29.0700    56       42.5400       29.0200  6687440   31.78%
  17771  7242       30.6213    67       42.5400       29.0200  6710174   31.78%
* 17784+ 7244                           41.2200       29.0200            29.60%
  17785  7247       30.4586    90       41.2200       29.0200  6716051   29.60%
  17848  7294       30.7700    71       41.2200       29.0200  6739595   29.60%
* 17884+ 7317                           41.1700       29.0200            29.51%
  17884  7319       29.4305    63       41.1700       29.0200  6755096   29.51%
  17959  7376       29.0200    75       41.1700       29.0200  6778187   29.51%
  17989  7402       30.9674    79       41.1700       29.0200  6789061   29.51%
  18073  7464       30.7700    77       41.1700       29.0200  6815417   29.51%
* 18084+ 7292                           38.5600       29.0200            24.74%
  18110  7316       31.5842    68       38.5600       29.0200  6828650   24.74%
  18208  7382       30.1000    60       38.5600       29.0200  6854664   24.74%
Elapsed time = 3510.89 sec. (4785000.07 ticks, tree = 35.61 MB, solutions = 7)
  18302  7451    infeasible             38.5600       29.0200  6883083   24.74%
  18384  7503       29.1736    95       38.5600       29.0200  6910457   24.74%
  18478  7573    infeasible             38.5600       29.0200  6937099   24.74%
  18506  7591       30.3900    74       38.5600       29.0200  6949949   24.74%
  18584  7650       31.5500    70       38.5600       29.0200  6972439   24.74%
  18673  7707    infeasible             38.5600       29.0200  7000679   24.74%
  18745  7738       29.0505    81       38.5600       29.0200  7021885   24.74%

GUB cover cuts applied:  11
Clique cuts applied:  79
Cover cuts applied:  34
Implied bound cuts applied:  17
Flow cuts applied:  30
Mixed integer rounding cuts applied:  139
Gomory fractional cuts applied:  4

Root node processing (before b&c):
  Real time             =   21.17 sec. (24851.53 ticks)
Sequential b&c:
  Real time             = 3578.83 sec. (4884238.54 ticks)
                          ------------
Total (root+branch&cut) = 3600.00 sec. (4909090.07 ticks)
