Version identifier: 22.1.0.0 | 2022-03-09 | 1a383f8ce
CPXPARAM_Read_DataCheck                          1
CPXPARAM_Threads                                 1
CPXPARAM_TimeLimit                               3600
Tried aggregator 2 times.
MIP Presolve eliminated 16068 rows and 2411 columns.
MIP Presolve modified 94652 coefficients.
Aggregator did 687 substitutions.
Reduced MIP has 18241 rows, 1792 columns, and 142076 nonzeros.
Reduced MIP has 1442 binaries, 0 generals, 0 SOSs, and 0 indicators.
Presolve time = 0.27 sec. (270.82 ticks)
Probing fixed 10 vars, tightened 2 bounds.
Probing time = 0.09 sec. (94.36 ticks)
Tried aggregator 1 time.
Detecting symmetries...
MIP Presolve eliminated 16 rows and 10 columns.
MIP Presolve modified 53 coefficients.
Reduced MIP has 18225 rows, 1782 columns, and 141767 nonzeros.
Reduced MIP has 1432 binaries, 0 generals, 0 SOSs, and 0 indicators.
Presolve time = 0.08 sec. (60.91 ticks)
Probing time = 0.01 sec. (10.45 ticks)
Clique table members: 17955.
MIP emphasis: balance optimality and feasibility.
MIP search method: dynamic search.
Parallel mode: none, using 1 thread.
Root relaxation solution time = 0.08 sec. (98.82 ticks)

        Nodes                                         Cuts/
   Node  Left     Objective  IInf  Best Integer    Best Bound    ItCnt     Gap

      0     0       35.7000   220                     35.7000      533         
      0     0       35.7000    72                   Cuts: 110      687         
      0     0       35.7000   108                   Cuts: 664      939         
      0     0       35.7000    89                    Cuts: 40     1085         
      0     0       35.7000   136                  Cuts: 1113     1451         
Detecting symmetries...
      0     2       35.7000    67                     35.7000     1451         
Elapsed time = 9.81 sec. (12071.12 ticks, tree = 0.01 MB, solutions = 0)
      3     5       35.7000    98                     35.7000     2062         
     11    13       35.7000    74                     35.7000     2542         
     17    19       35.7000    71                     35.7000     3289         
     20    22       35.7000    94                     35.7000     3878         
     30    32       35.7000    84                     35.7000     4641         
     39    41       35.7000    78                     35.7000     5481         
     45    45       35.7000    72                     35.7000     5610         
     50    50       35.7000    72                     35.7000     6213         
     58    56       35.7000    65                     35.7000     6754         
     75    71       35.7000    64                     35.7000     8983         
Elapsed time = 12.34 sec. (16357.59 ticks, tree = 2.17 MB, solutions = 0)
     93    85       35.7000    53                     35.7000    11490         
    103    94       36.5900    58                     35.7000    14020         
    120   107       36.3000    51                     35.7000    16279         
    133   114       36.7719    55                     35.7000    18704         
    142   115    infeasible                           35.7000    20251         
    157   122    infeasible                           35.7000    23240         
    180   135       35.9100    38                     35.7000    25945         
    200   151       36.1500    52                     35.7000    28351         
    217   164       37.1262    22                     35.7000    30704         
    226   169       35.7000    46                     35.7000    33025         
Elapsed time = 19.51 sec. (26868.74 ticks, tree = 3.99 MB, solutions = 0)
    240   183       35.7000    41                     35.7000    35993         
    257   198       35.8800    35                     35.7000    38250         
    265   200       36.5200    36                     35.7000    40561         
    272   203    infeasible                           35.7000    43588         
    292   206    infeasible                           35.7000    45918         
    302   212       43.5600    23                     35.7000    48163         
    317   219       35.7000    37                     35.7000    51529         
    327   225       35.7000    41                     35.7000    54548         
    334   227    infeasible                           35.7000    57518         
    348   235       36.8100    20                     35.7000    60489         
Elapsed time = 26.59 sec. (37670.57 ticks, tree = 5.45 MB, solutions = 0)
    354   235       36.7500    26                     35.7000    62976         
    366   236       35.9900    36                     35.7000    65343         
    377   239    infeasible                           35.7000    68166         
    390   244    infeasible                           35.7000    71423         
    404   250       35.8253    43                     35.7000    74465         
    416   256    infeasible                           35.7000    78215         
    422   259       36.9000    39                     35.7000    80632         
    431   263       38.7800    37                     35.7000    83189         
    445   267       35.7000    43                     35.7000    86554         
    458   266    infeasible                           35.7000    89827         
Elapsed time = 33.93 sec. (48241.52 ticks, tree = 5.41 MB, solutions = 0)
    478   284       35.7000    33                     35.7000    92747         
    488   292       35.7000    29                     35.7000    96021         
    503   304       36.8268    20                     35.7000    98787         
    512   305    infeasible                           35.7000   101077         
    521   307    infeasible                           35.7000   103628         
    535   315    infeasible                           35.7000   106221         
    544   320       36.5536    25                     35.7000   108600         
    562   325    infeasible                           35.7000   111876         
    568   327       37.4707    23                     35.7000   114317         
    575   327    infeasible                           35.7000   116904         
Elapsed time = 40.74 sec. (58097.20 ticks, tree = 6.01 MB, solutions = 0)
    587   335       42.5800    20                     35.7000   119824         
    600   342       36.2800    38                     35.7000   122380         
    620   353       35.7083    38                     35.7000   125081         
    632   358       38.5697    27                     35.7000   128372         
    641   363    infeasible                           35.7000   131316         
    647   364       36.5200    40                     35.7000   134018         
    665   377       36.9773    21                     35.7000   136849         
    674   378       36.5411    40                     35.7000   140144         
    692   390       36.4169    20                     35.7000   143047         
    700   390       35.7000    52                     35.7000   146041         
Elapsed time = 48.02 sec. (68578.56 ticks, tree = 6.05 MB, solutions = 0)
    712   396       39.5500    18                     35.7000   149480         
    719   397       35.7000    53                     35.7000   152077         
    726   403       35.7000    38                     35.7000   154739         
    736   403       36.5700    39                     35.7000   157002         
    744   407       35.7000    43                     35.7000   160209         
    758   409       35.7000    47                     35.7000   163749         
    770   417       35.7000    57                     35.7000   166215         
    786   430       35.8077    35                     35.7000   169553         
    799   439    infeasible                           35.7000   172784         
    808   440       36.1700    25                     35.7000   175386         
Elapsed time = 55.09 sec. (79099.39 ticks, tree = 5.99 MB, solutions = 0)
    825   447       41.0500    17                     35.7000   178623         
    847   452    infeasible                           35.7000   181766         
    859   456       38.2600    21                     35.7000   184534         
    878   464       35.8570    36                     35.7000   187980         
    894   468       35.7000    36                     35.7000   190413         
    915   477    infeasible                           35.7000   193727         
    930   482    infeasible                           35.7000   197040         
    941   485       35.7000    33                     35.7000   199853         
    951   485       36.1198    39                     35.7000   203022         
    961   487       35.7215    43                     35.7000   205769         
Elapsed time = 62.31 sec. (89861.28 ticks, tree = 6.13 MB, solutions = 0)
    974   496    infeasible                           35.7000   208559         
    993   507       35.7000    47                     35.7000   211288         
   1023   525    infeasible                           35.7000   214356         
   1039   535       40.7767    24                     35.7000   216937         
   1054   546       37.5032    31                     35.7000   219577         
   1075   553       35.7123    50                     35.7000   222070         
   1091   562       35.7000    44                     35.7000   225287         
   1101   572       37.4728    42                     35.7000   229144         
   1117   579       39.7776    12                     35.7000   231987         
   1134   585       40.4490    30                     35.7000   234934         
Elapsed time = 69.08 sec. (99985.78 ticks, tree = 6.58 MB, solutions = 0)
   1147   586       35.7000    46                     35.7000   237562         
   1156   587       35.7000    52                     35.7000   240973         
   1168   589       35.7000    62                     35.7000   244396         
   1182   603       35.8360    52                     35.7000   247809         
   1202   615       36.2800    31                     35.7000   251265         
   1217   618       35.7543    47                     35.7000   254909         
   1230   625       35.7000    69                     35.7000   257568         
   1239   634       35.7000    43                     35.7000   260950         
   1250   638       36.5200    57                     35.7000   264212         
   1290   668       36.5148    35                     35.7000   276262         
Elapsed time = 78.24 sec. (113796.27 ticks, tree = 6.83 MB, solutions = 0)
   1350   701       38.0847    45                     35.7000   287704         
   1403   723    infeasible                           35.7000   297910         
   1452   739       35.7241    28                     35.7000   308500         
   1486   751       36.7131    45                     35.7000   319812         

Performing restart 1

Repeating presolve.
Tried aggregator 1 time.
MIP Presolve eliminated 4 rows and 2 columns.
Reduced MIP has 18221 rows, 1780 columns, and 141647 nonzeros.
Reduced MIP has 1430 binaries, 0 generals, 0 SOSs, and 0 indicators.
Presolve time = 0.05 sec. (47.93 ticks)
Tried aggregator 1 time.
Reduced MIP has 18221 rows, 1780 columns, and 141647 nonzeros.
Reduced MIP has 1430 binaries, 0 generals, 0 SOSs, and 0 indicators.
Presolve time = 0.08 sec. (60.99 ticks)
Represolve time = 0.26 sec. (238.03 ticks)
   1488     0       35.7000   106                    Cuts: 96   321411         
   1488     0       35.7000   149                  Cuts: 2056   321783         
   1488     0       35.7000   113                   Cuts: 129   322052         
   1488     0       35.7000   113                  Cuts: 1457   322370         
   1488     0       35.7000   109                    Cuts: 61   322643         
   1488     0       35.7000    83                    Cuts: 56   322831         
   1488     0       35.7000   135                  Cuts: 1796   323148         
   1488     2       35.7000    84                     35.7000   323148         
   1500    13       35.7300   101                     35.7000   323826         
   1518    31       37.4000    89                     35.7000   324847         
   1552    56       35.7300    64                     35.7000   327591         
   1605   104       38.2600    90                     35.7000   331269         
   1647   144       35.7000    61                     35.7000   335674         
Elapsed time = 114.03 sec. (166459.66 ticks, tree = 1.26 MB, solutions = 0)
   1678   169       37.8300    38                     35.7000   341141         
   1722   193       37.6321    46                     35.7000   348756         
   1760   224       37.2700    35                     35.7000   356016         
   1797   249       37.1800    25                     35.7000   363490         
   1831   265       35.7000    45                     35.7000   372401         
   1865   287       38.2900    47                     35.7000   383212         
   1894   308       36.6801    32                     35.7000   391649         
   1949   343       36.0718    33                     35.7000   400113         
   1987   365       35.7000    38                     35.7000   408267         
   2021   383    infeasible                           35.7000   416858         
Elapsed time = 140.52 sec. (206291.43 ticks, tree = 3.64 MB, solutions = 0)
   2062   399    infeasible                           35.7000   425957         
   2089   416       37.0311    29                     35.7000   433965         
   2135   438       35.7322    55                     35.7000   443555         
   2169   454       35.7322    56                     35.7000   452204         
   2204   479       35.7000    47                     35.7000   459800         
   2231   497    infeasible                           35.7000   467674         
   2266   523       35.9324    45                     35.7000   476146         
   2296   543       36.3971    35                     35.7000   485073         
   2337   569       35.7000    46                     35.7000   495234         
   2383   597       35.7009    40                     35.7000   506906         
Elapsed time = 167.44 sec. (245436.39 ticks, tree = 4.28 MB, solutions = 0)
   2428   620       35.7000    46                     35.7000   514109         
   2474   647       36.5324    32                     35.7000   519900         

Performing restart 2

Repeating presolve.
Tried aggregator 1 time.
MIP Presolve eliminated 0 rows and 5 columns.
MIP Presolve modified 7 coefficients.
Reduced MIP has 18221 rows, 1775 columns, and 144724 nonzeros.
Reduced MIP has 1425 binaries, 0 generals, 0 SOSs, and 0 indicators.
Presolve time = 0.06 sec. (63.86 ticks)
Tried aggregator 1 time.
Reduced MIP has 18221 rows, 1775 columns, and 144724 nonzeros.
Reduced MIP has 1425 binaries, 0 generals, 0 SOSs, and 0 indicators.
Presolve time = 0.08 sec. (62.65 ticks)
Represolve time = 0.32 sec. (275.10 ticks)
   2480     0       35.7000    73                    Cuts: 25   521972         
   2480     0       35.7000   139                  Cuts: 1388   522339         
   2480     0       35.7000    95                   Cuts: 121   522599         
   2480     0       35.7000   125                  Cuts: 1709   522950         
   2480     0       35.7000   100                   Cuts: 138   523153         
   2480     0       35.7000   132                  Cuts: 2067   523402         
   2480     0       35.7000   117                   Cuts: 388   523753         
   2480     0       35.7000   144                  Cuts: 1648   524055         
   2480     0       35.7000    57                    Cuts: 12   524168         
   2480     0       35.7000   122                  Cuts: 1525   524516         
   2480     0       35.7000   116                   Cuts: 210   524904         
   2480     2       35.7000    73                     35.7000   524904         
   2490    11       35.7000    70                     35.7000   525810         
   2502    23       35.7000    68                     35.7000   527057         
   2514    35       35.7000    66                     35.7000   528303         
   2525    46       35.7000    73                     35.7000   530428         
   2540    61       35.7000    58                     35.7000   532781         
   2552    73       35.7000    61                     35.7000   535651         
   2569    84       38.5500    38                     35.7000   538489         
Elapsed time = 231.38 sec. (336909.94 ticks, tree = 1.64 MB, solutions = 0)
   2585    89       35.7000    36                     35.7000   541633         
   2603   100       39.7300    23                     35.7000   545432         
   2619   110       35.7000    34                     35.7000   549900         
   2642   120       39.7000    20                     35.7000   555145         
   2666   135       38.1800    18                     35.7000   561317         
   2691   144       37.5883    30                     35.7000   569403         
   2719   156       40.0200    24                     35.7000   575441         
   2749   162    infeasible                           35.7000   582437         
   2771   162       35.7300    48                     35.7000   587816         
   2795   176       35.7000    63                     35.7000   592691         
Elapsed time = 258.49 sec. (376110.25 ticks, tree = 2.60 MB, solutions = 0)
   2815   193       36.2000    38                     35.7000   595468         
   2849   216       38.2100    39                     35.7000   601689         
   2881   231       35.7300    47                     35.7000   607448         
   2911   248       39.7700    51                     35.7000   612706         
   2937   264       35.7000    59                     35.7000   618851         
   2959   285       37.5300    44                     35.7000   622337         
   2983   299       40.4400    19                     35.7000   629133         
   3011   317       35.7000    57                     35.7000   635071         
   3035   333       38.5861    26                     35.7000   641939         
   3079   353       35.7000    48                     35.7000   650841         
Elapsed time = 284.78 sec. (415650.66 ticks, tree = 3.12 MB, solutions = 0)
   3126   388       38.5000    34                     35.7000   658258         
   3165   403       35.7000    44                     35.7000   667017         
   3198   427       40.0200    26                     35.7000   676436         
   3236   447       38.4700    31                     35.7000   684439         
   3277   462    infeasible                           35.7000   693073         
   3313   482       39.5200    32                     35.7000   702296         
   3353   506       35.9022    41                     35.7000   711034         
   3388   526       40.1200    29                     35.7000   717179         
   3413   541       37.1800    40                     35.7000   724729         
   3460   568       40.7700    25                     35.7000   732048         
Elapsed time = 314.33 sec. (455196.93 ticks, tree = 3.77 MB, solutions = 0)
   3525   587    infeasible                           35.7000   741819         
   3565   608    infeasible                           35.7000   749906         
   3579   611       35.9037    49                     35.7000   754871         
   3611   624       37.9840    43                     35.7000   762251         
   3640   632       38.4593    39                     35.7000   772207         
   3663   641       35.7080    53                     35.7000   779524         
   3702   655       37.1871    41                     35.7000   788578         
   3733   664       35.7430    44                     35.7000   794944         
   3766   670    infeasible                           35.7000   802138         
   3793   684       35.7430    52                     35.7000   809867         
Elapsed time = 342.52 sec. (494057.07 ticks, tree = 4.10 MB, solutions = 0)
   3844   719       38.0128    32                     35.7000   817261         
   3882   742       40.1779    27                     35.7000   827224         
   3930   780       41.9494    24                     35.7000   835248         
   3966   802       42.3700    18                     35.7000   841711         
   3996   817       38.3582    37                     35.7000   848041         
   4039   844       35.7000    42                     35.7000   855100         
   4090   879       42.6100    14                     35.7000   863688         
   4160   929       40.1200    14                     35.7000   871793         
   4199   945       35.7000    52                     35.7000   880382         
   4245   967       36.7200    48                     35.7000   888448         
Elapsed time = 372.17 sec. (533013.61 ticks, tree = 4.92 MB, solutions = 0)
   4276   983       35.7000    65                     35.7000   893791         
   4306  1013       38.5150    33                     35.7000   898656         
   4353  1043       38.8493    41                     35.7000   906273         
   4394  1076       37.1868    37                     35.7000   912625         
   4438  1108       38.0664    41                     35.7000   919717         
   4481  1137       37.7800    27                     35.7000   928041         
   4516  1157       38.2857    33                     35.7000   935750         
   4547  1180       40.0500    19                     35.7000   942074         
   4596  1213       35.8800    47                     35.7000   949829         
   4653  1253       38.3265    29                     35.7000   958813         
Elapsed time = 400.97 sec. (571625.11 ticks, tree = 5.79 MB, solutions = 0)
   4683  1262       37.7122    38                     35.7000   966050         
   4718  1288       40.8813    26                     35.7000   973547         
   4759  1312       37.1810    44                     35.7000   980675         
   4808  1346       35.7000    47                     35.7000   988265         
   4849  1379       36.3000    35                     35.7000   996115         
   4897  1408       39.1931    15                     35.7000  1005327         
*  4927  1314      integral     0       40.5000       35.7000  1009908   11.85%
   4950  1331       40.4355    12       40.5000       35.7000  1013153   11.85%
*  4980+ 1347                           40.4900       35.7000            11.83%
   4996  1354       35.7038    46       40.4900       35.7000  1020848   11.83%
   5029  1377       37.8584    30       40.4900       35.7000  1026350   11.83%
   5069  1395       37.3632    41       40.4900       35.7000  1032229   11.83%
Elapsed time = 431.62 sec. (610966.39 ticks, tree = 6.20 MB, solutions = 2)
*  5080+ 1396                           40.4700       35.7000            11.79%
   5091  1406       38.7842    33       40.4700       35.7000  1038153   11.79%
   5129  1432       40.1200    13       40.4700       35.7000  1045661   11.79%
   5176  1459       37.8682    33       40.4700       35.7000  1053319   11.79%
   5223  1491       37.7100    41       40.4700       35.7000  1060951   11.79%
   5261  1517       37.7100    38       40.4700       35.7000  1069910   11.79%
   5280  1529       36.3000    42       40.4700       35.7000  1072805   11.79%
   5313  1546       35.7022    43       40.4700       35.7000  1081269   11.79%
   5343  1570       37.7138    32       40.4700       35.7000  1087274   11.79%
*  5360+ 1285                           39.4500       35.7000             9.51%
   5367  1291       37.3860    37       39.4500       35.7000  1093240    9.51%
   5400  1308    infeasible             39.4500       35.7000  1098917    9.51%
Elapsed time = 464.35 sec. (651540.79 ticks, tree = 5.81 MB, solutions = 4)
   5431  1318       35.7022    48       39.4500       35.7000  1106093    9.51%
   5453  1332       35.7000    43       39.4500       35.7000  1112250    9.51%
   5499  1353    infeasible             39.4500       35.7000  1119374    9.51%
   5540  1369        cutoff             39.4500       35.7000  1126514    9.51%
   5579  1393       35.7160    36       39.4500       35.7000  1133358    9.51%
   5580  1393       35.7162    36       39.4500       35.7000  1133422    9.51%
   5621  1419       35.7325    46       39.4500       35.7000  1141132    9.51%
   5660  1438       35.7000    37       39.4500       35.7000  1146977    9.51%
   5680  1445       35.7000    46       39.4500       35.7000  1152876    9.51%
   5712  1456       35.7022    35       39.4500       35.7000  1159583    9.51%
Elapsed time = 499.67 sec. (693156.24 ticks, tree = 6.24 MB, solutions = 4)
   5758  1480       36.3000    34       39.4500       35.7000  1167139    9.51%
   5780  1491       35.7022    41       39.4500       35.7000  1170372    9.51%
   5817  1511       38.0559    32       39.4500       35.7000  1178130    9.51%
   5860  1539       35.7000    45       39.4500       35.7000  1186293    9.51%
   5910  1573       39.4200    18       39.4500       35.7000  1194854    9.51%
   5959  1598       35.7000    42       39.4500       35.7000  1204076    9.51%
   5996  1619       39.1300    21       39.4500       35.7000  1210769    9.51%
   6033  1642       35.7010    47       39.4500       35.7000  1218647    9.51%
   6070  1663       35.8027    37       39.4500       35.7000  1226312    9.51%
   6099  1673       35.7000    47       39.4500       35.7000  1234147    9.51%
Elapsed time = 532.32 sec. (734170.73 ticks, tree = 6.87 MB, solutions = 4)
   6135  1686       38.3100    29       39.4500       35.7000  1242717    9.51%
   6174  1705       35.7000    43       39.4500       35.7000  1251632    9.51%
   6193  1717       35.7571    39       39.4500       35.7000  1255557    9.51%
   6215  1730       35.7000    47       39.4500       35.7000  1263181    9.51%
   6259  1758       36.3000    44       39.4500       35.7000  1271108    9.51%
   6295  1782       35.7000    46       39.4500       35.7000  1278286    9.51%
   6331  1807       36.3000    40       39.4500       35.7000  1284406    9.51%
   6361  1825       36.4301    36       39.4500       35.7000  1292086    9.51%
   6403  1849       38.3464    37       39.4500       35.7000  1300189    9.51%
   6446  1878    infeasible             39.4500       35.7000  1307767    9.51%
Elapsed time = 563.62 sec. (773419.59 ticks, tree = 7.47 MB, solutions = 4)
   6493  1909       37.7800    29       39.4500       35.7000  1315077    9.51%
   6540  1932       37.3600    33       39.4500       35.7000  1322486    9.51%
   6568  1941       35.7022    46       39.4500       35.7000  1330458    9.51%
   6607  1963    infeasible             39.4500       35.7000  1338789    9.51%
   6647  1995       35.7282    36       39.4500       35.7000  1344341    9.51%
   6687  2020       35.7159    34       39.4500       35.7000  1351169    9.51%
   6734  2056       35.8175    40       39.4500       35.7000  1358211    9.51%
   6778  2078       35.7282    31       39.4500       35.7000  1365109    9.51%
   6820  2102       39.1000    11       39.4500       35.7000  1373290    9.51%
   6845  2114       35.7010    39       39.4500       35.7000  1381350    9.51%
Elapsed time = 596.74 sec. (812103.76 ticks, tree = 8.24 MB, solutions = 4)
   6884  2141       35.7010    34       39.4500       35.7000  1387377    9.51%
   6932  2169       37.7800    36       39.4500       35.7000  1395339    9.51%
   6975  2193       35.7010    36       39.4500       35.7000  1403738    9.51%
   7020  2210       35.7000    38       39.4500       35.7000  1411885    9.51%
   7063  2230       35.8238    39       39.4500       35.7000  1419318    9.51%
   7103  2250       35.7010    34       39.4500       35.7000  1425818    9.51%
   7151  2280       38.3210    34       39.4500       35.7000  1432393    9.51%
   7178  2288       37.2636    30       39.4500       35.7000  1438766    9.51%
   7215  2315       35.7010    44       39.4500       35.7000  1445651    9.51%
   7259  2349    infeasible             39.4500       35.7000  1453655    9.51%
Elapsed time = 629.27 sec. (851335.63 ticks, tree = 8.92 MB, solutions = 4)
*  7280+ 2280                           39.0300       35.7000             8.53%
   7300  2298       37.2522    36       39.0300       35.7000  1460979    8.53%
   7344  2330       37.3610    36       39.0300       35.7000  1469066    8.53%
   7378  2356       37.2042    43       39.0300       35.7000  1476429    8.53%
   7409  2374       35.7010    51       39.0300       35.7000  1480959    8.53%
   7461  2412       38.6120    34       39.0300       35.7000  1488610    8.53%
   7504  2440       35.7489    41       39.0300       35.7000  1495890    8.53%
   7543  2467       35.7325    37       39.0300       35.7000  1501965    8.53%
   7572  2486       35.7010    38       39.0300       35.7000  1508903    8.53%
   7595  2503       38.5000    25       39.0300       35.7000  1512927    8.53%
   7648  2536       38.7036    29       39.0300       35.7000  1519481    8.53%
Elapsed time = 661.94 sec. (890069.53 ticks, tree = 9.46 MB, solutions = 5)
   7684  2557       36.2682    38       39.0300       35.7000  1527806    8.53%
   7727  2585       35.7000    44       39.0300       35.7000  1535611    8.53%
   7759  2604       35.9941    32       39.0300       35.7000  1542867    8.53%
   7805  2625       38.3210    30       39.0300       35.7000  1549617    8.53%
   7846  2656       38.5700    26       39.0300       35.7000  1556913    8.53%
   7893  2694       35.9855    31       39.0300       35.7000  1565409    8.53%
   7945  2724       35.7000    44       39.0300       35.7000  1573005    8.53%
   7979  2743       35.7010    42       39.0300       35.7000  1579713    8.53%
   8015  2762    infeasible             39.0300       35.7000  1586828    8.53%
   8052  2782    infeasible             39.0300       35.7000  1593185    8.53%
Elapsed time = 695.11 sec. (928927.49 ticks, tree = 10.18 MB, solutions = 5)
   8078  2794       35.7385    50       39.0300       35.7000  1599797    8.53%
   8083  2799       37.2510    38       39.0300       35.7000  1600754    8.53%
   8118  2814       37.1868    37       39.0300       35.7000  1607821    8.53%
   8151  2834       35.7010    46       39.0300       35.7000  1614519    8.53%
   8196  2863       37.2042    46       39.0300       35.7000  1621661    8.53%
   8237  2886       37.2214    42       39.0300       35.7000  1629653    8.53%
   8269  2902       35.7010    48       39.0300       35.7000  1637898    8.53%
   8309  2932       35.9261    50       39.0300       35.7000  1645367    8.53%
   8355  2958    infeasible             39.0300       35.7000  1654382    8.53%
   8390  2984       35.8077    40       39.0300       35.7000  1661556    8.53%
Elapsed time = 728.81 sec. (968048.81 ticks, tree = 10.76 MB, solutions = 5)
   8425  3002       35.7000    42       39.0300       35.7000  1668412    8.53%
   8473  3029       35.8935    55       39.0300       35.7000  1674778    8.53%
   8521  3049       35.7174    41       39.0300       35.7000  1681352    8.53%
   8557  3069       35.7010    38       39.0300       35.7000  1688428    8.53%
   8592  3079        cutoff             39.0300       35.7000  1697135    8.53%
   8646  3120    infeasible             39.0300       35.7000  1703578    8.53%
   8696  3146       37.2779    36       39.0300       35.7000  1711439    8.53%
   8745  3177       35.7000    46       39.0300       35.7000  1721189    8.53%
   8784  3202       37.3610    29       39.0300       35.7000  1728988    8.53%
   8828  3230       38.1500    30       39.0300       35.7000  1737838    8.53%
Elapsed time = 762.49 sec. (1007202.97 ticks, tree = 11.47 MB, solutions = 5)
   8867  3251       37.3196    45       39.0300       35.7000  1744158    8.53%
   8889  3263       35.7000    49       39.0300       35.7000  1748771    8.53%
   8916  3272       35.7946    50       39.0300       35.7000  1753818    8.53%
   8938  3273       35.7862    51       39.0300       35.7000  1759389    8.53%
   8952  3281       35.7000    51       39.0300       35.7000  1764950    8.53%
   8984  3299       36.3000    41       39.0300       35.7000  1771970    8.53%
   9021  3310       35.7000    52       39.0300       35.7000  1779246    8.53%
   9069  3346       35.7000    41       39.0300       35.7000  1788194    8.53%
   9110  3372       36.2352    44       39.0300       35.7000  1796588    8.53%
   9150  3394       36.3000    36       39.0300       35.7000  1804835    8.53%
Elapsed time = 794.22 sec. (1046652.57 ticks, tree = 11.95 MB, solutions = 5)
   9180  3413       35.7000    37       39.0300       35.7000  1811240    8.53%
   9218  3423       36.6719    52       39.0300       35.7000  1819249    8.53%
   9244  3424       35.8800    48       39.0300       35.7000  1826425    8.53%
   9278  3450       35.7351    42       39.0300       35.7000  1834226    8.53%
   9340  3495       35.7000    47       39.0300       35.7000  1841045    8.53%
   9377  3519       35.7407    38       39.0300       35.7000  1849869    8.53%
   9420  3547       36.4200    45       39.0300       35.7000  1856723    8.53%
   9447  3562       38.7300    22       39.0300       35.7000  1862998    8.53%
   9473  3568       38.7300    23       39.0300       35.7000  1869952    8.53%
   9512  3592    infeasible             39.0300       35.7000  1877610    8.53%
Elapsed time = 828.60 sec. (1088180.23 ticks, tree = 12.52 MB, solutions = 5)
   9555  3619       35.8300    35       39.0300       35.7000  1884448    8.53%
   9595  3642       36.6197    41       39.0300       35.7000  1891882    8.53%
   9642  3673       36.0400    36       39.0300       35.7000  1899726    8.53%
   9680  3687    infeasible             39.0300       35.7000  1908355    8.53%
   9742  3731       35.7308    39       39.0300       35.7000  1915888    8.53%
   9790  3765       38.1567    34       39.0300       35.7000  1924108    8.53%
   9840  3798       35.8812    49       39.0300       35.7000  1931222    8.53%
   9887  3832       38.3291    32       39.0300       35.7000  1939188    8.53%
   9932  3859       35.7022    44       39.0300       35.7000  1947790    8.53%
   9982  3889       35.7605    50       39.0300       35.7000  1956661    8.53%
Elapsed time = 860.47 sec. (1126762.80 ticks, tree = 13.39 MB, solutions = 5)
  10021  3911       37.0200    43       39.0300       35.7000  1964349    8.53%
  10047  3919       35.7000    53       39.0300       35.7000  1971241    8.53%
  10086  3946       36.0400    42       39.0300       35.7000  1978625    8.53%
  10115  3965       38.1500    20       39.0300       35.7000  1986665    8.53%
  10150  3981       35.7022    47       39.0300       35.7000  1994114    8.53%
  10192  3999       35.9115    55       39.0300       35.7000  2002475    8.53%
  10237  4032       37.7900    36       39.0300       35.7000  2010888    8.53%
  10274  4046       35.9580    45       39.0300       35.7000  2018130    8.53%
  10324  4079       35.7022    46       39.0300       35.7000  2027007    8.53%
  10378  4113       37.9729    34       39.0300       35.7000  2034935    8.53%
Elapsed time = 892.63 sec. (1165724.83 ticks, tree = 14.18 MB, solutions = 5)
  10414  4134       36.5596    42       39.0300       35.7000  2042972    8.53%
  10459  4158    infeasible             39.0300       35.7000  2051539    8.53%
  10504  4172       35.9454    55       39.0300       35.7000  2058764    8.53%
  10552  4199       36.0461    49       39.0300       35.7000  2065542    8.53%
  10580  4206       35.7000    46       39.0300       35.7000  2070664    8.53%
  10619  4224       35.7509    53       39.0300       35.7000  2076836    8.53%
  10643  4235    infeasible             39.0300       35.7000  2081705    8.53%
  10673  4241       35.7238    37       39.0300       35.7000  2088199    8.53%
  10718  4260       36.0461    51       39.0300       35.7000  2097028    8.53%
  10759  4279       35.7325    51       39.0300       35.7000  2104647    8.53%
Elapsed time = 926.43 sec. (1207507.34 ticks, tree = 14.66 MB, solutions = 5)
  10792  4290       35.7000    44       39.0300       35.7000  2110249    8.53%
  10819  4298       35.7248    53       39.0300       35.7000  2114971    8.53%
  10845  4317       35.7010    54       39.0300       35.7000  2119408    8.53%
  10895  4359       38.1500    28       39.0300       35.7000  2127366    8.53%
  10949  4392       35.9582    53       39.0300       35.7000  2136585    8.53%
  10982  4408       37.2572    49       39.0300       35.7000  2142732    8.53%
  11031  4427       35.7000    51       39.0300       35.7000  2150338    8.53%
  11073  4435    infeasible             39.0300       35.7000  2158597    8.53%
  11107  4449       36.2000    42       39.0300       35.7000  2165309    8.53%
  11146  4469    infeasible             39.0300       35.7000  2173519    8.53%
Elapsed time = 956.59 sec. (1246810.00 ticks, tree = 15.21 MB, solutions = 5)
  11179  4487       35.7509    63       39.0300       35.7000  2180664    8.53%
  11218  4513       35.7000    45       39.0300       35.7000  2188356    8.53%
  11262  4532       35.7878    52       39.0300       35.7000  2196456    8.53%
  11298  4544       36.7736    39       39.0300       35.7000  2204870    8.53%
  11324  4545       37.1909    61       39.0300       35.7000  2212298    8.53%
  11358  4559       35.8650    51       39.0300       35.7000  2218955    8.53%
  11394  4569       36.5029    43       39.0300       35.7000  2226463    8.53%
  11430  4579       36.0820    53       39.0300       35.7000  2234774    8.53%
  11461  4588       35.9148    53       39.0300       35.7000  2242596    8.53%
  11486  4596       35.7000    47       39.0300       35.7000  2248639    8.53%
Elapsed time = 991.53 sec. (1286899.98 ticks, tree = 15.58 MB, solutions = 5)
  11508  4603       38.3100    38       39.0300       35.7000  2253517    8.53%
  11531  4618       35.7000    66       39.0300       35.7000  2258839    8.53%
  11568  4639       35.7000    47       39.0300       35.7000  2266876    8.53%
  11608  4657       35.7000    47       39.0300       35.7000  2271599    8.53%
  11655  4675       36.9212    37       39.0300       35.7000  2277629    8.53%
  11684  4678       36.6116    59       39.0300       35.7000  2285175    8.53%
  11735  4700        cutoff             39.0300       35.7000  2293042    8.53%
  11770  4715       35.7208    41       39.0300       35.7000  2301004    8.53%
  11806  4729       38.1145    36       39.0300       35.7000  2308092    8.53%
  11842  4742       36.9753    54       39.0300       35.7000  2316473    8.53%
Elapsed time = 1025.76 sec. (1325939.61 ticks, tree = 16.00 MB, solutions = 5)
  11880  4759       37.2735    50       39.0300       35.7000  2322210    8.53%
  11915  4768       35.7000    49       39.0300       35.7000  2329203    8.53%
  11947  4774       36.0400    60       39.0300       35.7000  2337049    8.53%
  11980  4796       35.7051    47       39.0300       35.7000  2345235    8.53%
  12031  4822       35.7098    54       39.0300       35.7000  2352770    8.53%
  12067  4835       35.7966    55       39.0300       35.7000  2360417    8.53%
  12101  4845    infeasible             39.0300       35.7000  2367176    8.53%
  12140  4855       35.9080    45       39.0300       35.7000  2373511    8.53%
  12178  4873       35.7093    44       39.0300       35.7000  2381418    8.53%
  12203  4885       37.5680    45       39.0300       35.7000  2388458    8.53%
Elapsed time = 1059.25 sec. (1366686.40 ticks, tree = 16.42 MB, solutions = 5)
  12231  4897       35.7201    56       39.0300       35.7000  2394572    8.53%
  12266  4923       37.1982    42       39.0300       35.7000  2402411    8.53%
  12295  4938       35.7000    52       39.0300       35.7000  2410341    8.53%
  12348  4971       35.7032    56       39.0300       35.7000  2416789    8.53%
  12393  4994       35.7000    51       39.0300       35.7000  2425118    8.53%
  12436  5013       37.1821    41       39.0300       35.7000  2432377    8.53%
  12474  5031       35.7000    52       39.0300       35.7000  2439357    8.53%
  12508  5045       35.7000    49       39.0300       35.7000  2446260    8.53%
  12555  5069       35.7000    50       39.0300       35.7000  2454067    8.53%
  12604  5096       35.7059    50       39.0300       35.7000  2462001    8.53%
Elapsed time = 1089.79 sec. (1405834.95 ticks, tree = 17.03 MB, solutions = 5)
  12651  5123       38.6800    32       39.0300       35.7000  2470466    8.53%
  12695  5149       37.1821    50       39.0300       35.7000  2478042    8.53%
  12719  5162       35.7000    79       39.0300       35.7000  2483081    8.53%
  12753  5176       35.7000    56       39.0300       35.7000  2487359    8.53%
  12799  5176       35.7000    61       39.0300       35.7000  2492430    8.53%
  12848  5176       35.7000    61       39.0300       35.7000  2497895    8.53%
  12921  5183       35.8295    59       39.0300       35.7000  2504917    8.53%
  12946  5192       35.7000    46       39.0300       35.7000  2512405    8.53%
  12993  5210       35.7000    45       39.0300       35.7000  2519240    8.53%
  13047  5216       35.7000    57       39.0300       35.7000  2523994    8.53%
Elapsed time = 1119.14 sec. (1445521.02 ticks, tree = 17.94 MB, solutions = 5)
  13084  5239       37.1921    55       39.0300       35.7000  2531190    8.53%
  13125  5254       35.7000    51       39.0300       35.7000  2539467    8.53%
  13177  5288       35.7000    55       39.0300       35.7000  2546858    8.53%
  13198  5297       35.7000    47       39.0300       35.7000  2552060    8.53%
  13244  5314       37.5430    45       39.0300       35.7000  2560818    8.53%
  13278  5326       35.7000    58       39.0300       35.7000  2568988    8.53%
  13280  5328       35.7000    57       39.0300       35.7000  2569031    8.53%
  13303  5348       35.7096    62       39.0300       35.7000  2575587    8.53%
  13336  5366       35.7000    59       39.0300       35.7000  2583361    8.53%
  13380  5392       35.7000    54       39.0300       35.7000  2589944    8.53%
Elapsed time = 1151.41 sec. (1486308.10 ticks, tree = 18.31 MB, solutions = 5)
  13415  5417       37.7100    41       39.0300       35.7000  2598151    8.53%
  13452  5439       35.7008    53       39.0300       35.7000  2605959    8.53%
  13488  5459       35.7325    50       39.0300       35.7000  2613730    8.53%
  13523  5482       35.7025    54       39.0300       35.7000  2621412    8.53%
  13552  5503       35.7039    53       39.0300       35.7000  2629863    8.53%
  13587  5522       35.7000    56       39.0300       35.7000  2637780    8.53%
  13636  5558       35.7000    53       39.0300       35.7000  2644990    8.53%
  13664  5577       37.8777    38       39.0300       35.7000  2652107    8.53%
  13697  5596       35.7293    62       39.0300       35.7000  2659945    8.53%
  13728  5612       35.7000    63       39.0300       35.7000  2666322    8.53%
Elapsed time = 1182.89 sec. (1525668.55 ticks, tree = 19.23 MB, solutions = 5)
  13785  5655       36.1367    57       39.0300       35.7000  2674290    8.53%
  13832  5688    infeasible             39.0300       35.7000  2681922    8.53%
  13882  5702       35.7000    48       39.0300       35.7000  2690523    8.53%
  13931  5697       35.7000    49       39.0300       35.7000  2698874    8.53%
  13957  5712       35.7779    55       39.0300       35.7000  2707050    8.53%
  13997  5743    infeasible             39.0300       35.7000  2716015    8.53%
  14043  5766    infeasible             39.0300       35.7000  2724146    8.53%
  14085  5799    infeasible             39.0300       35.7000  2732955    8.53%
  14118  5819       38.5700    20       39.0300       35.7000  2742166    8.53%
  14165  5846       35.7000    54       39.0300       35.7000  2749268    8.53%
Elapsed time = 1214.69 sec. (1564550.87 ticks, tree = 20.05 MB, solutions = 5)
  14209  5874       35.7022    47       39.0300       35.7000  2757468    8.53%
  14250  5907       38.6800    21       39.0300       35.7000  2765869    8.53%
  14288  5933       38.6800    22       39.0300       35.7000  2774080    8.53%
  14326  5951       35.7025    56       39.0300       35.7000  2782463    8.53%
  14381  5986       35.7000    65       39.0300       35.7000  2791111    8.53%
  14424  6017       35.7281    63       39.0300       35.7000  2799894    8.53%
  14472  6051       35.7000    60       39.0300       35.7000  2806521    8.53%
  14525  6088        cutoff             39.0300       35.7000  2813956    8.53%
  14567  6111       37.9842    40       39.0300       35.7000  2820953    8.53%
  14580  6119       37.7817    47       39.0300       35.7000  2823563    8.53%
Elapsed time = 1247.17 sec. (1604857.10 ticks, tree = 20.85 MB, solutions = 5)
  14628  6150       38.1500    23       39.0300       35.7000  2831720    8.53%
  14666  6159       35.7329    63       39.0300       35.7000  2839158    8.53%
  14704  6177       35.7000    49       39.0300       35.7000  2847413    8.53%
  14750  6209       35.7972    49       39.0300       35.7000  2855952    8.53%
  14801  6238       35.7000    46       39.0300       35.7000  2864142    8.53%
  14843  6265       35.7038    46       39.0300       35.7000  2872836    8.53%
  14880  6295       35.7412    37       39.0300       35.7000  2878746    8.53%
  14932  6330       37.3671    32       39.0300       35.7000  2887370    8.53%
  14977  6358       37.3604    50       39.0300       35.7000  2896827    8.53%
  14981  6362       37.3709    38       39.0300       35.7000  2897106    8.53%
Elapsed time = 1279.16 sec. (1644024.43 ticks, tree = 21.70 MB, solutions = 5)
  15024  6393       35.7026    42       39.0300       35.7000  2905016    8.53%
  15066  6423       35.7000    54       39.0300       35.7000  2914053    8.53%
  15080  6435       37.9932    32       39.0300       35.7000  2916044    8.53%
  15114  6450       35.7000    56       39.0300       35.7000  2925930    8.53%
  15157  6481       35.9204    35       39.0300       35.7000  2933035    8.53%
  15190  6499       37.3626    42       39.0300       35.7000  2938994    8.53%
  15242  6529       35.7000    56       39.0300       35.7000  2946147    8.53%
  15307  6577       35.7339    46       39.0300       35.7000  2953945    8.53%
  15333  6592    infeasible             39.0300       35.7000  2961630    8.53%
  15376  6617       35.8491    61       39.0300       35.7000  2969731    8.53%
Elapsed time = 1311.66 sec. (1683437.86 ticks, tree = 22.86 MB, solutions = 5)
  15396  6633       35.8353    47       39.0300       35.7000  2973017    8.53%
  15430  6654       36.0096    46       39.0300       35.7000  2981038    8.53%
  15466  6682       38.3100    23       39.0300       35.7000  2990591    8.53%
  15480  6686       36.3668    47       39.0300       35.7000  2993223    8.53%
  15527  6714       35.7022    47       39.0300       35.7000  3001448    8.53%
  15569  6744       38.6800    19       39.0300       35.7000  3010363    8.53%
  15599  6765       35.7573    52       39.0300       35.7000  3014047    8.53%
  15649  6795       38.9200    28       39.0300       35.7000  3022288    8.53%
  15680  6810       35.7174    41       39.0300       35.7000  3026885    8.53%
  15714  6835       35.7377    45       39.0300       35.7000  3036094    8.53%
Elapsed time = 1345.73 sec. (1725325.65 ticks, tree = 23.49 MB, solutions = 5)
  15746  6850       35.7000    44       39.0300       35.7000  3044437    8.53%
  15780  6872       35.8111    51       39.0300       35.7000  3052047    8.53%
  15819  6894       35.7000    42       39.0300       35.7000  3060354    8.53%
  15862  6923       35.7000    52       39.0300       35.7000  3069271    8.53%
  15880  6936       35.7000    48       39.0300       35.7000  3072186    8.53%
  15919  6958       35.7000    41       39.0300       35.7000  3079828    8.53%
  15966  6985       35.7100    46       39.0300       35.7000  3087733    8.53%
  16013  7011       35.7011    49       39.0300       35.7000  3094289    8.53%
  16051  7034       35.7000    51       39.0300       35.7000  3102661    8.53%
  16080  7057       35.8800    34       39.0300       35.7000  3106755    8.53%
Elapsed time = 1383.00 sec. (1770653.04 ticks, tree = 24.14 MB, solutions = 5)
  16118  7082       35.7155    48       39.0300       35.7000  3114648    8.53%
  16152  7106       37.8734    39       39.0300       35.7000  3122152    8.53%
  16180  7123       35.7096    60       39.0300       35.7000  3126160    8.53%
  16221  7145       35.7000    60       39.0300       35.7000  3134059    8.53%
  16273  7151       35.9200    55       39.0300       35.7000  3140239    8.53%
  16317  7155       35.7194    50       39.0300       35.7000  3147124    8.53%
  16365  7167       36.0275    48       39.0300       35.7000  3153729    8.53%
  16413  7185       35.7000    52       39.0300       35.7000  3162241    8.53%
  16457  7195       37.2505    61       39.0300       35.7000  3171906    8.53%
  16494  7215       35.7619    55       39.0300       35.7000  3180058    8.53%
Elapsed time = 1416.96 sec. (1813824.99 ticks, tree = 24.60 MB, solutions = 5)
  16540  7233       35.7284    47       39.0300       35.7000  3187445    8.53%
  16588  7249       35.7000    51       39.0300       35.7000  3194321    8.53%
  16632  7260    infeasible             39.0300       35.7000  3201229    8.53%
  16669  7275       35.9253    55       39.0300       35.7000  3209644    8.53%
  16713  7297       35.7000    49       39.0300       35.7000  3217670    8.53%
  16752  7316       36.5293    53       39.0300       35.7000  3226415    8.53%
  16795  7320    infeasible             39.0300       35.7000  3234242    8.53%
  16832  7346       35.7000    52       39.0300       35.7000  3242152    8.53%
  16873  7375        cutoff             39.0300       35.7000  3250082    8.53%
  16880  7382       36.0199    61       39.0300       35.7000  3251269    8.53%
Elapsed time = 1447.61 sec. (1852840.96 ticks, tree = 25.08 MB, solutions = 5)
  16943  7420       35.7010    43       39.0300       35.7000  3260249    8.53%
  16997  7452       37.9607    33       39.0300       35.7000  3268878    8.53%
  17031  7473    infeasible             39.0300       35.7000  3277023    8.53%
  17069  7495    infeasible             39.0300       35.7000  3286725    8.53%
  17103  7519       38.9200    26       39.0300       35.7000  3295594    8.53%
  17152  7546       38.5759    30       39.0300       35.7000  3304848    8.53%
  17201  7574       37.9710    41       39.0300       35.7000  3314005    8.53%
  17237  7585       38.5700    42       39.0300       35.7000  3322280    8.53%
  17284  7613       38.6800    20       39.0300       35.7000  3330453    8.53%
  17318  7632    infeasible             39.0300       35.7000  3339454    8.53%
Elapsed time = 1478.96 sec. (1891362.36 ticks, tree = 25.81 MB, solutions = 5)
  17349  7649       37.1651    51       39.0300       35.7000  3347431    8.53%
  17390  7671       35.8800    39       39.0300       35.7000  3355414    8.53%
  17433  7697       36.0400    36       39.0300       35.7000  3363235    8.53%
  17488  7723       35.7000    50       39.0300       35.7000  3370677    8.53%
  17520  7732       35.7000    48       39.0300       35.7000  3379104    8.53%
  17558  7753       35.9194    50       39.0300       35.7000  3387002    8.53%
  17601  7764       35.7000    54       39.0300       35.7000  3393850    8.53%
  17638  7789       37.5417    35       39.0300       35.7000  3403134    8.53%
  17673  7807       35.7449    48       39.0300       35.7000  3411962    8.53%
  17680  7812       37.2445    39       39.0300       35.7000  3413801    8.53%
Elapsed time = 1510.41 sec. (1931241.58 ticks, tree = 26.33 MB, solutions = 5)
  17724  7831    infeasible             39.0300       35.7000  3422096    8.53%
  17783  7862    infeasible             39.0300       35.7000  3430377    8.53%
  17848  7905       37.2255    43       39.0300       35.7000  3438543    8.53%
  17901  7935       35.7669    53       39.0300       35.7000  3447503    8.53%
  17945  7955        cutoff             39.0300       35.7000  3455580    8.53%
  17987  7974       36.9124    43       39.0300       35.7000  3465032    8.53%
  18039  7999       35.7000    36       39.0300       35.7000  3473326    8.53%
  18090  8023       35.7761    51       39.0300       35.7000  3482459    8.53%
  18144  8059       36.1203    44       39.0300       35.7000  3491311    8.53%
  18195  8089       35.7017    47       39.0300       35.7000  3499410    8.53%
Elapsed time = 1544.01 sec. (1969872.94 ticks, tree = 27.14 MB, solutions = 5)
  18248  8117       35.7000    44       39.0300       35.7000  3507702    8.53%
  18307  8143       35.7015    47       39.0300       35.7000  3517080    8.53%
  18346  8165       35.8800    39       39.0300       35.7000  3524034    8.53%
  18374  8185       38.6800    32       39.0300       35.7000  3533812    8.53%
  18452  8233       35.7000    46       39.0300       35.7000  3541655    8.53%
  18480  8256       37.7069    38       39.0300       35.7000  3546563    8.53%
  18516  8276       35.7022    53       39.0300       35.7000  3555354    8.53%
  18547  8298       35.7000    45       39.0300       35.7000  3564242    8.53%
  18586  8321       37.2134    42       39.0300       35.7000  3571594    8.53%
  18624  8337       37.6879    40       39.0300       35.7000  3578953    8.53%
Elapsed time = 1578.62 sec. (2010488.47 ticks, tree = 28.61 MB, solutions = 5)
  18677  8364       38.1300    39       39.0300       35.7000  3587266    8.53%
  18709  8383       35.7045    52       39.0300       35.7000  3595792    8.53%
  18760  8417       37.7100    41       39.0300       35.7000  3605386    8.53%
  18793  8435       35.7000    58       39.0300       35.7000  3613832    8.53%
  18856  8469       35.8800    48       39.0300       35.7000  3623438    8.53%
  18901  8494       38.6800    23       39.0300       35.7000  3633001    8.53%
  18952  8511       38.8123    37       39.0300       35.7000  3642824    8.53%
  19005  8540       35.7011    49       39.0300       35.7000  3651664    8.53%
  19059  8570        cutoff             39.0300       35.7000  3661303    8.53%
  19116  8609       35.7010    39       39.0300       35.7000  3670237    8.53%
Elapsed time = 1611.14 sec. (2049498.21 ticks, tree = 29.41 MB, solutions = 5)
  19153  8632       35.7000    50       39.0300       35.7000  3678699    8.53%
  19180  8654       35.8812    44       39.0300       35.7000  3681984    8.53%
  19229  8685       37.2214    42       39.0300       35.7000  3690975    8.53%
  19268  8709       38.3975    31       39.0300       35.7000  3698950    8.53%
  19314  8734       38.5010    26       39.0300       35.7000  3707442    8.53%
  19355  8743       35.7000    50       39.0300       35.7000  3715320    8.53%
  19402  8772       35.7051    47       39.0300       35.7000  3724267    8.53%
  19454  8796    infeasible             39.0300       35.7000  3733174    8.53%
  19498  8815       35.7035    61       39.0300       35.7000  3740957    8.53%
  19548  8838       38.3209    37       39.0300       35.7000  3749795    8.53%
Elapsed time = 1643.98 sec. (2090542.75 ticks, tree = 30.07 MB, solutions = 5)
  19597  8865       38.9900    36       39.0300       35.7000  3759065    8.53%
  19633  8878       35.7000    48       39.0300       35.7000  3768139    8.53%
  19686  8905       35.7000    53       39.0300       35.7000  3777400    8.53%
  19723  8924       35.7040    51       39.0300       35.7000  3787151    8.53%
  19760  8953       36.0400    50       39.0300       35.7000  3793109    8.53%
  19796  8980       35.7159    55       39.0300       35.7000  3799361    8.53%
  19835  9009       38.5000    42       39.0300       35.7000  3806087    8.53%
  19873  9024       37.1363    43       39.0300       35.7000  3814872    8.53%
  19908  9040       36.3580    49       39.0300       35.7000  3821732    8.53%
  19946  9065       35.7010    51       39.0300       35.7000  3828762    8.53%
Elapsed time = 1676.04 sec. (2129479.71 ticks, tree = 30.87 MB, solutions = 5)
  19980  9096       35.9383    42       39.0300       35.7000  3835480    8.53%
  20014  9116       35.7000    45       39.0300       35.7000  3844957    8.53%
  20062  9153       38.6800    33       39.0300       35.7000  3853145    8.53%
  20089  9166       35.7000    44       39.0300       35.7000  3861095    8.53%
  20128  9187       35.7335    51       39.0300       35.7000  3869271    8.53%
  20164  9207       35.7000    52       39.0300       35.7000  3876838    8.53%
  20205  9239       38.5758    35       39.0300       35.7000  3883973    8.53%
  20250  9268       35.7325    49       39.0300       35.7000  3891699    8.53%
  20282  9288       37.7892    37       39.0300       35.7000  3898907    8.53%
  20325  9314       35.7000    47       39.0300       35.7000  3905831    8.53%
Elapsed time = 1711.32 sec. (2171542.21 ticks, tree = 31.74 MB, solutions = 5)
  20360  9331       37.1810    45       39.0300       35.7000  3913685    8.53%
  20389  9342       35.7000    43       39.0300       35.7000  3922029    8.53%
  20432  9376       37.7919    38       39.0300       35.7000  3930464    8.53%
  20464  9387       35.7542    48       39.0300       35.7000  3939270    8.53%
  20495  9406       35.7626    49       39.0300       35.7000  3947064    8.53%
  20535  9425       35.8065    36       39.0300       35.7000  3955197    8.53%
  20567  9441       35.7000    46       39.0300       35.7000  3963436    8.53%
  20587  9454       38.6064    34       39.0300       35.7000  3965361    8.53%
  20628  9476       37.9710    37       39.0300       35.7000  3973706    8.53%
  20664  9494       38.5700    22       39.0300       35.7000  3982530    8.53%
Elapsed time = 1743.84 sec. (2210202.31 ticks, tree = 32.40 MB, solutions = 5)
  20684  9504       37.5412    42       39.0300       35.7000  3989596    8.53%
  20715  9521       35.7000    64       39.0300       35.7000  3996380    8.53%
  20773  9535       35.7000    54       39.0300       35.7000  4004396    8.53%
  20803  9540       35.8800    49       39.0300       35.7000  4013766    8.53%
  20834  9548       35.7000    50       39.0300       35.7000  4021482    8.53%
  20910  9600       35.9043    49       39.0300       35.7000  4028553    8.53%
  20974  9629       35.7000    51       39.0300       35.7000  4036096    8.53%
  21038  9668       35.7010    55       39.0300       35.7000  4044167    8.53%
  21079  9680    infeasible             39.0300       35.7000  4052431    8.53%
  21101  9690       35.7256    60       39.0300       35.7000  4058794    8.53%
Elapsed time = 1775.42 sec. (2249081.25 ticks, tree = 32.98 MB, solutions = 5)
  21149  9721       35.7010    53       39.0300       35.7000  4066426    8.53%
  21199  9750       35.8800    43       39.0300       35.7000  4075764    8.53%
  21242  9777       35.7045    52       39.0300       35.7000  4084004    8.53%
  21280  9810       37.1834    47       39.0300       35.7000  4090447    8.53%
  21325  9844       38.5000    22       39.0300       35.7000  4098199    8.53%
  21348  9855       35.7021    46       39.0300       35.7000  4105354    8.53%
  21398  9881       35.7022    46       39.0300       35.7000  4114085    8.53%
  21439  9905       35.8800    44       39.0300       35.7000  4120773    8.53%
  21482  9932       38.5700    32       39.0300       35.7000  4129234    8.53%
  21529  9962       37.7110    33       39.0300       35.7000  4137457    8.53%
Elapsed time = 1809.96 sec. (2291278.40 ticks, tree = 33.77 MB, solutions = 5)
  21565  9978       37.2154    42       39.0300       35.7000  4144905    8.53%
  21616 10017       38.1500    27       39.0300       35.7000  4153075    8.53%
  21645 10035       35.7000    54       39.0300       35.7000  4162624    8.53%
  21700 10069       38.1424    44       39.0300       35.7000  4170419    8.53%
  21749 10100       35.7325    48       39.0300       35.7000  4178456    8.53%
  21826 10156       36.3068    44       39.0300       35.7000  4186966    8.53%
  21885 10196       35.7000    50       39.0300       35.7000  4195943    8.53%
  21929 10223       35.7010    50       39.0300       35.7000  4204909    8.53%
  21977 10262       38.3210    39       39.0300       35.7000  4213426    8.53%
  22018 10287       38.1300    21       39.0300       35.7000  4220768    8.53%
Elapsed time = 1843.23 sec. (2330469.98 ticks, tree = 34.72 MB, solutions = 5)
  22080 10322    infeasible             39.0300       35.7000  4230491    8.53%
  22128 10348       37.7800    44       39.0300       35.7000  4239024    8.53%
  22166 10370       36.3000    44       39.0300       35.7000  4246889    8.53%
  22180 10379       35.9091    52       39.0300       35.7000  4250466    8.53%
  22239 10414       35.7000    44       39.0300       35.7000  4259271    8.53%
  22288 10443       36.3000    52       39.0300       35.7000  4267129    8.53%
  22318 10459       38.7500    21       39.0300       35.7000  4275301    8.53%
  22360 10483       35.7022    50       39.0300       35.7000  4282857    8.53%
  22416 10524       36.3000    37       39.0300       35.7000  4290463    8.53%
  22456 10553       38.3400    18       39.0300       35.7000  4298584    8.53%
Elapsed time = 1875.93 sec. (2370524.16 ticks, tree = 35.63 MB, solutions = 5)
  22508 10585       35.7000    49       39.0300       35.7000  4305998    8.53%
  22547 10616    infeasible             39.0300       35.7000  4313967    8.53%
  22606 10655       36.3000    43       39.0300       35.7000  4321175    8.53%
  22657 10689       35.8352    45       39.0300       35.7000  4329417    8.53%
  22719 10732       36.9102    57       39.0300       35.7000  4338165    8.53%
  22759 10760       35.7000    50       39.0300       35.7000  4347011    8.53%
  22794 10785       35.7010    49       39.0300       35.7000  4355272    8.53%
  22826 10801       35.7000    49       39.0300       35.7000  4364705    8.53%
  22876 10832       35.7000    45       39.0300       35.7000  4372717    8.53%
  22918 10857       37.3740    46       39.0300       35.7000  4380605    8.53%
Elapsed time = 1908.65 sec. (2409106.21 ticks, tree = 36.52 MB, solutions = 5)
  22964 10881       35.7000    50       39.0300       35.7000  4388362    8.53%
  23013 10916       37.3695    40       39.0300       35.7000  4392840    8.53%
  23047 10932       36.3000    42       39.0300       35.7000  4401799    8.53%
  23083 10938    infeasible             39.0300       35.7000  4411678    8.53%
  23130 10966       35.7000    52       39.0300       35.7000  4420394    8.53%
  23179 10993       35.7000    63       39.0300       35.7000  4428850    8.53%
  23224 11029       36.3000    45       39.0300       35.7000  4437932    8.53%
  23258 11051       38.1394    46       39.0300       35.7000  4446590    8.53%
  23293 11068       35.7000    47       39.0300       35.7000  4454325    8.53%
  23324 11075       36.3000    33       39.0300       35.7000  4462336    8.53%
Elapsed time = 1941.29 sec. (2448132.19 ticks, tree = 37.16 MB, solutions = 5)
  23374 11096       35.7045    48       39.0300       35.7000  4470331    8.53%
  23380 11100       36.3605    46       39.0300       35.7000  4471713    8.53%
  23425 11130    infeasible             39.0300       35.7000  4479883    8.53%
  23460 11148    infeasible             39.0300       35.7000  4487275    8.53%
  23503 11174       39.0000    11       39.0300       35.7000  4494636    8.53%
  23542 11190       37.1990    35       39.0300       35.7000  4502015    8.53%
  23577 11211       36.5208    46       39.0300       35.7000  4510213    8.53%
  23632 11243       37.1800    43       39.0300       35.7000  4518903    8.53%
  23666 11261       38.1422    46       39.0300       35.7000  4527500    8.53%
  23699 11274       35.7309    50       39.0300       35.7000  4535121    8.53%
Elapsed time = 1973.93 sec. (2487618.72 ticks, tree = 37.74 MB, solutions = 5)
  23737 11295       38.5367    36       39.0300       35.7000  4543260    8.53%
  23789 11324       35.7000    52       39.0300       35.7000  4550990    8.53%
  23849 11374       35.7089    50       39.0300       35.7000  4559541    8.53%
  23886 11395       37.1810    46       39.0300       35.7000  4569457    8.53%
  23937 11430       35.7098    46       39.0300       35.7000  4578485    8.53%
  23980 11456       36.3000    43       39.0300       35.7000  4588857    8.53%
  24026 11492       37.7100    35       39.0300       35.7000  4597250    8.53%
  24064 11520       35.9116    42       39.0300       35.7000  4606730    8.53%
  24100 11540       38.9200    33       39.0300       35.7000  4615909    8.53%
  24153 11569       35.7000    51       39.0300       35.7000  4624699    8.53%
Elapsed time = 2006.22 sec. (2526395.23 ticks, tree = 38.60 MB, solutions = 5)
  24180 11587       37.7817    49       39.0300       35.7000  4629690    8.53%
  24223 11621       37.7817    43       39.0300       35.7000  4637201    8.53%
  24250 11632        cutoff             39.0300       35.7000  4645674    8.53%
  24275 11648       37.7817    43       39.0300       35.7000  4651197    8.53%
  24307 11672       38.2225    36       39.0300       35.7000  4658766    8.53%
  24337 11688       35.8268    61       39.0300       35.7000  4666442    8.53%
  24377 11715       36.7202    52       39.0300       35.7000  4674112    8.53%
  24424 11733       35.7000    55       39.0300       35.7000  4681007    8.53%
  24480 11773       37.1887    41       39.0300       35.7000  4688301    8.53%
  24535 11811       35.8225    55       39.0300       35.7000  4695291    8.53%
Elapsed time = 2040.18 sec. (2566856.06 ticks, tree = 39.30 MB, solutions = 5)
  24597 11851       38.3354    38       39.0300       35.7000  4703611    8.53%
  24660 11884       38.8900    25       39.0300       35.7000  4711012    8.53%
  24710 11903        cutoff             39.0300       35.7000  4719377    8.53%
  24774 11943       38.5035    51       39.0300       35.7000  4726980    8.53%
  24808 11962        cutoff             39.0300       35.7000  4735256    8.53%
  24842 11970       35.7155    54       39.0300       35.7000  4742723    8.53%
  24880 11997       36.6538    42       39.0300       35.7000  4747637    8.53%
  24957 12044       35.7000    50       39.0300       35.7000  4755388    8.53%
  25014 12089       38.3334    42       39.0300       35.7000  4763658    8.53%
  25055 12116    infeasible             39.0300       35.7000  4772787    8.53%
Elapsed time = 2075.79 sec. (2608984.54 ticks, tree = 40.19 MB, solutions = 5)
  25094 12145       38.6800    35       39.0300       35.7000  4781501    8.53%
  25120 12163       38.5700    27       39.0300       35.7000  4789361    8.53%
  25154 12177    infeasible             39.0300       35.7000  4797145    8.53%
  25187 12194    infeasible             39.0300       35.7000  4806320    8.53%
  25224 12221    infeasible             39.0300       35.7000  4813571    8.53%
  25274 12260       36.8903    64       39.0300       35.7000  4821148    8.53%
  25313 12287       37.3672    53       39.0300       35.7000  4829688    8.53%
  25347 12311       37.9535    40       39.0300       35.7000  4837607    8.53%
  25374 12328       37.3600    46       39.0300       35.7000  4845869    8.53%
  25402 12348       38.3400    29       39.0300       35.7000  4852706    8.53%
Elapsed time = 2108.54 sec. (2647835.58 ticks, tree = 40.86 MB, solutions = 5)
  25429 12371       38.6800    16       39.0300       35.7000  4861712    8.53%
  25463 12390       35.7194    46       39.0300       35.7000  4868977    8.53%
  25509 12415       35.7000    47       39.0300       35.7000  4876403    8.53%
  25546 12441       37.7116    43       39.0300       35.7000  4885123    8.53%
  25606 12471       38.0589    62       39.0300       35.7000  4892746    8.53%
  25639 12492       36.3000    36       39.0300       35.7000  4901128    8.53%
  25669 12512       38.9200    43       39.0300       35.7000  4910217    8.53%
  25695 12522       35.7000    52       39.0300       35.7000  4919557    8.53%
  25727 12547       36.3000    39       39.0300       35.7000  4927760    8.53%
  25757 12560       37.7800    48       39.0300       35.7000  4937193    8.53%
Elapsed time = 2140.65 sec. (2687218.37 ticks, tree = 41.48 MB, solutions = 5)
  25780 12570       35.7020    46       39.0300       35.7000  4943902    8.53%
  25825 12600       35.7010    50       39.0300       35.7000  4951693    8.53%
  25873 12635       35.8800    42       39.0300       35.7000  4961572    8.53%
  25938 12680       38.5000    36       39.0300       35.7000  4970463    8.53%
  25976 12702       36.2867    52       39.0300       35.7000  4980263    8.53%
  26015 12724       35.8007    56       39.0300       35.7000  4990496    8.53%
  26046 12742       37.9739    45       39.0300       35.7000  4999656    8.53%
  26079 12756       35.7000    54       39.0300       35.7000  5008728    8.53%
  26120 12782       36.8760    45       39.0300       35.7000  5018308    8.53%
  26152 12794       35.7000    46       39.0300       35.7000  5026177    8.53%
Elapsed time = 2175.04 sec. (2729302.52 ticks, tree = 42.16 MB, solutions = 5)
  26208 12829       38.1620    36       39.0300       35.7000  5034670    8.53%
  26269 12863       35.7038    47       39.0300       35.7000  5043137    8.53%
  26306 12890    infeasible             39.0300       35.7000  5050662    8.53%
  26335 12908       35.7000    37       39.0300       35.7000  5057928    8.53%
  26371 12928       38.6800    36       39.0300       35.7000  5067737    8.53%
  26380 12929       35.7017    49       39.0300       35.7000  5070650    8.53%
  26418 12954        cutoff             39.0300       35.7000  5079234    8.53%
  26438 12962       37.3600    52       39.0300       35.7000  5087773    8.53%
  26480 12977       35.7026    50       39.0300       35.7000  5094634    8.53%
  26527 13007       36.5966    45       39.0300       35.7000  5102405    8.53%
Elapsed time = 2207.58 sec. (2769624.92 ticks, tree = 42.78 MB, solutions = 5)
  26581 13040       35.7302    62       39.0300       35.7000  5110123    8.53%
  26634 13073       35.7000    46       39.0300       35.7000  5118270    8.53%
  26683 13101    infeasible             39.0300       35.7000  5127523    8.53%
  26728 13127       37.7817    41       39.0300       35.7000  5136120    8.53%
  26789 13158       37.6060    45       39.0300       35.7000  5144337    8.53%
  26832 13184       37.7739    37       39.0300       35.7000  5153694    8.53%
  26881 13212       35.7643    60       39.0300       35.7000  5162304    8.53%
  26942 13255       37.9747    38       39.0300       35.7000  5171105    8.53%
  26988 13279       36.0568    42       39.0300       35.7000  5180522    8.53%
  27044 13312       35.7017    52       39.0300       35.7000  5188902    8.53%
Elapsed time = 2239.33 sec. (2808317.32 ticks, tree = 43.68 MB, solutions = 5)
  27094 13344       37.5318    44       39.0300       35.7000  5198455    8.53%
  27156 13385       37.1984    46       39.0300       35.7000  5207161    8.53%
  27193 13409       37.8966    32       39.0300       35.7000  5214885    8.53%
  27229 13431       38.4210    33       39.0300       35.7000  5224415    8.53%
  27278 13466       35.7017    51       39.0300       35.7000  5232961    8.53%
  27316 13492       35.7000    52       39.0300       35.7000  5238429    8.53%
  27360 13523       35.7000    49       39.0300       35.7000  5245812    8.53%
  27393 13542       37.7145    36       39.0300       35.7000  5253625    8.53%
  27432 13552       35.7100    50       39.0300       35.7000  5261707    8.53%
  27482 13580       36.3000    45       39.0300       35.7000  5269818    8.53%
Elapsed time = 2271.09 sec. (2847292.59 ticks, tree = 44.46 MB, solutions = 5)
  27512 13598       37.3649    41       39.0300       35.7000  5277044    8.53%
  27550 13624       36.3000    42       39.0300       35.7000  5285728    8.53%
  27581 13638       35.7000    58       39.0300       35.7000  5294017    8.53%
  27641 13682       37.3671    30       39.0300       35.7000  5301243    8.53%
  27679 13701       37.3654    46       39.0300       35.7000  5308671    8.53%
  27711 13721       37.1983    45       39.0300       35.7000  5313375    8.53%
  27767 13744       37.1883    43       39.0300       35.7000  5321112    8.53%
  27808 13764       35.8359    52       39.0300       35.7000  5329077    8.53%
  27871 13796       38.8965    25       39.0300       35.7000  5336246    8.53%
  27904 13807       35.7288    53       39.0300       35.7000  5343120    8.53%
Elapsed time = 2303.58 sec. (2885844.69 ticks, tree = 45.12 MB, solutions = 5)
  27960 13850       35.7153    51       39.0300       35.7000  5351281    8.53%
  28005 13877       35.7000    48       39.0300       35.7000  5360361    8.53%
  28053 13908       35.7198    56       39.0300       35.7000  5369622    8.53%
  28080 13926       37.1809    41       39.0300       35.7000  5372410    8.53%
  28124 13953       36.2632    63       39.0300       35.7000  5380694    8.53%
  28172 13980       37.3600    58       39.0300       35.7000  5389488    8.53%
  28211 14008       37.7461    42       39.0300       35.7000  5397847    8.53%
  28249 14023       35.7957    59       39.0300       35.7000  5405773    8.53%
  28280 14038       35.7609    65       39.0300       35.7000  5412482    8.53%
  28337 14065       35.8886    40       39.0300       35.7000  5418448    8.53%
Elapsed time = 2335.62 sec. (2925753.52 ticks, tree = 45.88 MB, solutions = 5)
  28383 14095       36.3000    45       39.0300       35.7000  5427095    8.53%
  28416 14114       35.7000    48       39.0300       35.7000  5435933    8.53%
  28441 14128       38.5700    33       39.0300       35.7000  5445097    8.53%
  28470 14142       36.5167    35       39.0300       35.7000  5452649    8.53%
  28492 14156       38.9200    33       39.0300       35.7000  5460059    8.53%
  28524 14178       38.5012    29       39.0300       35.7000  5467318    8.53%
  28568 14207       38.1500    37       39.0300       35.7000  5474899    8.53%
  28590 14221       37.7800    31       39.0300       35.7000  5482527    8.53%
  28628 14248       38.6811    28       39.0300       35.7000  5491158    8.53%
  28652 14254    infeasible             39.0300       35.7000  5499412    8.53%
Elapsed time = 2367.97 sec. (2964540.60 ticks, tree = 46.43 MB, solutions = 5)
  28692 14276       37.2347    37       39.0300       35.7000  5507236    8.53%
  28734 14298       35.7000    50       39.0300       35.7000  5514175    8.53%
  28766 14320       35.7000    40       39.0300       35.7000  5522499    8.53%
  28780 14322       35.7647    45       39.0300       35.7000  5528054    8.53%
  28817 14339       35.7000    43       39.0300       35.7000  5535798    8.53%
  28850 14354       37.8096    41       39.0300       35.7000  5544240    8.53%
  28881 14374       35.9116    49       39.0300       35.7000  5552502    8.53%
  28921 14397       37.2784    39       39.0300       35.7000  5560561    8.53%
  28959 14412       38.5700    35       39.0300       35.7000  5568967    8.53%
  28997 14440       38.9200    30       39.0300       35.7000  5578239    8.53%
Elapsed time = 2402.82 sec. (3006414.27 ticks, tree = 46.97 MB, solutions = 5)
  29035 14459       35.7891    58       39.0300       35.7000  5586338    8.53%
  29080 14484       37.3711    41       39.0300       35.7000  5594442    8.53%
  29118 14507       37.8249    44       39.0300       35.7000  5601384    8.53%
  29157 14519       35.7978    51       39.0300       35.7000  5608247    8.53%
  29203 14547       37.8039    35       39.0300       35.7000  5616693    8.53%
  29249 14568        cutoff             39.0300       35.7000  5625665    8.53%
  29287 14593       36.8764    67       39.0300       35.7000  5633043    8.53%
  29347 14626       35.7345    44       39.0300       35.7000  5639597    8.53%
  29386 14647       35.7011    54       39.0300       35.7000  5648312    8.53%
  29425 14673       38.7300    32       39.0300       35.7000  5657081    8.53%
Elapsed time = 2434.44 sec. (3045358.15 ticks, tree = 47.65 MB, solutions = 5)
  29449 14688       35.9563    51       39.0300       35.7000  5662954    8.53%
  29483 14702       35.7000    44       39.0300       35.7000  5670064    8.53%
  29517 14712       36.4938    52       39.0300       35.7000  5676921    8.53%
  29549 14729       37.1953    52       39.0300       35.7000  5683999    8.53%
  29573 14743       35.7900    56       39.0300       35.7000  5690017    8.53%
  29583 14747       35.7000    51       39.0300       35.7000  5691906    8.53%
  29615 14762       35.7093    59       39.0300       35.7000  5697997    8.53%
  29657 14789       36.0397    56       39.0300       35.7000  5705397    8.53%
  29696 14805       35.7000    61       39.0300       35.7000  5712600    8.53%
  29756 14839       36.0084    51       39.0300       35.7000  5721083    8.53%
Elapsed time = 2464.11 sec. (3084718.30 ticks, tree = 48.14 MB, solutions = 5)
  29801 14868       39.0000    19       39.0300       35.7000  5728882    8.53%
  29850 14891       35.8439    51       39.0300       35.7000  5737115    8.53%
  29922 14930       37.2309    53       39.0300       35.7000  5746071    8.53%
  29981 14965       35.7000    51       39.0300       35.7000  5754301    8.53%
  30039 15002       37.6800    35       39.0300       35.7000  5762696    8.53%
  30085 15030       38.4700    29       39.0300       35.7000  5772756    8.53%
  30144 15067       37.6800    39       39.0300       35.7000  5781293    8.53%
  30203 15099       36.2000    36       39.0300       35.7000  5790329    8.53%
  30238 15112       35.7000    55       39.0300       35.7000  5797839    8.53%
  30291 15146    infeasible             39.0300       35.7000  5805297    8.53%
Elapsed time = 2492.66 sec. (3123536.04 ticks, tree = 49.04 MB, solutions = 5)
  30360 15183       35.7088    48       39.0300       35.7000  5813635    8.53%
  30391 15200       35.7000    47       39.0300       35.7000  5819103    8.53%
  30439 15223       37.6800    26       39.0300       35.7000  5829371    8.53%
  30493 15245       35.7000    54       39.0300       35.7000  5838705    8.53%
  30550 15280       35.7415    38       39.0300       35.7000  5847648    8.53%
  30601 15308       35.7000    53       39.0300       35.7000  5856772    8.53%
  30664 15339       38.6838    31       39.0300       35.7000  5866154    8.53%
  30698 15358       38.4700    37       39.0300       35.7000  5874004    8.53%
  30746 15386       38.8200    21       39.0300       35.7000  5882471    8.53%
  30791 15398       38.1913    37       39.0300       35.7000  5891159    8.53%
Elapsed time = 2523.49 sec. (3162578.24 ticks, tree = 49.78 MB, solutions = 5)
  30846 15429       35.7106    44       39.0300       35.7000  5899463    8.53%
  30895 15448       35.7238    49       39.0300       35.7000  5908149    8.53%
  30942 15465       37.5813    32       39.0300       35.7000  5918772    8.53%
  30980 15484       35.9213    37       39.0300       35.7000  5926291    8.53%
  31027 15509       38.8200    33       39.0300       35.7000  5936125    8.53%
  31072 15529       35.7063    43       39.0300       35.7000  5945472    8.53%
  31127 15558       35.7154    53       39.0300       35.7000  5955226    8.53%
  31179 15587       37.7513    49       39.0300       35.7000  5965466    8.53%
  31228 15610       38.8200    37       39.0300       35.7000  5974345    8.53%
  31268 15626       35.7154    45       39.0300       35.7000  5983534    8.53%
Elapsed time = 2555.91 sec. (3202280.99 ticks, tree = 50.44 MB, solutions = 5)
  31285 15635    infeasible             39.0300       35.7000  5986642    8.53%
  31337 15658       35.7482    38       39.0300       35.7000  5996229    8.53%
  31375 15681       38.7260    32       39.0300       35.7000  6005223    8.53%
  31442 15705       35.7089    59       39.0300       35.7000  6014952    8.53%
  31481 15722       35.7592    49       39.0300       35.7000  6022675    8.53%
  31533 15747       35.7018    45       39.0300       35.7000  6032135    8.53%
  31591 15775       38.8200    27       39.0300       35.7000  6041192    8.53%
  31631 15803       38.3893    50       39.0300       35.7000  6048921    8.53%
  31686 15829       35.7000    84       39.0300       35.7000  6054736    8.53%
  31700 15843       35.8600    53       39.0300       35.7000  6057659    8.53%
Elapsed time = 2586.61 sec. (3241682.39 ticks, tree = 51.08 MB, solutions = 5)
  31720 15857       37.5200    40       39.0300       35.7000  6061823    8.53%
  31759 15878       35.9098    46       39.0300       35.7000  6068356    8.53%
  31817 15909       35.9265    34       39.0300       35.7000  6075425    8.53%
  31873 15928       36.1108    51       39.0300       35.7000  6082630    8.53%
  31917 15955       35.7000    46       39.0300       35.7000  6090624    8.53%
  31970 15991       38.6916    31       39.0300       35.7000  6099354    8.53%
  31980 15996       35.7000    46       39.0300       35.7000  6101515    8.53%
  32020 16024       35.9102    44       39.0300       35.7000  6110628    8.53%
  32055 16034       35.9776    39       39.0300       35.7000  6119830    8.53%
  32088 16042       37.9700    50       39.0300       35.7000  6128813    8.53%
Elapsed time = 2619.45 sec. (3282609.73 ticks, tree = 51.66 MB, solutions = 5)
  32121 16062       37.7800    47       39.0300       35.7000  6137641    8.53%
  32151 16077       35.7000    42       39.0300       35.7000  6147402    8.53%
  32190 16082       36.3000    31       39.0300       35.7000  6157812    8.53%
  32231 16087       35.7000    49       39.0300       35.7000  6167659    8.53%
  32293 16124       37.1817    42       39.0300       35.7000  6174952    8.53%
  32335 16148       35.7000    35       39.0300       35.7000  6183019    8.53%
  32366 16167       38.5000    33       39.0300       35.7000  6192188    8.53%
  32405 16185       37.2177    38       39.0300       35.7000  6200176    8.53%
  32449 16211       35.9116    45       39.0300       35.7000  6207908    8.53%
  32480 16227       35.7000    48       39.0300       35.7000  6216182    8.53%
Elapsed time = 2652.51 sec. (3321307.42 ticks, tree = 52.20 MB, solutions = 5)
  32516 16251       38.9200    38       39.0300       35.7000  6225152    8.53%
  32550 16269       37.6059    47       39.0300       35.7000  6233217    8.53%
  32592 16289    infeasible             39.0300       35.7000  6241625    8.53%
  32617 16301       36.3000    47       39.0300       35.7000  6248818    8.53%
  32636 16312       35.7000    62       39.0300       35.7000  6256159    8.53%
  32678 16313       35.7000    53       39.0300       35.7000  6263321    8.53%
  32720 16341       38.5000    32       39.0300       35.7000  6271807    8.53%
  32755 16358       37.5436    42       39.0300       35.7000  6280430    8.53%
  32788 16372       35.7000    52       39.0300       35.7000  6288793    8.53%
  32821 16394       35.7040    59       39.0300       35.7000  6298461    8.53%
Elapsed time = 2684.80 sec. (3360591.82 ticks, tree = 53.50 MB, solutions = 5)
  32872 16421       35.7000    51       39.0300       35.7000  6305751    8.53%
  32916 16441       38.8079    45       39.0300       35.7000  6315328    8.53%
  32971 16467        cutoff             39.0300       35.7000  6324537    8.53%
  32992 16476    infeasible             39.0300       35.7000  6330141    8.53%
  33027 16481       35.7000    57       39.0300       35.7000  6337621    8.53%
  33064 16500       38.1506    37       39.0300       35.7000  6345490    8.53%
  33097 16524       37.3600    51       39.0300       35.7000  6353709    8.53%
  33131 16548       38.6800    29       39.0300       35.7000  6362593    8.53%
  33171 16566       35.7335    52       39.0300       35.7000  6370364    8.53%
  33230 16595       35.7001    51       39.0300       35.7000  6378078    8.53%
Elapsed time = 2715.62 sec. (3399389.56 ticks, tree = 54.09 MB, solutions = 5)
  33287 16629       37.3600    49       39.0300       35.7000  6386058    8.53%
  33323 16653        cutoff             39.0300       35.7000  6395859    8.53%
  33359 16677       38.5010    42       39.0300       35.7000  6405197    8.53%
  33380 16685       35.7000    42       39.0300       35.7000  6409704    8.53%
  33423 16697       36.1899    57       39.0300       35.7000  6418483    8.53%
  33466 16720       38.1300    36       39.0300       35.7000  6427950    8.53%
  33503 16738       35.7000    38       39.0300       35.7000  6437872    8.53%
  33541 16765        cutoff             39.0300       35.7000  6445904    8.53%
  33587 16786       35.7010    45       39.0300       35.7000  6455123    8.53%
  33624 16809       36.0432    47       39.0300       35.7000  6463373    8.53%
Elapsed time = 2749.53 sec. (3440554.83 ticks, tree = 54.72 MB, solutions = 5)
  33672 16839       38.2761    37       39.0300       35.7000  6472764    8.53%
  33707 16845    infeasible             39.0300       35.7000  6481653    8.53%
  33733 16860       38.9200    28       39.0300       35.7000  6488453    8.53%
  33760 16873       35.7000    44       39.0300       35.7000  6497232    8.53%
  33799 16889       37.3600    41       39.0300       35.7000  6505832    8.53%
  33828 16902       37.9700    34       39.0300       35.7000  6513011    8.53%
  33865 16921       35.7000    49       39.0300       35.7000  6520598    8.53%
  33902 16928    infeasible             39.0300       35.7000  6528668    8.53%
  33944 16945       36.3000    42       39.0300       35.7000  6537190    8.53%
  33985 16962    infeasible             39.0300       35.7000  6546479    8.53%
Elapsed time = 2782.57 sec. (3479639.48 ticks, tree = 55.31 MB, solutions = 5)
  34031 16974       35.7000    44       39.0300       35.7000  6554596    8.53%
  34071 16976        cutoff             39.0300       35.7000  6563056    8.53%
  34106 16993       35.7000    51       39.0300       35.7000  6572426    8.53%
  34149 17010       38.3210    29       39.0300       35.7000  6581004    8.53%
  34180 17024       36.3061    56       39.0300       35.7000  6587263    8.53%
  34228 17045       35.8232    51       39.0300       35.7000  6596580    8.53%
  34265 17066       35.7010    38       39.0300       35.7000  6605954    8.53%
  34300 17089       37.5632    35       39.0300       35.7000  6613707    8.53%
  34336 17107       35.7700    34       39.0300       35.7000  6622009    8.53%
  34373 17126       37.1816    41       39.0300       35.7000  6631090    8.53%
Elapsed time = 2816.61 sec. (3519462.82 ticks, tree = 55.79 MB, solutions = 5)
  34411 17146       35.7000    46       39.0300       35.7000  6639533    8.53%
  34446 17170       36.3460    41       39.0300       35.7000  6649523    8.53%
  34480 17192       38.6800    29       39.0300       35.7000  6657235    8.53%
  34518 17214       38.3210    37       39.0300       35.7000  6666621    8.53%
  34570 17239       36.9186    41       39.0300       35.7000  6675337    8.53%
  34598 17252    infeasible             39.0300       35.7000  6683755    8.53%
  34626 17269       37.5758    43       39.0300       35.7000  6692347    8.53%
  34664 17288       38.5700    31       39.0300       35.7000  6701031    8.53%
  34680 17297       38.5000    35       39.0300       35.7000  6704866    8.53%
  34708 17308       37.5548    53       39.0300       35.7000  6714072    8.53%
Elapsed time = 2849.95 sec. (3559404.92 ticks, tree = 56.32 MB, solutions = 5)
  34740 17320       35.7038    53       39.0300       35.7000  6720669    8.53%
  34788 17351       35.7000    57       39.0300       35.7000  6728559    8.53%
  34825 17378       38.7566    25       39.0300       35.7000  6736776    8.53%
  34873 17408       37.6802    39       39.0300       35.7000  6745189    8.53%
  34920 17444       38.6800    21       39.0300       35.7000  6753017    8.53%
  34966 17474       35.7010    38       39.0300       35.7000  6761526    8.53%
  35006 17495       35.7000    51       39.0300       35.7000  6771013    8.53%
  35047 17528       38.7100    10       39.0300       35.7000  6780548    8.53%
  35096 17562       37.3610    24       39.0300       35.7000  6790311    8.53%
  35150 17600       37.6010    28       39.0300       35.7000  6799782    8.53%
Elapsed time = 2881.26 sec. (3598205.74 ticks, tree = 57.18 MB, solutions = 5)
  35181 17617       37.9600    29       39.0300       35.7000  6809457    8.53%
  35220 17643       38.8650     9       39.0300       35.7000  6818664    8.53%
  35267 17676       37.5369    45       39.0300       35.7000  6828615    8.53%
  35280 17685       37.7800    38       39.0300       35.7000  6832307    8.53%
  35310 17705       38.5000    29       39.0300       35.7000  6841405    8.53%
  35348 17726       37.7309    33       39.0300       35.7000  6849168    8.53%
  35404 17750       37.7800    39       39.0300       35.7000  6858142    8.53%
  35453 17771       35.7046    43       39.0300       35.7000  6868424    8.53%
  35488 17798       35.9408    37       39.0300       35.7000  6877961    8.53%
  35520 17820       37.8917    37       39.0300       35.7000  6887639    8.53%
Elapsed time = 2914.27 sec. (3637750.94 ticks, tree = 57.96 MB, solutions = 5)
  35569 17850       38.5000    27       39.0300       35.7000  6897098    8.53%
  35603 17872       38.5319    18       39.0300       35.7000  6906170    8.53%
  35637 17890       35.9674    37       39.0300       35.7000  6914296    8.53%
  35670 17912       38.6800    19       39.0300       35.7000  6923313    8.53%
  35705 17933       35.7015    38       39.0300       35.7000  6931724    8.53%
  35737 17955       38.6800    26       39.0300       35.7000  6939853    8.53%
  35779 17976       35.8052    38       39.0300       35.7000  6947143    8.53%
  35792 17979       37.1800    41       39.0300       35.7000  6950345    8.53%
  35839 18012       38.6294    26       39.0300       35.7000  6958205    8.53%
  35879 18038       35.7168    43       39.0300       35.7000  6966795    8.53%
Elapsed time = 2947.12 sec. (3677072.62 ticks, tree = 58.60 MB, solutions = 5)
  35923 18064       37.7800    40       39.0300       35.7000  6976445    8.53%
  35957 18078       35.7000    38       39.0300       35.7000  6985822    8.53%
  35996 18101       35.7335    49       39.0300       35.7000  6994283    8.53%
  36046 18136       38.9200    19       39.0300       35.7000  7001954    8.53%
  36072 18150       35.8227    48       39.0300       35.7000  7011800    8.53%
  36115 18173       36.3015    34       39.0300       35.7000  7021182    8.53%
  36164 18202       37.5992    42       39.0300       35.7000  7029751    8.53%
  36212 18223    infeasible             39.0300       35.7000  7038202    8.53%
  36253 18245       37.3600    49       39.0300       35.7000  7046978    8.53%
  36280 18262       37.7800    49       39.0300       35.7000  7053890    8.53%
Elapsed time = 2979.83 sec. (3716096.59 ticks, tree = 59.26 MB, solutions = 5)
  36319 18284       35.7000    58       39.0300       35.7000  7063652    8.53%
  36361 18312       35.7000    54       39.0300       35.7000  7072961    8.53%
  36407 18346       35.8800    47       39.0300       35.7000  7081132    8.53%
  36452 18368       35.7217    48       39.0300       35.7000  7090829    8.53%
  36486 18381       35.7000    46       39.0300       35.7000  7098891    8.53%
  36527 18404    infeasible             39.0300       35.7000  7108424    8.53%
  36560 18422       35.9119    47       39.0300       35.7000  7118457    8.53%
  36580 18438       38.3269    36       39.0300       35.7000  7123054    8.53%
  36615 18462       38.7100    18       39.0300       35.7000  7130339    8.53%
  36782 18566       37.7800    42       39.0300       35.7000  7162897    8.53%
Elapsed time = 3021.51 sec. (3767618.67 ticks, tree = 60.15 MB, solutions = 5)
  36929 18644       35.7000    52       39.0300       35.7000  7196249    8.53%
  37112 18749       38.5316    28       39.0300       35.7000  7230385    8.53%
  37280 18838       37.1489    48       39.0300       35.7000  7265541    8.53%
  37437 18897       36.0866    45       39.0300       35.7000  7301456    8.53%
  37640 18998        cutoff             39.0300       35.7000  7336044    8.53%
  37800 19074       38.9500    26       39.0300       35.7000  7369982    8.53%
  37944 19124       37.7800    34       39.0300       35.7000  7400466    8.53%
  38080 19200       35.7000    51       39.0300       35.7000  7431015    8.53%
  38283 19327       38.5449    32       39.0300       35.7000  7465985    8.53%
  38456 19428       35.7330    45       39.0300       35.7000  7499557    8.53%
Elapsed time = 3150.46 sec. (3923556.05 ticks, tree = 62.95 MB, solutions = 5)
  38630 19525       37.7100    36       39.0300       35.7000  7535167    8.53%
  38761 19598       35.8192    52       39.0300       35.7000  7564696    8.53%
  38920 19686       35.8085    52       39.0300       35.7000  7600645    8.53%
  39060 19766       38.5000    30       39.0300       35.7000  7634021    8.53%
  39178 19826       37.5603    35       39.0300       35.7000  7667721    8.53%
  39295 19886       37.3629    52       39.0300       35.7000  7701011    8.53%
  39420 19953       35.7010    49       39.0300       35.7000  7739256    8.53%
  39555 20032       35.7214    41       39.0300       35.7000  7774274    8.53%
  39683 20095       35.7904    49       39.0300       35.7000  7806695    8.53%
  39834 20184    infeasible             39.0300       35.7000  7841085    8.53%
Elapsed time = 3275.93 sec. (4077033.08 ticks, tree = 65.45 MB, solutions = 5)
  39978 20261       35.7176    43       39.0300       35.7000  7874519    8.53%
  40127 20347       36.6579    45       39.0300       35.7000  7906687    8.53%
  40279 20457       37.7890    41       39.0300       35.7000  7937121    8.53%
  40389 20523        cutoff             39.0300       35.7000  7962677    8.53%
  40505 20576       35.7017    46       39.0300       35.7000  7989257    8.53%
  40676 20672       37.7100    55       39.0300       35.7000  8023526    8.53%
  40802 20731       35.7010    49       39.0300       35.7000  8057896    8.53%
  40955 20827       35.7000    51       39.0300       35.7000  8094078    8.53%
  41080 20894       35.7000    45       39.0300       35.7000  8122422    8.53%
  41194 20947       37.1814    43       39.0300       35.7000  8150317    8.53%
Elapsed time = 3405.62 sec. (4235257.37 ticks, tree = 68.10 MB, solutions = 5)
  41290 21001       36.0672    57       39.0300       35.7000  8172101    8.53%
  41409 21063       37.8585    36       39.0300       35.7000  8203638    8.53%
  41560 21156       35.7042    53       39.0300       35.7000  8231046    8.53%
  41741 21262       38.1365    49       39.0300       35.7000  8269111    8.53%
  41920 21353       38.0210    44       39.0300       35.7000  8303741    8.53%
  42069 21424       37.2936    41       39.0300       35.7000  8327810    8.53%
  42186 21488       37.7853    38       39.0300       35.7000  8356143    8.53%
  42328 21573       38.2422    32       39.0300       35.7000  8390010    8.53%
  42455 21645       37.2604    46       39.0300       35.7000  8413770    8.53%
  42555 21702       38.1300    49       39.0300       35.7000  8439669    8.53%
Elapsed time = 3531.27 sec. (4388423.03 ticks, tree = 70.32 MB, solutions = 5)
  42680 21777       36.3517    49       39.0300       35.7000  8464994    8.53%
  42824 21830       35.7730    47       39.0300       35.7000  8504124    8.53%
  42980 21911       37.8471    46       39.0300       35.7000  8534624    8.53%
  43152 22017       35.8645    78       39.0300       35.7000  8567528    8.53%

GUB cover cuts applied:  11
Clique cuts applied:  71
Cover cuts applied:  108
Implied bound cuts applied:  3
Flow cuts applied:  16
Mixed integer rounding cuts applied:  58
Zero-half cuts applied:  5
Gomory fractional cuts applied:  4

Root node processing (before b&c):
  Real time             =    9.79 sec. (12034.40 ticks)
Sequential b&c:
  Real time             = 3590.21 sec. (4460366.41 ticks)
                          ------------
Total (root+branch&cut) = 3600.00 sec. (4472400.81 ticks)
