Version identifier: 22.1.0.0 | 2022-03-09 | 1a383f8ce
CPXPARAM_Read_DataCheck                          1
CPXPARAM_Threads                                 1
CPXPARAM_TimeLimit                               3600
Tried aggregator 2 times.
MIP Presolve eliminated 15630 rows and 3735 columns.
MIP Presolve modified 101651 coefficients.
Aggregator did 989 substitutions.
Reduced MIP has 21392 rows, 2176 columns, and 165357 nonzeros.
Reduced MIP has 1797 binaries, 0 generals, 0 SOSs, and 0 indicators.
Presolve time = 0.32 sec. (312.20 ticks)
Probing fixed 0 vars, tightened 1 bounds.
Probing time = 0.02 sec. (17.65 ticks)
Tried aggregator 1 time.
Detecting symmetries...
MIP Presolve modified 41 coefficients.
Reduced MIP has 21392 rows, 2176 columns, and 165357 nonzeros.
Reduced MIP has 1797 binaries, 0 generals, 0 SOSs, and 0 indicators.
Presolve time = 0.09 sec. (70.33 ticks)
Probing time = 0.01 sec. (10.77 ticks)
Clique table members: 7118.
MIP emphasis: balance optimality and feasibility.
MIP search method: dynamic search.
Parallel mode: none, using 1 thread.
Root relaxation solution time = 0.07 sec. (94.76 ticks)

        Nodes                                         Cuts/
   Node  Left     Objective  IInf  Best Integer    Best Bound    ItCnt     Gap

      0     0       28.5100   218                     28.5100      532         
      0     0       28.5100   123                   Cuts: 204      742         
      0     0       28.5100   142                  Cuts: 2334     1171         
      0     0       28.5100   112                    Cuts: 53     1342         
      0     0       28.5100   155                  Cuts: 2158     1774         
Detecting symmetries...
      0     2       28.5100    74                     28.5100     1774         
Elapsed time = 10.76 sec. (12662.44 ticks, tree = 0.01 MB, solutions = 0)
      1     3       28.5200   126                     28.5100     2540         
      5     7       28.5100    92                     28.5100     2971         
      9    11       30.2500   105                     28.5100     3572         
     16    18       30.1300   116                     28.5100     4382         
     20    22       28.5100   100                     28.5100     4819         
     25    27       28.7700   102                     28.5100     5550         
     30    32       29.2600    98                     28.5100     6175         
     38    40       28.5100   118                     28.5100     6851         
     43    45       28.5200    94                     28.5100     7409         
     64    64       29.7900    88                     28.5100     9835         
Elapsed time = 13.83 sec. (17652.83 ticks, tree = 1.93 MB, solutions = 0)
     79    77       28.8500    81                     28.5100    12203         
    100    98       28.5100    76                     28.5100    14595         
    120   116       28.5376    91                     28.5100    17618         
    124   120       28.5100    60                     28.5100    18785         
    133   129       30.5700    58                     28.5100    20440         
    143   139       28.5900    61                     28.5100    22555         
    156   150       28.5100    52                     28.5100    24877         
    160   154       28.5100    57                     28.5100    26348         
    167   159       28.5100    55                     28.5100    28746         
    172   164       28.5100    50                     28.5100    31416         
Elapsed time = 21.71 sec. (29659.25 ticks, tree = 3.32 MB, solutions = 0)
    178   170       28.5151    57                     28.5100    34202         
    182   174       28.5151    55                     28.5100    35250         
    188   180       31.3111    48                     28.5100    37704         
    198   190       28.5543    42                     28.5100    40522         
    206   198       28.5346    42                     28.5100    43967         
    209   201       28.5548    42                     28.5100    46461         
    215   205    infeasible                           28.5100    48614         
    220   205       28.5100    54                     28.5100    49782         
    231   216       28.5100    48                     28.5100    52275         
    240   225       28.5203    55                     28.5100    54797         
Elapsed time = 29.04 sec. (40286.60 ticks, tree = 5.25 MB, solutions = 0)
    249   234       28.5579    53                     28.5100    56882         
    258   243       29.8000    45                     28.5100    59737         
    263   248       30.4369    48                     28.5100    62589         
    269   254       29.8000    38                     28.5100    65177         
    276   261       29.8000    39                     28.5100    67525         
    284   268       29.8000    36                     28.5100    69865         
    292   274       32.5919    43                     28.5100    72570         
    300   280       30.1400    45                     28.5100    74850         
    306   286       29.8000    37                     28.5100    77904         
    315   293       30.1150    38                     28.5100    80533         
Elapsed time = 36.19 sec. (51005.05 ticks, tree = 7.72 MB, solutions = 0)
    320   298       29.8811    35                     28.5100    83579         
    327   299       30.7700    32                     28.5100    85592         
    334   306       30.8925    35                     28.5100    88437         
    346   312       28.5130    43                     28.5100    90199         
    352   316       30.5190    45                     28.5100    93944         
    358   316       28.5900    52                     28.5100    95554         
    369   327       28.5962    52                     28.5100    98029         
    378   336       28.6210    55                     28.5100   101264         
    380   338       29.2600    39                     28.5100   103595         
    383   341       29.2739    35                     28.5100   106332         
Elapsed time = 44.35 sec. (62633.73 ticks, tree = 9.61 MB, solutions = 0)
    389   341       29.8900    38                     28.5100   108541         
    399   347       30.0673    31                     28.5100   111479         
    405   347    infeasible                           28.5100   113961         
    411   349       28.5100    44                     28.5100   116310         
    419   357       28.5100    44                     28.5100   118831         
    429   359       28.5100    46                     28.5100   121237         
    434   363       28.5100    38                     28.5100   123900         
    440   368       28.8269    40                     28.5100   126413         
    446   374       31.9700    30                     28.5100   129243         
    453   379       28.5100    36                     28.5100   132364         
Elapsed time = 52.08 sec. (73408.42 ticks, tree = 10.60 MB, solutions = 0)
    458   384       28.5100    36                     28.5100   134801         
    462   387       28.5100    31                     28.5100   137084         
    468   390       28.5387    33                     28.5100   139834         
    474   392       29.1400    30                     28.5100   142943         
    479   395       29.1400    22                     28.5100   145786         
    483   397       29.2098    18                     28.5100   148065         
    488   398       28.5164    41                     28.5100   150002         
    493   399    infeasible                           28.5100   152616         
    501   403       31.3700    24                     28.5100   155296         
    511   397       29.8000    41                     28.5100   158142         
Elapsed time = 59.54 sec. (83914.28 ticks, tree = 11.01 MB, solutions = 0)
    514   400       32.5906    38                     28.5100   160240         
    521   405       29.8086    45                     28.5100   161850         
    526   406       28.5100    53                     28.5100   164188         
    530   410       29.1400    43                     28.5100   166568         
    542   416       30.6222    29                     28.5100   170525         
    546   414       28.5100    50                     28.5100   172366         
    555   422       30.0330    45                     28.5100   175224         
    565   426       29.8046    59                     28.5100   178684         
    572   431    infeasible                           28.5100   181401         
    574   433       30.7936    41                     28.5100   183150         
Elapsed time = 67.18 sec. (94656.57 ticks, tree = 11.31 MB, solutions = 0)
    581   435       32.6484    28                     28.5100   186041         
    586   437       30.3900    40                     28.5100   188377         
    591   438       29.8241    59                     28.5100   191689         
    599   441       31.8357    50                     28.5100   193770         
    609   443       28.5100    60                     28.5100   196028         
    620   454       29.8000    48                     28.5100   198828         
    626   460       30.7700    37                     28.5100   201605         
    634   468       30.7700    32                     28.5100   204514         
    650   478       29.1800    51                     28.5100   206965         
    661   479       28.5100    51                     28.5100   209194         
Elapsed time = 74.65 sec. (105111.06 ticks, tree = 11.47 MB, solutions = 0)
    680   494       30.6900    38                     28.5100   212241         
    688   500       30.6900    29                     28.5100   215202         
    700   506       29.8000    47                     28.5100   218618         
    709   514       30.4700    30                     28.5100   221757         
    717   516       30.0650    52                     28.5100   224349         
    720   519       30.0768    45                     28.5100   226039         
    727   523       28.5900    56                     28.5100   228739         
    743   533       32.7684    49                     28.5100   231904         
    755   536       28.5100    54                     28.5100   234598         
    785   561       32.5049    53                     28.5100   243980         
Elapsed time = 84.05 sec. (118832.23 ticks, tree = 11.45 MB, solutions = 0)
    820   589       28.5944    50                     28.5100   253879         
    854   609    infeasible                           28.5100   263970         
    888   626       30.1458    57                     28.5100   274655         
    913   647       30.1400    43                     28.5100   284248         
    935   661       28.5100    57                     28.5100   292979         
    968   693       28.5237    39                     28.5100   304001         
   1004   724       29.2641    34                     28.5100   313824         

Performing restart 1

Repeating presolve.
Tried aggregator 1 time.
MIP Presolve eliminated 6 rows and 1 columns.
MIP Presolve modified 49 coefficients.
Reduced MIP has 21386 rows, 2175 columns, and 165282 nonzeros.
Reduced MIP has 1796 binaries, 0 generals, 0 SOSs, and 0 indicators.
Presolve time = 0.06 sec. (56.42 ticks)
Tried aggregator 1 time.
Reduced MIP has 21386 rows, 2175 columns, and 165282 nonzeros.
Reduced MIP has 1796 binaries, 0 generals, 0 SOSs, and 0 indicators.
Presolve time = 0.09 sec. (70.72 ticks)
Represolve time = 0.31 sec. (265.06 ticks)
   1024     0       28.5100    99                    Cuts: 80   316456         
   1024     0       28.5100   152                  Cuts: 1245   316757         
   1024     0       28.5100   102                   Cuts: 149   317004         
   1024     0       28.5100   133                  Cuts: 2860   317325         
   1024     0       28.5100   125                   Cuts: 337   317721         
   1024     0       28.5100   152                  Cuts: 1846   318142         
   1024     0       28.5100   124                   Cuts: 219   318408         
   1024     0       28.5100   168                  Cuts: 2351   318742         
   1024     2       28.5100    77                     28.5100   318742         
   1034    11       28.5100   104                     28.5100   319415         
   1045    22       28.5100    89                     28.5100   320130         
Elapsed time = 128.02 sec. (180217.83 ticks, tree = 1.38 MB, solutions = 0)
   1070    46       28.9300    97                     28.5100   322159         
   1099    73       28.9300    75                     28.5100   324705         
   1133    98    infeasible                           28.5100   329769         
   1152   114       34.4400    45                     28.5100   335556         
   1185   144       28.5100    77                     28.5100   338326         
   1233   191       28.5100    54                     28.5100   343507         
   1250   201       30.3711    50                     28.5100   350321         
   1279   214       28.5900    38                     28.5100   355714         
   1304   232       32.3800    32                     28.5100   362109         
   1324   239       28.5103    46                     28.5100   368552         
Elapsed time = 152.22 sec. (219854.19 ticks, tree = 12.27 MB, solutions = 0)
   1356   257       28.5100    53                     28.5100   374946         
   1387   279       32.5238    37                     28.5100   383585         
   1416   292       28.5100    47                     28.5100   390697         
   1449   313       31.9499    49                     28.5100   397954         
   1470   329       31.6300    46                     28.5100   406676         
   1483   337       32.3000    35                     28.5100   413619         
   1504   352       28.6704    48                     28.5100   420627         
   1522   357       28.5465    52                     28.5100   429093         
   1541   369       28.5131    55                     28.5100   436710         
   1566   384    infeasible                           28.5100   444834         
Elapsed time = 177.80 sec. (259763.14 ticks, tree = 14.09 MB, solutions = 0)
   1587   395       31.3273    52                     28.5100   452648         
   1617   415       31.1134    48                     28.5100   460680         
   1653   438       28.5915    52                     28.5100   467355         
   1697   458       28.7684    53                     28.5100   475354         
   1740   474    infeasible                           28.5100   484045         
   1759   482       29.8000    45                     28.5100   488992         
   1787   497       29.5972    54                     28.5100   496416         
   1822   502    infeasible                           28.5100   504556         
   1857   508       28.7777    54                     28.5100   512777         
   1879   512    infeasible                           28.5100   517992         
Elapsed time = 204.33 sec. (298838.85 ticks, tree = 14.69 MB, solutions = 0)
   1910   518       28.6724    54                     28.5100   524902         
   1944   525       28.5100    78                     28.5100   530085         
   1963   544       28.9700    89                     28.5100   532146         
   1991   570       30.3300    77                     28.5100   534472         
   2006   585       30.3300    63                     28.5100   537905         
   2022   599       30.3300    58                     28.5100   545209         
   2039   610       31.5307    50                     28.5100   554069         

Performing restart 2

Repeating presolve.
Tried aggregator 1 time.
Reduced MIP has 21386 rows, 2175 columns, and 167964 nonzeros.
Reduced MIP has 1796 binaries, 0 generals, 0 SOSs, and 0 indicators.
Presolve time = 0.06 sec. (55.73 ticks)
Tried aggregator 1 time.
Reduced MIP has 21386 rows, 2175 columns, and 167964 nonzeros.
Reduced MIP has 1796 binaries, 0 generals, 0 SOSs, and 0 indicators.
Presolve time = 0.09 sec. (72.15 ticks)
Represolve time = 0.36 sec. (286.30 ticks)
   2048     0       28.5100    99                   Cuts: 498   557723         
   2048     0       28.5100   129                  Cuts: 1429   558086         
   2048     0       28.5100   105                   Cuts: 144   558308         
   2048     0       28.5100   144                  Cuts: 1951   558688         
   2048     0       28.5100   103                   Cuts: 318   558979         
   2048     0       28.5100   131                  Cuts: 2536   559302         
   2048     0       28.5100   111                    Cuts: 81   559556         
   2048     0       28.5100   110                  Cuts: 2331   559885         
   2048     0       28.5100    97                    Cuts: 68   560105         
   2048     0       28.5100   138                  Cuts: 2645   560517         
   2048     0       28.5100   111                   Cuts: 132   560867         
   2048     0       28.5100   121                  Cuts: 1677   561233         
   2048     2       28.5100    81                     28.5100   561233         
   2054     8       28.5100    75                     28.5100   562297         
   2063    17       28.5100    67                     28.5100   563015         
Elapsed time = 276.86 sec. (399202.50 ticks, tree = 0.38 MB, solutions = 0)
   2072    26       28.5100    94                     28.5100   563990         
   2086    40       28.5900   105                     28.5100   565748         
   2102    55       28.5900    73                     28.5100   566670         
   2116    69       28.5900    74                     28.5100   567833         
   2125    77       28.5900    69                     28.5100   569485         
   2133    85       28.5900    69                     28.5100   570913         
   2144    96       28.5900    62                     28.5100   572478         
   2156   106       28.5900    53                     28.5100   574500         
   2167   114       29.2600    48                     28.5100   577130         
   2175   120       33.5800    41                     28.5100   580728         
Elapsed time = 301.27 sec. (439750.13 ticks, tree = 5.80 MB, solutions = 0)
   2183   124       34.4670    44                     28.5100   584910         
   2195   125       36.3300    33                     28.5100   588300         
   2210   132       29.1400    89                     28.5100   592179         
   2228   149       29.1400    93                     28.5100   593835         
   2246   167       29.1400    85                     28.5100   595446         
   2268   189       29.2200    72                     28.5100   597361         
   2287   205       30.4200    56                     28.5100   600229         
   2301   217       30.4200    48                     28.5100   602568         
   2313   228       30.8700    42                     28.5100   606747         
   2331   236    infeasible                           28.5100   613422         
Elapsed time = 327.58 sec. (480635.16 ticks, tree = 6.37 MB, solutions = 0)
   2352   256       35.9900    85                     28.5100   616303         
   2373   277       36.7300    70                     28.5100   619708         
   2406   310       36.3500    50                     28.5100   623664         
   2422   324       36.3500    44                     28.5100   628599         
   2438   334       36.3500    42                     28.5100   634143         
   2451   343       30.2500    97                     28.5100   638208         
   2481   373       34.4100    80                     28.5100   642253         
   2500   391       35.7800    61                     28.5100   646788         
   2524   407       28.5100    87                     28.5100   651701         
   2534   417       28.5100    96                     28.5100   654505         
Elapsed time = 353.36 sec. (520072.03 ticks, tree = 6.83 MB, solutions = 0)
   2568   451       30.3900    91                     28.5100   658786         
   2592   474       28.5100    59                     28.5100   664301         
   2612   490       28.5900    55                     28.5100   670120         
   2628   498       41.4100    44                     28.5100   675747         
   2644   505       31.9037    41                     28.5100   680681         
   2653   511       32.5674    42                     28.5100   685050         
   2665   511       40.9400    45                     28.5100   690566         
   2676   513       35.5549    60                     28.5100   696327         
   2697   522    infeasible                           28.5100   699121         
   2728   540    infeasible                           28.5100   703601         
Elapsed time = 381.18 sec. (560048.20 ticks, tree = 12.18 MB, solutions = 0)
   2738   547       36.5200    27                     28.5100   709770         
   2754   554       37.9603    26                     28.5100   715082         
   2773   562       34.8700    41                     28.5100   720107         
   2805   578       30.3900    57                     28.5100   726326         
   2832   599       34.8700    35                     28.5100   732173         
   2851   614       39.6400    18                     28.5100   738442         
   2881   633       35.4949    39                     28.5100   742198         
   2909   655       39.5377    23                     28.5100   746991         
   2938   665       41.3900    38                     28.5100   755001         
   2957   671       35.0700    41                     28.5100   761709         
Elapsed time = 409.53 sec. (599962.21 ticks, tree = 18.68 MB, solutions = 0)
   2978   682       37.8209    49                     28.5100   768847         
   3008   704       36.2700    39                     28.5100   773053         
   3031   716       28.5100    57                     28.5100   779258         
   3058   738       29.8077    36                     28.5100   787742         
   3087   754       32.0500    37                     28.5100   795544         
   3117   768       31.0846    52                     28.5100   803438         
   3148   785       40.1002    33                     28.5100   811952         
   3181   808       38.3019    36                     28.5100   821289         
   3223   832       38.7600    31                     28.5100   831185         
   3258   849       31.7517    49                     28.5100   839325         
Elapsed time = 439.34 sec. (639993.03 ticks, tree = 19.94 MB, solutions = 0)
   3285   862       38.1745    23                     28.5100   848176         
   3317   883       37.1839    40                     28.5100   856630         
   3345   896       38.0945    29                     28.5100   865557         
   3380   914       38.7256    31                     28.5100   874529         
   3406   936       39.1100    11                     28.5100   880707         
   3426   940       34.3374    41                     28.5100   886546         
   3455   949       38.6805    29                     28.5100   894266         
   3484   966       28.5100    74                     28.5100   899940         
   3501   981       31.7062    60                     28.5100   904974         
   3530  1005       37.1057    31                     28.5100   913989         
Elapsed time = 468.07 sec. (679016.36 ticks, tree = 20.48 MB, solutions = 0)
   3562  1027       38.9100     6                     28.5100   923078         
*  3565   925      integral     0       38.9100       28.5100   923424   26.73%
   3585   937       36.7400    46       38.9100       28.5100   931453   26.73%
   3607   959       37.7267    19       38.9100       28.5100   938558   26.73%
   3625   972       28.5138    49       38.9100       28.5100   945070   26.73%
   3634   979       35.3095    46       38.9100       28.5100   951536   26.73%
   3648   988       28.5100    56       38.9100       28.5100   957163   26.73%
   3673  1004       29.6904    77       38.9100       28.5100   963291   26.73%
   3710  1030       29.6850    77       38.9100       28.5100   970685   26.73%
   3741  1045       28.5687    64       38.9100       28.5100   979060   26.73%
   3748  1050       33.0860    64       38.9100       28.5100   979702   26.73%
Elapsed time = 499.13 sec. (721449.29 ticks, tree = 19.53 MB, solutions = 1)
   3782  1072       37.1999    34       38.9100       28.5100   987652   26.73%
   3812  1092       28.5100    57       38.9100       28.5100   995707   26.73%
   3843  1117       29.1400    43       38.9100       28.5100  1003033   26.73%
   3848  1120       30.1017    56       38.9100       28.5100  1005579   26.73%
   3876  1138        cutoff             38.9100       28.5100  1012222   26.73%
   3890  1147       35.8628    54       38.9100       28.5100  1017202   26.73%
   3911  1159       32.4401    71       38.9100       28.5100  1024805   26.73%
   3935  1177       35.4685    37       38.9100       28.5100  1032529   26.73%
   3953  1189       32.6275    46       38.9100       28.5100  1039667   26.73%
   3986  1213       36.9400    37       38.9100       28.5100  1048603   26.73%
Elapsed time = 528.81 sec. (761590.57 ticks, tree = 20.09 MB, solutions = 1)
   4018  1231       29.7100    50       38.9100       28.5100  1057245   26.73%
   4039  1244       38.7600    30       38.9100       28.5100  1064428   26.73%
   4049  1248       29.2276    48       38.9100       28.5100  1069356   26.73%
   4080  1268       28.5100    60       38.9100       28.5100  1077098   26.73%
   4102  1290       29.1466    63       38.9100       28.5100  1083817   26.73%
   4128  1308       33.5274    47       38.9100       28.5100  1091597   26.73%
   4147  1318       31.6400    39       38.9100       28.5100  1097763   26.73%
   4163  1326    infeasible             38.9100       28.5100  1103468   26.73%
   4174  1336       32.5691    47       38.9100       28.5100  1109915   26.73%
   4193  1348       31.4060    45       38.9100       28.5100  1116982   26.73%
Elapsed time = 557.48 sec. (801216.04 ticks, tree = 20.55 MB, solutions = 1)
   4216  1365       33.9643    44       38.9100       28.5100  1125384   26.73%
   4240  1379       28.5100    46       38.9100       28.5100  1132356   26.73%
   4266  1395       28.5100    48       38.9100       28.5100  1141227   26.73%
   4289  1408       28.5278    52       38.9100       28.5100  1150084   26.73%
   4313  1422       28.5100    47       38.9100       28.5100  1158531   26.73%
   4339  1438       30.4824    49       38.9100       28.5100  1167705   26.73%
   4348  1442       29.8952    49       38.9100       28.5100  1170777   26.73%
   4370  1457       32.4096    40       38.9100       28.5100  1176301   26.73%
   4400  1470       29.1821    64       38.9100       28.5100  1185213   26.73%
   4425  1485       29.8071    69       38.9100       28.5100  1192733   26.73%
Elapsed time = 589.10 sec. (843531.71 ticks, tree = 21.51 MB, solutions = 1)
   4448  1502       35.6400    34       38.9100       28.5100  1200753   26.73%
   4470  1517       34.4036    46       38.9100       28.5100  1208641   26.73%
   4503  1540       33.7200    34       38.9100       28.5100  1217128   26.73%
   4534  1562       35.3700    36       38.9100       28.5100  1226616   26.73%
   4559  1580       32.2613    39       38.9100       28.5100  1234554   26.73%
   4592  1600       31.6522    74       38.9100       28.5100  1240838   26.73%
   4625  1625       32.5755    52       38.9100       28.5100  1247007   26.73%
   4649  1639       28.5100    54       38.9100       28.5100  1252583   26.73%
   4672  1662       35.8474    40       38.9100       28.5100  1259976   26.73%
   4702  1686       36.5616    35       38.9100       28.5100  1267436   26.73%
Elapsed time = 617.67 sec. (882721.61 ticks, tree = 22.20 MB, solutions = 1)
   4731  1703       33.7000    60       38.9100       28.5100  1273900   26.73%
   4761  1717       28.5100    59       38.9100       28.5100  1281055   26.73%
   4774  1729       31.7319    40       38.9100       28.5100  1286730   26.73%
   4801  1749       33.0800    60       38.9100       28.5100  1294735   26.73%
   4818  1760       30.4836    49       38.9100       28.5100  1301714   26.73%
   4852  1778       29.1400    73       38.9100       28.5100  1309798   26.73%
   4882  1799       34.5144    60       38.9100       28.5100  1318632   26.73%
   4903  1814       31.7319    49       38.9100       28.5100  1326722   26.73%
   4940  1837       28.5100    53       38.9100       28.5100  1335643   26.73%
   4963  1856       35.1487    43       38.9100       28.5100  1345140   26.73%
Elapsed time = 646.91 sec. (921601.57 ticks, tree = 22.79 MB, solutions = 1)
   4982  1868       30.4388    47       38.9100       28.5100  1352603   26.73%
   5005  1887       29.8100    42       38.9100       28.5100  1359020   26.73%
   5027  1900       31.6300    45       38.9100       28.5100  1365920   26.73%
   5059  1920       29.8056    64       38.9100       28.5100  1373301   26.73%
   5083  1938       35.5835    41       38.9100       28.5100  1382184   26.73%
   5111  1955       30.5375    76       38.9100       28.5100  1391655   26.73%
   5146  1974    infeasible             38.9100       28.5100  1399264   26.73%
   5167  1990       28.9292    73       38.9100       28.5100  1405795   26.73%
   5197  2010       33.4946    55       38.9100       28.5100  1414972   26.73%
   5236  2037       30.4300    48       38.9100       28.5100  1423510   26.73%
Elapsed time = 676.44 sec. (962158.40 ticks, tree = 23.41 MB, solutions = 1)
   5264  2060       38.6800    31       38.9100       28.5100  1432654   26.73%
   5286  2075       35.7155    51       38.9100       28.5100  1440054   26.73%
   5308  2089       32.3112    44       38.9100       28.5100  1448399   26.73%
   5325  2102       31.6357    52       38.9100       28.5100  1455460   26.73%
   5347  2118       35.8763    48       38.9100       28.5100  1462824   26.73%
   5376  2132       28.5218    50       38.9100       28.5100  1468732   26.73%
   5398  2149       31.1000    45       38.9100       28.5100  1476679   26.73%
   5424  2163       30.4314    54       38.9100       28.5100  1483983   26.73%
   5447  2181       32.3500    45       38.9100       28.5100  1492229   26.73%
   5459  2193       32.5500    34       38.9100       28.5100  1497366   26.73%
Elapsed time = 705.90 sec. (1001873.41 ticks, tree = 24.03 MB, solutions = 1)
   5485  2208       29.8000    44       38.9100       28.5100  1505607   26.73%
   5502  2221       31.7287    44       38.9100       28.5100  1514980   26.73%
   5526  2236       33.2900    37       38.9100       28.5100  1523045   26.73%
   5552  2250       30.4978    82       38.9100       28.5100  1530868   26.73%
   5590  2278       34.4645    41       38.9100       28.5100  1540523   26.73%
   5624  2300       28.5100    53       38.9100       28.5100  1549059   26.73%
   5640  2312       34.8700    58       38.9100       28.5100  1556213   26.73%
   5656  2325       37.8502    33       38.9100       28.5100  1562011   26.73%
   5678  2337       33.1112    59       38.9100       28.5100  1568803   26.73%
   5702  2352       37.0976    41       38.9100       28.5100  1576926   26.73%
Elapsed time = 735.47 sec. (1041635.93 ticks, tree = 24.58 MB, solutions = 1)
   5728  2370       28.6607    64       38.9100       28.5100  1585340   26.73%
   5748  2389       36.3200    26       38.9100       28.5100  1588573   26.73%
   5782  2404       32.2500    65       38.9100       28.5100  1596075   26.73%
   5815  2426       28.5100    58       38.9100       28.5100  1605212   26.73%
   5847  2449       34.0303    47       38.9100       28.5100  1613824   26.73%
   5868  2465       32.3000    49       38.9100       28.5100  1621851   26.73%
   5889  2482       33.5744    52       38.9100       28.5100  1631080   26.73%
   5921  2505       35.9261    42       38.9100       28.5100  1640855   26.73%
   5939  2514       29.8107    76       38.9100       28.5100  1649159   26.73%
   5959  2532       36.3171    49       38.9100       28.5100  1656547   26.73%
Elapsed time = 766.99 sec. (1083429.20 ticks, tree = 25.20 MB, solutions = 1)
   5984  2548       33.0700    57       38.9100       28.5100  1662611   26.73%
   6012  2568       37.3700    26       38.9100       28.5100  1670461   26.73%
   6024  2574       30.4433    50       38.9100       28.5100  1677232   26.73%
   6042  2586       30.4916    67       38.9100       28.5100  1683877   26.73%
   6067  2605       38.8300    33       38.9100       28.5100  1691313   26.73%
   6090  2620       31.1800    64       38.9100       28.5100  1697902   26.73%
   6129  2637       28.5406    60       38.9100       28.5100  1705849   26.73%
   6157  2661       33.0967    54       38.9100       28.5100  1714428   26.73%
   6178  2674       35.3160    44       38.9100       28.5100  1723091   26.73%
   6205  2693       28.5100    57       38.9100       28.5100  1730641   26.73%
Elapsed time = 796.07 sec. (1122675.71 ticks, tree = 25.75 MB, solutions = 1)
   6226  2710       28.5216    70       38.9100       28.5100  1738342   26.73%
   6269  2739       38.5200    25       38.9100       28.5100  1747635   26.73%
   6290  2751       31.7772    51       38.9100       28.5100  1755649   26.73%
   6318  2769       29.1400    66       38.9100       28.5100  1763303   26.73%
   6360  2799       28.5556    67       38.9100       28.5100  1772741   26.73%
   6391  2821       35.6700    34       38.9100       28.5100  1782196   26.73%
   6418  2839       34.8083    40       38.9100       28.5100  1789842   26.73%
   6444  2858       34.3040    46       38.9100       28.5100  1796569   26.73%
   6465  2871       33.5341    48       38.9100       28.5100  1802570   26.73%
   6484  2884       29.1506    58       38.9100       28.5100  1808419   26.73%
Elapsed time = 826.37 sec. (1162257.89 ticks, tree = 26.40 MB, solutions = 1)
   6515  2899       28.5228    71       38.9100       28.5100  1816740   26.73%
   6543  2917       29.8206    78       38.9100       28.5100  1825095   26.73%
   6567  2934       28.5100    52       38.9100       28.5100  1833525   26.73%
   6595  2956       38.8300    26       38.9100       28.5100  1842541   26.73%
   6611  2962       30.6438    82       38.9100       28.5100  1851561   26.73%
   6639  2978    infeasible             38.9100       28.5100  1859588   26.73%
   6664  2993       29.7237    69       38.9100       28.5100  1868447   26.73%
   6683  3004       29.4839    68       38.9100       28.5100  1875116   26.73%
   6722  3022       32.3751    92       38.9100       28.5100  1884745   26.73%
   6748  3040       35.0158    56       38.9100       28.5100  1892841   26.73%
Elapsed time = 857.83 sec. (1203013.74 ticks, tree = 26.94 MB, solutions = 1)
   6780  3064       28.5634    60       38.9100       28.5100  1901019   26.73%
   6805  3087       33.8199    43       38.9100       28.5100  1909402   26.73%
   6830  3108       38.7400    16       38.9100       28.5100  1916738   26.73%
   6848  3115       37.9200    47       38.9100       28.5100  1922357   26.73%
   6869  3128       35.8700    37       38.9100       28.5100  1928218   26.73%
   6887  3140       35.3644    45       38.9100       28.5100  1936131   26.73%
   6905  3149       31.7969    50       38.9100       28.5100  1943395   26.73%
   6932  3167       29.7198    64       38.9100       28.5100  1951110   26.73%
   6959  3187       38.8300    24       38.9100       28.5100  1958870   26.73%
   6994  3211       28.5694    54       38.9100       28.5100  1965629   26.73%
Elapsed time = 888.21 sec. (1242846.91 ticks, tree = 27.53 MB, solutions = 1)
   7021  3228       28.5100    57       38.9100       28.5100  1973909   26.73%
   7040  3247       32.8724    44       38.9100       28.5100  1982877   26.73%
   7048  3250       36.6188    40       38.9100       28.5100  1983585   26.73%
   7084  3269       28.5100    47       38.9100       28.5100  1992144   26.73%
   7115  3295       38.8300    15       38.9100       28.5100  2000862   26.73%
   7146  3316       38.8300    20       38.9100       28.5100  2008393   26.73%
   7173  3333       29.1024    76       38.9100       28.5100  2016138   26.73%
   7195  3348       37.0251    47       38.9100       28.5100  2024755   26.73%
   7228  3366       32.9300    57       38.9100       28.5100  2034584   26.73%
   7244  3376       29.7180    72       38.9100       28.5100  2041748   26.73%
Elapsed time = 919.73 sec. (1282602.26 ticks, tree = 28.09 MB, solutions = 1)
   7266  3392       36.6831    50       38.9100       28.5100  2048102   26.73%
   7287  3409       29.0192    75       38.9100       28.5100  2055388   26.73%
   7322  3442       38.4800    26       38.9100       28.5100  2062973   26.73%
   7346  3457       29.8223    46       38.9100       28.5100  2070378   26.73%
   7376  3476       29.8313    59       38.9100       28.5100  2077686   26.73%
   7404  3489       31.4854    86       38.9100       28.5100  2085531   26.73%
   7441  3505       30.8933    67       38.9100       28.5100  2093895   26.73%
   7468  3519       29.7181    70       38.9100       28.5100  2102626   26.73%
   7490  3538       37.2517    42       38.9100       28.5100  2111925   26.73%
   7518  3547       29.8511    53       38.9100       28.5100  2121617   26.73%
Elapsed time = 949.96 sec. (1322189.72 ticks, tree = 28.68 MB, solutions = 1)
   7546  3563    infeasible             38.9100       28.5100  2127314   26.73%
   7582  3585       28.5173    57       38.9100       28.5100  2135043   26.73%
   7613  3603       37.9023    50       38.9100       28.5100  2144185   26.73%
   7629  3613       38.8300    16       38.9100       28.5100  2152444   26.73%
   7649  3624       29.8244    73       38.9100       28.5100  2159241   26.73%
   7688  3658       37.6819    26       38.9100       28.5100  2169823   26.73%
   7716  3679       38.8300    38       38.9100       28.5100  2178525   26.73%
   7743  3690       32.8331    59       38.9100       28.5100  2185968   26.73%
   7760  3699       28.6061    79       38.9100       28.5100  2193358   26.73%
   7784  3722       38.6700    30       38.9100       28.5100  2200895   26.73%
Elapsed time = 980.34 sec. (1361402.22 ticks, tree = 29.28 MB, solutions = 1)
   7801  3733       35.5200    67       38.9100       28.5100  2206687   26.73%
   7821  3749       29.7181    73       38.9100       28.5100  2212885   26.73%
   7854  3774       37.4744    33       38.9100       28.5100  2220483   26.73%
   7870  3780       31.7386    80       38.9100       28.5100  2227099   26.73%
   7895  3797    infeasible             38.9100       28.5100  2234580   26.73%
   7922  3817       36.6000    24       38.9100       28.5100  2241755   26.73%
   7946  3833       36.1788    56       38.9100       28.5100  2249015   26.73%
   7970  3853       29.8074    73       38.9100       28.5100  2257162   26.73%
   8008  3882       32.7200    53       38.9100       28.5100  2265143   26.73%
   8040  3900       29.8244    78       38.9100       28.5100  2273622   26.73%
Elapsed time = 1009.75 sec. (1400568.32 ticks, tree = 29.89 MB, solutions = 1)
   8050  3908       30.7745    82       38.9100       28.5100  2276745   26.73%
   8086  3935       28.5100    60       38.9100       28.5100  2286465   26.73%
   8120  3964       38.8300    12       38.9100       28.5100  2295862   26.73%
   8146  3983       38.6700    40       38.9100       28.5100  2303657   26.73%
   8158  3991    infeasible             38.9100       28.5100  2308059   26.73%
   8179  4004       33.1176    47       38.9100       28.5100  2316492   26.73%
   8225  4041       28.5100    60       38.9100       28.5100  2325912   26.73%
   8242  4057       34.3964    51       38.9100       28.5100  2335046   26.73%
   8257  4067    infeasible             38.9100       28.5100  2338715   26.73%
   8277  4082       33.7977    63       38.9100       28.5100  2345327   26.73%
Elapsed time = 1041.42 sec. (1441205.49 ticks, tree = 30.52 MB, solutions = 1)
   8301  4094       28.5100    73       38.9100       28.5100  2351751   26.73%
   8309  4102       28.5100    96       38.9100       28.5100  2352925   26.73%
   8317  4109       28.5100    94       38.9100       28.5100  2354779   26.73%
   8327  4117       28.5157    84       38.9100       28.5100  2356641   26.73%
   8335  4124       33.2723    78       38.9100       28.5100  2358125   26.73%
   8348  4136       34.3900    44       38.9100       28.5100  2359663   26.73%
   8359  4142       36.7600    35       38.9100       28.5100  2363817   26.73%
   8390  4159       33.2927    56       38.9100       28.5100  2371847   26.73%
   8415  4175    infeasible             38.9100       28.5100  2381231   26.73%
   8446  4198       31.6801    62       38.9100       28.5100  2387812   26.73%
Elapsed time = 1074.44 sec. (1489941.67 ticks, tree = 31.06 MB, solutions = 1)
   8454  4202       28.5100    60       38.9100       28.5100  2389346   26.73%
   8478  4219       30.0032    78       38.9100       28.5100  2397542   26.73%
   8519  4248       32.2830    64       38.9100       28.5100  2406360   26.73%
   8547  4270       31.1826    83       38.9100       28.5100  2415561   26.73%
   8549  4271       31.9179    85       38.9100       28.5100  2416259   26.73%
   8580  4296       37.8518    48       38.9100       28.5100  2423366   26.73%
   8615  4322       29.7208    60       38.9100       28.5100  2432915   26.73%
   8650  4346       28.5100    58       38.9100       28.5100  2441786   26.73%
   8682  4370       28.5100    56       38.9100       28.5100  2450836   26.73%
   8721  4403       34.7938    46       38.9100       28.5100  2457966   26.73%
Elapsed time = 1104.96 sec. (1529075.96 ticks, tree = 31.77 MB, solutions = 1)
   8748  4423       37.0728    43       38.9100       28.5100  2464492   26.73%
   8781  4440       29.2410    98       38.9100       28.5100  2473883   26.73%
   8808  4460       32.9129    73       38.9100       28.5100  2480828   26.73%
   8834  4481       35.5442    57       38.9100       28.5100  2488906   26.73%
   8848  4489       30.5509    71       38.9100       28.5100  2493471   26.73%
   8877  4511       29.4674    90       38.9100       28.5100  2501953   26.73%
   8908  4534       36.3467    44       38.9100       28.5100  2511051   26.73%
   8947  4567       38.4800    29       38.9100       28.5100  2519398   26.73%
   8980  4581       28.8714    65       38.9100       28.5100  2527730   26.73%
   9009  4604    infeasible             38.9100       28.5100  2536555   26.73%
Elapsed time = 1137.67 sec. (1570785.37 ticks, tree = 32.46 MB, solutions = 1)
   9047  4630       32.4604    85       38.9100       28.5100  2545016   26.73%
   9048  4631       34.4500    86       38.9100       28.5100  2545828   26.73%
   9072  4646       28.5100    54       38.9100       28.5100  2553224   26.73%
   9096  4664       38.8300    37       38.9100       28.5100  2560649   26.73%
   9125  4675       29.8850    61       38.9100       28.5100  2568446   26.73%
   9153  4695       30.5593    86       38.9100       28.5100  2576120   26.73%
   9188  4710       30.6595    78       38.9100       28.5100  2582580   26.73%
   9224  4733       38.1500    35       38.9100       28.5100  2591348   26.73%
   9248  4742       36.3416    80       38.9100       28.5100  2599594   26.73%
   9277  4757       28.5100    62       38.9100       28.5100  2608664   26.73%
Elapsed time = 1171.00 sec. (1614075.41 ticks, tree = 32.99 MB, solutions = 1)
   9305  4778       28.5988    61       38.9100       28.5100  2618598   26.73%
   9338  4801       28.5100    68       38.9100       28.5100  2627068   26.73%
   9365  4820       35.0928    43       38.9100       28.5100  2636493   26.73%
   9401  4844       37.2671    38       38.9100       28.5100  2645816   26.73%
   9439  4870       33.7936    53       38.9100       28.5100  2655133   26.73%
   9456  4882       30.6799    79       38.9100       28.5100  2663552   26.73%
   9501  4903       37.5629    45       38.9100       28.5100  2672491   26.73%
   9542  4933       31.5217    53       38.9100       28.5100  2682019   26.73%
   9583  4954       28.5100    60       38.9100       28.5100  2689285   26.73%
   9612  4974    infeasible             38.9100       28.5100  2698382   26.73%
Elapsed time = 1203.18 sec. (1653587.33 ticks, tree = 33.74 MB, solutions = 1)
   9639  4987       38.6700    22       38.9100       28.5100  2705263   26.73%
   9648  4993       29.7491    66       38.9100       28.5100  2708991   26.73%
   9678  5017       38.5200    32       38.9100       28.5100  2716622   26.73%
   9693  5027       28.5100    85       38.9100       28.5100  2719126   26.73%
   9708  5042       31.8700    91       38.9100       28.5100  2720809   26.73%
   9720  5054       31.8700    76       38.9100       28.5100  2721676   26.73%
   9727  5060       33.1600    61       38.9100       28.5100  2723805   26.73%
   9739  5072       33.1600    47       38.9100       28.5100  2725584   26.73%
   9753  5085       35.8400    36       38.9100       28.5100  2728172   26.73%
   9772  5092       28.5100    68       38.9100       28.5100  2732892   26.73%
Elapsed time = 1230.12 sec. (1693654.17 ticks, tree = 34.14 MB, solutions = 1)
   9802  5113       29.7313    53       38.9100       28.5100  2743213   26.73%
   9828  5126       28.5100    77       38.9100       28.5100  2748377   26.73%
   9840  5138       29.8000    78       38.9100       28.5100  2749871   26.73%
   9848  5146       31.8600    72       38.9100       28.5100  2750439   26.73%
   9859  5156       36.8300    72       38.9100       28.5100  2752708   26.73%
   9874  5162       28.6289    66       38.9100       28.5100  2756490   26.73%
   9905  5187       38.7246    16       38.9100       28.5100  2766142   26.73%
   9932  5208       28.5188    38       38.9100       28.5100  2772803   26.73%
   9956  5228       34.5600    54       38.9100       28.5100  2782008   26.73%
   9985  5245       34.2800    54       38.9100       28.5100  2790917   26.73%
Elapsed time = 1262.01 sec. (1736735.21 ticks, tree = 34.67 MB, solutions = 1)
  10019  5269       30.4820    53       38.9100       28.5100  2799733   26.73%
  10048  5289       31.4660    71       38.9100       28.5100  2809544   26.73%
  10079  5312       29.9261    64       38.9100       28.5100  2819067   26.73%
  10123  5338       28.5159    66       38.9100       28.5100  2827523   26.73%
  10159  5364       29.0228    87       38.9100       28.5100  2836858   26.73%
  10199  5386       29.9536    73       38.9100       28.5100  2846311   26.73%
  10243  5418       37.2300    41       38.9100       28.5100  2854992   26.73%
  10266  5429       30.2239    70       38.9100       28.5100  2864330   26.73%
  10291  5446       30.1400    55       38.9100       28.5100  2873433   26.73%
  10322  5472       32.9145    63       38.9100       28.5100  2882328   26.73%
Elapsed time = 1293.95 sec. (1776241.98 ticks, tree = 35.45 MB, solutions = 1)
  10353  5488        cutoff             38.9100       28.5100  2891659   26.73%
  10383  5509       28.9355    71       38.9100       28.5100  2900024   26.73%
  10417  5536       36.6718    51       38.9100       28.5100  2908499   26.73%
  10442  5549       28.5159    60       38.9100       28.5100  2916413   26.73%
  10471  5571       37.5700    36       38.9100       28.5100  2925101   26.73%
  10498  5586       29.8167    68       38.9100       28.5100  2934797   26.73%
  10526  5610       38.6700    31       38.9100       28.5100  2944285   26.73%
  10552  5624       31.8121    72       38.9100       28.5100  2952472   26.73%
  10582  5647       28.8939    71       38.9100       28.5100  2962343   26.73%
  10614  5668       29.1447    66       38.9100       28.5100  2969683   26.73%
Elapsed time = 1325.95 sec. (1815836.59 ticks, tree = 36.13 MB, solutions = 1)
* 10648+ 5289                           38.0800       28.5100            25.13%
  10648  5289       38.0800     0       38.0800       28.5100  2979087   25.13%
  10678  5310       33.2726    73       38.0800       28.5100  2988153   25.13%
  10706  5326       28.5100    55       38.0800       28.5100  2994999   25.13%
  10727  5344       35.0833    54       38.0800       28.5100  3002328   25.13%
  10755  5357        cutoff             38.0800       28.5100  3010710   25.13%
  10776  5373       33.4189    71       38.0800       28.5100  3016655   25.13%
  10806  5396       37.0700    33       38.0800       28.5100  3024619   25.13%
  10829  5409       36.5741    52       38.0800       28.5100  3032894   25.13%
  10848  5420       32.6043    61       38.0800       28.5100  3038801   25.13%
  10876  5433       29.8416    62       38.0800       28.5100  3047697   25.13%
Elapsed time = 1358.33 sec. (1858081.67 ticks, tree = 34.67 MB, solutions = 2)
  10912  5457    infeasible             38.0800       28.5100  3054795   25.13%
  10937  5472       28.5228    64       38.0800       28.5100  3062995   25.13%
* 10948+ 5332                           37.7300       28.5100            24.44%
  10948  5334       31.7917    63       37.7300       28.5100  3066758   24.44%
  10973  5353       36.4576    47       37.7300       28.5100  3075536   24.44%
  11011  5381       28.5157    66       37.7300       28.5100  3082963   24.44%
  11039  5400       28.5159    64       37.7300       28.5100  3090467   24.44%
  11065  5422       28.5100    66       37.7300       28.5100  3096092   24.44%
  11100  5445       28.5291    63       37.7300       28.5100  3105245   24.44%
  11134  5473       34.2842    75       37.7300       28.5100  3114051   24.44%
  11148  5483       33.1900    54       37.7300       28.5100  3117786   24.44%
Elapsed time = 1391.43 sec. (1898896.23 ticks, tree = 34.51 MB, solutions = 3)
  11187  5518       36.6234    57       37.7300       28.5100  3126989   24.44%
  11228  5542       33.2632    84       37.7300       28.5100  3134971   24.44%
  11247  5554       29.7239    65       37.7300       28.5100  3142063   24.44%
  11261  5564       35.8219    42       37.7300       28.5100  3146654   24.44%
  11286  5583       33.3218    56       37.7300       28.5100  3153430   24.44%
  11306  5596       31.9119    58       37.7300       28.5100  3161310   24.44%
  11330  5604       31.7286    84       37.7300       28.5100  3168671   24.44%
  11353  5622       30.6601    80       37.7300       28.5100  3172859   24.44%
  11393  5653    infeasible             37.7300       28.5100  3179845   24.44%
  11426  5681       32.9800    49       37.7300       28.5100  3189660   24.44%
Elapsed time = 1422.13 sec. (1938133.94 ticks, tree = 35.20 MB, solutions = 3)
  11441  5687       30.5543    69       37.7300       28.5100  3197188   24.44%
  11448  5692       30.8149    64       37.7300       28.5100  3197587   24.44%
  11474  5710       29.7531    98       37.7300       28.5100  3204669   24.44%
  11500  5728       29.8298    71       37.7300       28.5100  3213223   24.44%
  11542  5764       36.8615    40       37.7300       28.5100  3222692   24.44%
  11548  5766       29.8551    75       37.7300       28.5100  3225787   24.44%
  11571  5774       29.8241    55       37.7300       28.5100  3233317   24.44%
  11608  5802       34.6214    54       37.7300       28.5100  3241283   24.44%
  11630  5819       33.4700    41       37.7300       28.5100  3249360   24.44%
  11648  5833       30.2500    90       37.7300       28.5100  3253048   24.44%
Elapsed time = 1455.95 sec. (1981674.35 ticks, tree = 35.72 MB, solutions = 3)
  11664  5849       30.2500    79       37.7300       28.5100  3254235   24.44%
  11678  5863       31.5400    71       37.7300       28.5100  3257030   24.44%
  11692  5877       31.5400    71       37.7300       28.5100  3260353   24.44%
  11705  5889       32.4700    57       37.7300       28.5100  3264147   24.44%
  11722  5906       33.3000    37       37.7300       28.5100  3271197   24.44%
  11741  5918       28.5100    75       37.7300       28.5100  3275895   24.44%
  11757  5934       31.4400    81       37.7300       28.5100  3278562   24.44%
  11765  5942       29.8000    68       37.7300       28.5100  3281675   24.44%
  11775  5952       29.8000    56       37.7300       28.5100  3285864   24.44%
  11787  5960       30.5052    61       37.7300       28.5100  3292116   24.44%
Elapsed time = 1482.19 sec. (2021728.14 ticks, tree = 36.16 MB, solutions = 3)
  11809  5975       29.8000    81       37.7300       28.5100  3298238   24.44%
  11823  5989       29.8000    72       37.7300       28.5100  3302763   24.44%
  11833  5995    infeasible             37.7300       28.5100  3306877   24.44%
  11849  6007       32.9100    85       37.7300       28.5100  3310958   24.44%
  11865  6023       34.7400    61       37.7300       28.5100  3314240   24.44%
  11886  6040       28.5100    70       37.7300       28.5100  3319890   24.44%
  11897  6051       28.5100    67       37.7300       28.5100  3323177   24.44%
  11919  6071       30.6800    55       37.7300       28.5100  3330248   24.44%
  11940  6086       28.5343    65       37.7300       28.5100  3337422   24.44%
  11948  6090       29.1800    57       37.7300       28.5100  3339749   24.44%
Elapsed time = 1512.45 sec. (2065107.26 ticks, tree = 36.61 MB, solutions = 3)
  11960  6102       29.2600    49       37.7300       28.5100  3346834   24.44%
  11979  6117       30.5400    38       37.7300       28.5100  3353886   24.44%
  11995  6124       28.5100    66       37.7300       28.5100  3360804   24.44%
  12028  6145       28.5100    65       37.7300       28.5100  3369786   24.44%
  12048  6165       30.4600    43       37.7300       28.5100  3378385   24.44%
  12072  6181       29.8975    58       37.7300       28.5100  3385960   24.44%
  12091  6191       29.8100    61       37.7300       28.5100  3394792   24.44%
  12107  6203       29.8900    48       37.7300       28.5100  3400529   24.44%
  12138  6219       31.4513    44       37.7300       28.5100  3407979   24.44%
  12167  6239       30.2600    50       37.7300       28.5100  3416097   24.44%
Elapsed time = 1541.16 sec. (2104650.55 ticks, tree = 37.12 MB, solutions = 3)
  12193  6254       36.3700    26       37.7300       28.5100  3425575   24.44%
  12215  6260        cutoff             37.7300       28.5100  3433643   24.44%
  12234  6271       29.2641    77       37.7300       28.5100  3443187   24.44%
  12257  6285       31.0000    62       37.7300       28.5100  3450385   24.44%
  12282  6298       28.5900    64       37.7300       28.5100  3459567   24.44%
  12306  6314       31.5200    53       37.7300       28.5100  3469374   24.44%
  12321  6322       30.2500    73       37.7300       28.5100  3476495   24.44%
  12340  6341       30.2631    70       37.7300       28.5100  3484875   24.44%
  12373  6364       37.3000    40       37.7300       28.5100  3495062   24.44%
  12403  6384       29.8000    93       37.7300       28.5100  3502098   24.44%
Elapsed time = 1571.14 sec. (2144130.32 ticks, tree = 37.62 MB, solutions = 3)
  12430  6408       34.1500    54       37.7300       28.5100  3505213   24.44%
  12461  6422    infeasible             37.7300       28.5100  3511663   24.44%
  12497  6448       28.5100    61       37.7300       28.5100  3520143   24.44%
  12515  6464       29.2618    53       37.7300       28.5100  3527912   24.44%
  12531  6478       31.8200    27       37.7300       28.5100  3537221   24.44%
  12548  6483       28.5900    63       37.7300       28.5100  3543651   24.44%
  12575  6501    infeasible             37.7300       28.5100  3553877   24.44%
  12588  6512       28.5100    86       37.7300       28.5100  3555809   24.44%
  12605  6529       30.0500    81       37.7300       28.5100  3557543   24.44%
  12627  6549       33.9812    85       37.7300       28.5100  3560638   24.44%
Elapsed time = 1601.45 sec. (2187590.31 ticks, tree = 38.19 MB, solutions = 3)
  12651  6563       28.5100    74       37.7300       28.5100  3565868   24.44%
  12681  6593       29.1800    69       37.7300       28.5100  3569065   24.44%
  12704  6607       28.5100    66       37.7300       28.5100  3574503   24.44%
  12727  6629       32.2600    78       37.7300       28.5100  3577935   24.44%
  12758  6656       36.8300    42       37.7300       28.5100  3584533   24.44%
  12781  6670       28.5100    84       37.7300       28.5100  3590297   24.44%
  12795  6684       30.4300    87       37.7300       28.5100  3593331   24.44%
  12817  6704       32.6202    58       37.7300       28.5100  3599146   24.44%
  12843  6724       33.3600    85       37.7300       28.5100  3604272   24.44%
  12859  6738       35.5500    59       37.7300       28.5100  3608875   24.44%
Elapsed time = 1630.16 sec. (2226942.86 ticks, tree = 38.84 MB, solutions = 3)
  12874  6748       36.5119    46       37.7300       28.5100  3613867   24.44%
  12908  6770       37.4095    46       37.7300       28.5100  3621285   24.44%
  12940  6790       30.7472    59       37.7300       28.5100  3630090   24.44%
  12989  6823       28.5100    79       37.7300       28.5100  3638965   24.44%
  13016  6848       32.7238    54       37.7300       28.5100  3645093   24.44%
  13051  6878       29.2288    65       37.7300       28.5100  3654149   24.44%
  13088  6910       36.8966    43       37.7300       28.5100  3662632   24.44%
  13108  6920       28.5900    70       37.7300       28.5100  3670128   24.44%
  13126  6934       32.9000    51       37.7300       28.5100  3677125   24.44%
  13156  6951    infeasible             37.7300       28.5100  3685180   24.44%
Elapsed time = 1659.33 sec. (2266191.21 ticks, tree = 39.58 MB, solutions = 3)
  13191  6981       30.6300    52       37.7300       28.5100  3694246   24.44%
  13228  7008       30.8072    63       37.7300       28.5100  3702382   24.44%
  13252  7026       28.6476    91       37.7300       28.5100  3711132   24.44%
  13283  7052       33.1859    50       37.7300       28.5100  3720008   24.44%
  13311  7072    infeasible             37.7300       28.5100  3729581   24.44%
  13334  7083       30.1475    76       37.7300       28.5100  3738258   24.44%
  13363  7103       37.2800    16       37.7300       28.5100  3747111   24.44%
  13392  7124       35.8459    50       37.7300       28.5100  3755736   24.44%
  13427  7139       36.3028    68       37.7300       28.5100  3764232   24.44%
  13448  7151       32.3021    67       37.7300       28.5100  3772963   24.44%
Elapsed time = 1691.67 sec. (2305477.57 ticks, tree = 40.26 MB, solutions = 3)
  13474  7170       35.3100    60       37.7300       28.5100  3782434   24.44%
  13497  7187       36.1774    43       37.7300       28.5100  3792071   24.44%
  13528  7207       28.5159    66       37.7300       28.5100  3800783   24.44%
  13561  7231       33.3309    95       37.7300       28.5100  3809422   24.44%
  13593  7253       29.1800    82       37.7300       28.5100  3814196   24.44%
  13610  7268       30.3500    45       37.7300       28.5100  3819991   24.44%
  13630  7281       30.9100    69       37.7300       28.5100  3825099   24.44%
  13647  7294       28.5100    71       37.7300       28.5100  3829715   24.44%
  13648  7295       28.5100    69       37.7300       28.5100  3829848   24.44%
  13679  7320       28.5100    74       37.7300       28.5100  3835512   24.44%
Elapsed time = 1723.53 sec. (2347221.39 ticks, tree = 40.85 MB, solutions = 3)
  13706  7347       33.2447    53       37.7300       28.5100  3842344   24.44%
  13729  7366       28.5100    59       37.7300       28.5100  3848938   24.44%
  13751  7388       29.1600    47       37.7300       28.5100  3856503   24.44%
  13773  7404       34.8800    41       37.7300       28.5100  3864680   24.44%
  13788  7412       31.5400    53       37.7300       28.5100  3872658   24.44%
  13803  7427       36.4500    26       37.7300       28.5100  3880596   24.44%
  13822  7442       31.8893    40       37.7300       28.5100  3888279   24.44%
  13845  7452       29.3400    64       37.7300       28.5100  3897097   24.44%
  13871  7472       34.9100    15       37.7300       28.5100  3906004   24.44%
  13883  7478       29.1400    48       37.7300       28.5100  3912581   24.44%
Elapsed time = 1753.94 sec. (2386887.52 ticks, tree = 41.39 MB, solutions = 3)
  13903  7495       30.0100    27       37.7300       28.5100  3920769   24.44%
  13922  7503       28.5100    47       37.7300       28.5100  3928185   24.44%
  13948  7521       29.1400    44       37.7300       28.5100  3937894   24.44%
  13964  7532       30.2525    54       37.7300       28.5100  3945765   24.44%
  13987  7548    infeasible             37.7300       28.5100  3954239   24.44%
  14009  7567       33.9600    29       37.7300       28.5100  3962284   24.44%
  14025  7578       29.1487    46       37.7300       28.5100  3970299   24.44%
  14045  7589    infeasible             37.7300       28.5100  3979043   24.44%
  14059  7599       32.3859    38       37.7300       28.5100  3985209   24.44%
  14083  7608       28.5100    49       37.7300       28.5100  3995330   24.44%
Elapsed time = 1784.37 sec. (2426325.57 ticks, tree = 41.84 MB, solutions = 3)
  14107  7625        cutoff             37.7300       28.5100  4004272   24.44%
  14129  7639       30.6153    32       37.7300       28.5100  4014339   24.44%
  14160  7659       30.9600    29       37.7300       28.5100  4024241   24.44%
  14185  7674       28.5100    50       37.7300       28.5100  4034389   24.44%
  14206  7691        cutoff             37.7300       28.5100  4043896   24.44%
  14230  7705    infeasible             37.7300       28.5100  4051400   24.44%
  14248  7715        cutoff             37.7300       28.5100  4059711   24.44%
  14266  7723    infeasible             37.7300       28.5100  4068243   24.44%
  14294  7745       35.7000    16       37.7300       28.5100  4076236   24.44%
  14310  7757       30.6608    46       37.7300       28.5100  4084984   24.44%
Elapsed time = 1816.29 sec. (2466047.05 ticks, tree = 42.35 MB, solutions = 3)
  14327  7764       29.1800    47       37.7300       28.5100  4094644   24.44%
  14347  7779       36.0400    21       37.7300       28.5100  4102964   24.44%
  14348  7780       36.0400    17       37.7300       28.5100  4103398   24.44%
  14362  7789       34.0000    46       37.7300       28.5100  4110710   24.44%
  14388  7810       31.0800    44       37.7300       28.5100  4119402   24.44%
  14420  7834       32.6709    32       37.7300       28.5100  4128353   24.44%
  14448  7848       28.5237    37       37.7300       28.5100  4136654   24.44%
  14475  7868       29.8241    40       37.7300       28.5100  4144964   24.44%
  14501  7888       30.1490    36       37.7300       28.5100  4154359   24.44%
  14528  7907       32.6700    23       37.7300       28.5100  4163507   24.44%
Elapsed time = 1849.70 sec. (2509151.64 ticks, tree = 42.87 MB, solutions = 3)
  14552  7913       28.5100    48       37.7300       28.5100  4170504   24.44%
  14580  7935       30.0100    39       37.7300       28.5100  4179793   24.44%
  14607  7954       29.6491    34       37.7300       28.5100  4188635   24.44%
  14634  7974       34.4100    24       37.7300       28.5100  4197442   24.44%
  14658  7984       31.4811    23       37.7300       28.5100  4206926   24.44%
  14678  7997       30.2500    62       37.7300       28.5100  4214527   24.44%
  14703  8018       31.8449    51       37.7300       28.5100  4223458   24.44%
  14725  8031       33.0028    57       37.7300       28.5100  4233066   24.44%
  14752  8050       30.1406    49       37.7300       28.5100  4241492   24.44%
  14773  8065       29.1400    46       37.7300       28.5100  4249943   24.44%
Elapsed time = 1882.05 sec. (2548913.32 ticks, tree = 43.41 MB, solutions = 3)
  14793  8083       30.3500    44       37.7300       28.5100  4259429   24.44%
  14814  8098       30.0100    51       37.7300       28.5100  4268148   24.44%
  14829  8108       29.8100    61       37.7300       28.5100  4277533   24.44%
  14846  8114       30.7561    43       37.7300       28.5100  4284978   24.44%
  14868  8124       31.2125    46       37.7300       28.5100  4291802   24.44%
  14885  8135       32.0000    60       37.7300       28.5100  4298677   24.44%
  14908  8150       28.5100    57       37.7300       28.5100  4305859   24.44%
  14936  8171    infeasible             37.7300       28.5100  4312568   24.44%
  14963  8194       28.5100    50       37.7300       28.5100  4319364   24.44%
  14988  8208       28.5236    57       37.7300       28.5100  4327391   24.44%
Elapsed time = 1912.51 sec. (2588933.31 ticks, tree = 44.24 MB, solutions = 3)
  15015  8231       28.5125    64       37.7300       28.5100  4335890   24.44%
  15035  8245       28.5100    53       37.7300       28.5100  4343653   24.44%
  15048  8258       30.4640    42       37.7300       28.5100  4347883   24.44%
  15075  8274       31.2785    33       37.7300       28.5100  4356050   24.44%
  15109  8296       33.9200    26       37.7300       28.5100  4365665   24.44%
  15124  8306       29.1482    45       37.7300       28.5100  4374456   24.44%
  15157  8330    infeasible             37.7300       28.5100  4384067   24.44%
  15191  8353    infeasible             37.7300       28.5100  4394492   24.44%
  15212  8366       30.2505    53       37.7300       28.5100  4402484   24.44%
  15237  8386       33.5903    61       37.7300       28.5100  4410492   24.44%
Elapsed time = 1947.57 sec. (2633204.01 ticks, tree = 44.84 MB, solutions = 3)
  15250  8393       37.0800    28       37.7300       28.5100  4417785   24.44%
  15271  8407       34.7274    41       37.7300       28.5100  4426472   24.44%
  15314  8435    infeasible             37.7300       28.5100  4435724   24.44%
  15344  8451       28.5122    59       37.7300       28.5100  4444579   24.44%
  15369  8469       30.2522    53       37.7300       28.5100  4454639   24.44%
  15394  8483       30.8800    62       37.7300       28.5100  4464925   24.44%
  15421  8503       29.3518    48       37.7300       28.5100  4474580   24.44%
  15444  8517       28.5100    56       37.7300       28.5100  4482377   24.44%
  15472  8537       29.5547    33       37.7300       28.5100  4491505   24.44%
  15493  8546       28.5100    53       37.7300       28.5100  4498849   24.44%
Elapsed time = 1978.73 sec. (2672313.69 ticks, tree = 45.40 MB, solutions = 3)
  15518  8563       28.5122    53       37.7300       28.5100  4505931   24.44%
  15544  8581       29.1845    52       37.7300       28.5100  4513191   24.44%
  15568  8595       29.3400    47       37.7300       28.5100  4520945   24.44%
  15582  8607       30.8933    50       37.7300       28.5100  4529423   24.44%
  15610  8628       31.9300    28       37.7300       28.5100  4537034   24.44%
  15635  8642       29.1800    54       37.7300       28.5100  4545668   24.44%
  15666  8662       28.5100    61       37.7300       28.5100  4553501   24.44%
  15681  8671       28.5100    44       37.7300       28.5100  4561762   24.44%
  15706  8687       28.5100    47       37.7300       28.5100  4571052   24.44%
  15733  8706       29.1868    36       37.7300       28.5100  4579626   24.44%
Elapsed time = 2009.62 sec. (2711873.33 ticks, tree = 45.95 MB, solutions = 3)
  15748  8719       33.9200    13       37.7300       28.5100  4584006   24.44%
  15764  8728    infeasible             37.7300       28.5100  4592029   24.44%
  15782  8731       30.2522    45       37.7300       28.5100  4600189   24.44%
  15804  8749       30.4627    44       37.7300       28.5100  4609825   24.44%
  15821  8762       30.8593    47       37.7300       28.5100  4618632   24.44%
  15853  8784       32.6700    24       37.7300       28.5100  4627799   24.44%
  15880  8802       31.3500    59       37.7300       28.5100  4637337   24.44%
  15903  8819       34.1300    50       37.7300       28.5100  4645187   24.44%
  15929  8832       28.5100    55       37.7300       28.5100  4655183   24.44%
  15955  8853       31.8600    48       37.7300       28.5100  4664541   24.44%
Elapsed time = 2043.34 sec. (2753531.27 ticks, tree = 46.62 MB, solutions = 3)
  15985  8873    infeasible             37.7300       28.5100  4673414   24.44%
  16019  8899       32.3539    49       37.7300       28.5100  4677544   24.44%
  16052  8926       31.3480    49       37.7300       28.5100  4681903   24.44%
  16075  8938       28.5100    47       37.7300       28.5100  4686454   24.44%
  16101  8953       31.0100    34       37.7300       28.5100  4691807   24.44%
  16130  8967       28.5100    37       37.7300       28.5100  4695847   24.44%
  16167  8988    infeasible             37.7300       28.5100  4700269   24.44%
  16198  9005       33.9200    14       37.7300       28.5100  4704263   24.44%
  16225  9018       28.5163    47       37.7300       28.5100  4708095   24.44%
  16256  9037       29.1458    44       37.7300       28.5100  4712713   24.44%
Elapsed time = 2074.20 sec. (2792688.25 ticks, tree = 67.02 MB, solutions = 3)
  16289  9057       28.8500    64       37.7300       28.5100  4716894   24.44%
  16304  9068       30.9200    61       37.7300       28.5100  4719689   24.44%
  16329  9084       34.7700    47       37.7300       28.5100  4723610   24.44%
  16348  9099       29.0500    50       37.7300       28.5100  4724678   24.44%
  16387  9130       28.8799    48       37.7300       28.5100  4729185   24.44%
  16421  9156       32.1726    34       37.7300       28.5100  4733513   24.44%
  16444  9172       29.0248    59       37.7300       28.5100  4737258   24.44%
  16467  9190       29.3400    48       37.7300       28.5100  4740361   24.44%
  16496  9209       28.8500    60       37.7300       28.5100  4744214   24.44%
  16526  9226       29.3400    53       37.7300       28.5100  4748637   24.44%
Elapsed time = 2105.56 sec. (2835346.85 ticks, tree = 97.49 MB, solutions = 3)
  16559  9250       28.5148    59       37.7300       28.5100  4752660   24.44%
  16589  9274       28.5960    47       37.7300       28.5100  4756133   24.44%
  16614  9294       29.7900    36       37.7300       28.5100  4760058   24.44%
  16640  9313       28.5804    44       37.7300       28.5100  4764065   24.44%
  16669  9330       29.1400    38       37.7300       28.5100  4768069   24.44%
  16707  9356       29.8955    43       37.7300       28.5100  4771998   24.44%
  16743  9384       29.6175    55       37.7300       28.5100  4775798   24.44%
  16775  9401        cutoff             37.7300       28.5100  4780318   24.44%
  16793  9419       29.8247    54       37.7300       28.5100  4783398   24.44%
  16813  9434       31.5500    51       37.7300       28.5100  4786871   24.44%
Elapsed time = 2135.94 sec. (2874681.55 ticks, tree = 132.81 MB, solutions = 3)
  16847  9463       28.5131    49       37.7300       28.5100  4790339   24.44%
  16885  9487       28.5131    51       37.7300       28.5100  4794288   24.44%
  16924  9517       30.3014    43       37.7300       28.5100  4797931   24.44%
  16953  9536       29.8533    40       37.7300       28.5100  4801732   24.44%
  16982  9552       28.5787    51       37.7300       28.5100  4806876   24.44%
  17010  9571       29.1400    43       37.7300       28.5100  4810927   24.44%
  17041  9591       29.8100    40       37.7300       28.5100  4814893   24.44%
  17078  9617    infeasible             37.7300       28.5100  4820293   24.44%
  17109  9636        cutoff             37.7300       28.5100  4824849   24.44%
  17143  9660    infeasible             37.7300       28.5100  4828760   24.44%
Elapsed time = 2166.66 sec. (2914701.39 ticks, tree = 171.02 MB, solutions = 3)
  17148  9663       29.8100    37       37.7300       28.5100  4829434   24.44%
  17178  9685       30.2715    43       37.7300       28.5100  4833624   24.44%
  17216  9712    infeasible             37.7300       28.5100  4838272   24.44%
  17243  9732       34.0251    24       37.7300       28.5100  4842035   24.44%
  17280  9762       35.4800    36       37.7300       28.5100  4846547   24.44%
  17296  9774       30.1507    44       37.7300       28.5100  4851130   24.44%
  17332  9796       28.5100    50       37.7300       28.5100  4855440   24.44%
  17360  9820       33.1000    25       37.7300       28.5100  4859718   24.44%
  17386  9840       33.9896    49       37.7300       28.5100  4863526   24.44%
  17409  9853       29.1881    48       37.7300       28.5100  4866984   24.44%
Elapsed time = 2197.95 sec. (2955321.97 ticks, tree = 203.34 MB, solutions = 3)
  17439  9879       33.1213    33       37.7300       28.5100  4871392   24.44%
  17465  9896       31.3542    45       37.7300       28.5100  4875425   24.44%
  17497  9916       28.5100    49       37.7300       28.5100  4879376   24.44%
  17524  9937       28.5163    52       37.7300       28.5100  4884468   24.44%
  17553  9957        cutoff             37.7300       28.5100  4888914   24.44%
  17574  9975       28.5100    50       37.7300       28.5100  4892494   24.44%
  17601  9996       29.1849    51       37.7300       28.5100  4896537   24.44%
  17625 10016    infeasible             37.7300       28.5100  4900966   24.44%
  17665 10046       30.1500    50       37.7300       28.5100  4905406   24.44%
  17700 10063       29.1849    54       37.7300       28.5100  4909684   24.44%
Elapsed time = 2229.58 sec. (2995070.79 ticks, tree = 238.69 MB, solutions = 3)
  17743 10099       28.5100    57       37.7300       28.5100  4913472   24.44%
  17774 10124       29.1885    54       37.7300       28.5100  4917960   24.44%
  17803 10149       29.3400    40       37.7300       28.5100  4921554   24.44%
  17828 10165       28.6358    43       37.7300       28.5100  4925759   24.44%
  17851 10177       31.1819    45       37.7300       28.5100  4928527   24.44%
  17885 10205       31.2037    52       37.7300       28.5100  4933203   24.44%
  17910 10223       30.8815    49       37.7300       28.5100  4937811   24.44%
  17945 10248       29.2184    55       37.7300       28.5100  4943149   24.44%
  17968 10263        cutoff             37.7300       28.5100  4947430   24.44%
  17990 10280       28.5224    48       37.7300       28.5100  4951980   24.44%
Elapsed time = 2260.85 sec. (3034635.64 ticks, tree = 273.08 MB, solutions = 3)
  18012 10295       29.8435    49       37.7300       28.5100  4956156   24.44%
  18042 10310       29.3400    48       37.7300       28.5100  4961301   24.44%
  18048 10316       29.3400    34       37.7300       28.5100  4962381   24.44%
  18074 10335       28.6484    45       37.7300       28.5100  4966233   24.44%
  18100 10354       36.0660    39       37.7300       28.5100  4969985   24.44%
  18121 10366       37.0513    33       37.7300       28.5100  4973988   24.44%
  18142 10373       29.3400    45       37.7300       28.5100  4978289   24.44%
  18162 10386       28.5194    44       37.7300       28.5100  4981729   24.44%
  18204 10417    infeasible             37.7300       28.5100  4986108   24.44%
  18233 10439       33.0253    51       37.7300       28.5100  4990314   24.44%
Elapsed time = 2294.01 sec. (3078175.09 ticks, tree = 297.54 MB, solutions = 3)
  18278 10471       29.3400    36       37.7300       28.5100  4994181   24.44%
  18310 10492       28.5100    46       37.7300       28.5100  4997827   24.44%
  18348 10525       29.8332    46       37.7300       28.5100  5001989   24.44%
  18385 10548       29.1409    43       37.7300       28.5100  5006447   24.44%
  18415 10574       30.7529    40       37.7300       28.5100  5010426   24.44%
  18452 10596       29.1800    54       37.7300       28.5100  5015126   24.44%
  18483 10622       28.5100    57       37.7300       28.5100  5018355   24.44%
  18500 10639       28.5216    48       37.7300       28.5100  5020477   24.44%
  18545 10679       28.5181    50       37.7300       28.5100  5024007   24.44%
  18570 10699       28.5100    40       37.7300       28.5100  5027329   24.44%
Elapsed time = 2325.37 sec. (3117914.09 ticks, tree = 341.30 MB, solutions = 3)
  18624 10746       28.5100    41       37.7300       28.5100  5031156   24.44%
  18653 10762       32.0801    57       37.7300       28.5100  5035636   24.44%
  18675 10775        cutoff             37.7300       28.5100  5039843   24.44%
  18701 10798       34.5491    29       37.7300       28.5100  5044067   24.44%
  18725 10816       31.0629    55       37.7300       28.5100  5047213   24.44%
  18757 10841       33.9600    29       37.7300       28.5100  5051211   24.44%
  18824 10904       31.1500    32       37.7300       28.5100  5055017   24.44%
  18862 10931       28.5100    36       37.7300       28.5100  5059038   24.44%
  18915 10976       28.5100    33       37.7300       28.5100  5063402   24.44%
  18973 11020       28.5693    43       37.7300       28.5100  5067218   24.44%
Elapsed time = 2356.36 sec. (3157280.68 ticks, tree = 395.34 MB, solutions = 3)
  19014 11053       28.5544    42       37.7300       28.5100  5071607   24.44%
  19033 11068       32.0000    31       37.7300       28.5100  5074916   24.44%
  19071 11102       29.7900    30       37.7300       28.5100  5078939   24.44%
  19115 11140       32.1162    44       37.7300       28.5100  5083194   24.44%
  19142 11164       29.1400    52       37.7300       28.5100  5086968   24.44%
  19148 11170       31.0400    42       37.7300       28.5100  5088056   24.44%
  19175 11188       29.3532    48       37.7300       28.5100  5091849   24.44%
  19224 11232       28.5164    27       37.7300       28.5100  5095832   24.44%
  19244 11242       32.3300    42       37.7300       28.5100  5099925   24.44%
  19277 11261       28.5595    65       37.7300       28.5100  5103767   24.44%
Elapsed time = 2390.19 sec. (3201041.54 ticks, tree = 435.92 MB, solutions = 3)
  19303 11278    infeasible             37.7300       28.5100  5107881   24.44%
  19332 11297       36.4300    32       37.7300       28.5100  5111879   24.44%
  19351 11311       31.7859    27       37.7300       28.5100  5116004   24.44%
  19388 11332       28.5100    39       37.7300       28.5100  5119790   24.44%
  19428 11367       35.7900    15       37.7300       28.5100  5124061   24.44%
  19447 11380       30.9987    38       37.7300       28.5100  5127973   24.44%
  19472 11392       30.3978    41       37.7300       28.5100  5132799   24.44%
  19501 11418       37.0400    19       37.7300       28.5100  5137260   24.44%
  19534 11436       28.5425    50       37.7300       28.5100  5142147   24.44%
  19560 11454       28.8200    38       37.7300       28.5100  5146273   24.44%
Elapsed time = 2420.36 sec. (3240312.94 ticks, tree = 468.41 MB, solutions = 3)
  19588 11471       29.0026    51       37.7300       28.5100  5150972   24.44%
  19621 11492       28.5513    55       37.7300       28.5100  5155383   24.44%
  19668 11525       28.5100    40       37.7300       28.5100  5159723   24.44%
  19694 11550       29.9243    31       37.7300       28.5100  5163746   24.44%
  19734 11581       32.0900    29       37.7300       28.5100  5167354   24.44%
  19770 11606       32.0400    32       37.7300       28.5100  5171383   24.44%
  19801 11625       32.0000    19       37.7300       28.5100  5175642   24.44%
  19844 11661       31.8873    34       37.7300       28.5100  5180213   24.44%
  19880 11691       37.4700    32       37.7300       28.5100  5184457   24.44%
  19914 11719       37.4000    15       37.7300       28.5100  5188736   24.44%
Elapsed time = 2453.21 sec. (3279868.03 ticks, tree = 513.03 MB, solutions = 3)
  19946 11738       36.7618    32       37.7300       28.5100  5192547   24.44%
  19972 11760       29.1497    31       37.7300       28.5100  5195798   24.44%
  20031 11815       28.5106    41       37.7300       28.5100  5199235   24.44%
  20064 11840       29.8443    46       37.7300       28.5100  5202791   24.44%
  20083 11851       28.9642    35       37.7300       28.5100  5206609   24.44%
  20132 11889       31.1800    61       37.7300       28.5100  5210820   24.44%
  20166 11916       29.1100    38       37.7300       28.5100  5214136   24.44%
  20204 11950       28.8260    42       37.7300       28.5100  5218238   24.44%
  20234 11976       36.0900    35       37.7300       28.5100  5221621   24.44%
  20248 11986       37.4800    21       37.7300       28.5100  5224468   24.44%
Elapsed time = 2483.58 sec. (3319148.40 ticks, tree = 557.99 MB, solutions = 3)
  20280 12010       33.9068    43       37.7300       28.5100  5228275   24.44%
  20302 12023    infeasible             37.7300       28.5100  5232151   24.44%
  20324 12041       30.8514    49       37.7300       28.5100  5235270   24.44%
  20380 12092       30.3414    35       37.7300       28.5100  5238927   24.44%
  20433 12141       28.5251    45       37.7300       28.5100  5244337   24.44%
* 20448+11709                           36.9000       28.5100            22.74%
* 20448+10010                           34.6600       28.5100            17.74%
* 20448+ 9848                           34.4900       28.5100            17.34%
* 20448+ 9652                           34.2800       28.5100            16.83%
* 20448+ 8884                           33.4800       28.5100            14.84%
  20448  8886       28.5117    61       33.4800       28.5100  5246344   14.84%
  20475  8907       28.5120    47       33.4800       28.5100  5249753   14.84%
  20521  8947       28.5100    46       33.4800       28.5100  5253149   14.84%
  20548  8972       32.0000    25       33.4800       28.5100  5256923   14.84%
  20586  9002       28.5100    37       33.4800       28.5100  5260711   14.84%
Elapsed time = 2522.60 sec. (3368212.95 ticks, tree = 497.05 MB, solutions = 8)
  20638  9049       32.8238    24       33.4800       28.5100  5266095   14.84%
  20695  9098    infeasible             33.4800       28.5100  5270518   14.84%
  20726  9121       33.0300    22       33.4800       28.5100  5274694   14.84%
  20751  9136       31.3000    45       33.4800       28.5100  5278780   14.84%
  20780  9156       28.6300    29       33.4800       28.5100  5283006   14.84%
  20830  9196       30.9374    41       33.4800       28.5100  5286972   14.84%
  20848  9206       30.4600    25       33.4800       28.5100  5289347   14.84%
  20895  9245       32.6700    28       33.4800       28.5100  5293782   14.84%
  20952  9292        cutoff             33.4800       28.5100  5297783   14.84%
  20965  9297       32.4300    39       33.4800       28.5100  5301739   14.84%
Elapsed time = 2557.72 sec. (3413426.88 ticks, tree = 545.62 MB, solutions = 8)
  20982  9309       28.5197    62       33.4800       28.5100  5305102   14.84%
  20997  9323       31.5528    49       33.4800       28.5100  5307984   14.84%
  21010  9332       28.7968    72       33.4800       28.5100  5310600   14.84%
  21042  9357       28.5166    59       33.4800       28.5100  5313953   14.84%
  21108  9420       30.5900    42       33.4800       28.5100  5317388   14.84%
  21147  9452       29.8292    37       33.4800       28.5100  5321354   14.84%
  21172  9465        cutoff             33.4800       28.5100  5325566   14.84%
  21201  9488       28.5279    37       33.4800       28.5100  5328485   14.84%
  21272  9548        cutoff             33.4800       28.5100  5332192   14.84%
  21308  9577        cutoff             33.4800       28.5100  5335652   14.84%
Elapsed time = 2590.09 sec. (3452863.73 ticks, tree = 593.06 MB, solutions = 8)
  21347  9610       28.5100    41       33.4800       28.5100  5338789   14.84%
  21380  9639       28.5264    46       33.4800       28.5100  5342337   14.84%
  21405  9658       28.5131    50       33.4800       28.5100  5346128   14.84%
  21439  9686       28.5806    67       33.4800       28.5100  5349472   14.84%
  21474  9710    infeasible             33.4800       28.5100  5353177   14.84%
  21509  9737       32.4000    30       33.4800       28.5100  5357309   14.84%
  21544  9768       30.3773    24       33.4800       28.5100  5360847   14.84%
  21580  9793       29.2500    40       33.4800       28.5100  5364541   14.84%
  21612  9815       28.5149    34       33.4800       28.5100  5368023   14.84%
  21643  9841       28.6812    43       33.4800       28.5100  5371525   14.84%
Elapsed time = 2622.43 sec. (3491704.17 ticks, tree = 637.47 MB, solutions = 8)
  21679  9866       32.6841    43       33.4800       28.5100  5375335   14.84%
  21729  9904        cutoff             33.4800       28.5100  5379020   14.84%
  21750  9914       28.5100    36       33.4800       28.5100  5382974   14.84%
  21782  9934       28.5100    41       33.4800       28.5100  5386483   14.84%
  21818  9964       28.5100    39       33.4800       28.5100  5390043   14.84%
  21856  9991       28.7116    53       33.4800       28.5100  5393876   14.84%
  21896 10021       32.0000    34       33.4800       28.5100  5397539   14.84%
  21947 10059       28.5100    36       33.4800       28.5100  5401038   14.84%
  21998 10103        cutoff             33.4800       28.5100  5404858   14.84%
  22027 10126       30.5896    30       33.4800       28.5100  5408352   14.84%
Elapsed time = 2655.53 sec. (3530890.81 ticks, tree = 685.26 MB, solutions = 8)
  22050 10145       28.7164    35       33.4800       28.5100  5411417   14.84%
  22072 10156       30.1755    42       33.4800       28.5100  5414583   14.84%
  22119 10193       28.5264    59       33.4800       28.5100  5418926   14.84%
  22148 10213       28.5100    31       33.4800       28.5100  5421845   14.84%
  22191 10243        cutoff             33.4800       28.5100  5426599   14.84%
  22218 10263       32.3600    19       33.4800       28.5100  5429261   14.84%
  22251 10283       29.6300    37       33.4800       28.5100  5433670   14.84%
  22275 10297       30.0000    30       33.4800       28.5100  5437609   14.84%
  22295 10307       28.5100    29       33.4800       28.5100  5441825   14.84%
  22326 10329       28.5134    56       33.4800       28.5100  5445767   14.84%
Elapsed time = 2692.42 sec. (3576102.47 ticks, tree = 719.37 MB, solutions = 8)
  22357 10356       28.5128    44       33.4800       28.5100  5449890   14.84%
  22394 10382       32.0088    35       33.4800       28.5100  5453800   14.84%
  22423 10401       29.7638    36       33.4800       28.5100  5457639   14.84%
  22457 10424       32.0837    44       33.4800       28.5100  5460775   14.84%
  22483 10440       28.5266    61       33.4800       28.5100  5464491   14.84%
  22511 10465       28.5100    36       33.4800       28.5100  5468168   14.84%
  22554 10500        cutoff             33.4800       28.5100  5472079   14.84%
  22580 10521       28.5447    57       33.4800       28.5100  5475494   14.84%
  22605 10539       28.7114    55       33.4800       28.5100  5478942   14.84%
  22657 10587       29.9100    34       33.4800       28.5100  5482725   14.84%
Elapsed time = 2724.34 sec. (3615086.10 ticks, tree = 762.76 MB, solutions = 8)
  22689 10615       28.9266    33       33.4800       28.5100  5486991   14.84%
  22722 10642       31.7300    26       33.4800       28.5100  5490242   14.84%
  22758 10663       28.5100    39       33.4800       28.5100  5493827   14.84%
  22797 10697       28.5683    51       33.4800       28.5100  5497871   14.84%
  22841 10735    infeasible             33.4800       28.5100  5502235   14.84%
  22874 10758       28.5264    44       33.4800       28.5100  5505417   14.84%
  22899 10778       30.8000    37       33.4800       28.5100  5508994   14.84%
  22957 10827       29.3400    41       33.4800       28.5100  5512648   14.84%
  23007 10870       29.5967    55       33.4800       28.5100  5516230   14.84%
  23036 10890       28.5100    39       33.4800       28.5100  5520296   14.84%
Elapsed time = 2756.57 sec. (3654014.46 ticks, tree = 813.92 MB, solutions = 8)
  23065 10915       29.3800    43       33.4800       28.5100  5523590   14.84%
  23085 10929       28.5247    44       33.4800       28.5100  5527896   14.84%
  23117 10955       30.3608    30       33.4800       28.5100  5531251   14.84%
  23141 10970       28.5100    55       33.4800       28.5100  5534914   14.84%
  23172 10994    infeasible             33.4800       28.5100  5539073   14.84%
  23194 11008    infeasible             33.4800       28.5100  5543672   14.84%
  23222 11030       31.6215    40       33.4800       28.5100  5547469   14.84%
  23239 11041       29.4659    60       33.4800       28.5100  5551032   14.84%
* 23248+10544                           33.0300       28.5100            13.68%
  23250 10548       29.7144    45       33.0300       28.5100  5552574   13.68%
  23279 10568       30.6300    39       33.0300       28.5100  5555931   13.68%
Elapsed time = 2788.93 sec. (3693141.88 ticks, tree = 827.41 MB, solutions = 9)
  23302 10581       28.5100    43       33.0300       28.5100  5559621   13.68%
  23324 10600       30.6330    44       33.0300       28.5100  5563620   13.68%
  23346 10609    infeasible             33.0300       28.5100  5567658   13.68%
  23359 10620       30.0900    46       33.0300       28.5100  5570586   13.68%
  23379 10636       29.7406    73       33.0300       28.5100  5574634   13.68%
  23405 10650       28.5364    52       33.0300       28.5100  5578929   13.68%
  23431 10668       30.1090    56       33.0300       28.5100  5583064   13.68%
  23453 10681       28.7861    47       33.0300       28.5100  5586798   13.68%
  23469 10689       30.0900    56       33.0300       28.5100  5590694   13.68%
  23487 10698       31.2100    34       33.0300       28.5100  5594069   13.68%
Elapsed time = 2821.73 sec. (3732158.31 ticks, tree = 849.36 MB, solutions = 9)
  23510 10714       32.1700    22       33.0300       28.5100  5598102   13.68%
  23530 10728       32.3900    37       33.0300       28.5100  5602061   13.68%
  23548 10736       30.0900    43       33.0300       28.5100  5605220   13.68%
  23568 10750       29.1505    42       33.0300       28.5100  5609607   13.68%
  23582 10760       30.8381    46       33.0300       28.5100  5613272   13.68%
  23610 10774       28.5100    47       33.0300       28.5100  5616722   13.68%
  23644 10804       28.5164    42       33.0300       28.5100  5620991   13.68%
  23648 10808       29.1854    41       33.0300       28.5100  5621319   13.68%
  23681 10835       31.2900    36       33.0300       28.5100  5625405   13.68%
  23710 10860       30.0100    35       33.0300       28.5100  5629670   13.68%
Elapsed time = 2860.36 sec. (3780075.90 ticks, tree = 876.71 MB, solutions = 9)
  23734 10874       28.5279    41       33.0300       28.5100  5633300   13.68%
  23757 10891       29.5127    66       33.0300       28.5100  5637798   13.68%
  23780 10907       31.3138    52       33.0300       28.5100  5641643   13.68%
  23807 10926       28.5846    62       33.0300       28.5100  5646058   13.68%
  23826 10938       30.4300    35       33.0300       28.5100  5650132   13.68%
  23848 10950       30.1021    55       33.0300       28.5100  5654657   13.68%
  23876 10970       29.1492    61       33.0300       28.5100  5658273   13.68%
  23901 10989        cutoff             33.0300       28.5100  5662974   13.68%
  23929 11010       30.6300    33       33.0300       28.5100  5667213   13.68%
  23961 11027       30.0900    49       33.0300       28.5100  5671630   13.68%
Elapsed time = 2893.18 sec. (3818936.58 ticks, tree = 904.91 MB, solutions = 9)
  23981 11043       31.0800    38       33.0300       28.5100  5675297   13.68%
  24011 11070       32.0200    42       33.0300       28.5100  5679362   13.68%
  24037 11088       29.8199    38       33.0300       28.5100  5683914   13.68%
  24064 11106       32.5874    39       33.0300       28.5100  5687369   13.68%
  24088 11126       32.2705    32       33.0300       28.5100  5691450   13.68%
  24114 11144       28.5100    49       33.0300       28.5100  5695986   13.68%
  24138 11168       31.6369    40       33.0300       28.5100  5700481   13.68%
  24159 11177       30.3491    74       33.0300       28.5100  5704580   13.68%
  24187 11197       28.5100    35       33.0300       28.5100  5708713   13.68%
  24268 11260       29.8037    39       33.0300       28.5100  5724724   13.68%
Elapsed time = 2934.72 sec. (3869809.49 ticks, tree = 944.25 MB, solutions = 9)
  24342 11318       29.2350    64       33.0300       28.5100  5740603   13.68%
  24378 11342       31.4700    36       33.0300       28.5100  5749059   13.68%
  24449 11395       30.4600    37       33.0300       28.5100  5765933   13.68%
  24534 11452       28.5538    56       33.0300       28.5100  5782871   13.68%
  24623 11520       30.9700    48       33.0300       28.5100  5797631   13.68%
  24760 11635       28.7100    26       33.0300       28.5100  5813709   13.68%
  24898 11749       28.5307    49       33.0300       28.5100  5830267   13.68%
  25028 11851       29.4294    61       33.0300       28.5100  5846155   13.68%
  25145 11936       30.3753    46       33.0300       28.5100  5863252   13.68%
  25193 11970       30.0100    53       33.0300       28.5100  5875525   13.68%
Elapsed time = 3059.15 sec. (4024098.06 ticks, tree = 1063.79 MB, solutions = 9)
  25268 12023       29.7962    49       33.0300       28.5100  5892374   13.68%
  25359 12090       32.2400    35       33.0300       28.5100  5909745   13.68%
  25446 12151    infeasible             33.0300       28.5100  5925910   13.68%
  25527 12216       30.6897    42       33.0300       28.5100  5943247   13.68%
  25609 12264       28.5100    44       33.0300       28.5100  5957679   13.68%
  25668 12311       28.5116    42       33.0300       28.5100  5967411   13.68%
  25761 12368       28.5106    44       33.0300       28.5100  5983093   13.68%
  25880 12451       30.1600    37       33.0300       28.5100  5999622   13.68%
  25978 12506       30.9231    44       33.0300       28.5100  6015812   13.68%
  26072 12561       30.4600    33       33.0300       28.5100  6030955   13.68%
Elapsed time = 3185.04 sec. (4178826.04 ticks, tree = 1163.75 MB, solutions = 9)
  26162 12613       31.4212    34       33.0300       28.5100  6047738   13.68%
  26260 12679       29.8232    34       33.0300       28.5100  6063640   13.68%
  26333 12729       29.1811    61       33.0300       28.5100  6079660   13.68%
  26379 12761       28.5100    41       33.0300       28.5100  6086916   13.68%
  26472 12835       30.5677    35       33.0300       28.5100  6102301   13.68%
  26573 12909       31.8300    40       33.0300       28.5100  6114597   13.68%
  26694 13006       28.5132    42       33.0300       28.5100  6128658   13.68%
  26848 13131       32.6700    26       33.0300       28.5100  6142997   13.68%
  26965 13212       30.6300    32       33.0300       28.5100  6155890   13.68%
  27127 13346       30.8000    28       33.0300       28.5100  6171220   13.68%
Elapsed time = 3312.33 sec. (4332331.26 ticks, tree = 1296.30 MB, solutions = 9)
  27245 13437       32.4479    36       33.0300       28.5100  6186009   13.68%
  27344 13505       30.4674    44       33.0300       28.5100  6199771   13.68%
  27432 13563    infeasible             33.0300       28.5100  6212951   13.68%
  27548 13662       29.8797    33       33.0300       28.5100  6225191   13.68%
  27683 13762       30.6300    38       33.0300       28.5100  6240851   13.68%
  27780 13824       28.5306    38       33.0300       28.5100  6254837   13.68%
  27860 13875       30.7325    51       33.0300       28.5100  6265797   13.68%
  27969 13940    infeasible             33.0300       28.5100  6279514   13.68%
  28049 14001       31.2600    29       33.0300       28.5100  6292781   13.68%
  28114 14037       28.5100    46       33.0300       28.5100  6306524   13.68%
Elapsed time = 3445.71 sec. (4492314.87 ticks, tree = 1412.97 MB, solutions = 9)
  28187 14098       31.0400    39       33.0300       28.5100  6315579   13.68%
* 28248+13785                           32.7700       28.5100            13.00%
  28256 13791       28.5342    54       32.7700       28.5100  6327961   13.00%
  28343 13857       29.3800    42       32.7700       28.5100  6342825   13.00%
* 28348+11264                           31.5700       28.5100             9.69%
  28393 11297       28.5600    46       31.5700       28.5100  6350575    9.69%
  28480 11347       28.5172    54       31.5700       28.5100  6365551    9.69%
  28548 11390       30.4701    41       31.5700       28.5100  6379826    9.69%
  28612 11430       29.7929    43       31.5700       28.5100  6394495    9.69%
  28694 11479       29.3864    45       31.5700       28.5100  6410386    9.69%
  28748 11519       31.2600    36       31.5700       28.5100  6418368    9.69%
  28848 11578       30.5900    34       31.5700       28.5100  6432631    9.69%
Elapsed time = 3582.02 sec. (4660868.49 ticks, tree = 1223.77 MB, solutions = 11)
  28947 11645       28.8200    52       31.5700       28.5100  6446831    9.69%

GUB cover cuts applied:  9
Clique cuts applied:  114
Cover cuts applied:  29
Implied bound cuts applied:  10
Flow cuts applied:  19
Mixed integer rounding cuts applied:  87
Zero-half cuts applied:  1
Gomory fractional cuts applied:  9

Root node processing (before b&c):
  Real time             =   10.72 sec. (12609.08 ticks)
Sequential b&c:
  Real time             = 3589.28 sec. (4669439.25 ticks)
                          ------------
Total (root+branch&cut) = 3600.00 sec. (4682048.33 ticks)
