Version identifier: 22.1.0.0 | 2022-03-09 | 1a383f8ce
CPXPARAM_Read_DataCheck                          1
CPXPARAM_Threads                                 1
CPXPARAM_TimeLimit                               3600
Tried aggregator 2 times.
MIP Presolve eliminated 11244 rows and 1063 columns.
MIP Presolve modified 99866 coefficients.
Aggregator did 530 substitutions.
Reduced MIP has 20882 rows, 1737 columns, and 166111 nonzeros.
Reduced MIP has 1351 binaries, 0 generals, 0 SOSs, and 0 indicators.
Presolve time = 0.30 sec. (286.08 ticks)
Probing fixed 4 vars, tightened 7 bounds.
Probing time = 0.08 sec. (76.67 ticks)
Tried aggregator 1 time.
Detecting symmetries...
MIP Presolve eliminated 19 rows and 4 columns.
MIP Presolve modified 295 coefficients.
Reduced MIP has 20863 rows, 1733 columns, and 165910 nonzeros.
Reduced MIP has 1347 binaries, 0 generals, 0 SOSs, and 0 indicators.
Presolve time = 0.10 sec. (73.89 ticks)
Probing time = 0.01 sec. (7.96 ticks)
Clique table members: 9000.
MIP emphasis: balance optimality and feasibility.
MIP search method: dynamic search.
Parallel mode: none, using 1 thread.
Root relaxation solution time = 0.06 sec. (81.08 ticks)

        Nodes                                         Cuts/
   Node  Left     Objective  IInf  Best Integer    Best Bound    ItCnt     Gap

      0     0       32.0100   234                     32.0100      441         
      0     0       32.0100   125                   Cuts: 271      714         
      0     0       32.0100   176                  Cuts: 1863     1093         
      0     0       32.0100    98                   Cuts: 172     1229         
      0     0       32.0100   164                  Cuts: 1388     1632         
Detecting symmetries...
      0     2       32.0100    92                     32.0100     1632         
Elapsed time = 12.97 sec. (15225.93 ticks, tree = 0.01 MB, solutions = 0)
      1     3       32.0100   158                     32.0100     2398         
      4     6       34.2900   145                     32.0100     3028         
      8    10       32.0100   146                     32.0100     3939         
     13    15       32.0100   115                     32.0100     4137         
     15    17       32.0100   133                     32.0100     5037         
     19    20       32.0100   123                     32.0100     5696         
     23    24       32.0100   117                     32.0100     6020         
     26    27       34.4100   120                     32.0100     6630         
     32    33       32.0100    84                     32.0100     7153         
     47    48       32.0100    86                     32.0100     8245         
Elapsed time = 15.34 sec. (18843.11 ticks, tree = 0.65 MB, solutions = 0)
     65    62       32.0100   109                     32.0100    10388         
     80    75       32.0100    96                     32.0100    11603         
    104    89       32.0100    91                     32.0100    14159         
    117   102       34.2900    84                     32.0100    16363         
    121   106       34.7600    77                     32.0100    18603         
    127   112       34.7600    76                     32.0100    19890         
    139   124       34.7600    63                     32.0100    22048         
    144   129       34.7600    57                     32.0100    22605         
    158   143       34.7600    49                     32.0100    25238         
    169   152       34.7600    53                     32.0100    27493         
Elapsed time = 22.44 sec. (29489.99 ticks, tree = 3.54 MB, solutions = 0)
    177   158    infeasible                           32.0100    30015         
    192   161       32.0100    96                     32.0100    32005         
    200   167       32.0100    89                     32.0100    32629         
    220   187       32.0100    84                     32.0100    35261         
    240   201    infeasible                           32.0100    38464         
    245   206       32.0100    77                     32.0100    39873         
    263   222       32.0100    69                     32.0100    42528         
    271   228       34.8800    64                     32.0100    45158         
    273   226    infeasible                           32.0100    47767         
    277   230       37.0700    68                     32.0100    49706         
Elapsed time = 31.00 sec. (41554.23 ticks, tree = 3.63 MB, solutions = 0)
    283   236       39.9400    59                     32.0100    52135         
    289   238    infeasible                           32.0100    55352         
    299   248       32.0100    63                     32.0100    57239         
    300   249       32.0100    60                     32.0100    57253         
    317   266       32.0100    57                     32.0100    60097         
    329   278       32.0100    60                     32.0100    62609         
    338   283       37.3300    47                     32.0100    64235         
    340   285       37.3300    52                     32.0100    64856         
    352   297       37.3300    55                     32.0100    67740         
    362   305       37.8000    47                     32.0100    69615         
Elapsed time = 38.06 sec. (51929.40 ticks, tree = 4.36 MB, solutions = 0)
    371   311       37.8000    41                     32.0100    71774         
    376   314       37.8000    46                     32.0100    74067         
    383   313    infeasible                           32.0100    76669         
    387   317       37.8000    53                     32.0100    78489         
    400   330       40.5800    49                     32.0100    80573         
    418   346       40.5800    41                     32.0100    83369         
    429   351       40.5800    35                     32.0100    86091         
    438   352       32.0100    58                     32.0100    88356         
    440   354       32.4675    77                     32.0100    90076         
    453   367       37.3300    61                     32.0100    93147         
Elapsed time = 46.18 sec. (63864.26 ticks, tree = 5.04 MB, solutions = 0)
    463   377       37.3300    60                     32.0100    95534         
    478   384       32.0100    59                     32.0100    98248         
    480   386       32.0100    64                     32.0100    98802         
    490   396       32.0100    68                     32.0100   101447         
    497   402       32.4800    58                     32.0100   104373         
    507   410       32.6353    62                     32.0100   107669         
    515   418       34.3457    57                     32.0100   110174         
    519   422       33.1924    60                     32.0100   113073         
    522   423    infeasible                           32.0100   114451         
    535   426       39.9400    53                     32.0100   116257         
Elapsed time = 53.93 sec. (74583.62 ticks, tree = 5.55 MB, solutions = 0)
    561   436    infeasible                           32.0100   118692         
    570   445       39.9400    59                     32.0100   120462         
    583   458       32.0100    67                     32.0100   123118         
    599   472       34.7600    60                     32.0100   126095         
    609   479       39.5700    48                     32.0100   128972         
    618   483       46.4600    40                     32.0100   131834         
    622   483       40.1100    67                     32.0100   134822         
    637   498       40.1100    49                     32.0100   136615         
    650   509       40.1100    46                     32.0100   139243         
    658   513       37.3300    63                     32.0100   142403         
Elapsed time = 61.39 sec. (85114.88 ticks, tree = 5.83 MB, solutions = 0)
    672   527       37.3300    52                     32.0100   145360         
    682   533       37.3300    52                     32.0100   148163         
    698   547       37.3300    44                     32.0100   149682         
    705   552       37.3300    43                     32.0100   151577         
    713   556    infeasible                           32.0100   154671         
    720   561       37.3300    42                     32.0100   157494         
    728   561       32.0100    58                     32.0100   160014         
    741   564    infeasible                           32.0100   162501         
    746   563       32.0100    73                     32.0100   164518         
    757   574       32.0100    69                     32.0100   166240         
Elapsed time = 69.27 sec. (96505.87 ticks, tree = 8.77 MB, solutions = 0)
    769   586       32.0100    61                     32.0100   169653         
    783   598       32.5642    60                     32.0100   172781         
    792   604       34.7900    47                     32.0100   174954         
    798   604       41.1659    47                     32.0100   177995         
    807   608       37.7612    43                     32.0100   180878         
    818   613       32.0100    53                     32.0100   183119         
    827   618       32.0100    49                     32.0100   185512         
    834   617       36.8200    55                     32.0100   188716         
    842   619       37.3291    57                     32.0100   192047         
    851   618       34.5152    51                     32.0100   194992         
Elapsed time = 76.86 sec. (106988.04 ticks, tree = 9.23 MB, solutions = 0)
    862   625       33.1396    55                     32.0100   198415         
    872   628       32.0942    65                     32.0100   201650         
    882   634       32.0100    54                     32.0100   204318         
    888   636    infeasible                           32.0100   207166         
    895   635       39.6067    59                     32.0100   210029         
    907   645       43.1271    45                     32.0100   212201         
    917   652       48.1700    33                     32.0100   213550         
    928   659       32.0100    58                     32.0100   214799         
    935   664    infeasible                           32.0100   216605         
    972   679       39.6000    58                     32.0100   225038         
Elapsed time = 86.26 sec. (120216.18 ticks, tree = 13.94 MB, solutions = 0)
   1056   751       37.3300    50                     32.0100   234487         
   1092   774       42.2099    45                     32.0100   245926         
   1139   788       37.1615    52                     32.0100   256367         
   1181   803       40.4900    53                     32.0100   267403         
   1216   814       32.0375    57                     32.0100   278133         
   1273   836       38.5300    39                     32.0100   289791         
   1302   846       33.7200    47                     32.0100   299146         
   1344   875       32.4800    62                     32.0100   310447         
   1383   899       32.3045    56                     32.0100   321097         
   1468   949       32.3084    56                     32.0100   330081         
Elapsed time = 113.34 sec. (159644.62 ticks, tree = 15.79 MB, solutions = 0)
   1531   979       32.0100    69                     32.0100   340675         
   1582  1014       33.7200    54                     32.0100   351928         
   1636  1047       45.6600    23                     32.0100   362902         
   1682  1081       42.0600    20                     32.0100   373182         
   1730  1112       40.4900    35                     32.0100   383338         
   1812  1157    infeasible                           32.0100   393465         
   1855  1191       38.7800    44                     32.0100   404222         
   1890  1214       33.7200    51                     32.0100   415445         
   1979  1258    infeasible                           32.0100   425315         

Performing restart 1

Repeating presolve.
Tried aggregator 1 time.
Reduced MIP has 20863 rows, 1733 columns, and 165910 nonzeros.
Reduced MIP has 1347 binaries, 0 generals, 0 SOSs, and 0 indicators.
Presolve time = 0.06 sec. (54.67 ticks)
Tried aggregator 1 time.
Reduced MIP has 20863 rows, 1733 columns, and 165910 nonzeros.
Reduced MIP has 1347 binaries, 0 generals, 0 SOSs, and 0 indicators.
Presolve time = 0.09 sec. (70.68 ticks)
Represolve time = 0.30 sec. (262.90 ticks)
   2000     0       32.0100   144                   Cuts: 249   429034         
   2000     0       32.0100   192                  Cuts: 1272   429491         
   2000     0       32.0100   153                   Cuts: 522   429847         
   2000     0       32.0100   185                  Cuts: 2902   430305         
   2000     0       32.0100   143                    Cuts: 59   430563         
   2000     0       32.0100   173                  Cuts: 2466   430934         
   2000     0       32.0100   149                   Cuts: 366   431336         
   2000     0       32.0100   135                  Cuts: 3460   431673         
   2000     0       32.0100   151                  Cuts: 1327   432082         
   2000     2       32.0100    83                     32.0100   432082         
Elapsed time = 165.52 sec. (227948.53 ticks, tree = 0.01 MB, solutions = 0)
   2006     7       32.0100   138                     32.0100   432999         
   2016    16       32.0100   130                     32.0100   434262         
   2030    30       32.0100   128                     32.0100   435439         
   2040    40       32.0100   119                     32.0100   437282         
   2068    68       37.3300   106                     32.0100   440490         
   2099    98       32.0100    74                     32.0100   445433         
   2118   103       34.5700    78                     32.0100   450290         
   2136   116       48.5756    63                     32.0100   455953         
   2156   129       40.3600    58                     32.0100   462067         
   2166   132       34.5800    83                     32.0100   468624         
Elapsed time = 192.52 sec. (270089.50 ticks, tree = 2.19 MB, solutions = 0)
   2183   139    infeasible                           32.0100   473548         
   2197   151       32.0100    70                     32.0100   478256         
   2220   169       37.4070    65                     32.0100   484760         
   2232   171       32.0100    61                     32.0100   491356         
   2255   178    infeasible                           32.0100   498891         
   2273   189       32.0100    76                     32.0100   504457         
   2296   207       39.8950    66                     32.0100   511632         
   2310   216       32.0100    85                     32.0100   517998         
   2338   229    infeasible                           32.0100   525543         
   2362   232       39.8567    77                     32.0100   530895         
Elapsed time = 220.91 sec. (310036.90 ticks, tree = 3.15 MB, solutions = 0)
   2377   242       50.0900    57                     32.0100   537005         
   2396   254    infeasible                           32.0100   543245         
   2406   264       32.2306    80                     32.0100   547956         
   2434   288       40.3600    49                     32.0100   554894         
   2454   300       40.1961    84                     32.0100   561657         
   2472   305       50.5900    62                     32.0100   569099         
   2486   311    infeasible                           32.0100   575267         
   2507   328       40.9344    54                     32.0100   583055         
   2520   331       32.6494    81                     32.0100   590060         
   2551   345       39.8500    74                     32.0100   599572         
Elapsed time = 249.17 sec. (350632.30 ticks, tree = 4.24 MB, solutions = 0)
   2568   351    infeasible                           32.0100   605514         
   2592   366       46.3600    66                     32.0100   612425         
   2602   370       32.0100   173                     32.0100   616619         
   2617   384       32.0100   112                     32.0100   618481         
   2654   418       32.0100    85                     32.0100   621544         
   2686   448       34.4100    55                     32.0100   626982         
   2712   460       34.8800    54                     32.0100   633510         
   2726   472       38.9800    37                     32.0100   640010         
   2749   489       34.8800    42                     32.0100   646232         
   2775   510       38.6600    34                     32.0100   654454         
Elapsed time = 276.49 sec. (390819.05 ticks, tree = 4.93 MB, solutions = 0)
   2800   526    infeasible                           32.0100   662757         
   2825   537       45.0500    25                     32.0100   670995         
   2846   544       32.0100    54                     32.0100   678091         
   2866   564       32.6880    35                     32.0100   683904         
   2887   572    infeasible                           32.0100   691716         
   2907   580       36.0000    49                     32.0100   698968         
   2931   595       44.5500    18                     32.0100   708019         
   2943   597    infeasible                           32.0100   715598         
   2960   610       42.8497    39                     32.0100   723357         
   2982   619       34.4202    45                     32.0100   731819         
Elapsed time = 304.96 sec. (430344.43 ticks, tree = 5.79 MB, solutions = 0)

Performing restart 2

Repeating presolve.
Tried aggregator 1 time.
MIP Presolve eliminated 19 rows and 3 columns.
MIP Presolve modified 82 coefficients.
Reduced MIP has 20844 rows, 1730 columns, and 173526 nonzeros.
Reduced MIP has 1344 binaries, 0 generals, 0 SOSs, and 0 indicators.
Presolve time = 0.12 sec. (109.38 ticks)
Tried aggregator 1 time.
Reduced MIP has 20844 rows, 1730 columns, and 173526 nonzeros.
Reduced MIP has 1344 binaries, 0 generals, 0 SOSs, and 0 indicators.
Presolve time = 0.10 sec. (77.38 ticks)
Represolve time = 0.45 sec. (358.32 ticks)
   3000     0       32.0100   175                  Cuts: 1228   739910         
   3000     0       32.0100   193                  Cuts: 2250   740365         
   3000     0       32.0100   129                    Cuts: 35   740602         
   3000     0       32.0100   176                  Cuts: 1792   741066         
   3000     0       32.0100   110                    Cuts: 49   741270         
   3000     0       32.0100   163                  Cuts: 2636   741640         
   3000     0       32.0100   146                   Cuts: 100   741923         
   3000     0       32.0100   200                  Cuts: 2458   742426         
   3000     0       32.0100   134                   Cuts: 109   742766         
   3000     0       32.0100   150                  Cuts: 2866   743131         
   3000     0       32.0100   143                   Cuts: 224   743532         
   3000     2       32.0100    81                     32.0100   743532         
   3003     5       32.0100   175                     32.0100   745407         
   3010    12       32.0100   143                     32.0100   745604         
   3019    21       32.0100   104                     32.0100   746434         
   3028    30       32.0100    97                     32.0100   747143         
   3039    41       32.0100    86                     32.0100   747902         
   3050    52       32.0100    81                     32.0100   749035         
   3061    63       32.0100    98                     32.0100   750722         
   3070    72       32.0100    94                     32.0100   752673         
   3083    85       32.0100    71                     32.0100   753882         
Elapsed time = 395.01 sec. (555106.21 ticks, tree = 11.90 MB, solutions = 0)
   3094    93       40.6300    66                     32.0100   755219         
   3105    98       32.0100    81                     32.0100   757116         
   3114   107       32.0100    83                     32.0100   759709         
   3121   112       32.0100    77                     32.0100   760612         
   3130   121       32.0100    65                     32.0100   762555         
   3141   130    infeasible                           32.0100   764736         
   3148   137       32.0100    66                     32.0100   768167         
   3162   151       32.0100    64                     32.0100   771013         
   3174   157       35.5400    54                     32.0100   775439         
   3182   159       35.5400    50                     32.0100   778687         
Elapsed time = 421.36 sec. (596351.93 ticks, tree = 18.51 MB, solutions = 0)
   3194   163    infeasible                           32.0100   782074         
   3206   167       39.7500    55                     32.0100   786519         
   3214   171       39.7500    51                     32.0100   790030         
   3228   173       32.0562    61                     32.0100   794144         
   3241   174       33.4328    71                     32.0100   798768         
   3254   177       32.0100    72                     32.0100   803767         
   3282   204       35.0700    46                     32.0100   806433         
   3302   209       32.7607    70                     32.0100   810802         
   3315   212       32.0100    71                     32.0100   814725         
   3323   214       33.4112    72                     32.0100   819022         
Elapsed time = 449.74 sec. (638166.54 ticks, tree = 26.02 MB, solutions = 0)
   3340   217       32.0100    67                     32.0100   823149         
   3366   242       34.5700    61                     32.0100   824838         
   3383   258       38.7206    58                     32.0100   826991         
   3404   271       41.9600    53                     32.0100   830707         
   3420   276       32.0100    62                     32.0100   834093         
   3439   295       32.5100    59                     32.0100   837306         
   3462   312       39.1800    46                     32.0100   840420         
   3498   332       39.8900    65                     32.0100   844246         
   3517   346       46.7400    55                     32.0100   847753         
   3535   358       33.1164    61                     32.0100   851488         
Elapsed time = 476.71 sec. (679738.45 ticks, tree = 40.05 MB, solutions = 0)
   3556   371       37.3500    56                     32.0100   855842         
   3578   389       35.8489    62                     32.0100   859874         
   3599   408       35.0700    54                     32.0100   863945         
   3624   425       32.5100    55                     32.0100   868121         
   3642   435       34.5700    57                     32.0100   871985         
   3656   435       35.8298    66                     32.0100   876972         
   3678   445    infeasible                           32.0100   881200         
   3694   454       39.8900    74                     32.0100   883383         
   3707   462       48.5642    57                     32.0100   887083         
   3722   468       32.0100    68                     32.0100   891844         
Elapsed time = 503.51 sec. (718901.37 ticks, tree = 57.62 MB, solutions = 0)
   3743   477       41.4234    73                     32.0100   895566         
   3760   492       35.2900    60                     32.0100   899818         
   3777   497       44.2400    58                     32.0100   904732         
   3792   504       34.7900    78                     32.0100   909670         
   3809   504       32.5100    85                     32.0100   915544         
   3823   518       35.5800    81                     32.0100   920229         
   3838   529       42.6700    74                     32.0100   925545         
   3855   546       34.7900    66                     32.0100   929713         
   3880   567       39.1800    82                     32.0100   938908         
   3904   583       32.5100    77                     32.0100   944691         
Elapsed time = 532.55 sec. (759947.26 ticks, tree = 62.00 MB, solutions = 0)
   3920   595       35.0700    68                     32.0100   949046         
   3945   606       32.5100    73                     32.0100   954887         
   3958   611       32.0100    71                     32.0100   962047         
   3983   629       39.8900    77                     32.0100   966747         
   4000   644       44.9500    74                     32.0100   971856         
   4033   664       43.4900    61                     32.0100   977112         
   4049   674       35.0700    66                     32.0100   981669         
   4066   685       34.5700    66                     32.0100   987970         
   4087   694    infeasible                           32.0100   995239         
   4116   709       43.7300    63                     32.0100  1002187         
Elapsed time = 563.12 sec. (800246.79 ticks, tree = 62.08 MB, solutions = 0)
   4127   715       32.0752    73                     32.0100  1007221         
   4141   723       35.1191    70                     32.0100  1011896         
   4156   732       32.0100    71                     32.0100  1015414         
   4165   739       34.5700    65                     32.0100  1021280         
   4182   747       35.0700    77                     32.0100  1025692         
   4192   757       37.8500    63                     32.0100  1030248         
   4210   769       34.6185    83                     32.0100  1034749         
   4231   784       32.0100    91                     32.0100  1040646         
   4247   800       32.0100    88                     32.0100  1046022         
   4270   821       32.5100    65                     32.0100  1052683         
Elapsed time = 592.03 sec. (840599.83 ticks, tree = 62.12 MB, solutions = 0)
   4287   838       37.4700    65                     32.0100  1059645         
   4299   844       35.2093    61                     32.0100  1066932         
   4325   866       34.2900    83                     32.0100  1073404         
   4345   878    infeasible                           32.0100  1079352         
   4361   886    infeasible                           32.0100  1083760         
   4372   893       37.5370    74                     32.0100  1089761         
   4386   899       41.4500    63                     32.0100  1095314         
   4397   902       34.5700    78                     32.0100  1099322         
   4414   915       32.2094    71                     32.0100  1104832         
   4430   925       32.0100    88                     32.0100  1108811         
Elapsed time = 621.18 sec. (880794.03 ticks, tree = 61.66 MB, solutions = 0)
   4444   935    infeasible                           32.0100  1114028         
   4456   943       32.0100    76                     32.0100  1119747         
   4476   953       38.6700    99                     32.0100  1126450         
   4491   966       41.0700    88                     32.0100  1131388         
   4508   971       32.0100    93                     32.0100  1138705         
   4521   984       32.5100    89                     32.0100  1142990         
   4536   999       32.5100    81                     32.0100  1149598         
   4559  1008    infeasible                           32.0100  1157837         
   4584  1029       35.0700    63                     32.0100  1164344         
   4600  1038       34.5700    79                     32.0100  1169159         
Elapsed time = 650.64 sec. (920968.57 ticks, tree = 61.91 MB, solutions = 0)
   4620  1055       43.7300    72                     32.0100  1174883         
   4638  1062       36.9308    82                     32.0100  1182903         
   4653  1069       32.0100    80                     32.0100  1187169         
   4665  1078       35.0700    52                     32.0100  1192399         
   4676  1080       32.2958    62                     32.0100  1198121         
   4699  1091       35.0700    51                     32.0100  1203117         
   4721  1100       33.6300    74                     32.0100  1209326         
   4736  1105       32.0100    65                     32.0100  1215866         
   4754  1119       32.8263    67                     32.0100  1222294         
   4777  1129       33.4939    74                     32.0100  1229071         
Elapsed time = 680.75 sec. (960162.00 ticks, tree = 61.40 MB, solutions = 0)
   4807  1141       32.7304    72                     32.0100  1235003         
   4830  1142    infeasible                           32.0100  1243262         
   4853  1151       32.0100    86                     32.0100  1248618         
   4878  1160       32.5100    87                     32.0100  1256201         
   4902  1175       32.5100    60                     32.0100  1262900         
   4917  1184       36.7510    60                     32.0100  1269890         
   4932  1190       34.5832    61                     32.0100  1274744         
   4956  1208       35.3684    79                     32.0100  1280687         
   4968  1212       37.9629    71                     32.0100  1287494         
   4980  1219       39.1800    57                     32.0100  1292986         
Elapsed time = 712.08 sec. (1001201.53 ticks, tree = 61.37 MB, solutions = 0)
   4991  1226       39.9647    93                     32.0100  1298358         
   5000  1230       32.0100    63                     32.0100  1302949         
   5021  1241       34.5700    62                     32.0100  1311017         
   5040  1256       37.4700    58                     32.0100  1318088         
   5053  1259       33.1426    73                     32.0100  1324462         
   5084  1268       32.0100    77                     32.0100  1330074         
   5107  1276       34.7900    88                     32.0100  1338659         
   5125  1278       34.2900    62                     32.0100  1346856         
   5142  1283    infeasible                           32.0100  1352722         
   5161  1283    infeasible                           32.0100  1359694         
Elapsed time = 742.83 sec. (1041982.71 ticks, tree = 61.42 MB, solutions = 0)
   5178  1290       34.2900    75                     32.0100  1365558         
   5199  1300       34.8473    86                     32.0100  1372060         
   5221  1308       38.6700    70                     32.0100  1381392         
   5238  1317       34.2900    72                     32.0100  1386619         
   5250  1323       32.4384    70                     32.0100  1392021         
   5271  1330       34.5700    68                     32.0100  1398199         
   5295  1350       37.4700    71                     32.0100  1403444         
   5307  1362       37.4700    60                     32.0100  1409130         
   5329  1375    infeasible                           32.0100  1415472         
   5349  1383    infeasible                           32.0100  1422566         
Elapsed time = 772.51 sec. (1082320.10 ticks, tree = 61.42 MB, solutions = 0)
   5367  1392       32.1628    68                     32.0100  1428259         
   5389  1397       32.0100    69                     32.0100  1435957         
   5400  1402       32.0100    76                     32.0100  1440468         
   5421  1408       34.4311    72                     32.0100  1448846         
   5443  1422       35.0700    91                     32.0100  1455912         
   5462  1434       32.0100    85                     32.0100  1463042         
   5478  1450       32.5100    78                     32.0100  1469988         
   5496  1460       35.0700    62                     32.0100  1477052         
   5522  1475       32.5100    67                     32.0100  1484014         
   5542  1489       37.1894    74                     32.0100  1494310         
Elapsed time = 803.55 sec. (1123444.32 ticks, tree = 61.60 MB, solutions = 0)
   5555  1495       38.6700    72                     32.0100  1499527         
   5566  1495       35.0700    64                     32.0100  1507034         
   5578  1501       32.0100    70                     32.0100  1511568         
   5589  1504       32.0100    64                     32.0100  1516885         
   5604  1507       32.5100    63                     32.0100  1525388         
   5620  1516       38.3510    76                     32.0100  1530648         
   5633  1529       33.4043    73                     32.0100  1537132         
   5648  1538       32.0100    87                     32.0100  1543087         
   5657  1545    infeasible                           32.0100  1548517         
   5680  1555       32.0100    73                     32.0100  1555736         
Elapsed time = 834.14 sec. (1164364.91 ticks, tree = 61.49 MB, solutions = 0)
   5698  1564       35.0700    70                     32.0100  1563397         
   5719  1577       32.1250    71                     32.0100  1570799         
   5746  1588    infeasible                           32.0100  1579206         
   5773  1607       35.0700    58                     32.0100  1586698         
   5800  1619       32.8317    73                     32.0100  1592777         
   5835  1638       32.0100    79                     32.0100  1601107         
   5860  1659       32.0100    78                     32.0100  1608782         
   5872  1661       32.5100    76                     32.0100  1616709         
   5888  1669    infeasible                           32.0100  1622180         
   5902  1674       32.0100    74                     32.0100  1628553         
Elapsed time = 866.07 sec. (1204234.67 ticks, tree = 61.71 MB, solutions = 0)
   5915  1680       35.2425    73                     32.0100  1633916         
   5934  1686       32.1250    68                     32.0100  1639755         
   5950  1697       37.3500    62                     32.0100  1645576         
   5969  1706       33.0406    80                     32.0100  1652220         
   5993  1710       34.8478    80                     32.0100  1659604         
   6011  1724       38.3613    61                     32.0100  1666048         
   6038  1734       34.7900    88                     32.0100  1672987         
   6054  1747       37.8530    75                     32.0100  1680091         
   6067  1747       34.5700    84                     32.0100  1686779         
   6089  1764       32.0100    83                     32.0100  1693789         
Elapsed time = 897.59 sec. (1243388.42 ticks, tree = 61.84 MB, solutions = 0)
   6114  1785       37.8500    72                     32.0100  1701763         
   6136  1800       32.5100    81                     32.0100  1709966         
   6154  1812       32.5100    86                     32.0100  1718461         
   6175  1825       34.3274    80                     32.0100  1726335         
   6190  1825    infeasible                           32.0100  1735412         
   6213  1832       32.0100    87                     32.0100  1742745         
   6233  1841       35.0700    63                     32.0100  1748848         
   6244  1846       35.0700    70                     32.0100  1754320         
   6261  1863       35.0700    62                     32.0100  1760171         
   6281  1867       34.2900    83                     32.0100  1767082         
Elapsed time = 929.03 sec. (1283385.40 ticks, tree = 61.85 MB, solutions = 0)
   6308  1894       37.5700    74                     32.0100  1772517         
   6329  1912       37.5700    55                     32.0100  1778886         
   6349  1926    infeasible                           32.0100  1786098         
   6361  1926    infeasible                           32.0100  1792724         
   6381  1941       34.2062    81                     32.0100  1800498         
   6400  1940       32.0100    79                     32.0100  1808119         
   6429  1963       32.5219    71                     32.0100  1816441         
   6450  1978       34.4024    79                     32.0100  1823865         
   6467  1987       32.5100    84                     32.0100  1830808         
   6484  2002       40.0319    56                     32.0100  1837385         
Elapsed time = 958.94 sec. (1322803.23 ticks, tree = 63.41 MB, solutions = 0)
   6511  2016       36.5835    79                     32.0100  1841956         
   6533  2022    infeasible                           32.0100  1847838         
   6546  2018       43.7028    74                     32.0100  1856689         
   6557  2020       35.0700    59                     32.0100  1863921         
   6573  2023       32.2513    74                     32.0100  1868333         
   6588  2032       41.5021    60                     32.0100  1874624         
   6605  2043       32.5100    81                     32.0100  1881238         
   6617  2048       37.0242    61                     32.0100  1887243         
   6631  2047       32.0100    83                     32.0100  1893547         
   6656  2057       39.8900    81                     32.0100  1899144         
Elapsed time = 990.64 sec. (1362368.49 ticks, tree = 68.95 MB, solutions = 0)
   6668  2065       33.0200    97                     32.0100  1903552         
   6688  2085       35.4200    83                     32.0100  1908137         
   6707  2100       35.5800    61                     32.0100  1916646         
   6724  2112       35.7400    86                     32.0100  1923374         
   6737  2122       33.6131    85                     32.0100  1929729         
   6758  2135       35.0700    66                     32.0100  1936353         
   6775  2148       33.0200    83                     32.0100  1941527         
   6799  2164       35.0150    84                     32.0100  1949209         
   6816  2174       35.2900    78                     32.0100  1955752         
   6834  2180       35.0700    62                     32.0100  1962799         
Elapsed time = 1021.04 sec. (1403557.15 ticks, tree = 68.71 MB, solutions = 0)
   6858  2185       32.5100    60                     32.0100  1971186         
   6880  2197       32.0403    69                     32.0100  1979055         
   6903  2208       32.5794    80                     32.0100  1987392         
   6933  2228    infeasible                           32.0100  1995515         
   6946  2227       35.0700    68                     32.0100  2004911         
   6963  2237       32.2077    78                     32.0100  2010277         
   6995  2256       32.1430    79                     32.0100  2018265         
   7014  2265       37.8500    58                     32.0100  2026546         
   7033  2280       35.0700    75                     32.0100  2033703         
   7055  2295       35.0700    70                     32.0100  2042141         
Elapsed time = 1053.41 sec. (1443661.80 ticks, tree = 69.56 MB, solutions = 0)
   7074  2305    infeasible                           32.0100  2049477         
   7092  2323       37.1205    73                     32.0100  2055782         
   7115  2340       35.0700    66                     32.0100  2061593         
   7135  2346       34.3854    63                     32.0100  2068130         
   7151  2351       38.6700    70                     32.0100  2074371         
   7175  2363       37.1303    65                     32.0100  2081533         
   7203  2369       35.0700    80                     32.0100  2089607         
   7217  2374       32.0100    86                     32.0100  2096835         
   7231  2382       33.0200    86                     32.0100  2102937         
   7253  2402       35.5800    73                     32.0100  2110167         
Elapsed time = 1084.15 sec. (1484066.80 ticks, tree = 70.06 MB, solutions = 0)
   7276  2419       38.6700    73                     32.0100  2117170         
   7295  2434       35.0700    88                     32.0100  2121892         
   7323  2450       38.6700    69                     32.0100  2130638         
   7341  2457       32.0100    88                     32.0100  2138635         
   7358  2472       32.0100    82                     32.0100  2145604         
   7381  2488       32.5100    72                     32.0100  2153571         
   7414  2511       33.6998    82                     32.0100  2160587         
   7442  2527       38.3409    73                     32.0100  2169292         
   7468  2543       32.5100    79                     32.0100  2177870         
   7491  2560       35.0700    77                     32.0100  2188011         
Elapsed time = 1115.80 sec. (1524391.81 ticks, tree = 70.41 MB, solutions = 0)
   7513  2574       32.0100   110                     32.0100  2194996         
   7526  2587       32.5100    96                     32.0100  2198327         
   7545  2606       37.5700    77                     32.0100  2204144         
   7565  2620       42.3983    84                     32.0100  2211749         
   7587  2638       32.0100    85                     32.0100  2218396         
   7609  2657       32.5100   101                     32.0100  2225002         
   7627  2672       37.5798    88                     32.0100  2232600         
   7648  2681    infeasible                           32.0100  2239627         
   7672  2689    infeasible                           32.0100  2246389         
   7684  2701       37.4836    91                     32.0100  2251297         
Elapsed time = 1146.44 sec. (1564286.51 ticks, tree = 70.54 MB, solutions = 0)
   7705  2712       32.1345    86                     32.0100  2257455         
   7728  2726       34.4700   108                     32.0100  2261343         
   7740  2738       32.0100   106                     32.0100  2263953         
   7755  2753       32.0100    94                     32.0100  2267833         
   7781  2768       35.2900    73                     32.0100  2275180         
   7818  2796       37.3710    78                     32.0100  2282080         
   7840  2809       37.2153    77                     32.0100  2291289         
   7863  2823       34.3804    87                     32.0100  2297895         
   7878  2831       32.0100    88                     32.0100  2303888         
   7906  2853       32.1502    74                     32.0100  2308747         
Elapsed time = 1176.95 sec. (1604097.22 ticks, tree = 70.87 MB, solutions = 0)
   7943  2874       32.5100    77                     32.0100  2315638         
   7963  2884       32.0100    79                     32.0100  2322735         
   7978  2897       36.0732    62                     32.0100  2330058         
   7996  2908       32.5100    84                     32.0100  2336803         
   8015  2923       33.0200    94                     32.0100  2343272         
   8033  2937    infeasible                           32.0100  2351512         
   8050  2954       35.5800    84                     32.0100  2357975         
   8072  2970    infeasible                           32.0100  2366287         
   8095  2985       38.6700    70                     32.0100  2373692         
   8120  3004       32.8781    80                     32.0100  2381020         
Elapsed time = 1208.03 sec. (1644398.17 ticks, tree = 71.35 MB, solutions = 0)
   8155  3032       35.0700    71                     32.0100  2389409         
   8188  3051       40.1639    84                     32.0100  2398620         
   8209  3062       34.2900    81                     32.0100  2405288         
   8238  3076    infeasible                           32.0100  2414722         
   8255  3087       35.0700    71                     32.0100  2422196         
   8280  3102       32.0637    82                     32.0100  2430588         
   8299  3114       39.0310    69                     32.0100  2438571         
   8321  3130       37.3500    80                     32.0100  2444873         
   8336  3139       38.6700    85                     32.0100  2451820         
   8352  3155       40.9500    65                     32.0100  2459013         
Elapsed time = 1239.35 sec. (1684216.24 ticks, tree = 71.84 MB, solutions = 0)
   8376  3167       32.0100    79                     32.0100  2465397         
   8396  3187       34.8482    75                     32.0100  2472311         
   8418  3197       32.5100    77                     32.0100  2478843         
   8436  3210       32.0100    86                     32.0100  2485090         
   8460  3230       32.5100    76                     32.0100  2490364         
   8475  3243       37.9836    69                     32.0100  2497756         
   8494  3255       39.8900    81                     32.0100  2505423         
   8519  3269       32.5100    82                     32.0100  2513371         
   8540  3280       38.6700    73                     32.0100  2520102         
   8555  3291       38.6700    72                     32.0100  2527176         
Elapsed time = 1269.01 sec. (1723514.52 ticks, tree = 72.28 MB, solutions = 0)
   8582  3310       35.8000    78                     32.0100  2535771         
   8610  3328       35.6175    94                     32.0100  2545226         
   8637  3347       32.5100   101                     32.0100  2549499         
   8658  3366       35.8552    88                     32.0100  2556500         
   8677  3377       40.6300    71                     32.0100  2562565         
   8695  3389       38.6700    69                     32.0100  2568444         
   8717  3406       32.0100   101                     32.0100  2575373         
   8736  3425       36.2003    87                     32.0100  2581807         
   8756  3435       34.7900   130                     32.0100  2584976         
   8776  3455       34.7900    91                     32.0100  2588393         
Elapsed time = 1300.22 sec. (1762648.31 ticks, tree = 72.64 MB, solutions = 0)
   8794  3469    infeasible                           32.0100  2594008         
   8806  3481       32.5100    98                     32.0100  2597025         
   8820  3495       35.2900    82                     32.0100  2600616         
   8841  3516       35.0700    70                     32.0100  2603978         
   8856  3531       35.3754    77                     32.0100  2610331         
   8880  3551       34.5700    79                     32.0100  2616307         
   8907  3573       38.3600    83                     32.0100  2624414         
   8930  3581       32.0100    87                     32.0100  2631677         
   8964  3603       35.2900    92                     32.0100  2640518         
   8987  3626       34.7900    65                     32.0100  2646351         
Elapsed time = 1329.27 sec. (1801872.43 ticks, tree = 72.87 MB, solutions = 0)
   9013  3652       34.7900    52                     32.0100  2653036         
   9039  3674       40.1100    53                     32.0100  2659623         
   9062  3687       36.2543    73                     32.0100  2668052         
   9078  3698       38.6700    66                     32.0100  2675470         
   9099  3707    infeasible                           32.0100  2684335         
   9125  3729       35.5800    93                     32.0100  2690100         
   9142  3746       39.1800    82                     32.0100  2694738         
   9153  3753       39.1800    75                     32.0100  2699496         
   9178  3769       32.5172    92                     32.0100  2706962         
   9216  3791       34.2900    85                     32.0100  2715783         
Elapsed time = 1359.02 sec. (1841199.65 ticks, tree = 73.40 MB, solutions = 0)
   9245  3815       39.8900    83                     32.0100  2724035         
   9264  3826       34.7900    98                     32.0100  2732597         
   9288  3846       35.2900    77                     32.0100  2740444         
   9322  3874       38.2000    43                     32.0100  2746869         
   9351  3896       32.0100    92                     32.0100  2754501         
   9389  3930       35.2409    74                     32.0100  2762803         
   9433  3968       33.7802    51                     32.0100  2772013         
   9476  3995       32.8547    69                     32.0100  2781462         
   9519  4020       32.0100    55                     32.0100  2788431         
   9556  4051       41.9653    41                     32.0100  2795264         
Elapsed time = 1390.38 sec. (1880900.58 ticks, tree = 74.08 MB, solutions = 0)
   9569  4050       34.7900    66                     32.0100  2802509         
   9585  4059       35.0700    59                     32.0100  2808238         
   9618  4081       32.0665    53                     32.0100  2815425         
   9645  4103       37.4796    40                     32.0100  2822915         
   9683  4114       32.0100    55                     32.0100  2830496         
   9712  4137       33.5344    70                     32.0100  2838878         
   9750  4168       35.3872    74                     32.0100  2845875         
   9809  4199    infeasible                           32.0100  2853504         
   9848  4230       33.2773    65                     32.0100  2860764         
   9876  4248       32.6892    81                     32.0100  2869155         
Elapsed time = 1421.43 sec. (1920433.58 ticks, tree = 74.85 MB, solutions = 0)
   9919  4267       32.7071    76                     32.0100  2877782         
   9959  4284       35.0700    63                     32.0100  2887240         
   9992  4303       37.5948    67                     32.0100  2895812         
  10040  4327       33.3538    80                     32.0100  2903880         
  10074  4350       32.6138    66                     32.0100  2912372         
  10106  4372       32.5830    53                     32.0100  2921870         
  10138  4390       32.1311    67                     32.0100  2930408         
  10181  4420       33.5522    63                     32.0100  2938242         
  10213  4436       32.1520    66                     32.0100  2946851         
  10239  4446       38.3443    65                     32.0100  2953171         
Elapsed time = 1454.12 sec. (1960513.67 ticks, tree = 75.49 MB, solutions = 0)
  10263  4462       39.0530    58                     32.0100  2960585         
  10291  4474       35.1749    66                     32.0100  2966662         
  10324  4489       32.0100    64                     32.0100  2973745         
  10359  4511       32.0826    72                     32.0100  2981194         
  10384  4528    infeasible                           32.0100  2987567         
  10418  4554       35.8000    66                     32.0100  2994069         
  10442  4558    infeasible                           32.0100  3002239         
  10464  4572       33.0200    63                     32.0100  3008531         
  10487  4584    infeasible                           32.0100  3015466         
  10512  4603       32.1255    76                     32.0100  3020349         
Elapsed time = 1484.75 sec. (2000482.74 ticks, tree = 75.99 MB, solutions = 0)
  10547  4623       35.9352    85                     32.0100  3027850         
  10573  4642       33.2455    68                     32.0100  3034673         
  10600  4661       32.6878    82                     32.0100  3040608         
  10635  4692       38.9095    62                     32.0100  3048208         
  10657  4708       32.5821    76                     32.0100  3054698         
  10688  4733       37.3300    61                     32.0100  3062083         
  10705  4744    infeasible                           32.0100  3069838         
  10738  4757    infeasible                           32.0100  3077968         
  10764  4775       33.5522    68                     32.0100  3086467         
  10792  4791       35.0700    61                     32.0100  3094018         
Elapsed time = 1516.86 sec. (2039938.62 ticks, tree = 76.60 MB, solutions = 0)
  10820  4813       33.0795    73                     32.0100  3101962         
  10850  4829       34.6294    70                     32.0100  3110649         
  10878  4851       32.0100    98                     32.0100  3118239         
  10896  4865       36.6653    82                     32.0100  3125284         
  10924  4883       35.0700    82                     32.0100  3131694         
  10941  4896       33.5255    83                     32.0100  3138529         
  10983  4923       32.9086    75                     32.0100  3146932         
  11023  4951       37.8972    74                     32.0100  3156597         
  11059  4971       32.0100    69                     32.0100  3165902         
  11102  4990       32.0100    65                     32.0100  3173660         
Elapsed time = 1548.20 sec. (2079695.38 ticks, tree = 77.24 MB, solutions = 0)
  11138  5004       32.0100    69                     32.0100  3180699         
  11160  5022       34.5700    67                     32.0100  3188251         
  11182  5040       41.8918    70                     32.0100  3194273         
  11222  5057    infeasible                           32.0100  3201033         
  11247  5072       32.0100    65                     32.0100  3207689         
  11285  5094       33.2146    71                     32.0100  3215023         
  11309  5102       32.0100    70                     32.0100  3223977         
  11359  5130       35.7490    69                     32.0100  3231071         
  11400  5150       33.0200    59                     32.0100  3237635         
  11441  5177       32.6107    84                     32.0100  3245135         
Elapsed time = 1578.30 sec. (2118954.77 ticks, tree = 77.84 MB, solutions = 0)
  11474  5187       32.0100    73                     32.0100  3255148         
  11517  5212       35.9792    74                     32.0100  3263985         
  11561  5236       35.5800    68                     32.0100  3272231         
  11585  5246    infeasible                           32.0100  3280092         
  11620  5271       33.0795    75                     32.0100  3287469         
  11653  5286       35.2554    72                     32.0100  3295721         
  11681  5296       32.6572    87                     32.0100  3303763         
  11709  5313       36.3984    64                     32.0100  3311994         
  11743  5332    infeasible                           32.0100  3320612         
  11774  5345    infeasible                           32.0100  3329187         
Elapsed time = 1609.21 sec. (2158490.63 ticks, tree = 78.38 MB, solutions = 0)
  11810  5364       32.3530    87                     32.0100  3336827         
  11839  5385       32.0100    75                     32.0100  3344863         
  11873  5411       33.0200    73                     32.0100  3353032         
  11900  5427       32.0100    75                     32.0100  3360561         
  11929  5444       32.1888    67                     32.0100  3367904         
  11958  5465       37.3714    66                     32.0100  3374115         
  11998  5483    infeasible                           32.0100  3380217         
  12011  5492       35.0700    60                     32.0100  3386607         
  12024  5499       38.3674    74                     32.0100  3392551         
  12033  5506       32.0100    84                     32.0100  3398410         
Elapsed time = 1640.46 sec. (2197973.07 ticks, tree = 78.90 MB, solutions = 0)
  12051  5520       33.6929    89                     32.0100  3405479         
  12082  5540       32.0754    70                     32.0100  3413246         
  12131  5568       32.1370    83                     32.0100  3419877         
  12176  5594       32.0100    70                     32.0100  3426640         
  12200  5608    infeasible                           32.0100  3433320         
  12228  5624       34.2926    83                     32.0100  3441167         
  12257  5649       43.4100    40                     32.0100  3450451         
  12303  5676       32.0100    66                     32.0100  3457819         
  12352  5706       35.5800    54                     32.0100  3466059         
  12402  5735       33.1082    79                     32.0100  3475521         
Elapsed time = 1672.52 sec. (2238033.87 ticks, tree = 79.63 MB, solutions = 0)
  12439  5760       36.8910    76                     32.0100  3482192         
  12483  5786       32.0100    82                     32.0100  3490299         
  12522  5808       32.0100    75                     32.0100  3499106         
  12567  5837       36.2876    77                     32.0100  3507109         
  12627  5876       32.6834    82                     32.0100  3514964         
  12676  5906       34.6106    74                     32.0100  3523815         
  12712  5929       33.4648    74                     32.0100  3533000         
  12766  5965       32.0100    70                     32.0100  3540472         
  12798  5983       32.3899    76                     32.0100  3549592         
  12833  6006       32.0468    78                     32.0100  3557601         
Elapsed time = 1704.45 sec. (2277142.11 ticks, tree = 80.50 MB, solutions = 0)
  12876  6035       35.0700    60                     32.0100  3564156         
  12906  6054       34.8797    82                     32.0100  3570735         
  12949  6075       32.3726    84                     32.0100  3577363         
  12986  6102       33.2504    82                     32.0100  3583422         
  13010  6116       36.9736    76                     32.0100  3589811         
  13041  6139       35.2589    75                     32.0100  3596262         
  13058  6146       37.8500    69                     32.0100  3603925         
  13084  6162       33.0200    75                     32.0100  3612175         
  13112  6176       34.1186    72                     32.0100  3620261         
  13157  6209       34.0626    68                     32.0100  3627992         
Elapsed time = 1734.44 sec. (2316166.78 ticks, tree = 81.16 MB, solutions = 0)
  13186  6221       35.0929    83                     32.0100  3636610         
  13208  6234       32.0100    89                     32.0100  3644967         
  13247  6261       40.9500    71                     32.0100  3652608         
  13281  6286       35.1009    61                     32.0100  3661732         
  13322  6312       35.1434    80                     32.0100  3669137         
  13353  6333       37.8500    72                     32.0100  3676173         
  13380  6349       38.6700    77                     32.0100  3682595         
  13411  6367       35.0700    84                     32.0100  3690095         
  13450  6392       36.2830    97                     32.0100  3698744         
  13474  6405       32.4636    85                     32.0100  3705321         
Elapsed time = 1764.83 sec. (2356315.36 ticks, tree = 81.79 MB, solutions = 0)
  13498  6412       32.7230    73                     32.0100  3713073         
  13528  6430       32.8909    90                     32.0100  3721483         
  13551  6445       34.2900   102                     32.0100  3727315         
  13570  6460    infeasible                           32.0100  3731732         
  13590  6476       34.4700    91                     32.0100  3737035         
  13618  6498       34.5700    76                     32.0100  3745759         
  13658  6535       32.0100    65                     32.0100  3753047         
  13687  6554    infeasible                           32.0100  3761517         
  13700  6559       34.5700    91                     32.0100  3770146         
  13743  6582       33.0200    75                     32.0100  3778553         
Elapsed time = 1795.47 sec. (2395772.23 ticks, tree = 82.36 MB, solutions = 0)
  13770  6596    infeasible                           32.0100  3787496         
  13796  6608       34.5700    88                     32.0100  3796313         
  13830  6634       41.3400    64                     32.0100  3804115         
  13854  6648       34.6071    77                     32.0100  3813120         
  13885  6673       35.6070    58                     32.0100  3822079         
  13908  6690       35.1730    81                     32.0100  3830674         
  13935  6705       35.0700    62                     32.0100  3838536         
  13958  6716       37.3500    74                     32.0100  3846381         
  13982  6732       35.5140    72                     32.0100  3853903         
  14005  6745       33.2563    74                     32.0100  3861207         
Elapsed time = 1825.71 sec. (2434981.65 ticks, tree = 82.89 MB, solutions = 0)
  14029  6758       34.7139    77                     32.0100  3869256         
  14048  6768       34.5957    76                     32.0100  3876130         
  14065  6776       32.6347    74                     32.0100  3882744         
  14086  6785    infeasible                           32.0100  3889759         
  14114  6807    infeasible                           32.0100  3896229         
  14134  6815       32.0100    86                     32.0100  3903860         
  14163  6836       34.5700    83                     32.0100  3911471         
  14199  6859       35.0700    71                     32.0100  3919125         
  14230  6878       35.5800    97                     32.0100  3927404         
  14263  6903       32.5100    85                     32.0100  3936177         
Elapsed time = 1855.75 sec. (2474091.44 ticks, tree = 83.40 MB, solutions = 0)
  14286  6911       32.5100    75                     32.0100  3944652         
  14313  6934       35.0807    70                     32.0100  3951589         
  14338  6949       32.2818    83                     32.0100  3957809         
  14371  6980       34.7403    70                     32.0100  3965552         
  14394  6988       40.3470    74                     32.0100  3974396         
  14418  6996       32.0100    84                     32.0100  3984225         
  14441  7006       34.5700    94                     32.0100  3992332         
  14460  7017       34.1389    92                     32.0100  4000391         
  14483  7031       34.5700    72                     32.0100  4007468         
  14515  7059       35.0700    77                     32.0100  4015411         
Elapsed time = 1888.09 sec. (2514025.91 ticks, tree = 83.90 MB, solutions = 0)
  14534  7074       37.3500    96                     32.0100  4021433         
  14555  7091       34.5700    74                     32.0100  4028386         
  14582  7112       38.3600    79                     32.0100  4037217         
  14622  7137       32.0100    77                     32.0100  4045783         
  14644  7159       38.2816    88                     32.0100  4053471         
  14686  7180       35.5800    86                     32.0100  4060145         
  14718  7206       32.1529    95                     32.0100  4067688         
  14753  7232       32.5100    82                     32.0100  4074991         
  14776  7251    infeasible                           32.0100  4083758         
  14801  7268       33.0200    80                     32.0100  4091299         
Elapsed time = 1919.96 sec. (2553467.57 ticks, tree = 84.57 MB, solutions = 0)
  14834  7294       32.5100    91                     32.0100  4097557         
  14857  7313       36.3078    56                     32.0100  4104886         
  14876  7320       32.5100   101                     32.0100  4111256         
  14901  7339       32.0100    82                     32.0100  4117031         
  14926  7358       35.2900    68                     32.0100  4123767         
  14945  7368       37.8500    65                     32.0100  4130804         
  14963  7381       37.8085    74                     32.0100  4137438         
  14984  7394       32.1235    79                     32.0100  4144135         
  15010  7412       44.2400    68                     32.0100  4150288         
  15043  7439       37.3300    63                     32.0100  4156990         
Elapsed time = 1952.00 sec. (2593302.00 ticks, tree = 85.12 MB, solutions = 0)
  15077  7456       32.0100    76                     32.0100  4164454         
  15106  7471       37.5172    84                     32.0100  4171405         
  15134  7489       32.0100    87                     32.0100  4179184         
  15155  7506       33.0200    85                     32.0100  4187191         
  15189  7531       36.0193    81                     32.0100  4195375         
  15212  7543       38.5005    71                     32.0100  4203158         
  15255  7568       32.0100    89                     32.0100  4210850         
  15278  7583       32.0100    87                     32.0100  4217816         
  15302  7601       33.0200    78                     32.0100  4225809         
  15328  7612    infeasible                           32.0100  4233934         
Elapsed time = 1983.07 sec. (2632278.41 ticks, tree = 85.68 MB, solutions = 0)
  15356  7621    infeasible                           32.0100  4242378         
  15395  7651       33.3009    95                     32.0100  4250027         
  15429  7675       37.3300    74                     32.0100  4257663         
  15453  7691       32.0100    88                     32.0100  4266720         
  15480  7704    infeasible                           32.0100  4274362         
  15506  7718       35.8632    78                     32.0100  4283117         
  15525  7725       34.7900    75                     32.0100  4290573         
  15571  7755       35.8000    64                     32.0100  4298618         
  15610  7782       32.2353    80                     32.0100  4306766         
  15647  7805       32.0536    82                     32.0100  4315894         
Elapsed time = 2015.22 sec. (2671664.70 ticks, tree = 86.30 MB, solutions = 0)
  15691  7839       33.1805    78                     32.0100  4324145         
  15726  7859       35.6500    89                     32.0100  4333528         
  15756  7882       35.9615    66                     32.0100  4341170         
  15791  7909       39.3883    64                     32.0100  4348514         
  15812  7922       32.6495    84                     32.0100  4354766         
  15837  7936    infeasible                           32.0100  4361624         
  15869  7944       32.5100    89                     32.0100  4368113         
  15900  7967       35.9587    75                     32.0100  4375788         
  15919  7982       36.3311    76                     32.0100  4382817         
  15942  7996       33.4138    96                     32.0100  4390069         
Elapsed time = 2046.86 sec. (2711756.42 ticks, tree = 86.91 MB, solutions = 0)
  15962  8007       39.8900    64                     32.0100  4396818         
  15994  8029       32.0100    76                     32.0100  4404307         
  16033  8053       32.0100    76                     32.0100  4411204         
  16055  8067    infeasible                           32.0100  4419615         
  16078  8079       32.0100    81                     32.0100  4426764         
  16106  8099       33.0702    79                     32.0100  4435518         
  16141  8122       33.5331    82                     32.0100  4443225         
  16172  8143       35.4200    77                     32.0100  4451669         
  16203  8152       32.0681    86                     32.0100  4460651         
  16244  8178       32.2288    90                     32.0100  4468865         
Elapsed time = 2078.39 sec. (2751517.13 ticks, tree = 87.50 MB, solutions = 0)
  16291  8199    infeasible                           32.0100  4477393         
  16328  8218       32.5683    82                     32.0100  4485633         
  16369  8240       35.2644    64                     32.0100  4493478         
  16411  8278       38.7800    65                     32.0100  4501192         
  16452  8303       33.1505    88                     32.0100  4509747         
  16493  8328       34.8481    76                     32.0100  4518351         
  16543  8362       32.1876    85                     32.0100  4526270         
  16573  8379       35.9583    84                     32.0100  4535672         
  16610  8398       32.0689    78                     32.0100  4543804         
  16644  8418    infeasible                           32.0100  4552792         
Elapsed time = 2109.83 sec. (2790502.33 ticks, tree = 88.61 MB, solutions = 0)
  16675  8433       32.5100    76                     32.0100  4561279         
  16712  8457    infeasible                           32.0100  4570659         
  16745  8480       32.5100    69                     32.0100  4578186         
  16774  8498       34.8457    76                     32.0100  4584876         
  16800  8514       32.0100    88                     32.0100  4592639         
  16828  8530    infeasible                           32.0100  4600974         
  16846  8544       34.0636    79                     32.0100  4607836         
  16871  8552    infeasible                           32.0100  4614985         
  16894  8573       34.9325    67                     32.0100  4621547         
  16918  8595       35.4200    52                     32.0100  4629986         
Elapsed time = 2140.15 sec. (2830077.21 ticks, tree = 89.17 MB, solutions = 0)
  16949  8614       32.0100    74                     32.0100  4636431         
  16976  8630       32.0100    84                     32.0100  4644646         
  17012  8654       33.7985    88                     32.0100  4652070         
  17039  8663    infeasible                           32.0100  4660063         
  17064  8676       33.1571    86                     32.0100  4667389         
  17100  8704       32.4815    77                     32.0100  4674381         
  17132  8728       37.2646    91                     32.0100  4683380         
  17164  8740       36.0555    77                     32.0100  4691688         
  17192  8752       32.0100    85                     32.0100  4699274         
  17222  8772       34.7900    72                     32.0100  4706239         
Elapsed time = 2171.36 sec. (2869582.56 ticks, tree = 89.74 MB, solutions = 0)
  17252  8796       34.0865    93                     32.0100  4714395         
  17274  8808       35.0031    74                     32.0100  4721601         
  17304  8820    infeasible                           32.0100  4729738         
  17340  8844       32.0100    72                     32.0100  4737012         
  17377  8865       32.4062    72                     32.0100  4745039         
  17413  8879       32.0100    85                     32.0100  4752975         
  17450  8900       35.0700    76                     32.0100  4761496         
  17488  8930       32.2117    89                     32.0100  4769491         
  17531  8961       32.0100    84                     32.0100  4777167         
  17557  8981       36.7791    86                     32.0100  4786769         
Elapsed time = 2204.02 sec. (2909209.62 ticks, tree = 90.42 MB, solutions = 0)
  17590  9000       34.4700    72                     32.0100  4794594         
  17621  9019       36.3328    71                     32.0100  4803819         
  17654  9035       37.5079    93                     32.0100  4811195         
  17696  9059       33.2350    73                     32.0100  4818672         
  17740  9073       32.1212    80                     32.0100  4827995         
  17776  9099       32.1568    79                     32.0100  4835806         
  17800  9106       32.0100    85                     32.0100  4843847         
  17831  9131       33.0540    83                     32.0100  4850506         
  17857  9147       32.0466    76                     32.0100  4858355         
  17891  9168       37.8500    76                     32.0100  4865374         
Elapsed time = 2236.16 sec. (2949660.28 ticks, tree = 91.02 MB, solutions = 0)
  17911  9181    infeasible                           32.0100  4872975         
  17937  9191       35.0700    77                     32.0100  4881509         
  17957  9204    infeasible                           32.0100  4888369         
  17983  9221       32.5100    69                     32.0100  4894318         
  18016  9244       34.2141    75                     32.0100  4902015         
  18044  9260       35.9583    90                     32.0100  4909084         
  18082  9280       35.1400    92                     32.0100  4915619         
  18118  9300       37.6367    68                     32.0100  4924281         
  18155  9319    infeasible                           32.0100  4932729         
  18184  9339    infeasible                           32.0100  4938854         
Elapsed time = 2267.11 sec. (2989558.68 ticks, tree = 91.57 MB, solutions = 0)
  18206  9357       32.5100    78                     32.0100  4945904         
  18234  9380       38.6552    74                     32.0100  4953211         
  18262  9387    infeasible                           32.0100  4961174         
  18298  9413       34.9010    71                     32.0100  4969598         
  18344  9445       32.5628    82                     32.0100  4978252         
  18368  9457    infeasible                           32.0100  4988200         
  18410  9487       34.5740    93                     32.0100  4995541         
  18448  9513       32.5130    87                     32.0100  5003250         
  18505  9554       32.5338    84                     32.0100  5010293         
  18537  9576       36.8700    72                     32.0100  5019770         
Elapsed time = 2298.84 sec. (3029386.50 ticks, tree = 92.33 MB, solutions = 0)
  18562  9583       32.0100    78                     32.0100  5027441         
  18588  9597       35.0700    68                     32.0100  5035907         
  18611  9612       32.0100    78                     32.0100  5043229         
  18633  9625       32.0100    83                     32.0100  5051490         
  18658  9642       37.3300    87                     32.0100  5058898         
  18690  9666    infeasible                           32.0100  5067506         
  18727  9688    infeasible                           32.0100  5076848         
  18759  9702    infeasible                           32.0100  5085250         
  18788  9723       32.0100    79                     32.0100  5092833         
  18813  9734       32.0100    69                     32.0100  5100847         
Elapsed time = 2330.93 sec. (3068849.03 ticks, tree = 92.84 MB, solutions = 0)
  18848  9757       32.9038    74                     32.0100  5109328         
  18882  9779       32.9951    77                     32.0100  5117158         
  18913  9801    infeasible                           32.0100  5123642         
  18932  9810       34.5700    88                     32.0100  5130501         
  18961  9831       34.1750    95                     32.0100  5137872         
  18978  9843       38.4871    66                     32.0100  5144513         
  19012  9856    infeasible                           32.0100  5151697         
  19025  9863       39.0246    84                     32.0100  5158047         
  19049  9880       39.6097    83                     32.0100  5164480         
  19085  9902       32.0100    87                     32.0100  5171610         
Elapsed time = 2361.79 sec. (3108304.99 ticks, tree = 93.38 MB, solutions = 0)
  19115  9923       32.0163    78                     32.0100  5178778         
  19145  9934       32.5071    76                     32.0100  5185678         
  19181  9946       32.8030    83                     32.0100  5194059         
  19223  9968       32.0100    77                     32.0100  5201899         
  19254  9984    infeasible                           32.0100  5209936         
  19290 10008       32.0506    84                     32.0100  5217858         
  19329 10038       37.8049    67                     32.0100  5225527         
  19353 10046       32.1251    89                     32.0100  5234769         
  19388 10057       32.0100    93                     32.0100  5242070         
  19423 10085       32.7622    79                     32.0100  5249316         
Elapsed time = 2392.45 sec. (3147741.01 ticks, tree = 93.97 MB, solutions = 0)
  19458 10106       38.8114    81                     32.0100  5257152         
  19483 10123       32.5100    80                     32.0100  5264883         
  19511 10137       37.3300    69                     32.0100  5273813         
  19549 10161       34.2975    78                     32.0100  5282200         
  19582 10167       32.0100    82                     32.0100  5291569         
  19609 10177       33.3119    97                     32.0100  5300473         
  19656 10199    infeasible                           32.0100  5307329         
  19681 10213       32.0100    83                     32.0100  5315615         
  19713 10229    infeasible                           32.0100  5324821         
  19742 10249       35.8790    76                     32.0100  5332573         
Elapsed time = 2423.05 sec. (3186788.99 ticks, tree = 94.50 MB, solutions = 0)
  19769 10267       32.0100    82                     32.0100  5339670         
  19789 10281       33.3779    89                     32.0100  5347261         
  19816 10299       32.5100    72                     32.0100  5354699         
  19856 10326       35.3068    82                     32.0100  5362822         
  19889 10349       32.7680    88                     32.0100  5371473         
  19909 10364       35.2043    97                     32.0100  5380090         
  19946 10386       35.0700    74                     32.0100  5389255         
  19970 10400       35.9242    88                     32.0100  5395313         
  19998 10419    infeasible                           32.0100  5402389         
  20030 10441    infeasible                           32.0100  5409728         
Elapsed time = 2455.83 sec. (3225982.52 ticks, tree = 95.12 MB, solutions = 0)
  20062 10465       34.5213    78                     32.0100  5416215         
  20094 10487       33.6077    76                     32.0100  5423412         
  20120 10502       32.0158    80                     32.0100  5430390         
  20149 10521       32.1321    80                     32.0100  5436331         
  20176 10537       32.5100    73                     32.0100  5443345         
  20202 10559       33.6619    80                     32.0100  5450511         
  20231 10575       32.0118    92                     32.0100  5457257         
  20264 10596       32.9038    86                     32.0100  5463459         
  20286 10614       33.5147    95                     32.0100  5471321         
  20306 10628       35.6321    66                     32.0100  5477713         
Elapsed time = 2485.87 sec. (3264798.53 ticks, tree = 95.72 MB, solutions = 0)
  20349 10661       35.1911    65                     32.0100  5484091         
  20389 10684       32.2911    75                     32.0100  5490802         
  20425 10703       34.8911    85                     32.0100  5498311         
  20454 10732       34.4700    57                     32.0100  5505249         
  20485 10745       37.4372    86                     32.0100  5514481         
  20511 10757       33.0200    78                     32.0100  5523898         
  20540 10782       35.8388    71                     32.0100  5532450         
  20558 10789       32.0100    85                     32.0100  5540519         
  20586 10809    infeasible                           32.0100  5548983         
  20630 10841       32.0100    78                     32.0100  5556100         
Elapsed time = 2517.65 sec. (3303614.52 ticks, tree = 96.41 MB, solutions = 0)
  20658 10860       39.1800    59                     32.0100  5565268         
  20678 10868       35.1050    86                     32.0100  5573445         
  20713 10893    infeasible                           32.0100  5581455         
  20748 10910       35.0700    72                     32.0100  5590768         
  20775 10927       32.5100    83                     32.0100  5598211         
  20807 10951       35.0700    68                     32.0100  5607190         
  20842 10975    infeasible                           32.0100  5616889         
  20871 10990       32.0121    93                     32.0100  5626055         
  20901 11002       32.0100    84                     32.0100  5634082         
  20931 11017       32.3840    84                     32.0100  5642716         
Elapsed time = 2549.56 sec. (3342834.14 ticks, tree = 96.98 MB, solutions = 0)
  20974 11035       33.1624    98                     32.0100  5651304         
  21000 11044       32.8811    81                     32.0100  5659988         
  21028 11060       32.5100    81                     32.0100  5668323         
  21047 11065       32.1461    87                     32.0100  5675123         
  21072 11081       32.0574    82                     32.0100  5682959         
  21097 11095       32.0100    83                     32.0100  5691299         
  21120 11105       33.2313    85                     32.0100  5698217         
  21147 11121       32.9429    91                     32.0100  5706408         
  21175 11133       32.5895    84                     32.0100  5714328         
  21197 11144       37.8362    70                     32.0100  5721739         
Elapsed time = 2579.58 sec. (3382423.21 ticks, tree = 97.39 MB, solutions = 0)
  21231 11160       36.5267    69                     32.0100  5730436         
  21274 11188    infeasible                           32.0100  5738120         
  21311 11212       35.0700    72                     32.0100  5746365         
  21344 11233       32.0100    82                     32.0100  5754346         
  21373 11254       32.5100    89                     32.0100  5762066         
  21400 11276       32.5100    76                     32.0100  5768971         
  21428 11294       34.1280    85                     32.0100  5777321         
  21461 11319       32.0100    84                     32.0100  5784953         
  21488 11336    infeasible                           32.0100  5793295         
  21512 11354       32.0100    72                     32.0100  5802461         
Elapsed time = 2609.76 sec. (3421807.38 ticks, tree = 98.07 MB, solutions = 0)
  21555 11367       32.9282    79                     32.0100  5810525         
  21585 11377       33.1728    84                     32.0100  5819752         
  21620 11399       33.9448    80                     32.0100  5828749         
  21657 11417       32.0100    78                     32.0100  5837165         
  21689 11439       33.1729    85                     32.0100  5845960         
  21711 11451       34.7900    92                     32.0100  5854686         
  21737 11469       32.0100    88                     32.0100  5862757         
  21778 11506       32.0295    88                     32.0100  5869403         
  21811 11530       32.5100    83                     32.0100  5878249         
  21851 11557       32.5181    87                     32.0100  5887676         
Elapsed time = 2642.20 sec. (3461459.05 ticks, tree = 98.72 MB, solutions = 0)
  21891 11580       33.9388    69                     32.0100  5896273         
  21922 11599       42.6700    80                     32.0100  5905075         
  21948 11613       34.7799    65                     32.0100  5913790         
  21992 11640       32.2353    72                     32.0100  5921077         
  22030 11664       33.0200    71                     32.0100  5928929         
  22057 11685       36.1800    61                     32.0100  5936674         
  22080 11700       34.4700    65                     32.0100  5943826         
  22109 11719       33.3552    83                     32.0100  5951331         
  22131 11733       37.3300    78                     32.0100  5958035         
  22158 11744       33.9209    75                     32.0100  5965165         
Elapsed time = 2672.73 sec. (3500192.65 ticks, tree = 99.32 MB, solutions = 0)
  22179 11757       32.3877    93                     32.0100  5972392         
  22212 11778       32.0251    84                     32.0100  5978659         
  22237 11797    infeasible                           32.0100  5985852         
  22270 11812       37.3300    75                     32.0100  5992931         
  22296 11823       38.9311    71                     32.0100  6000610         
  22322 11841       34.7900    85                     32.0100  6007522         
  22346 11861    infeasible                           32.0100  6014401         
  22364 11870       40.6300    69                     32.0100  6021738         
  22385 11881       37.8500    61                     32.0100  6029533         
  22411 11897       32.5100    95                     32.0100  6037000         
Elapsed time = 2703.25 sec. (3539513.40 ticks, tree = 99.82 MB, solutions = 0)
  22440 11914       41.9600    58                     32.0100  6044819         
  22469 11929       32.0649    92                     32.0100  6052343         
  22499 11946    infeasible                           32.0100  6061224         
  22527 11958       38.5567    83                     32.0100  6068770         
  22559 11978       32.0100    91                     32.0100  6076532         
  22590 12003       32.0314    84                     32.0100  6084181         
  22633 12026    infeasible                           32.0100  6093601         
  22666 12043    infeasible                           32.0100  6102590         
  22705 12065       32.5100    88                     32.0100  6111524         
  22739 12090       32.5100    73                     32.0100  6120157         
Elapsed time = 2734.66 sec. (3578763.88 ticks, tree = 100.44 MB, solutions = 0)
  22773 12116       37.3625    68                     32.0100  6128205         
  22822 12149       32.0100    79                     32.0100  6136570         
  22853 12165       32.6442    74                     32.0100  6145743         
  22886 12178    infeasible                           32.0100  6153358         
  22919 12205       35.6257    68                     32.0100  6161809         
  22962 12234       33.3770    85                     32.0100  6170371         
  22990 12249       33.0819    81                     32.0100  6179209         
  23019 12268       32.5317    86                     32.0100  6186374         
  23064 12304       32.9237    82                     32.0100  6194576         
  23110 12330       32.1745    70                     32.0100  6203281         
Elapsed time = 2766.33 sec. (3617720.69 ticks, tree = 101.21 MB, solutions = 0)
  23138 12348       37.1331    69                     32.0100  6212117         
  23169 12365       32.7480    75                     32.0100  6221672         
  23193 12377       37.3300    83                     32.0100  6229907         
  23228 12405    infeasible                           32.0100  6236701         
  23267 12433       32.0100    87                     32.0100  6244149         
  23298 12458       32.4667    82                     32.0100  6251263         
  23330 12480       33.6135    93                     32.0100  6259158         
  23355 12497       33.0200    73                     32.0100  6266492         
  23377 12509       32.5100   103                     32.0100  6274344         
  23404 12522       32.5931    86                     32.0100  6281454         
Elapsed time = 2796.92 sec. (3657097.54 ticks, tree = 101.83 MB, solutions = 0)
  23446 12548    infeasible                           32.0100  6289050         
  23480 12571       32.5100    80                     32.0100  6296504         
  23504 12590       34.8372    86                     32.0100  6303364         
  23536 12615    infeasible                           32.0100  6310704         
  23564 12632       36.1859    79                     32.0100  6317793         
  23590 12650       34.8414    89                     32.0100  6324825         
  23619 12665       32.0100   103                     32.0100  6329962         
  23631 12677       32.0100   101                     32.0100  6334484         
  23643 12687    infeasible                           32.0100  6340048         
  23661 12699    infeasible                           32.0100  6345139         
Elapsed time = 2828.08 sec. (3696161.49 ticks, tree = 102.40 MB, solutions = 0)
  23674 12710       39.8900    71                     32.0100  6350608         
  23700 12722       33.0200    81                     32.0100  6357882         
  23733 12751       36.0566    88                     32.0100  6367007         
  23758 12768       33.0879    87                     32.0100  6373598         
  23786 12787       35.5800    64                     32.0100  6380664         
  23818 12803       35.5800    73                     32.0100  6389843         
  23844 12825       35.5800    73                     32.0100  6396208         
  23869 12846       34.7900    86                     32.0100  6402372         
  23887 12859       32.0100    88                     32.0100  6410540         
  23911 12879       34.8519    94                     32.0100  6417178         
Elapsed time = 2860.00 sec. (3735883.61 ticks, tree = 102.98 MB, solutions = 0)
  23933 12892       39.2306    57                     32.0100  6424055         
  23959 12912       43.4900    69                     32.0100  6430616         
  23983 12930       35.5589    70                     32.0100  6436484         
  24004 12943       32.0211    90                     32.0100  6443879         
  24021 12957    infeasible                           32.0100  6451013         
  24042 12972       39.1800    81                     32.0100  6460200         
  24060 12984       32.0387    86                     32.0100  6468241         
  24090 13005       32.5100   100                     32.0100  6474117         
  24113 13024       32.0777    85                     32.0100  6481118         
  24150 13053       33.0200    80                     32.0100  6488935         
Elapsed time = 2892.43 sec. (3775611.53 ticks, tree = 103.54 MB, solutions = 0)
  24187 13082    infeasible                           32.0100  6497548         
  24211 13101       35.0700    77                     32.0100  6503668         
  24247 13127    infeasible                           32.0100  6511634         
  24282 13156       35.8954    79                     32.0100  6520098         
  24317 13180       33.1611    82                     32.0100  6528559         
  24349 13204       33.0200    69                     32.0100  6536429         
  24375 13220       38.6700    78                     32.0100  6544607         
  24397 13239       32.0100    85                     32.0100  6551455         
  24426 13256       32.5455    88                     32.0100  6560414         
  24531 13330       34.2900    80                     32.0100  6594535         
Elapsed time = 2933.48 sec. (3826355.32 ticks, tree = 104.44 MB, solutions = 0)
  24647 13404       35.6250    83                     32.0100  6623511         
  24768 13478       32.0100    76                     32.0100  6655619         
  24874 13541       34.9473    82                     32.0100  6688114         
  24991 13612       32.0100    85                     32.0100  6717317         
  25101 13687       34.7900    74                     32.0100  6745528         
  25221 13769    infeasible                           32.0100  6773823         
  25295 13810       40.1200    89                     32.0100  6805142         
  25382 13867       35.0700    75                     32.0100  6833011         
  25481 13935       33.5965    73                     32.0100  6863069         
  25596 14019    infeasible                           32.0100  6894835         
Elapsed time = 3057.77 sec. (3980001.56 ticks, tree = 106.66 MB, solutions = 0)
  25704 14088       32.0100    99                     32.0100  6926571         
  25785 14143       35.9890    73                     32.0100  6955733         
  25873 14198       37.1932    66                     32.0100  6983692         
  25985 14256       32.0510    91                     32.0100  7016969         
  26066 14313       35.0700    96                     32.0100  7047119         
  26162 14377       33.0200    76                     32.0100  7076639         
  26249 14414       37.0700    75                     32.0100  7108743         
  26327 14463       37.7496    82                     32.0100  7137161         
  26412 14507       34.5096    86                     32.0100  7165324         
  26504 14570    infeasible                           32.0100  7192303         
Elapsed time = 3181.04 sec. (4134811.22 ticks, tree = 108.44 MB, solutions = 0)
  26598 14643       33.0200    90                     32.0100  7219336         
  26687 14695       35.5800    75                     32.0100  7249139         
  26780 14740       32.0100   103                     32.0100  7279893         
  26871 14798       39.8900    74                     32.0100  7312653         
  26963 14845    infeasible                           32.0100  7345781         
  27071 14929       36.0358    69                     32.0100  7376828         
  27193 15002       32.5100    80                     32.0100  7410375         
  27286 15063       34.7900    76                     32.0100  7444069         
  27429 15165       35.5935    81                     32.0100  7477879         
  27510 15221       37.3500    78                     32.0100  7508781         
Elapsed time = 3304.62 sec. (4289402.08 ticks, tree = 110.53 MB, solutions = 0)
  27594 15282       36.7830    65                     32.0100  7536374         
  27687 15344       35.0700    76                     32.0100  7565648         
  27773 15401       35.0700    74                     32.0100  7595456         
  27868 15461       32.5100    77                     32.0100  7623358         
  28013 15548       35.0700    79                     32.0100  7656317         
  28126 15613       32.6727    75                     32.0100  7689095         
  28262 15707       35.8085    75                     32.0100  7720505         
  28419 15802       38.6700    82                     32.0100  7752635         
  28510 15869    infeasible                           32.0100  7783497         
  28604 15937       35.0700    72                     32.0100  7813587         
Elapsed time = 3428.04 sec. (4442861.86 ticks, tree = 112.85 MB, solutions = 0)
  28716 16014       33.1058    75                     32.0100  7845028         
  28817 16081       32.6335    83                     32.0100  7873999         
  28898 16132       39.8900    98                     32.0100  7905026         
  28981 16190       40.6300    63                     32.0100  7932974         
  29051 16231       34.5700    86                     32.0100  7957665         
  29128 16260       35.5800    58                     32.0100  7981349         
  29215 16295       35.1753    76                     32.0100  8007628         
  29341 16346       39.0534    76                     32.0100  8036553         
  29438 16394       32.0100    92                     32.0100  8064878         
  29550 16444       32.5519    91                     32.0100  8094783         
Elapsed time = 3554.49 sec. (4597309.13 ticks, tree = 115.16 MB, solutions = 0)
  29635 16499       35.0700    66                     32.0100  8124327         
  29720 16549       38.4262    71                     32.0100  8153491         
  29847 16622       38.6700    80                     32.0100  8185074         

GUB cover cuts applied:  6
Clique cuts applied:  80
Cover cuts applied:  27
Implied bound cuts applied:  10
Flow cuts applied:  20
Mixed integer rounding cuts applied:  116
Zero-half cuts applied:  3
Gomory fractional cuts applied:  3

Root node processing (before b&c):
  Real time             =   12.93 sec. (15177.36 ticks)
Sequential b&c:
  Real time             = 3587.07 sec. (4638809.93 ticks)
                          ------------
Total (root+branch&cut) = 3600.00 sec. (4653987.29 ticks)
