Version identifier: 22.1.0.0 | 2022-03-09 | 1a383f8ce
CPXPARAM_Read_DataCheck                          1
CPXPARAM_Threads                                 1
CPXPARAM_TimeLimit                               3600
Tried aggregator 2 times.
MIP Presolve eliminated 14144 rows and 3653 columns.
MIP Presolve modified 105901 coefficients.
Aggregator did 1046 substitutions.
Reduced MIP has 22821 rows, 2201 columns, and 176586 nonzeros.
Reduced MIP has 1811 binaries, 0 generals, 0 SOSs, and 0 indicators.
Presolve time = 0.33 sec. (327.68 ticks)
Probing fixed 5 vars, tightened 0 bounds.
Probing time = 0.06 sec. (64.92 ticks)
Tried aggregator 1 time.
Detecting symmetries...
MIP Presolve eliminated 5 rows and 5 columns.
Reduced MIP has 22816 rows, 2196 columns, and 176459 nonzeros.
Reduced MIP has 1806 binaries, 0 generals, 0 SOSs, and 0 indicators.
Presolve time = 0.10 sec. (74.11 ticks)
Probing time = 0.01 sec. (10.74 ticks)
Clique table members: 15684.
MIP emphasis: balance optimality and feasibility.
MIP search method: dynamic search.
Parallel mode: none, using 1 thread.
Root relaxation solution time = 0.11 sec. (136.61 ticks)

        Nodes                                         Cuts/
   Node  Left     Objective  IInf  Best Integer    Best Bound    ItCnt     Gap

      0     0       40.8200   262                     40.8200      813         
      0     0       40.8200   109                   Cuts: 292     1056         
      0     0       40.8200   176                  Cuts: 1784     1494         
      0     0       40.8200   137                   Cuts: 391     1917         
      0     0       40.8200   140                  Cuts: 1665     2358         
Detecting symmetries...
      0     2       40.8200   100                     40.8200     2358         
Elapsed time = 12.92 sec. (15770.42 ticks, tree = 0.01 MB, solutions = 0)
      2     4       40.8200   131                     40.8200     3116         
      5     7       40.8200   121                     40.8200     3551         
      8    10       40.8200   117                     40.8200     4119         
     13    15       40.8200   119                     40.8200     4798         
     20    22       40.8200   115                     40.8200     5403         
     23    25       40.9600   120                     40.8200     6003         
     28    30       41.0400   115                     40.8200     6706         
     34    36       40.8200   116                     40.8200     7122         
     45    43       40.8200   118                     40.8200     7859         
     50    48       40.8200   118                     40.8200     8317         
Elapsed time = 15.44 sec. (19721.52 ticks, tree = 2.28 MB, solutions = 0)
     60    58       40.8200   111                     40.8200     9838         
     80    68       40.8200   108                     40.8200    12098         
     98    80       40.8200   114                     40.8200    15132         
    115    91       40.8200    92                     40.8200    17327         
    120    96       40.9700   101                     40.8200    18134         
    130   106       40.8200    83                     40.8200    20688         
    140   112       40.8200    88                     40.8200    23059         
    153   122    infeasible                           40.8200    25914         
    155   124       41.4700    73                     40.8200    27795         
    158   125       42.0500    68                     40.8200    28824         
Elapsed time = 23.30 sec. (31179.44 ticks, tree = 4.48 MB, solutions = 0)
    160   127       41.4700    69                     40.8200    29089         
    169   136       41.4700    68                     40.8200    31467         
    178   144       41.4700    59                     40.8200    34157         
    184   147       43.2773    65                     40.8200    37308         
    194   155       44.4124    50                     40.8200    39913         
    204   162       43.1703    60                     40.8200    41495         
    208   162       41.6100    72                     40.8200    43547         
    210   164       41.6100    64                     40.8200    44514         
    218   172       41.6100    59                     40.8200    46948         
    223   177       42.3887    60                     40.8200    48984         
Elapsed time = 31.43 sec. (42705.45 ticks, tree = 5.59 MB, solutions = 0)
    229   183       42.1901    49                     40.8200    51529         
    235   187       43.3100    40                     40.8200    53138         
    242   193       43.3219    41                     40.8200    54893         
    257   198       43.3219    38                     40.8200    56396         
    277   208       43.3316    34                     40.8200    57969         
    289   213       43.3800    29                     40.8200    59336         
    302   222       43.3800    18                     40.8200    60832         
    317   225       41.3251    68                     40.8200    62768         
    324   230       41.4700    61                     40.8200    63498         
    333   239       41.9145    65                     40.8200    65381         
Elapsed time = 39.13 sec. (54096.21 ticks, tree = 14.76 MB, solutions = 0)
    343   245       41.4803    52                     40.8200    66278         
    360   257       41.4803    46                     40.8200    67323         
    372   263    infeasible                           40.8200    68894         
    383   268       41.5768    49                     40.8200    70729         
    399   275    infeasible                           40.8200    72336         
    410   284       40.8211    74                     40.8200    74135         
    418   288       42.1600    57                     40.8200    75926         
    426   289    infeasible                           40.8200    77818         
    430   291       41.3445    66                     40.8200    79389         
    438   296       41.4700    69                     40.8200    81952         
Elapsed time = 47.00 sec. (65853.79 ticks, tree = 23.59 MB, solutions = 0)
    440   298       41.4700    69                     40.8200    82648         
    448   303    infeasible                           40.8200    85840         
    454   309       41.5123    60                     40.8200    87110         
    464   311    infeasible                           40.8200    89412         
    469   314       41.4635    89                     40.8200    91845         
    479   322       47.5600    43                     40.8200    93026         
    490   330       41.6110    63                     40.8200    94430         
    497   335       41.6000    52                     40.8200    95877         
    508   341       42.2900    42                     40.8200    98138         
    514   341       44.7000    43                     40.8200    99616         
Elapsed time = 54.52 sec. (77213.64 ticks, tree = 28.32 MB, solutions = 0)
    524   344       48.0059    43                     40.8200   101687         
    533   349       42.8100    61                     40.8200   102887         
    547   359       43.5300    43                     40.8200   104519         
    557   365       44.0900    37                     40.8200   105970         
    563   367    infeasible                           40.8200   107512         
    570   370       41.3200    78                     40.8200   109344         
    585   384       42.2643    92                     40.8200   111042         
    595   388       43.6000    69                     40.8200   113007         
    600   393       43.6000    59                     40.8200   114955         
    609   399       43.6000    52                     40.8200   117024         
Elapsed time = 61.53 sec. (87962.25 ticks, tree = 38.03 MB, solutions = 0)
    619   409       43.6000    44                     40.8200   118493         
    628   414       45.3243    39                     40.8200   120110         
    633   415       45.3200    80                     40.8200   122466         
    642   423       47.2689    61                     40.8200   124747         
    657   432       42.7400    59                     40.8200   126997         
    671   440       44.3017    48                     40.8200   128347         
    680   445    infeasible                           40.8200   129842         
    689   452       44.1289    47                     40.8200   131544         
    696   457    infeasible                           40.8200   133421         
    706   465       43.9900    38                     40.8200   135267         
Elapsed time = 68.57 sec. (98845.43 ticks, tree = 47.41 MB, solutions = 0)
    714   471       44.2457    41                     40.8200   136902         
    728   473       40.8200    90                     40.8200   137986         
    736   477    infeasible                           40.8200   139690         
    739   478       41.3200    79                     40.8200   140476         
    742   481       43.8800    68                     40.8200   140891         
    746   485       43.8800    68                     40.8200   141438         
    758   493       47.1608    56                     40.8200   143009         
    768   497       48.0700    69                     40.8200   145323         
    772   501       44.4812    78                     40.8200   146790         
    794   518       44.5500    51                     40.8200   148201         
Elapsed time = 76.59 sec. (109900.29 ticks, tree = 57.30 MB, solutions = 0)
    804   524    infeasible                           40.8200   149908         
    814   533       44.5500    39                     40.8200   151089         
    820   533       43.4098    80                     40.8200   152710         
    828   533       41.3200    85                     40.8200   154164         
    831   536       41.3200    88                     40.8200   154823         
    834   539       43.8800    71                     40.8200   155740         
    848   553       41.3200    87                     40.8200   157269         
    858   563       41.3200    82                     40.8200   158347         
    864   569       41.3200    71                     40.8200   160737         
    880   579       41.3200    64                     40.8200   164270         
Elapsed time = 86.46 sec. (124197.01 ticks, tree = 66.32 MB, solutions = 0)
    900   595       41.5424    63                     40.8200   170080         
    914   602    infeasible                           40.8200   175782         
    952   632       40.8699   112                     40.8200   181602         
    960   638       48.5400    73                     40.8200   183777         
    995   665       41.4600    75                     40.8200   187867         
   1036   703       43.7302    63                     40.8200   193531         
   1074   729       47.3993    38                     40.8200   197264         
   1109   745    infeasible                           40.8200   202335         
   1134   767       48.2300    45                     40.8200   205646         
   1170   797       44.5700    71                     40.8200   210697         
Elapsed time = 113.75 sec. (164428.80 ticks, tree = 103.39 MB, solutions = 0)
   1207   823    infeasible                           40.8200   215787         
   1238   851       42.3000    40                     40.8200   220505         
   1273   871       42.1600    72                     40.8200   225942         
   1319   913       42.1600    67                     40.8200   230694         
   1354   945    infeasible                           40.8200   236153         
   1389   974       47.0351    58                     40.8200   241033         
   1419   995       41.3200    77                     40.8200   246022         
   1456  1023    infeasible                           40.8200   251155         
   1486  1039    infeasible                           40.8200   256044         
   1520  1053       41.4803    86                     40.8200   259591         
Elapsed time = 138.70 sec. (204045.66 ticks, tree = 149.67 MB, solutions = 0)

Performing restart 1

Repeating presolve.
Tried aggregator 1 time.
MIP Presolve eliminated 1 rows and 1 columns.
Reduced MIP has 22815 rows, 2195 columns, and 176453 nonzeros.
Reduced MIP has 1805 binaries, 0 generals, 0 SOSs, and 0 indicators.
Presolve time = 0.06 sec. (58.99 ticks)
Tried aggregator 1 time.
MIP Presolve eliminated 54 rows and 4 columns.
Reduced MIP has 22761 rows, 2191 columns, and 176223 nonzeros.
Reduced MIP has 1801 binaries, 0 generals, 0 SOSs, and 0 indicators.
Presolve time = 0.10 sec. (76.19 ticks)
Represolve time = 0.50 sec. (500.28 ticks)
   1548     0       40.8200    92                    Cuts: 58   264155         
   1548     0       40.8200   152                  Cuts: 1263   264480         
   1548     0       40.8200   114                    Cuts: 54   264696         
   1548     0       40.8200   126                  Cuts: 2215   265013         
   1548     0       40.8200   117                   Cuts: 459   265328         
   1548     0       40.8200   141                  Cuts: 2100   265668         
   1548     0       40.8200   144                   Cuts: 252   266118         
   1548     2       40.8200    84                     40.8200   266118         
   1559    13       40.8200    80                     40.8200   266898         
   1573    27       40.8200   109                     40.8200   268320         
   1588    41       40.8200   106                     40.8200   269124         
   1621    72       41.2200    94                     40.8200   271755         
   1665   108    infeasible                           40.8200   276044         
   1693   118    infeasible                           40.8200   281910         
   1724   143       40.8200    94                     40.8200   286474         
   1783   198       40.8200    83                     40.8200   291164         
   1788   203       40.8200    81                     40.8200   292725         
Elapsed time = 187.54 sec. (275936.39 ticks, tree = 2.81 MB, solutions = 0)
   1808   222       43.1761    57                     40.8200   297115         
   1859   257       41.3400    67                     40.8200   301253         
   1905   303       41.3400    62                     40.8200   305329         
   1937   335       41.3400    63                     40.8200   311031         
   1952   350       41.1100    67                     40.8200   314627         
   1979   366       45.7400    49                     40.8200   319226         
   2022   402       41.1100    98                     40.8200   325288         
   2032   410       41.1100   110                     40.8200   326414         
   2075   450       41.1100    82                     40.8200   330556         
   2100   475       41.1100    70                     40.8200   334585         
Elapsed time = 214.69 sec. (316347.99 ticks, tree = 4.84 MB, solutions = 0)
   2110   485       41.1100    67                     40.8200   338790         
   2134   502       40.8200    75                     40.8200   345665         
   2165   533       44.1600   119                     40.8200   348342         
   2187   549       44.4200    80                     40.8200   352191         
   2209   567       46.3732    58                     40.8200   358318         
   2230   582       49.2900    53                     40.8200   365772         
   2268   614       42.3238    81                     40.8200   370910         
   2311   655       47.1300    68                     40.8200   376032         
   2341   685       47.1300    58                     40.8200   381263         
   2354   696       49.7309    54                     40.8200   386414         
Elapsed time = 242.87 sec. (357716.46 ticks, tree = 6.53 MB, solutions = 0)
   2373   700       40.8200   101                     40.8200   393183         
   2444   771       40.9600    60                     40.8200   397388         
   2463   785       48.2403    55                     40.8200   402432         
   2495   811       44.1400   106                     40.8200   407119         
   2526   833       44.6600    90                     40.8200   410766         
   2569   876       44.6600    65                     40.8200   416619         

Performing restart 2

Repeating presolve.
Tried aggregator 1 time.
Reduced MIP has 22761 rows, 2191 columns, and 179013 nonzeros.
Reduced MIP has 1801 binaries, 0 generals, 0 SOSs, and 0 indicators.
Presolve time = 0.06 sec. (58.83 ticks)
Tried aggregator 1 time.
Reduced MIP has 22761 rows, 2191 columns, and 179013 nonzeros.
Reduced MIP has 1801 binaries, 0 generals, 0 SOSs, and 0 indicators.
Presolve time = 0.10 sec. (76.45 ticks)
Represolve time = 0.37 sec. (293.91 ticks)
   2580     0       40.8200    94                    Cuts: 85   420548         
   2580     0       40.8200   142                  Cuts: 2264   421052         
   2580     0       40.8200   108                    Cuts: 44   421275         
   2580     0       40.8200   145                  Cuts: 2670   421656         
   2580     0       40.8200   134                    Cuts: 62   421923         
   2580     0       40.8200   154                  Cuts: 2930   422309         
   2580     0       40.8200   118                   Cuts: 207   422577         
   2580     0       40.8200   149                  Cuts: 2219   422979         
   2580     0       40.8200    90                    Cuts: 46   423143         
   2580     0       40.8200   130                  Cuts: 1612   423416         
   2580     0       40.8200   122                   Cuts: 141   423735         
   2580     2       40.8200    95                     40.8200   423735         
   2586     8       40.8200   110                     40.8200   424528         
   2599    21       40.8200    91                     40.8200   425062         
   2610    32       40.8200    99                     40.8200   426603         
Elapsed time = 331.62 sec. (479060.41 ticks, tree = 2.55 MB, solutions = 0)
   2620    42       40.8200    93                     40.8200   427957         
   2630    52       40.8200    88                     40.8200   429079         
   2644    66       40.8200    83                     40.8200   429924         
   2649    70       44.2300    73                     40.8200   431530         
   2661    82       44.2300    64                     40.8200   433560         
   2671    92       44.2300    70                     40.8200   436980         
   2680    99    infeasible                           40.8200   440382         
   2687   105       46.0420    53                     40.8200   443025         
   2699   108       48.9339    42                     40.8200   447450         
   2714   114       49.1200    49                     40.8200   450932         
Elapsed time = 357.00 sec. (521548.53 ticks, tree = 4.06 MB, solutions = 0)
   2723   115       41.0800   105                     40.8200   455392         
   2729   120       44.0000    79                     40.8200   457609         
   2736   127       44.0000    74                     40.8200   460498         
   2743   134       44.0000    67                     40.8200   462347         
   2759   145       48.8900    50                     40.8200   466605         
   2778   152       48.8900    39                     40.8200   472581         
   2785   155       43.4900   101                     40.8200   475487         
   2795   165       44.8200    89                     40.8200   478076         
   2803   173       44.2600    81                     40.8200   480609         
   2812   181       45.7395    80                     40.8200   484061         
Elapsed time = 382.85 sec. (562895.07 ticks, tree = 5.35 MB, solutions = 0)
   2825   188       45.9600    60                     40.8200   488142         
   2840   192       41.0800   108                     40.8200   490276         
   2853   205       41.0800   101                     40.8200   492601         
   2863   215       41.0800    80                     40.8200   494072         
   2877   229       41.2200    70                     40.8200   497713         
   2890   241       45.4088    61                     40.8200   501839         
   2915   250       40.8200    83                     40.8200   505256         
   2932   266       41.0800    80                     40.8200   507996         
   2945   279       41.0800    73                     40.8200   511949         
   2959   292       43.4300    57                     40.8200   516988         
Elapsed time = 409.87 sec. (604687.85 ticks, tree = 6.97 MB, solutions = 0)
   2974   299       50.6200    54                     40.8200   522104         
   2986   305       50.6200    46                     40.8200   527192         
   2999   310       40.8200    81                     40.8200   532469         
   3017   328       41.3800    77                     40.8200   535211         
   3042   353       41.7500    67                     40.8200   540395         
   3058   368       41.6100    57                     40.8200   546424         
   3070   377       43.3086    48                     40.8200   552218         
   3078   380       40.8200    81                     40.8200   556405         
   3096   396       41.0800    70                     40.8200   560709         
   3113   408       44.2600    55                     40.8200   567172         
Elapsed time = 436.92 sec. (645317.20 ticks, tree = 7.56 MB, solutions = 0)
   3136   426       40.9500    80                     40.8200   572924         
   3148   436       42.8100    64                     40.8200   577364         
   3166   453       43.2000    43                     40.8200   582962         
   3188   466    infeasible                           40.8200   589190         
   3203   481       41.4500    64                     40.8200   594225         
   3216   491       43.4300    55                     40.8200   598130         
   3230   500       50.5800    51                     40.8200   604098         
   3247   509       42.8843    65                     40.8200   609320         
   3281   533       40.8200    74                     40.8200   615594         
   3300   551       42.5500    66                     40.8200   620773         
Elapsed time = 466.23 sec. (686609.06 ticks, tree = 8.97 MB, solutions = 0)
   3315   556       40.8200    68                     40.8200   627069         
   3334   573       43.1700    50                     40.8200   632508         
   3352   582       40.8200    69                     40.8200   636965         
   3376   600       44.0500    72                     40.8200   642633         
   3388   609       46.2600    66                     40.8200   647454         
   3405   616       48.1200    66                     40.8200   654334         
   3422   623       43.4900    79                     40.8200   661899         
   3439   633       45.8681    66                     40.8200   666519         
   3463   648       42.8067    63                     40.8200   671424         
   3497   668    infeasible                           40.8200   676993         
Elapsed time = 495.45 sec. (726259.41 ticks, tree = 10.78 MB, solutions = 0)
   3509   676       45.1034    83                     40.8200   681872         
   3530   688       40.8289    78                     40.8200   686264         
   3552   706       44.4100    51                     40.8200   693208         
   3574   722       47.1200    34                     40.8200   699820         
   3603   738       40.8200    70                     40.8200   705207         
   3615   749       41.5300    74                     40.8200   710764         
   3622   755       44.5154    74                     40.8200   714844         
   3643   770       41.3800    74                     40.8200   720246         
   3665   782       40.8200    66                     40.8200   725412         
   3675   792       40.8583    76                     40.8200   731367         
Elapsed time = 524.30 sec. (766986.14 ticks, tree = 11.22 MB, solutions = 0)
   3707   813       40.8256    73                     40.8200   738577         
   3719   825       42.8174    88                     40.8200   742975         
   3728   831       42.8850    75                     40.8200   747227         
   3749   840    infeasible                           40.8200   752928         
   3760   845       40.8200    79                     40.8200   757856         
   3776   856       40.8200    68                     40.8200   762235         
   3798   877       47.3420    69                     40.8200   767532         
   3818   891       40.8200    67                     40.8200   773944         
   3833   903       41.3800    73                     40.8200   780450         
   3846   912       40.8200    66                     40.8200   784845         
Elapsed time = 552.21 sec. (806559.42 ticks, tree = 11.65 MB, solutions = 0)
   3860   922       40.8200    74                     40.8200   789898         
   3870   932       41.6100    74                     40.8200   796521         
   3879   940       41.8300    57                     40.8200   802493         
   3899   954       45.3500    51                     40.8200   808097         
   3915   964       41.3826    80                     40.8200   814178         
   3937   981       41.2740    82                     40.8200   819632         
   3952   988       40.8200    72                     40.8200   823850         
   3969  1005       46.3982    52                     40.8200   827950         
   4001  1027       41.1255    64                     40.8200   833387         
   4021  1037       40.8200    71                     40.8200   838596         
Elapsed time = 580.88 sec. (846186.40 ticks, tree = 12.32 MB, solutions = 0)
   4032  1048       41.1426    56                     40.8200   844618         
   4051  1061       41.6100    80                     40.8200   850546         
   4080  1075       43.0744    83                     40.8200   857668         
   4105  1082       42.5711    77                     40.8200   863479         
   4136  1099       40.8200    65                     40.8200   869557         
   4159  1119       45.2713    57                     40.8200   876640         
   4183  1134       47.1900    40                     40.8200   884024         
   4198  1142       45.1369    62                     40.8200   890830         
   4211  1149       40.8259    75                     40.8200   895793         
   4223  1159       42.7100    50                     40.8200   901437         
Elapsed time = 609.93 sec. (885818.71 ticks, tree = 12.75 MB, solutions = 0)
   4240  1169    infeasible                           40.8200   907216         
   4265  1185       45.1126    50                     40.8200   913028         
   4285  1193       41.1255    74                     40.8200   918538         
   4294  1202       41.2700    70                     40.8200   923911         
   4320  1223       46.1640    42                     40.8200   930316         
   4337  1233       44.0772    64                     40.8200   936672         
   4345  1238       47.1186    64                     40.8200   940178         
   4361  1247    infeasible                           40.8200   946915         
   4390  1271       48.7892    40                     40.8200   952874         
   4406  1275    infeasible                           40.8200   957816         
Elapsed time = 639.33 sec. (925220.71 ticks, tree = 13.87 MB, solutions = 0)
   4420  1284       40.8200    68                     40.8200   964216         
   4433  1297       45.8736    72                     40.8200   970255         
   4456  1315       45.4500    37                     40.8200   976835         
   4478  1324       41.4100    69                     40.8200   982929         
   4495  1335       43.4316    72                     40.8200   987712         
   4514  1346       43.1492    78                     40.8200   993089         
   4537  1354       40.8200    57                     40.8200   998121         
   4560  1369       41.2819    78                     40.8200  1004251         
   4587  1389    infeasible                           40.8200  1011249         
   4593  1393       41.3800    73                     40.8200  1015090         
Elapsed time = 670.10 sec. (965111.97 ticks, tree = 14.29 MB, solutions = 0)
   4608  1404       41.0543    74                     40.8200  1020124         
   4641  1424       41.3800    71                     40.8200  1026542         
   4649  1432       44.3952    72                     40.8200  1031823         
   4665  1444       41.8300    72                     40.8200  1037459         
   4679  1458       46.6400    52                     40.8200  1043920         
   4707  1471       43.6404    67                     40.8200  1050539         
   4737  1496       40.8496    80                     40.8200  1057323         
   4769  1519       40.8200    64                     40.8200  1064606         
   4785  1530       42.6588    85                     40.8200  1070703         
   4813  1549       40.8216    86                     40.8200  1077571         
Elapsed time = 700.99 sec. (1004492.86 ticks, tree = 15.20 MB, solutions = 0)
   4830  1554       40.8200    61                     40.8200  1082506         
   4843  1564       44.3623    55                     40.8200  1087519         
   4870  1582       47.3398    61                     40.8200  1092634         
   4887  1587       40.8215    58                     40.8200  1097435         
   4911  1606       45.2900    36                     40.8200  1102755         
   4933  1618       40.9532    70                     40.8200  1109263         
   4957  1636       42.1384    82                     40.8200  1114984         
   4995  1666       41.3800    66                     40.8200  1120555         
   5008  1677       42.9768    63                     40.8200  1127603         
   5032  1691       44.1959    78                     40.8200  1134667         
Elapsed time = 731.72 sec. (1044488.31 ticks, tree = 15.71 MB, solutions = 0)
   5077  1714       40.8200    68                     40.8200  1140673         
   5092  1729       41.4385    68                     40.8200  1147970         
   5115  1739       41.0500    69                     40.8200  1153313         
   5137  1759       44.1696    64                     40.8200  1160313         
   5163  1777       44.1742    85                     40.8200  1167835         
   5184  1790       41.3800    56                     40.8200  1175202         
   5201  1803    infeasible                           40.8200  1180618         
   5215  1816       43.3720    49                     40.8200  1185723         
   5235  1832       43.0160    67                     40.8200  1190297         
   5274  1864       45.2700    34                     40.8200  1197434         
Elapsed time = 762.56 sec. (1084270.21 ticks, tree = 16.34 MB, solutions = 0)
   5292  1872       40.8200    60                     40.8200  1202799         
   5316  1889       41.3800    72                     40.8200  1209453         
   5348  1906       40.8200    71                     40.8200  1216339         
   5367  1923       44.9014    67                     40.8200  1222898         
   5397  1943       42.9778    62                     40.8200  1228597         
   5424  1964       43.1024    83                     40.8200  1236083         
   5463  1978       41.0500    77                     40.8200  1241186         
   5491  1994       40.8200    80                     40.8200  1248220         
   5522  2021       41.8354    76                     40.8200  1254869         
   5551  2044       47.4305    69                     40.8200  1262060         
Elapsed time = 794.67 sec. (1124488.48 ticks, tree = 16.98 MB, solutions = 0)
   5578  2058       40.8200    81                     40.8200  1269854         
   5590  2065       41.0400    62                     40.8200  1277651         
   5617  2081       45.3180    47                     40.8200  1283335         
   5638  2092       41.6303    79                     40.8200  1289610         
   5647  2101       41.2000    87                     40.8200  1293826         
   5666  2111       41.0500    79                     40.8200  1299132         
   5690  2131       41.3800    83                     40.8200  1305241         
   5700  2141       41.4163    70                     40.8200  1311337         
   5725  2155       40.8227    82                     40.8200  1316127         
   5756  2177       41.1914    72                     40.8200  1321868         
Elapsed time = 824.97 sec. (1165192.31 ticks, tree = 17.55 MB, solutions = 0)
   5773  2188       41.6312    74                     40.8200  1327468         
   5802  2211       41.5107    65                     40.8200  1332468         
   5832  2226       40.8200    79                     40.8200  1339748         
   5863  2246       40.8200    69                     40.8200  1347179         
   5879  2258       45.1429    64                     40.8200  1353739         
   5890  2265       41.3800    86                     40.8200  1358966         
   5904  2279       42.3882    71                     40.8200  1365139         
   5933  2299       43.0068    82                     40.8200  1373190         
   5957  2315       43.3204    78                     40.8200  1378898         
   5982  2326       40.8200    62                     40.8200  1386116         
Elapsed time = 855.85 sec. (1204814.64 ticks, tree = 18.09 MB, solutions = 0)
   6008  2346       44.8412    61                     40.8200  1393109         
   6041  2365       40.8769    66                     40.8200  1400517         
   6069  2384       42.2574    67                     40.8200  1407859         
   6092  2400       41.3354    88                     40.8200  1414030         
   6120  2417       40.9323    62                     40.8200  1420224         
   6143  2430       41.2298    78                     40.8200  1425978         
   6168  2447       41.4709    80                     40.8200  1432483         
   6189  2462       41.7643    86                     40.8200  1439484         
   6214  2474       40.8200    83                     40.8200  1446239         
   6226  2485       43.7399    87                     40.8200  1451911         
Elapsed time = 886.86 sec. (1244668.87 ticks, tree = 18.65 MB, solutions = 0)
   6240  2494       45.0602    43                     40.8200  1457519         
   6264  2509       42.9853    76                     40.8200  1464055         
   6303  2541       46.8523    76                     40.8200  1470975         
   6327  2552       41.3820    74                     40.8200  1478648         
   6357  2576       41.6931    74                     40.8200  1485596         
   6375  2588       42.9435    78                     40.8200  1492575         
   6404  2605       40.8258    83                     40.8200  1501366         
   6436  2633       40.8200    70                     40.8200  1507953         
   6452  2649       41.9060    64                     40.8200  1516057         
   6476  2667       41.5200    63                     40.8200  1524279         
Elapsed time = 918.64 sec. (1284734.16 ticks, tree = 19.31 MB, solutions = 0)
   6497  2680       41.3800    77                     40.8200  1529030         
   6506  2689       41.4031    93                     40.8200  1536603         
   6523  2701       42.5455    77                     40.8200  1542283         
   6543  2712       41.6920    74                     40.8200  1548509         
   6564  2732       44.7009    51                     40.8200  1554682         
   6590  2751       47.2676    66                     40.8200  1559928         
   6621  2765       47.6742    64                     40.8200  1567121         
   6655  2781       41.8839    80                     40.8200  1573672         
   6685  2802       43.5200    68                     40.8200  1579765         
   6701  2812       41.3800    72                     40.8200  1586127         
Elapsed time = 949.23 sec. (1324783.13 ticks, tree = 19.83 MB, solutions = 0)
   6720  2825       40.8200    68                     40.8200  1593187         
   6751  2847       40.8200    70                     40.8200  1599523         
   6782  2864       41.2700    70                     40.8200  1608389         
   6806  2882       41.0993    71                     40.8200  1615615         
   6833  2905       46.1530    60                     40.8200  1623637         
   6886  2940       44.9170    52                     40.8200  1631802         
   6916  2966       42.8346    62                     40.8200  1639208         
   6939  2979       40.8200    71                     40.8200  1646432         
   6950  2986       42.0100    78                     40.8200  1652195         
   6965  3001       42.6045    79                     40.8200  1658625         
Elapsed time = 980.36 sec. (1365184.59 ticks, tree = 20.51 MB, solutions = 0)
   6974  3010       42.1969    79                     40.8200  1663983         
   7007  3029    infeasible                           40.8200  1670567         
   7022  3043       45.5390    53                     40.8200  1675771         
   7050  3063       42.6551    60                     40.8200  1681755         
   7072  3076       40.8341    84                     40.8200  1688747         
   7096  3093       42.0942    68                     40.8200  1694541         
   7131  3113       42.0100    79                     40.8200  1701420         
   7149  3131       42.0199    86                     40.8200  1707153         
   7169  3142       40.8200    78                     40.8200  1713258         
   7186  3159       43.3845    72                     40.8200  1719391         
Elapsed time = 1011.15 sec. (1405091.08 ticks, tree = 21.08 MB, solutions = 0)
   7222  3184       41.3800    80                     40.8200  1725057         
   7236  3196       40.8909    70                     40.8200  1732490         
   7267  3216       41.9968    72                     40.8200  1739704         
   7291  3236       42.9797    59                     40.8200  1746068         
   7331  3255       41.3800    71                     40.8200  1753576         
   7344  3268       40.9607    74                     40.8200  1760475         
   7377  3295       45.0807    71                     40.8200  1768307         
   7397  3310       42.9600    70                     40.8200  1774595         
   7412  3323       42.9600    65                     40.8200  1780717         
   7435  3341    infeasible                           40.8200  1788368         
Elapsed time = 1042.62 sec. (1444102.76 ticks, tree = 21.73 MB, solutions = 0)
   7451  3349       40.8200    77                     40.8200  1794649         
   7460  3358       40.8200    68                     40.8200  1799837         
   7475  3373       45.8944    80                     40.8200  1806509         
   7498  3389       42.5063    86                     40.8200  1812929         
   7531  3410       46.2564    53                     40.8200  1818501         
   7549  3420       41.3800    58                     40.8200  1825447         
   7575  3437       42.4572    79                     40.8200  1832603         
   7594  3448       46.4349    63                     40.8200  1838550         
   7610  3458       41.5200    67                     40.8200  1844636         
   7628  3470       43.1114    51                     40.8200  1852059         
Elapsed time = 1073.13 sec. (1484240.84 ticks, tree = 22.20 MB, solutions = 0)
   7654  3483       41.6192    77                     40.8200  1858166         
   7679  3498       40.8200    71                     40.8200  1863399         
   7708  3522       41.4905    77                     40.8200  1870953         
   7737  3547       48.2416    56                     40.8200  1878760         
   7765  3564       40.9285    75                     40.8200  1885257         
   7782  3575       40.8267    80                     40.8200  1889812         
   7804  3595       44.3044    67                     40.8200  1897408         
   7846  3618       46.3345    54                     40.8200  1903332         
   7873  3635       41.0083    71                     40.8200  1910959         
   7904  3662       43.2404    69                     40.8200  1918501         
Elapsed time = 1104.54 sec. (1523270.92 ticks, tree = 22.89 MB, solutions = 0)
   7936  3685       41.5405    54                     40.8200  1925013         
   7952  3696       42.2847    81                     40.8200  1931947         
   7980  3718       41.0500    80                     40.8200  1937282         
   8016  3744       40.8200    70                     40.8200  1943412         
   8045  3766       40.8216    74                     40.8200  1949162         
   8071  3783       47.7151    67                     40.8200  1956089         
   8088  3792       42.3088    73                     40.8200  1962507         
   8108  3798       40.8200    86                     40.8200  1969332         
   8119  3805       41.4000    77                     40.8200  1975265         
   8127  3813       45.8010    72                     40.8200  1980119         
Elapsed time = 1135.10 sec. (1563644.06 ticks, tree = 23.43 MB, solutions = 0)
   8146  3826       41.4021    72                     40.8200  1987471         
   8166  3842       42.8260    61                     40.8200  1994139         
   8191  3855       40.8200    77                     40.8200  1999771         
   8224  3883       40.8560    89                     40.8200  2006673         
   8250  3895       40.8200    80                     40.8200  2012382         
   8270  3910       45.0377    62                     40.8200  2019456         
   8299  3930       41.1522    70                     40.8200  2026262         
   8330  3946       42.0424    80                     40.8200  2034763         
   8358  3964       40.8537    89                     40.8200  2042508         
   8394  3984       44.2342    90                     40.8200  2049921         
Elapsed time = 1167.36 sec. (1603472.63 ticks, tree = 24.04 MB, solutions = 0)
   8416  4002       43.4067    67                     40.8200  2057997         
   8448  4014       40.8245    87                     40.8200  2066707         
   8474  4034       43.3800    74                     40.8200  2073925         
   8494  4050       41.0500    76                     40.8200  2079923         
   8510  4064       41.9184    74                     40.8200  2085470         
   8533  4077       45.7418    69                     40.8200  2093134         
   8562  4093       40.8200    79                     40.8200  2098963         
   8570  4100       45.1896    76                     40.8200  2104304         
   8595  4116       40.8657    84                     40.8200  2110630         
   8603  4124       45.1201    74                     40.8200  2116216         
Elapsed time = 1198.64 sec. (1642880.99 ticks, tree = 24.69 MB, solutions = 0)
   8628  4139       44.8094    72                     40.8200  2122048         
   8645  4153       46.0619    91                     40.8200  2128079         
   8669  4169       41.3815    88                     40.8200  2134363         
   8691  4191       47.2704    65                     40.8200  2141743         
   8709  4197       40.8200    61                     40.8200  2146673         
   8731  4212       41.4110    85                     40.8200  2154320         
   8767  4234       40.8393    74                     40.8200  2161169         
   8790  4251       40.9612    85                     40.8200  2168163         
   8810  4265       40.8303    67                     40.8200  2175067         
   8840  4286       40.8255    74                     40.8200  2182578         
Elapsed time = 1231.50 sec. (1683190.64 ticks, tree = 25.27 MB, solutions = 0)
   8871  4310       43.6675    78                     40.8200  2191021         
   8889  4324       41.5364    83                     40.8200  2197497         
   8919  4346       40.8200    77                     40.8200  2204216         
   8949  4372       40.8200    71                     40.8200  2211040         
   8974  4391       41.3800    97                     40.8200  2219179         
   8990  4400       41.1142    87                     40.8200  2225023         
   9019  4419       41.3800    72                     40.8200  2232124         
   9047  4439       40.9944    74                     40.8200  2240164         
   9079  4455       42.0808    70                     40.8200  2246749         
   9100  4465       41.8331    80                     40.8200  2254783         
Elapsed time = 1263.84 sec. (1723502.36 ticks, tree = 25.92 MB, solutions = 0)
   9118  4477       43.3561    68                     40.8200  2260523         
   9150  4493       42.0596    73                     40.8200  2266337         
   9169  4504       41.4056    89                     40.8200  2272428         
   9190  4519       40.8200    69                     40.8200  2278498         
   9203  4530       42.6688    59                     40.8200  2284960         
   9236  4548       42.5042    72                     40.8200  2291399         
   9258  4553       40.9488    62                     40.8200  2298257         
   9278  4569       43.7887    67                     40.8200  2305138         
   9305  4586       41.2839    83                     40.8200  2311852         
   9324  4595       41.6347    72                     40.8200  2319255         
Elapsed time = 1295.31 sec. (1763366.34 ticks, tree = 26.38 MB, solutions = 0)
   9346  4609       41.3837    70                     40.8200  2325553         
   9355  4614       42.4054    52                     40.8200  2331017         
   9391  4633       41.9053    68                     40.8200  2338288         
   9410  4644       40.9591    70                     40.8200  2346043         
   9433  4656       40.8203    70                     40.8200  2354060         
   9464  4677       41.3803    64                     40.8200  2361637         
   9488  4691       41.4509    70                     40.8200  2369073         
   9508  4705       41.3633    63                     40.8200  2374833         
   9526  4713       42.9600    61                     40.8200  2380932         
   9550  4731    infeasible                           40.8200  2387144         
Elapsed time = 1328.06 sec. (1802974.03 ticks, tree = 27.23 MB, solutions = 0)
   9573  4744    infeasible                           40.8200  2392643         
   9597  4760       40.8305    86                     40.8200  2398685         
   9613  4774       43.6806    69                     40.8200  2404676         
   9635  4790       45.5500    67                     40.8200  2411706         
   9655  4802    infeasible                           40.8200  2417433         
   9695  4824       42.1500    85                     40.8200  2424501         
   9709  4838       42.5700    68                     40.8200  2430455         
   9728  4851       48.9000    45                     40.8200  2437867         
   9740  4858       45.0295    65                     40.8200  2443811         
   9762  4874       41.3800    69                     40.8200  2448552         
Elapsed time = 1358.28 sec. (1841828.55 ticks, tree = 27.74 MB, solutions = 0)
   9777  4889       41.5272    77                     40.8200  2455383         
   9802  4908       40.8200    76                     40.8200  2460509         
   9819  4921       40.8200    80                     40.8200  2466349         
   9830  4932       40.8243    73                     40.8200  2472689         
   9845  4940       41.3809    67                     40.8200  2478300         
   9877  4961       42.4132    69                     40.8200  2484033         
   9900  4967       41.0500    64                     40.8200  2489271         
   9919  4980       40.8200    67                     40.8200  2496006         
   9937  4998       43.9166    72                     40.8200  2502297         
   9954  5009       42.4379    67                     40.8200  2510002         
Elapsed time = 1389.16 sec. (1881635.91 ticks, tree = 28.22 MB, solutions = 0)
   9984  5030       43.3388    90                     40.8200  2518351         
   9997  5043       44.3278    67                     40.8200  2524920         
  10015  5055       41.5459    72                     40.8200  2531489         
  10047  5078       43.4724    65                     40.8200  2539493         
  10071  5096       47.7307    64                     40.8200  2546670         
  10095  5112       41.2448    83                     40.8200  2553964         
  10120  5125       41.4656    77                     40.8200  2559843         
  10129  5134       41.7800    67                     40.8200  2567143         
  10165  5152       43.8000    59                     40.8200  2573450         
  10180  5161       42.0531    84                     40.8200  2579706         
Elapsed time = 1421.85 sec. (1921958.64 ticks, tree = 28.77 MB, solutions = 0)
  10202  5179       48.3442    66                     40.8200  2585491         
  10220  5186       41.4855    73                     40.8200  2592138         
  10233  5196       42.0642    94                     40.8200  2599646         
  10246  5205       41.3100    77                     40.8200  2606144         
  10262  5219       41.8374    72                     40.8200  2611669         
  10298  5238       41.3834    74                     40.8200  2620412         
  10318  5251       47.7898    74                     40.8200  2626867         
  10341  5264       41.3862    79                     40.8200  2633502         
  10358  5274       41.7448    83                     40.8200  2641128         
  10373  5285       41.3808    66                     40.8200  2648050         
Elapsed time = 1454.34 sec. (1962894.03 ticks, tree = 29.21 MB, solutions = 0)
  10402  5304       43.3600    75                     40.8200  2654628         
  10419  5317       40.9779    83                     40.8200  2663134         
  10441  5335       40.8244    58                     40.8200  2669898         
  10457  5344       41.3900    70                     40.8200  2676048         
  10478  5359       41.1199    73                     40.8200  2681426         
  10506  5375       43.8851    69                     40.8200  2687331         
  10519  5384       41.3897    76                     40.8200  2692271         
  10541  5396       41.3826    76                     40.8200  2698882         
  10560  5407       40.8363    76                     40.8200  2705205         
  10575  5416       41.6385    85                     40.8200  2712145         
Elapsed time = 1485.54 sec. (2002596.51 ticks, tree = 29.69 MB, solutions = 0)
  10599  5427       40.8200    76                     40.8200  2717939         
  10618  5442       40.9072    74                     40.8200  2723620         
  10639  5459       47.3580    64                     40.8200  2730729         
  10654  5470       40.9790    90                     40.8200  2736531         
  10679  5487       40.8200    67                     40.8200  2742514         
  10700  5501       40.8929    90                     40.8200  2748744         
  10736  5525    infeasible                           40.8200  2754870         
  10768  5542       43.5339    55                     40.8200  2760274         
  10786  5551       40.8736    92                     40.8200  2767695         
  10808  5566       42.0900    72                     40.8200  2774532         
Elapsed time = 1519.26 sec. (2043167.04 ticks, tree = 30.57 MB, solutions = 0)
  10845  5583       40.8200    62                     40.8200  2782701         
  10868  5600       41.5300    74                     40.8200  2788903         
  10882  5610       42.1914    61                     40.8200  2795772         
  10905  5629       41.7426    59                     40.8200  2802736         
  10922  5639       41.8817    88                     40.8200  2809694         
  10937  5646       41.0500    65                     40.8200  2816696         
  10950  5659       42.1870    90                     40.8200  2823073         
  10975  5674       42.1136    71                     40.8200  2830308         
  11008  5692       43.1811    49                     40.8200  2837206         
  11019  5699       42.6348    67                     40.8200  2844509         
Elapsed time = 1551.42 sec. (2082688.07 ticks, tree = 31.40 MB, solutions = 0)
  11038  5712       41.0634    79                     40.8200  2851116         
  11066  5731       41.3800    68                     40.8200  2857451         
  11087  5744       40.8200    67                     40.8200  2865398         
  11111  5762       40.8227    83                     40.8200  2871593         
  11128  5774       45.1137    61                     40.8200  2877678         
  11157  5787       40.8200    72                     40.8200  2883185         
  11177  5805       42.1155    61                     40.8200  2889327         
  11207  5822    infeasible                           40.8200  2895454         
  11226  5833       40.8304    72                     40.8200  2901645         
  11245  5847       40.8838    84                     40.8200  2907627         
Elapsed time = 1582.61 sec. (2122113.97 ticks, tree = 31.93 MB, solutions = 0)
  11269  5865       41.3800    75                     40.8200  2913736         
  11290  5878       41.6469    76                     40.8200  2920248         
  11307  5889       40.8392    67                     40.8200  2925698         
  11335  5911       42.0441    73                     40.8200  2932387         
  11349  5919       41.3873    79                     40.8200  2938194         
  11367  5933       40.8208    87                     40.8200  2945729         
  11386  5950       43.2682    67                     40.8200  2950630         
  11404  5960       40.8277    82                     40.8200  2957562         
  11425  5975       40.8208    85                     40.8200  2964318         
  11446  5992       40.8203    64                     40.8200  2971770         
Elapsed time = 1614.86 sec. (2162190.15 ticks, tree = 32.81 MB, solutions = 0)
  11475  6009       41.1014    75                     40.8200  2979919         
  11495  6025       40.9815    84                     40.8200  2986077         
  11529  6045       40.8250    91                     40.8200  2992551         
  11550  6058       42.2405    87                     40.8200  3000054         
  11571  6075       40.8536    80                     40.8200  3007509         
  11617  6102       40.9556    81                     40.8200  3013788         
  11633  6114       45.7700    73                     40.8200  3021321         
  11651  6130       43.6001    77                     40.8200  3028334         
  11671  6138       40.8200    74                     40.8200  3034682         
  11681  6147       45.9576    75                     40.8200  3042245         
Elapsed time = 1647.69 sec. (2202427.94 ticks, tree = 33.37 MB, solutions = 0)
  11697  6157       43.2483    83                     40.8200  3048537         
  11722  6178       41.1800    79                     40.8200  3055418         
  11754  6196       45.7700    72                     40.8200  3063143         
  11774  6208       44.6960    78                     40.8200  3070565         
  11814  6231       44.3623    67                     40.8200  3077041         
  11844  6241       41.1138    78                     40.8200  3084546         
  11868  6258       45.6366    80                     40.8200  3090361         
  11901  6277       40.8200    80                     40.8200  3095386         
  11908  6282       41.3800    70                     40.8200  3098060         
  11921  6288       40.8200    62                     40.8200  3101675         
Elapsed time = 1678.84 sec. (2242681.80 ticks, tree = 33.88 MB, solutions = 0)
  11934  6301       41.4014    77                     40.8200  3106628         
  11945  6302       40.8200    62                     40.8200  3112377         
  11972  6325       43.4352    54                     40.8200  3118886         
  12005  6340       41.1715    62                     40.8200  3125779         
  12049  6373       41.0117    54                     40.8200  3132896         
  12071  6395       42.8128    55                     40.8200  3141213         
  12095  6411       40.8200    56                     40.8200  3148675         
  12135  6439       40.9600    60                     40.8200  3156388         
  12163  6455       40.9600    51                     40.8200  3165129         
  12191  6475       40.9709    53                     40.8200  3171202         
Elapsed time = 1709.42 sec. (2282558.52 ticks, tree = 34.55 MB, solutions = 0)
  12227  6503       42.3487    70                     40.8200  3178049         
  12269  6531       40.9600    61                     40.8200  3184133         
  12296  6551       43.7250    65                     40.8200  3190356         
  12318  6562       42.4667    74                     40.8200  3197984         
  12350  6586       41.0500    68                     40.8200  3204791         
  12375  6601    infeasible                           40.8200  3211790         
  12397  6609       41.0500    66                     40.8200  3218896         
  12417  6619       40.8200    59                     40.8200  3227106         
  12442  6638       44.6454    50                     40.8200  3234706         
  12473  6656       42.9070    72                     40.8200  3241901         
Elapsed time = 1739.10 sec. (2322455.81 ticks, tree = 35.20 MB, solutions = 0)
  12498  6671       40.9874    52                     40.8200  3248232         
  12526  6688       44.3466    72                     40.8200  3255627         
  12554  6706       40.8200    61                     40.8200  3262318         
  12587  6725       46.0448    43                     40.8200  3269132         
  12614  6734    infeasible                           40.8200  3276580         
  12660  6766       48.1900    36                     40.8200  3284874         
  12697  6787       42.5621    52                     40.8200  3293148         
  12745  6816    infeasible                           40.8200  3302349         
  12767  6838       48.3636    59                     40.8200  3307797         
  12809  6865       45.7062    51                     40.8200  3314882         
Elapsed time = 1769.57 sec. (2361575.43 ticks, tree = 35.96 MB, solutions = 0)
  12848  6884       44.2070    59                     40.8200  3323057         
  12875  6900       41.2423    72                     40.8200  3331169         
  12897  6918       41.0500    61                     40.8200  3337875         
  12916  6931       40.8205    72                     40.8200  3345286         
  12936  6945       41.3800    83                     40.8200  3351275         
  12953  6962       41.4984    71                     40.8200  3355340         
  12982  6981       47.5499    67                     40.8200  3362495         
  13009  6996       40.9851    62                     40.8200  3371772         
  13039  7018       43.1739    63                     40.8200  3381079         
  13073  7040       40.8200    87                     40.8200  3387299         
Elapsed time = 1800.56 sec. (2401353.01 ticks, tree = 36.59 MB, solutions = 0)
  13080  7045       41.3800    79                     40.8200  3390106         
  13095  7060       41.6100    67                     40.8200  3396284         
  13112  7071       45.3100    81                     40.8200  3400363         
  13126  7083       45.3100    75                     40.8200  3405665         
  13159  7101       40.8200    80                     40.8200  3413023         
  13164  7105       40.8200    74                     40.8200  3415579         
  13175  7116       42.0100    64                     40.8200  3420954         
  13191  7125       43.7200    74                     40.8200  3427449         
  13205  7139       44.7800    67                     40.8200  3431765         
  13228  7154    infeasible                           40.8200  3439775         
Elapsed time = 1831.62 sec. (2441733.85 ticks, tree = 37.00 MB, solutions = 0)
  13256  7170       45.4580    71                     40.8200  3445797         
  13276  7179       40.8200    80                     40.8200  3453935         
  13308  7209       48.3307    55                     40.8200  3458244         
  13333  7227       40.9839    79                     40.8200  3464105         
  13366  7248       46.5400    51                     40.8200  3470344         
  13380  7256       42.4332    63                     40.8200  3477026         
  13408  7277       45.7044    68                     40.8200  3484243         
  13430  7291       41.5900    54                     40.8200  3491670         
  13454  7305       40.8247    76                     40.8200  3499009         
  13491  7324       42.2400    58                     40.8200  3505536         
Elapsed time = 1863.92 sec. (2482339.03 ticks, tree = 37.61 MB, solutions = 0)
  13515  7336       40.8477    72                     40.8200  3511747         
  13537  7350       40.9638    72                     40.8200  3517395         
  13573  7373       40.8200    75                     40.8200  3522528         
  13583  7383       41.3774    79                     40.8200  3528393         
  13624  7407       40.8200    76                     40.8200  3536035         
  13642  7423       42.7373    76                     40.8200  3542098         
  13656  7433       40.8200    80                     40.8200  3548244         
  13689  7455       40.8200    76                     40.8200  3555174         
  13719  7481       48.0172    49                     40.8200  3560971         
  13752  7502       42.2400    66                     40.8200  3567970         
Elapsed time = 1894.49 sec. (2521795.41 ticks, tree = 38.25 MB, solutions = 0)
  13775  7519       42.0483    93                     40.8200  3573889         
  13796  7536       41.3800    70                     40.8200  3580968         
  13818  7552       41.0500    77                     40.8200  3585860         
  13841  7569       49.3133    58                     40.8200  3593213         
  13881  7591       40.8200    70                     40.8200  3598904         
  13896  7604       40.9756    70                     40.8200  3605181         
  13943  7641       40.9509    73                     40.8200  3612045         
  13972  7663       42.0508    94                     40.8200  3618609         
  14017  7692       43.9062    75                     40.8200  3625579         
  14040  7705       40.8530    66                     40.8200  3633024         
Elapsed time = 1927.49 sec. (2561642.80 ticks, tree = 38.99 MB, solutions = 0)
  14074  7733    infeasible                           40.8200  3639924         
  14103  7754       42.2400    55                     40.8200  3646598         
  14142  7777       40.8200    66                     40.8200  3654045         
  14165  7794       40.9186    80                     40.8200  3662140         
  14183  7808       42.0100    60                     40.8200  3667560         
  14206  7825       41.0875    58                     40.8200  3675479         
  14249  7845       41.5525    69                     40.8200  3683778         
  14295  7871       43.6696    67                     40.8200  3691133         
  14327  7885       40.8239    82                     40.8200  3698476         
  14350  7902       43.7996    76                     40.8200  3705878         
Elapsed time = 1959.33 sec. (2601439.41 ticks, tree = 39.70 MB, solutions = 0)
  14399  7935       46.9164    60                     40.8200  3712559         
  14416  7948       41.8943    77                     40.8200  3720123         
  14447  7965       43.0809    69                     40.8200  3728377         
  14477  7979       43.1145    62                     40.8200  3733964         
  14520  8001       40.8239    69                     40.8200  3741513         
  14553  8024       40.8200    67                     40.8200  3748913         
  14584  8040       41.6175    80                     40.8200  3757425         
  14606  8051       42.8630    63                     40.8200  3763099         
  14640  8071       40.8200    76                     40.8200  3768960         
  14652  8083       40.8305    82                     40.8200  3775074         
Elapsed time = 1991.04 sec. (2640594.20 ticks, tree = 40.35 MB, solutions = 0)
  14668  8097       47.6244    56                     40.8200  3782155         
  14708  8124       40.8200    82                     40.8200  3787201         
  14721  8136       42.9400    80                     40.8200  3790342         
  14744  8159       46.1246    55                     40.8200  3795538         
  14783  8184       40.8200    88                     40.8200  3800836         
  14790  8190       40.8200    69                     40.8200  3803791         
  14828  8219       41.0500    70                     40.8200  3810438         
  14850  8235       41.6100    66                     40.8200  3817378         
  14868  8253       40.8746    75                     40.8200  3823143         
  14905  8279       47.7237    49                     40.8200  3829041         
Elapsed time = 2021.67 sec. (2680648.21 ticks, tree = 41.40 MB, solutions = 0)
  14939  8299       41.0500    76                     40.8200  3835854         
  14962  8322       41.2558    70                     40.8200  3843565         
  15005  8351       40.9111    81                     40.8200  3850437         
  15030  8369       41.9313    80                     40.8200  3858449         
  15058  8389       41.5006    70                     40.8200  3866499         
  15098  8414       42.9231    74                     40.8200  3872577         
  15122  8432       40.8200    59                     40.8200  3879333         
  15141  8447    infeasible                           40.8200  3886557         
  15172  8464       40.9077    75                     40.8200  3893559         
  15209  8491       40.8282    70                     40.8200  3899403         
Elapsed time = 2052.91 sec. (2719790.44 ticks, tree = 42.16 MB, solutions = 0)
  15241  8513       40.8200    52                     40.8200  3906460         
  15266  8532       41.3921    63                     40.8200  3912483         
  15310  8564       45.1603    56                     40.8200  3919610         
  15358  8583       41.4766    71                     40.8200  3925652         
  15381  8600       41.1642    76                     40.8200  3933156         
  15407  8618       41.2263    83                     40.8200  3940212         
  15426  8632       40.8710    80                     40.8200  3947005         
  15455  8654       43.2547    63                     40.8200  3954227         
  15486  8677       43.4185    68                     40.8200  3962222         
  15517  8696       42.0118    70                     40.8200  3970560         
Elapsed time = 2084.94 sec. (2759706.64 ticks, tree = 42.90 MB, solutions = 0)
  15537  8706       40.8200    59                     40.8200  3977317         
  15577  8731       40.9484    68                     40.8200  3984903         
  15604  8750       41.1635    65                     40.8200  3992591         
  15646  8772       41.2570    81                     40.8200  4000575         
  15671  8793       40.8624    59                     40.8200  4007334         
  15704  8821       42.9164    63                     40.8200  4015552         
  15747  8850       41.5100    68                     40.8200  4022835         
  15760  8857       40.8324    71                     40.8200  4031001         
  15790  8877       49.2505    70                     40.8200  4037331         
  15809  8888       41.0103    85                     40.8200  4043869         
Elapsed time = 2117.25 sec. (2799629.32 ticks, tree = 43.59 MB, solutions = 0)
  15844  8915       40.8200    83                     40.8200  4050159         
  15858  8928       40.8200    77                     40.8200  4054363         
  15893  8959       41.4162    72                     40.8200  4062434         
  15942  8992       43.9783    61                     40.8200  4068908         
  15974  9012       44.0706    69                     40.8200  4078218         
  16009  9033       40.8200    62                     40.8200  4085810         
  16042  9058       41.3807    57                     40.8200  4093077         
  16085  9081       40.8201    62                     40.8200  4102171         
  16115  9100       41.6100    61                     40.8200  4108971         
  16144  9114    infeasible                           40.8200  4115329         
Elapsed time = 2148.96 sec. (2839068.19 ticks, tree = 44.41 MB, solutions = 0)
  16180  9132       41.0205    73                     40.8200  4122706         
  16206  9149       44.6833    58                     40.8200  4129920         
  16239  9169       43.4990    65                     40.8200  4136236         
  16266  9184       42.0614    68                     40.8200  4142185         
  16301  9203       40.8592    69                     40.8200  4148872         
  16333  9219       43.0556    80                     40.8200  4155866         
  16369  9239       45.9000    99                     40.8200  4161061         
  16386  9252       40.8200    87                     40.8200  4166583         
  16402  9266    infeasible                           40.8200  4173015         
  16424  9282       42.8200    78                     40.8200  4178871         
Elapsed time = 2180.32 sec. (2878244.78 ticks, tree = 45.02 MB, solutions = 0)
  16446  9297       40.8200    81                     40.8200  4184544         
  16451  9302       40.8271    88                     40.8200  4188978         
  16470  9313       40.8200    70                     40.8200  4195248         
  16492  9331       40.9411    77                     40.8200  4201794         
  16518  9348       44.0821    66                     40.8200  4209090         
  16545  9371       41.3460    62                     40.8200  4216050         
  16570  9382       42.8296    86                     40.8200  4224171         
  16583  9395       44.7440    72                     40.8200  4229196         
  16618  9420       45.8214    59                     40.8200  4236246         
  16650  9438       41.3800    70                     40.8200  4242528         
Elapsed time = 2212.09 sec. (2918192.45 ticks, tree = 45.58 MB, solutions = 0)
  16672  9454       40.8200    69                     40.8200  4248265         
  16687  9467       42.9400    59                     40.8200  4254203         
  16706  9480       45.0007    54                     40.8200  4261728         
  16741  9504       40.8200    65                     40.8200  4268837         
  16762  9523       41.1465    68                     40.8200  4275827         
  16796  9546       43.8326    64                     40.8200  4283463         
  16844  9579       41.2807    81                     40.8200  4290457         
  16897  9621       40.9106    73                     40.8200  4296606         
  16937  9646       43.2250    56                     40.8200  4304637         
  16978  9674       40.8649    66                     40.8200  4311873         
Elapsed time = 2244.68 sec. (2957712.13 ticks, tree = 46.43 MB, solutions = 0)
  17011  9693       41.0548    69                     40.8200  4319466         
  17040  9718       45.7457    61                     40.8200  4327579         
  17069  9736       44.2985    74                     40.8200  4336065         
  17098  9749       40.8200    58                     40.8200  4343452         
  17133  9775       42.3337    72                     40.8200  4351608         
  17170  9801       40.8707    72                     40.8200  4359236         
  17199  9820       40.8200    58                     40.8200  4367063         
  17232  9849       42.1239    70                     40.8200  4374370         
  17272  9871       49.3310    62                     40.8200  4382427         
  17302  9889       41.8026    81                     40.8200  4389815         
Elapsed time = 2276.17 sec. (2996957.70 ticks, tree = 47.21 MB, solutions = 0)
  17321  9904       43.0976    73                     40.8200  4396475         
  17336  9913       41.0393    65                     40.8200  4402971         
  17369  9934       40.8850    73                     40.8200  4409944         
  17402  9953    infeasible                           40.8200  4416086         
  17436  9975       42.8200    61                     40.8200  4424184         
  17448  9985       44.8091    68                     40.8200  4429275         
  17465  9995       41.2169    79                     40.8200  4435114         
  17487 10013       43.3999    76                     40.8200  4440835         
  17520 10037       40.8331    84                     40.8200  4447571         
  17544 10057       43.2993    61                     40.8200  4453117         
Elapsed time = 2308.64 sec. (3037244.23 ticks, tree = 47.81 MB, solutions = 0)
  17575 10072       46.4223    43                     40.8200  4460340         
  17588 10077       40.8225    63                     40.8200  4466311         
  17611 10096       40.8200    67                     40.8200  4472053         
  17626 10108       45.9007    63                     40.8200  4478998         
  17656 10126       40.9539    57                     40.8200  4485503         
  17697 10158       40.8200    62                     40.8200  4493021         
  17727 10182       40.8224    84                     40.8200  4499297         
  17757 10210       44.6375    62                     40.8200  4507064         
  17805 10240       41.0120    76                     40.8200  4513796         
  17839 10268       43.9216    74                     40.8200  4523019         
Elapsed time = 2340.64 sec. (3077352.30 ticks, tree = 48.57 MB, solutions = 0)
  17863 10288       40.8386    59                     40.8200  4530120         
  17910 10318       41.0500    50                     40.8200  4537167         
  17942 10340       41.2883    58                     40.8200  4545151         
  17990 10371       40.8219    69                     40.8200  4551588         
  18019 10395       40.8271    57                     40.8200  4559305         
  18053 10423       43.7271    57                     40.8200  4567503         
  18090 10450       40.8341    84                     40.8200  4576057         
  18126 10474       46.3224    52                     40.8200  4582271         
  18148 10483       40.8200    60                     40.8200  4589151         
  18160 10495       40.8274    69                     40.8200  4596610         
Elapsed time = 2373.95 sec. (3116758.69 ticks, tree = 49.39 MB, solutions = 0)
  18187 10514       41.0500    67                     40.8200  4604677         
  18220 10541       40.8284    63                     40.8200  4611680         
  18247 10562       43.1488    65                     40.8200  4619972         
  18272 10581       43.4466    71                     40.8200  4627970         
  18298 10597       41.0568    70                     40.8200  4636219         
  18331 10620       40.8224    74                     40.8200  4643250         
  18356 10643       42.4431    77                     40.8200  4651225         
  18395 10667       41.0500    60                     40.8200  4658101         
  18429 10697       43.7476    53                     40.8200  4664938         
  18457 10709       43.3600    73                     40.8200  4671086         
Elapsed time = 2406.48 sec. (3156437.04 ticks, tree = 50.16 MB, solutions = 0)
  18489 10726       41.3800    82                     40.8200  4677017         
  18499 10736       40.9677    70                     40.8200  4681980         
  18518 10749       40.8200    74                     40.8200  4689346         
  18550 10771       40.8200    73                     40.8200  4695488         
  18569 10789       44.2443    54                     40.8200  4701994         
  18584 10798       43.5100    60                     40.8200  4706755         
  18621 10816       40.8200    79                     40.8200  4713509         
  18648 10839       40.8200    68                     40.8200  4718987         
  18663 10851       44.7345    67                     40.8200  4726051         
  18689 10867       42.5000    57                     40.8200  4732427         
Elapsed time = 2439.01 sec. (3197588.00 ticks, tree = 50.74 MB, solutions = 0)
  18722 10896       48.3681    59                     40.8200  4738574         
  18742 10909       41.3313    64                     40.8200  4744920         
  18779 10940       42.5500    55                     40.8200  4750963         
  18792 10953       44.1627    66                     40.8200  4758158         
  18827 10972       40.8200    60                     40.8200  4764561         
  18841 10986       42.4967    68                     40.8200  4770965         
  18879 11006       42.3106    78                     40.8200  4777373         
  18909 11028    infeasible                           40.8200  4783566         
  18945 11049       45.7358    65                     40.8200  4791100         
  18966 11064       42.2259    67                     40.8200  4797459         
Elapsed time = 2471.12 sec. (3236632.02 ticks, tree = 51.44 MB, solutions = 0)
  19005 11089       40.8200    64                     40.8200  4805071         
  19025 11109       41.9264    72                     40.8200  4811740         
  19058 11132       45.1187    60                     40.8200  4819556         
  19087 11155       41.1333    66                     40.8200  4827225         
  19101 11165       40.8200    73                     40.8200  4835269         
  19119 11181    infeasible                           40.8200  4843268         
  19149 11195       41.0562    58                     40.8200  4849377         
  19190 11222       44.9937    63                     40.8200  4855981         
  19210 11238       41.3483    59                     40.8200  4862113         
  19268 11277       40.8717    72                     40.8200  4869743         
Elapsed time = 2504.06 sec. (3275785.99 ticks, tree = 52.22 MB, solutions = 0)
  19311 11306       40.8200    62                     40.8200  4876089         
  19347 11336    infeasible                           40.8200  4884319         
  19371 11352       41.0526    65                     40.8200  4892655         
  19399 11370       41.0565    86                     40.8200  4900365         
  19412 11378       40.9893    77                     40.8200  4906756         
  19453 11403       40.8200    61                     40.8200  4913972         
  19482 11428       42.4360    77                     40.8200  4922122         
  19526 11458       43.6363    52                     40.8200  4928887         
  19559 11483       45.2423    51                     40.8200  4934311         
  19597 11511       47.9442    60                     40.8200  4941622         
Elapsed time = 2536.71 sec. (3314942.37 ticks, tree = 53.06 MB, solutions = 0)
  19614 11528       43.5154    55                     40.8200  4949139         
  19627 11535       41.0500    69                     40.8200  4954984         
  19662 11560       41.0639    66                     40.8200  4960926         
  19689 11581    infeasible                           40.8200  4966740         
  19721 11599       41.0529    77                     40.8200  4973927         
  19747 11620       41.9787    75                     40.8200  4979961         
  19778 11636       43.2568    89                     40.8200  4986736         
  19806 11654       44.0447    59                     40.8200  4992581         
  19835 11667       41.0517    71                     40.8200  4999854         
  19869 11692       40.8440    59                     40.8200  5006000         
Elapsed time = 2568.27 sec. (3354293.66 ticks, tree = 53.72 MB, solutions = 0)
  19893 11708       42.6450    76                     40.8200  5012479         
  19922 11727       41.0500    72                     40.8200  5018481         
  19939 11744       41.2520    62                     40.8200  5024339         
  19956 11757       41.0660    63                     40.8200  5031574         
  19987 11778       40.8596    88                     40.8200  5037869         
  20020 11801    infeasible                           40.8200  5043778         
  20039 11814       41.0665    57                     40.8200  5049181         
  20067 11834       41.6319    56                     40.8200  5055881         
  20109 11858       42.9076    48                     40.8200  5063393         
  20144 11879       40.8263    84                     40.8200  5070575         
Elapsed time = 2599.76 sec. (3393361.96 ticks, tree = 54.39 MB, solutions = 0)
  20174 11905       41.0567    74                     40.8200  5076971         
  20202 11925       44.9496    68                     40.8200  5082335         
  20253 11958       41.0513    63                     40.8200  5088411         
  20290 11989       49.0943    48                     40.8200  5095919         
  20303 11994       41.0745    77                     40.8200  5102396         
  20347 12024       40.8201    75                     40.8200  5108113         
  20375 12048       42.7965    62                     40.8200  5115372         
  20406 12073       47.2800    83                     40.8200  5122536         
  20418 12083       41.6523    70                     40.8200  5130023         
  20439 12098       40.8333    77                     40.8200  5136782         
Elapsed time = 2633.02 sec. (3432967.26 ticks, tree = 55.19 MB, solutions = 0)
  20469 12122       43.9000    63                     40.8200  5143730         
  20494 12140       41.0060    73                     40.8200  5150631         
  20517 12153       40.8358    72                     40.8200  5158431         
  20530 12164       40.8619    82                     40.8200  5165623         
  20557 12185       41.0526    65                     40.8200  5173753         
  20595 12215       40.8319    59                     40.8200  5179623         
  20624 12236       41.0568    61                     40.8200  5186983         
  20649 12255       40.8200    72                     40.8200  5194099         
  20670 12274       45.2369    65                     40.8200  5201704         
  20694 12292       42.9881    69                     40.8200  5209013         
Elapsed time = 2666.28 sec. (3472637.38 ticks, tree = 55.89 MB, solutions = 0)
  20731 12311       40.8376    66                     40.8200  5216604         
  20757 12331       43.2001    73                     40.8200  5223523         
  20777 12347       41.0507    73                     40.8200  5229276         
  20803 12370       40.9640    71                     40.8200  5237129         
  20831 12392       42.4549    64                     40.8200  5242719         
  20877 12420       40.8235    74                     40.8200  5247832         
  20908 12445       42.9611    99                     40.8200  5255095         
  20930 12461       41.3800    72                     40.8200  5260961         
  20939 12470       41.3800    73                     40.8200  5267595         
  20961 12488       41.8136    70                     40.8200  5273484         
Elapsed time = 2697.95 sec. (3512778.16 ticks, tree = 56.60 MB, solutions = 0)
  21000 12511       42.1444    77                     40.8200  5279222         
  21027 12532       41.3408    56                     40.8200  5285194         
  21043 12544       40.9396    79                     40.8200  5290655         
  21081 12572    infeasible                           40.8200  5296538         
  21106 12589       41.0576    71                     40.8200  5302315         
  21128 12607       45.3729    64                     40.8200  5308552         
  21138 12613       45.6960    97                     40.8200  5313593         
  21156 12623       41.0500    94                     40.8200  5319357         
  21169 12636       40.8465    97                     40.8200  5324880         
  21192 12659       41.6780    83                     40.8200  5331849         
Elapsed time = 2730.35 sec. (3551986.35 ticks, tree = 57.21 MB, solutions = 0)
  21210 12669       40.8637    95                     40.8200  5336740         
  21220 12678       42.2557    77                     40.8200  5341636         
  21257 12694       40.8200    79                     40.8200  5347389         
  21273 12708       42.1408    75                     40.8200  5353132         
  21307 12730       40.8205    86                     40.8200  5359730         
  21341 12750       40.8200   101                     40.8200  5365698         
  21376 12777       40.8200    65                     40.8200  5371708         
  21394 12793       45.6587    64                     40.8200  5380635         
  21429 12805       40.8200    74                     40.8200  5385709         
  21446 12818       40.8200    76                     40.8200  5394409         
Elapsed time = 2763.19 sec. (3592109.19 ticks, tree = 57.79 MB, solutions = 0)
  21469 12841       41.1479    72                     40.8200  5400265         
  21497 12863       41.7315    62                     40.8200  5405971         
  21517 12875       40.8200    82                     40.8200  5411128         
  21528 12886       41.0890    84                     40.8200  5416113         
  21554 12906       45.0537    56                     40.8200  5423428         
  21579 12925       43.7721    94                     40.8200  5429301         
  21610 12946       40.8298    85                     40.8200  5435351         
  21626 12962       48.1224    66                     40.8200  5442469         
  21655 12981       41.3938    90                     40.8200  5448514         
  21666 12992       43.6139    88                     40.8200  5455852         
Elapsed time = 2794.48 sec. (3631248.78 ticks, tree = 58.42 MB, solutions = 0)
  21701 13005       40.8200    89                     40.8200  5461037         
  21712 13016       41.3800    75                     40.8200  5465933         
  21727 13031       43.0500    72                     40.8200  5472474         
  21767 13057       40.8200    73                     40.8200  5477782         
  21789 13077       41.0457    73                     40.8200  5483376         
  21826 13102       43.7629    73                     40.8200  5490032         
  21845 13115       43.2421    90                     40.8200  5498201         
  21878 13132       40.8252    72                     40.8200  5504276         
  21914 13155    infeasible                           40.8200  5511642         
  21937 13174       40.8200    74                     40.8200  5519838         
Elapsed time = 2828.14 sec. (3671429.00 ticks, tree = 59.08 MB, solutions = 0)
  21975 13198       41.0020    75                     40.8200  5527010         
  22010 13223       43.2328    66                     40.8200  5534387         
  22034 13235       40.8266    75                     40.8200  5541261         
  22062 13259       45.5300    88                     40.8200  5549095         
  22098 13283       44.4800    86                     40.8200  5556947         
  22110 13295       46.4800    66                     40.8200  5562712         
  22136 13311       41.3800    68                     40.8200  5570670         
  22142 13315       42.1761    66                     40.8200  5577029         
  22164 13329       40.8279    79                     40.8200  5584198         
  22184 13349       41.0231    84                     40.8200  5591401         
Elapsed time = 2861.95 sec. (3712137.19 ticks, tree = 59.71 MB, solutions = 0)
  22229 13383       40.8200    89                     40.8200  5600309         
  22261 13411       43.9400    77                     40.8200  5608602         
  22273 13423       45.0342    64                     40.8200  5616204         
  22294 13438       43.8295    86                     40.8200  5623012         
  22327 13463       40.9000    79                     40.8200  5629146         
  22370 13497       41.5300    76                     40.8200  5636134         
  22400 13518       41.3600    66                     40.8200  5644243         
  22417 13535       42.1413    69                     40.8200  5652480         
  22453 13565       44.6542    46                     40.8200  5659564         
  22476 13584       41.4153    76                     40.8200  5666389         
Elapsed time = 2894.47 sec. (3751768.30 ticks, tree = 60.56 MB, solutions = 0)
  22522 13614       48.3300    30                     40.8200  5673048         
  22542 13624       41.6336    67                     40.8200  5680735         
  22572 13648       42.4721    72                     40.8200  5686937         
  22597 13665       41.2310    76                     40.8200  5693195         
  22638 13700       43.0175    70                     40.8200  5699168         
  22666 13724       40.8775    84                     40.8200  5705769         
  22688 13742       41.1257    93                     40.8200  5712511         
  22721 13760    infeasible                           40.8200  5718762         
  22750 13783       40.8264    73                     40.8200  5725455         
  22783 13807       40.8211    78                     40.8200  5731101         
Elapsed time = 2926.54 sec. (3791359.70 ticks, tree = 61.37 MB, solutions = 0)
  22825 13848       48.3172    46                     40.8200  5737442         
  22853 13871       41.9826    72                     40.8200  5744279         
  22880 13893       43.0152    57                     40.8200  5750586         
  22908 13916       45.6900    64                     40.8200  5756172         
  22934 13936       46.2445    53                     40.8200  5763545         
  22980 13962       40.8283    83                     40.8200  5770248         
  23003 13977       40.9623    86                     40.8200  5776581         
  23038 14002       40.8200    73                     40.8200  5782725         
  23049 14013       41.4496    85                     40.8200  5789230         
  23154 14087    infeasible                           40.8200  5818151         
Elapsed time = 2968.16 sec. (3842858.23 ticks, tree = 62.38 MB, solutions = 0)
  23267 14164       43.5985    70                     40.8200  5847101         
  23404 14256       42.0863    77                     40.8200  5874525         
  23529 14350       40.8253    94                     40.8200  5903120         
  23623 14416       44.5000    79                     40.8200  5931684         
  23723 14496       42.3443    67                     40.8200  5958284         
  23831 14562       40.8200    90                     40.8200  5981559         
  23889 14614       40.9578   100                     40.8200  6001097         
  23991 14698       41.7542    74                     40.8200  6029059         
  24085 14752       41.0624    78                     40.8200  6054120         
  24171 14812       40.9740    68                     40.8200  6078154         
Elapsed time = 3096.40 sec. (3997564.87 ticks, tree = 65.00 MB, solutions = 0)
  24268 14882       40.8200    81                     40.8200  6104264         
  24407 14981       40.8200    77                     40.8200  6129417         
  24502 15052       40.8200    73                     40.8200  6158019         
  24638 15134       42.6272    63                     40.8200  6187883         
  24749 15213       41.1900    60                     40.8200  6214580         
  24832 15280       41.5300    76                     40.8200  6241154         
  24930 15345       42.0100    86                     40.8200  6267392         
  25009 15406       40.9910    73                     40.8200  6294953         
  25113 15478       46.3303    70                     40.8200  6322024         
  25217 15560       41.0575    75                     40.8200  6351318         
Elapsed time = 3223.18 sec. (4152052.69 ticks, tree = 67.71 MB, solutions = 0)
  25322 15647       42.2400    75                     40.8200  6375189         
  25393 15708       41.6100    59                     40.8200  6400861         
  25529 15806       40.8200    62                     40.8200  6426708         
  25615 15869       40.8200    59                     40.8200  6452255         
  25717 15939       41.0337    75                     40.8200  6477646         
  25798 15988       41.3898    61                     40.8200  6504132         
  25930 16066       41.4194    93                     40.8200  6529002         
  26050 16146       42.9273    68                     40.8200  6558145         
  26123 16201    infeasible                           40.8200  6583856         
  26219 16256       40.8200    86                     40.8200  6608798         
Elapsed time = 3347.48 sec. (4306457.52 ticks, tree = 70.23 MB, solutions = 0)
  26315 16330       44.9044    92                     40.8200  6631778         
  26405 16398       41.5300    80                     40.8200  6657297         
  26459 16444       41.3887    70                     40.8200  6681626         
  26518 16493       46.4800    67                     40.8200  6706852         
  26590 16549       46.4800    72                     40.8200  6732696         
  26675 16616       40.8223    69                     40.8200  6757882         
  26788 16706       40.8863    74                     40.8200  6783434         
  26859 16754       40.8304    81                     40.8200  6811321         
  26962 16830       41.4589    79                     40.8200  6839459         
  27074 16920       45.3816    59                     40.8200  6866193         
Elapsed time = 3472.75 sec. (4461058.32 ticks, tree = 73.48 MB, solutions = 0)
  27173 16980       40.8200    66                     40.8200  6890097         
  27280 17070       42.2457    70                     40.8200  6914673         
  27388 17156       43.7512    39                     40.8200  6939773         
  27475 17220       40.8200    63                     40.8200  6965508         
  27574 17291       43.9000    61                     40.8200  6990420         
  27667 17363       43.1110    56                     40.8200  7018079         
  27756 17417    infeasible                           40.8200  7044804         
  27855 17492    infeasible                           40.8200  7071834         
  27930 17545       41.0146    97                     40.8200  7099441         

GUB cover cuts applied:  15
Clique cuts applied:  135
Cover cuts applied:  40
Implied bound cuts applied:  14
Flow cuts applied:  25
Mixed integer rounding cuts applied:  71
Zero-half cuts applied:  1
Gomory fractional cuts applied:  3

Root node processing (before b&c):
  Real time             =   12.87 sec. (15696.81 ticks)
Sequential b&c:
  Real time             = 3587.13 sec. (4598763.10 ticks)
                          ------------
Total (root+branch&cut) = 3600.00 sec. (4614459.91 ticks)
