Version identifier: 22.1.0.0 | 2022-03-09 | 1a383f8ce
CPXPARAM_Read_DataCheck                          1
CPXPARAM_Threads                                 1
CPXPARAM_TimeLimit                               3600
Tried aggregator 2 times.
MIP Presolve eliminated 11668 rows and 3350 columns.
MIP Presolve modified 106414 coefficients.
Aggregator did 1147 substitutions.
Reduced MIP has 25196 rows, 2403 columns, and 197454 nonzeros.
Reduced MIP has 1986 binaries, 0 generals, 0 SOSs, and 0 indicators.
Presolve time = 0.36 sec. (359.48 ticks)
Probing time = 0.01 sec. (8.74 ticks)
Tried aggregator 1 time.
Detecting symmetries...
Reduced MIP has 25196 rows, 2403 columns, and 197454 nonzeros.
Reduced MIP has 1986 binaries, 0 generals, 0 SOSs, and 0 indicators.
Presolve time = 0.11 sec. (82.43 ticks)
Probing time = 0.01 sec. (10.03 ticks)
Clique table members: 3873.
MIP emphasis: balance optimality and feasibility.
MIP search method: dynamic search.
Parallel mode: none, using 1 thread.
Root relaxation solution time = 0.09 sec. (125.45 ticks)

        Nodes                                         Cuts/
   Node  Left     Objective  IInf  Best Integer    Best Bound    ItCnt     Gap

      0     0       42.2200   234                     42.2200      555         
      0     0       42.2200   186                   Cuts: 115      831         
      0     0       42.2200   177                  Cuts: 2264     1252         
      0     0       42.2200   149                  Cuts: 1766     1628         
      0     0       42.2200   170                  Cuts: 1372     1908         
      0     0       42.2200   119                   Cuts: 128     2141         
Detecting symmetries...
      0     0       42.2200   156                  Cuts: 1733     2507         
Detecting symmetries...
      0     2       42.2200    85                     42.2200     2507         
Elapsed time = 15.34 sec. (18357.21 ticks, tree = 0.01 MB, solutions = 0)
      3     5       42.2200   107                     42.2200     3184         
      7     9       45.0900    99                     42.2200     3677         
     12    14       42.2200   114                     42.2200     4211         
     18    20       42.2200   103                     42.2200     4716         
     25    25       42.2200    87                     42.2200     5116         
     30    28       42.2200    88                     42.2200     5265         
     34    32       42.2445   167                     42.2200     5930         
     38    36       42.2200    90                     42.2200     6499         
     40    38       42.2200    90                     42.2200     6650         
     59    49    infeasible                           42.2200     9516         
Elapsed time = 17.77 sec. (22176.09 ticks, tree = 4.40 MB, solutions = 0)
     70    60       42.2200    70                     42.2200    11395         
     88    74       42.3100    74                     42.2200    13481         
    100    84       42.2200    73                     42.2200    14220         
    117    99       42.2200    74                     42.2200    16507         
    120   100       42.2200    72                     42.2200    16511         
    155   126       42.2763    89                     42.2200    19822         
    160   131       42.2200    51                     42.2200    20061         
    186   148       42.2200    65                     42.2200    22580         
    200   156       42.2200    65                     42.2200    24441         
    213   168       42.2200    63                     42.2200    27035         
Elapsed time = 24.24 sec. (32813.49 ticks, tree = 5.89 MB, solutions = 0)
    220   175       42.2200    63                     42.2200    28337         
    228   181       42.4882    62                     42.2200    30595         
    251   190       42.2227    66                     42.2200    32459         
    257   194       42.2324    44                     42.2200    33402         
    263   196       43.4296    44                     42.2200    34755         
    280   212       42.5014    45                     42.2200    36723         
    308   223       42.3700   104                     42.2200    39061         
    334   233       42.8447    91                     42.2200    41658         
    350   243       42.7677    81                     42.2200    44358         
    361   246    infeasible                           42.2200    46516         
Elapsed time = 31.84 sec. (43874.38 ticks, tree = 7.21 MB, solutions = 0)
    363   248       42.2200    59                     42.2200    47252         
    369   254       42.3446    84                     42.2200    48536         
    380   265       42.4100    54                     42.2200    50849         
    390   275       42.2200    57                     42.2200    52660         
    400   283       42.2200    52                     42.2200    54546         
    414   292       42.9176    72                     42.2200    57402         
    428   298       42.4600    63                     42.2200    59797         
    438   306       42.4600    58                     42.2200    61610         
    441   307       42.4600    61                     42.2200    62997         
    455   317       42.7500    58                     42.2200    65698         
Elapsed time = 39.63 sec. (54404.97 ticks, tree = 7.51 MB, solutions = 0)
    463   319    infeasible                           42.2200    68151         
    466   320       42.4600    64                     42.2200    70149         
    474   326       43.7700    53                     42.2200    71429         
    490   334    infeasible                           42.2200    74220         
    499   340       44.1700    42                     42.2200    76412         
    506   345       44.1700    41                     42.2200    78502         
    520   357       44.1700    31                     42.2200    80881         
    530   363       44.1700    34                     42.2200    83404         
    540   365       42.2200    68                     42.2200    84877         
    563   384       42.2200    64                     42.2200    87081         
Elapsed time = 47.25 sec. (65327.09 ticks, tree = 7.78 MB, solutions = 0)
    572   389       42.4700    56                     42.2200    90087         
    576   391    infeasible                           42.2200    91831         
    581   394       42.2200    72                     42.2200    92660         
    600   413       42.8300    78                     42.2200    94144         
    626   435       44.5563    75                     42.2200    96519         
    630   435       42.3820   104                     42.2200    98893         
    640   444       44.8699    84                     42.2200   100288         
    668   465       45.6941    59                     42.2200   102580         
    672   463       42.2200    62                     42.2200   103790         
    699   484       44.1657    55                     42.2200   106019         
Elapsed time = 56.22 sec. (77405.31 ticks, tree = 8.19 MB, solutions = 0)
    717   498       42.6522    69                     42.2200   107984         
    735   511       42.7004    54                     42.2200   110501         
    746   516       42.2200    63                     42.2200   112715         
    762   529       42.7920    76                     42.2200   114921         
    776   537       42.2200    55                     42.2200   117584         
    784   545       42.2200    70                     42.2200   119300         
    800   559       42.6100    63                     42.2200   121253         
    817   576       42.2307    54                     42.2200   123733         
    825   582       42.4800    54                     42.2200   125882         
    840   588       42.4893    54                     42.2200   128082         
Elapsed time = 63.10 sec. (87653.97 ticks, tree = 8.64 MB, solutions = 0)
    858   591       42.4805    54                     42.2200   131380         
    872   601       42.6300    39                     42.2200   134184         
    877   604       42.6300    34                     42.2200   136573         
    883   604    infeasible                           42.2200   138695         
    888   607       42.4800    54                     42.2200   140467         
    899   618       42.5700    34                     42.2200   142629         
    908   621       43.2900    23                     42.2200   145438         
    920   627       45.5401    15                     42.2200   147570         
    939   640       42.2200    48                     42.2200   149232         
    960   652       42.3100    61                     42.2200   151226         
Elapsed time = 70.30 sec. (98474.07 ticks, tree = 9.10 MB, solutions = 0)
    979   662       43.0200    64                     42.2200   153780         
    994   677       43.0200    47                     42.2200   155638         
   1012   687       43.0300    36                     42.2200   158011         
   1019   694       44.2200    18                     42.2200   160108         
   1026   693    infeasible                           42.2200   162535         
   1033   692    infeasible                           42.2200   164485         
   1045   704       42.3316    61                     42.2200   166226         

Performing restart 1

Repeating presolve.
Tried aggregator 1 time.
Reduced MIP has 25196 rows, 2403 columns, and 197454 nonzeros.
Reduced MIP has 1986 binaries, 0 generals, 0 SOSs, and 0 indicators.
Presolve time = 0.06 sec. (64.77 ticks)
Tried aggregator 1 time.
MIP Presolve eliminated 2 rows and 1 columns.
MIP Presolve modified 74 coefficients.
Reduced MIP has 25194 rows, 2402 columns, and 197389 nonzeros.
Reduced MIP has 1985 binaries, 0 generals, 0 SOSs, and 0 indicators.
Presolve time = 0.11 sec. (86.27 ticks)
Represolve time = 0.44 sec. (415.86 ticks)
   1046     0       42.2200   123                   Cuts: 422   167352         
   1046     0       42.2200   150                  Cuts: 1569   167689         
   1046     0       42.2200   116                   Cuts: 167   168040         
   1046     0       42.2200   143                  Cuts: 1814   168476         
   1046     0       42.2200   116                   Cuts: 244   168806         
   1046     0       42.2200   122                  Cuts: 2448   169140         
   1046     0       42.2200   118                   Cuts: 106   169496         
   1046     2       42.2200   104                     42.2200   169496         
   1047     3       42.2200    99                     42.2200   169535         
   1048     4       42.2200   121                     42.2200   169849         
Elapsed time = 93.26 sec. (128999.10 ticks, tree = 0.01 MB, solutions = 0)
   1049     5       42.2200   123                     42.2200   170457         
   1051     7       42.3100   129                     42.2200   170627         
   1054    10       42.2800   108                     42.2200   170727         
   1056    12       42.2200   118                     42.2200   170756         
   1059    15       42.2200   110                     42.2200   171019         
   1063    19       42.2200   103                     42.2200   171053         
   1069    25       42.2200    94                     42.2200   171232         
   1076    32       42.2200    93                     42.2200   171618         
   1083    38       42.3100    98                     42.2200   171980         
   1096    51       42.3100    91                     42.2200   173335         
Elapsed time = 101.85 sec. (144257.14 ticks, tree = 3.47 MB, solutions = 0)
   1139    86       42.3100    79                     42.2200   177100         
   1166   109       42.3100    65                     42.2200   179839         
   1212   140       44.0400    59                     42.2200   183791         
   1257   175       46.5800    63                     42.2200   186584         
   1274   190       46.5200    46                     42.2200   190221         
   1291   201       46.5338    40                     42.2200   195157         
   1312   206       42.2200    88                     42.2200   200825         
   1372   251       45.3100    67                     42.2200   204851         
   1410   276       46.3206    42                     42.2200   210276         
   1452   309       43.0500    48                     42.2200   215268         
Elapsed time = 128.32 sec. (184944.51 ticks, tree = 7.01 MB, solutions = 0)
   1469   323       43.4200    32                     42.2200   220368         
   1514   362       42.2200    57                     42.2200   224510         
   1547   390       44.0800    36                     42.2200   230392         
   1572   399       42.2200    49                     42.2200   235728         
   1602   422       42.2213    44                     42.2200   241121         
   1625   441       44.6700    27                     42.2200   246512         
   1647   453       43.4200    41                     42.2200   251682         
   1668   466       42.3200    34                     42.2200   256180         
   1703   495       42.3100    35                     42.2200   262412         
   1735   517    infeasible                           42.2200   270174         
Elapsed time = 156.17 sec. (224809.92 ticks, tree = 10.16 MB, solutions = 0)
   1758   528       43.6103    43                     42.2200   274222         
   1800   557    infeasible                           42.2200   280762         
   1824   577       44.5300    21                     42.2200   286717         
   1854   588       42.2200    49                     42.2200   291257         
   1872   601       43.2200    35                     42.2200   295577         
   1893   610       42.2394    64                     42.2200   300822         
   1930   640       43.6200    29                     42.2200   305900         
   1958   661       42.3100    48                     42.2200   312092         
   1980   678       47.3902     1                     42.2200   317518         
*  1981   676      integral     0       47.4000       42.2200   317522   10.93%
   2004   691       42.2200    54       47.4000       42.2200   322112   10.93%
Elapsed time = 185.34 sec. (264756.62 ticks, tree = 11.04 MB, solutions = 1)
   2015   700       43.6500    46       47.4000       42.2200   328399   10.93%
   2040   712       42.3100    52       47.4000       42.2200   332999   10.93%
   2069   732       44.5203    34       47.4000       42.2200   339165   10.93%
*  2081   674      integral     0       46.1500       42.2200   342007    8.52%
   2093   686       42.3100    47       46.1500       42.2200   344713    8.52%
   2115   701       42.3100    43       46.1500       42.2200   349570    8.52%
   2134   718       42.7600    37       46.1500       42.2200   354224    8.52%
   2142   722       42.3100    51       46.1500       42.2200   359059    8.52%
   2146   726       42.7600    51       46.1500       42.2200   359755    8.52%
   2170   740       45.6928    25       46.1500       42.2200   365118    8.52%
   2190   756       44.2191    39       46.1500       42.2200   369177    8.52%
Elapsed time = 218.33 sec. (304789.93 ticks, tree = 11.10 MB, solutions = 2)
   2191   757       44.2191    36       46.1500       42.2200   369255    8.52%
*  2192+  756                           46.1400       42.2200             8.50%
*  2192+  658                           44.8400       42.2200             5.84%
*  2192+  617                           44.3900       42.2200             4.89%
*  2192+  470                           43.2000       42.2200             2.27%
   2192   472       42.2200    53       43.2000       42.2200   369336    2.27%
   2193   473       42.2200    55       43.2000       42.2200   369630    2.27%
   2219   499       42.3100    38       43.2000       42.2200   374671    2.27%
   2239   515       42.4100    30       43.2000       42.2200   379698    2.27%
   2271   538    infeasible             43.2000       42.2200   386523    2.27%
   2290   548       42.7600    46       43.2000       42.2200   391084    2.27%

Performing restart 2

Repeating presolve.
Tried aggregator 1 time.
MIP Presolve eliminated 4447 rows and 383 columns.
MIP Presolve modified 29417 coefficients.
Reduced MIP has 20747 rows, 2019 columns, and 162324 nonzeros.
Reduced MIP has 1650 binaries, 0 generals, 0 SOSs, and 0 indicators.
Presolve time = 0.20 sec. (193.35 ticks)
Tried aggregator 1 time.
MIP Presolve eliminated 9 rows and 6 columns.
MIP Presolve modified 73 coefficients.
Reduced MIP has 20738 rows, 2013 columns, and 162068 nonzeros.
Reduced MIP has 1644 binaries, 0 generals, 0 SOSs, and 0 indicators.
Presolve time = 0.09 sec. (71.22 ticks)
Represolve time = 0.77 sec. (718.91 ticks)
   2302     0       42.2200   100       43.2000     Cuts: 277   394725    2.27%
   2302     0       42.2200   145       43.2000    Cuts: 1504   395106    2.27%
   2302     0       42.2200   132       43.2000     Cuts: 472   395509    2.27%
   2302     0       42.2200   139       43.2000    Cuts: 1786   395892    2.27%
   2302     0       42.2200   114       43.2000     Cuts: 147   396164    2.27%
   2302     0       42.2200   121       43.2000    Cuts: 2205   396479    2.27%
   2302     0       42.2200   118       43.2000     Cuts: 670   396864    2.27%
   2302     0       42.2200   109       43.2000     Cuts: 907   397145    2.27%
   2302     0       42.2200   127       43.2000    Cuts: 1726   397377    2.27%
   2302     0       42.2200    89       43.2000      Cuts: 97   397575    2.27%
   2302     0       42.2200   122       43.2000    Cuts: 1620   397881    2.27%
   2302     2       42.2200    55       43.2000       42.2200   397881    2.27%
   2308     8       42.2200    78       43.2000       42.2200   398441    2.27%
   2319    19       42.2200    77       43.2000       42.2200   399608    2.27%
Elapsed time = 279.57 sec. (383586.60 ticks, tree = 0.38 MB, solutions = 6)
   2328    28       42.2200    62       43.2000       42.2200   400477    2.27%
   2342    42       42.2200    59       43.2000       42.2200   401679    2.27%
   2357    57       42.2200    51       43.2000       42.2200   402714    2.27%
   2369    69       42.2200    58       43.2000       42.2200   403659    2.27%
   2382    80       42.2200    79       43.2000       42.2200   405450    2.27%
   2393    88       42.6100    80       43.2000       42.2200   407629    2.27%
   2402    94       42.2200    74       43.2000       42.2200   409415    2.27%
   2414   106       42.2200    66       43.2000       42.2200   410886    2.27%
   2424   113       42.2200    65       43.2000       42.2200   412774    2.27%
   2439   126       43.1700    48       43.2000       42.2200   416096    2.27%
Elapsed time = 303.60 sec. (423359.84 ticks, tree = 2.48 MB, solutions = 6)
   2449   132       43.1700    38       43.2000       42.2200   419716    2.27%
   2457   135       42.2200    69       43.2000       42.2200   423965    2.27%
   2472   149       42.2200    71       43.2000       42.2200   426505    2.27%
   2485   160       42.2200    57       43.2000       42.2200   429647    2.27%
   2514   183       42.8000    60       43.2000       42.2200   433636    2.27%
   2524   188       43.0600    42       43.2000       42.2200   436842    2.27%
   2543   201       42.3100    62       43.2000       42.2200   441144    2.27%
   2566   218       42.2200    78       43.2000       42.2200   444654    2.27%
   2586   238       42.2200    64       43.2000       42.2200   447639    2.27%
   2599   246       42.2200    78       43.2000       42.2200   451352    2.27%
Elapsed time = 329.75 sec. (463691.75 ticks, tree = 2.87 MB, solutions = 6)
   2614   259       42.2200    67       43.2000       42.2200   453469    2.27%
   2639   278       42.2200    74       43.2000       42.2200   457895    2.27%
   2655   290       42.2200    85       43.2000       42.2200   459279    2.27%
   2671   306       42.2200    78       43.2000       42.2200   460683    2.27%
   2703   332    infeasible             43.2000       42.2200   464230    2.27%
   2719   340       42.9800    51       43.2000       42.2200   468780    2.27%
   2742   353       42.2200    76       43.2000       42.2200   473397    2.27%
   2781   383       42.3100    54       43.2000       42.2200   477604    2.27%
   2822   407       42.3100    56       43.2000       42.2200   483508    2.27%
   2844   428       42.9800    30       43.2000       42.2200   487657    2.27%
Elapsed time = 356.23 sec. (503831.21 ticks, tree = 3.48 MB, solutions = 6)
   2863   440       42.4600    50       43.2000       42.2200   492290    2.27%
   2892   458       42.4700    59       43.2000       42.2200   496979    2.27%
   2926   481       42.9800    40       43.2000       42.2200   502021    2.27%
   2954   495    infeasible             43.2000       42.2200   506590    2.27%
   2969   506       42.7200    33       43.2000       42.2200   512246    2.27%
   2997   517    infeasible             43.2000       42.2200   517845    2.27%
   3018   529       42.2200    49       43.2000       42.2200   522603    2.27%
   3042   542       42.8900    35       43.2000       42.2200   530865    2.27%
   3054   548       42.9000    22       43.2000       42.2200   536452    2.27%
   3077   561       42.9000    27       43.2000       42.2200   543654    2.27%
Elapsed time = 384.46 sec. (544033.86 ticks, tree = 4.10 MB, solutions = 6)
   3105   568       42.8601    31       43.2000       42.2200   551470    2.27%
   3135   567       42.2755    40       43.2000       42.2200   560343    2.27%
   3155   574       42.2300    39       43.2000       42.2200   567946    2.27%
   3178   580       42.9000    22       43.2000       42.2200   576008    2.27%
   3210   600       42.2300    29       43.2000       42.2200   584077    2.27%
   3239   611       42.2201    39       43.2000       42.2200   592899    2.27%
   3272   625       42.8000    27       43.2000       42.2200   600959    2.27%
   3315   640       42.2200    47       43.2000       42.2200   609812    2.27%
   3354   657       42.2215    28       43.2000       42.2200   618745    2.27%
   3394   670       42.9597    25       43.2000       42.2200   628852    2.27%
Elapsed time = 414.44 sec. (583786.49 ticks, tree = 4.46 MB, solutions = 6)
   3436   677       42.2200    44       43.2000       42.2200   637714    2.27%
   3466   691       42.2929    32       43.2000       42.2200   646117    2.27%
   3495   700       42.2202    34       43.2000       42.2200   654342    2.27%
   3521   704       42.3700    35       43.2000       42.2200   662093    2.27%
   3548   715       42.2200    37       43.2000       42.2200   667886    2.27%
   3577   721       42.2200    44       43.2000       42.2200   676230    2.27%
   3602   724       42.2200    40       43.2000       42.2200   684362    2.27%
   3637   731       42.2200    42       43.2000       42.2200   693379    2.27%
   3671   736       42.2200    41       43.2000       42.2200   702388    2.27%
   3693   745       42.2300    34       43.2000       42.2200   708594    2.27%
Elapsed time = 443.18 sec. (623123.68 ticks, tree = 4.70 MB, solutions = 6)
   3720   754       42.6200    28       43.2000       42.2200   715294    2.27%
   3743   765       42.2765    39       43.2000       42.2200   723392    2.27%
   3776   778       42.6101    35       43.2000       42.2200   732793    2.27%
   3803   782    infeasible             43.2000       42.2200   740799    2.27%
   3824   791       42.8900    38       43.2000       42.2200   748554    2.27%
   3843   795       42.8900    46       43.2000       42.2200   755449    2.27%
   3862   806       42.2300    33       43.2000       42.2200   762031    2.27%
   3888   819       42.8900    38       43.2000       42.2200   770525    2.27%
   3914   821       42.2200    41       43.2000       42.2200   777471    2.27%
   3940   832       42.2200    35       43.2000       42.2200   785945    2.27%
Elapsed time = 471.84 sec. (662385.11 ticks, tree = 4.99 MB, solutions = 6)
   3971   844       42.2200    29       43.2000       42.2200   795286    2.27%
   4006   860       42.6200    25       43.2000       42.2200   802376    2.27%
   4028   864       42.8900    31       43.2000       42.2200   809212    2.27%
   4052   876       42.2300    30       43.2000       42.2200   816050    2.27%
   4084   890       42.4900    34       43.2000       42.2200   822901    2.27%
   4117   894       42.2201    35       43.2000       42.2200   831073    2.27%
   4141   900       42.2200    44       43.2000       42.2200   839510    2.27%
   4166   908       42.8900    39       43.2000       42.2200   848898    2.27%
   4183   911       42.6200    38       43.2000       42.2200   855234    2.27%
   4197   913       42.2200    45       43.2000       42.2200   861221    2.27%
Elapsed time = 501.18 sec. (701664.83 ticks, tree = 5.25 MB, solutions = 6)
   4202   917       42.6102    32       43.2000       42.2200   863562    2.27%
   4224   926       42.2202    36       43.2000       42.2200   870369    2.27%
   4255   938       42.2200    29       43.2000       42.2200   878509    2.27%
   4291   942       42.4800    33       43.2000       42.2200   886980    2.27%
   4320   947       42.2300    33       43.2000       42.2200   894529    2.27%
   4374   973       42.2389    28       43.2000       42.2200   902340    2.27%
   4423   986       42.2200    39       43.2000       42.2200   909640    2.27%
   4471   993    infeasible             43.2000       42.2200   915991    2.27%
   4524  1009       42.9000    27       43.2000       42.2200   922320    2.27%
   4563  1024       42.2200    33       43.2000       42.2200   928165    2.27%
Elapsed time = 531.11 sec. (741620.45 ticks, tree = 5.62 MB, solutions = 6)
   4606  1045       42.2300    34       43.2000       42.2200   935335    2.27%
   4645  1056       42.2200    38       43.2000       42.2200   942941    2.27%
   4689  1075       42.6200    30       43.2000       42.2200   949941    2.27%
   4751  1084       42.4800    35       43.2000       42.2200   956762    2.27%
   4801  1105       42.2200    41       43.2000       42.2200   963855    2.27%
   4845  1119    infeasible             43.2000       42.2200   970624    2.27%
   4874  1125       42.8909    29       43.2000       42.2200   975301    2.27%
   4912  1137       42.8900    29       43.2000       42.2200   981897    2.27%
   4953  1148       42.2207    39       43.2000       42.2200   989964    2.27%
   5000  1164       42.4552    47       43.2000       42.2200   997240    2.27%
Elapsed time = 560.84 sec. (780885.38 ticks, tree = 6.12 MB, solutions = 6)
   5043  1183       42.2200    42       43.2000       42.2200  1004291    2.27%
   5103  1199       42.2389    37       43.2000       42.2200  1012342    2.27%
   5145  1217       42.2457    36       43.2000       42.2200  1020595    2.27%
   5176  1226       42.2300    39       43.2000       42.2200  1028233    2.27%
   5223  1247       42.2200    38       43.2000       42.2200  1034962    2.27%
   5268  1267       42.2203    41       43.2000       42.2200  1041638    2.27%
   5303  1275        cutoff             43.2000       42.2200  1048258    2.27%
   5341  1281       42.4100    54       43.2000       42.2200  1054700    2.27%
   5360  1294       42.2200    51       43.2000       42.2200  1057471    2.27%
   5386  1307       42.2200    41       43.2000       42.2200  1062294    2.27%
Elapsed time = 589.95 sec. (820345.89 ticks, tree = 6.59 MB, solutions = 6)
   5402  1308       42.2200    42       43.2000       42.2200  1065314    2.27%
   5443  1331    infeasible             43.2000       42.2200  1071047    2.27%
   5480  1354       42.2200    37       43.2000       42.2200  1077702    2.27%
   5505  1355    infeasible             43.2000       42.2200  1084273    2.27%
   5542  1361       42.2200    36       43.2000       42.2200  1090612    2.27%
   5578  1367    infeasible             43.2000       42.2200  1099615    2.27%
   5604  1375       42.8800    22       43.2000       42.2200  1105664    2.27%
   5649  1384       42.2200    48       43.2000       42.2200  1111931    2.27%
   5710  1408       42.2200    49       43.2000       42.2200  1119214    2.27%
   5764  1432       42.6200    28       43.2000       42.2200  1126534    2.27%
Elapsed time = 622.24 sec. (863231.98 ticks, tree = 7.00 MB, solutions = 6)
   5810  1462        cutoff             43.2000       42.2200  1134230    2.27%
   5856  1476    infeasible             43.2000       42.2200  1142290    2.27%
   5902  1498       42.2210    30       43.2000       42.2200  1149237    2.27%
   5935  1507       42.4800    35       43.2000       42.2200  1156497    2.27%
   5972  1527       42.2200    51       43.2000       42.2200  1162689    2.27%
   6025  1542       42.2200    50       43.2000       42.2200  1171287    2.27%
   6084  1560    infeasible             43.2000       42.2200  1178291    2.27%
   6119  1564       42.8900    39       43.2000       42.2200  1184096    2.27%
   6164  1593       42.2300    38       43.2000       42.2200  1189667    2.27%
   6209  1615       42.8511    38       43.2000       42.2200  1195957    2.27%
Elapsed time = 651.62 sec. (902228.10 ticks, tree = 7.60 MB, solutions = 6)
   6243  1618       42.2200    39       43.2000       42.2200  1202966    2.27%
   6291  1630       42.2200    34       43.2000       42.2200  1209282    2.27%
   6343  1642       42.4730    39       43.2000       42.2200  1218352    2.27%
   6390  1657       42.2300    44       43.2000       42.2200  1225817    2.27%
   6437  1686       42.2300    47       43.2000       42.2200  1233547    2.27%
   6490  1728    infeasible             43.2000       42.2200  1239885    2.27%
   6533  1749    infeasible             43.2000       42.2200  1248693    2.27%
   6592  1770       42.2201    41       43.2000       42.2200  1256048    2.27%
   6653  1798       42.4264    32       43.2000       42.2200  1263012    2.27%
   6682  1805       42.2200    47       43.2000       42.2200  1268982    2.27%
Elapsed time = 682.77 sec. (942610.49 ticks, tree = 8.22 MB, solutions = 6)
   6719  1819       42.8900    31       43.2000       42.2200  1274871    2.27%
   6753  1841    infeasible             43.2000       42.2200  1279152    2.27%
   6776  1847       42.2300    50       43.2000       42.2200  1286141    2.27%
   6807  1862    infeasible             43.2000       42.2200  1292023    2.27%
   6840  1874       42.8301    39       43.2000       42.2200  1298069    2.27%
   6881  1900       42.2200    43       43.2000       42.2200  1303651    2.27%
   6913  1907       42.4782    48       43.2000       42.2200  1309792    2.27%
   6951  1933       42.2200    50       43.2000       42.2200  1316012    2.27%
   6992  1959       42.6482    39       43.2000       42.2200  1322683    2.27%
   7034  1987       43.0400    26       43.2000       42.2200  1329429    2.27%
Elapsed time = 712.25 sec. (981578.86 ticks, tree = 8.82 MB, solutions = 6)
   7074  2005       42.2200    48       43.2000       42.2200  1335660    2.27%
   7111  2032       42.2200    43       43.2000       42.2200  1342066    2.27%
   7154  2063       42.4472    35       43.2000       42.2200  1348311    2.27%
   7194  2077    infeasible             43.2000       42.2200  1355922    2.27%
   7232  2089    infeasible             43.2000       42.2200  1363389    2.27%
   7264  2105       42.2300    43       43.2000       42.2200  1370004    2.27%
   7293  2120       42.8305    41       43.2000       42.2200  1376113    2.27%
   7327  2128       42.2352    39       43.2000       42.2200  1383859    2.27%
   7358  2136    infeasible             43.2000       42.2200  1391278    2.27%
   7389  2152       42.2933    39       43.2000       42.2200  1396715    2.27%
Elapsed time = 743.78 sec. (1020422.46 ticks, tree = 9.45 MB, solutions = 6)
   7417  2168       42.2300    47       43.2000       42.2200  1402523    2.27%
   7462  2194    infeasible             43.2000       42.2200  1409309    2.27%
   7493  2216       42.2300    43       43.2000       42.2200  1413862    2.27%
   7534  2228    infeasible             43.2000       42.2200  1420906    2.27%
   7570  2244       42.3499    48       43.2000       42.2200  1426959    2.27%
   7603  2270       42.2300    39       43.2000       42.2200  1432848    2.27%
   7646  2292       42.9810    35       43.2000       42.2200  1439187    2.27%
   7684  2318       42.2201    44       43.2000       42.2200  1445773    2.27%
   7718  2336       42.8900    38       43.2000       42.2200  1453448    2.27%
   7751  2354       42.6172    40       43.2000       42.2200  1460776    2.27%
Elapsed time = 773.06 sec. (1059258.69 ticks, tree = 10.11 MB, solutions = 6)
   7786  2369       42.9800    30       43.2000       42.2200  1467821    2.27%
   7811  2373    infeasible             43.2000       42.2200  1476260    2.27%
   7839  2381       42.3174    47       43.2000       42.2200  1483316    2.27%
   7865  2388       42.2461    40       43.2000       42.2200  1490576    2.27%
   7895  2391       42.2850    51       43.2000       42.2200  1498991    2.27%
   7904  2395       42.2200    51       43.2000       42.2200  1500691    2.27%
   7935  2407       42.2200    54       43.2000       42.2200  1508123    2.27%
   7966  2422       42.9000    41       43.2000       42.2200  1515154    2.27%
   8003  2438       42.2200    53       43.2000       42.2200  1520966    2.27%
   8014  2447       42.3700    41       43.2000       42.2200  1522744    2.27%
Elapsed time = 803.35 sec. (1098679.67 ticks, tree = 10.74 MB, solutions = 6)
   8029  2454       42.2200    49       43.2000       42.2200  1524818    2.27%
   8049  2467       42.2200    46       43.2000       42.2200  1527350    2.27%
   8094  2497       43.1009    45       43.2000       42.2200  1530851    2.27%
   8130  2522       42.5256    35       43.2000       42.2200  1535511    2.27%
   8166  2540       42.2200    41       43.2000       42.2200  1539960    2.27%
   8189  2544       42.4700    37       43.2000       42.2200  1545658    2.27%
   8225  2573       42.9100    29       43.2000       42.2200  1549257    2.27%
   8248  2589       42.4700    49       43.2000       42.2200  1552762    2.27%
   8275  2616       42.7200    31       43.2000       42.2200  1556380    2.27%
   8295  2629       42.4600    45       43.2000       42.2200  1560870    2.27%
Elapsed time = 829.88 sec. (1138772.48 ticks, tree = 11.34 MB, solutions = 6)
   8322  2643       42.5703    34       43.2000       42.2200  1564460    2.27%
   8355  2660       42.9000    35       43.2000       42.2200  1569282    2.27%
   8387  2683       42.7200    34       43.2000       42.2200  1574152    2.27%
   8421  2705       42.4600    45       43.2000       42.2200  1579537    2.27%
   8466  2732       42.2200    51       43.2000       42.2200  1583976    2.27%
   8513  2774       42.4600    49       43.2000       42.2200  1588836    2.27%
   8555  2805       42.3100    54       43.2000       42.2200  1594473    2.27%
   8608  2850       42.2232    63       43.2000       42.2200  1599815    2.27%
   8649  2879       42.2200    47       43.2000       42.2200  1604845    2.27%
   8706  2909       42.5193    47       43.2000       42.2200  1612204    2.27%
Elapsed time = 858.49 sec. (1177968.69 ticks, tree = 12.26 MB, solutions = 6)
   8733  2919       43.1009    36       43.2000       42.2200  1616307    2.27%
   8771  2940       42.3100    50       43.2000       42.2200  1622328    2.27%
   8820  2981       42.7100    29       43.2000       42.2200  1628339    2.27%
   8863  3005       42.5193    39       43.2000       42.2200  1634787    2.27%
   8904  3022       42.5000    33       43.2000       42.2200  1640330    2.27%
   8955  3057       42.3107    35       43.2000       42.2200  1646148    2.27%
   9002  3086       42.4627    41       43.2000       42.2200  1651197    2.27%
   9038  3105       42.3100    45       43.2000       42.2200  1656756    2.27%
   9060  3112       42.2200    48       43.2000       42.2200  1661328    2.27%
   9113  3133       43.1900    44       43.2000       42.2200  1666157    2.27%
Elapsed time = 892.16 sec. (1217551.23 ticks, tree = 12.99 MB, solutions = 6)
   9169  3167       42.3100    46       43.2000       42.2200  1671945    2.27%
   9227  3210       42.9000    55       43.2000       42.2200  1678231    2.27%
   9279  3250       42.4600    43       43.2000       42.2200  1684077    2.27%
   9314  3269       42.2200    43       43.2000       42.2200  1690746    2.27%
   9366  3307       42.2200    50       43.2000       42.2200  1697473    2.27%
   9417  3345       42.2329    62       43.2000       42.2200  1704301    2.27%
   9469  3385       42.2300    52       43.2000       42.2200  1710430    2.27%
   9524  3427       42.3100    46       43.2000       42.2200  1715053    2.27%
   9592  3474       42.4600    56       43.2000       42.2200  1722339    2.27%
   9653  3521       42.4627    41       43.2000       42.2200  1729457    2.27%
Elapsed time = 923.31 sec. (1256233.49 ticks, tree = 14.26 MB, solutions = 6)
   9702  3555       42.2200    48       43.2000       42.2200  1736166    2.27%
   9759  3597       42.3200    31       43.2000       42.2200  1744003    2.27%
   9833  3649       42.2332    50       43.2000       42.2200  1751179    2.27%
   9885  3691       42.7300    31       43.2000       42.2200  1758276    2.27%
   9936  3727       42.3231    40       43.2000       42.2200  1764199    2.27%
   9991  3765       42.7200    29       43.2000       42.2200  1769774    2.27%
  10045  3791       42.5609    50       43.2000       42.2200  1776842    2.27%
  10092  3822       42.2300    47       43.2000       42.2200  1783793    2.27%
  10125  3845       42.4700    49       43.2000       42.2200  1789456    2.27%
  10190  3890       42.2329    53       43.2000       42.2200  1797046    2.27%
Elapsed time = 957.57 sec. (1300816.79 ticks, tree = 15.48 MB, solutions = 6)
  10255  3944       42.5703    39       43.2000       42.2200  1803923    2.27%
  10328  4001       42.3100    47       43.2000       42.2200  1809671    2.27%
  10387  4039    infeasible             43.2000       42.2200  1816697    2.27%
  10439  4071       42.2200    52       43.2000       42.2200  1823358    2.27%
  10481  4101       42.8955    43       43.2000       42.2200  1829160    2.27%
  10536  4140       42.2232    47       43.2000       42.2200  1835293    2.27%
  10596  4183       42.4600    44       43.2000       42.2200  1841887    2.27%
  10668  4234    infeasible             43.2000       42.2200  1849856    2.27%
  10726  4281       42.2200    54       43.2000       42.2200  1856696    2.27%
  10768  4312       42.2232    46       43.2000       42.2200  1864363    2.27%
Elapsed time = 987.70 sec. (1339621.60 ticks, tree = 17.01 MB, solutions = 6)
  10838  4366       42.7200    43       43.2000       42.2200  1870620    2.27%
  10894  4414       42.3200    51       43.2000       42.2200  1878220    2.27%
  10953  4461       42.2232    51       43.2000       42.2200  1884066    2.27%
  11000  4488       42.2200    62       43.2000       42.2200  1889734    2.27%
  11002  4490       42.2300    50       43.2000       42.2200  1889854    2.27%
  11056  4523       42.4600    45       43.2000       42.2200  1895881    2.27%
  11098  4545       42.3100    37       43.2000       42.2200  1900894    2.27%
  11102  4549       42.5000    34       43.2000       42.2200  1901572    2.27%
  11134  4562       42.2200    54       43.2000       42.2200  1907189    2.27%
  11194  4601       42.5193    48       43.2000       42.2200  1913825    2.27%
Elapsed time = 1022.26 sec. (1385039.34 ticks, tree = 17.96 MB, solutions = 6)
  11222  4611       43.1800    26       43.2000       42.2200  1917478    2.27%
  11256  4631       42.2200    42       43.2000       42.2200  1923874    2.27%
  11290  4642       43.0285    32       43.2000       42.2200  1930929    2.27%
  11324  4660       42.2300    42       43.2000       42.2200  1936886    2.27%
  11361  4687       42.2301    38       43.2000       42.2200  1943946    2.27%
  11394  4706       42.4700    68       43.2000       42.2200  1948752    2.27%
  11432  4729       42.8500    52       43.2000       42.2200  1953590    2.27%
  11479  4758       42.3100    46       43.2000       42.2200  1959646    2.27%
  11541  4808       42.7300    33       43.2000       42.2200  1966188    2.27%
  11595  4844       42.6571    53       43.2000       42.2200  1973032    2.27%
Elapsed time = 1052.28 sec. (1424448.05 ticks, tree = 18.75 MB, solutions = 6)
  11623  4863       42.6100    40       43.2000       42.2200  1976786    2.27%
  11665  4897       42.2329    53       43.2000       42.2200  1983890    2.27%
  11738  4955       42.3100    53       43.2000       42.2200  1991112    2.27%
  11791  4994       42.4627    41       43.2000       42.2200  1997781    2.27%
  11845  5025       42.4600    54       43.2000       42.2200  2005252    2.27%
  11905  5071       42.6500    44       43.2000       42.2200  2011859    2.27%
  11972  5120    infeasible             43.2000       42.2200  2019923    2.27%
  12036  5168       42.4600    36       43.2000       42.2200  2026613    2.27%
  12087  5196       42.2200    50       43.2000       42.2200  2033752    2.27%
  12121  5219       43.0403    36       43.2000       42.2200  2040770    2.27%
Elapsed time = 1083.33 sec. (1463307.66 ticks, tree = 19.98 MB, solutions = 6)
  12182  5264       42.3100    34       43.2000       42.2200  2047579    2.27%
  12202  5274       42.2200    57       43.2000       42.2200  2049801    2.27%
  12249  5314       42.2200    52       43.2000       42.2200  2056934    2.27%
  12308  5358       42.2329    44       43.2000       42.2200  2062679    2.27%
  12360  5395       42.2200    47       43.2000       42.2200  2069028    2.27%
  12410  5432       42.2200    51       43.2000       42.2200  2075940    2.27%
  12452  5464       42.6200    41       43.2000       42.2200  2082210    2.27%
  12493  5494       43.1200    24       43.2000       42.2200  2088483    2.27%
  12543  5531       42.4700    40       43.2000       42.2200  2094978    2.27%
  12606  5571       42.2200    53       43.2000       42.2200  2100830    2.27%
Elapsed time = 1114.69 sec. (1505985.16 ticks, tree = 21.14 MB, solutions = 6)
  12643  5602       42.2315    36       43.2000       42.2200  2105825    2.27%
  12675  5623       42.2200    50       43.2000       42.2200  2112499    2.27%
  12711  5642       42.2300    51       43.2000       42.2200  2118879    2.27%
  12754  5671       42.2200    54       43.2000       42.2200  2126011    2.27%
  12789  5680       42.2200    49       43.2000       42.2200  2133984    2.27%
  12823  5703       42.6201    29       43.2000       42.2200  2142159    2.27%
  12859  5720       42.9900    29       43.2000       42.2200  2149375    2.27%
  12903  5752       42.7300    36       43.2000       42.2200  2156644    2.27%
  12962  5793       42.4600    57       43.2000       42.2200  2163859    2.27%
  13007  5823       42.2200    58       43.2000       42.2200  2170054    2.27%
Elapsed time = 1145.86 sec. (1545098.24 ticks, tree = 21.97 MB, solutions = 6)
  13028  5836    infeasible             43.2000       42.2200  2174129    2.27%
  13062  5832       42.2200    38       43.2000       42.2200  2179326    2.27%
  13118  5846       42.2200    41       43.2000       42.2200  2185569    2.27%
  13165  5853       42.2200    39       43.2000       42.2200  2193373    2.27%
  13220  5854       42.2200    37       43.2000       42.2200  2200953    2.27%
  13281  5849       42.2200    51       43.2000       42.2200  2209590    2.27%
  13331  5859       42.2200    38       43.2000       42.2200  2217597    2.27%
  13383  5863       42.2200    36       43.2000       42.2200  2225908    2.27%
  13428  5872       42.2200    38       43.2000       42.2200  2234210    2.27%
  13471  5867       42.2200    41       43.2000       42.2200  2242476    2.27%
Elapsed time = 1174.59 sec. (1584374.40 ticks, tree = 22.11 MB, solutions = 6)
  13531  5863    infeasible             43.2000       42.2200  2250420    2.27%
  13587  5877       42.3327    35       43.2000       42.2200  2258593    2.27%
  13633  5917       43.0300    28       43.2000       42.2200  2264414    2.27%
  13686  5954       42.3461    39       43.2000       42.2200  2270149    2.27%
  13736  5988       43.1400    37       43.2000       42.2200  2275525    2.27%
  13782  6014    infeasible             43.2000       42.2200  2281993    2.27%
  13830  6052       42.3100    48       43.2000       42.2200  2287967    2.27%
  13880  6090       42.9000    57       43.2000       42.2200  2294516    2.27%
  13923  6129       42.2329    49       43.2000       42.2200  2298247    2.27%
  13977  6168       42.7200    32       43.2000       42.2200  2304920    2.27%
Elapsed time = 1203.67 sec. (1623106.60 ticks, tree = 23.10 MB, solutions = 6)
  14020  6197       42.3100    47       43.2000       42.2200  2310998    2.27%
  14079  6241       42.7538    33       43.2000       42.2200  2319243    2.27%
  14102  6259       42.4627    44       43.2000       42.2200  2321815    2.27%
  14171  6311       42.2232    47       43.2000       42.2200  2329355    2.27%
  14243  6374       42.3100    46       43.2000       42.2200  2336689    2.27%
  14295  6416       42.4700    52       43.2000       42.2200  2343855    2.27%
  14367  6462    infeasible             43.2000       42.2200  2351496    2.27%
  14411  6496       42.4961    29       43.2000       42.2200  2358546    2.27%
  14469  6528       42.4700    33       43.2000       42.2200  2366261    2.27%
  14523  6564       42.2200    59       43.2000       42.2200  2374080    2.27%
Elapsed time = 1237.13 sec. (1666673.22 ticks, tree = 24.40 MB, solutions = 6)
  14582  6615       42.4600    58       43.2000       42.2200  2381067    2.27%
  14647  6665    infeasible             43.2000       42.2200  2389314    2.27%
  14702  6695       42.3100    52       43.2000       42.2200  2396068    2.27%
  14772  6747       42.6100    46       43.2000       42.2200  2403685    2.27%
  14829  6784       42.2300    53       43.2000       42.2200  2411828    2.27%
  14878  6829       42.2232    44       43.2000       42.2200  2418318    2.27%
  14920  6850       42.4600    43       43.2000       42.2200  2424205    2.27%
  14975  6890    infeasible             43.2000       42.2200  2431371    2.27%
  15008  6909       42.5166    39       43.2000       42.2200  2437710    2.27%
  15056  6943       42.5166    33       43.2000       42.2200  2444051    2.27%
Elapsed time = 1266.96 sec. (1705923.78 ticks, tree = 25.64 MB, solutions = 6)
  15095  6957       43.1300    37       43.2000       42.2200  2449877    2.27%
  15136  6988       42.7281    37       43.2000       42.2200  2454672    2.27%
  15197  7029       42.3100    48       43.2000       42.2200  2461195    2.27%
  15254  7067       42.8932    55       43.2000       42.2200  2468811    2.27%
  15311  7101       42.3100    34       43.2000       42.2200  2476474    2.27%
  15371  7131       42.3703    42       43.2000       42.2200  2483653    2.27%
  15417  7164       42.8900    42       43.2000       42.2200  2490804    2.27%
  15466  7197       42.4676    32       43.2000       42.2200  2497744    2.27%
  15534  7248       42.2200    45       43.2000       42.2200  2504439    2.27%
  15593  7294       42.3107    32       43.2000       42.2200  2512365    2.27%
Elapsed time = 1297.43 sec. (1744694.10 ticks, tree = 26.80 MB, solutions = 6)
  15662  7343       42.3700    55       43.2000       42.2200  2520028    2.27%
  15726  7393       42.3100    48       43.2000       42.2200  2527984    2.27%
  15775  7429       42.5700    25       43.2000       42.2200  2536255    2.27%
  15830  7468       42.4600    58       43.2000       42.2200  2545467    2.27%
  15886  7508       42.2200    54       43.2000       42.2200  2552993    2.27%
  15942  7545       42.2329    50       43.2000       42.2200  2560671    2.27%
  15988  7572       42.2200    51       43.2000       42.2200  2568456    2.27%
  16034  7606       42.8900    48       43.2000       42.2200  2575998    2.27%
  16082  7635       42.4801    47       43.2000       42.2200  2582414    2.27%
  16127  7658       43.1900    44       43.2000       42.2200  2588764    2.27%
Elapsed time = 1328.33 sec. (1784258.12 ticks, tree = 27.99 MB, solutions = 6)
  16188  7684       42.2200    47       43.2000       42.2200  2595450    2.27%
  16224  7710       42.3200    39       43.2000       42.2200  2602118    2.27%
  16273  7742       42.4600    39       43.2000       42.2200  2607982    2.27%
  16324  7771       42.4600    45       43.2000       42.2200  2616277    2.27%
  16369  7794       42.2300    46       43.2000       42.2200  2621817    2.27%
  16433  7838       42.3100    47       43.2000       42.2200  2628880    2.27%
  16500  7873       42.2901    45       43.2000       42.2200  2635301    2.27%
  16558  7907       42.2232    52       43.2000       42.2200  2642528    2.27%
  16602  7937       42.3100    48       43.2000       42.2200  2647428    2.27%
  16671  7989       42.3703    46       43.2000       42.2200  2655285    2.27%
Elapsed time = 1363.12 sec. (1829039.01 ticks, tree = 29.08 MB, solutions = 6)
  16746  8042       42.7200    30       43.2000       42.2200  2663079    2.27%
  16796  8073       42.3883    37       43.2000       42.2200  2671929    2.27%
  16867  8120       42.4700    44       43.2000       42.2200  2679586    2.27%
  16925  8167    infeasible             43.2000       42.2200  2687421    2.27%
  16998  8221       42.4600    42       43.2000       42.2200  2694489    2.27%
  17082  8274       42.2265    41       43.2000       42.2200  2702327    2.27%
  17160  8322       42.3703    49       43.2000       42.2200  2710325    2.27%
  17237  8375       42.2200    47       43.2000       42.2200  2717761    2.27%
  17271  8394       43.1900    32       43.2000       42.2200  2725999    2.27%
  17328  8439       42.4600    48       43.2000       42.2200  2731827    2.27%
Elapsed time = 1393.83 sec. (1867917.20 ticks, tree = 30.88 MB, solutions = 6)
  17388  8473       42.2200    50       43.2000       42.2200  2738033    2.27%
  17455  8532       42.3107    51       43.2000       42.2200  2744944    2.27%
  17511  8575       42.7100    51       43.2000       42.2200  2751203    2.27%
  17562  8616       42.7499    41       43.2000       42.2200  2757497    2.27%
  17628  8654       42.3107    40       43.2000       42.2200  2763340    2.27%
  17690  8689       42.4901    45       43.2000       42.2200  2770268    2.27%
  17749  8731       42.7200    31       43.2000       42.2200  2778088    2.27%
  17798  8770       42.3803    46       43.2000       42.2200  2784425    2.27%
  17853  8814       42.7300    34       43.2000       42.2200  2789732    2.27%
  17911  8862       42.4600    57       43.2000       42.2200  2797104    2.27%
Elapsed time = 1422.93 sec. (1907362.04 ticks, tree = 32.27 MB, solutions = 6)
  17969  8911       42.6139    35       43.2000       42.2200  2804026    2.27%
  18043  8966       42.7200    48       43.2000       42.2200  2811109    2.27%
  18103  9008       42.9700    30       43.2000       42.2200  2819664    2.27%
  18175  9066       42.2232    52       43.2000       42.2200  2827540    2.27%
  18230  9106       42.2200    56       43.2000       42.2200  2834067    2.27%
  18294  9156       42.2232    54       43.2000       42.2200  2841723    2.27%
  18337  9183    infeasible             43.2000       42.2200  2849792    2.27%
  18406  9227       42.8944    54       43.2000       42.2200  2858510    2.27%
  18454  9261       42.5596    60       43.2000       42.2200  2865067    2.27%
  18527  9308    infeasible             43.2000       42.2200  2873035    2.27%
Elapsed time = 1453.33 sec. (1946665.93 ticks, tree = 33.74 MB, solutions = 6)
  18575  9345       42.2300    46       43.2000       42.2200  2880230    2.27%
  18639  9397    infeasible             43.2000       42.2200  2888357    2.27%
  18712  9442       42.2329    43       43.2000       42.2200  2895820    2.27%
  18774  9492       42.7200    35       43.2000       42.2200  2901806    2.27%
  18831  9536       42.3200    32       43.2000       42.2200  2908738    2.27%
  18882  9566       42.7100    39       43.2000       42.2200  2915945    2.27%
  18930  9602       42.2329    44       43.2000       42.2200  2923187    2.27%
  18988  9641       42.4600    36       43.2000       42.2200  2930330    2.27%
  19002  9648       42.2200    44       43.2000       42.2200  2932050    2.27%
  19062  9695       42.3100    52       43.2000       42.2200  2938237    2.27%
Elapsed time = 1485.10 sec. (1989374.33 ticks, tree = 35.00 MB, solutions = 6)
  19115  9741       42.2300    51       43.2000       42.2200  2943959    2.27%
  19162  9779       42.4600    49       43.2000       42.2200  2950689    2.27%
  19223  9824       42.7100    45       43.2000       42.2200  2957997    2.27%
  19274  9857       42.8900    44       43.2000       42.2200  2965227    2.27%
  19313  9876       42.2200    57       43.2000       42.2200  2973336    2.27%
  19334  9896       42.2200    64       43.2000       42.2200  2975379    2.27%
  19371  9924       42.3100    33       43.2000       42.2200  2980479    2.27%
  19390  9934       42.2300    45       43.2000       42.2200  2986107    2.27%
  19417  9957       42.2200    66       43.2000       42.2200  2989688    2.27%
  19447  9980       42.2200    61       43.2000       42.2200  2992483    2.27%
Elapsed time = 1513.43 sec. (2028568.46 ticks, tree = 35.94 MB, solutions = 6)
  19465  9998       42.4800    57       43.2000       42.2200  2994773    2.27%
  19505 10033       42.3100    35       43.2000       42.2200  3000140    2.27%
  19533 10057       42.3200    53       43.2000       42.2200  3004620    2.27%
  19564 10080       42.5700    32       43.2000       42.2200  3010288    2.27%
  19593 10098       42.3120    59       43.2000       42.2200  3015870    2.27%
  19636 10131       42.3843    37       43.2000       42.2200  3021193    2.27%
  19677 10163       42.3147    42       43.2000       42.2200  3026907    2.27%
  19727 10189       42.2300    59       43.2000       42.2200  3033647    2.27%
  19761 10217       42.5700    55       43.2000       42.2200  3038445    2.27%
  19789 10232       42.2200    53       43.2000       42.2200  3042945    2.27%
Elapsed time = 1540.55 sec. (2067248.99 ticks, tree = 36.77 MB, solutions = 6)
  19818 10261       42.2448    46       43.2000       42.2200  3048308    2.27%
  19883 10297       42.2200    42       43.2000       42.2200  3055569    2.27%
  19931 10326       42.2215    51       43.2000       42.2200  3061060    2.27%
  19997 10358       42.2215    58       43.2000       42.2200  3068854    2.27%
  20049 10398       42.2200    48       43.2000       42.2200  3074714    2.27%
  20086 10423       42.8100    47       43.2000       42.2200  3080581    2.27%
  20127 10449       42.2200    44       43.2000       42.2200  3087684    2.27%
  20159 10465       42.8100    55       43.2000       42.2200  3094379    2.27%
  20198 10485       42.3426    46       43.2000       42.2200  3101493    2.27%
  20241 10512       42.8100    54       43.2000       42.2200  3108830    2.27%
Elapsed time = 1570.00 sec. (2105875.75 ticks, tree = 37.69 MB, solutions = 6)
  20273 10534       42.8100    42       43.2000       42.2200  3116539    2.27%
  20329 10557       42.2458    70       43.2000       42.2200  3123879    2.27%
  20376 10593       43.0000    48       43.2000       42.2200  3130169    2.27%
  20442 10632       42.2349    41       43.2000       42.2200  3138087    2.27%
  20516 10665       42.2200    43       43.2000       42.2200  3146037    2.27%
  20575 10691       42.8100    39       43.2000       42.2200  3153121    2.27%
  20623 10714       42.8100    43       43.2000       42.2200  3160736    2.27%
  20683 10736    infeasible             43.2000       42.2200  3169059    2.27%
  20729 10755       42.3120    44       43.2000       42.2200  3176279    2.27%
  20779 10778       42.3160    36       43.2000       42.2200  3186122    2.27%
Elapsed time = 1601.27 sec. (2144760.02 ticks, tree = 38.56 MB, solutions = 6)
  20817 10798       42.4100    45       43.2000       42.2200  3194001    2.27%
  20885 10829       42.2200    49       43.2000       42.2200  3201829    2.27%
  20908 10851       42.2200    55       43.2000       42.2200  3205401    2.27%
  20945 10868       42.2200    58       43.2000       42.2200  3211179    2.27%
  20980 10898       42.6017    37       43.2000       42.2200  3216076    2.27%
  21018 10916       42.4197    48       43.2000       42.2200  3221759    2.27%
  21063 10940       42.8100    52       43.2000       42.2200  3229207    2.27%
  21112 10974       43.0000    33       43.2000       42.2200  3236441    2.27%
  21163 10997       42.5700    54       43.2000       42.2200  3244362    2.27%
  21218 11033       42.5000    30       43.2000       42.2200  3251956    2.27%
Elapsed time = 1631.95 sec. (2184000.50 ticks, tree = 39.40 MB, solutions = 6)
  21279 11067    infeasible             43.2000       42.2200  3259937    2.27%
  21327 11095       42.5623    41       43.2000       42.2200  3267187    2.27%
  21365 11113       42.2200    56       43.2000       42.2200  3275786    2.27%
  21400 11139       42.2200    61       43.2000       42.2200  3281896    2.27%
  21431 11165       42.2200    52       43.2000       42.2200  3284644    2.27%
  21462 11191       42.2200    66       43.2000       42.2200  3289392    2.27%
  21485 11205       42.2200    82       43.2000       42.2200  3294551    2.27%
  21525 11242       42.2200    52       43.2000       42.2200  3298879    2.27%
  21558 11269       42.2200    66       43.2000       42.2200  3303244    2.27%
  21591 11296       42.4100    44       43.2000       42.2200  3308149    2.27%
Elapsed time = 1661.96 sec. (2223388.22 ticks, tree = 40.27 MB, solutions = 6)
  21626 11321       42.2300    61       43.2000       42.2200  3312659    2.27%
  21663 11349       42.2200    62       43.2000       42.2200  3317261    2.27%
  21702 11382       42.2300    65       43.2000       42.2200  3322280    2.27%
  21745 11416       42.2300    58       43.2000       42.2200  3327571    2.27%
  21787 11451       42.5800    36       43.2000       42.2200  3332990    2.27%
  21823 11477       42.2200    53       43.2000       42.2200  3337785    2.27%
  21861 11508       42.2300    48       43.2000       42.2200  3343265    2.27%
  21906 11539       42.2300    46       43.2000       42.2200  3349293    2.27%
  21941 11548       42.2200    40       43.2000       42.2200  3356703    2.27%
  21974 11553       42.3100    45       43.2000       42.2200  3365204    2.27%
Elapsed time = 1694.00 sec. (2263755.37 ticks, tree = 41.11 MB, solutions = 6)
  22003 11562       42.2200    28       43.2000       42.2200  3373067    2.27%
  22029 11568       42.3100    36       43.2000       42.2200  3381054    2.27%
  22062 11581    infeasible             43.2000       42.2200  3389203    2.27%
  22083 11585       42.5068    40       43.2000       42.2200  3396796    2.27%
  22102 11586       42.2200    47       43.2000       42.2200  3404112    2.27%
  22130 11586        cutoff             43.2000       42.2200  3410642    2.27%
  22161 11597       42.2300    47       43.2000       42.2200  3416909    2.27%
  22208 11622       42.2200    51       43.2000       42.2200  3424463    2.27%
  22242 11649       42.2200    59       43.2000       42.2200  3428832    2.27%
  22264 11663       42.3100    63       43.2000       42.2200  3436079    2.27%
Elapsed time = 1730.28 sec. (2308614.22 ticks, tree = 41.47 MB, solutions = 6)
  22288 11680       42.2300    56       43.2000       42.2200  3439498    2.27%
  22342 11716       42.2300    44       43.2000       42.2200  3446188    2.27%
  22387 11747        cutoff             43.2000       42.2200  3454073    2.27%
  22418 11771       42.5000    50       43.2000       42.2200  3460614    2.27%
  22450 11796       42.3209    53       43.2000       42.2200  3465202    2.27%
  22474 11810       42.2200    53       43.2000       42.2200  3470482    2.27%
  22517 11834       42.3187    40       43.2000       42.2200  3478156    2.27%
  22548 11833       42.2200    41       43.2000       42.2200  3486603    2.27%
  22573 11834    infeasible             43.2000       42.2200  3494923    2.27%
  22590 11835       42.2464    45       43.2000       42.2200  3503113    2.27%
Elapsed time = 1762.37 sec. (2347846.83 ticks, tree = 42.04 MB, solutions = 6)
  22624 11850       42.5700    49       43.2000       42.2200  3509762    2.27%
  22670 11877       42.3141    50       43.2000       42.2200  3517168    2.27%
  22692 11894       42.2232    64       43.2000       42.2200  3523541    2.27%
  22734 11928       42.4700    37       43.2000       42.2200  3529686    2.27%
  22768 11950       42.2200    63       43.2000       42.2200  3536503    2.27%
  22822 11976       42.2545    55       43.2000       42.2200  3544751    2.27%
  22848 11992       42.2201    60       43.2000       42.2200  3552444    2.27%
  22870 12004       42.3125    49       43.2000       42.2200  3558330    2.27%
  22902 12028       42.3743    48       43.2000       42.2200  3565341    2.27%
  22951 12064       42.3164    48       43.2000       42.2200  3571057    2.27%
Elapsed time = 1796.19 sec. (2387410.20 ticks, tree = 43.11 MB, solutions = 6)
  22981 12081    infeasible             43.2000       42.2200  3577578    2.27%
  23027 12115       42.3100    47       43.2000       42.2200  3584092    2.27%
  23066 12146       42.6600    24       43.2000       42.2200  3591063    2.27%
  23108 12168       42.2200    66       43.2000       42.2200  3598611    2.27%
  23131 12184       42.2200    69       43.2000       42.2200  3603339    2.27%
  23160 12198       42.2479    66       43.2000       42.2200  3610745    2.27%
  23207 12229       42.3200    35       43.2000       42.2200  3616521    2.27%
  23261 12256    infeasible             43.2000       42.2200  3622893    2.27%
  23312 12290       42.2200    46       43.2000       42.2200  3629054    2.27%
  23340 12313       42.2200    50       43.2000       42.2200  3634419    2.27%
Elapsed time = 1827.47 sec. (2426341.49 ticks, tree = 46.47 MB, solutions = 6)
  23385 12348       42.3220    46       43.2000       42.2200  3639732    2.27%
  23446 12383       42.2386    52       43.2000       42.2200  3647076    2.27%
  23475 12392       42.2278    58       43.2000       42.2200  3653388    2.27%
  23510 12422       42.5700    50       43.2000       42.2200  3657551    2.27%
  23548 12448    infeasible             43.2000       42.2200  3664130    2.27%
  23577 12472       42.3147    55       43.2000       42.2200  3670517    2.27%
  23602 12492       42.8800    25       43.2000       42.2200  3676334    2.27%
  23639 12514       42.5800    46       43.2000       42.2200  3682408    2.27%
  23679 12543       42.3201    59       43.2000       42.2200  3688702    2.27%
  23711 12558       42.3100    52       43.2000       42.2200  3694321    2.27%
Elapsed time = 1861.75 sec. (2470106.93 ticks, tree = 47.28 MB, solutions = 6)
  23758 12595       42.2200    56       43.2000       42.2200  3700148    2.27%
  23795 12618       42.2344    68       43.2000       42.2200  3705593    2.27%
  23828 12637       42.2200    60       43.2000       42.2200  3711506    2.27%
  23858 12663       42.2200    60       43.2000       42.2200  3716695    2.27%
  23909 12701       42.2419    52       43.2000       42.2200  3723509    2.27%
  23951 12728    infeasible             43.2000       42.2200  3729851    2.27%
  23984 12753       42.2200    57       43.2000       42.2200  3734991    2.27%
  24024 12782       42.5002    37       43.2000       42.2200  3741833    2.27%
  24062 12805       42.3220    27       43.2000       42.2200  3749557    2.27%
  24092 12825       42.2278    54       43.2000       42.2200  3755662    2.27%
Elapsed time = 1894.30 sec. (2509666.04 ticks, tree = 48.32 MB, solutions = 6)
  24131 12854       42.3200    38       43.2000       42.2200  3762713    2.27%
  24173 12865       42.2300    44       43.2000       42.2200  3771739    2.27%
  24221 12890        cutoff             43.2000       42.2200  3780038    2.27%
  24250 12904       42.2200    60       43.2000       42.2200  3788038    2.27%
  24295 12941       42.2200    66       43.2000       42.2200  3794921    2.27%
  24345 12970       42.5100    32       43.2000       42.2200  3802573    2.27%
  24385 12996       42.2300    46       43.2000       42.2200  3810697    2.27%
  24426 13025       42.3101    44       43.2000       42.2200  3818403    2.27%
  24470 13053       42.5000    49       43.2000       42.2200  3825571    2.27%
  24518 13088       42.2212    69       43.2000       42.2200  3830922    2.27%
Elapsed time = 1926.37 sec. (2549227.91 ticks, tree = 49.34 MB, solutions = 6)
  24550 13114       42.8912    51       43.2000       42.2200  3836102    2.27%
  24625 13164       42.5120    41       43.2000       42.2200  3843430    2.27%
  24658 13190       42.3100    39       43.2000       42.2200  3851995    2.27%
  24690 13207       42.5634    47       43.2000       42.2200  3861778    2.27%
  24719 13215       42.2200    47       43.2000       42.2200  3869972    2.27%
  24745 13229       42.5016    39       43.2000       42.2200  3878436    2.27%
  24776 13249       42.3230    37       43.2000       42.2200  3884993    2.27%
  24812 13263       42.3200    44       43.2000       42.2200  3892278    2.27%
  24851 13292       42.3100    45       43.2000       42.2200  3899951    2.27%
  24873 13307       42.3100    44       43.2000       42.2200  3906863    2.27%
Elapsed time = 1957.90 sec. (2588551.90 ticks, tree = 50.06 MB, solutions = 6)
  24923 13340       42.5798    47       43.2000       42.2200  3913315    2.27%
  24984 13375       42.5800    26       43.2000       42.2200  3920276    2.27%
  25002 13383       42.3200    48       43.2000       42.2200  3923251    2.27%
  25044 13404       42.3100    40       43.2000       42.2200  3931249    2.27%
  25087 13426       42.2278    42       43.2000       42.2200  3938357    2.27%
  25117 13443       42.3103    43       43.2000       42.2200  3945429    2.27%
  25142 13461       42.4540    55       43.2000       42.2200  3951817    2.27%
  25174 13483       42.3700    57       43.2000       42.2200  3955789    2.27%
  25203 13504       42.2200    59       43.2000       42.2200  3959153    2.27%
  25242 13537       42.2300    57       43.2000       42.2200  3964617    2.27%
Elapsed time = 1991.38 sec. (2632246.91 ticks, tree = 50.82 MB, solutions = 6)
  25286 13577       42.6666    39       43.2000       42.2200  3971171    2.27%
  25318 13599       42.7300    36       43.2000       42.2200  3976763    2.27%
  25362 13632       42.2200    53       43.2000       42.2200  3982785    2.27%
  25400 13665       42.6600    40       43.2000       42.2200  3988887    2.27%
  25444 13702       42.6600    43       43.2000       42.2200  3994426    2.27%
  25491 13740       42.6600    43       43.2000       42.2200  4000300    2.27%
  25512 13757       42.3211    57       43.2000       42.2200  4004609    2.27%
  25565 13799       42.2200    63       43.2000       42.2200  4010998    2.27%
  25599 13825       42.7300    47       43.2000       42.2200  4016684    2.27%
  25642 13859       42.4418    74       43.2000       42.2200  4023807    2.27%
Elapsed time = 2022.77 sec. (2671483.51 ticks, tree = 51.88 MB, solutions = 6)
  25678 13885       42.2200    63       43.2000       42.2200  4027583    2.27%
  25718 13919        cutoff             43.2000       42.2200  4033459    2.27%
  25765 13956    infeasible             43.2000       42.2200  4040913    2.27%
  25797 13976       42.4122    48       43.2000       42.2200  4047899    2.27%
  25836 13995       42.3100    54       43.2000       42.2200  4053583    2.27%
  25877 14027       42.2200    57       43.2000       42.2200  4059653    2.27%
  25908 14053       42.2300    47       43.2000       42.2200  4065972    2.27%
  25954 14084       42.4800    50       43.2000       42.2200  4071998    2.27%
  25994 14107       42.2215    54       43.2000       42.2200  4078471    2.27%
  26024 14126       42.2215    51       43.2000       42.2200  4086418    2.27%
Elapsed time = 2054.05 sec. (2710663.27 ticks, tree = 52.76 MB, solutions = 6)
  26071 14150       42.2200    43       43.2000       42.2200  4093566    2.27%
  26113 14171       43.0000    46       43.2000       42.2200  4100650    2.27%
  26157 14189       43.0000    50       43.2000       42.2200  4108096    2.27%
  26197 14205       42.3495    63       43.2000       42.2200  4115617    2.27%
  26235 14217    infeasible             43.2000       42.2200  4122636    2.27%
  26280 14240       42.3743    61       43.2000       42.2200  4130425    2.27%
  26311 14250    infeasible             43.2000       42.2200  4136539    2.27%
  26347 14267       42.2200    60       43.2000       42.2200  4143084    2.27%
  26419 14320       42.3220    39       43.2000       42.2200  4150298    2.27%
  26476 14348       42.3234    36       43.2000       42.2200  4158639    2.27%
Elapsed time = 2086.30 sec. (2749506.30 ticks, tree = 53.49 MB, solutions = 6)
  26528 14368       43.1700    35       43.2000       42.2200  4167394    2.27%
  26570 14384       42.7200    67       43.2000       42.2200  4175600    2.27%
  26612 14411       42.2300    49       43.2000       42.2200  4180926    2.27%
  26658 14445       42.3100    63       43.2000       42.2200  4187067    2.27%
  26698 14476       42.3200    50       43.2000       42.2200  4192258    2.27%
  26757 14520       42.2200    49       43.2000       42.2200  4200516    2.27%
  26792 14540       42.4197    61       43.2000       42.2200  4208508    2.27%
  26844 14573       42.4572    51       43.2000       42.2200  4215429    2.27%
  26886 14605       42.3200    19       43.2000       42.2200  4222443    2.27%
  26902 14617       42.3100    46       43.2000       42.2200  4224020    2.27%
Elapsed time = 2119.63 sec. (2792612.85 ticks, tree = 54.38 MB, solutions = 6)
  26935 14633       42.2200    49       43.2000       42.2200  4230491    2.27%
  26959 14643    infeasible             43.2000       42.2200  4235858    2.27%
  26988 14666       42.3100    49       43.2000       42.2200  4241996    2.27%
  27017 14681       42.2300    49       43.2000       42.2200  4248502    2.27%
  27053 14706       42.2411    49       43.2000       42.2200  4255861    2.27%
  27085 14719       42.5341    58       43.2000       42.2200  4262006    2.27%
  27114 14730       42.5700    44       43.2000       42.2200  4268245    2.27%
  27150 14746       42.5800    41       43.2000       42.2200  4273747    2.27%
  27177 14759       42.2200    52       43.2000       42.2200  4281472    2.27%
  27217 14784       42.2200    68       43.2000       42.2200  4287709    2.27%
Elapsed time = 2150.19 sec. (2831838.79 ticks, tree = 56.52 MB, solutions = 6)
  27248 14806       42.8800    24       43.2000       42.2200  4295197    2.27%
  27311 14847       42.3100    37       43.2000       42.2200  4302580    2.27%
  27342 14861    infeasible             43.2000       42.2200  4309353    2.27%
  27375 14880       42.5800    47       43.2000       42.2200  4316804    2.27%
  27440 14915    infeasible             43.2000       42.2200  4325124    2.27%
  27500 14950       42.5020    49       43.2000       42.2200  4332354    2.27%
  27561 14986    infeasible             43.2000       42.2200  4339838    2.27%
  27602 15002    infeasible             43.2000       42.2200  4348178    2.27%
  27630 15012       42.3141    51       43.2000       42.2200  4355050    2.27%
  27668 15024    infeasible             43.2000       42.2200  4362097    2.27%
Elapsed time = 2180.82 sec. (2870365.12 ticks, tree = 57.31 MB, solutions = 6)
  27705 15054       42.2200    57       43.2000       42.2200  4367099    2.27%
  27740 15079       42.8900    62       43.2000       42.2200  4374436    2.27%
  27777 15099       42.3141    67       43.2000       42.2200  4381952    2.27%
  27818 15119       42.3141    46       43.2000       42.2200  4390316    2.27%
  27840 15120       42.5700    45       43.2000       42.2200  4398013    2.27%
  27875 15139    infeasible             43.2000       42.2200  4405766    2.27%
  27913 15159       42.2200    64       43.2000       42.2200  4411536    2.27%
  27943 15184       42.3116    63       43.2000       42.2200  4416486    2.27%
  27979 15212       42.4219    53       43.2000       42.2200  4422580    2.27%
  28006 15221       42.3121    51       43.2000       42.2200  4430890    2.27%
Elapsed time = 2213.33 sec. (2909906.14 ticks, tree = 57.96 MB, solutions = 6)
  28046 15241       42.3121    50       43.2000       42.2200  4437791    2.27%
  28090 15266       42.7700    43       43.2000       42.2200  4444083    2.27%
  28127 15291       42.2486    55       43.2000       42.2200  4449859    2.27%
  28168 15311       42.2200    60       43.2000       42.2200  4456782    2.27%
  28205 15338       42.3100    54       43.2000       42.2200  4464845    2.27%
  28232 15349       42.3141    59       43.2000       42.2200  4471300    2.27%
  28267 15366       42.2212    65       43.2000       42.2200  4477955    2.27%
  28293 15384       42.3141    69       43.2000       42.2200  4483304    2.27%
  28331 15408       43.0700    41       43.2000       42.2200  4490485    2.27%
  28362 15431       42.2200    65       43.2000       42.2200  4495885    2.27%
Elapsed time = 2244.13 sec. (2949589.58 ticks, tree = 58.65 MB, solutions = 6)
  28406 15465       42.3100    72       43.2000       42.2200  4501274    2.27%
  28448 15499       42.2312    63       43.2000       42.2200  4507310    2.27%
  28493 15527       42.2200    56       43.2000       42.2200  4514275    2.27%
  28534 15560       42.2300    58       43.2000       42.2200  4523137    2.27%
  28579 15598       42.3100    53       43.2000       42.2200  4530094    2.27%
  28611 15612       42.3100    56       43.2000       42.2200  4535928    2.27%
  28632 15621       42.3220    64       43.2000       42.2200  4542213    2.27%
  28678 15645       42.5212    51       43.2000       42.2200  4548375    2.27%
  28707 15657       42.2328    64       43.2000       42.2200  4554438    2.27%
  28727 15670       42.2200    80       43.2000       42.2200  4560393    2.27%
Elapsed time = 2276.92 sec. (2989637.47 ticks, tree = 59.44 MB, solutions = 6)
  28770 15702       42.3478    60       43.2000       42.2200  4568029    2.27%
  28817 15737       42.3120    43       43.2000       42.2200  4574814    2.27%
  28870 15775       42.3100    38       43.2000       42.2200  4581081    2.27%
  28927 15811       42.3100    43       43.2000       42.2200  4587045    2.27%
  28976 15849       42.3100    47       43.2000       42.2200  4593326    2.27%
  29030 15893       42.3120    47       43.2000       42.2200  4598704    2.27%
  29080 15926       42.3220    34       43.2000       42.2200  4605775    2.27%
  29119 15953       42.4100    69       43.2000       42.2200  4612175    2.27%
  29162 15972       42.2200    46       43.2000       42.2200  4619410    2.27%
  29202 15995       42.2349    43       43.2000       42.2200  4625686    2.27%
Elapsed time = 2307.24 sec. (3029902.03 ticks, tree = 60.83 MB, solutions = 6)
  29242 16008       42.2200    49       43.2000       42.2200  4633996    2.27%
  29296 16044       42.5471    35       43.2000       42.2200  4642609    2.27%
  29329 16064       42.3120    52       43.2000       42.2200  4648899    2.27%
  29373 16083       42.3120    33       43.2000       42.2200  4657110    2.27%
  29401 16097       42.9900    39       43.2000       42.2200  4665446    2.27%
  29427 16111       42.2200    85       43.2000       42.2200  4670034    2.27%
  29456 16140       42.2300    51       43.2000       42.2200  4673296    2.27%
  29501 16180       42.2200    64       43.2000       42.2200  4677763    2.27%
  29541 16214       42.2200    60       43.2000       42.2200  4684564    2.27%
  29568 16230       42.4600    59       43.2000       42.2200  4690826    2.27%
Elapsed time = 2336.44 sec. (3068469.27 ticks, tree = 61.60 MB, solutions = 6)
  29603 16259       42.2300    42       43.2000       42.2200  4695322    2.27%
  29637 16286       42.2200    76       43.2000       42.2200  4700461    2.27%
  29659 16302       42.4700    65       43.2000       42.2200  4705514    2.27%
  29697 16328        cutoff             43.2000       42.2200  4712464    2.27%
  29736 16349       42.4100    58       43.2000       42.2200  4719736    2.27%
  29771 16380       42.2200    78       43.2000       42.2200  4725013    2.27%
  29802 16411       42.2300    52       43.2000       42.2200  4728547    2.27%
  29854 16454       42.2200    57       43.2000       42.2200  4736047    2.27%
  29892 16488       42.3200    42       43.2000       42.2200  4742318    2.27%
  29920 16512       42.2200    74       43.2000       42.2200  4747409    2.27%
Elapsed time = 2369.63 sec. (3111254.03 ticks, tree = 63.21 MB, solutions = 6)
  29966 16553       42.2300    59       43.2000       42.2200  4752750    2.27%
  30011 16594       42.4700    48       43.2000       42.2200  4759210    2.27%
  30062 16632       42.2200    61       43.2000       42.2200  4764427    2.27%
  30095 16661       42.2724    37       43.2000       42.2200  4769982    2.27%
  30124 16674       42.2203    43       43.2000       42.2200  4777452    2.27%
  30172 16700        cutoff             43.2000       42.2200  4785286    2.27%
  30226 16727       42.2232    40       43.2000       42.2200  4792700    2.27%
  30256 16747       42.2200    70       43.2000       42.2200  4797781    2.27%
  30288 16772       42.2200    63       43.2000       42.2200  4803049    2.27%
  30327 16793       42.9100    35       43.2000       42.2200  4809278    2.27%
Elapsed time = 2401.04 sec. (3150348.88 ticks, tree = 64.14 MB, solutions = 6)
  30362 16796       42.7100    40       43.2000       42.2200  4815639    2.27%
  30401 16802       42.6500    42       43.2000       42.2200  4822189    2.27%
  30430 16813       42.6500    44       43.2000       42.2200  4829100    2.27%
  30451 16817       42.6533    51       43.2000       42.2200  4837007    2.27%
  30485 16837       42.2200    60       43.2000       42.2200  4843733    2.27%
  30520 16860       42.3257    58       43.2000       42.2200  4849704    2.27%
  30551 16878       42.4600    70       43.2000       42.2200  4856296    2.27%
  30601 16920       42.2303    50       43.2000       42.2200  4862441    2.27%
  30649 16952       42.2295    56       43.2000       42.2200  4870567    2.27%
  30681 16975       42.4600    66       43.2000       42.2200  4876184    2.27%
Elapsed time = 2433.88 sec. (3190088.57 ticks, tree = 64.90 MB, solutions = 6)
  30712 16998       42.4600    60       43.2000       42.2200  4880860    2.27%
  30743 17023       42.4600    49       43.2000       42.2200  4886666    2.27%
  30782 17048    infeasible             43.2000       42.2200  4893323    2.27%
  30809 17062       42.6500    55       43.2000       42.2200  4898968    2.27%
  30844 17086       42.2232    34       43.2000       42.2200  4905045    2.27%
  30880 17114    infeasible             43.2000       42.2200  4911212    2.27%
  30912 17142       42.7200    46       43.2000       42.2200  4918338    2.27%
  30943 17161       42.4646    46       43.2000       42.2200  4924797    2.27%
  30971 17181       42.3100    54       43.2000       42.2200  4929627    2.27%
  30999 17196       42.2229    51       43.2000       42.2200  4936584    2.27%
Elapsed time = 2465.77 sec. (3228983.80 ticks, tree = 65.63 MB, solutions = 6)
  31034 17221       42.2221    81       43.2000       42.2200  4943536    2.27%
  31070 17245       42.2300    59       43.2000       42.2200  4950092    2.27%
  31102 17267       42.5700    45       43.2000       42.2200  4955241    2.27%
  31131 17286       42.2212    54       43.2000       42.2200  4961917    2.27%
  31175 17312       42.3100    48       43.2000       42.2200  4968526    2.27%
  31228 17342       42.3200    39       43.2000       42.2200  4976265    2.27%
  31288 17375       42.2200    43       43.2000       42.2200  4984980    2.27%
  31340 17406       42.7200    48       43.2000       42.2200  4991379    2.27%
  31391 17429       42.3479    58       43.2000       42.2200  4999114    2.27%
  31426 17448       42.3100    36       43.2000       42.2200  5006215    2.27%
Elapsed time = 2502.33 sec. (3275133.35 ticks, tree = 66.78 MB, solutions = 6)
  31457 17462       42.2200    60       43.2000       42.2200  5014353    2.27%
  31499 17488       42.2375    68       43.2000       42.2200  5022659    2.27%
  31523 17503       42.5019    50       43.2000       42.2200  5028226    2.27%
  31566 17526       42.2200    58       43.2000       42.2200  5035834    2.27%
  31605 17546       42.2200    53       43.2000       42.2200  5042063    2.27%
  31655 17587       42.5000    33       43.2000       42.2200  5048869    2.27%
  31712 17622    infeasible             43.2000       42.2200  5054879    2.27%
  31768 17659       42.3107    43       43.2000       42.2200  5061106    2.27%
  31833 17704       42.3120    49       43.2000       42.2200  5067691    2.27%
  31889 17739       42.3120    44       43.2000       42.2200  5074806    2.27%
Elapsed time = 2533.16 sec. (3314190.40 ticks, tree = 67.90 MB, solutions = 6)
  31959 17783       42.3100    47       43.2000       42.2200  5080722    2.27%
  32034 17837       42.3100    38       43.2000       42.2200  5087893    2.27%
  32112 17895       42.3100    48       43.2000       42.2200  5095097    2.27%
  32170 17933       42.2300    41       43.2000       42.2200  5103571    2.27%
  32247 17986       42.3100    24       43.2000       42.2200  5109864    2.27%
  32326 18041       42.3100    43       43.2000       42.2200  5116978    2.27%
  32389 18086       42.2200    48       43.2000       42.2200  5124403    2.27%
  32458 18140       43.1700    39       43.2000       42.2200  5132847    2.27%
  32520 18184       42.3100    47       43.2000       42.2200  5140476    2.27%
  32581 18219       42.2329    40       43.2000       42.2200  5148431    2.27%
Elapsed time = 2562.94 sec. (3353240.49 ticks, tree = 69.49 MB, solutions = 6)
  32637 18255       42.2329    39       43.2000       42.2200  5156056    2.27%
  32700 18288       42.2200    46       43.2000       42.2200  5163906    2.27%
  32783 18341       42.3107    35       43.2000       42.2200  5172205    2.27%
  32838 18374       42.5272    35       43.2000       42.2200  5180069    2.27%
  32873 18396       42.2207    76       43.2000       42.2200  5186645    2.27%
  32910 18428       42.7200    60       43.2000       42.2200  5190468    2.27%
  32958 18450       42.2200    49       43.2000       42.2200  5196822    2.27%
  32983 18474       42.3700    55       43.2000       42.2200  5201582    2.27%
  33025 18499       42.4418    65       43.2000       42.2200  5206968    2.27%
  33062 18517       42.3120    43       43.2000       42.2200  5212389    2.27%
Elapsed time = 2594.07 sec. (3392387.74 ticks, tree = 70.47 MB, solutions = 6)
  33102 18546       42.2200    61       43.2000       42.2200  5218536    2.27%
  33148 18575    infeasible             43.2000       42.2200  5226729    2.27%
  33177 18590       42.9000    52       43.2000       42.2200  5233179    2.27%
  33219 18615       42.2411    50       43.2000       42.2200  5241128    2.27%
  33243 18633       42.3116    33       43.2000       42.2200  5249820    2.27%
  33278 18646       42.3391    37       43.2000       42.2200  5258232    2.27%
  33302 18661       42.3100    43       43.2000       42.2200  5263177    2.27%
  33348 18685       42.2406    63       43.2000       42.2200  5271438    2.27%
  33372 18702       42.9800    30       43.2000       42.2200  5279765    2.27%
  33392 18705       42.2200    43       43.2000       42.2200  5287364    2.27%
Elapsed time = 2629.77 sec. (3437358.99 ticks, tree = 71.09 MB, solutions = 6)
  33428 18718    infeasible             43.2000       42.2200  5296178    2.27%
  33472 18740       42.2406    51       43.2000       42.2200  5304542    2.27%
  33505 18750       42.9500    46       43.2000       42.2200  5310959    2.27%
  33524 18760       42.8900    50       43.2000       42.2200  5317426    2.27%
  33550 18773    infeasible             43.2000       42.2200  5324789    2.27%
  33573 18788       42.9900    31       43.2000       42.2200  5331962    2.27%
  33595 18800       42.2627    49       43.2000       42.2200  5339534    2.27%
  33623 18819       42.3147    38       43.2000       42.2200  5346233    2.27%
  33639 18826       42.9012    49       43.2000       42.2200  5352848    2.27%
  33671 18844       42.2200    51       43.2000       42.2200  5360553    2.27%
Elapsed time = 2661.94 sec. (3476941.68 ticks, tree = 71.87 MB, solutions = 6)
  33712 18866       42.3142    40       43.2000       42.2200  5367523    2.27%
  33752 18890    infeasible             43.2000       42.2200  5373111    2.27%
  33797 18925       42.5700    37       43.2000       42.2200  5379902    2.27%
  33836 18943       42.2300    58       43.2000       42.2200  5388572    2.27%
  33871 18973       42.3100    41       43.2000       42.2200  5392558    2.27%
  33908 18996       42.2200    54       43.2000       42.2200  5399428    2.27%
  33951 19024       42.4800    45       43.2000       42.2200  5405987    2.27%
  33979 19035    infeasible             43.2000       42.2200  5413223    2.27%
  34012 19049       42.2200    66       43.2000       42.2200  5420509    2.27%
  34033 19069       42.4100    45       43.2000       42.2200  5426161    2.27%
Elapsed time = 2692.67 sec. (3515746.90 ticks, tree = 72.78 MB, solutions = 6)
  34049 19079       42.2200    51       43.2000       42.2200  5433530    2.27%
  34085 19097       42.3141    41       43.2000       42.2200  5440224    2.27%
  34117 19107       42.5700    35       43.2000       42.2200  5448846    2.27%
  34166 19124    infeasible             43.2000       42.2200  5456813    2.27%
  34195 19139       42.2200    59       43.2000       42.2200  5463616    2.27%
  34223 19158       42.3100    52       43.2000       42.2200  5469829    2.27%
  34276 19187       42.2300    40       43.2000       42.2200  5478075    2.27%
  34332 19201       42.4915    38       43.2000       42.2200  5486780    2.27%
  34394 19226       42.8100    61       43.2000       42.2200  5494727    2.27%
  34435 19249       42.2200    49       43.2000       42.2200  5501907    2.27%
Elapsed time = 2724.61 sec. (3554616.83 ticks, tree = 73.69 MB, solutions = 6)
  34465 19264       42.2279    46       43.2000       42.2200  5510806    2.27%
  34492 19276       42.2282    49       43.2000       42.2200  5518335    2.27%
  34557 19315    infeasible             43.2000       42.2200  5525680    2.27%
  34587 19339       42.2200    55       43.2000       42.2200  5530676    2.27%
  34619 19358       42.2340    60       43.2000       42.2200  5537781    2.27%
  34657 19382       42.2313    54       43.2000       42.2200  5544868    2.27%
  34704 19406       42.2200    66       43.2000       42.2200  5553223    2.27%
  34729 19424       42.2200    76       43.2000       42.2200  5558606    2.27%
  34766 19449       42.2200    47       43.2000       42.2200  5565773    2.27%
  34797 19464       42.3100    79       43.2000       42.2200  5572479    2.27%
Elapsed time = 2757.04 sec. (3594059.27 ticks, tree = 75.36 MB, solutions = 6)
  34802 19469       42.3100    69       43.2000       42.2200  5573149    2.27%
  34844 19499    infeasible             43.2000       42.2200  5580029    2.27%
  34889 19540       42.4700    52       43.2000       42.2200  5586316    2.27%
  34936 19576       42.2200    67       43.2000       42.2200  5592637    2.27%
  34987 19619       42.2200    58       43.2000       42.2200  5599148    2.27%
  35013 19638       42.4100    50       43.2000       42.2200  5605267    2.27%
  35058 19673       42.2200    53       43.2000       42.2200  5611054    2.27%
  35101 19706    infeasible             43.2000       42.2200  5618322    2.27%
  35155 19742       42.9100    67       43.2000       42.2200  5626154    2.27%
  35200 19770       42.2200    65       43.2000       42.2200  5632383    2.27%
Elapsed time = 2792.12 sec. (3637830.77 ticks, tree = 76.37 MB, solutions = 6)
  35234 19782    infeasible             43.2000       42.2200  5639263    2.27%
  35268 19804       42.3056    57       43.2000       42.2200  5647320    2.27%
  35290 19816       42.3147    38       43.2000       42.2200  5652684    2.27%
  35309 19823       42.2278    52       43.2000       42.2200  5659377    2.27%
  35343 19840       42.2200    75       43.2000       42.2200  5667723    2.27%
  35375 19869       42.9200    35       43.2000       42.2200  5673621    2.27%
  35417 19895       42.7300    49       43.2000       42.2200  5679311    2.27%
  35462 19928       42.2283    53       43.2000       42.2200  5685278    2.27%
  35508 19957       42.7606    62       43.2000       42.2200  5691367    2.27%
  35546 19981       42.2200    64       43.2000       42.2200  5697011    2.27%
Elapsed time = 2823.19 sec. (3677560.40 ticks, tree = 77.07 MB, solutions = 6)
  35588 20018       42.3100    36       43.2000       42.2200  5702729    2.27%
  35625 20040       42.3200    33       43.2000       42.2200  5709469    2.27%
  35662 20060       42.7200    52       43.2000       42.2200  5715396    2.27%
  35692 20080       42.3100    69       43.2000       42.2200  5721389    2.27%
  35710 20092       42.2200    78       43.2000       42.2200  5727368    2.27%
  35742 20116    infeasible             43.2000       42.2200  5732895    2.27%
  35789 20146       42.3100    41       43.2000       42.2200  5740659    2.27%
  35831 20173       42.2200    55       43.2000       42.2200  5746199    2.27%
  35863 20193       42.3141    49       43.2000       42.2200  5753115    2.27%
  35902 20216       42.3141    57       43.2000       42.2200  5761779    2.27%
Elapsed time = 2854.82 sec. (3717277.84 ticks, tree = 77.84 MB, solutions = 6)
  35933 20235       42.5700    34       43.2000       42.2200  5768765    2.27%
  35955 20239       42.5050    41       43.2000       42.2200  5777390    2.27%
  35982 20250       42.3141    58       43.2000       42.2200  5783279    2.27%
  36020 20264       42.2200    46       43.2000       42.2200  5791370    2.27%
  36052 20276       42.5700    46       43.2000       42.2200  5799310    2.27%
  36080 20290       42.3255    46       43.2000       42.2200  5806624    2.27%
  36117 20315       42.3100    53       43.2000       42.2200  5813651    2.27%
  36153 20336       42.4418    53       43.2000       42.2200  5820913    2.27%
  36189 20361       42.2200    56       43.2000       42.2200  5825183    2.27%
  36223 20387       42.2300    61       43.2000       42.2200  5830556    2.27%
Elapsed time = 2887.65 sec. (3756258.98 ticks, tree = 78.89 MB, solutions = 6)
  36257 20405       42.2200    62       43.2000       42.2200  5837477    2.27%
  36281 20421       42.3100    65       43.2000       42.2200  5843450    2.27%
  36303 20431       42.2200    61       43.2000       42.2200  5847993    2.27%
  36343 20460       43.1400    45       43.2000       42.2200  5854228    2.27%
  36372 20476       42.3100    66       43.2000       42.2200  5860096    2.27%
  36415 20509       42.3100    65       43.2000       42.2200  5867637    2.27%
  36448 20531       42.3100    62       43.2000       42.2200  5874026    2.27%
  36492 20558       42.2200    66       43.2000       42.2200  5881082    2.27%
  36550 20597       42.3120    43       43.2000       42.2200  5887917    2.27%
  36758 20720    infeasible             43.2000       42.2200  5917631    2.27%
Elapsed time = 2928.98 sec. (3806567.38 ticks, tree = 79.99 MB, solutions = 6)
  36964 20834       42.3297    39       43.2000       42.2200  5942249    2.27%
  37149 20959       42.3120    44       43.2000       42.2200  5969940    2.27%
  37365 21103       42.3120    44       43.2000       42.2200  5999029    2.27%
  37534 21209       42.2200    62       43.2000       42.2200  6023047    2.27%
  37648 21277       42.2729    67       43.2000       42.2200  6049134    2.27%
  37759 21333       42.2200    57       43.2000       42.2200  6074827    2.27%
  37890 21436       42.7200    53       43.2000       42.2200  6100753    2.27%
  37959 21496       42.8100    31       43.2000       42.2200  6114096    2.27%
  38108 21597       42.2200    64       43.2000       42.2200  6137712    2.27%
  38255 21717       42.2200    92       43.2000       42.2200  6158057    2.27%
Elapsed time = 3050.96 sec. (3959975.30 ticks, tree = 83.28 MB, solutions = 6)
  38398 21820       42.2418    57       43.2000       42.2200  6180719    2.27%
  38544 21901       42.2200    60       43.2000       42.2200  6206099    2.27%
  38707 22020       42.4090    45       43.2000       42.2200  6234541    2.27%
  38897 22121       42.2329    48       43.2000       42.2200  6266124    2.27%
  39080 22218       42.8116    51       43.2000       42.2200  6298465    2.27%
  39225 22297    infeasible             43.2000       42.2200  6326107    2.27%
  39426 22423       42.3282    59       43.2000       42.2200  6357479    2.27%
  39568 22509       42.3048    64       43.2000       42.2200  6383870    2.27%
  39682 22571       42.2300    46       43.2000       42.2200  6410340    2.27%
  39725 22602       42.2263    65       43.2000       42.2200  6419440    2.27%
Elapsed time = 3176.65 sec. (4114005.49 ticks, tree = 86.21 MB, solutions = 6)
  39864 22706       42.3100    33       43.2000       42.2200  6443985    2.27%
  40002 22788       42.2278    50       43.2000       42.2200  6468365    2.27%
  40130 22856    infeasible             43.2000       42.2200  6500660    2.27%
  40254 22917       42.5000    47       43.2000       42.2200  6531076    2.27%
  40377 22980       42.2382    52       43.2000       42.2200  6563086    2.27%
  40504 23028       42.4979    44       43.2000       42.2200  6595108    2.27%
  40627 23092       42.4216    58       43.2000       42.2200  6624478    2.27%
  40825 23199       42.3100    39       43.2000       42.2200  6652024    2.27%
  41032 23283       42.9000    39       43.2000       42.2200  6683260    2.27%
  41209 23348       42.9800    34       43.2000       42.2200  6708284    2.27%
Elapsed time = 3300.68 sec. (4267412.48 ticks, tree = 89.16 MB, solutions = 6)
  41382 23430       42.9900    29       43.2000       42.2200  6736026    2.27%
  41494 23482       42.3100    42       43.2000       42.2200  6752178    2.27%
  41671 23571       42.3129    38       43.2000       42.2200  6775267    2.27%
  41804 23656       42.3185    37       43.2000       42.2200  6792153    2.27%
  41995 23763       42.2348    44       43.2000       42.2200  6816518    2.27%
  42197 23880       42.2200    40       43.2000       42.2200  6843238    2.27%
* 42302+23438                           43.1100       42.2200             2.06%
  42402 23474       42.2200    48       43.1100       42.2200  6867524    2.06%
  42593 23603       42.5000    28       43.1100       42.2200  6887737    2.06%
  42796 23720       42.2200    39       43.1100       42.2200  6910133    2.06%
  42905 23780       42.2230    42       43.1100       42.2200  6921167    2.06%
Elapsed time = 3416.27 sec. (4421102.09 ticks, tree = 90.12 MB, solutions = 7)
  43057 23868       42.3100    26       43.1100       42.2200  6938509    2.06%
  43210 23955       42.3100    44       43.1100       42.2200  6958334    2.06%
  43360 24042       42.3120    40       43.1100       42.2200  6976417    2.06%
  43602 24170       42.3100    40       43.1100       42.2200  7001003    2.06%
  43802 24275       42.2200    45       43.1100       42.2200  7023424    2.06%
  43927 24346       42.2200    48       43.1100       42.2200  7041376    2.06%
  44046 24417       42.2200    59       43.1100       42.2200  7067103    2.06%
  44201 24508       42.5300    29       43.1100       42.2200  7095716    2.06%
* 44302+21077                           42.6800       42.2200             1.08%
  44327 21100       42.5700    49       42.6800       42.2200  7122022    1.08%
  44402 21139       42.2300    55       42.6800       42.2200  7135435    1.08%
Elapsed time = 3536.70 sec. (4581196.15 ticks, tree = 80.33 MB, solutions = 8)
  44504 21210       42.6300    38       42.6800       42.2200  7153878    1.08%
  44663 21288       42.2200    61       42.6800       42.2200  7178845    1.08%
  44771 21361       42.3141    53       42.6800       42.2200  7200207    1.08%
  44905 21433       42.3141    51       42.6800       42.2200  7223262    1.08%
  45008 21463    infeasible             42.6800       42.2200  7243635    1.08%

GUB cover cuts applied:  5
Clique cuts applied:  56
Cover cuts applied:  35
Implied bound cuts applied:  7
Flow cuts applied:  19
Mixed integer rounding cuts applied:  70
Zero-half cuts applied:  1
Gomory fractional cuts applied:  6

Root node processing (before b&c):
  Real time             =   15.29 sec. (18269.77 ticks)
Sequential b&c:
  Real time             = 3584.72 sec. (4641413.08 ticks)
                          ------------
Total (root+branch&cut) = 3600.01 sec. (4659682.84 ticks)
