Version identifier: 22.1.0.0 | 2022-03-09 | 1a383f8ce
CPXPARAM_Read_DataCheck                          1
CPXPARAM_Threads                                 1
CPXPARAM_TimeLimit                               3600
Tried aggregator 2 times.
MIP Presolve eliminated 12642 rows and 1165 columns.
MIP Presolve modified 99480 coefficients.
Aggregator did 507 substitutions.
Reduced MIP has 19507 rows, 1658 columns, and 152171 nonzeros.
Reduced MIP has 1287 binaries, 0 generals, 0 SOSs, and 0 indicators.
Presolve time = 0.30 sec. (300.97 ticks)
Probing fixed 8 vars, tightened 9 bounds.
Probing time = 0.10 sec. (99.23 ticks)
Tried aggregator 1 time.
Detecting symmetries...
MIP Presolve eliminated 21 rows and 8 columns.
MIP Presolve modified 377 coefficients.
Reduced MIP has 19486 rows, 1650 columns, and 151875 nonzeros.
Reduced MIP has 1279 binaries, 0 generals, 0 SOSs, and 0 indicators.
Presolve time = 0.10 sec. (81.39 ticks)
Probing time = 0.01 sec. (7.89 ticks)
Clique table members: 12735.
MIP emphasis: balance optimality and feasibility.
MIP search method: dynamic search.
Parallel mode: none, using 1 thread.
Root relaxation solution time = 0.08 sec. (92.05 ticks)

        Nodes                                         Cuts/
   Node  Left     Objective  IInf  Best Integer    Best Bound    ItCnt     Gap

      0     0       29.0900   247                     29.0900      546         
      0     0       29.0900   100                    Cuts: 53      766         
      0     0       29.0900   141                  Cuts: 1558     1160         
      0     0       29.0900   116                   Cuts: 256     1372         
      0     0       29.0900   129                  Cuts: 1647     1719         
Detecting symmetries...
      0     2       29.0900    92                     29.0900     1719         
Elapsed time = 11.60 sec. (14709.45 ticks, tree = 0.01 MB, solutions = 0)
      1     3       29.0900   143                     29.0900     2568         
      5     7       29.4600   133                     29.0900     3676         
      9    11       29.0900   130                     29.0900     4121         
     13    15       29.0900   105                     29.0900     4434         
     17    19       29.0900   109                     29.0900     5017         
     20    22       29.0900    95                     29.0900     5414         
     25    27       31.4200   100                     29.0900     6246         
     28    30       29.0900    98                     29.0900     6815         
     30    32       29.0900    94                     29.0900     7002         
     49    51       29.0900    90                     29.0900     9245         
Elapsed time = 14.23 sec. (18928.92 ticks, tree = 1.80 MB, solutions = 0)
     60    60       29.0900    75                     29.0900    10270         
     83    79    infeasible                           29.0900    11862         
    100    94       29.0900    61                     29.0900    13729         
    109   103       29.0900    63                     29.0900    16005         
    119   105       29.1501    63                     29.0900    17972         
    136   111       29.0900    61                     29.0900    20927         
    143   112    infeasible                           29.0900    22964         
    152   117       29.4200    51                     29.0900    24350         
    159   120       31.1000    64                     29.0900    26870         
    176   121       29.1505    60                     29.0900    29572         
Elapsed time = 21.02 sec. (29415.79 ticks, tree = 5.75 MB, solutions = 0)
    185   122       31.1000    65                     29.0900    31582         
    195   126       29.0900    60                     29.0900    32840         
    208   139       30.2430    54                     29.0900    35540         
    217   148       29.0900    50                     29.0900    37216         
    228   153       29.0900    42                     29.0900    39853         
    247   170       29.1462    44                     29.0900    41545         
    265   182       29.0944    35                     29.0900    43056         
    281   189    infeasible                           29.0900    44300         
    308   196       29.0900    31                     29.0900    46023         
    330   195       29.0900    37                     29.0900    47694         
Elapsed time = 27.38 sec. (39651.55 ticks, tree = 12.87 MB, solutions = 0)
    350   187       29.0900    42                     29.0900    49461         
    363   182       29.0900    40                     29.0900    51403         
    383   177       29.6952    42                     29.0900    53522         
    407   179    infeasible                           29.0900    56636         
    422   182       29.2237    48                     29.0900    58161         
    434   180       30.2862    45                     29.0900    60254         
    440   180       29.1544    52                     29.0900    62115         
    449   178       30.2944    44                     29.0900    64448         
    460   175       29.0900    62                     29.0900    66747         
    476   175       29.4200    58                     29.0900    69591         
Elapsed time = 34.46 sec. (50328.68 ticks, tree = 10.26 MB, solutions = 0)
    490   175       29.4200    71                     29.0900    71583         
    508   181       29.1940    65                     29.0900    73823         
    523   184       29.0900    62                     29.0900    76443         
    536   189       29.0984    72                     29.0900    77975         
    549   194       29.4267    71                     29.0900    79997         
    560   197       29.0900    76                     29.0900    81290         
    575   202       29.1215    77                     29.0900    84074         
    601   217    infeasible                           29.0900    86299         
    621   233       31.8300    65                     29.0900    89151         
    637   247       29.0900    45                     29.0900    91568         
Elapsed time = 41.38 sec. (60942.13 ticks, tree = 12.58 MB, solutions = 0)
    650   258    infeasible                           29.0900    93239         
    671   263    infeasible                           29.0900    95580         
    682   260       29.0900    46                     29.0900    98655         
    698   254       29.0900    57                     29.0900   101955         
    712   250       29.0900    58                     29.0900   105036         
    722   248    infeasible                           29.0900   107919         
    732   250       31.8300    58                     29.0900   110382         
    744   248       29.2638    70                     29.0900   112932         
    766   263       29.5400    53                     29.0900   115657         
    788   282       29.5400    39                     29.0900   118847         
Elapsed time = 48.67 sec. (71713.88 ticks, tree = 12.69 MB, solutions = 0)
    803   291       29.5400    28                     29.0900   121861         
    809   293       29.1478    74                     29.0900   124374         
    826   292       29.1478    73                     29.0900   127928         
    835   289       29.0900    70                     29.0900   130415         
    848   298       29.0900    71                     29.0900   132634         
    862   306       29.0900    76                     29.0900   135774         
    880   312       29.0900    77                     29.0900   138230         
    897   319       29.0900    69                     29.0900   140901         
    918   330       29.4200    48                     29.0900   144003         
    933   342       30.5600    38                     29.0900   146492         
Elapsed time = 55.73 sec. (82330.61 ticks, tree = 12.58 MB, solutions = 0)
    944   350       29.6050    40                     29.0900   149436         
    960   360       29.4200    32                     29.0900   152479         
    978   368       29.0900    68                     29.0900   155686         
    996   382       29.0900    55                     29.0900   158340         
   1007   388       29.3437    61                     29.0900   162259         
   1020   394       30.6800    43                     29.0900   164814         
   1029   397       29.3437    62                     29.0900   167989         
   1048   404    infeasible                           29.0900   170194         
   1065   405       29.4200    57                     29.0900   173309         
   1073   405       29.0900    60                     29.0900   176222         
Elapsed time = 63.06 sec. (93170.73 ticks, tree = 12.77 MB, solutions = 0)
   1095   407       32.2800    70                     29.0900   179311         
   1115   409       29.0900    66                     29.0900   182299         
   1135   407       29.2965    76                     29.0900   185013         
   1148   406       29.0900    91                     29.0900   187511         
   1165   423       32.2400    66                     29.0900   190331         
   1175   433       32.2400    50                     29.0900   192944         
   1184   436       30.4144    58                     29.0900   195586         
   1198   444    infeasible                           29.0900   198588         
   1201   447       30.2300    68                     29.0900   199444         
   1214   456       29.0900    71                     29.0900   202044         
Elapsed time = 69.77 sec. (103161.96 ticks, tree = 12.78 MB, solutions = 0)
   1224   462       32.2400    60                     29.0900   205145         
   1242   475       30.5600    52                     29.0900   208006         
   1257   480       30.5374    68                     29.0900   211714         
   1264   477       29.0900    75                     29.0900   213864         
   1280   489       29.0900    76                     29.0900   216127         
   1297   498       31.1000    83                     29.0900   218640         
   1320   513    infeasible                           29.0900   221564         
   1335   528       29.0900    74                     29.0900   224105         
   1352   537    infeasible                           29.0900   227030         

Performing restart 1

Repeating presolve.
Tried aggregator 1 time.
Reduced MIP has 19486 rows, 1650 columns, and 151875 nonzeros.
Reduced MIP has 1279 binaries, 0 generals, 0 SOSs, and 0 indicators.
Presolve time = 0.05 sec. (50.36 ticks)
Tried aggregator 1 time.
Reduced MIP has 19486 rows, 1650 columns, and 151875 nonzeros.
Reduced MIP has 1279 binaries, 0 generals, 0 SOSs, and 0 indicators.
Presolve time = 0.08 sec. (65.05 ticks)
Represolve time = 0.28 sec. (248.80 ticks)
   1365     0       29.0900   102                   Cuts: 781   231196         
   1365     0       29.0900   159                  Cuts: 1497   231551         
   1365     0       29.0900   120                   Cuts: 473   231960         
   1365     0       29.0900   124                  Cuts: 1645   232254         
   1365     0       29.0900   134                   Cuts: 317   232557         
   1365     0       29.0900   113                   Cuts: 160   232782         
   1365     0       29.0900   141                  Cuts: 2269   233123         
   1365     2       29.0900    87                     29.0900   233123         
Elapsed time = 94.21 sec. (134692.51 ticks, tree = 0.01 MB, solutions = 0)
   1373    10       29.0900    82                     29.0900   234466         
   1383    20       29.0900   100                     29.0900   235236         
   1396    32       29.0900    84                     29.0900   236671         
   1415    48       29.0900    74                     29.0900   238052         
   1437    70       29.0900    59                     29.0900   240524         
   1469   100       29.0900    36                     29.0900   244123         
   1498   114       29.0900    29                     29.0900   249918         
   1524   122    infeasible                           29.0900   256169         
   1552   125       33.0800    37                     29.0900   262759         
   1584   131       29.0900    43                     29.0900   268840         
Elapsed time = 118.18 sec. (175013.91 ticks, tree = 7.84 MB, solutions = 0)
   1625   134       29.0900    40                     29.0900   275466         
   1665   138       31.4200    34                     29.0900   281652         
   1725   144       29.0900    45                     29.0900   288482         
   1766   144       29.0900    36                     29.0900   294243         
   1824   145    infeasible                           29.0900   302413         
   1877   155       29.0900    33                     29.0900   308767         
   1937   167       31.3251    54                     29.0900   316154         
   1988   185       30.6800    45                     29.0900   322074         
   2030   195       29.5400    40                     29.0900   328822         
   2086   219       29.0900    44                     29.0900   334602         
Elapsed time = 146.02 sec. (214558.18 ticks, tree = 7.81 MB, solutions = 0)
   2150   230       29.8512    48                     29.0900   342180         
   2199   250       30.7497    50                     29.0900   347455         
   2269   282       30.6800    41                     29.0900   353523         

Performing restart 2

Repeating presolve.
Tried aggregator 1 time.
MIP Presolve eliminated 10 rows and 1 columns.
MIP Presolve modified 101 coefficients.
Reduced MIP has 19476 rows, 1649 columns, and 159407 nonzeros.
Reduced MIP has 1278 binaries, 0 generals, 0 SOSs, and 0 indicators.
Presolve time = 0.15 sec. (136.69 ticks)
Tried aggregator 1 time.
Reduced MIP has 19476 rows, 1649 columns, and 159407 nonzeros.
Reduced MIP has 1278 binaries, 0 generals, 0 SOSs, and 0 indicators.
Presolve time = 0.09 sec. (71.16 ticks)
Represolve time = 0.44 sec. (362.72 ticks)
   2275     0       29.0900   121                   Cuts: 525   355041         
   2275     0       29.0900   188                  Cuts: 2267   355545         
   2275     0       29.0900   143                   Cuts: 235   355922         
   2275     0       29.0900   155                  Cuts: 2275   356282         
   2275     0       29.0900   123                   Cuts: 676   356674         
   2275     0       29.0900   134                  Cuts: 1638   356991         
   2275     0       29.0900   108                    Cuts: 92   357184         
   2275     0       29.0900   132                  Cuts: 2716   357481         
   2275     0       29.0900    98                    Cuts: 48   357610         
   2275     0       29.0900   139                  Cuts: 2049   358038         
   2275     0       29.0900   118                    Cuts: 95   358300         
   2275     0       29.0900   146                  Cuts: 2592   358629         
   2275     2       29.0900    70                     29.0900   358629         
   2280     7       29.0900   121                     29.0900   359329         
   2290    17       29.0900    84                     29.0900   359770         
   2299    26       29.0900    97                     29.0900   361256         
   2309    36       31.5000   110                     29.0900   362796         
   2320    47       29.0900    99                     29.0900   363983         
   2329    56       29.0900    87                     29.0900   365418         
Elapsed time = 232.51 sec. (323450.76 ticks, tree = 1.06 MB, solutions = 0)
   2339    66       29.0900    76                     29.0900   367413         
   2349    76       29.0900    75                     29.0900   369439         
   2360    87       29.0900    63                     29.0900   371601         
   2372    95       29.4200    57                     29.0900   373425         
   2385   102       29.4200    54                     29.0900   376171         
   2393   110       29.4200    50                     29.0900   379994         
   2406   113       29.4200    66                     29.0900   382897         
   2421   124       29.0900    63                     29.0900   386189         
   2435   126       29.4200    73                     29.0900   390240         
   2459   125    infeasible                           29.0900   392927         
Elapsed time = 263.32 sec. (363516.59 ticks, tree = 2.76 MB, solutions = 0)
   2471   135       29.0900    83                     29.0900   394346         
   2483   147       31.1000    71                     29.0900   395226         
   2495   159       33.4300    77                     29.0900   397146         
   2507   170       33.4300    60                     29.0900   399579         
   2520   180       34.9571    53                     29.0900   403267         
   2537   193       29.0900    92                     29.0900   405785         
   2557   213       29.1900    86                     29.0900   407718         
   2581   236       29.1900    71                     29.0900   411225         
   2609   261       31.5200    41                     29.0900   414404         
   2627   274       31.5200    38                     29.0900   418649         
Elapsed time = 287.53 sec. (403201.11 ticks, tree = 3.52 MB, solutions = 0)
   2653   295       29.0900    93                     29.0900   422094         
   2671   313       29.0900    74                     29.0900   424753         
   2693   331       29.0900    83                     29.0900   427432         
   2715   353       29.0900    86                     29.0900   429586         
   2744   381       29.0900    65                     29.0900   432905         
   2763   400       29.0900    48                     29.0900   436822         
   2797   392       29.0900    65                     29.0900   441017         
   2826   421       31.7500    83                     29.0900   444505         
   2852   445       31.8700    49                     29.0900   448590         
   2873   464       31.8700    47                     29.0900   452997         
Elapsed time = 313.50 sec. (443101.82 ticks, tree = 4.09 MB, solutions = 0)
   2891   480       31.8700    45                     29.0900   458173         
   2904   488       37.9900    33                     29.0900   463510         
   2939   518       31.4200    69                     29.0900   466879         
   2964   535       31.4200    54                     29.0900   470541         
   2979   544    infeasible                           29.0900   476570         
   3009   572       29.1900    81                     29.0900   479525         
   3031   594       29.1900    57                     29.0900   484098         
   3058   619       29.1900    49                     29.0900   490090         
   3097   642       29.0900    89                     29.0900   496409         
   3135   680       29.0900    65                     29.0900   500589         
Elapsed time = 340.32 sec. (482294.17 ticks, tree = 4.76 MB, solutions = 0)
   3162   700       29.6564    36                     29.0900   506269         
   3201   734       29.0900    63                     29.0900   511336         
   3235   766       30.2300    46                     29.0900   517031         
   3261   781       30.8105    42                     29.0900   523706         
   3293   790       31.7300    33                     29.0900   530927         
   3318   802       32.2800    27                     29.0900   539447         
   3349   813       29.0900    34                     29.0900   546448         
   3379   823       33.8743    37                     29.0900   554848         
   3402   835       31.4200    35                     29.0900   564275         
   3419   846       33.9400    26                     29.0900   570904         
Elapsed time = 370.00 sec. (521204.81 ticks, tree = 5.26 MB, solutions = 0)
   3444   857       34.2106    34                     29.0900   578779         
   3478   874    infeasible                           29.0900   587052         
   3519   890       29.5400    35                     29.0900   595974         
   3557   903       33.4304    31                     29.0900   604332         
   3586   914       31.5700    37                     29.0900   613340         
   3618   930       29.1283    41                     29.0900   622840         
   3653   946       29.5400    45                     29.0900   631877         
   3680   963       29.9075    40                     29.0900   640657         
   3718   981       29.0900    37                     29.0900   649043         
   3745   992       31.4200    50                     29.0900   655557         
Elapsed time = 402.49 sec. (561834.31 ticks, tree = 5.84 MB, solutions = 0)
   3767  1004       35.0410    30                     29.0900   662659         
   3795  1014       32.4479    27                     29.0900   669520         
   3833  1038    infeasible                           29.0900   677692         
   3865  1052       29.5774    28                     29.0900   685686         
   3906  1079    infeasible                           29.0900   694068         
   3924  1093       32.5600    36                     29.0900   700584         
   3950  1109       29.0900    51                     29.0900   706573         
   3971  1123       34.2187    25                     29.0900   713983         
   4011  1147       29.0900    41                     29.0900   721233         
   4051  1168       30.3837    36                     29.0900   728980         
Elapsed time = 433.37 sec. (601265.18 ticks, tree = 6.71 MB, solutions = 0)
   4113  1208       31.7100    22                     29.0900   738017         
   4151  1223       31.5738    36                     29.0900   746715         
   4200  1261       34.0400    14                     29.0900   752267         
   4248  1292       34.3500     9                     29.0900   759675         
   4277  1311       29.6375    33                     29.0900   767411         
   4324  1344       34.2259    32                     29.0900   775981         
   4369  1366       36.6425    29                     29.0900   783981         
   4406  1377       29.0900    49                     29.0900   792530         
   4426  1388       29.0900    33                     29.0900   799089         
   4471  1409       36.6406    10                     29.0900   805183         
Elapsed time = 464.97 sec. (640612.32 ticks, tree = 7.43 MB, solutions = 0)
   4513  1438    infeasible                           29.0900   811631         
   4558  1469       29.4203    37                     29.0900   820198         
   4621  1510       34.2500     8                     29.0900   827162         
   4661  1521       29.2278    41                     29.0900   834717         
   4706  1542       29.5153    30                     29.0900   842845         
   4742  1568       32.1800    38                     29.0900   849170         
   4764  1584       29.5582    36                     29.0900   856072         
   4786  1596       32.6307    21                     29.0900   862098         
   4822  1610       29.0900    39                     29.0900   869552         
   4866  1636       29.0900    41                     29.0900   876726         
Elapsed time = 496.85 sec. (679812.78 ticks, tree = 8.11 MB, solutions = 0)
   4906  1666       29.5400    40                     29.0900   883660         
   4934  1680       30.2744    27                     29.0900   892305         
   4979  1703       32.3507    29                     29.0900   900504         
   5000  1716       29.0900    43                     29.0900   906444         
   5026  1730       29.6933    41                     29.0900   913070         
   5071  1750       29.0900    43                     29.0900   919847         
   5089  1764       32.0519    37                     29.0900   925269         
   5126  1780       29.6866    46                     29.0900   931486         
   5157  1795       32.1158    35                     29.0900   938723         
   5177  1808       29.2026    40                     29.0900   945618         
Elapsed time = 528.77 sec. (718721.54 ticks, tree = 8.78 MB, solutions = 0)
   5205  1821       29.3446    42                     29.0900   953484         
   5234  1840       29.1497    44                     29.0900   961411         
   5257  1845       29.1798    45                     29.0900   968748         
   5299  1860    infeasible                           29.0900   974808         
   5318  1875       31.8700    36                     29.0900   983150         
   5333  1882       29.4663    37                     29.0900   990079         
   5352  1887       31.8700    34                     29.0900   997484         
   5377  1893       29.5400    46                     29.0900  1003966         
   5422  1915       29.1698    46                     29.0900  1010435         
   5440  1925       31.4200    48                     29.0900  1015583         
Elapsed time = 560.85 sec. (758820.07 ticks, tree = 9.13 MB, solutions = 0)
   5456  1937       29.0900    59                     29.0900  1019275         
   5485  1963       36.5800    25                     29.0900  1025203         
   5512  1987       34.3202    50                     29.0900  1031199         
   5533  1998       32.1800    43                     29.0900  1038727         
   5560  2012       29.1505    56                     29.0900  1047123         
   5599  2036       29.0900    45                     29.0900  1055125         
   5630  2047    infeasible                           29.0900  1063733         
   5667  2062       33.6144    36                     29.0900  1072005         
   5732  2090       29.0900    46                     29.0900  1080679         
   5783  2120       29.8463    35                     29.0900  1086818         
Elapsed time = 592.00 sec. (797749.38 ticks, tree = 10.10 MB, solutions = 0)
   5806  2132       29.5400    41                     29.0900  1092913         
   5833  2145       30.2645    32                     29.0900  1099263         
   5876  2172       29.6642    44                     29.0900  1105672         
   5916  2197       29.0925    37                     29.0900  1113533         
   5971  2233       29.6203    45                     29.0900  1121762         
   6005  2252       29.7203    37                     29.0900  1129944         
   6051  2260       29.5400    40                     29.0900  1138245         
   6072  2269       29.0900    48                     29.0900  1147453         
   6101  2286       29.0900    48                     29.0900  1153424         
   6112  2291       29.0900    41                     29.0900  1159652         
Elapsed time = 623.95 sec. (836878.87 ticks, tree = 10.61 MB, solutions = 0)
   6157  2319    infeasible                           29.0900  1165983         
   6190  2320       29.0900    46                     29.0900  1173655         
   6221  2339       29.5400    42                     29.0900  1180856         
   6257  2355    infeasible                           29.0900  1190003         
   6291  2378       29.5545    35                     29.0900  1198142         
   6332  2401       29.0987    40                     29.0900  1206376         
   6370  2414       29.0900    48                     29.0900  1215810         
   6401  2437       29.5400    41                     29.0900  1222282         
   6426  2442       29.2806    40                     29.0900  1229167         
   6462  2465       29.0900    45                     29.0900  1236279         
Elapsed time = 656.55 sec. (875788.81 ticks, tree = 11.29 MB, solutions = 0)
   6486  2477    infeasible                           29.0900  1244291         
   6521  2495       32.3624    37                     29.0900  1253913         
   6558  2511    infeasible                           29.0900  1262624         
   6587  2531       29.3978    43                     29.0900  1269789         
   6652  2566    infeasible                           29.0900  1277402         
   6675  2575       29.3791    46                     29.0900  1284418         
   6704  2589       32.1894    41                     29.0900  1291141         
   6742  2609       29.1056    42                     29.0900  1298646         
   6762  2613       32.1800    40                     29.0900  1305711         
   6786  2628       29.1542    43                     29.0900  1313536         
Elapsed time = 689.89 sec. (915485.95 ticks, tree = 11.77 MB, solutions = 0)
   6820  2643       29.0900    60                     29.0900  1321335         
   6833  2654       29.1627    50                     29.0900  1325853         
   6866  2683       31.4900    54                     29.0900  1331450         
   6902  2703       29.0900    36                     29.0900  1339003         
   6955  2743    infeasible                           29.0900  1347971         
   7006  2770       30.2156    44                     29.0900  1356213         
   7071  2809       29.4608    42                     29.0900  1364389         
   7100  2820       30.2300    40                     29.0900  1373182         
   7135  2846       31.5365    26                     29.0900  1379218         
   7177  2872       31.4200    59                     29.0900  1385884         
Elapsed time = 721.70 sec. (955056.68 ticks, tree = 12.50 MB, solutions = 0)
   7196  2889       31.8700    50                     29.0900  1392481         
   7210  2900       36.9100    35                     29.0900  1397847         
   7225  2911       29.1900    71                     29.0900  1400918         
   7250  2936       32.2800    51                     29.0900  1402486         
   7266  2950       34.6100    38                     29.0900  1405872         
   7283  2960       29.0900    61                     29.0900  1409413         
   7295  2972       32.2800    72                     29.0900  1411038         
   7312  2985       34.2900    57                     29.0900  1413969         
   7334  3004       34.2900    37                     29.0900  1417787         
   7354  3010       29.0900    60                     29.0900  1421867         
Elapsed time = 746.39 sec. (994768.28 ticks, tree = 12.92 MB, solutions = 0)
   7382  3022    infeasible                           29.0900  1428921         
   7428  3054       29.5974    34                     29.0900  1437547         
   7477  3078       36.5054    21                     29.0900  1445392         
   7531  3116       38.9800    16                     29.0900  1449788         
   7572  3134       29.5400    38                     29.0900  1453503         
   7613  3166       29.5957    39                     29.0900  1457720         
   7650  3179       29.0900    50                     29.0900  1462140         
   7679  3196       31.1000    60                     29.0900  1465287         
   7748  3248    infeasible                           29.0900  1468814         
   7779  3269       31.6700    33                     29.0900  1472909         
Elapsed time = 778.07 sec. (1034019.86 ticks, tree = 43.38 MB, solutions = 0)
   7830  3297       29.2420    37                     29.0900  1476564         
   7884  3330       34.9391    11                     29.0900  1480539         
   7934  3359       31.2200    24                     29.0900  1483766         
*  7952  3155      integral     0       37.5800       29.0900  1484821   22.59%
   7999  3186        cutoff             37.5800       29.0900  1487539   22.59%
   8066  3223    infeasible             37.5800       29.0900  1491583   22.59%
   8107  3238       31.1262    36       37.5800       29.0900  1495209   22.59%
   8167  3278    infeasible             37.5800       29.0900  1499059   22.59%
   8182  3292       29.5400    38       37.5800       29.0900  1499684   22.59%
   8227  3321       31.6734    20       37.5800       29.0900  1504090   22.59%
   8262  3337       29.3440    32       37.5800       29.0900  1507819   22.59%
Elapsed time = 811.92 sec. (1072897.31 ticks, tree = 74.60 MB, solutions = 1)
*  8275+ 2654                           32.8500       29.0900            11.45%
   8300  2665    infeasible             32.8500       29.0900  1511748   11.45%
   8337  2678       29.0900    38       32.8500       29.0900  1515829   11.45%
   8364  2693       29.6429    26       32.8500       29.0900  1518796   11.45%
   8391  2705       29.0900    36       32.8500       29.0900  1522026   11.45%
   8423  2719    infeasible             32.8500       29.0900  1526430   11.45%
   8459  2734       31.2216    25       32.8500       29.0900  1530619   11.45%
   8496  2748       29.3277    43       32.8500       29.0900  1534293   11.45%
   8522  2760       31.2600     7       32.8500       29.0900  1538976   11.45%
   8556  2772       31.2200    34       32.8500       29.0900  1543201   11.45%
   8586  2785       29.0920    37       32.8500       29.0900  1546564   11.45%
Elapsed time = 845.53 sec. (1111733.36 ticks, tree = 86.52 MB, solutions = 2)
   8610  2797       29.2336    35       32.8500       29.0900  1551132   11.45%
   8647  2813       31.6700    26       32.8500       29.0900  1555133   11.45%
   8677  2828       29.0920    38       32.8500       29.0900  1559233   11.45%
   8711  2848       29.3272    45       32.8500       29.0900  1563721   11.45%
   8751  2868       31.6715    26       32.8500       29.0900  1567951   11.45%
   8775  2878       29.1039    42       32.8500       29.0900  1569929   11.45%
   8810  2893        cutoff             32.8500       29.0900  1573758   11.45%
   8840  2911       31.7708     7       32.8500       29.0900  1577738   11.45%
   8872  2929       31.6734    23       32.8500       29.0900  1581275   11.45%
   8908  2946       29.6400    33       32.8500       29.0900  1584486   11.45%
Elapsed time = 882.52 sec. (1152836.86 ticks, tree = 111.03 MB, solutions = 2)
   8948  2967       31.2200    30       32.8500       29.0900  1588901   11.45%
   8975  2983       29.3198    41       32.8500       29.0900  1591988   11.45%
   9012  3007       31.5710    38       32.8500       29.0900  1595532   11.45%
   9052  3022       31.1200    38       32.8500       29.0900  1600047   11.45%
   9083  3033       29.4789    37       32.8500       29.0900  1602998   11.45%
   9117  3047       29.0900    40       32.8500       29.0900  1606689   11.45%
   9161  3071       31.2661    32       32.8500       29.0900  1611089   11.45%
   9207  3088       29.2336    44       32.8500       29.0900  1615049   11.45%
   9253  3118       29.0900    38       32.8500       29.0900  1619458   11.45%
   9282  3130       31.7708     7       32.8500       29.0900  1623289   11.45%
Elapsed time = 918.65 sec. (1194302.43 ticks, tree = 139.19 MB, solutions = 2)
   9314  3135       29.2336    34       32.8500       29.0900  1627164   11.45%
   9345  3146       29.0900    44       32.8500       29.0900  1631135   11.45%
   9391  3170       29.0900    43       32.8500       29.0900  1635527   11.45%
   9430  3188       31.1339    37       32.8500       29.0900  1639766   11.45%
   9474  3209       31.5151     5       32.8500       29.0900  1643912   11.45%
   9516  3232       29.6400    33       32.8500       29.0900  1648135   11.45%
   9550  3244       29.1651    42       32.8500       29.0900  1652368   11.45%
   9575  3255       31.1200    34       32.8500       29.0900  1655958   11.45%
   9607  3267       29.2247    40       32.8500       29.0900  1660372   11.45%
   9636  3282       29.6429    33       32.8500       29.0900  1664377   11.45%
Elapsed time = 952.67 sec. (1233429.52 ticks, tree = 162.18 MB, solutions = 2)
   9663  3296       31.6700    39       32.8500       29.0900  1667884   11.45%
   9675  3303       29.1552    53       32.8500       29.0900  1669306   11.45%
   9710  3316       29.7125    43       32.8500       29.0900  1673103   11.45%
   9739  3326    infeasible             32.8500       29.0900  1676759   11.45%
   9762  3331       29.5400    43       32.8500       29.0900  1680148   11.45%
   9775  3338       29.1511    40       32.8500       29.0900  1682122   11.45%
   9814  3354       31.1200    27       32.8500       29.0900  1686419   11.45%
   9848  3362       29.0900    36       32.8500       29.0900  1690213   11.45%
   9873  3373       29.1630    34       32.8500       29.0900  1694290   11.45%
   9884  3377       29.4663    35       32.8500       29.0900  1695632   11.45%
Elapsed time = 988.98 sec. (1276255.40 ticks, tree = 173.81 MB, solutions = 2)
   9910  3389       31.5642    41       32.8500       29.0900  1699524   11.45%
   9943  3408       29.1009    35       32.8500       29.0900  1703739   11.45%
   9983  3423       29.6400    37       32.8500       29.0900  1707482   11.45%
  10015  3440       31.6870    35       32.8500       29.0900  1711248   11.45%
  10046  3452       29.1522    41       32.8500       29.0900  1714754   11.45%
  10075  3461       29.6400    35       32.8500       29.0900  1718767   11.45%
  10105  3475       31.4200    34       32.8500       29.0900  1722448   11.45%
  10141  3489       31.4200    37       32.8500       29.0900  1726472   11.45%
  10181  3511       31.6700    13       32.8500       29.0900  1730296   11.45%
  10216  3518       29.0900    39       32.8500       29.0900  1734888   11.45%
Elapsed time = 1025.84 sec. (1319590.38 ticks, tree = 194.68 MB, solutions = 2)
  10238  3532        cutoff             32.8500       29.0900  1739016   11.45%
  10272  3549       32.3000    29       32.8500       29.0900  1743326   11.45%
  10303  3562       29.0900    48       32.8500       29.0900  1747253   11.45%
  10341  3583       29.5400    40       32.8500       29.0900  1751406   11.45%
  10378  3602       31.5642    45       32.8500       29.0900  1756213   11.45%
  10414  3626        cutoff             32.8500       29.0900  1759973   11.45%
  10445  3641       31.4355    44       32.8500       29.0900  1764131   11.45%
  10480  3658       29.1734    45       32.8500       29.0900  1767815   11.45%
  10518  3677    infeasible             32.8500       29.0900  1771748   11.45%
  10539  3693       29.5263    54       32.8500       29.0900  1773880   11.45%
Elapsed time = 1059.80 sec. (1358495.53 ticks, tree = 221.48 MB, solutions = 2)
  10573  3705       29.0900    51       32.8500       29.0900  1777933   11.45%
  10616  3731    infeasible             32.8500       29.0900  1781231   11.45%
  10648  3746       29.0900    48       32.8500       29.0900  1785022   11.45%
  10674  3761       29.5400    30       32.8500       29.0900  1789028   11.45%
  10708  3772       29.5400    37       32.8500       29.0900  1793241   11.45%
  10743  3790       29.3344    50       32.8500       29.0900  1796419   11.45%
  10773  3801       29.0900    50       32.8500       29.0900  1799812   11.45%
  10775  3803       29.0900    48       32.8500       29.0900  1799963   11.45%
  10820  3827       29.0900    36       32.8500       29.0900  1803653   11.45%
* 10844  3135      integral     0       31.7100       29.0900  1805161    8.26%
  10869  3146       29.3419    46       31.7100       29.0900  1807898    8.26%
Elapsed time = 1093.91 sec. (1397873.59 ticks, tree = 222.53 MB, solutions = 3)
  10907  3158       29.3528    29       31.7100       29.0900  1812219    8.26%
  10937  3164       29.0900    37       31.7100       29.0900  1816429    8.26%
  10968  3182       29.0900    46       31.7100       29.0900  1819104    8.26%
  11005  3206       29.4283    38       31.7100       29.0900  1822944    8.26%
  11029  3213        cutoff             31.7100       29.0900  1826360    8.26%
  11049  3214    infeasible             31.7100       29.0900  1830277    8.26%
  11074  3226       29.0900    53       31.7100       29.0900  1833494    8.26%
  11113  3250       31.2600    30       31.7100       29.0900  1836750    8.26%
  11153  3259    infeasible             31.7100       29.0900  1840838    8.26%
  11185  3271       29.0900    48       31.7100       29.0900  1844063    8.26%
Elapsed time = 1129.31 sec. (1437577.35 ticks, tree = 241.71 MB, solutions = 3)
  11216  3277       29.2773    48       31.7100       29.0900  1847736    8.26%
  11249  3283       29.0939    41       31.7100       29.0900  1851530    8.26%
  11297  3297       29.1268    49       31.7100       29.0900  1855501    8.26%
  11343  3305        cutoff             31.7100       29.0900  1860034    8.26%
  11370  3319       31.2540    33       31.7100       29.0900  1863079    8.26%
  11415  3342       29.1961    36       31.7100       29.0900  1866547    8.26%
  11454  3353       29.6400    47       31.7100       29.0900  1871258    8.26%
  11491  3368       29.8160    37       31.7100       29.0900  1874925    8.26%
  11531  3390       31.2600    24       31.7100       29.0900  1878567    8.26%
  11560  3397       29.0900    36       31.7100       29.0900  1882646    8.26%
Elapsed time = 1164.30 sec. (1476469.26 ticks, tree = 260.89 MB, solutions = 3)
  11614  3417    infeasible             31.7100       29.0900  1886462    8.26%
  11665  3440    infeasible             31.7100       29.0900  1890712    8.26%
  11709  3455       29.0900    42       31.7100       29.0900  1894494    8.26%
  11744  3464        cutoff             31.7100       29.0900  1898423    8.26%
  11776  3465       29.1502    47       31.7100       29.0900  1901533    8.26%
  11810  3478        cutoff             31.7100       29.0900  1905095    8.26%
  11843  3487       29.1502    50       31.7100       29.0900  1908639    8.26%
  11875  3498       29.6400    35       31.7100       29.0900  1912168    8.26%
  11914  3511       29.0900    38       31.7100       29.0900  1916318    8.26%
  11954  3519       29.2953    46       31.7100       29.0900  1920499    8.26%
Elapsed time = 1201.62 sec. (1515424.33 ticks, tree = 279.47 MB, solutions = 3)
  11997  3526    infeasible             31.7100       29.0900  1924495    8.26%
  12052  3551       29.7029    33       31.7100       29.0900  1928655    8.26%
  12103  3563       31.2600    32       31.7100       29.0900  1931995    8.26%
  12142  3575    infeasible             31.7100       29.0900  1935645    8.26%
  12169  3585       29.1900    45       31.7100       29.0900  1939389    8.26%
  12198  3599       29.9237    31       31.7100       29.0900  1942471    8.26%
  12235  3615       29.0900    42       31.7100       29.0900  1946005    8.26%
  12287  3648       29.1946    33       31.7100       29.0900  1949602    8.26%
  12333  3671       29.6400    31       31.7100       29.0900  1953484    8.26%
  12377  3687       29.1900    36       31.7100       29.0900  1958372    8.26%
Elapsed time = 1237.59 sec. (1554965.14 ticks, tree = 305.05 MB, solutions = 3)
  12410  3694       29.1961    44       31.7100       29.0900  1962815    8.26%
  12432  3691       31.5900    32       31.7100       29.0900  1967619    8.26%
  12467  3709       31.2482    37       31.7100       29.0900  1970974    8.26%
  12475  3710       29.0900    41       31.7100       29.0900  1971435    8.26%
  12514  3725       31.2245    31       31.7100       29.0900  1975486    8.26%
  12556  3732       29.1964    45       31.7100       29.0900  1979343    8.26%
  12600  3758       31.1204    29       31.7100       29.0900  1983313    8.26%
  12648  3770    infeasible             31.7100       29.0900  1987137    8.26%
  12689  3788    infeasible             31.7100       29.0900  1990734    8.26%
  12718  3803       29.4390    49       31.7100       29.0900  1993806    8.26%
Elapsed time = 1272.99 sec. (1595132.77 ticks, tree = 320.92 MB, solutions = 3)
  12747  3816       29.8737    34       31.7100       29.0900  1997775    8.26%
  12778  3831       31.4083    39       31.7100       29.0900  2001450    8.26%
  12805  3839       29.0900    43       31.7100       29.0900  2005019    8.26%
  12841  3858       29.3269    49       31.7100       29.0900  2009182    8.26%
  12881  3879       29.0900    47       31.7100       29.0900  2013423    8.26%
  12906  3885       29.5400    42       31.7100       29.0900  2017371    8.26%
  12941  3901       29.8495    55       31.7100       29.0900  2021473    8.26%
  12972  3914       29.0900    40       31.7100       29.0900  2024942    8.26%
  13016  3932       29.4936    33       31.7100       29.0900  2028971    8.26%
  13059  3951       29.2248    42       31.7100       29.0900  2032997    8.26%
Elapsed time = 1308.70 sec. (1634281.67 ticks, tree = 343.46 MB, solutions = 3)
  13093  3965       29.3189    42       31.7100       29.0900  2037260    8.26%
  13127  3974       29.0900    42       31.7100       29.0900  2040875    8.26%
  13162  3992       31.2597    33       31.7100       29.0900  2044731    8.26%
  13195  4006       29.0907    44       31.7100       29.0900  2048500    8.26%
  13240  4030       29.0948    47       31.7100       29.0900  2052638    8.26%
  13279  4048       29.4926    38       31.7100       29.0900  2055857    8.26%
  13315  4065       29.3524    41       31.7100       29.0900  2059931    8.26%
  13356  4087       29.5420    38       31.7100       29.0900  2063727    8.26%
  13393  4104       29.5420    36       31.7100       29.0900  2067925    8.26%
  13433  4120       29.2218    44       31.7100       29.0900  2071897    8.26%
Elapsed time = 1343.60 sec. (1673740.46 ticks, tree = 369.37 MB, solutions = 3)
  13469  4135       29.6732    40       31.7100       29.0900  2076548    8.26%
  13512  4155       29.2223    37       31.7100       29.0900  2080277    8.26%
  13550  4170       29.8050    34       31.7100       29.0900  2084147    8.26%
  13594  4194       29.3039    40       31.7100       29.0900  2088058    8.26%
  13622  4210       31.2206    33       31.7100       29.0900  2091881    8.26%
  13667  4234       31.2635    26       31.7100       29.0900  2095620    8.26%
  13711  4252       29.3049    48       31.7100       29.0900  2099591    8.26%
  13733  4254       29.0900    56       31.7100       29.0900  2103307    8.26%
  13763  4273       29.5400    46       31.7100       29.0900  2106304    8.26%
  13780  4278       31.6700    40       31.7100       29.0900  2109370    8.26%
Elapsed time = 1378.18 sec. (1712276.28 ticks, tree = 393.00 MB, solutions = 3)
  13804  4291       29.0900    46       31.7100       29.0900  2111738    8.26%
  13833  4304       29.0900    47       31.7100       29.0900  2115041    8.26%
  13861  4321       29.0900    42       31.7100       29.0900  2118195    8.26%
  13893  4335       31.2600    33       31.7100       29.0900  2122166    8.26%
  13938  4353       29.0900    35       31.7100       29.0900  2125985    8.26%
  13981  4366       29.0900    57       31.7100       29.0900  2130293    8.26%
  14019  4390       31.2600    12       31.7100       29.0900  2133732    8.26%
  14054  4408       31.1972    33       31.7100       29.0900  2137379    8.26%
  14075  4416       31.2200    39       31.7100       29.0900  2139972    8.26%
  14117  4443       31.6700    29       31.7100       29.0900  2143466    8.26%
Elapsed time = 1412.33 sec. (1753842.39 ticks, tree = 418.16 MB, solutions = 3)
  14145  4457       31.2200    37       31.7100       29.0900  2147132    8.26%
  14187  4478       31.2600    30       31.7100       29.0900  2151236    8.26%
  14219  4487       29.5400    53       31.7100       29.0900  2155503    8.26%
  14260  4510       29.2835    45       31.7100       29.0900  2159139    8.26%
  14308  4541    infeasible             31.7100       29.0900  2162667    8.26%
  14344  4556       29.5851    41       31.7100       29.0900  2166459    8.26%
  14387  4587       31.6700    21       31.7100       29.0900  2170561    8.26%
  14432  4608    infeasible             31.7100       29.0900  2174859    8.26%
  14475  4629       29.6928    34       31.7100       29.0900  2179117    8.26%
  14513  4652       29.2601    50       31.7100       29.0900  2183251    8.26%
Elapsed time = 1444.63 sec. (1792543.93 ticks, tree = 449.87 MB, solutions = 3)
  14544  4665       29.0900    48       31.7100       29.0900  2186894    8.26%
  14589  4688       29.6400    35       31.7100       29.0900  2191049    8.26%
  14630  4711       29.0939    46       31.7100       29.0900  2194927    8.26%
  14661  4726       29.3435    52       31.7100       29.0900  2199483    8.26%
  14699  4746       29.4659    42       31.7100       29.0900  2203036    8.26%
  14731  4765       31.2600    12       31.7100       29.0900  2206909    8.26%
  14772  4785       31.2215    22       31.7100       29.0900  2211077    8.26%
  14817  4811       29.0900    56       31.7100       29.0900  2214451    8.26%
  14846  4831       29.2673    62       31.7100       29.0900  2217839    8.26%
  14871  4845       29.0900    56       31.7100       29.0900  2221770    8.26%
Elapsed time = 1477.98 sec. (1832158.86 ticks, tree = 479.76 MB, solutions = 3)
  14900  4862       31.2982    41       31.7100       29.0900  2225518    8.26%
  14929  4868       29.3175    59       31.7100       29.0900  2229863    8.26%
  14966  4886       29.0900    53       31.7100       29.0900  2233601    8.26%
  15009  4905       31.6100    39       31.7100       29.0900  2237790    8.26%
  15039  4914       29.5400    52       31.7100       29.0900  2241698    8.26%
  15073  4924       29.0900    46       31.7100       29.0900  2245660    8.26%
  15110  4934       29.0900    45       31.7100       29.0900  2249438    8.26%
  15142  4942       29.0900    49       31.7100       29.0900  2253294    8.26%
  15175  4945       29.0900    51       31.7100       29.0900  2257509    8.26%
  15206  4961       31.1452    35       31.7100       29.0900  2261071    8.26%
Elapsed time = 1511.35 sec. (1870977.63 ticks, tree = 497.15 MB, solutions = 3)
  15239  4969       29.6732    44       31.7100       29.0900  2265505    8.26%
  15284  4987       29.3694    48       31.7100       29.0900  2269576    8.26%
  15330  5000       29.1490    49       31.7100       29.0900  2273417    8.26%
  15375  5023       29.0900    46       31.7100       29.0900  2276988    8.26%
  15421  5050       29.0912    39       31.7100       29.0900  2281614    8.26%
  15462  5068       31.2278    26       31.7100       29.0900  2285830    8.26%
  15503  5090       31.1883    32       31.7100       29.0900  2290100    8.26%
  15542  5105       31.6187    47       31.7100       29.0900  2294681    8.26%
  15569  5103       29.0900    54       31.7100       29.0900  2299694    8.26%
  15592  5114       31.3324    32       31.7100       29.0900  2302770    8.26%
Elapsed time = 1546.96 sec. (1911480.18 ticks, tree = 521.24 MB, solutions = 3)
  15617  5118       29.0900    73       31.7100       29.0900  2307387    8.26%
  15633  5134       29.0900    77       31.7100       29.0900  2308389    8.26%
  15648  5149       29.1900    63       31.7100       29.0900  2309985    8.26%
  15678  5170       29.0900    56       31.7100       29.0900  2312922    8.26%
  15720  5191       31.6700    33       31.7100       29.0900  2317034    8.26%
  15755  5203       29.9416    43       31.7100       29.0900  2321168    8.26%
  15790  5226       29.0963    65       31.7100       29.0900  2324668    8.26%
  15819  5241       29.6400    43       31.7100       29.0900  2329225    8.26%
  15842  5245       29.0900    47       31.7100       29.0900  2333636    8.26%
  15864  5259       29.6536    35       31.7100       29.0900  2337802    8.26%
Elapsed time = 1579.07 sec. (1951089.33 ticks, tree = 538.12 MB, solutions = 3)
  15901  5276       29.1836    50       31.7100       29.0900  2342002    8.26%
  15938  5300       29.0900    53       31.7100       29.0900  2344912    8.26%
  15978  5329       29.5400    47       31.7100       29.0900  2348295    8.26%
  16014  5347       31.5543    52       31.7100       29.0900  2351337    8.26%
  16066  5378       31.6700    35       31.7100       29.0900  2355418    8.26%
  16100  5393       29.1900    55       31.7100       29.0900  2359187    8.26%
  16141  5424       29.0900    59       31.7100       29.0900  2362325    8.26%
  16167  5447       29.5400    44       31.7100       29.0900  2365233    8.26%
  16201  5471       29.6400    39       31.7100       29.0900  2368323    8.26%
  16234  5495       29.0900    51       31.7100       29.0900  2372000    8.26%
Elapsed time = 1610.42 sec. (1990290.81 ticks, tree = 572.47 MB, solutions = 3)
  16273  5526       29.6800    47       31.7100       29.0900  2375552    8.26%
  16275  5528       29.6800    44       31.7100       29.0900  2375676    8.26%
  16309  5551       29.1907    51       31.7100       29.0900  2379140    8.26%
  16358  5586       29.0900    58       31.7100       29.0900  2382668    8.26%
  16388  5604       29.1900    42       31.7100       29.0900  2386951    8.26%
  16420  5617       29.0900    54       31.7100       29.0900  2390598    8.26%
  16452  5645    infeasible             31.7100       29.0900  2394599    8.26%
  16481  5661       29.6400    46       31.7100       29.0900  2398663    8.26%
  16508  5677       31.2000    48       31.7100       29.0900  2403269    8.26%
  16533  5697       29.6400    42       31.7100       29.0900  2407145    8.26%
Elapsed time = 1642.94 sec. (2030454.53 ticks, tree = 603.27 MB, solutions = 3)
  16564  5710       29.0982    54       31.7100       29.0900  2410858    8.26%
  16586  5720       31.5200    49       31.7100       29.0900  2414733    8.26%
  16605  5727       29.0900    48       31.7100       29.0900  2418462    8.26%
  16638  5755       29.1902    44       31.7100       29.0900  2422534    8.26%
  16677  5773    infeasible             31.7100       29.0900  2427202    8.26%
  16712  5793       29.2214    48       31.7100       29.0900  2430739    8.26%
  16740  5809       29.6800    39       31.7100       29.0900  2434548    8.26%
  16777  5827       31.6900    44       31.7100       29.0900  2438624    8.26%
  16807  5842       29.1900    51       31.7100       29.0900  2442348    8.26%
  16855  5877       29.0900    42       31.7100       29.0900  2446165    8.26%
Elapsed time = 1673.74 sec. (2069274.92 ticks, tree = 628.80 MB, solutions = 3)
  16908  5919       29.6800    20       31.7100       29.0900  2450012    8.26%
  16949  5936       29.0900    52       31.7100       29.0900  2454401    8.26%
  16984  5956       29.0900    46       31.7100       29.0900  2458555    8.26%
  17003  5958       29.0900    52       31.7100       29.0900  2462687    8.26%
  17033  5979       29.1900    47       31.7100       29.0900  2466399    8.26%
  17063  5993       29.6400    48       31.7100       29.0900  2470561    8.26%
  17092  6006       31.1000    42       31.7100       29.0900  2474563    8.26%
  17117  6018       29.5772    48       31.7100       29.0900  2479033    8.26%
  17138  6031       29.2300    31       31.7100       29.0900  2482793    8.26%
  17176  6051       29.0900    58       31.7100       29.0900  2486663    8.26%
Elapsed time = 1705.84 sec. (2108921.01 ticks, tree = 655.37 MB, solutions = 3)
  17219  6084       29.0900    52       31.7100       29.0900  2490704    8.26%
  17246  6101       29.0926    60       31.7100       29.0900  2494390    8.26%
  17273  6112       29.0900    58       31.7100       29.0900  2498786    8.26%
  17301  6125       31.4507    47       31.7100       29.0900  2503340    8.26%
  17338  6153       31.6900    27       31.7100       29.0900  2507960    8.26%
  17365  6162       29.6400    45       31.7100       29.0900  2512545    8.26%
  17394  6179       29.1900    60       31.7100       29.0900  2515563    8.26%
  17440  6214       31.4200    48       31.7100       29.0900  2520076    8.26%
  17474  6240       29.6400    44       31.7100       29.0900  2523894    8.26%
  17512  6268       29.6800    18       31.7100       29.0900  2527470    8.26%
Elapsed time = 1737.12 sec. (2148120.45 ticks, tree = 688.38 MB, solutions = 3)
  17543  6276       30.0389    56       31.7100       29.0900  2532149    8.26%
  17581  6298    infeasible             31.7100       29.0900  2536363    8.26%
  17608  6313       29.6800    20       31.7100       29.0900  2540683    8.26%
  17638  6332       29.6400    42       31.7100       29.0900  2544598    8.26%
  17677  6359       29.1900    22       31.7100       29.0900  2548525    8.26%
  17698  6370       29.0900    56       31.7100       29.0900  2552537    8.26%
  17720  6386       29.6400    47       31.7100       29.0900  2556385    8.26%
  17742  6403       29.6400    42       31.7100       29.0900  2559795    8.26%
  17775  6422       29.0900    53       31.7100       29.0900  2563904    8.26%
  17819  6455        cutoff             31.7100       29.0900  2567939    8.26%
Elapsed time = 1772.28 sec. (2192469.18 ticks, tree = 716.95 MB, solutions = 3)
  17841  6463       29.1900    56       31.7100       29.0900  2571953    8.26%
  17865  6476       29.6446    43       31.7100       29.0900  2575869    8.26%
  17875  6479       29.0900    53       31.7100       29.0900  2576674    8.26%
  17902  6496       29.5456    52       31.7100       29.0900  2580957    8.26%
  17938  6518       29.1900    58       31.7100       29.0900  2584641    8.26%
  17981  6549       29.2631    47       31.7100       29.0900  2589702    8.26%
  18009  6566       29.8938    48       31.7100       29.0900  2593863    8.26%
  18049  6594       29.1900    44       31.7100       29.0900  2597335    8.26%
  18075  6610       31.5200    39       31.7100       29.0900  2600645    8.26%
  18106  6628       29.1900    43       31.7100       29.0900  2604767    8.26%
Elapsed time = 1809.86 sec. (2240546.68 ticks, tree = 743.08 MB, solutions = 3)
  18137  6642       29.1900    43       31.7100       29.0900  2609363    8.26%
  18171  6664       29.0900    59       31.7100       29.0900  2613757    8.26%
  18175  6668       29.0900    52       31.7100       29.0900  2613997    8.26%
  18217  6696       29.6400    43       31.7100       29.0900  2618188    8.26%
  18248  6717       29.5765    55       31.7100       29.0900  2622782    8.26%
  18275  6731       29.6400    54       31.7100       29.0900  2625788    8.26%
  18306  6744       29.6400    49       31.7100       29.0900  2629833    8.26%
  18348  6772       31.5200    39       31.7100       29.0900  2634665    8.26%
  18375  6791       29.6400    28       31.7100       29.0900  2637754    8.26%
  18407  6808       31.4800    53       31.7100       29.0900  2642745    8.26%
Elapsed time = 1847.18 sec. (2288824.25 ticks, tree = 770.58 MB, solutions = 3)
  18447  6835       31.6900    25       31.7100       29.0900  2646987    8.26%
  18475  6853       29.6800    19       31.7100       29.0900  2650270    8.26%
  18503  6866       29.6400    28       31.7100       29.0900  2654551    8.26%
  18526  6875       29.3359    52       31.7100       29.0900  2659051    8.26%
  18554  6879       29.0900    47       31.7100       29.0900  2663639    8.26%
  18575  6890       29.6400    43       31.7100       29.0900  2666487    8.26%
  18598  6903       29.6400    49       31.7100       29.0900  2670731    8.26%
  18632  6923       29.1900    56       31.7100       29.0900  2675066    8.26%
  18666  6937       30.9762    42       31.7100       29.0900  2680519    8.26%
  18675  6942       29.1901    50       31.7100       29.0900  2682659    8.26%
Elapsed time = 1886.60 sec. (2338353.62 ticks, tree = 790.91 MB, solutions = 3)
  18708  6960       29.6400    37       31.7100       29.0900  2686721    8.26%
  18732  6967       29.0900    48       31.7100       29.0900  2691404    8.26%
  18767  6993       29.0900    48       31.7100       29.0900  2696227    8.26%
  18775  7000       29.1901    47       31.7100       29.0900  2697206    8.26%
  18807  7014       29.2745    51       31.7100       29.0900  2701971    8.26%
  18840  7032       31.6900    40       31.7100       29.0900  2705710    8.26%
  18875  7055       29.6400    42       31.7100       29.0900  2710129    8.26%
  18913  7077       29.1900    50       31.7100       29.0900  2714172    8.26%
  18961  7113       29.3386    41       31.7100       29.0900  2718333    8.26%
  19001  7129       29.1196    53       31.7100       29.0900  2723053    8.26%
Elapsed time = 1919.38 sec. (2380598.40 ticks, tree = 819.48 MB, solutions = 3)
  19038  7150       31.4200    42       31.7100       29.0900  2727487    8.26%
  19066  7170       31.4200    45       31.7100       29.0900  2731129    8.26%
  19090  7182       29.6400    48       31.7100       29.0900  2735086    8.26%
  19125  7205       31.3729    44       31.7100       29.0900  2739123    8.26%
  19146  7213       29.6421    45       31.7100       29.0900  2743237    8.26%
  19184  7235    infeasible             31.7100       29.0900  2747725    8.26%
  19212  7248       29.7222    41       31.7100       29.0900  2752844    8.26%
  19250  7277       29.1900    47       31.7100       29.0900  2757253    8.26%
  19284  7297       29.7039    38       31.7100       29.0900  2761949    8.26%
  19313  7313       29.6400    44       31.7100       29.0900  2766561    8.26%
Elapsed time = 1950.03 sec. (2419396.14 ticks, tree = 847.59 MB, solutions = 3)
  19355  7342       29.1900    53       31.7100       29.0900  2771274    8.26%
  19378  7354       29.1581    50       31.7100       29.0900  2775903    8.26%
  19407  7372       29.1900    56       31.7100       29.0900  2780047    8.26%
  19441  7394       29.1900    46       31.7100       29.0900  2784116    8.26%
  19469  7415       29.6400    48       31.7100       29.0900  2788447    8.26%
  19512  7440       29.6400    52       31.7100       29.0900  2793417    8.26%
  19534  7450       29.1900    53       31.7100       29.0900  2797563    8.26%
  19569  7477       31.6900    29       31.7100       29.0900  2801871    8.26%
  19616  7513       29.2340    49       31.7100       29.0900  2806426    8.26%
  19658  7539        cutoff             31.7100       29.0900  2810804    8.26%
Elapsed time = 1982.81 sec. (2458504.21 ticks, tree = 881.98 MB, solutions = 3)
  19704  7563       29.0900    55       31.7100       29.0900  2815664    8.26%
  19742  7588       29.3773    44       31.7100       29.0900  2820603    8.26%
  19781  7609       29.0900    58       31.7100       29.0900  2825613    8.26%
  19804  7626       29.1901    50       31.7100       29.0900  2829477    8.26%
  19844  7653       31.6900    21       31.7100       29.0900  2833812    8.26%
  19871  7668       29.0900    51       31.7100       29.0900  2837955    8.26%
  19875  7671       29.6400    43       31.7100       29.0900  2838771    8.26%
  19905  7682       29.6400    39       31.7100       29.0900  2843178    8.26%
  19954  7714       29.0900    48       31.7100       29.0900  2847745    8.26%
  20005  7749       29.6800    20       31.7100       29.0900  2852250    8.26%
Elapsed time = 2016.71 sec. (2499217.69 ticks, tree = 913.92 MB, solutions = 3)
  20044  7771       29.0900    42       31.7100       29.0900  2855801    8.26%
  20073  7787       29.6400    47       31.7100       29.0900  2860388    8.26%
  20125  7819       29.6414    47       31.7100       29.0900  2864969    8.26%
  20150  7828       29.6800    37       31.7100       29.0900  2868999    8.26%
  20177  7845       29.1900    46       31.7100       29.0900  2872724    8.26%
  20205  7855       29.1900    48       31.7100       29.0900  2876915    8.26%
  20239  7867       31.6900    42       31.7100       29.0900  2881556    8.26%
  20271  7885       30.1631    56       31.7100       29.0900  2886116    8.26%
  20295  7900       31.6900    40       31.7100       29.0900  2889781    8.26%
  20320  7919       29.6800    26       31.7100       29.0900  2896205    8.26%
Elapsed time = 2047.19 sec. (2538502.78 ticks, tree = 938.40 MB, solutions = 3)
  20349  7941       29.7026    34       31.7100       29.0900  2902721    8.26%
  20383  7959       29.0900    49       31.7100       29.0900  2908570    8.26%
  20415  7985       29.1900    40       31.7100       29.0900  2913714    8.26%
  20447  8010       29.2031    53       31.7100       29.0900  2918706    8.26%
  20485  8024       29.0900    60       31.7100       29.0900  2923782    8.26%
  20518  8044       29.1900    50       31.7100       29.0900  2929853    8.26%
  20550  8062        cutoff             31.7100       29.0900  2935555    8.26%
  20569  8069       29.0900    53       31.7100       29.0900  2938283    8.26%
  20593  8082       31.1427    43       31.7100       29.0900  2943678    8.26%
  20615  8092       31.6700    31       31.7100       29.0900  2948051    8.26%
Elapsed time = 2078.66 sec. (2577630.02 ticks, tree = 948.36 MB, solutions = 3)
  20637  8098       29.0900    47       31.7100       29.0900  2952811    8.26%
  20667  8109       31.6700    35       31.7100       29.0900  2957048    8.26%
  20686  8115       31.5756    40       31.7100       29.0900  2960659    8.26%
  20710  8119       29.7013    41       31.7100       29.0900  2967679    8.26%
  20735  8128       31.1243    40       31.7100       29.0900  2972283    8.26%
  20760  8137       29.1900    46       31.7100       29.0900  2978853    8.26%
  20781  8146       29.0900    51       31.7100       29.0900  2983079    8.26%
  20808  8164       29.5156    51       31.7100       29.0900  2986981    8.26%
  20830  8174       31.5700    45       31.7100       29.0900  2992482    8.26%
  20854  8182       29.0945    56       31.7100       29.0900  2997467    8.26%
Elapsed time = 2112.50 sec. (2616751.01 ticks, tree = 957.63 MB, solutions = 3)
  20875  8195       29.1924    58       31.7100       29.0900  2999816    8.26%
  20902  8209    infeasible             31.7100       29.0900  3004999    8.26%
  20924  8217       29.2017    43       31.7100       29.0900  3010667    8.26%
  20955  8229       29.6677    22       31.7100       29.0900  3015990    8.26%
  20978  8236       29.0900    47       31.7100       29.0900  3020657    8.26%
  20999  8248       29.0900    53       31.7100       29.0900  3026958    8.26%
  21014  8258       31.6700    37       31.7100       29.0900  3033127    8.26%
  21029  8266       31.5700    31       31.7100       29.0900  3038100    8.26%
  21047  8273       29.5400    45       31.7100       29.0900  3043170    8.26%
  21064  8280       29.5400    48       31.7100       29.0900  3049438    8.26%
Elapsed time = 2146.51 sec. (2656469.37 ticks, tree = 967.85 MB, solutions = 3)
  21077  8288       29.5400    41       31.7100       29.0900  3053132    8.26%
  21102  8294        cutoff             31.7100       29.0900  3057824    8.26%
  21122  8304       29.6400    34       31.7100       29.0900  3061931    8.26%
  21146  8311       29.4200    48       31.7100       29.0900  3068232    8.26%
  21172  8320    infeasible             31.7100       29.0900  3073309    8.26%
  21180  8324    infeasible             31.7100       29.0900  3074183    8.26%
  21199  8328       29.1183    46       31.7100       29.0900  3079237    8.26%
  21220  8340       29.6400    31       31.7100       29.0900  3084470    8.26%
  21244  8349       29.4200    42       31.7100       29.0900  3090122    8.26%
  21266  8355       29.0900    46       31.7100       29.0900  3094332    8.26%
Elapsed time = 2179.49 sec. (2696001.75 ticks, tree = 976.03 MB, solutions = 3)
  21293  8366       31.1274    36       31.7100       29.0900  3099005    8.26%
  21322  8380       29.0900    53       31.7100       29.0900  3102846    8.26%
  21364  8410       31.6700    23       31.7100       29.0900  3106573    8.26%
  21410  8437       29.0900    44       31.7100       29.0900  3111038    8.26%
  21447  8457       31.6700    19       31.7100       29.0900  3114983    8.26%
  21475  8473       29.0900    51       31.7100       29.0900  3118408    8.26%
  21506  8491       31.1647    40       31.7100       29.0900  3122796    8.26%
  21536  8509       31.2306    27       31.7100       29.0900  3126903    8.26%
  21571  8523       29.0990    53       31.7100       29.0900  3130785    8.26%
  21607  8545       31.6100    22       31.7100       29.0900  3134903    8.26%
Elapsed time = 2215.31 sec. (2735019.37 ticks, tree = 1004.64 MB, solutions = 3)
  21636  8554       29.0900    47       31.7100       29.0900  3139400    8.26%
  21671  8576       29.1974    46       31.7100       29.0900  3143302    8.26%
  21700  8590       29.0900    45       31.7100       29.0900  3147312    8.26%
  21732  8607       29.1477    52       31.7100       29.0900  3151413    8.26%
  21763  8621       31.5723    39       31.7100       29.0900  3155686    8.26%
  21790  8631    infeasible             31.7100       29.0900  3159237    8.26%
  21818  8645       31.4900    54       31.7100       29.0900  3162265    8.26%
  21845  8663       29.0900    60       31.7100       29.0900  3165793    8.26%
  21873  8677    infeasible             31.7100       29.0900  3170597    8.26%
  21877  8681       29.1377    46       31.7100       29.0900  3171366    8.26%
Elapsed time = 2248.83 sec. (2774507.00 ticks, tree = 1025.14 MB, solutions = 3)
  21907  8699       29.7118    49       31.7100       29.0900  3177006    8.26%
  21939  8711       29.0974    44       31.7100       29.0900  3181066    8.26%
  21971  8722       29.0900    47       31.7100       29.0900  3185447    8.26%
  22001  8730       31.6700    24       31.7100       29.0900  3190337    8.26%
  22032  8742    infeasible             31.7100       29.0900  3194863    8.26%
  22063  8751       29.0900    51       31.7100       29.0900  3198410    8.26%
  22099  8779    infeasible             31.7100       29.0900  3202178    8.26%
  22130  8806       29.1900    49       31.7100       29.0900  3205472    8.26%
  22176  8841       31.5200    57       31.7100       29.0900  3209460    8.26%
  22212  8855       29.0900    53       31.7100       29.0900  3214068    8.26%
Elapsed time = 2281.60 sec. (2813621.09 ticks, tree = 1045.01 MB, solutions = 3)
  22251  8892       29.6800    29       31.7100       29.0900  3218355    8.26%
  22296  8921       29.0900    52       31.7100       29.0900  3222675    8.26%
  22334  8940       29.0934    61       31.7100       29.0900  3226655    8.26%
  22373  8950       29.0900    52       31.7100       29.0900  3230704    8.26%
  22385  8955       29.2154    51       31.7100       29.0900  3232058    8.26%
  22418  8965       29.0900    55       31.7100       29.0900  3235912    8.26%
  22464  8997       29.6904    40       31.7100       29.0900  3240206    8.26%
  22508  9030       31.2000    45       31.7100       29.0900  3244436    8.26%
  22539  9048       29.7600    42       31.7100       29.0900  3248354    8.26%
  22569  9062       29.1900    47       31.7100       29.0900  3252651    8.26%
Elapsed time = 2313.80 sec. (2852733.81 ticks, tree = 1076.83 MB, solutions = 3)
  22614  9098       29.6424    18       31.7100       29.0900  3256732    8.26%
  22650  9123       29.2577    44       31.7100       29.0900  3260737    8.26%
  22699  9156       29.6800    31       31.7100       29.0900  3264537    8.26%
  22736  9182       31.4900    62       31.7100       29.0900  3268624    8.26%
  22765  9202       29.0900    55       31.7100       29.0900  3271585    8.26%
  22805  9208       29.6400    34       31.7100       29.0900  3276124    8.26%
  22848  9231       29.1157    43       31.7100       29.0900  3279817    8.26%
  22886  9245       29.1900    51       31.7100       29.0900  3283592    8.26%
  22930  9275       31.2600    28       31.7100       29.0900  3287128    8.26%
  22975  9308       31.6700    21       31.7100       29.0900  3289860    8.26%
Elapsed time = 2347.50 sec. (2893984.82 ticks, tree = 1114.61 MB, solutions = 3)
  23017  9329       31.2600    18       31.7100       29.0900  3293740    8.26%
  23056  9346       31.6700    30       31.7100       29.0900  3297791    8.26%
  23095  9374       31.2401    45       31.7100       29.0900  3301186    8.26%
  23134  9396       29.0964    61       31.7100       29.0900  3305290    8.26%
  23182  9429       31.2200    32       31.7100       29.0900  3309746    8.26%
  23206  9435       29.6483    36       31.7100       29.0900  3313762    8.26%
  23235  9442       29.0900    54       31.7100       29.0900  3317797    8.26%
  23260  9450       29.6400    41       31.7100       29.0900  3322860    8.26%
  23298  9465    infeasible             31.7100       29.0900  3326763    8.26%
  23323  9480       31.6900    43       31.7100       29.0900  3330703    8.26%
Elapsed time = 2380.29 sec. (2933042.27 ticks, tree = 1139.57 MB, solutions = 3)
  23348  9491       29.0900    64       31.7100       29.0900  3334727    8.26%
  23370  9505    infeasible             31.7100       29.0900  3338168    8.26%
  23406  9517    infeasible             31.7100       29.0900  3342909    8.26%
  23435  9529    infeasible             31.7100       29.0900  3346854    8.26%
  23472  9546    infeasible             31.7100       29.0900  3351146    8.26%
  23500  9564       29.5711    46       31.7100       29.0900  3355109    8.26%
  23542  9585       29.0965    62       31.7100       29.0900  3359777    8.26%
  23575  9601       29.5400    46       31.7100       29.0900  3363134    8.26%
  23602  9616       29.5400    52       31.7100       29.0900  3365621    8.26%
  23627  9634       29.5400    67       31.7100       29.0900  3367770    8.26%
Elapsed time = 2415.40 sec. (2977068.61 ticks, tree = 1159.68 MB, solutions = 3)
  23661  9668       29.6400    44       31.7100       29.0900  3370096    8.26%
  23734  9730       29.0900    60       31.7100       29.0900  3373074    8.26%
  23785  9772       31.2600    18       31.7100       29.0900  3376499    8.26%
  23816  9786       29.4257    27       31.7100       29.0900  3380091    8.26%
  23854  9801       29.0900    32       31.7100       29.0900  3384353    8.26%
  23895  9813    infeasible             31.7100       29.0900  3388955    8.26%
  23941  9831       29.4257    35       31.7100       29.0900  3392609    8.26%
  23982  9840    infeasible             31.7100       29.0900  3397489    8.26%
  24022  9853       29.0900    46       31.7100       29.0900  3401580    8.26%
  24051  9868       29.1055    36       31.7100       29.0900  3405202    8.26%
Elapsed time = 2448.95 sec. (3016228.16 ticks, tree = 1195.78 MB, solutions = 3)
  24088  9877       31.1354    22       31.7100       29.0900  3410082    8.26%
  24134  9896       31.4546    30       31.7100       29.0900  3414426    8.26%
  24168  9900       29.6143    39       31.7100       29.0900  3418934    8.26%
  24201  9909       29.4257    42       31.7100       29.0900  3423531    8.26%
  24224  9920       29.0900    43       31.7100       29.0900  3426037    8.26%
  24266  9954       29.1900    50       31.7100       29.0900  3429372    8.26%
  24305  9978       29.0900    48       31.7100       29.0900  3433534    8.26%
  24342 10007       31.1000    41       31.7100       29.0900  3437677    8.26%
  24370 10026       31.1600    38       31.7100       29.0900  3441894    8.26%
  24412 10048       29.0910    40       31.7100       29.0900  3445618    8.26%
Elapsed time = 2482.76 sec. (3056012.18 ticks, tree = 1223.32 MB, solutions = 3)
  24455 10073       29.0900    59       31.7100       29.0900  3449796    8.26%
  24489 10084       29.0900    43       31.7100       29.0900  3454281    8.26%
  24524 10108       29.1900    38       31.7100       29.0900  3458119    8.26%
  24555 10127       29.1569    44       31.7100       29.0900  3462738    8.26%
  24592 10149       29.0919    46       31.7100       29.0900  3466877    8.26%
  24624 10165       31.5200    34       31.7100       29.0900  3470838    8.26%
  24668 10200       31.2200    27       31.7100       29.0900  3475091    8.26%
  24706 10217       29.0900    42       31.7100       29.0900  3479823    8.26%
  24748 10235    infeasible             31.7100       29.0900  3484870    8.26%
  24775 10253       31.2200    25       31.7100       29.0900  3488636    8.26%
Elapsed time = 2518.51 sec. (3099182.62 ticks, tree = 1254.70 MB, solutions = 3)
  24808 10270       31.3308     5       31.7100       29.0900  3492787    8.26%
  24847 10286       31.2200    27       31.7100       29.0900  3496856    8.26%
  24884 10306       31.2200    22       31.7100       29.0900  3500876    8.26%
  24915 10306    infeasible             31.7100       29.0900  3505671    8.26%
  24953 10323       29.3361    46       31.7100       29.0900  3509484    8.26%
  24985 10342       29.5028    39       31.7100       29.0900  3512761    8.26%
  25033 10369    infeasible             31.7100       29.0900  3516769    8.26%
  25065 10386       31.4200    60       31.7100       29.0900  3521173    8.26%
  25093 10398       29.0900    64       31.7100       29.0900  3524824    8.26%
  25120 10414       29.0900    46       31.7100       29.0900  3528938    8.26%
Elapsed time = 2551.74 sec. (3138142.08 ticks, tree = 1279.19 MB, solutions = 3)
  25160 10439       29.0900    41       31.7100       29.0900  3532714    8.26%
  25199 10469       29.1074    47       31.7100       29.0900  3536748    8.26%
  25231 10477       29.0900    41       31.7100       29.0900  3541162    8.26%
  25263 10489       29.0906    41       31.7100       29.0900  3545073    8.26%
  25292 10501       31.4200    44       31.7100       29.0900  3549215    8.26%
  25323 10516    infeasible             31.7100       29.0900  3553014    8.26%
  25343 10525       31.6700    31       31.7100       29.0900  3556918    8.26%
  25369 10534       29.0900    47       31.7100       29.0900  3560422    8.26%
  25408 10564        cutoff             31.7100       29.0900  3564072    8.26%
  25448 10593       31.2600    24       31.7100       29.0900  3567706    8.26%
Elapsed time = 2584.54 sec. (3177015.12 ticks, tree = 1306.43 MB, solutions = 3)
  25491 10619       29.1900    36       31.7100       29.0900  3571415    8.26%
  25523 10632       29.2272    47       31.7100       29.0900  3575603    8.26%
  25564 10657       29.0900    44       31.7100       29.0900  3580014    8.26%
  25586 10668       29.1026    59       31.7100       29.0900  3582841    8.26%
  25634 10691       31.2600    38       31.7100       29.0900  3587316    8.26%
  25668 10714       29.2661    50       31.7100       29.0900  3590918    8.26%
  25707 10741       31.1000    40       31.7100       29.0900  3594354    8.26%
  25775 10787    infeasible             31.7100       29.0900  3598649    8.26%
  25824 10821       29.0900    42       31.7100       29.0900  3602022    8.26%
  25859 10840       29.0900    46       31.7100       29.0900  3606494    8.26%
Elapsed time = 2617.40 sec. (3216461.54 ticks, tree = 1344.23 MB, solutions = 3)
  25875 10849       29.0900    45       31.7100       29.0900  3608788    8.26%
  25907 10867    infeasible             31.7100       29.0900  3612820    8.26%
  25947 10892       29.1958    46       31.7100       29.0900  3616938    8.26%
  25993 10922       31.6700    18       31.7100       29.0900  3621761    8.26%
  26037 10944       29.0900    48       31.7100       29.0900  3626024    8.26%
  26079 10973       29.0900    42       31.7100       29.0900  3630157    8.26%
  26132 11013       31.2000    41       31.7100       29.0900  3634961    8.26%
  26172 11033       31.4200    41       31.7100       29.0900  3639850    8.26%
  26210 11051       29.0900    38       31.7100       29.0900  3643719    8.26%
  26239 11067       31.4200    43       31.7100       29.0900  3648102    8.26%
Elapsed time = 2652.37 sec. (3258456.23 ticks, tree = 1378.97 MB, solutions = 3)
  26273 11079       31.1200    34       31.7100       29.0900  3653464    8.26%
  26309 11097       31.1014    43       31.7100       29.0900  3657761    8.26%
  26343 11112       31.6700    23       31.7100       29.0900  3662428    8.26%
  26372 11126       31.2267    35       31.7100       29.0900  3666073    8.26%
  26410 11155       31.6700    25       31.7100       29.0900  3670885    8.26%
  26444 11179       31.2200    22       31.7100       29.0900  3674840    8.26%
  26477 11196       31.4319    41       31.7100       29.0900  3679031    8.26%
  26521 11216       29.1255    52       31.7100       29.0900  3683918    8.26%
  26546 11231       31.1209    33       31.7100       29.0900  3687926    8.26%
  26591 11255       29.0918    56       31.7100       29.0900  3692232    8.26%
Elapsed time = 2685.06 sec. (3297478.15 ticks, tree = 1407.75 MB, solutions = 3)
  26631 11277       29.0900    53       31.7100       29.0900  3696636    8.26%
  26663 11297       29.0900    37       31.7100       29.0900  3700982    8.26%
  26697 11318       31.1000    39       31.7100       29.0900  3705090    8.26%
  26732 11335    infeasible             31.7100       29.0900  3710173    8.26%
  26763 11347       31.1095    41       31.7100       29.0900  3715325    8.26%
  26775 11355       29.1900    35       31.7100       29.0900  3716237    8.26%
  26806 11362        cutoff             31.7100       29.0900  3721308    8.26%
  26835 11376       29.0995    43       31.7100       29.0900  3725371    8.26%
  26878 11399       31.2000    37       31.7100       29.0900  3729811    8.26%
  26904 11410       31.1100    42       31.7100       29.0900  3734745    8.26%
Elapsed time = 2716.92 sec. (3338496.19 ticks, tree = 1431.47 MB, solutions = 3)
  26934 11417       29.0900    42       31.7100       29.0900  3739242    8.26%
  26973 11435       31.2215    34       31.7100       29.0900  3743837    8.26%
  27005 11451       29.2119    43       31.7100       29.0900  3748024    8.26%
  27043 11470       29.0900    46       31.7100       29.0900  3751639    8.26%
  27077 11493       29.1111    53       31.7100       29.0900  3756005    8.26%
  27109 11511       29.0900    47       31.7100       29.0900  3760205    8.26%
  27154 11546        cutoff             31.7100       29.0900  3764783    8.26%
  27183 11554       29.1900    49       31.7100       29.0900  3768910    8.26%
  27224 11577       29.1900    43       31.7100       29.0900  3773112    8.26%
  27261 11596       31.2200    37       31.7100       29.0900  3777404    8.26%
Elapsed time = 2748.77 sec. (3377569.07 ticks, tree = 1459.78 MB, solutions = 3)
  27300 11615       29.3327    51       31.7100       29.0900  3782005    8.26%
  27343 11637       31.1000    43       31.7100       29.0900  3786561    8.26%
  27387 11659       31.6700    36       31.7100       29.0900  3791072    8.26%
  27438 11698       29.5400    44       31.7100       29.0900  3794452    8.26%
  27476 11720       29.0993    55       31.7100       29.0900  3798295    8.26%
  27518 11755       31.6700    20       31.7100       29.0900  3802459    8.26%
  27552 11776       31.1000    40       31.7100       29.0900  3806543    8.26%
  27580 11787       29.0900    57       31.7100       29.0900  3810760    8.26%
  27618 11811       29.0900    45       31.7100       29.0900  3814842    8.26%
  27666 11841       29.6400    43       31.7100       29.0900  3819075    8.26%
Elapsed time = 2780.98 sec. (3416469.61 ticks, tree = 1497.28 MB, solutions = 3)
  27675 11844       29.5400    48       31.7100       29.0900  3819711    8.26%
  27716 11873    infeasible             31.7100       29.0900  3824114    8.26%
  27760 11905       31.2249    30       31.7100       29.0900  3827855    8.26%
  27792 11926       31.2200    36       31.7100       29.0900  3832371    8.26%
  27826 11940       29.1926    50       31.7100       29.0900  3836874    8.26%
  27875 11971       31.1200    40       31.7100       29.0900  3841746    8.26%
  27923 12004       29.1435    55       31.7100       29.0900  3846321    8.26%
  27962 12033       29.1450    44       31.7100       29.0900  3850601    8.26%
  27999 12051    infeasible             31.7100       29.0900  3855140    8.26%
  28034 12070       31.2600    25       31.7100       29.0900  3859566    8.26%
Elapsed time = 2814.66 sec. (3457695.71 ticks, tree = 1532.33 MB, solutions = 3)
  28077 12098       31.6700     9       31.7100       29.0900  3864416    8.26%
  28100 12104        cutoff             31.7100       29.0900  3869065    8.26%
  28132 12114       29.0900    45       31.7100       29.0900  3874083    8.26%
  28166 12140       31.1000    50       31.7100       29.0900  3877761    8.26%
  28199 12162       31.1254    37       31.7100       29.0900  3882448    8.26%
  28234 12179       31.1219    35       31.7100       29.0900  3887125    8.26%
  28265 12196       29.0900    53       31.7100       29.0900  3891364    8.26%
  28306 12228       29.1045    45       31.7100       29.0900  3896059    8.26%
  28347 12256       29.1900    47       31.7100       29.0900  3900157    8.26%
  28381 12277       29.5844    45       31.7100       29.0900  3904451    8.26%
Elapsed time = 2846.73 sec. (3496791.20 ticks, tree = 1563.56 MB, solutions = 3)
  28423 12296    infeasible             31.7100       29.0900  3908762    8.26%
  28448 12309       29.3600    45       31.7100       29.0900  3914185    8.26%
  28473 12322       31.4299    47       31.7100       29.0900  3919536    8.26%
  28496 12335       29.0900    51       31.7100       29.0900  3924664    8.26%
  28538 12362       31.1000    55       31.7100       29.0900  3928934    8.26%
  28570 12373       29.0995    39       31.7100       29.0900  3933640    8.26%
  28575 12376       29.2862    42       31.7100       29.0900  3934406    8.26%
  28597 12387       31.1000    46       31.7100       29.0900  3939496    8.26%
  28623 12398       31.1000    41       31.7100       29.0900  3944881    8.26%
  28652 12408        cutoff             31.7100       29.0900  3949842    8.26%
Elapsed time = 2879.21 sec. (3537740.96 ticks, tree = 1578.81 MB, solutions = 3)
  28688 12431       31.5200    43       31.7100       29.0900  3954035    8.26%
  28745 12455       29.2052    42       31.7100       29.0900  3958281    8.26%
  28798 12477       29.1087    45       31.7100       29.0900  3962687    8.26%
  28833 12488       31.4200    46       31.7100       29.0900  3967257    8.26%
  28856 12501       31.2000    43       31.7100       29.0900  3971760    8.26%
  28886 12511       29.0900    42       31.7100       29.0900  3975098    8.26%
  28916 12520       29.3280    48       31.7100       29.0900  3980287    8.26%
  28943 12534       29.0900    51       31.7100       29.0900  3985361    8.26%
  28975 12551       29.6400    42       31.7100       29.0900  3990446    8.26%
  29006 12569       30.1199    39       31.7100       29.0900  3995700    8.26%
Elapsed time = 2912.15 sec. (3576720.99 ticks, tree = 1601.35 MB, solutions = 3)
  29045 12593       31.4200    49       31.7100       29.0900  4000244    8.26%
  29076 12603       29.2940    50       31.7100       29.0900  4003997    8.26%
  29120 12630       31.6700    25       31.7100       29.0900  4008597    8.26%
  29160 12650    infeasible             31.7100       29.0900  4013023    8.26%
  29190 12672       31.4242    42       31.7100       29.0900  4017302    8.26%
  29231 12696       29.0900    49       31.7100       29.0900  4021712    8.26%
  29265 12709       29.1900    41       31.7100       29.0900  4026268    8.26%
  29307 12715       30.5443    46       31.7100       29.0900  4030875    8.26%
  29333 12724       31.5500    40       31.7100       29.0900  4035622    8.26%
  29353 12725    infeasible             31.7100       29.0900  4041868    8.26%
Elapsed time = 2945.24 sec. (3615905.21 ticks, tree = 1624.77 MB, solutions = 3)
  29375 12734       29.1111    52       31.7100       29.0900  4044604    8.26%
  29416 12755        cutoff             31.7100       29.0900  4049581    8.26%
  29451 12776       31.5500    52       31.7100       29.0900  4054498    8.26%
  29485 12804       31.6500    45       31.7100       29.0900  4058033    8.26%
  29518 12819       31.2000    39       31.7100       29.0900  4062876    8.26%
  29553 12837       29.0900    45       31.7100       29.0900  4067611    8.26%
  29581 12850       29.2262    43       31.7100       29.0900  4072856    8.26%
  29610 12868       31.2000    45       31.7100       29.0900  4077454    8.26%
  29642 12880       29.0900    48       31.7100       29.0900  4082369    8.26%
  29677 12905    infeasible             31.7100       29.0900  4087125    8.26%
Elapsed time = 2979.88 sec. (3658997.07 ticks, tree = 1650.22 MB, solutions = 3)
  29704 12916       29.8965    53       31.7100       29.0900  4092195    8.26%
  29734 12940       31.2200    31       31.7100       29.0900  4095168    8.26%
  29772 12958       31.1000    50       31.7100       29.0900  4099515    8.26%
  29807 12968       31.1000    45       31.7100       29.0900  4103631    8.26%
  29830 12977       29.0900    44       31.7100       29.0900  4108593    8.26%
  29864 12999    infeasible             31.7100       29.0900  4114482    8.26%
  29889 13020       31.1469    29       31.7100       29.0900  4122128    8.26%
  29916 13038       31.2200    28       31.7100       29.0900  4125925    8.26%
  29956 13063       31.1345    28       31.7100       29.0900  4130756    8.26%
  30014 13108    infeasible             31.7100       29.0900  4135616    8.26%
Elapsed time = 3011.85 sec. (3698425.03 ticks, tree = 1670.63 MB, solutions = 3)
  30050 13129       31.1200    32       31.7100       29.0900  4139778    8.26%
  30092 13164       31.2200    25       31.7100       29.0900  4144134    8.26%
  30141 13201       29.2488    32       31.7100       29.0900  4148217    8.26%
  30203 13242       31.6700    27       31.7100       29.0900  4152290    8.26%
  30235 13259       29.0900    47       31.7100       29.0900  4156281    8.26%
  30279 13290       29.2126    44       31.7100       29.0900  4160100    8.26%
  30309 13309       29.2519    48       31.7100       29.0900  4163910    8.26%
  30342 13328       31.1200    37       31.7100       29.0900  4168619    8.26%
  30381 13346       29.1540    48       31.7100       29.0900  4172591    8.26%
  30406 13351       29.1133    43       31.7100       29.0900  4176678    8.26%
Elapsed time = 3044.37 sec. (3737411.03 ticks, tree = 1705.42 MB, solutions = 3)
  30453 13372       29.4200    41       31.7100       29.0900  4181240    8.26%
  30475 13385       31.4404    39       31.7100       29.0900  4183523    8.26%
  30511 13394       29.3387    35       31.7100       29.0900  4188869    8.26%
  30560 13403       29.0900    43       31.7100       29.0900  4193624    8.26%
  30603 13413       29.0900    46       31.7100       29.0900  4198446    8.26%
  30638 13424       29.0900    52       31.7100       29.0900  4202924    8.26%
  30660 13436       31.2201    31       31.7100       29.0900  4207578    8.26%
  30685 13440       29.0900    49       31.7100       29.0900  4212340    8.26%
  30715 13459       31.2600    38       31.7100       29.0900  4216911    8.26%
  30766 13501       29.0900    49       31.7100       29.0900  4220604    8.26%
Elapsed time = 3078.36 sec. (3780054.21 ticks, tree = 1726.29 MB, solutions = 3)
  30812 13535       29.0903    49       31.7100       29.0900  4224302    8.26%
  30867 13577       31.2200    32       31.7100       29.0900  4228603    8.26%
  30919 13620       29.0902    43       31.7100       29.0900  4232937    8.26%
  30970 13659       29.0900    52       31.7100       29.0900  4237124    8.26%
  31006 13685       29.0900    58       31.7100       29.0900  4240912    8.26%
  31046 13708       29.0900    47       31.7100       29.0900  4244925    8.26%
  31086 13741       29.1900    40       31.7100       29.0900  4249167    8.26%
  31121 13752        cutoff             31.7100       29.0900  4253909    8.26%
  31166 13789       29.0932    55       31.7100       29.0900  4258078    8.26%
  31326 13889       29.0900    45       31.7100       29.0900  4274720    8.26%
Elapsed time = 3120.27 sec. (3830330.32 ticks, tree = 1785.86 MB, solutions = 3)
  31478 13986       29.5421    51       31.7100       29.0900  4291557    8.26%
  31592 14051       31.6700    24       31.7100       29.0900  4306627    8.26%
  31730 14139       31.2000    52       31.7100       29.0900  4322811    8.26%
  31875 14243       31.1200    49       31.7100       29.0900  4336029    8.26%
  32054 14365       29.0900    47       31.7100       29.0900  4353207    8.26%
  32206 14460       29.0906    42       31.7100       29.0900  4370838    8.26%
  32376 14557       29.0900    47       31.7100       29.0900  4388786    8.26%
  32539 14653       29.2999    43       31.7100       29.0900  4406725    8.26%
  32715 14750       31.2200    43       31.7100       29.0900  4424347    8.26%
  32862 14826       29.5800    46       31.7100       29.0900  4441120    8.26%
Elapsed time = 3247.95 sec. (3987122.91 ticks, tree = 1929.37 MB, solutions = 3)
  32998 14919       31.6700     9       31.7100       29.0900  4455729    8.26%
  33170 15024       31.6700    20       31.7100       29.0900  4474650    8.26%
  33329 15115       29.0900    51       31.7100       29.0900  4491372    8.26%
  33457 15175       31.2249    37       31.7100       29.0900  4510306    8.26%
  33532 15220       29.0902    51       31.7100       29.0900  4519865    8.26%
  33716 15339        cutoff             31.7100       29.0900  4538114    8.26%
  33805 15394       29.6400    36       31.7100       29.0900  4552317    8.26%
  33949 15473       31.2000    42       31.7100       29.0900  4569234    8.26%
  34075 15551       31.5707    27       31.7100       29.0900  4580080    8.26%
  34201 15623        cutoff             31.7100       29.0900  4595526    8.26%
Elapsed time = 3374.73 sec. (4146118.93 ticks, tree = 2049.22 MB, solutions = 3)
Nodefile size = 1.84 MB (1.78 MB after compression)
  34309 15668       29.0900    52       31.7100       29.0900  4610718    8.26%
  34375 15702       31.2200    37       31.7100       29.0900  4622156    8.26%
  34496 15780        cutoff             31.7100       29.0900  4633678    8.26%
* 34575+ 6999                           29.6800       29.0900             1.99%
  34605  7001    infeasible             29.6800       29.0900  4649991    1.99%
  34729  7017       29.1900    41       29.6800       29.0900  4673977    1.99%
  34783  7024       29.0900    48       29.6800       29.0900  4682498    1.99%
  34882  7059       29.0900    38       29.6800       29.0900  4697366    1.99%
  35013  7102       29.1045    43       29.6800       29.0900  4716866    1.99%
  35184  7146       29.1713    44       29.6800       29.0900  4736832    1.99%
  35340  7182       29.0900    52       29.6800       29.0900  4756644    1.99%
Elapsed time = 3495.99 sec. (4299995.00 ticks, tree = 913.12 MB, solutions = 4)
  35470  7207    infeasible             29.6800       29.0900  4774673    1.99%
  35578  7233       29.1900    38       29.6800       29.0900  4796553    1.99%
  35734  7269    infeasible             29.6800       29.0900  4816860    1.99%
  35822  7278       29.0910    44       29.6800       29.0900  4831813    1.99%
  35928  7300       29.0900    47       29.6800       29.0900  4849077    1.99%
  36035  7315       29.0900    46       29.6800       29.0900  4870653    1.99%
  36148  7346    infeasible             29.6800       29.0900  4892667    1.99%
  36216  7366    infeasible             29.6800       29.0900  4904842    1.99%

GUB cover cuts applied:  13
Clique cuts applied:  40
Cover cuts applied:  52
Implied bound cuts applied:  17
Flow cuts applied:  18
Mixed integer rounding cuts applied:  61
Zero-half cuts applied:  2
Gomory fractional cuts applied:  3

Root node processing (before b&c):
  Real time             =   11.56 sec. (14662.60 ticks)
Sequential b&c:
  Real time             = 3588.44 sec. (4420761.27 ticks)
                          ------------
Total (root+branch&cut) = 3600.00 sec. (4435423.88 ticks)
