Version identifier: 22.1.0.0 | 2022-03-09 | 1a383f8ce
CPXPARAM_Read_DataCheck                          1
CPXPARAM_Threads                                 1
CPXPARAM_TimeLimit                               3600
Tried aggregator 2 times.
MIP Presolve eliminated 2156 rows and 304 columns.
MIP Presolve modified 31421 coefficients.
Aggregator did 298 substitutions.
Reduced MIP has 8042 rows, 868 columns, and 60816 nonzeros.
Reduced MIP has 671 binaries, 0 generals, 0 SOSs, and 0 indicators.
Presolve time = 0.09 sec. (91.11 ticks)
Probing time = 0.00 sec. (5.49 ticks)
Tried aggregator 1 time.
Detecting symmetries...
Reduced MIP has 8042 rows, 868 columns, and 60816 nonzeros.
Reduced MIP has 671 binaries, 0 generals, 0 SOSs, and 0 indicators.
Presolve time = 0.03 sec. (25.99 ticks)
Probing time = 0.00 sec. (5.51 ticks)
Clique table members: 748.
MIP emphasis: balance optimality and feasibility.
MIP search method: dynamic search.
Parallel mode: none, using 1 thread.
Root relaxation solution time = 0.02 sec. (30.93 ticks)

        Nodes                                         Cuts/
   Node  Left     Objective  IInf  Best Integer    Best Bound    ItCnt     Gap

      0     0       13.0800   121                     13.0800      279         
      0     0       13.0800    97                    Cuts: 95      449         
      0     0       13.0800   101                  Cuts: 1104      628         
      0     0       13.0800    69                    Cuts: 46      711         
      0     0       13.0800    75                  Cuts: 1494      895         
Detecting symmetries...
      0     2       13.0800    58                     13.0800      895         
Elapsed time = 3.86 sec. (4641.85 ticks, tree = 0.01 MB, solutions = 0)
      6     8       13.0800    80                     13.0800     1966         
     18    20       13.0800    73                     13.0800     3076         
     30    32       13.0800    48                     13.0800     3825         
     40    38       13.0800    42                     13.0800     4919         
     50    41       13.0800    39                     13.0800     6045         
     61    43       13.0800    40                     13.0800     7664         
     72    46    infeasible                           13.0800     9010         
     82    44       13.0800    43                     13.0800    10491         
     93    40    infeasible                           13.0800    11883         
    121    52       17.3600    38                     13.0800    16709         
Elapsed time = 5.89 sec. (8040.07 ticks, tree = 0.20 MB, solutions = 0)
    164    73       13.0800    38                     13.0800    21807         
    217    87    infeasible                           13.0800    26673         
    280   113       16.7600    28                     13.0800    32858         
    332   118       13.0800    51                     13.0800    38239         
    376   130       13.1652    48                     13.0800    43092         
    434   140       13.0800    51                     13.0800    48973         
    492   148       13.0800    54                     13.0800    54601         
    521   157       13.0800    54                     13.0800    59287         
    553   163       13.0800    54                     13.0800    64222         
    596   174    infeasible                           13.0800    69678         
Elapsed time = 11.66 sec. (17750.49 ticks, tree = 0.38 MB, solutions = 0)
    634   180       13.0800    49                     13.0800    74500         
    672   187       13.0800    51                     13.0800    80280         
    704   187    infeasible                           13.0800    86040         
    748   192       13.2093    60                     13.0800    91464         
    796   210    infeasible                           13.0800    97308         
    829   204       13.0800    54                     13.0800   103054         
    861   204    infeasible                           13.0800   108409         
    895   224       13.0800    44                     13.0800   112824         
    938   237       13.0800    53                     13.0800   117984         
    969   238       13.0800    61                     13.0800   123354         
Elapsed time = 17.77 sec. (27559.36 ticks, tree = 0.53 MB, solutions = 0)
   1000   255       15.3399    54                     13.0800   128629         
   1028   259    infeasible                           13.0800   133549         
   1058   263    infeasible                           13.0800   139173         
   1090   277    infeasible                           13.0800   144181         
   1126   277    infeasible                           13.0800   149857         
   1164   275       13.0800    59                     13.0800   154894         
   1192   275    infeasible                           13.0800   160555         
   1223   284       13.0800    50                     13.0800   165738         
   1248   283    infeasible                           13.0800   170949         
   1288   293    infeasible                           13.0800   176757         
Elapsed time = 23.91 sec. (37311.17 ticks, tree = 0.62 MB, solutions = 0)
   1322   299       13.0800    59                     13.0800   182219         
   1349   312       16.6917    49                     13.0800   187529         
   1378   313       13.0800    51                     13.0800   192089         
   1426   333       14.7544    51                     13.0800   197217         
   1450   336       13.0800    57                     13.0800   201125         
   1480   342    infeasible                           13.0800   206370         

Performing restart 1

Repeating presolve.
Tried aggregator 1 time.
Reduced MIP has 8042 rows, 868 columns, and 60816 nonzeros.
Reduced MIP has 671 binaries, 0 generals, 0 SOSs, and 0 indicators.
Presolve time = 0.02 sec. (20.42 ticks)
Tried aggregator 1 time.
Reduced MIP has 8042 rows, 868 columns, and 60816 nonzeros.
Reduced MIP has 671 binaries, 0 generals, 0 SOSs, and 0 indicators.
Presolve time = 0.03 sec. (26.50 ticks)
Represolve time = 0.11 sec. (99.09 ticks)
   1482     0       13.0800    72                   Cuts: 144   206979         
   1482     0       13.0800    91                   Cuts: 798   207243         
   1482     0       13.0800    79                    Cuts: 54   207418         
   1482     0       13.0800    95                   Cuts: 787   207590         
   1482     0       13.0800    73                   Cuts: 342   207769         
   1482     0       13.0800    84                   Cuts: 836   207974         
   1482     0       13.0800    67                   Cuts: 107   208166         
   1482     0       13.0800    65                   Cuts: 535   208318         
   1482     2       13.0800    41                     13.0800   208318         
   1486     6       13.0800    66                     13.0800   208900         
   1494    14       13.0800    49                     13.0800   209157         
   1502    21       15.2800    46                     13.0800   209639         
Elapsed time = 35.17 sec. (53492.06 ticks, tree = 0.46 MB, solutions = 0)
   1522    35       15.2800    36                     13.0800   211691         
   1541    41       13.0800    45                     13.0800   213821         
   1565    65       13.0800    56                     13.0800   215324         
   1589    84       13.0800    47                     13.0800   217562         
   1629   122       15.4088    40                     13.0800   219576         
   1674   150       13.0800    45                     13.0800   222126         
   1702   170    infeasible                           13.0800   224646         
   1726   192       13.0800    46                     13.0800   226784         
   1767   228       13.1066    48                     13.0800   229717         
   1801   243       13.0931    35                     13.0800   233074         
Elapsed time = 41.16 sec. (63424.95 ticks, tree = 1.27 MB, solutions = 0)
   1825   259       18.4000    34                     13.0800   236183         
   1846   272       13.0800    58                     13.0800   239171         
   1883   302       13.0800    37                     13.0800   242195         
   1930   325       16.2000    50                     13.0800   245962         
   1967   338    infeasible                           13.0800   249857         
   2013   371       13.0800    50                     13.0800   252672         
   2050   397       15.2800    27                     13.0800   255443         
   2082   414       13.0800    35                     13.0800   258440         
   2100   418       13.0800    47                     13.0800   260907         
   2131   440       18.4000    28                     13.0800   263879         
Elapsed time = 47.75 sec. (73263.22 ticks, tree = 1.67 MB, solutions = 0)
   2157   456       15.2800    41                     13.0800   266975         
   2186   470       18.4000    47                     13.0800   270434         
   2217   491       13.0800    51                     13.0800   273869         
   2244   493    infeasible                           13.0800   277899         
   2270   506       13.0800    46                     13.0800   281046         
   2298   511       13.0800    48                     13.0800   284872         
   2322   519    infeasible                           13.0800   287689         
   2354   534       13.5052    38                     13.0800   291467         
   2382   544       13.0800    46                     13.0800   295075         
   2419   552       21.5500    47                     13.0800   299464         
Elapsed time = 54.23 sec. (83175.51 ticks, tree = 2.34 MB, solutions = 0)
   2449   559       15.2800    49                     13.0800   302749         

Performing restart 2

Repeating presolve.
Tried aggregator 1 time.
MIP Presolve eliminated 21 rows and 1 columns.
MIP Presolve modified 29 coefficients.
Reduced MIP has 8021 rows, 867 columns, and 64869 nonzeros.
Reduced MIP has 670 binaries, 0 generals, 0 SOSs, and 0 indicators.
Presolve time = 0.04 sec. (35.61 ticks)
Tried aggregator 1 time.
Reduced MIP has 8021 rows, 867 columns, and 64869 nonzeros.
Reduced MIP has 670 binaries, 0 generals, 0 SOSs, and 0 indicators.
Presolve time = 0.04 sec. (29.39 ticks)
Represolve time = 0.16 sec. (137.24 ticks)
   2470     0       13.0800    73                   Cuts: 327   305345         
   2470     0       13.0800    92                   Cuts: 887   305564         
   2470     0       13.0800    60                    Cuts: 29   305710         
   2470     0       13.0800    77                  Cuts: 1255   305894         
   2470     0       13.0800    75                    Cuts: 46   306092         
   2470     0       13.0800    74                    Cuts: 59   306295         
   2470     0       13.0800    67                    Cuts: 71   306439         
   2470     0       13.0800    92                   Cuts: 958   306582         
   2470     0       13.0800    65                    Cuts: 66   306700         
   2470     0       13.0800    77                   Cuts: 668   306844         
   2470     2       13.0800    45                     13.0800   306844         
   2476     8       13.0800    44                     13.0800   307261         
   2481    12       13.0800    68                     13.0800   307766         
   2485    16       13.0800    65                     13.0800   308334         
   2492    23       13.0800    49                     13.0800   309028         
   2498    29       13.0800    50                     13.0800   309642         
   2505    36       13.0800    44                     13.0800   310398         
   2510    38       14.7500    58                     13.0800   311099         
   2519    47       13.0800    49                     13.0800   311525         
Elapsed time = 76.63 sec. (116082.53 ticks, tree = 0.13 MB, solutions = 0)
   2525    53       15.2800    59                     13.0800   312200         
   2533    61       13.0800    49                     13.0800   312854         
   2539    67       13.0800    50                     13.0800   313710         
   2544    72       13.0800    40                     13.0800   314602         
   2551    74       13.0800    44                     13.0800   315582         
   2563    81       16.2745    40                     13.0800   317244         
   2585    80    infeasible                           13.0800   320106         
   2597    77       13.2033    47                     13.0800   322068         
   2608    81       15.2800    43                     13.0800   323669         
   2655   106       16.2000    41                     13.0800   329324         
Elapsed time = 84.34 sec. (129271.03 ticks, tree = 0.52 MB, solutions = 0)
   2707   147       17.8700    41                     13.0800   334103         
   2763   165       13.0800    49                     13.0800   340248         
   2850   173       13.0800    49                     13.0800   351810         
   2910   191       13.0800    45                     13.0800   359805         
   2961   208       17.8700    61                     13.0800   368443         
   2993   229       19.3600    54                     13.0800   374490         
   3072   257       16.3024    39                     13.0800   384241         
   3174   289       15.2800    44                     13.0800   397551         
   3226   327       22.4800    30                     13.0800   404240         
   3305   383       14.7500    46                     13.0800   412931         
Elapsed time = 108.36 sec. (168093.09 ticks, tree = 0.91 MB, solutions = 0)
   3398   429    infeasible                           13.0800   424533         
   3481   461    infeasible                           13.0800   436713         
   3583   500       14.7500    40                     13.0800   449583         
   3702   548       16.0023    37                     13.0800   462357         
   3824   573       13.0800    38                     13.0800   475820         
   3914   600       13.1728    47                     13.0800   489239         
   4013   629       13.1176    41                     13.0800   501531         
   4135   652    infeasible                           13.0800   513943         
   4230   679       14.7500    43                     13.0800   527506         
   4356   709       21.5500    43                     13.0800   542809         
Elapsed time = 135.23 sec. (206485.20 ticks, tree = 1.38 MB, solutions = 0)
   4470   736       13.0911    42                     13.0800   556858         
   4548   760    infeasible                           13.0800   569041         
   4631   815       15.3576    43                     13.0800   581088         
   4728   867       16.9500    36                     13.0800   594357         
   4846   933       19.0300    30                     13.0800   609968         
   4917   976       18.4381    39                     13.0800   620042         
   4983  1006       16.9500    35                     13.0800   631495         
   5065  1043       13.3443    36                     13.0800   645362         
   5132  1082       13.0800    56                     13.0800   652406         
   5220  1146       13.0800    64                     13.0800   663137         
Elapsed time = 162.26 sec. (245114.45 ticks, tree = 2.46 MB, solutions = 0)
   5284  1193       13.1465    63                     13.0800   672449         
   5340  1234       16.9500    39                     13.0800   681645         
   5443  1279       13.2253    50                     13.0800   695062         
   5526  1346       17.8700    43                     13.0800   704814         
   5598  1403       20.0700    37                     13.0800   714784         
   5672  1460       13.0800    45                     13.0800   726072         
   5727  1485       21.5500    38                     13.0800   736548         
   5799  1515       13.1393    64                     13.0800   746734         
   5884  1554       14.7500    40                     13.0800   758653         
   5952  1595       13.0800    43                     13.0800   769377         
Elapsed time = 189.56 sec. (283847.10 ticks, tree = 3.15 MB, solutions = 0)
   6071  1642       20.6976    42                     13.0800   782452         
   6169  1695       16.9748    42                     13.0800   795925         
   6225  1737       13.0800    49                     13.0800   804205         
   6319  1773       13.2024    39                     13.0800   818644         
   6417  1815       20.4000    40                     13.0800   832526         
   6501  1860       16.9500    34                     13.0800   843085         
   6587  1897       17.2800    41                     13.0800   854269         
   6658  1938       13.0800    53                     13.0800   864453         
   6769  2005       13.0800    43                     13.0800   876813         
   6824  2044       14.7500    58                     13.0800   884772         
Elapsed time = 217.09 sec. (322432.73 ticks, tree = 4.83 MB, solutions = 0)
   6908  2101       13.0800    60                     13.0800   895466         
   6993  2161       16.9500    45                     13.0800   908867         
   7102  2218       13.0800    52                     13.0800   923227         
   7184  2284       16.9500    46                     13.0800   933690         
   7282  2356       20.0700    33                     13.0800   946054         
   7392  2410       15.2800    62                     13.0800   959318         
   7503  2461       14.9074    36                     13.0800   970518         
   7588  2489       13.0800    46                     13.0800   982106         
   7679  2532    infeasible                           13.0800   993364         
   7756  2569       13.1277    50                     13.0800  1005467         
Elapsed time = 244.88 sec. (361199.91 ticks, tree = 5.66 MB, solutions = 0)
   7882  2616       13.1720    51                     13.0800  1018990         
   7999  2668       16.7600    42                     13.0800  1031948         
   8085  2731       14.8578    45                     13.0800  1045984         
   8196  2792       13.0800    45                     13.0800  1060932         
   8297  2849       15.2800    35                     13.0800  1076149         
   8388  2899       13.1826    51                     13.0800  1089433         
   8477  2932       13.0800    39                     13.0800  1101138         
   8581  2961       13.2280    42                     13.0800  1112931         
   8684  2998       13.0800    41                     13.0800  1125852         
   8749  3032       14.7530    45                     13.0800  1136787         
Elapsed time = 272.79 sec. (399847.75 ticks, tree = 6.31 MB, solutions = 0)
   8860  3102       16.9500    41                     13.0800  1150584         
   8940  3161       18.4300    46                     13.0800  1162090         
   9056  3243       16.9500    39                     13.0800  1176670         
   9146  3292       20.0700    52                     13.0800  1190393         
   9253  3349       15.2800    52                     13.0800  1205024         
   9350  3394       13.0800    65                     13.0800  1217709         
   9437  3433       13.0800    70                     13.0800  1228677         
   9521  3476       13.0800    52                     13.0800  1240919         
   9602  3499       13.0800    54                     13.0800  1252976         
   9681  3554       15.2800    46                     13.0800  1263635         
Elapsed time = 300.98 sec. (438501.11 ticks, tree = 6.91 MB, solutions = 0)
   9783  3609       16.9500    50                     13.0800  1277139         
   9900  3674       18.1553    42                     13.0800  1290754         
   9958  3718       17.2800    37                     13.0800  1301759         
  10049  3783       20.0700    40                     13.0800  1314487         
  10158  3848       13.2014    46                     13.0800  1328092         
  10271  3901       16.9500    37                     13.0800  1343714         
  10382  3952       13.0800    49                     13.0800  1358596         
  10474  4005       16.9500    33                     13.0800  1372588         
  10551  4043       16.9500    35                     13.0800  1384847         
  10629  4079       13.1778    60                     13.0800  1396339         
Elapsed time = 328.99 sec. (476982.28 ticks, tree = 7.90 MB, solutions = 0)
  10723  4134       17.3061    46                     13.0800  1411041         
  10822  4188    infeasible                           13.0800  1425391         
  10915  4246    infeasible                           13.0800  1438781         
  10985  4287       16.9500    50                     13.0800  1448664         
  11105  4344       13.0800    45                     13.0800  1462282         
  11210  4384    infeasible                           13.0800  1476346         
  11314  4424       13.0800    44                     13.0800  1491144         
  11501  4481       18.0202    44                     13.0800  1506413         
  11610  4492       15.2800    46                     13.0800  1520971         
  11702  4541       15.2197    48                     13.0800  1532817         
Elapsed time = 357.25 sec. (515398.84 ticks, tree = 9.25 MB, solutions = 0)
  11782  4573       13.0800    50                     13.0800  1545522         
  11868  4621       20.0700    44                     13.0800  1557927         
  11988  4683       13.0800    55                     13.0800  1570654         
  12079  4726    infeasible                           13.0800  1584425         
  12184  4756       13.0800    38                     13.0800  1599517         
  12298  4793       15.2800    42                     13.0800  1613309         
  12399  4831       13.0800    65                     13.0800  1627041         
  12436  4864       16.9979    59                     13.0800  1634250         
  12503  4918       13.0800    49                     13.0800  1643491         
  12584  4962       16.9847    34                     13.0800  1656060         
Elapsed time = 385.26 sec. (553954.87 ticks, tree = 9.84 MB, solutions = 0)
  12691  5002       17.3831    38                     13.0800  1672780         
  12814  5060       13.0800    39                     13.0800  1686987         
  12897  5112       17.8973    65                     13.0800  1699713         
  12990  5164       13.0905    59                     13.0800  1713656         
  13070  5205       13.0800    75                     13.0800  1724503         
  13108  5242       14.7500    60                     13.0800  1729725         
  13200  5287       13.0800    56                     13.0800  1743292         
  13313  5344       13.2141    49                     13.0800  1757736         
  13397  5382       15.8162    47                     13.0800  1771908         
  13484  5406       17.8700    38                     13.0800  1783761         
Elapsed time = 413.18 sec. (592538.34 ticks, tree = 10.46 MB, solutions = 0)
  13576  5447       15.2800    40                     13.0800  1796475         
  13677  5504    infeasible                           13.0800  1810329         
  13752  5537       13.2049    43                     13.0800  1819950         
  13860  5575       13.0800    34                     13.0800  1834544         
  13988  5634       16.9500    39                     13.0800  1849089         
  14090  5674       13.0800    61                     13.0800  1861899         
  14207  5728       13.0800    52                     13.0800  1876910         
  14289  5780       13.0800    42                     13.0800  1888400         
  14406  5834       13.0800    58                     13.0800  1898621         
  14487  5893       13.2468    50                     13.0800  1910040         
Elapsed time = 441.46 sec. (631086.11 ticks, tree = 12.28 MB, solutions = 0)
  14607  5951       13.1689    40                     13.0800  1926880         
  14720  5990       22.4800    45                     13.0800  1942847         
  14838  6050       16.9500    38                     13.0800  1957054         
  14947  6108    infeasible                           13.0800  1969665         
  15013  6146       13.0800    43                     13.0800  1981607         
  15081  6202       13.5940    63                     13.0800  1991509         
  15156  6260       20.4000    35                     13.0800  2001975         
  15218  6310       20.4000    32                     13.0800  2011799         
  15307  6379       13.0800    48                     13.0800  2023417         
  15397  6453       17.8700    53                     13.0800  2034762         
Elapsed time = 469.55 sec. (669552.54 ticks, tree = 13.12 MB, solutions = 0)
  15484  6512       20.0700    46                     13.0800  2047006         
  15549  6547       13.0800    41                     13.0800  2057969         
  15629  6608       13.0800    52                     13.0800  2069988         
  15755  6663       13.0800    51                     13.0800  2084985         
  15870  6730       13.2502    41                     13.0800  2098210         
  15983  6804       13.3007    37                     13.0800  2109936         
  16092  6870       22.4800    30                     13.0800  2123537         
  16197  6941       13.0800    52                     13.0800  2137614         
  16325  7019       13.0848    56                     13.0800  2152203         
  16430  7089       13.2483    41                     13.0800  2166684         
Elapsed time = 498.47 sec. (707914.48 ticks, tree = 14.01 MB, solutions = 0)
  16562  7155       19.3600    25                     13.0800  2181162         
  16660  7219       15.5747    39                     13.0800  2192681         
  16755  7268       13.1415    49                     13.0800  2204272         
  16861  7327       13.0800    41                     13.0800  2216693         
  16982  7389       13.0800    45                     13.0800  2227639         
  17091  7441       13.3749    38                     13.0800  2239768         
  17206  7511    infeasible                           13.0800  2253432         
  17308  7568       13.0800    44                     13.0800  2267262         
  17413  7623       14.0086    55                     13.0800  2281803         
  17539  7693       13.2964    38                     13.0800  2296150         
Elapsed time = 527.05 sec. (746283.04 ticks, tree = 14.86 MB, solutions = 0)
  17670  7776       13.0800    58                     13.0800  2308480         
  17781  7853       14.7924    56                     13.0800  2321643         
  17889  7926       18.5142    44                     13.0800  2334796         
  18022  8013       20.0700    35                     13.0800  2348716         
  18119  8084       13.0800    48                     13.0800  2362388         
  18224  8155       17.8700    42                     13.0800  2374186         
  18324  8221       20.0700    40                     13.0800  2387076         
  18432  8283       13.4905    42                     13.0800  2398747         
  18533  8341       13.0800    62                     13.0800  2409709         
  18618  8409       13.0800    47                     13.0800  2419609         
Elapsed time = 555.89 sec. (784883.47 ticks, tree = 16.19 MB, solutions = 0)
  18730  8487       16.9500    48                     13.0800  2431169         
  18841  8564       16.8424    40                     13.0800  2442476         
  19012  8666       13.1121    48                     13.0800  2456229         
  19136  8728       17.8700    39                     13.0800  2472032         
  19283  8809    infeasible                           13.0800  2487246         
  19420  8879    infeasible                           13.0800  2502693         
  19537  8942       18.1622    34                     13.0800  2518742         
  19637  9014       22.1500    20                     13.0800  2533191         
  19752  9083       20.4000    32                     13.0800  2545494         
  19899  9169       13.1469    41                     13.0800  2560754         
Elapsed time = 584.57 sec. (823410.98 ticks, tree = 17.25 MB, solutions = 0)
  20028  9235       22.4800    52                     13.0800  2574132         
  20135  9308       22.4800    34                     13.0800  2586280         
  20231  9350       13.3704    52                     13.0800  2597414         
  20344  9415       19.3600    30                     13.0800  2609392         
  20462  9478       13.0884    48                     13.0800  2620833         
  20560  9524       13.0800    54                     13.0800  2633298         
  20656  9596       13.3944    47                     13.0800  2643571         
  20761  9658       20.0700    43                     13.0800  2656772         
  20870  9729       19.0696    42                     13.0800  2670832         
  21013  9822       13.8141    37                     13.0800  2684362         
Elapsed time = 612.98 sec. (862006.63 ticks, tree = 18.16 MB, solutions = 0)
  21146  9901       20.0700    43                     13.0800  2699276         
  21261  9974       13.0800    48                     13.0800  2713172         
  21381 10054    infeasible                           13.0800  2726554         
  21518 10124    infeasible                           13.0800  2741152         
  21662 10210       13.0848    45                     13.0800  2755069         
  21809 10312       15.7042    47                     13.0800  2769253         
  21922 10380       16.9727    52                     13.0800  2782655         
  21985 10423       14.7500    46                     13.0800  2791992         
  22069 10481       13.0800    50                     13.0800  2805044         
  22187 10558       13.0800    43                     13.0800  2817622         
Elapsed time = 642.09 sec. (900513.51 ticks, tree = 19.19 MB, solutions = 0)
  22306 10633       14.7500    45                     13.0800  2829687         
  22452 10715       13.2100    45                     13.0800  2841147         
  22617 10796       22.4800    17                     13.0800  2854027         
  22741 10848       13.0800    42                     13.0800  2867667         
  22872 10905    infeasible                           13.0800  2881787         
  22992 10982       17.8700    35                     13.0800  2895202         
  23101 11037       13.2955    42                     13.0800  2908700         
  23207 11092       13.1438    40                     13.0800  2921768         
  23335 11173       13.2921    40                     13.0800  2934349         
  23458 11245       14.7500    54                     13.0800  2947855         
Elapsed time = 670.84 sec. (938946.56 ticks, tree = 20.16 MB, solutions = 0)
  23568 11302       13.0800    52                     13.0800  2962324         
  23682 11363       13.0800    47                     13.0800  2976862         
  23781 11432       13.0800    49                     13.0800  2990016         
  23921 11521       13.5703    47                     13.0800  3004782         
  24048 11607       13.2808    46                     13.0800  3016674         
  24131 11656       13.2056    37                     13.0800  3028147         
  24214 11696       13.0800    49                     13.0800  3040969         
  24359 11784       13.4164    53                     13.0800  3053026         
  24460 11848       13.1914    55                     13.0800  3065106         
  24578 11910       13.1409    45                     13.0800  3078318         
Elapsed time = 699.49 sec. (977387.07 ticks, tree = 21.09 MB, solutions = 0)
  24704 11971       13.0800    42                     13.0800  3092950         
  24860 12022       13.8535    43                     13.0800  3108356         
  24980 12089       14.7500    55                     13.0800  3122396         
  25103 12149       13.0800    57                     13.0800  3136115         
  25209 12217       16.9500    43                     13.0800  3150210         
  25306 12266       18.3701    38                     13.0800  3164203         
  25406 12320       16.3798    63                     13.0800  3178781         
  25511 12385       13.0800    42                     13.0800  3190725         
  25640 12475       13.0878    56                     13.0800  3203920         
  25759 12549    infeasible                           13.0800  3216864         
Elapsed time = 728.71 sec. (1015822.24 ticks, tree = 21.99 MB, solutions = 0)
  25865 12612       13.0800    38                     13.0800  3230081         
  25975 12686    infeasible                           13.0800  3242683         
  26076 12759       14.7500    48                     13.0800  3253396         
  26181 12836       13.0800    52                     13.0800  3264911         
  26300 12888       19.7600    47                     13.0800  3278426         
  26404 12962       13.1445    55                     13.0800  3290515         
  26492 13021       17.8700    48                     13.0800  3302425         
  26613 13110       13.2729    59                     13.0800  3313949         
  26737 13168       13.0800    48                     13.0800  3326470         
  26851 13230       13.0800    45                     13.0800  3337772         
Elapsed time = 757.46 sec. (1054580.65 ticks, tree = 22.95 MB, solutions = 0)
  26969 13300       17.8700    42                     13.0800  3350996         
  27058 13363       17.8700    50                     13.0800  3363429         
  27163 13424       20.0700    53                     13.0800  3376076         
  27267 13500       13.0800    52                     13.0800  3390028         
  27371 13581       16.4414    43                     13.0800  3403731         
  27496 13654       17.8700    39                     13.0800  3418716         
  27630 13735       14.8325    43                     13.0800  3432338         
  27741 13807       16.4850    42                     13.0800  3446665         
  27899 13911       14.7650    37                     13.0800  3461080         
  28065 14011       13.2039    46                     13.0800  3475414         
Elapsed time = 786.96 sec. (1093062.25 ticks, tree = 24.05 MB, solutions = 0)
  28202 14086       13.5392    31                     13.0800  3488870         
  28351 14189       18.6932    46                     13.0800  3503259         
  28473 14273       13.0800    47                     13.0800  3515229         
  28598 14361    infeasible                           13.0800  3528550         
  28728 14442       13.6905    44                     13.0800  3540977         
  28866 14526       13.0800    43                     13.0800  3552667         
  28997 14618       14.7500    30                     13.0800  3565256         
  29143 14705       22.4800    30                     13.0800  3579288         
  29288 14793       22.4800    26                     13.0800  3593927         
  29424 14861       13.1991    53                     13.0800  3607263         
Elapsed time = 816.27 sec. (1131508.80 ticks, tree = 25.24 MB, solutions = 0)
  29582 14956    infeasible                           13.0800  3622483         
  29736 15031       14.7500    42                     13.0800  3636963         
  29861 15106       13.0800    36                     13.0800  3651340         
  30021 15205       15.4252    41                     13.0800  3666480         
  30181 15292       14.8201    44                     13.0800  3680953         
  30320 15374       14.7500    42                     13.0800  3695809         
  30464 15473       13.0800    42                     13.0800  3708467         
  30581 15550       13.0800    41                     13.0800  3720628         
  30700 15614       17.0085    32                     13.0800  3733767         
  30821 15683       13.7080    45                     13.0800  3746046         
Elapsed time = 845.43 sec. (1169909.52 ticks, tree = 26.40 MB, solutions = 0)
  30972 15785       17.8700    35                     13.0800  3757768         
  31131 15887       20.2895    19                     13.0800  3772001         
  31276 15957       16.0427    45                     13.0800  3786635         
  31428 16044       15.8091    30                     13.0800  3801372         
  31577 16129       13.0800    40                     13.0800  3815465         
  31729 16207       13.0800    50                     13.0800  3829966         
  31875 16300    infeasible                           13.0800  3844878         
  32034 16395       14.7500    36                     13.0800  3859441         
  32171 16461       14.7500    47                     13.0800  3875183         
  32304 16531       13.5110    58                     13.0800  3890308         
Elapsed time = 874.95 sec. (1208217.77 ticks, tree = 28.26 MB, solutions = 0)
  32444 16619       13.1347    51                     13.0800  3904127         
  32576 16696       13.7670    42                     13.0800  3916929         
  32687 16749       13.3132    47                     13.0800  3929756         
  32816 16829       13.2243    40                     13.0800  3942833         
  32944 16914       13.1668    45                     13.0800  3955773         
  33087 16979       13.0938    44                     13.0800  3969756         
  33253 17064    infeasible                           13.0800  3984711         
  33401 17118       14.7500    49                     13.0800  3999429         
  33525 17160       13.2155    45                     13.0800  4014112         
  33659 17230       14.3826    62                     13.0800  4027510         
Elapsed time = 903.92 sec. (1246588.68 ticks, tree = 29.25 MB, solutions = 0)
  33794 17305       13.0800    51                     13.0800  4041870         
  33940 17398       22.4800    17                     13.0800  4056263         
  34084 17477    infeasible                           13.0800  4070171         
* 34123 16500      integral     0       22.4800       13.0800  4073095   41.81%
  34170 16531       13.5417    53       22.4800       13.0800  4078108   41.81%
  34339 16634       13.0800    46       22.4800       13.0800  4092053   41.81%
  34459 16712       13.4965    49       22.4800       13.0800  4103112   41.81%
  34546 16763       14.7760    41       22.4800       13.0800  4109898   41.81%
  34595 16782       13.2585    41       22.4800       13.0800  4114073   41.81%
  34734 16847       13.7157    49       22.4800       13.0800  4126807   41.81%
  34842 16901       13.0800    47       22.4800       13.0800  4138181   41.81%
Elapsed time = 934.56 sec. (1287196.78 ticks, tree = 28.61 MB, solutions = 1)
  34870 16919       13.2601    45       22.4800       13.0800  4140426   41.81%
  34990 16980       20.1792    29       22.4800       13.0800  4151927   41.81%
  35070 17018       13.2921    55       22.4800       13.0800  4162349   41.81%
  35170 17084       13.1294    42       22.4800       13.0800  4173820   41.81%
  35295 17143       22.1500    15       22.4800       13.0800  4185632   41.81%
  35370 17173       13.1560    47       22.4800       13.0800  4195805   41.81%
  35460 17227    infeasible             22.4800       13.0800  4207824   41.81%
  35577 17263       13.4569    41       22.4800       13.0800  4222497   41.81%
  35679 17305       15.1598    42       22.4800       13.0800  4236896   41.81%
  35769 17329       16.8075    45       22.4800       13.0800  4252421   41.81%
Elapsed time = 972.44 sec. (1337483.24 ticks, tree = 29.21 MB, solutions = 1)
  35877 17376       16.0680    43       22.4800       13.0800  4264590   41.81%
  35976 17423       13.2796    29       22.4800       13.0800  4278150   41.81%
  36070 17466       13.1262    42       22.4800       13.0800  4288841   41.81%
  36190 17514       14.7500    34       22.4800       13.0800  4304726   41.81%
  36270 17543       13.0800    50       22.4800       13.0800  4315665   41.81%
  36398 17594       15.2199    29       22.4800       13.0800  4330600   41.81%
  36521 17646       13.1615    41       22.4800       13.0800  4343887   41.81%
  36570 17674       13.1746    35       22.4800       13.0800  4350078   41.81%
  36670 17733       14.7500    33       22.4800       13.0800  4360511   41.81%
  36767 17781       13.0800    47       22.4800       13.0800  4373726   41.81%
Elapsed time = 1008.85 sec. (1384581.43 ticks, tree = 30.42 MB, solutions = 1)
  36770 17784       13.6342    47       22.4800       13.0800  4374046   41.81%
  36887 17863       18.2000    34       22.4800       13.0800  4386235   41.81%
  36980 17923       16.6238    38       22.4800       13.0800  4399176   41.81%
  37062 17973       14.9727    42       22.4800       13.0800  4410875   41.81%
  37128 18011       14.8322    37       22.4800       13.0800  4418144   41.81%
  37239 18047       13.0800    51       22.4800       13.0800  4431668   41.81%
  37323 18095       18.4458    43       22.4800       13.0800  4445264   41.81%
  37370 18122       14.9002    40       22.4800       13.0800  4451541   41.81%
  37470 18181       13.6959    41       22.4800       13.0800  4464360   41.81%
  37570 18246       14.0045    42       22.4800       13.0800  4474636   41.81%
Elapsed time = 1042.18 sec. (1428947.80 ticks, tree = 31.46 MB, solutions = 1)
  37670 18328       13.7570    52       22.4800       13.0800  4483328   41.81%
  37810 18427       14.7501    43       22.4800       13.0800  4497120   41.81%
  37935 18514       13.0800    42       22.4800       13.0800  4508435   41.81%
  38075 18613       18.3285    35       22.4800       13.0800  4521689   41.81%
  38208 18694       13.4008    44       22.4800       13.0800  4535510   41.81%
  38348 18795       20.4000    33       22.4800       13.0800  4548672   41.81%
  38480 18872    infeasible             22.4800       13.0800  4562354   41.81%
  38601 18943       15.3815    37       22.4800       13.0800  4575896   41.81%
  38734 19035       19.3600    16       22.4800       13.0800  4591206   41.81%
  38874 19115       13.0800    37       22.4800       13.0800  4606415   41.81%
Elapsed time = 1073.66 sec. (1470340.63 ticks, tree = 32.69 MB, solutions = 1)
  39014 19195    infeasible             22.4800       13.0800  4621540   41.81%
  39130 19264       19.3600    22       22.4800       13.0800  4636304   41.81%
  39242 19329       14.7500    34       22.4800       13.0800  4651734   41.81%
* 39358 17793      integral     0       19.3600       13.0800  4666509   32.44%
  39459 17840       16.9500    39       19.3600       13.0800  4679770   32.44%
  39573 17895       13.0800    49       19.3600       13.0800  4693074   32.44%
  39664 17945    infeasible             19.3600       13.0800  4704887   32.44%
  39799 18006    infeasible             19.3600       13.0800  4717994   32.44%
  39910 18057       13.0800    48       19.3600       13.0800  4731145   32.44%
  40023 18108       14.7500    42       19.3600       13.0800  4744819   32.44%
Elapsed time = 1103.23 sec. (1508577.54 ticks, tree = 31.10 MB, solutions = 2)
  40105 18149       16.4636    36       19.3600       13.0800  4755093   32.44%
  40250 18233       14.7500    40       19.3600       13.0800  4769187   32.44%
  40359 18277       13.8655    36       19.3600       13.0800  4784591   32.44%
  40478 18332       13.7778    42       19.3600       13.0800  4797404   32.44%
  40567 18386       15.9409    37       19.3600       13.0800  4810271   32.44%
  40679 18446       13.4052    40       19.3600       13.0800  4821105   32.44%
  40820 18514       13.0800    53       19.3600       13.0800  4836852   32.44%
  40978 18600       14.8585    50       19.3600       13.0800  4852007   32.44%
  41114 18678       17.8700    29       19.3600       13.0800  4867828   32.44%
  41228 18744       16.2882    37       19.3600       13.0800  4883519   32.44%
Elapsed time = 1133.08 sec. (1546919.41 ticks, tree = 31.99 MB, solutions = 2)
  41370 18838       14.8322    35       19.3600       13.0800  4898706   32.44%
  41470 18907       16.5009    32       19.3600       13.0800  4911231   32.44%
  41575 18968       16.4419    50       19.3600       13.0800  4924084   32.44%
  41680 19007       14.7500    40       19.3600       13.0800  4939728   32.44%
  41791 19067       16.3379    38       19.3600       13.0800  4951983   32.44%
  41918 19129       16.9500    33       19.3600       13.0800  4965840   32.44%
  42013 19181       14.7500    42       19.3600       13.0800  4977816   32.44%
  42102 19213       14.6709    39       19.3600       13.0800  4991770   32.44%
  42184 19242       13.4833    51       19.3600       13.0800  5004103   32.44%
  42301 19293       14.7500    30       19.3600       13.0800  5019211   32.44%
Elapsed time = 1163.03 sec. (1585989.92 ticks, tree = 32.77 MB, solutions = 2)
  42414 19328    infeasible             19.3600       13.0800  5034615   32.44%
  42504 19373       13.6733    47       19.3600       13.0800  5047452   32.44%
  42619 19429       14.8870    39       19.3600       13.0800  5061578   32.44%
  42670 19453       13.0800    32       19.3600       13.0800  5068442   32.44%
  42786 19494       13.0800    35       19.3600       13.0800  5082997   32.44%
  42893 19543    infeasible             19.3600       13.0800  5097358   32.44%
  43027 19606       13.6018    44       19.3600       13.0800  5111612   32.44%
  43121 19654       13.4937    43       19.3600       13.0800  5126156   32.44%
  43220 19697       13.0800    40       19.3600       13.0800  5139917   32.44%
  43338 19743       13.3693    56       19.3600       13.0800  5155299   32.44%
Elapsed time = 1194.63 sec. (1626068.16 ticks, tree = 33.85 MB, solutions = 2)
  43417 19775       13.3771    53       19.3600       13.0800  5166022   32.44%
  43521 19823       16.3881    44       19.3600       13.0800  5179368   32.44%
  43629 19862       15.0828    40       19.3600       13.0800  5192814   32.44%
  43754 19918       13.6438    53       19.3600       13.0800  5204203   32.44%
  43864 19967       16.2000    41       19.3600       13.0800  5215585   32.44%
  43942 19996       13.2067    45       19.3600       13.0800  5226390   32.44%
  44043 20043       13.1523    43       19.3600       13.0800  5237593   32.44%
  44149 20106       13.1750    46       19.3600       13.0800  5247909   32.44%
  44276 20173       17.9937    38       19.3600       13.0800  5258912   32.44%
  44385 20223    infeasible             19.3600       13.0800  5272460   32.44%
Elapsed time = 1225.30 sec. (1664461.65 ticks, tree = 34.53 MB, solutions = 2)
  44511 20279       16.2000    45       19.3600       13.0800  5286725   32.44%
  44623 20323       14.7500    44       19.3600       13.0800  5299800   32.44%
  44710 20376       16.9500    65       19.3600       13.0800  5309792   32.44%
  44827 20437       14.7500    41       19.3600       13.0800  5322135   32.44%
  44914 20473       13.0800    54       19.3600       13.0800  5334204   32.44%
  44999 20498       13.0800    57       19.3600       13.0800  5345251   32.44%
  45110 20541       15.1877    43       19.3600       13.0800  5358242   32.44%
  45211 20592       14.8610    64       19.3600       13.0800  5367927   32.44%
  45281 20640       15.2800    55       19.3600       13.0800  5375331   32.44%
  45377 20691       13.0800    39       19.3600       13.0800  5385053   32.44%
Elapsed time = 1254.97 sec. (1703188.82 ticks, tree = 35.32 MB, solutions = 2)
  45477 20728       14.8978    39       19.3600       13.0800  5395547   32.44%
  45589 20780       17.3159    39       19.3600       13.0800  5406977   32.44%
  45695 20841       13.6524    43       19.3600       13.0800  5418233   32.44%
  45799 20898       13.2472    49       19.3600       13.0800  5430041   32.44%
  45924 20957       13.0800    46       19.3600       13.0800  5444663   32.44%
  46043 21005       15.2403    56       19.3600       13.0800  5458051   32.44%
  46176 21038       13.2070    37       19.3600       13.0800  5472217   32.44%
  46276 21070       13.2070    31       19.3600       13.0800  5486595   32.44%
  46363 21099       13.0800    59       19.3600       13.0800  5501027   32.44%
  46464 21157       14.7500    37       19.3600       13.0800  5514703   32.44%
Elapsed time = 1285.38 sec. (1741565.43 ticks, tree = 35.98 MB, solutions = 2)
  46558 21196       16.9500    41       19.3600       13.0800  5529642   32.44%
  46654 21243    infeasible             19.3600       13.0800  5542276   32.44%
  46771 21299       13.0800    52       19.3600       13.0800  5555308   32.44%
  46874 21341       16.9500    34       19.3600       13.0800  5568104   32.44%
  46973 21393       13.2975    53       19.3600       13.0800  5579483   32.44%
  47080 21461       14.4134    44       19.3600       13.0800  5591784   32.44%
  47213 21523       13.1785    51       19.3600       13.0800  5605770   32.44%
  47368 21602       13.0800    58       19.3600       13.0800  5620509   32.44%
  47508 21647    infeasible             19.3600       13.0800  5635147   32.44%
  47646 21703       13.0800    40       19.3600       13.0800  5650063   32.44%
Elapsed time = 1315.18 sec. (1779998.21 ticks, tree = 36.94 MB, solutions = 2)
  47802 21758    infeasible             19.3600       13.0800  5665635   32.44%
  47901 21780       13.0800    49       19.3600       13.0800  5680169   32.44%
  48047 21879       15.4384    43       19.3600       13.0800  5693499   32.44%
  48218 21974       13.1786    47       19.3600       13.0800  5708507   32.44%
  48349 22046    infeasible             19.3600       13.0800  5722460   32.44%
  48454 22094       13.0800    46       19.3600       13.0800  5734852   32.44%
  48605 22155        cutoff             19.3600       13.0800  5748437   32.44%
  48724 22221       16.9538    43       19.3600       13.0800  5759387   32.44%
  48820 22288       14.8869    40       19.3600       13.0800  5771247   32.44%
  48938 22354       14.7500    67       19.3600       13.0800  5783114   32.44%
Elapsed time = 1345.04 sec. (1818329.86 ticks, tree = 37.86 MB, solutions = 2)
  49050 22415       13.2384    54       19.3600       13.0800  5793634   32.44%
  49164 22478       13.3448    52       19.3600       13.0800  5806250   32.44%
  49276 22540       13.2001    40       19.3600       13.0800  5818024   32.44%
  49410 22588       13.0800    51       19.3600       13.0800  5830297   32.44%
  49511 22637       17.8700    44       19.3600       13.0800  5842789   32.44%
  49621 22683       15.9900    47       19.3600       13.0800  5855826   32.44%
  49719 22717       13.0800    49       19.3600       13.0800  5867624   32.44%
  49829 22735       13.0800    50       19.3600       13.0800  5880556   32.44%
  49952 22800       16.5732    32       19.3600       13.0800  5893546   32.44%
  50067 22856       13.0800    47       19.3600       13.0800  5905915   32.44%
Elapsed time = 1375.47 sec. (1857070.82 ticks, tree = 38.57 MB, solutions = 2)
  50183 22896       13.3203    54       19.3600       13.0800  5918600   32.44%
  50298 22943       13.1712    49       19.3600       13.0800  5929023   32.44%
  50410 22989       14.7500    42       19.3600       13.0800  5940780   32.44%
  50533 23020       13.1482    36       19.3600       13.0800  5955592   32.44%
  50625 23070       13.0800    53       19.3600       13.0800  5967050   32.44%
  50745 23138       13.3304    51       19.3600       13.0800  5981340   32.44%
  50859 23179       13.0800    57       19.3600       13.0800  5994774   32.44%
  50922 23218       15.2800    37       19.3600       13.0800  6003338   32.44%
  51022 23251       13.0800    49       19.3600       13.0800  6017023   32.44%
  51141 23301       13.0800    56       19.3600       13.0800  6030564   32.44%
Elapsed time = 1404.90 sec. (1895542.64 ticks, tree = 39.20 MB, solutions = 2)
  51254 23368       13.0800    42       19.3600       13.0800  6044387   32.44%
  51389 23441       14.4843    36       19.3600       13.0800  6057002   32.44%
  51493 23505       17.3600    28       19.3600       13.0800  6070477   32.44%
  51646 23571       13.0800    42       19.3600       13.0800  6084700   32.44%
  51780 23629       13.0800    48       19.3600       13.0800  6099839   32.44%
  51912 23698       13.0800    42       19.3600       13.0800  6114078   32.44%
  52050 23769       14.7992    36       19.3600       13.0800  6127360   32.44%
  52175 23837       15.3002    39       19.3600       13.0800  6140850   32.44%
  52289 23872       16.9500    36       19.3600       13.0800  6155287   32.44%
  52413 23937       19.0300    31       19.3600       13.0800  6170196   32.44%
Elapsed time = 1435.39 sec. (1933940.36 ticks, tree = 40.17 MB, solutions = 2)
  52532 24002       14.7500    48       19.3600       13.0800  6183626   32.44%
  52646 24067       13.0800    53       19.3600       13.0800  6196468   32.44%
  52755 24132       17.3676    56       19.3600       13.0800  6209801   32.44%
  52862 24188       14.7500    47       19.3600       13.0800  6222960   32.44%
  52967 24235       15.2800    37       19.3600       13.0800  6236050   32.44%
  53065 24271       15.2800    40       19.3600       13.0800  6249502   32.44%
  53175 24300       13.0800    44       19.3600       13.0800  6263001   32.44%
  53286 24353       16.1868    47       19.3600       13.0800  6274375   32.44%
  53401 24404       13.4042    43       19.3600       13.0800  6287760   32.44%
  53511 24447       14.5493    45       19.3600       13.0800  6301906   32.44%
Elapsed time = 1465.01 sec. (1972482.80 ticks, tree = 41.08 MB, solutions = 2)
  53632 24503       13.0800    51       19.3600       13.0800  6315335   32.44%
  53756 24551    infeasible             19.3600       13.0800  6330353   32.44%
  53850 24602       13.2795    57       19.3600       13.0800  6341599   32.44%
  53970 24669       13.0800    40       19.3600       13.0800  6354189   32.44%
  54100 24718       13.0800    47       19.3600       13.0800  6367110   32.44%
  54212 24792    infeasible             19.3600       13.0800  6381211   32.44%
  54358 24861       13.1809    46       19.3600       13.0800  6395731   32.44%
  54468 24904       14.5260    49       19.3600       13.0800  6409991   32.44%
  54593 24949       13.3336    46       19.3600       13.0800  6425028   32.44%
  54734 25018       13.0800    53       19.3600       13.0800  6440233   32.44%
Elapsed time = 1494.98 sec. (2010844.53 ticks, tree = 42.34 MB, solutions = 2)
  54864 25082       13.0800    59       19.3600       13.0800  6455586   32.44%
  54991 25142        cutoff             19.3600       13.0800  6468498   32.44%
  55123 25206       13.0800    38       19.3600       13.0800  6483316   32.44%
  55250 25249       13.0800    43       19.3600       13.0800  6497856   32.44%
  55350 25294       14.7500    34       19.3600       13.0800  6510716   32.44%
  55474 25336       13.0800    40       19.3600       13.0800  6525074   32.44%
  55585 25361    infeasible             19.3600       13.0800  6540598   32.44%
  55684 25379       13.0951    46       19.3600       13.0800  6553445   32.44%
  55779 25404       13.0800    48       19.3600       13.0800  6567329   32.44%
  55874 25438       13.3142    45       19.3600       13.0800  6579225   32.44%
Elapsed time = 1526.54 sec. (2049117.62 ticks, tree = 42.94 MB, solutions = 2)
  55987 25484        cutoff             19.3600       13.0800  6593969   32.44%
  56102 25512       15.8217    40       19.3600       13.0800  6608312   32.44%
  56225 25556       14.8999    39       19.3600       13.0800  6620839   32.44%
  56359 25598       13.3588    51       19.3600       13.0800  6633919   32.44%
  56460 25636    infeasible             19.3600       13.0800  6646451   32.44%
  56575 25690       13.0800    49       19.3600       13.0800  6660059   32.44%
  56711 25741       13.2087    48       19.3600       13.0800  6671647   32.44%
  56818 25783       13.0800    54       19.3600       13.0800  6683385   32.44%
  56954 25836       13.0800    47       19.3600       13.0800  6698337   32.44%
  57039 25894       13.4189    43       19.3600       13.0800  6711850   32.44%
Elapsed time = 1555.73 sec. (2087479.80 ticks, tree = 43.58 MB, solutions = 2)
  57142 25940       13.0800    45       19.3600       13.0800  6727470   32.44%
  57245 25981       14.7500    35       19.3600       13.0800  6741942   32.44%
  57361 26026    infeasible             19.3600       13.0800  6756731   32.44%
  57483 26076       14.9660    40       19.3600       13.0800  6771574   32.44%
  57619 26133       14.8396    44       19.3600       13.0800  6786411   32.44%
  57744 26186       13.8223    39       19.3600       13.0800  6801337   32.44%
  57854 26229       13.2322    54       19.3600       13.0800  6815781   32.44%
  57969 26267       14.7500    39       19.3600       13.0800  6830483   32.44%
  58082 26294       13.3590    39       19.3600       13.0800  6845618   32.44%
  58200 26334       17.8700    24       19.3600       13.0800  6860813   32.44%
Elapsed time = 1586.48 sec. (2125964.00 ticks, tree = 44.34 MB, solutions = 2)
  58320 26382       13.0800    47       19.3600       13.0800  6876576   32.44%
  58457 26436       13.0800    51       19.3600       13.0800  6891177   32.44%
  58566 26487       13.7654    45       19.3600       13.0800  6905202   32.44%
  58681 26538    infeasible             19.3600       13.0800  6918975   32.44%
  58773 26553       13.3038    54       19.3600       13.0800  6933591   32.44%
  58910 26589       14.4687    57       19.3600       13.0800  6946941   32.44%
  59004 26629       13.0800    45       19.3600       13.0800  6959736   32.44%
  59105 26666       13.0800    38       19.3600       13.0800  6973255   32.44%
  59220 26704    infeasible             19.3600       13.0800  6986836   32.44%
  59345 26756       14.7500    33       19.3600       13.0800  7000883   32.44%
Elapsed time = 1616.19 sec. (2164235.23 ticks, tree = 44.94 MB, solutions = 2)
  59456 26788       13.1356    30       19.3600       13.0800  7014373   32.44%
  59567 26817       13.1037    39       19.3600       13.0800  7030421   32.44%
  59697 26871    infeasible             19.3600       13.0800  7044158   32.44%
  59777 26897       13.0800    48       19.3600       13.0800  7057751   32.44%
  59905 26953       13.0800    46       19.3600       13.0800  7071483   32.44%
  59987 27006        cutoff             19.3600       13.0800  7083593   32.44%
  60093 27054       13.0800    46       19.3600       13.0800  7096152   32.44%
  60233 27126    infeasible             19.3600       13.0800  7110918   32.44%
  60333 27190       13.3294    56       19.3600       13.0800  7123149   32.44%
  60457 27258       13.0920    43       19.3600       13.0800  7135666   32.44%
Elapsed time = 1647.13 sec. (2202730.10 ticks, tree = 45.71 MB, solutions = 2)
  60564 27311       13.1356    52       19.3600       13.0800  7148102   32.44%
  60673 27365       13.0800    45       19.3600       13.0800  7162177   32.44%
  60784 27417       16.2516    38       19.3600       13.0800  7175935   32.44%
  60930 27477       15.2559    33       19.3600       13.0800  7190257   32.44%
  61052 27509       13.0800    47       19.3600       13.0800  7206618   32.44%
  61183 27541       13.4249    53       19.3600       13.0800  7221572   32.44%
  61297 27590       14.7500    52       19.3600       13.0800  7234738   32.44%
  61407 27646       14.8805    59       19.3600       13.0800  7247297   32.44%
  61496 27709       18.7300    33       19.3600       13.0800  7256202   32.44%
  61574 27755       13.1656    55       19.3600       13.0800  7267733   32.44%
Elapsed time = 1677.40 sec. (2241185.72 ticks, tree = 46.42 MB, solutions = 2)
  61685 27825       13.1819    58       19.3600       13.0800  7280110   32.44%
  61779 27873       13.0800    65       19.3600       13.0800  7290925   32.44%
  61880 27939       18.8475    24       19.3600       13.0800  7302087   32.44%
  62012 28013       13.3762    40       19.3600       13.0800  7315929   32.44%
  62145 28080       13.2190    55       19.3600       13.0800  7329337   32.44%
  62282 28139    infeasible             19.3600       13.0800  7344431   32.44%
  62393 28162       13.0800    45       19.3600       13.0800  7358900   32.44%
  62504 28200       13.0800    45       19.3600       13.0800  7372083   32.44%
  62659 28258       13.4044    55       19.3600       13.0800  7386461   32.44%
  62786 28325       13.4171    41       19.3600       13.0800  7399015   32.44%
Elapsed time = 1707.30 sec. (2279572.08 ticks, tree = 47.17 MB, solutions = 2)
  62902 28379       16.3972    40       19.3600       13.0800  7410981   32.44%
  63029 28439       16.3366    27       19.3600       13.0800  7423360   32.44%
  63140 28493       17.8700    36       19.3600       13.0800  7434305   32.44%
  63229 28518       14.7500    40       19.3600       13.0800  7449134   32.44%
  63334 28559       16.7866    35       19.3600       13.0800  7461588   32.44%
  63441 28600       13.3318    49       19.3600       13.0800  7473916   32.44%
  63538 28647       15.5744    42       19.3600       13.0800  7486995   32.44%
  63669 28700       13.0800    58       19.3600       13.0800  7500769   32.44%
  63801 28753       13.0800    44       19.3600       13.0800  7514453   32.44%
  63920 28788       13.9105    51       19.3600       13.0800  7528969   32.44%
Elapsed time = 1738.02 sec. (2317983.12 ticks, tree = 47.83 MB, solutions = 2)
  64027 28823       13.0800    45       19.3600       13.0800  7541686   32.44%
  64166 28856       13.1648    49       19.3600       13.0800  7557557   32.44%
  64311 28876       13.0800    57       19.3600       13.0800  7570769   32.44%
  64428 28922       13.0800    57       19.3600       13.0800  7584322   32.44%
  64526 28965       13.1223    52       19.3600       13.0800  7595101   32.44%
  64645 29022       13.0800    46       19.3600       13.0800  7607889   32.44%
  64752 29083       17.8700    35       19.3600       13.0800  7622177   32.44%
  64874 29141       13.0800    52       19.3600       13.0800  7637344   32.44%
  65047 29193        cutoff             19.3600       13.0800  7654374   32.44%
  65218 29225       13.1495    61       19.3600       13.0800  7670533   32.44%
Elapsed time = 1768.42 sec. (2356575.22 ticks, tree = 48.51 MB, solutions = 2)
  65373 29302       13.9388    44       19.3600       13.0800  7684451   32.44%
  65506 29359       13.1171    57       19.3600       13.0800  7698171   32.44%
  65658 29416    infeasible             19.3600       13.0800  7713377   32.44%
  65775 29462       15.1656    36       19.3600       13.0800  7726899   32.44%
  65890 29528       17.8700    35       19.3600       13.0800  7739021   32.44%
  66017 29570        cutoff             19.3600       13.0800  7752072   32.44%
  66136 29601    infeasible             19.3600       13.0800  7765723   32.44%
  66258 29654       13.5207    52       19.3600       13.0800  7778906   32.44%
  66379 29714       13.1899    64       19.3600       13.0800  7792037   32.44%
  66492 29755       13.0800    46       19.3600       13.0800  7804684   32.44%
Elapsed time = 1797.29 sec. (2395213.23 ticks, tree = 49.27 MB, solutions = 2)
  66565 29793       13.0838    50       19.3600       13.0800  7816770   32.44%
  66686 29822    infeasible             19.3600       13.0800  7830426   32.44%
  66791 29849       14.7500    51       19.3600       13.0800  7844148   32.44%
  66904 29899       13.2455    39       19.3600       13.0800  7857742   32.44%
  67056 29985       13.4576    40       19.3600       13.0800  7871814   32.44%
  67175 30053       16.3135    32       19.3600       13.0800  7886917   32.44%
  67296 30116       13.7839    44       19.3600       13.0800  7901181   32.44%
  67422 30191       13.1455    32       19.3600       13.0800  7915265   32.44%
  67544 30244       13.0800    55       19.3600       13.0800  7928982   32.44%
  67652 30294       13.0800    53       19.3600       13.0800  7942457   32.44%
Elapsed time = 1827.96 sec. (2433618.51 ticks, tree = 50.16 MB, solutions = 2)
  67761 30331       13.5335    58       19.3600       13.0800  7957168   32.44%
  67910 30396       13.2323    58       19.3600       13.0800  7972040   32.44%
  68047 30420       13.6030    47       19.3600       13.0800  7986618   32.44%
  68171 30442       13.1555    36       19.3600       13.0800  8002293   32.44%
  68314 30471       13.1686    55       19.3600       13.0800  8017718   32.44%
  68450 30500       13.4634    40       19.3600       13.0800  8032336   32.44%
  68559 30524       14.2015    46       19.3600       13.0800  8047070   32.44%
  68665 30575       13.0800    50       19.3600       13.0800  8060813   32.44%
  68761 30615       13.1315    37       19.3600       13.0800  8074220   32.44%
  68880 30654       13.0800    51       19.3600       13.0800  8086738   32.44%
Elapsed time = 1858.33 sec. (2472056.58 ticks, tree = 50.61 MB, solutions = 2)
  68998 30714       13.2790    43       19.3600       13.0800  8099229   32.44%
  69116 30767       14.7500    53       19.3600       13.0800  8112295   32.44%
  69239 30818       16.8731    40       19.3600       13.0800  8124530   32.44%
  69344 30877       14.8368    40       19.3600       13.0800  8137008   32.44%
  69460 30931       15.2800    37       19.3600       13.0800  8150017   32.44%
  69601 31016       15.0855    32       19.3600       13.0800  8164036   32.44%
  69726 31066        cutoff             19.3600       13.0800  8178311   32.44%
  69839 31127       13.3286    37       19.3600       13.0800  8191699   32.44%
  69978 31183       13.0800    39       19.3600       13.0800  8207597   32.44%
  70116 31237       13.0800    52       19.3600       13.0800  8222762   32.44%
Elapsed time = 1888.79 sec. (2510322.20 ticks, tree = 51.45 MB, solutions = 2)
  70241 31304       15.1804    34       19.3600       13.0800  8237661   32.44%
  70375 31366       13.0800    44       19.3600       13.0800  8251118   32.44%
  70515 31435       13.6636    50       19.3600       13.0800  8265646   32.44%
  70653 31496       13.0800    48       19.3600       13.0800  8279981   32.44%
  70779 31556       15.2800    40       19.3600       13.0800  8295020   32.44%
  70924 31629       15.0815    45       19.3600       13.0800  8308296   32.44%
  71087 31693    infeasible             19.3600       13.0800  8323964   32.44%
  71210 31742       15.0838    30       19.3600       13.0800  8339533   32.44%
  71336 31794       13.1102    42       19.3600       13.0800  8354675   32.44%
  71468 31850       13.8660    43       19.3600       13.0800  8370402   32.44%
Elapsed time = 1920.03 sec. (2548684.66 ticks, tree = 52.33 MB, solutions = 2)
  71590 31905        cutoff             19.3600       13.0800  8383585   32.44%
  71705 31964       14.1183    60       19.3600       13.0800  8395469   32.44%
  71822 32025       13.4988    50       19.3600       13.0800  8407731   32.44%
  71925 32079       13.3958    43       19.3600       13.0800  8419378   32.44%
  72052 32143       13.0800    36       19.3600       13.0800  8432349   32.44%
  72177 32208       13.0800    43       19.3600       13.0800  8445988   32.44%
  72313 32272        cutoff             19.3600       13.0800  8459555   32.44%
  72453 32337       13.0800    44       19.3600       13.0800  8473849   32.44%
  72552 32390       19.0300    25       19.3600       13.0800  8487085   32.44%
  72675 32448       13.4161    42       19.3600       13.0800  8500964   32.44%
Elapsed time = 1950.92 sec. (2587009.12 ticks, tree = 53.18 MB, solutions = 2)
  72800 32503       15.3494    41       19.3600       13.0800  8514735   32.44%
  72917 32569        cutoff             19.3600       13.0800  8526733   32.44%
  73038 32632       13.0800    40       19.3600       13.0800  8541235   32.44%
  73152 32690       13.0800    39       19.3600       13.0800  8554862   32.44%
  73291 32761       13.6286    33       19.3600       13.0800  8568564   32.44%
  73415 32811       13.0800    47       19.3600       13.0800  8583625   32.44%
  73510 32856       14.7500    51       19.3600       13.0800  8597913   32.44%
  73620 32910       13.0800    33       19.3600       13.0800  8611211   32.44%
  73761 32964       15.1749    29       19.3600       13.0800  8626246   32.44%
  73880 33018       16.9500    38       19.3600       13.0800  8641042   32.44%
Elapsed time = 1983.08 sec. (2625398.93 ticks, tree = 55.38 MB, solutions = 2)
  73982 33066       15.2800    39       19.3600       13.0800  8655789   32.44%
  74080 33095       15.0546    38       19.3600       13.0800  8670669   32.44%
  74208 33146        cutoff             19.3600       13.0800  8684887   32.44%
  74328 33195       15.4460    44       19.3600       13.0800  8700108   32.44%
  74436 33254       15.2387    43       19.3600       13.0800  8713200   32.44%
  74567 33313       13.0800    40       19.3600       13.0800  8726508   32.44%
  74677 33372    infeasible             19.3600       13.0800  8740681   32.44%
  74785 33425    infeasible             19.3600       13.0800  8753328   32.44%
  74875 33465       13.0800    47       19.3600       13.0800  8766496   32.44%
  74984 33512       13.0800    49       19.3600       13.0800  8779765   32.44%
Elapsed time = 2014.14 sec. (2663778.49 ticks, tree = 56.08 MB, solutions = 2)
  75082 33551       13.3640    43       19.3600       13.0800  8793472   32.44%
  75200 33602    infeasible             19.3600       13.0800  8807062   32.44%
  75317 33655       18.1932    28       19.3600       13.0800  8821444   32.44%
  75450 33729       13.0800    52       19.3600       13.0800  8834843   32.44%
  75566 33776       13.0800    40       19.3600       13.0800  8850002   32.44%
  75702 33822    infeasible             19.3600       13.0800  8864632   32.44%
  75811 33863       13.9140    46       19.3600       13.0800  8880031   32.44%
  75922 33909        cutoff             19.3600       13.0800  8894621   32.44%
  76047 33960       15.3516    41       19.3600       13.0800  8909660   32.44%
  76176 34011       15.2800    36       19.3600       13.0800  8924939   32.44%
Elapsed time = 2045.70 sec. (2702131.09 ticks, tree = 56.79 MB, solutions = 2)
  76307 34081       13.0800    42       19.3600       13.0800  8939662   32.44%
  76434 34145       14.9271    48       19.3600       13.0800  8955459   32.44%
  76577 34197       16.2297    34       19.3600       13.0800  8970574   32.44%
  76721 34265       17.7230    37       19.3600       13.0800  8985080   32.44%
  76825 34318       13.3421    40       19.3600       13.0800  8995647   32.44%
  76916 34367       13.0800    50       19.3600       13.0800  9007471   32.44%
  77020 34392       13.0800    47       19.3600       13.0800  9020247   32.44%
  77127 34419       13.2232    52       19.3600       13.0800  9033122   32.44%
  77263 34465       13.3469    45       19.3600       13.0800  9047379   32.44%
  77428 34508       14.5568    47       19.3600       13.0800  9063381   32.44%
Elapsed time = 2075.28 sec. (2740555.56 ticks, tree = 57.57 MB, solutions = 2)
  77584 34567    infeasible             19.3600       13.0800  9079495   32.44%
  77754 34614       13.1091    49       19.3600       13.0800  9095127   32.44%
  77848 34656       13.1836    37       19.3600       13.0800  9107058   32.44%
  77967 34710       13.0800    45       19.3600       13.0800  9121922   32.44%
  78074 34787       15.0513    34       19.3600       13.0800  9132623   32.44%
  78220 34870       15.1062    40       19.3600       13.0800  9146869   32.44%
  78331 34940       16.9500    69       19.3600       13.0800  9159689   32.44%
  78420 35010       14.7693    37       19.3600       13.0800  9169403   32.44%
  78555 35098       16.2731    31       19.3600       13.0800  9182558   32.44%
  78708 35206       17.8825    38       19.3600       13.0800  9196471   32.44%
Elapsed time = 2104.62 sec. (2778945.04 ticks, tree = 58.56 MB, solutions = 2)
  78834 35281        cutoff             19.3600       13.0800  9210392   32.44%
  78960 35347       13.1642    47       19.3600       13.0800  9224456   32.44%
  79077 35417       14.9216    39       19.3600       13.0800  9238038   32.44%
  79193 35494       14.8785    41       19.3600       13.0800  9250806   32.44%
  79314 35565       13.0800    46       19.3600       13.0800  9263814   32.44%
  79424 35629       13.2312    41       19.3600       13.0800  9277049   32.44%
  79537 35685    infeasible             19.3600       13.0800  9290621   32.44%
  79650 35734       14.7997    35       19.3600       13.0800  9304040   32.44%
  79786 35817       15.1037    36       19.3600       13.0800  9317784   32.44%
  79893 35875       14.7524    41       19.3600       13.0800  9331663   32.44%
Elapsed time = 2134.21 sec. (2817293.86 ticks, tree = 59.96 MB, solutions = 2)
  80014 35942       13.0800    41       19.3600       13.0800  9346493   32.44%
  80148 36022       13.2373    46       19.3600       13.0800  9359700   32.44%
  80292 36082       18.1050    39       19.3600       13.0800  9374999   32.44%
  80426 36147       19.0300    28       19.3600       13.0800  9389458   32.44%
  80535 36200       16.9500    42       19.3600       13.0800  9405622   32.44%
  80636 36254    infeasible             19.3600       13.0800  9420575   32.44%
  80746 36323       15.1037    35       19.3600       13.0800  9434556   32.44%
  80875 36391       14.9045    40       19.3600       13.0800  9448946   32.44%
  80985 36446       16.9500    38       19.3600       13.0800  9464872   32.44%
  81092 36498       13.0800    41       19.3600       13.0800  9480236   32.44%
Elapsed time = 2164.16 sec. (2855680.51 ticks, tree = 60.85 MB, solutions = 2)
  81214 36535       16.9500    37       19.3600       13.0800  9496317   32.44%
  81324 36581        cutoff             19.3600       13.0800  9511682   32.44%
  81440 36623       13.3346    43       19.3600       13.0800  9526565   32.44%
  81535 36658       13.2333    63       19.3600       13.0800  9538330   32.44%
  81627 36705       13.0800    54       19.3600       13.0800  9550564   32.44%
  81725 36754       14.9929    32       19.3600       13.0800  9563457   32.44%
  81824 36793       17.8700    44       19.3600       13.0800  9576891   32.44%
  81930 36851       13.8010    36       19.3600       13.0800  9591295   32.44%
  82040 36902       13.1085    54       19.3600       13.0800  9606274   32.44%
  82163 36955       17.8700    38       19.3600       13.0800  9618210   32.44%
Elapsed time = 2194.08 sec. (2894031.17 ticks, tree = 61.50 MB, solutions = 2)
  82267 37017       18.0412    45       19.3600       13.0800  9630309   32.44%
  82364 37056       13.3284    53       19.3600       13.0800  9643328   32.44%
  82483 37111       13.2633    53       19.3600       13.0800  9655158   32.44%
  82581 37162       13.6459    40       19.3600       13.0800  9668314   32.44%
  82682 37207       15.8580    47       19.3600       13.0800  9681978   32.44%
  82791 37263       17.8700    38       19.3600       13.0800  9695642   32.44%
  82890 37314       15.4993    40       19.3600       13.0800  9709706   32.44%
  82989 37359       13.4289    55       19.3600       13.0800  9722910   32.44%
  83106 37411       13.1109    55       19.3600       13.0800  9735865   32.44%
  83222 37483       13.2268    52       19.3600       13.0800  9747749   32.44%
Elapsed time = 2224.40 sec. (2932387.94 ticks, tree = 62.26 MB, solutions = 2)
  83326 37540       13.0800    59       19.3600       13.0800  9759256   32.44%
  83425 37604       13.0916    58       19.3600       13.0800  9771844   32.44%
  83532 37649    infeasible             19.3600       13.0800  9784458   32.44%
  83663 37712       13.4463    44       19.3600       13.0800  9797653   32.44%
  83789 37765       13.0800    47       19.3600       13.0800  9811342   32.44%
  83942 37841       13.0800    46       19.3600       13.0800  9826117   32.44%
  84057 37895       14.7500    39       19.3600       13.0800  9840306   32.44%
  84187 37961        cutoff             19.3600       13.0800  9853892   32.44%
  84307 38014       17.8700    33       19.3600       13.0800  9868432   32.44%
  84442 38082       15.4149    44       19.3600       13.0800  9881308   32.44%
Elapsed time = 2255.51 sec. (2970871.24 ticks, tree = 63.24 MB, solutions = 2)
  84557 38129       13.2535    56       19.3600       13.0800  9894973   32.44%
  84669 38197       13.0800    62       19.3600       13.0800  9908631   32.44%
  84757 38247       13.0800    64       19.3600       13.0800  9920230   32.44%
  84882 38334        cutoff             19.3600       13.0800  9932107   32.44%
  84989 38391       13.2638    51       19.3600       13.0800  9945738   32.44%
  85135 38477       14.7500    46       19.3600       13.0800  9959619   32.44%
  85243 38522       13.8900    53       19.3600       13.0800  9974216   32.44%
  85387 38600       14.7500    37       19.3600       13.0800  9988078   32.44%
  85527 38672       13.0800    44       19.3600       13.0800 10002104   32.44%
  85649 38731       13.4912    44       19.3600       13.0800 10015653   32.44%
Elapsed time = 2286.51 sec. (3009285.20 ticks, tree = 64.16 MB, solutions = 2)
  85761 38790       13.0971    47       19.3600       13.0800 10028715   32.44%
  85891 38836       13.0800    52       19.3600       13.0800 10044311   32.44%
  86068 38889    infeasible             19.3600       13.0800 10060244   32.44%
  86233 38937       13.0800    42       19.3600       13.0800 10075809   32.44%
  86313 38972       13.0800    68       19.3600       13.0800 10087062   32.44%
  86406 39022       15.2800    49       19.3600       13.0800 10098106   32.44%
  86527 39082       14.2858    53       19.3600       13.0800 10112862   32.44%
  86644 39125       13.1880    47       19.3600       13.0800 10127312   32.44%
  86735 39179        cutoff             19.3600       13.0800 10135366   32.44%
  86817 39222       14.7512    34       19.3600       13.0800 10145749   32.44%
Elapsed time = 2315.84 sec. (3047784.97 ticks, tree = 64.86 MB, solutions = 2)
  86896 39254    infeasible             19.3600       13.0800 10158958   32.44%
  87012 39295       14.7500    41       19.3600       13.0800 10173489   32.44%
  87129 39341       13.0800    48       19.3600       13.0800 10188937   32.44%
  87256 39363       13.9896    51       19.3600       13.0800 10207012   32.44%
  87282 39369       13.4142    36       19.3600       13.0800 10210165   32.44%
  87416 39391       13.0851    39       19.3600       13.0800 10226433   32.44%
  87610 39470       13.2738    43       19.3600       13.0800 10240881   32.44%
  87759 39524       13.0800    43       19.3600       13.0800 10255688   32.44%
  87857 39565       14.7500    35       19.3600       13.0800 10269896   32.44%
  87988 39617       13.0800    70       19.3600       13.0800 10283644   32.44%
Elapsed time = 2345.72 sec. (3086366.48 ticks, tree = 65.75 MB, solutions = 2)
  88079 39652       13.0800    45       19.3600       13.0800 10297909   32.44%
  88204 39675        cutoff             19.3600       13.0800 10311483   32.44%
  88297 39706       13.0800    78       19.3600       13.0800 10324617   32.44%
  88405 39769       13.1311    53       19.3600       13.0800 10337229   32.44%
  88509 39831       13.0800    48       19.3600       13.0800 10349019   32.44%
  88616 39869       13.1820    53       19.3600       13.0800 10362688   32.44%
  88737 39913       13.1591    45       19.3600       13.0800 10375546   32.44%
  88839 39951       14.7500    37       19.3600       13.0800 10389321   32.44%
  88952 40002       13.8252    48       19.3600       13.0800 10401486   32.44%
  89089 40064       14.7500    30       19.3600       13.0800 10415053   32.44%
Elapsed time = 2375.16 sec. (3124695.43 ticks, tree = 66.32 MB, solutions = 2)
  89161 40110       13.0800    67       19.3600       13.0800 10425487   32.44%
  89279 40172    infeasible             19.3600       13.0800 10438643   32.44%
  89374 40210        cutoff             19.3600       13.0800 10451792   32.44%
  89490 40239       13.0800    60       19.3600       13.0800 10465356   32.44%
  89574 40285       13.1310    40       19.3600       13.0800 10478796   32.44%
  89669 40325    infeasible             19.3600       13.0800 10493136   32.44%
  89770 40363    infeasible             19.3600       13.0800 10508619   32.44%
  89862 40402       13.0940    42       19.3600       13.0800 10523747   32.44%
  89975 40452       15.2810    40       19.3600       13.0800 10538948   32.44%
  90100 40477       19.3500    33       19.3600       13.0800 10554557   32.44%
Elapsed time = 2405.38 sec. (3162974.96 ticks, tree = 66.91 MB, solutions = 2)
  90178 40517       13.1682    38       19.3600       13.0800 10567726   32.44%
  90291 40559       14.1691    59       19.3600       13.0800 10582231   32.44%
  90405 40622       13.0800    63       19.3600       13.0800 10593571   32.44%
  90513 40697       13.0800    68       19.3600       13.0800 10605224   32.44%
  90602 40762       15.1600    46       19.3600       13.0800 10615777   32.44%
  90674 40810       15.1600    39       19.3600       13.0800 10624762   32.44%
  90783 40880       17.6900    20       19.3600       13.0800 10636596   32.44%
  90893 40932       13.6521    39       19.3600       13.0800 10648009   32.44%
  91013 40968       13.0800    43       19.3600       13.0800 10660310   32.44%
  91115 41017       17.6900    23       19.3600       13.0800 10672603   32.44%
Elapsed time = 2434.32 sec. (3201432.03 ticks, tree = 67.68 MB, solutions = 2)
  91236 41058    infeasible             19.3600       13.0800 10683994   32.44%
  91270 41064       15.1600    46       19.3600       13.0800 10688966   32.44%
  91381 41114       13.0800    41       19.3600       13.0800 10701872   32.44%
  91508 41163       13.5492    39       19.3600       13.0800 10714609   32.44%
  91609 41195       15.8085    38       19.3600       13.0800 10727781   32.44%
  91705 41235       13.3865    40       19.3600       13.0800 10739714   32.44%
  91836 41295       13.0800    45       19.3600       13.0800 10751737   32.44%
  91939 41350       13.0800    41       19.3600       13.0800 10764383   32.44%
  92063 41410       15.9198    42       19.3600       13.0800 10778239   32.44%
  92192 41463       15.2800    40       19.3600       13.0800 10792220   32.44%
Elapsed time = 2464.83 sec. (3242542.57 ticks, tree = 68.31 MB, solutions = 2)
  92306 41514       13.0800    43       19.3600       13.0800 10806016   32.44%
  92422 41555       13.6725    48       19.3600       13.0800 10818660   32.44%
  92524 41606       13.4100    42       19.3600       13.0800 10830617   32.44%
  92659 41674       13.4882    43       19.3600       13.0800 10845093   32.44%
  92789 41747       13.2699    59       19.3600       13.0800 10858816   32.44%
  92920 41822       13.0800    45       19.3600       13.0800 10872553   32.44%
  93022 41836       13.0800    41       19.3600       13.0800 10883116   32.44%
  93141 41859       13.0800    46       19.3600       13.0800 10895217   32.44%
  93258 41896       13.4882    41       19.3600       13.0800 10909065   32.44%
  93399 41940       15.2800    51       19.3600       13.0800 10923999   32.44%
Elapsed time = 2493.56 sec. (3281156.13 ticks, tree = 68.99 MB, solutions = 2)
  93518 42014       13.1751    63       19.3600       13.0800 10936056   32.44%
  93614 42058       16.6298    40       19.3600       13.0800 10949145   32.44%
  93731 42112    infeasible             19.3600       13.0800 10963327   32.44%
  93847 42162       13.0800    53       19.3600       13.0800 10977018   32.44%
  93973 42196       13.0800    43       19.3600       13.0800 10993742   32.44%
  94100 42240       13.7341    41       19.3600       13.0800 11007887   32.44%
  94218 42294       18.7300    27       19.3600       13.0800 11022737   32.44%
  94350 42354        cutoff             19.3600       13.0800 11036850   32.44%
  94477 42388       18.6100    31       19.3600       13.0800 11051408   32.44%
  94599 42430       17.6866    30       19.3600       13.0800 11065878   32.44%
Elapsed time = 2522.91 sec. (3319490.35 ticks, tree = 69.69 MB, solutions = 2)
  94717 42449       13.0800    47       19.3600       13.0800 11079323   32.44%
  94840 42501       15.1835    49       19.3600       13.0800 11093198   32.44%
  95011 42595       13.1294    48       19.3600       13.0800 11109213   32.44%
  95125 42656       14.2293    40       19.3600       13.0800 11123256   32.44%
  95221 42696       14.6002    46       19.3600       13.0800 11137401   32.44%
  95360 42760       13.2208    42       19.3600       13.0800 11151188   32.44%
  95472 42797       13.0800    56       19.3600       13.0800 11164883   32.44%
  95604 42841       13.4810    49       19.3600       13.0800 11179474   32.44%
  95724 42902       17.3600    24       19.3600       13.0800 11192904   32.44%
  95857 42965       13.1469    43       19.3600       13.0800 11208138   32.44%
Elapsed time = 2553.46 sec. (3357889.30 ticks, tree = 70.46 MB, solutions = 2)
  95986 43034       15.8844    41       19.3600       13.0800 11222570   32.44%
  96108 43088       13.2768    50       19.3600       13.0800 11236192   32.44%
  96237 43133       13.0800    56       19.3600       13.0800 11250834   32.44%
  96354 43178       15.2800    39       19.3600       13.0800 11264532   32.44%
  96492 43215    infeasible             19.3600       13.0800 11278072   32.44%
  96612 43256        cutoff             19.3600       13.0800 11291074   32.44%
  96737 43291       15.7096    46       19.3600       13.0800 11305042   32.44%
  96863 43341       13.3421    42       19.3600       13.0800 11319842   32.44%
  97015 43403       13.3670    51       19.3600       13.0800 11333768   32.44%
  97161 43471       14.4664    52       19.3600       13.0800 11347718   32.44%
Elapsed time = 2582.81 sec. (3396299.32 ticks, tree = 71.18 MB, solutions = 2)
  97299 43531       13.0800    50       19.3600       13.0800 11361287   32.44%
  97435 43597       16.2000    43       19.3600       13.0800 11374515   32.44%
  97539 43644       15.3707    49       19.3600       13.0800 11387621   32.44%
  97656 43666       16.5300    44       19.3600       13.0800 11401589   32.44%
  97781 43723       15.2800    42       19.3600       13.0800 11415635   32.44%
  97890 43757       13.2525    68       19.3600       13.0800 11429082   32.44%
  97970 43791       13.5365    50       19.3600       13.0800 11436366   32.44%
  98124 43854       13.0800    40       19.3600       13.0800 11449996   32.44%
  98252 43897       13.0992    49       19.3600       13.0800 11462731   32.44%
  98366 43944       18.7300    34       19.3600       13.0800 11475975   32.44%
Elapsed time = 2613.71 sec. (3438011.86 ticks, tree = 71.86 MB, solutions = 2)
  98511 43990    infeasible             19.3600       13.0800 11489898   32.44%
  98635 44052       13.0800    54       19.3600       13.0800 11502931   32.44%
  98732 44091       16.2000    45       19.3600       13.0800 11514779   32.44%
  98834 44123       13.0800    39       19.3600       13.0800 11528980   32.44%
  98941 44164       13.3118    49       19.3600       13.0800 11541863   32.44%
  99064 44219       15.1600    45       19.3600       13.0800 11556176   32.44%
  99181 44259    infeasible             19.3600       13.0800 11569417   32.44%
  99276 44292       13.0800    59       19.3600       13.0800 11583326   32.44%
  99380 44325       18.4000    42       19.3600       13.0800 11598534   32.44%
  99490 44379       13.2477    59       19.3600       13.0800 11611138   32.44%
Elapsed time = 2644.22 sec. (3476694.41 ticks, tree = 72.48 MB, solutions = 2)
  99594 44437       16.2000    54       19.3600       13.0800 11624616   32.44%
  99726 44511       13.0800    53       19.3600       13.0800 11637276   32.44%
  99861 44564       13.0800    60       19.3600       13.0800 11651844   32.44%
  99977 44598       16.2000    56       19.3600       13.0800 11666236   32.44%
 100093 44644       13.1906    49       19.3600       13.0800 11680705   32.44%
 100202 44679       13.0970    57       19.3600       13.0800 11696247   32.44%
 100321 44725       15.1712    45       19.3600       13.0800 11710460   32.44%
 100458 44756       13.1299    57       19.3600       13.0800 11724135   32.44%
 100583 44798       13.0800    53       19.3600       13.0800 11738341   32.44%
 100726 44860       14.3946    51       19.3600       13.0800 11752607   32.44%
Elapsed time = 2673.98 sec. (3515266.83 ticks, tree = 73.17 MB, solutions = 2)
 100835 44890       14.8989    55       19.3600       13.0800 11767804   32.44%
 100946 44927       13.0800    52       19.3600       13.0800 11781106   32.44%
 101067 44986       16.2000    46       19.3600       13.0800 11795956   32.44%
 101171 45039       13.0800    52       19.3600       13.0800 11809695   32.44%
 101274 45085    infeasible             19.3600       13.0800 11823615   32.44%
 101386 45127       13.0800    42       19.3600       13.0800 11837983   32.44%
 101509 45180       18.4000    30       19.3600       13.0800 11852707   32.44%
 101660 45255       14.7628    47       19.3600       13.0800 11866103   32.44%
 101787 45299       13.0800    44       19.3600       13.0800 11880817   32.44%
 101913 45331       13.3074    46       19.3600       13.0800 11895423   32.44%
Elapsed time = 2703.31 sec. (3553616.54 ticks, tree = 74.11 MB, solutions = 2)
 102041 45380       15.1600    41       19.3600       13.0800 11908245   32.44%
 102157 45435       13.2818    46       19.3600       13.0800 11921154   32.44%
 102268 45494       15.6306    53       19.3600       13.0800 11934809   32.44%
 102375 45537       13.0800    41       19.3600       13.0800 11948829   32.44%
 102477 45557       14.6948    38       19.3600       13.0800 11962368   32.44%
 102578 45578       16.2000    47       19.3600       13.0800 11977476   32.44%
 102690 45629       13.2695    54       19.3600       13.0800 11991950   32.44%
 102813 45674       15.4040    41       19.3600       13.0800 12005479   32.44%
 102936 45727       13.0800    41       19.3600       13.0800 12019783   32.44%
 103072 45781       14.3705    61       19.3600       13.0800 12034975   32.44%
Elapsed time = 2732.44 sec. (3592113.41 ticks, tree = 74.83 MB, solutions = 2)
 103228 45818    infeasible             19.3600       13.0800 12050321   32.44%
 103351 45852       18.4000    24       19.3600       13.0800 12066124   32.44%
 103493 45877       18.4000    31       19.3600       13.0800 12081090   32.44%
 103635 45901       18.4000    29       19.3600       13.0800 12096780   32.44%
 103789 45924    infeasible             19.3600       13.0800 12113024   32.44%
 103924 45949        cutoff             19.3600       13.0800 12128314   32.44%
 104059 45961       13.0800    42       19.3600       13.0800 12144184   32.44%
 104189 45990       13.0800    48       19.3600       13.0800 12159777   32.44%
 104358 46007        cutoff             19.3600       13.0800 12176095   32.44%
 104633 46008        cutoff             19.3600       13.0800 12216810   32.44%
Elapsed time = 2770.38 sec. (3641807.20 ticks, tree = 75.15 MB, solutions = 2)
 105153 46129       13.4224    60       19.3600       13.0800 12278999   32.44%
 105637 46214       13.0837    47       19.3600       13.0800 12337274   32.44%
 106105 46331    infeasible             19.3600       13.0800 12391334   32.44%
 106551 46483       13.0800    50       19.3600       13.0800 12442337   32.44%
 107004 46646       18.8423    45       19.3600       13.0800 12494686   32.44%
 107484 46782       13.0800    41       19.3600       13.0800 12553319   32.44%
 108039 46860       13.0847    50       19.3600       13.0800 12615823   32.44%
 108594 47024       16.7618    48       19.3600       13.0800 12675155   32.44%
 109057 47178    infeasible             19.3600       13.0800 12734507   32.44%
 109654 47381       15.0217    40       19.3600       13.0800 12797791   32.44%
Elapsed time = 2886.86 sec. (3794744.32 ticks, tree = 77.13 MB, solutions = 2)
 110137 47552    infeasible             19.3600       13.0800 12850091   32.44%
 110594 47678       13.0800    39       19.3600       13.0800 12902522   32.44%
 110890 47756       13.0800    51       19.3600       13.0800 12939954   32.44%
 111298 47937       13.0800    69       19.3600       13.0800 12992625   32.44%
 111673 48143       13.1520    54       19.3600       13.0800 13046542   32.44%
 112106 48346       17.8700    42       19.3600       13.0800 13096170   32.44%
 112547 48526       14.7500    53       19.3600       13.0800 13149002   32.44%
 112918 48752       17.2850    37       19.3600       13.0800 13195006   32.44%
 113472 49014       13.0800    49       19.3600       13.0800 13251767   32.44%
 113875 49239       16.9500    49       19.3600       13.0800 13298978   32.44%
Elapsed time = 3005.08 sec. (3947693.79 ticks, tree = 79.95 MB, solutions = 2)
 114267 49433       13.0800    51       19.3600       13.0800 13347794   32.44%
 114739 49574       17.2016    41       19.3600       13.0800 13401414   32.44%
 115240 49641       13.0800    39       19.3600       13.0800 13466793   32.44%
 115797 49718       16.7844    37       19.3600       13.0800 13528820   32.44%
 116353 49892        cutoff             19.3600       13.0800 13582250   32.44%
 116870 50108       13.0800    49       19.3600       13.0800 13636177   32.44%
 117311 50273       13.0800    42       19.3600       13.0800 13691020   32.44%
 117727 50379       13.2075    42       19.3600       13.0800 13752208   32.44%
 118064 50483       13.1682    49       19.3600       13.0800 13796190   32.44%
 118469 50651       13.3290    50       19.3600       13.0800 13850700   32.44%
Elapsed time = 3122.26 sec. (4100577.88 ticks, tree = 81.99 MB, solutions = 2)
 118929 50828       14.7500    43       19.3600       13.0800 13910882   32.44%
 119420 51054       16.5275    49       19.3600       13.0800 13968057   32.44%
 119842 51228       13.0800    60       19.3600       13.0800 14024100   32.44%
 120278 51426       13.0800    58       19.3600       13.0800 14078763   32.44%
 120662 51603       13.0800    49       19.3600       13.0800 14131968   32.44%
 121104 51737       14.9992    49       19.3600       13.0800 14184708   32.44%
 121563 51934       13.2104    50       19.3600       13.0800 14239899   32.44%
 122046 52081        cutoff             19.3600       13.0800 14296586   32.44%
 122459 52277       13.0800    47       19.3600       13.0800 14341414   32.44%
 122976 52530    infeasible             19.3600       13.0800 14398604   32.44%
Elapsed time = 3242.69 sec. (4253547.06 ticks, tree = 84.65 MB, solutions = 2)
 123487 52813       13.2066    37       19.3600       13.0800 14455582   32.44%
 123862 52953       13.0800    41       19.3600       13.0800 14503748   32.44%
*124070+49076                           17.6900       13.0800            26.06%
 124220 49165       13.0800    47       17.6900       13.0800 14551482   26.06%
 124422 49236       13.0800    57       17.6900       13.0800 14576542   26.06%
 124770 49391       14.7500    45       17.6900       13.0800 14619717   26.06%
 125010 49466       13.0800    47       17.6900       13.0800 14650872   26.06%
 125270 49554       13.6574    47       17.6900       13.0800 14687464   26.06%
 125481 49616        cutoff             17.6900       13.0800 14713742   26.06%
 125710 49692        cutoff             17.6900       13.0800 14742659   26.06%
 125939 49744       16.2462    51       17.6900       13.0800 14770262   26.06%
Elapsed time = 3363.16 sec. (4409659.42 ticks, tree = 80.28 MB, solutions = 3)
 126188 49814       13.2478    57       17.6900       13.0800 14802675   26.06%
 126470 49890       13.1435    46       17.6900       13.0800 14831396   26.06%
 126741 49941       13.0800    55       17.6900       13.0800 14857584   26.06%
 127079 50025       13.1836    55       17.6900       13.0800 14895076   26.06%
 127470 50131       13.0800    48       17.6900       13.0800 14932868   26.06%
 127765 50287       13.6168    50       17.6900       13.0800 14966854   26.06%
 128036 50428       13.0800    50       17.6900       13.0800 14992060   26.06%
 128349 50597    infeasible             17.6900       13.0800 15020968   26.06%
 128881 50913       13.3260    53       17.6900       13.0800 15071313   26.06%
 129403 51181       13.0800    44       17.6900       13.0800 15124209   26.06%
Elapsed time = 3484.86 sec. (4569431.08 ticks, tree = 82.36 MB, solutions = 3)
 129906 51434       13.4276    53       17.6900       13.0800 15177160   26.06%
 130402 51699       13.5122    40       17.6900       13.0800 15227073   26.06%
 130966 51861       13.0800    46       17.6900       13.0800 15282972   26.06%
 131365 51946    infeasible             17.6900       13.0800 15326692   26.06%
 131971 52094    infeasible             17.6900       13.0800 15386196   26.06%
 132505 52245       14.1043    40       17.6900       13.0800 15441553   26.06%
 132952 52388       14.9642    41       17.6900       13.0800 15497266   26.06%
 133370 52503       13.1103    46       17.6900       13.0800 15550743   26.06%
 133806 52671       14.0554    46       17.6900       13.0800 15605855   26.06%

GUB cover cuts applied:  11
Clique cuts applied:  93
Cover cuts applied:  182
Implied bound cuts applied:  56
Flow cuts applied:  38
Mixed integer rounding cuts applied:  211
Zero-half cuts applied:  5
Gomory fractional cuts applied:  7

Root node processing (before b&c):
  Real time             =    3.85 sec. (4628.06 ticks)
Sequential b&c:
  Real time             = 3596.15 sec. (4711159.50 ticks)
                          ------------
Total (root+branch&cut) = 3600.00 sec. (4715787.55 ticks)
