Version identifier: 22.1.0.0 | 2022-03-09 | 1a383f8ce
CPXPARAM_Read_DataCheck                          1
CPXPARAM_Threads                                 1
CPXPARAM_TimeLimit                               3600
Tried aggregator 2 times.
MIP Presolve eliminated 3782 rows and 884 columns.
MIP Presolve modified 31794 coefficients.
Aggregator did 361 substitutions.
Reduced MIP has 7388 rows, 915 columns, and 53863 nonzeros.
Reduced MIP has 729 binaries, 0 generals, 0 SOSs, and 0 indicators.
Presolve time = 0.10 sec. (93.15 ticks)
Probing fixed 1 vars, tightened 0 bounds.
Probing time = 0.02 sec. (21.37 ticks)
Tried aggregator 1 time.
Detecting symmetries...
MIP Presolve eliminated 1 rows and 1 columns.
Reduced MIP has 7387 rows, 914 columns, and 53841 nonzeros.
Reduced MIP has 728 binaries, 0 generals, 0 SOSs, and 0 indicators.
Presolve time = 0.03 sec. (23.33 ticks)
Probing time = 0.01 sec. (6.36 ticks)
Clique table members: 5850.
MIP emphasis: balance optimality and feasibility.
MIP search method: dynamic search.
Parallel mode: none, using 1 thread.
Root relaxation solution time = 0.02 sec. (25.44 ticks)

        Nodes                                         Cuts/
   Node  Left     Objective  IInf  Best Integer    Best Bound    ItCnt     Gap

      0     0       26.4100   113                     26.4100      213         
      0     0       26.4100    63                    Cuts: 53      332         
      0     0       26.4100    91                   Cuts: 656      514         
      0     0       26.4100    55                    Cuts: 24      608         
      0     0       26.4100    89                   Cuts: 816      780         
Detecting symmetries...
      0     2       26.4100    45                     26.4100      781         
Elapsed time = 2.63 sec. (3123.47 ticks, tree = 0.01 MB, solutions = 0)
     17    19       27.7700    59                     26.4100     1938         
     22    24       26.4100    60                     26.4100     2260         
     33    35       27.7700    53                     26.4100     2715         
     70    64       26.4100    34                     26.4100     3896         
     95    75       26.4100    35                     26.4100     4869         
    128    96       26.4100    38                     26.4100     6006         
    148   111       26.4100    24                     26.4100     7372         
    171   130    infeasible                           26.4100     8321         
    190   148       27.1930    18                     26.4100     9545         
    302   223       26.4100    23                     26.4100    14633         
Elapsed time = 4.51 sec. (6376.04 ticks, tree = 1.44 MB, solutions = 0)
    454   298    infeasible                           26.4100    19237         
    578   367       29.4404    15                     26.4100    24256         
    678   413       27.7700    23                     26.4100    28636         
    796   470       27.7700    23                     26.4100    33548         
    904   526       26.5700    17                     26.4100    38289         
*   966   490      integral     0       28.1000       26.4100    41527    6.01%
    986   495    infeasible             28.1000       26.4100    42381    6.01%
   1059   506       26.4816    16       28.1000       26.4100    46548    6.01%
   1140   521       26.4100    30       28.1000       26.4100    51176    6.01%
   1223   560       26.4100    26       28.1000       26.4100    55451    6.01%
*  1242   554      integral     0       27.9400       26.4100    56266    5.48%
   1283   572       26.4100    17       27.9400       26.4100    58740    5.48%
Elapsed time = 10.83 sec. (16075.32 ticks, tree = 1.78 MB, solutions = 2)
   1380   596       27.7700    14       27.9400       26.4100    62611    5.48%
   1453   610       27.7700     7       27.9400       26.4100    67073    5.48%
   1546   622       26.7400     7       27.9400       26.4100    71180    5.48%
   1621   639       27.7700    14       27.9400       26.4100    75481    5.48%
   1696   657       26.4100    37       27.9400       26.4100    80123    5.48%
   1786   680       27.8095    14       27.9400       26.4100    84678    5.48%
   1880   700       26.4316    17       27.9400       26.4100    88984    5.48%
   1990   713       27.7700    20       27.9400       26.4100    93456    5.48%
   2065   731    infeasible             27.9400       26.4100    98147    5.48%
*  2096+  295                           27.7700       26.4100             4.90%
   2099   300       26.4432    20       27.7700       26.4100   101246    4.90%
Elapsed time = 18.58 sec. (27719.55 ticks, tree = 1.25 MB, solutions = 3)
   2165   326       26.4653    20       27.7700       26.4100   106189    4.90%

Performing restart 1

Repeating presolve.
Tried aggregator 1 time.
MIP Presolve eliminated 588 rows and 60 columns.
MIP Presolve modified 6398 coefficients.
Reduced MIP has 6799 rows, 854 columns, and 49014 nonzeros.
Reduced MIP has 676 binaries, 0 generals, 0 SOSs, and 0 indicators.
Presolve time = 0.05 sec. (44.67 ticks)
Tried aggregator 1 time.
MIP Presolve eliminated 7 rows and 4 columns.
Reduced MIP has 6792 rows, 850 columns, and 48862 nonzeros.
Reduced MIP has 672 binaries, 0 generals, 0 SOSs, and 0 indicators.
Presolve time = 0.03 sec. (21.90 ticks)
Represolve time = 0.16 sec. (140.21 ticks)
   2206     0       26.4100    57       27.7700     Cuts: 129   110043    4.90%
   2206     0       26.4100    92       27.7700     Cuts: 497   110248    4.90%
   2206     0       26.4100    72       27.7700     Cuts: 105   110447    4.90%
   2206     0       26.4100    89       27.7700    Cuts: 1012   110674    4.90%
   2206     0       26.4100    74       27.7700      Cuts: 48   110898    4.90%
   2206     0       26.4100    83       27.7700     Cuts: 685   111120    4.90%
   2206     0       26.4100    59       27.7700      Cuts: 88   111244    4.90%
   2206     0       26.4100    81       27.7700     Cuts: 966   111448    4.90%
   2206     2       26.4100    39       27.7700       26.4100   111448    4.90%
   2210     6       26.4100    57       27.7700       26.4100   111936    4.90%
   2226    20       26.4100    47       27.7700       26.4100   112459    4.90%
   2244    38       26.4100    36       27.7700       26.4100   113440    4.90%
   2280    54       26.5339    24       27.7700       26.4100   115416    4.90%
   2306    55       26.4100    32       27.7700       26.4100   116282    4.90%
   2365    63       26.4100    30       27.7700       26.4100   119676    4.90%
   2398    62       26.4495    22       27.7700       26.4100   122422    4.90%
   2425    83       26.7400    15       27.7700       26.4100   124066    4.90%
Elapsed time = 29.71 sec. (43954.03 ticks, tree = 1.25 MB, solutions = 3)
   2460    77       26.4100    26       27.7700       26.4100   127979    4.90%
   2509    80       26.4100    29       27.7700       26.4100   131858    4.90%
   2558    81    infeasible             27.7700       26.4100   136242    4.90%
   2595    85       26.4100    31       27.7700       26.4100   139805    4.90%
   2635    86       26.4100    36       27.7700       26.4100   144459    4.90%
   2670    86       26.4100    45       27.7700       26.4100   147522    4.90%
   2696    98    infeasible             27.7700       26.4100   151388    4.90%
   2721    97       26.4100    24       27.7700       26.4100   155541    4.90%
   2746    96       26.4100    27       27.7700       26.4100   159611    4.90%
   2782    94       26.4100    27       27.7700       26.4100   163753    4.90%
Elapsed time = 36.65 sec. (53814.79 ticks, tree = 0.85 MB, solutions = 3)
   2816    96    infeasible             27.7700       26.4100   167778    4.90%
   2854    95    infeasible             27.7700       26.4100   171083    4.90%
   2881   101    infeasible             27.7700       26.4100   175222    4.90%
   2914   108       26.4100    27       27.7700       26.4100   179091    4.90%
   2965   111       26.7400    16       27.7700       26.4100   183239    4.90%
   3001   109    infeasible             27.7700       26.4100   188807    4.90%
   3038   109       26.4100    30       27.7700       26.4100   193964    4.90%
   3076   110       26.4100    23       27.7700       26.4100   199723    4.90%
   3116   116       26.4100    22       27.7700       26.4100   204594    4.90%
   3157   109    infeasible             27.7700       26.4100   209893    4.90%
Elapsed time = 43.29 sec. (63559.51 ticks, tree = 0.92 MB, solutions = 3)
   3190   108       26.4100    25       27.7700       26.4100   214358    4.90%
   3219   105       26.4100    32       27.7700       26.4100   218758    4.90%
   3250   114    infeasible             27.7700       26.4100   222074    4.90%
   3280   124       26.4100    24       27.7700       26.4100   225126    4.90%
   3320   125       26.5328    36       27.7700       26.4100   228031    4.90%
   3353   131       26.4100    35       27.7700       26.4100   231852    4.90%
   3380   139       26.4100    36       27.7700       26.4100   235363    4.90%
   3425   144       26.4100    30       27.7700       26.4100   240100    4.90%
   3468   143        cutoff             27.7700       26.4100   245374    4.90%
   3511   145       26.4100    39       27.7700       26.4100   249345    4.90%
Elapsed time = 49.80 sec. (73261.90 ticks, tree = 1.49 MB, solutions = 3)
   3547   148       26.4100    32       27.7700       26.4100   253681    4.90%
   3602   147       26.4100    32       27.7700       26.4100   258755    4.90%
   3652   153       26.5702    25       27.7700       26.4100   264660    4.90%
   3698   158       26.4100    26       27.7700       26.4100   270518    4.90%
   3740   154    infeasible             27.7700       26.4100   276976    4.90%
   3788   148       26.4100    27       27.7700       26.4100   282995    4.90%
   3806   154       26.4100    26       27.7700       26.4100   285684    4.90%
   3850   154       26.4100    28       27.7700       26.4100   291004    4.90%
   3890   150       26.4100    26       27.7700       26.4100   295064    4.90%
   3925   150       26.4100    42       27.7700       26.4100   298728    4.90%
Elapsed time = 57.41 sec. (84113.82 ticks, tree = 1.50 MB, solutions = 3)
   3950   162       26.4100    36       27.7700       26.4100   301308    4.90%
   4004   184    infeasible             27.7700       26.4100   305333    4.90%
   4049   195       26.4855    30       27.7700       26.4100   310016    4.90%
   4088   212       26.6043    32       27.7700       26.4100   313417    4.90%
   4140   220       26.4100    35       27.7700       26.4100   317638    4.90%
   4191   249       26.4100    26       27.7700       26.4100   321880    4.90%
   4253   271    infeasible             27.7700       26.4100   326163    4.90%
   4306   277       26.4100    33       27.7700       26.4100   331154    4.90%
   4342   275    infeasible             27.7700       26.4100   336403    4.90%
   4392   282       26.4100    31       27.7700       26.4100   340723    4.90%
Elapsed time = 64.35 sec. (93981.65 ticks, tree = 1.67 MB, solutions = 3)
   4434   283    infeasible             27.7700       26.4100   345562    4.90%
   4469   287       26.4100    45       27.7700       26.4100   349346    4.90%
   4526   298       26.4100    35       27.7700       26.4100   353862    4.90%
   4593   296    infeasible             27.7700       26.4100   358539    4.90%
   4636   301       26.4100    49       27.7700       26.4100   362376    4.90%
   4667   316        cutoff             27.7700       26.4100   365945    4.90%
   4705   334       26.5821    44       27.7700       26.4100   370299    4.90%
   4751   367       26.4100    34       27.7700       26.4100   374521    4.90%
   4793   375    infeasible             27.7700       26.4100   378832    4.90%
   5016   375    infeasible             27.7700       26.4100   400109    4.90%
Elapsed time = 72.94 sec. (106501.46 ticks, tree = 1.78 MB, solutions = 3)
   5186   396    infeasible             27.7700       26.4100   421269    4.90%
   5343   430       26.4100    29       27.7700       26.4100   441368    4.90%
   5489   456        cutoff             27.7700       26.4100   458995    4.90%
   5593   449    infeasible             27.7700       26.4100   474638    4.90%
   5725   470       26.4224    45       27.7700       26.4100   491235    4.90%
   5876   499       26.4104    37       27.7700       26.4100   508207    4.90%
   6019   499       26.4505    39       27.7700       26.4100   527800    4.90%
   6156   535       26.4100    36       27.7700       26.4100   544003    4.90%
   6283   585       26.4549    50       27.7700       26.4100   559010    4.90%
   6406   630       26.4119    38       27.7700       26.4100   574234    4.90%
Elapsed time = 102.51 sec. (146501.31 ticks, tree = 2.12 MB, solutions = 3)
   6588   680       26.4100    53       27.7700       26.4100   594114    4.90%
   6792   691    infeasible             27.7700       26.4100   617515    4.90%
   6971   692       26.4100    40       27.7700       26.4100   638807    4.90%
   7141   718    infeasible             27.7700       26.4100   658175    4.90%
   7320   708       26.4100    26       27.7700       26.4100   678824    4.90%
   7499   709       26.4100    38       27.7700       26.4100   699713    4.90%
   7685   692       26.4100    37       27.7700       26.4100   722512    4.90%
   7853   706       26.4100    31       27.7700       26.4100   742300    4.90%
   8009   719       26.4100    35       27.7700       26.4100   762396    4.90%
   8167   731       26.4341    35       27.7700       26.4100   784051    4.90%
Elapsed time = 129.69 sec. (184799.49 ticks, tree = 2.25 MB, solutions = 3)
   8302   736       26.4227    48       27.7700       26.4100   802952    4.90%
   8431   755       26.4100    47       27.7700       26.4100   820032    4.90%
   8638   833       26.4100    28       27.7700       26.4100   837980    4.90%
   8811   883       26.4100    44       27.7700       26.4100   857801    4.90%
   8972   923       26.4100    33       27.7700       26.4100   876599    4.90%
   9126   935       26.4100    42       27.7700       26.4100   896336    4.90%
   9306   973       26.4300    43       27.7700       26.4100   913556    4.90%
   9506  1032       26.5800    27       27.7700       26.4100   925235    4.90%
   9730  1106    infeasible             27.7700       26.4100   937525    4.90%
   9930  1160       26.5202    38       27.7700       26.4100   948829    4.90%
Elapsed time = 159.22 sec. (225888.90 ticks, tree = 12.48 MB, solutions = 3)
  10165  1205       26.4100    32       27.7700       26.4100   962181    4.90%
  10381  1239       26.4100    44       27.7700       26.4100   975382    4.90%
  10558  1263       26.4100    43       27.7700       26.4100   988531    4.90%
  10741  1258    infeasible             27.7700       26.4100  1002915    4.90%
  10910  1287       26.4248    42       27.7700       26.4100  1022540    4.90%
  11074  1306       26.5416    38       27.7700       26.4100  1043776    4.90%
  11254  1318       26.4100    31       27.7700       26.4100  1063802    4.90%
  11421  1298       26.8900    34       27.7700       26.4100  1081990    4.90%
  11574  1302       26.4100    31       27.7700       26.4100  1102756    4.90%
  11739  1311       26.4100    30       27.7700       26.4100  1121529    4.90%
Elapsed time = 185.58 sec. (264166.99 ticks, tree = 17.68 MB, solutions = 3)
  11888  1315    infeasible             27.7700       26.4100  1142674    4.90%
  12055  1323       26.4285    37       27.7700       26.4100  1158040    4.90%
  12292  1363       26.4100    26       27.7700       26.4100  1170002    4.90%
* 12407+ 1294                           26.9200       26.4100             1.89%
* 12407+  517                           26.5800       26.4100             0.64%
  12407   519       26.4100    30       26.5800       26.4100  1177225    0.64%
  12408   518    infeasible             26.5800       26.4100  1177225    0.64%

Performing restart 2

Repeating presolve.
Tried aggregator 1 time.
MIP Presolve eliminated 2412 rows and 247 columns.
MIP Presolve modified 6999 coefficients.
Reduced MIP has 4380 rows, 603 columns, and 29159 nonzeros.
Reduced MIP has 465 binaries, 0 generals, 0 SOSs, and 0 indicators.
Presolve time = 0.05 sec. (47.64 ticks)
Tried aggregator 1 time.
MIP Presolve eliminated 58 rows and 22 columns.
MIP Presolve modified 67 coefficients.
Reduced MIP has 4322 rows, 581 columns, and 28585 nonzeros.
Reduced MIP has 443 binaries, 0 generals, 0 SOSs, and 0 indicators.
Presolve time = 0.02 sec. (14.69 ticks)
Tried aggregator 1 time.
Reduced MIP has 4322 rows, 581 columns, and 28585 nonzeros.
Reduced MIP has 443 binaries, 0 generals, 0 SOSs, and 0 indicators.
Presolve time = 0.02 sec. (13.14 ticks)
Represolve time = 0.24 sec. (193.37 ticks)
  12517     0       26.4100    68       26.5800     Cuts: 163  1187163    0.64%
  12517     0       26.4100    78       26.5800     Cuts: 827  1187323    0.64%
  12517     0       26.4100    58       26.5800      Cuts: 21  1187424    0.64%
  12517     0       26.4100    82       26.5800     Cuts: 752  1187633    0.64%
  12517     0       26.4100    57       26.5800      Cuts: 93  1187744    0.64%
  12517     0       26.4100    73       26.5800     Cuts: 697  1187966    0.64%
  12517     0       26.4100    52       26.5800      Cuts: 29  1188056    0.64%
  12517     0       26.4100    81       26.5800     Cuts: 584  1188249    0.64%
  12517     0       26.4100    40       26.5800      Cuts: 21  1188313    0.64%
  12517     0       26.4100    69       26.5800     Cuts: 428  1188481    0.64%
  12517     0       26.4100    57       26.5800     Cuts: 129  1188644    0.64%
  12517     0       26.4100    83       26.5800     Cuts: 456  1188785    0.64%
  12517     2       26.4100    29       26.5800       26.4100  1188785    0.64%
  12553    38       26.4100    40       26.5800       26.4100  1192048    0.64%
  12614    73       26.4100    31       26.5800       26.4100  1198811    0.64%
  12777    72       26.4100    27       26.5800       26.4100  1218465    0.64%
  12974    74       26.4100    37       26.5800       26.4100  1241341    0.64%
Elapsed time = 223.72 sec. (317332.36 ticks, tree = 0.30 MB, solutions = 5)
  13183   102       26.4100    23       26.5800       26.4100  1263289    0.64%
  13437   100    infeasible             26.5800       26.4100  1292544    0.64%
  13691   105       26.4100    34       26.5800       26.4100  1321905    0.64%
  13917   115       26.4100    21       26.5800       26.4100  1348632    0.64%
  14090   125       26.4100    22       26.5800       26.4100  1371982    0.64%
  14323   153       26.4100    27       26.5800       26.4100  1398230    0.64%
  14556   162       26.5700    25       26.5800       26.4100  1428824    0.64%
  14743   156       26.4100    38       26.5800       26.4100  1456450    0.64%
  14815   192       26.4100    36       26.5800       26.4100  1467166    0.64%
  15031   199       26.4100    23       26.5800       26.4100  1492903    0.64%
Elapsed time = 251.31 sec. (355798.82 ticks, tree = 0.41 MB, solutions = 5)
  15244   191       26.4100    28       26.5800       26.4100  1519028    0.64%
  15422   219       26.4100    27       26.5800       26.4100  1544664    0.64%
  15648   232       26.4100    22       26.5800       26.4100  1570497    0.64%
  15881   248       26.4100    27       26.5800       26.4100  1596196    0.64%
  16069   270       26.4100    31       26.5800       26.4100  1621204    0.64%
  16325   303       26.4100    15       26.5800       26.4100  1647869    0.64%
  16626   307       26.4100    17       26.5800       26.4100  1672820    0.64%
  16946   316    infeasible             26.5800       26.4100  1700066    0.64%
  17193   312    infeasible             26.5800       26.4100  1727198    0.64%
  17493   316       26.4100    31       26.5800       26.4100  1760509    0.64%
Elapsed time = 279.72 sec. (394167.43 ticks, tree = 0.55 MB, solutions = 5)
  17713   331       26.4100    29       26.5800       26.4100  1788210    0.64%
  17957   365       26.4100    18       26.5800       26.4100  1818972    0.64%
  18165   351    infeasible             26.5800       26.4100  1850682    0.64%
  18412   354       26.4100    22       26.5800       26.4100  1881189    0.64%
  18790   364       26.5700    13       26.5800       26.4100  1910060    0.64%
  19220   369       26.4100     6       26.5800       26.4100  1935507    0.64%
  19555   361       26.4100    18       26.5800       26.4100  1962750    0.64%
  19805   370       26.4100    19       26.5800       26.4100  1989788    0.64%
  20191   363    infeasible             26.5800       26.4100  2020735    0.64%
  20461   374       26.4100    13       26.5800       26.4100  2046998    0.64%
Elapsed time = 309.43 sec. (432454.27 ticks, tree = 0.60 MB, solutions = 5)
  20724   382    infeasible             26.5800       26.4100  2070549    0.64%
  20939   398    infeasible             26.5800       26.4100  2095168    0.64%
  21137   406       26.4100    36       26.5800       26.4100  2120876    0.64%
  21442   455       26.5700    23       26.5800       26.4100  2144528    0.64%
  21743   487    infeasible             26.5800       26.4100  2166817    0.64%
  21981   503       26.4100    26       26.5800       26.4100  2193925    0.64%
  22217   504       26.4100    24       26.5800       26.4100  2224195    0.64%
  22406   516       26.4100    28       26.5800       26.4100  2251677    0.64%
  22654   529       26.4100    10       26.5800       26.4100  2279657    0.64%
  22945   532       26.4100    21       26.5800       26.4100  2309828    0.64%
Elapsed time = 339.47 sec. (472055.19 ticks, tree = 0.75 MB, solutions = 5)
  23192   542       26.4100    23       26.5800       26.4100  2335415    0.64%
  23317   539       26.4100    32       26.5800       26.4100  2351758    0.64%
  23604   545       26.4100    25       26.5800       26.4100  2381554    0.64%
  23810   547    infeasible             26.5800       26.4100  2410681    0.64%
  24047   559       26.4100    14       26.5800       26.4100  2438265    0.64%
  24310   570    infeasible             26.5800       26.4100  2467086    0.64%
  24487   576       26.4100    28       26.5800       26.4100  2490038    0.64%
  24727   593       26.4100    29       26.5800       26.4100  2512360    0.64%
  24946   600    infeasible             26.5800       26.4100  2539694    0.64%
  25187   597       26.4100    22       26.5800       26.4100  2570967    0.64%
Elapsed time = 368.37 sec. (510571.49 ticks, tree = 0.81 MB, solutions = 5)
  25426   613       26.4100    37       26.5800       26.4100  2597816    0.64%
  25614   613       26.5700    24       26.5800       26.4100  2624577    0.64%
  25856   622    infeasible             26.5800       26.4100  2652349    0.64%
  26075   623    infeasible             26.5800       26.4100  2682347    0.64%
  26357   663    infeasible             26.5800       26.4100  2708607    0.64%
  26517   686       26.4100    26       26.5800       26.4100  2724090    0.64%
  26804   711       26.4100    23       26.5800       26.4100  2751267    0.64%
  27141   736    infeasible             26.5800       26.4100  2779952    0.64%
  27444   752       26.4100    21       26.5800       26.4100  2808111    0.64%
  27714   772       26.4100    15       26.5800       26.4100  2835089    0.64%
Elapsed time = 397.86 sec. (549907.06 ticks, tree = 1.00 MB, solutions = 5)
  27971   783       26.4166    27       26.5800       26.4100  2865418    0.64%
* 28015   411      integral     0       26.5700       26.4100  2871755    0.60%
* 28027+    1                           26.4100       26.4100             0.00%

GUB cover cuts applied:  6
Clique cuts applied:  11
Cover cuts applied:  169
Implied bound cuts applied:  1
Flow cuts applied:  5
Mixed integer rounding cuts applied:  22
Zero-half cuts applied:  2
Gomory fractional cuts applied:  1

Root node processing (before b&c):
  Real time             =    2.63 sec. (3112.55 ticks)
Sequential b&c:
  Real time             =  398.74 sec. (551699.32 ticks)
                          ------------
Total (root+branch&cut) =  401.37 sec. (554811.87 ticks)
