Version identifier: 22.1.0.0 | 2022-03-09 | 1a383f8ce
CPXPARAM_Read_DataCheck                          1
CPXPARAM_Threads                                 1
CPXPARAM_TimeLimit                               3600
Tried aggregator 2 times.
MIP Presolve eliminated 7646 rows and 1848 columns.
MIP Presolve modified 107986 coefficients.
Aggregator did 873 substitutions.
Reduced MIP has 26477 rows, 2169 columns, and 209209 nonzeros.
Reduced MIP has 1728 binaries, 0 generals, 0 SOSs, and 0 indicators.
Presolve time = 0.38 sec. (362.20 ticks)
Probing fixed 1 vars, tightened 2 bounds.
Probing time = 0.04 sec. (37.98 ticks)
Tried aggregator 1 time.
Detecting symmetries...
MIP Presolve eliminated 1 rows and 1 columns.
MIP Presolve modified 105 coefficients.
Reduced MIP has 26476 rows, 2168 columns, and 209177 nonzeros.
Reduced MIP has 1727 binaries, 0 generals, 0 SOSs, and 0 indicators.
Presolve time = 0.12 sec. (91.24 ticks)
Probing time = 0.01 sec. (8.70 ticks)
Clique table members: 5191.
MIP emphasis: balance optimality and feasibility.
MIP search method: dynamic search.
Parallel mode: none, using 1 thread.
Root relaxation solution time = 0.11 sec. (128.59 ticks)

        Nodes                                         Cuts/
   Node  Left     Objective  IInf  Best Integer    Best Bound    ItCnt     Gap

      0     0       37.0500   280                     37.0500      731         
      0     0       37.0500   136                   Cuts: 221     1107         
      0     0       37.0500   150                  Cuts: 1138     1563         
      0     0       37.0500   107                   Cuts: 247     1775         
      0     0       37.0500   146                  Cuts: 3132     2202         
Detecting symmetries...
      0     2       37.0500    79                     37.0500     2202         
Elapsed time = 13.27 sec. (16214.96 ticks, tree = 0.01 MB, solutions = 0)
      2     4       37.0500   111                     37.0500     2679         
      3     5       38.3600   133                     37.0500     3168         
     10    12       37.0500   102                     37.0500     3371         
     16    16       40.2900   131                     37.0500     3961         
     21    19       37.0500   140                     37.0500     4435         
     27    23       38.3600   111                     37.0500     4946         
     30    26       39.3400   129                     37.0500     5322         
     35    31       38.5700   131                     37.0500     5883         
     43    37       37.0500   118                     37.0500     6528         
     60    54       37.0500   108                     37.0500     8497         
Elapsed time = 16.13 sec. (20566.78 ticks, tree = 2.69 MB, solutions = 0)
     79    73       37.0500   110                     37.0500     9788         
     96    89       39.3400   106                     37.0500    11917         
    112   105       37.5700    99                     37.0500    14293         
    125   115       41.4400   108                     37.0500    16468         
    137   127       40.8500    89                     37.0500    18132         
    145   135       40.7660   103                     37.0500    19498         
    160   146       37.2600    87                     37.0500    21224         
    177   161       37.0500    76                     37.0500    23686         
    192   174       37.0500    75                     37.0500    26355         
    199   181       37.0500    64                     37.0500    28346         
Elapsed time = 23.68 sec. (31762.77 ticks, tree = 7.75 MB, solutions = 0)
    200   182       37.0500    62                     37.0500    28373         
    204   186       37.0628    54                     37.0500    29849         
    206   188       37.0628    53                     37.0500    31698         
    213   195       37.7922    56                     37.0500    33387         
    237   202       40.0200    66                     37.0500    36676         
    241   206       39.8223    64                     37.0500    38075         
    244   207    infeasible                           37.0500    40831         
    258   220       42.2977    59                     37.0500    42079         
    298   244       43.5291    37                     37.0500    44434         
    311   247       37.0500    56                     37.0500    45974         
Elapsed time = 31.75 sec. (42895.93 ticks, tree = 9.25 MB, solutions = 0)
    321   256       37.0500    52                     37.0500    47956         
    328   262       37.0581    53                     37.0500    50240         
    336   268    infeasible                           37.0500    52753         
    344   273       40.5200    42                     37.0500    55626         
    352   278       38.4700    44                     37.0500    57645         
    360   282       37.0500    48                     37.0500    58935         
    399   317       41.4693    32                     37.0500    60829         
    424   338       37.5800    55                     37.0500    62523         
    433   341    infeasible                           37.0500    64414         
    439   347       37.4700    53                     37.0500    66228         
Elapsed time = 39.24 sec. (53439.88 ticks, tree = 10.08 MB, solutions = 0)
    447   353       37.4700    44                     37.0500    68297         
    457   363       37.4700    46                     37.0500    70709         
    464   370       40.2300    42                     37.0500    73317         
    477   378       39.4019    53                     37.0500    76306         
    492   383       37.0981    65                     37.0500    78485         
    518   401       42.0133    32                     37.0500    80470         
    531   404       41.8850    46                     37.0500    82483         
    550   411       37.0500    61                     37.0500    84471         
    577   432       37.0623    63                     37.0500    86666         
    586   441       37.1442    57                     37.0500    88851         
Elapsed time = 46.24 sec. (63736.47 ticks, tree = 10.48 MB, solutions = 0)
    594   443       37.4700    46                     37.0500    91600         
    599   448       37.5800    43                     37.0500    93523         
    606   451    infeasible                           37.0500    95910         
    614   453       39.4836    50                     37.0500    98595         
    623   458       37.4700    48                     37.0500   100206         
    633   464    infeasible                           37.0500   103142         
    643   468       41.2500    47                     37.0500   105047         
    650   471       37.2600    59                     37.0500   107326         
    660   481       37.4296    61                     37.0500   109790         
    670   486       39.3073    57                     37.0500   111757         
Elapsed time = 53.65 sec. (74454.03 ticks, tree = 10.66 MB, solutions = 0)
    680   492    infeasible                           37.0500   114058         
    690   498       38.6935    64                     37.0500   116670         
    692   500       39.1000    56                     37.0500   118456         
    701   505       39.1237    45                     37.0500   120542         
    707   507       37.0537    69                     37.0500   122614         
    723   519       41.3941    48                     37.0500   125456         
    742   528       37.0500    55                     37.0500   127304         
    756   538    infeasible                           37.0500   129589         
    763   545       37.0519    55                     37.0500   131459         
    795   563    infeasible                           37.0500   133913         
Elapsed time = 61.03 sec. (85165.76 ticks, tree = 10.80 MB, solutions = 0)
    801   565       37.0500    69                     37.0500   136223         
    813   577       39.2700    44                     37.0500   137834         
    824   584       37.2600    55                     37.0500   140214         
    835   587       37.4700    63                     37.0500   141900         
    840   592       37.9800    66                     37.0500   143602         
    851   600       38.8963    46                     37.0500   145751         
    862   604    infeasible                           37.0500   148738         
    867   609       37.6904    54                     37.0500   151025         
    883   615       37.5600    79                     37.0500   152712         
    893   625       37.9800    62                     37.0500   155015         
Elapsed time = 69.52 sec. (97185.73 ticks, tree = 11.05 MB, solutions = 0)
    904   634    infeasible                           37.0500   157179         
    910   640       43.3262    52                     37.0500   159588         
    915   641       43.6900    48                     37.0500   161918         
    921   642       44.7622    44                     37.0500   164140         
    929   645       40.1000    82                     37.0500   166772         
    939   655       37.1443    91                     37.0500   169298         
    949   665       38.4700    62                     37.0500   171730         
    953   669       37.5600    61                     37.0500   173379         
    959   675       39.1000    61                     37.0500   175493         
    965   679       38.4748    58                     37.0500   177431         
Elapsed time = 77.28 sec. (108205.48 ticks, tree = 11.27 MB, solutions = 0)
    972   684       42.9600    44                     37.0500   179407         
    981   689       38.8900    51                     37.0500   181686         
    988   696       38.8900    46                     37.0500   183512         
    998   704       38.8900    40                     37.0500   186486         
   1000   704       38.8900    40                     37.0500   186821         
   1006   708       40.8460    50                     37.0500   189076         
   1014   712       38.6846    61                     37.0500   191595         

Performing restart 1

Repeating presolve.
Tried aggregator 1 time.
MIP Presolve eliminated 3 rows and 0 columns.
MIP Presolve modified 49 coefficients.
Reduced MIP has 26473 rows, 2168 columns, and 209168 nonzeros.
Reduced MIP has 1727 binaries, 0 generals, 0 SOSs, and 0 indicators.
Presolve time = 0.07 sec. (69.79 ticks)
Tried aggregator 1 time.
MIP Presolve eliminated 1 rows and 0 columns.
MIP Presolve modified 76 coefficients.
Reduced MIP has 26472 rows, 2168 columns, and 209165 nonzeros.
Reduced MIP has 1727 binaries, 0 generals, 0 SOSs, and 0 indicators.
Presolve time = 0.12 sec. (90.20 ticks)
Represolve time = 0.37 sec. (331.26 ticks)
   1016     0       37.0500   104                    Cuts: 91   192989         
   1016     0       37.0500   158                  Cuts: 1193   193436         
   1016     0       37.0500   135                   Cuts: 388   193782         
   1016     0       37.0500   142                  Cuts: 2790   194187         
   1016     0       37.0500    86                    Cuts: 25   194357         
   1016     0       37.0500   133                  Cuts: 2192   194761         
   1016     0       37.0500   141                   Cuts: 542   195154         
   1016     2       37.0500    79                     37.0500   195154         
   1018     4       37.0500    77                     37.0500   195408         
   1030    16       37.0500    73                     37.0500   196071         
Elapsed time = 103.84 sec. (143818.04 ticks, tree = 0.87 MB, solutions = 0)
   1048    32       37.3500    92                     37.0500   197069         
   1073    56       37.5600   115                     37.0500   198705         
   1086    69       37.5600    92                     37.0500   200050         
   1105    85       45.3200    69                     37.0500   202307         
   1121    99       39.1900    59                     37.0500   204978         
   1132   108       43.4216    51                     37.0500   209127         
   1153   123       37.2600    81                     37.0500   212084         
   1201   169       37.2600    80                     37.0500   215892         
   1219   185       48.1900    71                     37.0500   219659         
   1233   195       47.8000    53                     37.0500   224557         
Elapsed time = 128.74 sec. (184150.14 ticks, tree = 7.66 MB, solutions = 0)
   1242   201       48.1800    46                     37.0500   227847         
   1254   205       37.2600    79                     37.0500   232129         
   1278   228       37.6800    91                     37.0500   234549         
   1298   248       37.2600    91                     37.0500   237227         
   1325   272       37.2600    67                     37.0500   243487         
   1347   285    infeasible                           37.0500   248612         
   1365   288    infeasible                           37.0500   253956         
   1378   301       38.6800    68                     37.0500   255984         
   1416   334       37.0500    81                     37.0500   258650         
   1436   351       46.8995    73                     37.0500   263339         
Elapsed time = 156.59 sec. (225053.83 ticks, tree = 9.30 MB, solutions = 0)
   1456   366       37.0500    68                     37.0500   266535         
   1496   405       39.4800    70                     37.0500   270100         
   1543   450       46.1700    57                     37.0500   275686         
   1563   467       43.2261    63                     37.0500   281672         
   1586   480       37.0500    76                     37.0500   286365         
   1612   503       43.1100    77                     37.0500   290821         
   1636   523       44.5600    64                     37.0500   294733         
   1677   555       39.0600    80                     37.0500   299679         
   1726   602       39.0600    61                     37.0500   305189         
   1745   616       37.0500    87                     37.0500   309796         
Elapsed time = 185.15 sec. (266223.04 ticks, tree = 10.39 MB, solutions = 0)
   1786   651       37.0500    85                     37.0500   314093         
   1830   694       45.2300    72                     37.0500   318901         
   1883   741       37.0500    84                     37.0500   322595         
   1908   766       45.0000    59                     37.0500   327303         
   1930   781       37.0500    99                     37.0500   332155         
   1955   805       45.8700    84                     37.0500   336955         
   1982   831       45.8700    77                     37.0500   341541         
   2006   846       46.9110    60                     37.0500   349195         
   2025   856       37.0500    79                     37.0500   354943         

Performing restart 2

Repeating presolve.
Tried aggregator 1 time.
MIP Presolve eliminated 14 rows and 0 columns.
MIP Presolve modified 86 coefficients.
Reduced MIP has 26458 rows, 2168 columns, and 218304 nonzeros.
Reduced MIP has 1727 binaries, 0 generals, 0 SOSs, and 0 indicators.
Presolve time = 0.22 sec. (200.77 ticks)
Tried aggregator 1 time.
Reduced MIP has 26458 rows, 2168 columns, and 218304 nonzeros.
Reduced MIP has 1727 binaries, 0 generals, 0 SOSs, and 0 indicators.
Presolve time = 0.13 sec. (94.92 ticks)
Represolve time = 0.58 sec. (475.46 ticks)
   2032     0       37.0500    87                   Cuts: 327   357483         
   2032     0       37.0500   137                  Cuts: 1496   357886         
   2032     0       37.0500    82                    Cuts: 27   358051         
   2032     0       37.0500   154                  Cuts: 1435   358470         
   2032     0       37.0500   124                    Cuts: 57   358789         
   2032     0       37.0500   139                  Cuts: 3611   359270         
   2032     0       37.0500   125                   Cuts: 165   359608         
   2032     0       37.0500   162                  Cuts: 2642   360061         
   2032     0       37.0500   126                   Cuts: 434   360442         
   2032     0       37.0500   129                  Cuts: 1979   360889         
   2032     0       37.0500   127                   Cuts: 183   361128         
   2032     2       37.0500    75                     37.0500   361128         
Elapsed time = 286.59 sec. (402888.15 ticks, tree = 0.01 MB, solutions = 0)
   2040    10       37.0500   103                     37.0500   361904         
   2052    22       37.0500    89                     37.0500   362702         
   2065    34       37.5800    99                     37.0500   363449         
   2072    41       37.5800   100                     37.0500   364142         
   2082    51       37.5800    88                     37.0500   364884         
   2092    61       37.5800    69                     37.0500   366293         
   2101    70       37.5800    73                     37.0500   367673         
   2116    85       37.5800    65                     37.0500   369257         
   2126    95       37.5800    63                     37.0500   371061         
   2136   105       37.5800    61                     37.0500   373214         
Elapsed time = 310.83 sec. (443387.50 ticks, tree = 7.69 MB, solutions = 0)
   2147   116       37.5800    41                     37.0500   374776         
   2154   122       39.0000    44                     37.0500   376959         
   2166   133       41.3800    34                     37.0500   379458         
   2176   134       37.0500   111                     37.0500   382694         
   2187   145       37.6300   120                     37.0500   383556         
   2194   152       37.0500    98                     37.0500   383962         
   2205   163       37.0500   110                     37.0500   385361         
   2218   175       43.6900   100                     37.0500   387454         
   2227   184       43.8000    88                     37.0500   388614         
   2234   191       43.8000    81                     37.0500   389336         
Elapsed time = 336.01 sec. (484407.18 ticks, tree = 8.85 MB, solutions = 0)
   2246   203       43.8000    57                     37.0500   391124         
   2260   213       45.1100    55                     37.0500   393612         
   2275   224       37.0500    90                     37.0500   395800         
   2295   244       37.0500    98                     37.0500   397686         
   2310   259       37.0500    98                     37.0500   399109         
   2327   276       37.0500    85                     37.0500   400671         
   2354   303       37.0500    73                     37.0500   403481         
   2373   322       39.6200    54                     37.0500   408388         
   2386   331       42.3600    48                     37.0500   412277         
   2397   338       42.8800    48                     37.0500   415861         
Elapsed time = 362.45 sec. (524476.45 ticks, tree = 9.25 MB, solutions = 0)
   2410   342       37.0500    66                     37.0500   420460         
   2420   352       39.7900    39                     37.0500   423716         
   2431   360       41.9700    36                     37.0500   427479         
   2441   364       37.0500    54                     37.0500   432023         
   2455   371       37.0514    59                     37.0500   436097         
   2469   378       37.3122    66                     37.0500   440594         
   2484   383       37.0500    60                     37.0500   444783         
   2501   393       37.7378    64                     37.0500   450263         
   2520   403       39.5000    54                     37.0500   453964         
   2539   417       41.8600    42                     37.0500   458341         
Elapsed time = 391.85 sec. (565326.04 ticks, tree = 11.18 MB, solutions = 0)
   2554   426       38.1269    62                     37.0500   463526         
   2577   432       37.0567    65                     37.0500   468437         
   2587   439       38.1073    71                     37.0500   472329         
   2605   457       39.8445    61                     37.0500   477868         
   2624   466       38.2000    55                     37.0500   482449         
   2634   471       37.0500   101                     37.0500   484741         
   2645   482       40.4000    90                     37.0500   486489         
   2671   507       40.4000    71                     37.0500   488614         
   2687   519       45.1300    64                     37.0500   492632         
   2703   519       37.0500    97                     37.0500   497277         
Elapsed time = 422.08 sec. (606173.28 ticks, tree = 12.01 MB, solutions = 0)
   2710   525       37.4300   146                     37.0500   499726         
   2716   531       37.4300   120                     37.0500   500069         
   2723   538       37.4300   105                     37.0500   501374         
   2737   552       37.4300    89                     37.0500   503522         
   2768   583       37.6400    66                     37.0500   507126         
   2795   610       37.4300    62                     37.0500   511697         
   2814   629       37.4300    47                     37.0500   517131         
   2828   636       43.8300    59                     37.0500   523122         
   2840   643       37.9500    60                     37.0500   528475         
   2863   659       43.8300    54                     37.0500   535064         
Elapsed time = 450.42 sec. (645700.26 ticks, tree = 12.58 MB, solutions = 0)
   2880   668       37.0515    59                     37.0500   541033         
   2905   679       38.3633    68                     37.0500   546746         
   2925   691       37.0500    95                     37.0500   551321         
   2939   705       39.8100   113                     37.0500   553319         
   2952   718       40.3200    82                     37.0500   555273         
   2960   726       40.7000    99                     37.0500   558063         
   2967   733       46.4200    83                     37.0500   560304         
   2976   742       40.7000    77                     37.0500   562593         
   2989   755       42.1200    66                     37.0500   565293         
   3003   763       37.0500   115                     37.0500   568629         
Elapsed time = 478.75 sec. (686787.83 ticks, tree = 13.40 MB, solutions = 0)
   3009   769       42.3200   149                     37.0500   570918         
   3017   777       42.3200    90                     37.0500   572402         
   3027   787       43.4800    66                     37.0500   575120         
   3038   797       44.3900    67                     37.0500   577351         
   3055   810       37.4680    58                     37.0500   581850         
   3084   820       37.0500    79                     37.0500   587288         
   3109   841       39.5045    67                     37.0500   593030         
   3126   850       38.4912    64                     37.0500   597649         
   3145   861       37.0874    57                     37.0500   602231         
   3167   878       38.2100    54                     37.0500   607973         
Elapsed time = 509.40 sec. (727288.90 ticks, tree = 14.27 MB, solutions = 0)
   3185   890       38.0820    60                     37.0500   614356         
   3207   909       37.5700    58                     37.0500   619614         
   3225   923       38.4927    48                     37.0500   626482         
   3242   929    infeasible                           37.0500   631871         
   3267   937       40.1008    50                     37.0500   638274         
   3285   945    infeasible                           37.0500   643678         
   3302   954       41.1318    63                     37.0500   650050         
   3316   956       37.4300    69                     37.0500   654923         
   3332   964       37.0500    70                     37.0500   659898         
   3353   976       37.0500    62                     37.0500   665380         
Elapsed time = 541.22 sec. (766954.68 ticks, tree = 14.66 MB, solutions = 0)
   3369   984       37.8870    61                     37.0500   669827         
   3391   991       37.0500    59                     37.0500   674379         
   3411   999       37.0500    64                     37.0500   679166         
   3436  1012       37.3209    67                     37.0500   684996         
   3467  1026       37.0500    79                     37.0500   689378         
   3483  1041       37.0500    91                     37.0500   691670         
   3510  1067       37.4300    82                     37.0500   694401         
   3527  1078       37.0500    73                     37.0500   699445         
   3538  1085       38.7582    62                     37.0500   704706         
   3554  1091       37.0500    62                     37.0500   710265         
Elapsed time = 573.02 sec. (808050.16 ticks, tree = 15.16 MB, solutions = 0)
   3579  1095       37.0500    68                     37.0500   715540         
   3596  1108       37.0500    69                     37.0500   720945         
   3626  1120       37.0500    69                     37.0500   727333         
   3645  1132       38.9150    69                     37.0500   732241         
   3660  1140    infeasible                           37.0500   737016         
   3676  1142       37.0559    61                     37.0500   741045         
   3697  1149       37.0500    67                     37.0500   745884         
   3715  1158       37.1218    69                     37.0500   751519         
   3733  1163       37.0500    65                     37.0500   755758         
   3749  1172       38.1275    73                     37.0500   760457         
Elapsed time = 604.71 sec. (847787.06 ticks, tree = 15.49 MB, solutions = 0)
   3763  1179       38.5429    78                     37.0500   764719         
   3780  1187       37.9501    71                     37.0500   769234         
   3795  1196       37.0500    66                     37.0500   774609         
   3812  1204       37.9500    69                     37.0500   779480         
   3832  1213       37.0585    68                     37.0500   784493         
   3853  1219       38.8953    76                     37.0500   790215         
   3876  1226       37.0580    71                     37.0500   795375         
   3907  1236       37.0500    69                     37.0500   800751         
   3920  1244       37.0500    61                     37.0500   805015         
   3939  1253       37.6721    75                     37.0500   809391         
Elapsed time = 636.62 sec. (887733.62 ticks, tree = 15.81 MB, solutions = 0)
   3959  1265       37.0670    68                     37.0500   814146         
   3973  1272       37.0500    72                     37.0500   818541         
   3984  1277       39.7200    80                     37.0500   823339         
   3999  1290       40.7636    62                     37.0500   828011         
   4030  1301       37.0500    72                     37.0500   832687         
   4050  1306       37.0610    66                     37.0500   838477         
   4069  1312       37.0500    71                     37.0500   843321         
   4088  1323       37.7544    77                     37.0500   848689         
   4103  1322       37.0500    73                     37.0500   853931         
   4118  1337       37.4300   111                     37.0500   855687         
Elapsed time = 668.04 sec. (927530.01 ticks, tree = 16.35 MB, solutions = 0)
   4130  1349       37.4300    90                     37.0500   857366         
   4149  1368       38.6800    80                     37.0500   859466         
   4172  1391       38.6800    73                     37.0500   862712         
   4195  1414       39.2000    55                     37.0500   867394         
   4223  1434       37.0500    68                     37.0500   873529         
   4238  1449       38.0900    92                     37.0500   875448         
   4254  1465       38.0900    86                     37.0500   877451         
   4277  1485       41.3500    65                     37.0500   880989         
   4302  1503       39.7200    90                     37.0500   886393         
   4333  1534       38.7200    52                     37.0500   889067         
Elapsed time = 697.09 sec. (966907.60 ticks, tree = 17.15 MB, solutions = 0)
   4360  1560       40.9300    64                     37.0500   893328         
   4371  1570       39.2400    80                     37.0500   896574         
   4387  1586       44.5300    58                     37.0500   901580         
   4407  1601       38.7277    55                     37.0500   907928         
   4424  1615       41.4800    41                     37.0500   913736         
   4436  1619       47.5600    36                     37.0500   919592         
   4451  1630       39.7200   116                     37.0500   922840         
   4458  1634       45.5600   100                     37.0500   925358         
   4470  1646       45.5600    82                     37.0500   927496         
   4492  1666       46.9800    60                     37.0500   930493         
Elapsed time = 727.91 sec. (1008202.38 ticks, tree = 17.68 MB, solutions = 0)
   4518  1687       38.0900    77                     37.0500   934158         
   4534  1703       38.3600    99                     37.0500   936751         
   4545  1714       41.1200    91                     37.0500   940410         
   4557  1726       39.5100    71                     37.0500   944588         
   4576  1742       38.9900    70                     37.0500   948682         
   4588  1750       37.0500   103                     37.0500   953823         
   4607  1768       46.1400    82                     37.0500   956915         
   4621  1780       46.1400    59                     37.0500   960588         
   4644  1798       37.2600    91                     37.0500   963577         
   4662  1816       39.5500    91                     37.0500   966505         
Elapsed time = 757.88 sec. (1048833.86 ticks, tree = 18.28 MB, solutions = 0)
   4682  1836       40.3700    73                     37.0500   972483         
   4699  1851       42.0926    64                     37.0500   978350         
   4725  1871       37.0500   115                     37.0500   981965         
   4738  1884       42.4800   120                     37.0500   985299         
   4747  1893       42.6900    78                     37.0500   988088         
   4777  1921       42.6900    56                     37.0500   992999         
   4798  1941       45.8600    43                     37.0500   999286         
   4818  1955       37.0500   101                     37.0500  1003165         
   4832  1969       37.8500    89                     37.0500  1005191         
   4844  1980       40.5500    99                     37.0500  1008862         
Elapsed time = 787.81 sec. (1089511.24 ticks, tree = 18.94 MB, solutions = 0)
   4862  1997       40.5500    69                     37.0500  1013794         
   4880  2010       37.0500    70                     37.0500  1019401         
   4895  2025       41.8600    93                     37.0500  1022551         
   4913  2038       44.9200    68                     37.0500  1026570         
   4944  2063       39.8300   101                     37.0500  1030368         
   4953  2072       39.6900   105                     37.0500  1033461         
   4960  2079       39.8300   106                     37.0500  1035998         
   4976  2094       47.1800    65                     37.0500  1040458         
   4990  2099       47.5600    46                     37.0500  1045145         
   5005  2106       39.8100   111                     37.0500  1048439         
Elapsed time = 817.00 sec. (1129336.95 ticks, tree = 19.54 MB, solutions = 0)
   5018  2119       43.2300   124                     37.0500  1051390         
   5027  2128       43.2300    94                     37.0500  1053407         
   5051  2145       44.9200    71                     37.0500  1057498         
   5077  2167       37.2600    86                     37.0500  1062318         
   5089  2176       40.4000    94                     37.0500  1065772         
   5106  2190       41.4400    76                     37.0500  1070057         
   5122  2202       41.4400    64                     37.0500  1074344         
   5141  2215       41.9200    46                     37.0500  1079104         
   5160  2225       40.1900    98                     37.0500  1081971         
   5175  2240       43.7600    71                     37.0500  1085501         
Elapsed time = 845.00 sec. (1168529.34 ticks, tree = 20.08 MB, solutions = 0)
   5194  2248       37.0500    63                     37.0500  1089251         
   5209  2259       39.4003    64                     37.0500  1094678         
   5231  2271       37.1197    77                     37.0500  1100746         
   5252  2275       37.0500    68                     37.0500  1107258         
   5264  2283       38.3816    67                     37.0500  1112798         
   5286  2294       37.0809    70                     37.0500  1117694         
   5305  2309       38.0600   100                     37.0500  1120347         
   5311  2315       38.5800   132                     37.0500  1122380         
   5323  2327       40.3500   111                     37.0500  1124620         
   5337  2341       43.4000    90                     37.0500  1127399         
Elapsed time = 874.60 sec. (1208517.70 ticks, tree = 20.88 MB, solutions = 0)
   5352  2356       40.8700    81                     37.0500  1130854         
   5365  2367       42.2121    69                     37.0500  1134629         
   5386  2386       40.8700    63                     37.0500  1139822         
   5403  2397       40.1900   134                     37.0500  1144274         
   5412  2406       45.2900    98                     37.0500  1147108         
   5424  2414    infeasible                           37.0500  1151417         
   5440  2428       37.6800    99                     37.0500  1155133         
   5456  2443       38.0252    82                     37.0500  1159619         
   5481  2460       38.0600    73                     37.0500  1164573         
   5493  2472       43.3100    93                     37.0500  1167306         
Elapsed time = 904.58 sec. (1248486.48 ticks, tree = 21.42 MB, solutions = 0)
   5509  2480       37.0500    84                     37.0500  1170729         
   5532  2502       39.8258    78                     37.0500  1174631         
   5567  2530       41.3400    48                     37.0500  1180097         
   5588  2542       37.5700   126                     37.0500  1185155         
   5612  2566       37.0500    94                     37.0500  1187706         
   5628  2582       37.0500    80                     37.0500  1190671         
   5635  2589       37.0500    75                     37.0500  1191955         
   5658  2612       37.6800    61                     37.0500  1197101         
   5675  2626       39.9211    46                     37.0500  1202369         
   5687  2630       40.5500    47                     37.0500  1208193         
Elapsed time = 933.45 sec. (1288130.29 ticks, tree = 22.05 MB, solutions = 0)
   5701  2635       37.0500    83                     37.0500  1213551         
   5739  2673       37.0500    75                     37.0500  1217529         
   5754  2688       37.2600    77                     37.0500  1222359         
   5772  2705       37.2600    78                     37.0500  1226645         
   5792  2718       40.0283    53                     37.0500  1234220         
   5811  2729       37.0500   110                     37.0500  1239752         
   5827  2745       37.0500   101                     37.0500  1242272         
   5849  2762       37.0500   119                     37.0500  1246804         
   5871  2784       39.8300    87                     37.0500  1250588         
   5894  2806       37.2600    72                     37.0500  1255385         
Elapsed time = 965.09 sec. (1328699.46 ticks, tree = 22.76 MB, solutions = 0)
   5917  2826       37.2723    61                     37.0500  1261176         
   5931  2834       37.6400    49                     37.0500  1266637         
   5949  2847       37.0500    80                     37.0500  1270808         
   5973  2869       37.2600    70                     37.0500  1275338         
   5989  2876       44.2400    46                     37.0500  1279904         
   6003  2886       37.7800    83                     37.0500  1283305         
   6014  2894       38.9900    70                     37.0500  1287796         
   6026  2906       38.9900    69                     37.0500  1292935         
   6039  2917       39.0278    54                     37.0500  1298624         
   6054  2923    infeasible                           37.0500  1303658         
Elapsed time = 996.16 sec. (1368807.16 ticks, tree = 23.44 MB, solutions = 0)
   6069  2934       42.6900    84                     37.0500  1307201         
   6078  2942       43.1100    71                     37.0500  1309453         
   6098  2956       43.1100    52                     37.0500  1314605         
   6114  2968       38.4700    60                     37.0500  1320041         
   6132  2983       42.9775    60                     37.0500  1326668         
   6154  2999       39.4800    42                     37.0500  1333244         
   6176  3013       37.0500    81                     37.0500  1339517         
   6196  3024    infeasible                           37.0500  1346258         
   6206  3034       37.0500    71                     37.0500  1352096         
   6236  3052       37.5507    70                     37.0500  1357934         
Elapsed time = 1027.60 sec. (1409084.80 ticks, tree = 24.36 MB, solutions = 0)
   6257  3059       37.0676    56                     37.0500  1363068         
   6294  3083    infeasible                           37.0500  1370655         
   6309  3089    infeasible                           37.0500  1376653         
   6333  3095       37.2205    71                     37.0500  1383132         
   6349  3102    infeasible                           37.0500  1387983         
   6372  3109       37.0573    74                     37.0500  1392975         
   6392  3119       41.2300    45                     37.0500  1398717         
   6408  3123       39.8282    84                     37.0500  1402792         
   6425  3131       37.0500    72                     37.0500  1406889         
   6438  3142       37.5709    65                     37.0500  1410465         
Elapsed time = 1059.60 sec. (1448483.02 ticks, tree = 25.73 MB, solutions = 0)
   6463  3149       37.0500    78                     37.0500  1416165         
   6473  3157       47.1200    64                     37.0500  1419671         
   6489  3163       37.0500    65                     37.0500  1423972         
   6507  3180       37.6500    58                     37.0500  1427712         
   6517  3190       37.2600    63                     37.0500  1432363         
   6538  3203       40.7006    36                     37.0500  1437971         
   6557  3209       37.0500    57                     37.0500  1442615         
   6571  3216       45.1791    45                     37.0500  1447102         
   6595  3226       37.0500    57                     37.0500  1451707         
   6615  3243       41.0569    41                     37.0500  1457675         
Elapsed time = 1090.23 sec. (1489303.37 ticks, tree = 26.14 MB, solutions = 0)
   6640  3252       41.2491    59                     37.0500  1463518         
   6663  3269       38.0111    33                     37.0500  1469337         
   6683  3286       38.3400    26                     37.0500  1474910         
   6694  3287       37.4400    55                     37.0500  1480283         
   6718  3305       37.9600    40                     37.0500  1486223         
   6735  3316       41.3900    37                     37.0500  1491198         
   6756  3337       41.3900    26                     37.0500  1498082         
   6782  3351       41.3900    40                     37.0500  1505327         
   6803  3364       37.0500    52                     37.0500  1512333         
   6826  3387       38.3400    33                     37.0500  1519484         
Elapsed time = 1123.34 sec. (1528449.29 ticks, tree = 27.12 MB, solutions = 0)
   6852  3402       39.0700    48                     37.0500  1526350         
   6876  3421       41.0856    34                     37.0500  1532890         
   6898  3431       39.3634    60                     37.0500  1539289         
   6927  3452    infeasible                           37.0500  1544541         
   6943  3463       37.0536    48                     37.0500  1550828         
   6966  3474       37.4400    52                     37.0500  1555702         
   6995  3489       37.0500    59                     37.0500  1560063         
   7020  3504       39.7780    57                     37.0500  1565497         
   7049  3521       38.9270    55                     37.0500  1571122         
   7072  3544       39.8000    37                     37.0500  1575968         
Elapsed time = 1155.37 sec. (1568094.90 ticks, tree = 27.96 MB, solutions = 0)
   7086  3551       37.9713    62                     37.0500  1580890         
   7126  3584       46.2600    50                     37.0500  1587152         
   7159  3601       37.2600    57                     37.0500  1593972         
   7196  3627       37.0500    53                     37.0500  1599679         
   7224  3649       37.0500    64                     37.0500  1606323         
   7253  3668       43.2500    53                     37.0500  1612266         
   7285  3689       39.8200    42                     37.0500  1618547         
   7322  3707       39.5506    52                     37.0500  1625177         
   7334  3715       37.0500    83                     37.0500  1628987         
   7356  3728       40.7100    59                     37.0500  1633033         
Elapsed time = 1186.71 sec. (1607286.72 ticks, tree = 28.70 MB, solutions = 0)
   7380  3742       37.0500    72                     37.0500  1638367         
   7391  3753       41.5217    68                     37.0500  1642394         
   7419  3763       42.6900    61                     37.0500  1648738         
   7439  3773    infeasible                           37.0500  1653379         
   7449  3783       42.6400    76                     37.0500  1657048         
   7464  3798       41.3246    75                     37.0500  1660785         
   7491  3816       43.2500    56                     37.0500  1666217         
   7516  3833       37.0500    78                     37.0500  1671720         
   7533  3845       37.4400    72                     37.0500  1676664         
   7552  3862       38.0300    56                     37.0500  1681508         
Elapsed time = 1217.42 sec. (1647572.39 ticks, tree = 29.24 MB, solutions = 0)
   7574  3884       38.0300    56                     37.0500  1688101         
   7605  3911       43.3600    43                     37.0500  1694460         
   7622  3923       37.0500    82                     37.0500  1698684         
   7657  3952       38.6272    68                     37.0500  1704245         
   7689  3969    infeasible                           37.0500  1710735         
   7717  3984       37.2309    75                     37.0500  1716462         
   7752  4003       37.1968    77                     37.0500  1721478         
   7772  4013    infeasible                           37.0500  1727098         
   7791  4020       37.1363    67                     37.0500  1732461         
   7815  4038       40.3110    62                     37.0500  1736980         
Elapsed time = 1248.76 sec. (1686566.88 ticks, tree = 29.95 MB, solutions = 0)
   7840  4045       44.1877    57                     37.0500  1742410         
   7853  4051       37.0531    81                     37.0500  1746870         
   7876  4068       37.2600    75                     37.0500  1750734         
   7891  4073    infeasible                           37.0500  1756793         
   7903  4083       43.5100    81                     37.0500  1758772         
   7920  4100       43.5100    69                     37.0500  1762063         
   7942  4118       37.0500    75                     37.0500  1768222         
   7964  4132       37.7273    67                     37.0500  1773026         
   7983  4140       38.8043    76                     37.0500  1778912         
   8004  4147       37.0500    63                     37.0500  1782348         
Elapsed time = 1278.87 sec. (1726526.19 ticks, tree = 30.73 MB, solutions = 0)
   8019  4152       37.0704    82                     37.0500  1788347         
   8032  4161       37.5700    94                     37.0500  1790823         
   8046  4175       37.5700    98                     37.0500  1793631         
   8057  4186       37.5700    87                     37.0500  1796889         
   8069  4191       43.2000    63                     37.0500  1801796         
   8089  4204       44.0514    58                     37.0500  1808183         
   8115  4221    infeasible                           37.0500  1812277         
   8135  4234       43.1100    52                     37.0500  1818159         
   8158  4254       43.4900    30                     37.0500  1823988         
   8193  4274       37.0500    54                     37.0500  1827611         
Elapsed time = 1310.33 sec. (1768298.64 ticks, tree = 37.35 MB, solutions = 0)
   8213  4282       37.0500    60                     37.0500  1831251         
   8257  4307       42.6266    53                     37.0500  1838788         
   8282  4317    infeasible                           37.0500  1844287         
   8319  4341       37.0500    69                     37.0500  1849704         
   8350  4361       37.0500    55                     37.0500  1855050         
   8395  4388    infeasible                           37.0500  1861524         
   8431  4413       40.0600    48                     37.0500  1867949         
   8468  4436       46.5503    70                     37.0500  1874887         
   8500  4460       39.4828    63                     37.0500  1880130         
   8535  4483       38.2850    53                     37.0500  1886775         
Elapsed time = 1343.06 sec. (1807440.17 ticks, tree = 38.80 MB, solutions = 0)
   8570  4503       42.0415    40                     37.0500  1893494         
   8589  4514       37.0525    50                     37.0500  1900004         
   8616  4525       37.0500    55                     37.0500  1906457         
   8652  4549       37.3789    56                     37.0500  1911539         
   8681  4562       37.4400    60                     37.0500  1916579         
   8702  4574       44.8803    59                     37.0500  1921557         
   8741  4605       39.5105    45                     37.0500  1926117         
   8773  4624       39.1724    55                     37.0500  1933255         
   8815  4650       42.8153    37                     37.0500  1938402         
   8851  4670       41.0365    53                     37.0500  1943197         
Elapsed time = 1374.59 sec. (1846923.05 ticks, tree = 39.55 MB, solutions = 0)
   8886  4689    infeasible                           37.0500  1949881         
   8920  4711    infeasible                           37.0500  1956106         
   8949  4730    infeasible                           37.0500  1962159         
   8982  4751       40.2003    40                     37.0500  1968760         
   9007  4766       39.8100    56                     37.0500  1974913         
   9027  4779       37.0500    77                     37.0500  1978869         
   9049  4799       37.4004    77                     37.0500  1982966         
   9075  4821       37.0500    71                     37.0500  1988209         
   9098  4842       37.6048    64                     37.0500  1994123         
   9124  4853       37.0500    70                     37.0500  1999789         
Elapsed time = 1405.72 sec. (1885966.70 ticks, tree = 40.29 MB, solutions = 0)
   9156  4868    infeasible                           37.0500  2005172         
   9191  4887    infeasible                           37.0500  2010429         
   9214  4898    infeasible                           37.0500  2016719         
   9232  4906    infeasible                           37.0500  2023157         
   9250  4918       39.2170    81                     37.0500  2027576         
   9280  4936       38.9950    75                     37.0500  2033380         
   9304  4953    infeasible                           37.0500  2038714         
   9343  4987       44.1000    46                     37.0500  2045544         
   9377  5013       37.0500    76                     37.0500  2051660         
   9405  5031       38.4718    71                     37.0500  2058856         
Elapsed time = 1437.61 sec. (1925399.89 ticks, tree = 41.00 MB, solutions = 0)
   9439  5053       43.0700    41                     37.0500  2065211         
   9457  5063       38.7017    66                     37.0500  2070407         
   9488  5076    infeasible                           37.0500  2076064         
   9511  5093    infeasible                           37.0500  2080108         
   9540  5104       40.4871    69                     37.0500  2084604         
   9564  5119       38.6800    90                     37.0500  2089131         
   9585  5139       47.0253    71                     37.0500  2093919         
   9623  5164       40.0600    70                     37.0500  2098572         
   9643  5174       37.2600    71                     37.0500  2105372         
   9661  5190       37.4718    68                     37.0500  2110619         
Elapsed time = 1469.05 sec. (1965401.31 ticks, tree = 41.65 MB, solutions = 0)
   9687  5203       37.0500    82                     37.0500  2115360         
   9699  5215       40.7670    77                     37.0500  2121660         
   9724  5228       41.4800    68                     37.0500  2128288         
   9739  5235       37.4747    67                     37.0500  2133597         
   9760  5247       39.8501    80                     37.0500  2140561         
   9783  5265       37.0500    77                     37.0500  2145200         
   9813  5284       38.4700    82                     37.0500  2151587         
   9831  5293       37.0901    69                     37.0500  2157511         
   9861  5303       39.7300    90                     37.0500  2163330         
   9867  5309       39.7300    72                     37.0500  2165968         
Elapsed time = 1502.58 sec. (2006049.42 ticks, tree = 42.12 MB, solutions = 0)
   9886  5321       37.0516    75                     37.0500  2172066         
   9915  5334       37.9500    75                     37.0500  2177158         
   9941  5353       37.0500    69                     37.0500  2182286         
   9965  5367       37.0500    71                     37.0500  2189162         
   9984  5378       38.5719    74                     37.0500  2194696         
  10010  5394       39.4300    63                     37.0500  2201063         
  10032  5401       37.0500    89                     37.0500  2205876         
  10047  5411       37.0500    93                     37.0500  2212018         
  10073  5435       41.6356    66                     37.0500  2217698         
  10106  5446       39.3100    79                     37.0500  2224381         
Elapsed time = 1537.02 sec. (2048622.31 ticks, tree = 42.68 MB, solutions = 0)
  10126  5462       37.0500    73                     37.0500  2229569         
  10144  5470    infeasible                           37.0500  2236316         
  10163  5484       42.3500    81                     37.0500  2241498         
  10188  5502       37.4700    84                     37.0500  2248170         
  10205  5511       42.5296    73                     37.0500  2254955         
  10223  5523       37.0500   121                     37.0500  2259676         
  10229  5528       38.0220   121                     37.0500  2262356         
  10237  5536       42.4000    86                     37.0500  2264512         
  10259  5548       37.0515    77                     37.0500  2269490         
  10275  5558       38.4919    69                     37.0500  2275332         
Elapsed time = 1567.96 sec. (2089042.45 ticks, tree = 43.13 MB, solutions = 0)
  10287  5562       37.0500   120                     37.0500  2278615         
  10296  5571       37.2600   116                     37.0500  2280487         
  10305  5580       45.1200   105                     37.0500  2282871         
  10312  5587       46.4300    83                     37.0500  2285373         
  10325  5600       45.7800    73                     37.0500  2288978         
  10339  5614       47.4700    49                     37.0500  2292639         
  10356  5622       37.0500   152                     37.0500  2297219         
  10363  5629       37.0500   131                     37.0500  2299048         
  10369  5635       40.0300   105                     37.0500  2301691         
  10382  5646    infeasible                           37.0500  2305467         
Elapsed time = 1596.70 sec. (2130136.64 ticks, tree = 43.70 MB, solutions = 0)
  10413  5667       37.0500    79                     37.0500  2311461         
  10429  5683       44.2626    84                     37.0500  2319104         
  10446  5694       40.0600    63                     37.0500  2324581         
  10471  5707       37.0500    83                     37.0500  2331383         
  10489  5725       37.5700    90                     37.0500  2338001         
  10503  5734       38.3600   127                     37.0500  2343561         
  10510  5740       41.3400   114                     37.0500  2345967         
  10517  5746       41.7200    83                     37.0500  2348589         
  10530  5754       37.0500   108                     37.0500  2352192         
  10541  5765       37.0500   116                     37.0500  2353778         
Elapsed time = 1627.94 sec. (2170979.45 ticks, tree = 44.17 MB, solutions = 0)
  10548  5772       37.0500   130                     37.0500  2355653         
  10555  5779       37.0500   131                     37.0500  2357759         
  10562  5786       37.2600   119                     37.0500  2360246         
  10570  5794       37.2600   112                     37.0500  2362537         
  10575  5799       38.8200    75                     37.0500  2365932         
  10585  5809       38.8200    69                     37.0500  2369496         
  10602  5824       41.2200    46                     37.0500  2374164         
  10626  5841       37.0500    64                     37.0500  2378288         
  10650  5861       37.2600    69                     37.0500  2384459         
  10676  5878       37.0500    63                     37.0500  2390207         
Elapsed time = 1657.24 sec. (2211053.43 ticks, tree = 45.65 MB, solutions = 0)
  10719  5901       37.4042    62                     37.0500  2396734         
  10752  5914       37.4300    59                     37.0500  2403255         
  10782  5930       37.0500    65                     37.0500  2410023         
  10798  5938       37.3691    67                     37.0500  2416305         
  10831  5963       43.3224    44                     37.0500  2422488         
  10871  5984       43.2000    49                     37.0500  2429256         
  10904  6003       37.4118    60                     37.0500  2434882         
  10924  6014       39.8106    84                     37.0500  2441318         
  10949  6020       37.0500    67                     37.0500  2447141         
  10966  6027       38.4700    72                     37.0500  2453493         
Elapsed time = 1690.80 sec. (2250268.71 ticks, tree = 46.25 MB, solutions = 0)
  10994  6042       37.0500    91                     37.0500  2458898         
  11023  6061    infeasible                           37.0500  2466609         
  11052  6080       37.0500    81                     37.0500  2471501         
  11082  6108    infeasible                           37.0500  2476394         
  11093  6113       38.4714    81                     37.0500  2482494         
  11128  6136       37.0548    60                     37.0500  2487595         
  11158  6148    infeasible                           37.0500  2494397         
  11179  6161       42.0283    65                     37.0500  2500888         
  11203  6177       38.2841    66                     37.0500  2506552         
  11231  6197       37.6682    78                     37.0500  2512141         
Elapsed time = 1722.93 sec. (2289814.05 ticks, tree = 47.75 MB, solutions = 0)
  11259  6207       37.4300    74                     37.0500  2516290         
  11271  6212       37.0500    80                     37.0500  2522669         
  11294  6229       37.0714    72                     37.0500  2527623         
  11331  6251       37.0529    72                     37.0500  2533582         
  11363  6275       40.3793    69                     37.0500  2539144         
  11397  6299       40.4940    61                     37.0500  2544724         
  11438  6318    infeasible                           37.0500  2550592         
  11465  6337       37.0500    62                     37.0500  2556758         
  11503  6358       38.6757    58                     37.0500  2564392         
  11532  6371       37.0500    80                     37.0500  2570778         
Elapsed time = 1755.95 sec. (2329977.61 ticks, tree = 48.45 MB, solutions = 0)
  11566  6401       37.3417    62                     37.0500  2576842         
  11598  6417       37.0500    79                     37.0500  2582168         
  11625  6435       37.6800    86                     37.0500  2588565         
  11654  6458       41.5636    73                     37.0500  2593958         
  11671  6469       37.0500    72                     37.0500  2600516         
  11699  6486       40.7100    60                     37.0500  2607365         
  11718  6500       45.0800    51                     37.0500  2615245         
  11747  6519    infeasible                           37.0500  2620997         
  11770  6533    infeasible                           37.0500  2629685         
  11783  6539    infeasible                           37.0500  2636193         
Elapsed time = 1788.64 sec. (2369450.70 ticks, tree = 49.54 MB, solutions = 0)
  11803  6552       38.4996    64                     37.0500  2640892         
  11834  6570       41.5481    76                     37.0500  2646129         
  11867  6580       37.0500    68                     37.0500  2650319         
  11898  6598       39.2911    66                     37.0500  2655699         
  11920  6608       40.7300    78                     37.0500  2660824         
  11938  6626       37.3987    70                     37.0500  2666515         
  11956  6634       40.7978    70                     37.0500  2671937         
  11988  6656       37.0665    70                     37.0500  2676730         
  12031  6685       37.1133    81                     37.0500  2682091         
  12059  6699       37.6800    80                     37.0500  2689971         
Elapsed time = 1820.94 sec. (2409615.36 ticks, tree = 50.19 MB, solutions = 0)
  12083  6715       37.0500    76                     37.0500  2696356         
  12102  6730       42.3662    82                     37.0500  2702929         
  12121  6743       37.2600    74                     37.0500  2709785         
  12156  6763       38.5410    71                     37.0500  2716090         
  12197  6778       38.7138    75                     37.0500  2722365         
  12223  6795       37.4432    72                     37.0500  2729347         
  12253  6818       37.7222    76                     37.0500  2735547         
  12286  6841       38.0785    58                     37.0500  2740789         
  12314  6859       41.0306    76                     37.0500  2746459         
  12344  6871       37.0709    73                     37.0500  2752240         
Elapsed time = 1854.43 sec. (2449523.31 ticks, tree = 50.88 MB, solutions = 0)
  12373  6882       38.4700    73                     37.0500  2758537         
  12392  6891    infeasible                           37.0500  2764844         
  12421  6908       38.3356    63                     37.0500  2770903         
  12439  6916       37.0534    59                     37.0500  2776875         
  12474  6942       37.0505    61                     37.0500  2783364         
  12500  6960       39.6076    63                     37.0500  2790391         
  12523  6971       38.3772    71                     37.0500  2796801         
  12556  6978       37.0500    62                     37.0500  2803135         
  12584  6992       40.7300    58                     37.0500  2809046         
  12614  7002       37.0888    87                     37.0500  2814565         
Elapsed time = 1888.12 sec. (2488772.85 ticks, tree = 51.41 MB, solutions = 0)
  12632  7014       44.4294    70                     37.0500  2820351         
  12654  7026       38.9087    53                     37.0500  2824539         
  12673  7039       37.2600    75                     37.0500  2829200         
  12690  7052       37.0747    67                     37.0500  2834571         
  12708  7054    infeasible                           37.0500  2839785         
  12725  7067       37.2600    76                     37.0500  2843977         
  12751  7083       37.9500    81                     37.0500  2849051         
  12771  7101       39.7292    63                     37.0500  2854570         
  12804  7119    infeasible                           37.0500  2859422         
  12814  7129       42.8675    66                     37.0500  2865172         
Elapsed time = 1919.51 sec. (2528625.96 ticks, tree = 51.92 MB, solutions = 0)
  12832  7142       39.4300    67                     37.0500  2871358         
  12842  7150       39.6411    61                     37.0500  2876812         
  12869  7163       37.0500    68                     37.0500  2882098         
  12904  7181       37.1146    69                     37.0500  2887358         
  12941  7202       40.6821    55                     37.0500  2893354         
  12953  7208       42.1700    90                     37.0500  2896754         
  12976  7225       37.0500    73                     37.0500  2902661         
  12999  7245       38.6092    71                     37.0500  2908418         
  13018  7253       40.2315    59                     37.0500  2915115         
  13038  7265       38.4269    66                     37.0500  2920491         
Elapsed time = 1952.78 sec. (2568151.96 ticks, tree = 52.47 MB, solutions = 0)
  13062  7272       37.0500    70                     37.0500  2925763         
  13088  7288       37.0651    82                     37.0500  2930641         
  13123  7313       38.8879    72                     37.0500  2935767         
  13147  7327       38.4700    78                     37.0500  2943425         
  13178  7345       39.5180    72                     37.0500  2950358         
  13200  7356       38.6261    69                     37.0500  2957010         
  13227  7374       37.0500   111                     37.0500  2960568         
  13244  7389    infeasible                           37.0500  2964759         
  13259  7402       45.2016    54                     37.0500  2968512         
  13275  7413       43.7286    85                     37.0500  2974332         
Elapsed time = 1985.14 sec. (2607767.61 ticks, tree = 53.07 MB, solutions = 0)
  13290  7417       40.5823    66                     37.0500  2982078         
  13314  7435       37.9600    83                     37.0500  2986828         
  13331  7452       44.3500    64                     37.0500  2990933         
  13356  7467       40.5827    67                     37.0500  2997278         
  13383  7488       45.1200    56                     37.0500  3002155         
  13402  7499       37.0500    93                     37.0500  3007234         
  13419  7516       42.3600    68                     37.0500  3011890         
  13445  7533       41.0262    82                     37.0500  3018659         
  13471  7545       40.0200    82                     37.0500  3023571         
  13484  7558       43.2000    62                     37.0500  3028598         
Elapsed time = 2017.37 sec. (2648576.36 ticks, tree = 53.65 MB, solutions = 0)
  13506  7572    infeasible                           37.0500  3033736         
  13536  7582       38.8900    74                     37.0500  3040789         
  13559  7596       37.0500    75                     37.0500  3046754         
  13598  7631    infeasible                           37.0500  3053106         
  13624  7649       39.7025    55                     37.0500  3059737         
  13651  7663    infeasible                           37.0500  3066570         
  13679  7675       40.4807    58                     37.0500  3073176         
  13699  7691    infeasible                           37.0500  3079337         
  13721  7711       41.0096    56                     37.0500  3085314         
  13743  7725       37.2600    77                     37.0500  3089716         
Elapsed time = 2050.16 sec. (2687633.13 ticks, tree = 54.33 MB, solutions = 0)
  13760  7738       41.5466    73                     37.0500  3094839         
  13775  7739       37.0502    82                     37.0500  3100489         
  13789  7749       37.0500    88                     37.0500  3105065         
  13804  7756       37.0500    94                     37.0500  3109427         
  13822  7768       42.8600    70                     37.0500  3114340         
  13845  7786       45.0839    71                     37.0500  3118998         
  13860  7797       42.7200    52                     37.0500  3124175         
  13891  7808       37.0821    87                     37.0500  3128536         
  13916  7827       39.6261    77                     37.0500  3133584         
  13942  7839       40.4917    76                     37.0500  3138806         
Elapsed time = 2081.56 sec. (2727530.10 ticks, tree = 54.79 MB, solutions = 0)
  13968  7853       37.0500    72                     37.0500  3144788         
  13996  7865    infeasible                           37.0500  3151603         
  14017  7875       37.3641    87                     37.0500  3157271         
  14049  7898       41.2576    61                     37.0500  3162361         
  14092  7915       37.0500    82                     37.0500  3167913         
  14101  7924       37.0500   124                     37.0500  3169497         
  14112  7935       37.4700   108                     37.0500  3170519         
  14119  7942       37.4700   105                     37.0500  3173089         
  14144  7963       37.0500   129                     37.0500  3178833         
  14150  7969       37.5700   141                     37.0500  3180804         
Elapsed time = 2111.67 sec. (2768362.59 ticks, tree = 55.31 MB, solutions = 0)
  14157  7976       39.2000   140                     37.0500  3183568         
  14164  7981       39.2000   122                     37.0500  3186130         
  14170  7987       39.2000   116                     37.0500  3188169         
  14178  7995       39.2000    98                     37.0500  3190429         
  14194  8009       41.8600    83                     37.0500  3193339         
  14211  8021       47.5900    52                     37.0500  3197770         
  14230  8032       39.2000   160                     37.0500  3202375         
  14245  8047       37.0500   141                     37.0500  3204144         
  14253  8055       37.9500   128                     37.0500  3206785         
  14260  8062       40.0000   113                     37.0500  3209411         
Elapsed time = 2141.93 sec. (2810496.19 ticks, tree = 55.48 MB, solutions = 0)
  14272  8074       40.3200    89                     37.0500  3212924         
  14282  8084       41.8008    65                     37.0500  3216823         
  14304  8100       45.2800    46                     37.0500  3222131         
  14328  8116       39.5055    69                     37.0500  3228129         
  14364  8132       37.0500    94                     37.0500  3233342         
  14382  8150       42.3767    64                     37.0500  3239727         
  14418  8173       37.1895    71                     37.0500  3245049         
  14432  8179       37.0500    73                     37.0500  3248818         
  14462  8197       37.0500    75                     37.0500  3254900         
  14492  8217       37.5031    73                     37.0500  3261285         
Elapsed time = 2175.43 sec. (2850885.93 ticks, tree = 56.44 MB, solutions = 0)
  14524  8235       37.0544    70                     37.0500  3267785         
  14551  8254       37.2600   110                     37.0500  3272450         
  14563  8266       37.2600    72                     37.0500  3276033         
  14593  8292       37.5700   119                     37.0500  3280020         
  14608  8307       40.5400    94                     37.0500  3282273         
  14621  8320       42.1700    94                     37.0500  3284947         
  14635  8334       40.9600    68                     37.0500  3288494         
  14653  8352       40.9600    72                     37.0500  3292753         
  14667  8364       42.8200    46                     37.0500  3298050         
  14686  8377       37.0500   112                     37.0500  3302524         
Elapsed time = 2206.38 sec. (2891430.82 ticks, tree = 57.09 MB, solutions = 0)
  14694  8385       37.0500    87                     37.0500  3306042         
  14726  8412       49.6700    59                     37.0500  3312809         
  14752  8434       37.7800   100                     37.0500  3317249         
  14766  8448       37.7800   116                     37.0500  3320700         
  14778  8460       40.8300    90                     37.0500  3323857         
  14792  8469       37.0500    99                     37.0500  3328692         
  14813  8490       37.0500    72                     37.0500  3332906         
  14846  8515       40.4590    73                     37.0500  3338729         
  14877  8538       41.5214    69                     37.0500  3344640         
  14904  8557       37.4300    77                     37.0500  3349400         
Elapsed time = 2238.08 sec. (2931984.04 ticks, tree = 57.82 MB, solutions = 0)
  14932  8583       38.0300    61                     37.0500  3354528         
  14964  8603       37.4300    80                     37.0500  3360027         
  14997  8632       39.0867    64                     37.0500  3365768         
  15029  8656       41.9705    57                     37.0500  3371026         
  15077  8685       38.6800    72                     37.0500  3376804         
  15101  8701       40.8406    67                     37.0500  3381945         
  15127  8713       41.8772    74                     37.0500  3387935         
  15161  8735       37.6808    71                     37.0500  3393282         
  15201  8763       39.7013    60                     37.0500  3398346         
  15235  8778       37.4407    74                     37.0500  3405663         
Elapsed time = 2272.26 sec. (2970846.13 ticks, tree = 58.71 MB, solutions = 0)
  15258  8788       37.0500    76                     37.0500  3411314         
  15274  8798       37.4700    82                     37.0500  3416966         
  15299  8817       37.0500    79                     37.0500  3423030         
  15329  8836       39.1913    76                     37.0500  3428730         
  15352  8847       37.0500    81                     37.0500  3435422         
  15377  8860    infeasible                           37.0500  3442105         
  15402  8872       37.0500    68                     37.0500  3447541         
  15441  8894       37.2600    70                     37.0500  3453480         
  15473  8918       37.0500    82                     37.0500  3461032         
  15507  8942       39.4597    66                     37.0500  3467268         
Elapsed time = 2305.32 sec. (3010376.06 ticks, tree = 59.37 MB, solutions = 0)
  15539  8954       37.0565    78                     37.0500  3473471         
  15565  8958       39.7774    85                     37.0500  3479986         
  15584  8965       39.4300    82                     37.0500  3483929         
  15606  8983       37.0500    86                     37.0500  3488950         
  15616  8993       41.5120    86                     37.0500  3493199         
  15637  9004       42.2561    67                     37.0500  3497661         
  15663  9021       39.6400    66                     37.0500  3503003         
  15681  9034       44.0618    76                     37.0500  3508988         
  15700  9047       37.4700    97                     37.0500  3514373         
  15716  9063       37.2600    74                     37.0500  3518286         
Elapsed time = 2338.28 sec. (3050421.09 ticks, tree = 59.86 MB, solutions = 0)
  15743  9082       37.3104    71                     37.0500  3523518         
  15768  9093       37.0506    71                     37.0500  3529820         
  15802  9116       43.6278    53                     37.0500  3535315         
  15832  9125       37.4725    75                     37.0500  3540146         
  15851  9132       37.4700   101                     37.0500  3545406         
  15876  9152       37.4300    75                     37.0500  3549542         
  15896  9167       37.0500    75                     37.0500  3555195         
  15916  9181       37.1925    78                     37.0500  3560212         
  15936  9192       37.0500    66                     37.0500  3565623         
  15956  9200       42.4398    76                     37.0500  3571124         
Elapsed time = 2370.84 sec. (3090261.68 ticks, tree = 60.42 MB, solutions = 0)
  15982  9214       37.5484    77                     37.0500  3576866         
  16021  9240       42.2977    74                     37.0500  3582052         
  16041  9255       41.2300    49                     37.0500  3589241         
  16067  9276       38.8770    71                     37.0500  3595943         
  16097  9289       38.7435    64                     37.0500  3601902         
  16122  9304       37.0500    67                     37.0500  3608221         
  16151  9319       39.8263    78                     37.0500  3615493         
  16167  9327       40.4600    64                     37.0500  3620780         
  16185  9335       44.2475    66                     37.0500  3627529         
  16211  9355       37.1972    77                     37.0500  3632681         
Elapsed time = 2405.73 sec. (3130144.26 ticks, tree = 61.04 MB, solutions = 0)
  16243  9377       42.3600    70                     37.0500  3639567         
  16271  9394       37.2600    69                     37.0500  3644304         
  16292  9405       37.0500    71                     37.0500  3649330         
  16309  9418       39.0861    59                     37.0500  3654876         
  16325  9426       38.9621    85                     37.0500  3659324         
  16343  9433       37.0661    89                     37.0500  3664641         
  16363  9449       40.6151    65                     37.0500  3669342         
  16391  9466       46.2159    73                     37.0500  3675298         
  16407  9473       40.1000    66                     37.0500  3679911         
  16431  9489       38.3736    91                     37.0500  3684622         
Elapsed time = 2438.09 sec. (3170725.50 ticks, tree = 62.00 MB, solutions = 0)
  16449  9497       39.0700    64                     37.0500  3688722         
  16473  9505    infeasible                           37.0500  3695220         
  16492  9515       38.5246    79                     37.0500  3700366         
  16512  9530       42.3339    68                     37.0500  3705571         
  16539  9543       37.2600    84                     37.0500  3710893         
  16548  9550       37.2600    72                     37.0500  3716525         
  16562  9557       37.0500    84                     37.0500  3722238         
  16585  9572       37.0500    82                     37.0500  3728221         
  16611  9590       38.3378    69                     37.0500  3734763         
  16633  9602       39.6430    67                     37.0500  3740968         
Elapsed time = 2469.98 sec. (3210148.33 ticks, tree = 62.45 MB, solutions = 0)
  16648  9611       38.9815    82                     37.0500  3747391         
  16676  9626       41.2587    80                     37.0500  3753208         
  16702  9636       43.2877    85                     37.0500  3759319         
  16725  9641       39.2822    74                     37.0500  3765670         
  16762  9664       39.7000    76                     37.0500  3771513         
  16796  9681       43.5422    71                     37.0500  3778331         
  16820  9687       37.0500   112                     37.0500  3784553         
  16826  9693       37.8200   134                     37.0500  3786918         
  16832  9699       39.4500   106                     37.0500  3789163         
  16839  9706       42.3600    69                     37.0500  3792645         
Elapsed time = 2502.94 sec. (3251632.76 ticks, tree = 62.88 MB, solutions = 0)
  16857  9717       38.0900    90                     37.0500  3796770         
  16868  9728       38.6100    93                     37.0500  3800140         
  16874  9734       40.0300    93                     37.0500  3802875         
  16893  9752       39.0330    73                     37.0500  3807670         
  16907  9762       37.9500    93                     37.0500  3810858         
  16929  9784       38.1600    60                     37.0500  3814275         
  16944  9795       37.0500    88                     37.0500  3820102         
  16964  9811       37.0500    66                     37.0500  3826649         
  16979  9822       38.4374    68                     37.0500  3833876         
  17013  9844       37.3380    80                     37.0500  3839495         
Elapsed time = 2535.29 sec. (3291982.41 ticks, tree = 63.64 MB, solutions = 0)
  17035  9858       37.0500    88                     37.0500  3844528         
  17048  9869    infeasible                           37.0500  3850446         
  17064  9877       37.0500   136                     37.0500  3855423         
  17081  9894       37.9500   102                     37.0500  3858111         
  17101  9913       39.2628    87                     37.0500  3862871         
  17126  9923       37.0500    78                     37.0500  3869496         
  17159  9948    infeasible                           37.0500  3875342         
  17181  9962       38.8500    76                     37.0500  3882526         
  17210  9984       38.4700    73                     37.0500  3888567         
  17241 10003       37.0893    77                     37.0500  3895642         
Elapsed time = 2567.35 sec. (3332005.39 ticks, tree = 64.29 MB, solutions = 0)
  17255 10013       37.0500    74                     37.0500  3901465         
  17273 10031       37.9600    66                     37.0500  3906814         
  17288 10046       39.8309    56                     37.0500  3913265         
  17309 10061       39.0516    67                     37.0500  3919939         
  17337 10077       43.0029    52                     37.0500  3926097         
  17355 10087       37.4400    70                     37.0500  3931938         
  17382 10112       39.6762    64                     37.0500  3937173         
  17415 10134       39.7041    76                     37.0500  3942156         
  17437 10152       37.4458    79                     37.0500  3948436         
  17455 10161       37.0500    71                     37.0500  3954012         
Elapsed time = 2600.57 sec. (3370991.77 ticks, tree = 64.93 MB, solutions = 0)
  17475 10175       48.0958    58                     37.0500  3960174         
  17492 10188       45.2951    66                     37.0500  3964889         
  17545 10215       37.0787    88                     37.0500  3970106         
  17571 10233       37.0500    83                     37.0500  3976594         
  17589 10251       39.6762    72                     37.0500  3981931         
  17613 10267       40.8857    78                     37.0500  3986397         
  17640 10282       37.0500    69                     37.0500  3991419         
  17660 10286       38.4928    97                     37.0500  3997669         
  17685 10301       37.4279    73                     37.0500  4002243         
  17702 10308       37.0500    80                     37.0500  4007337         
Elapsed time = 2632.65 sec. (3410451.27 ticks, tree = 65.73 MB, solutions = 0)
  17724 10326       37.0500    61                     37.0500  4012830         
  17738 10340       38.4289    62                     37.0500  4018431         
  17786 10367       37.0520    54                     37.0500  4023660         
  17819 10384       37.9275    64                     37.0500  4029316         
  17836 10397       37.0500    60                     37.0500  4034670         
  17878 10429       46.6735    42                     37.0500  4038904         
  17904 10442       37.0500    73                     37.0500  4044372         
  17935 10455       43.8442    50                     37.0500  4050191         
  17959 10465       43.6742    54                     37.0500  4056075         
  17976 10474       39.4300    64                     37.0500  4060510         
Elapsed time = 2665.04 sec. (3450384.42 ticks, tree = 66.39 MB, solutions = 0)
  17994 10488       37.0500    78                     37.0500  4065917         
  18024 10508       37.0500    56                     37.0500  4071679         
  18045 10523    infeasible                           37.0500  4076036         
  18080 10537    infeasible                           37.0500  4082014         
  18113 10555       38.5302    58                     37.0500  4089065         
  18158 10577       37.0500    55                     37.0500  4094664         
  18184 10594       42.0678    49                     37.0500  4100740         
  18224 10610       37.0647    59                     37.0500  4107695         
  18259 10635       37.0502    61                     37.0500  4114323         
  18289 10658       39.1699    55                     37.0500  4120614         
Elapsed time = 2697.20 sec. (3489442.15 ticks, tree = 67.14 MB, solutions = 0)
  18319 10678       38.1422    60                     37.0500  4127440         
  18354 10692       40.7312    62                     37.0500  4133727         
  18392 10709       41.3819    65                     37.0500  4140092         
  18429 10734       37.0500    55                     37.0500  4146377         
  18472 10757       37.0500    52                     37.0500  4151678         
  18504 10777       39.2754    66                     37.0500  4158638         
  18532 10794       37.0500    58                     37.0500  4164484         
  18554 10809       37.7936    68                     37.0500  4170610         
  18575 10825       38.3860    44                     37.0500  4175747         
  18601 10838       42.9000    52                     37.0500  4183048         
Elapsed time = 2731.37 sec. (3528374.79 ticks, tree = 67.87 MB, solutions = 0)
  18616 10849       40.5700    77                     37.0500  4187973         
  18630 10857       37.2600    72                     37.0500  4194492         
  18662 10877       37.8998    76                     37.0500  4200953         
  18700 10905       37.1117    73                     37.0500  4207462         
  18753 10941       39.2080    49                     37.0500  4211736         
  18773 10949       37.0500   132                     37.0500  4214956         
  18787 10963       37.0500    98                     37.0500  4218130         
  18806 10979       45.4300    63                     37.0500  4222903         
  18824 10991       37.0960    72                     37.0500  4227373         
  18846 11007       37.0500    73                     37.0500  4234137         
Elapsed time = 2764.28 sec. (3568344.74 ticks, tree = 68.56 MB, solutions = 0)
  18864 11025       40.2221   104                     37.0500  4240010         
  18890 11045       37.3983    90                     37.0500  4245556         
  18921 11068       39.8408    69                     37.0500  4251121         
  18952 11091       37.0500    81                     37.0500  4257589         
  18978 11111       37.2064    75                     37.0500  4262372         
  19017 11138       40.3443    71                     37.0500  4266899         
  19042 11153       41.4916    94                     37.0500  4272370         
  19062 11163       37.2600    59                     37.0500  4278246         
  19078 11174       38.0923    66                     37.0500  4282775         
  19100 11188       37.2076    73                     37.0500  4288713         
Elapsed time = 2796.31 sec. (3608037.29 ticks, tree = 69.30 MB, solutions = 0)
  19121 11203       45.4819    71                     37.0500  4292804         
  19146 11218       39.2321    75                     37.0500  4297574         
  19168 11227       40.7934    99                     37.0500  4302477         
  19181 11236       39.6400    70                     37.0500  4307435         
  19194 11243       37.0500    83                     37.0500  4312073         
  19228 11271    infeasible                           37.0500  4316425         
  19252 11293       39.9520    71                     37.0500  4320752         
  19279 11312       37.1252    76                     37.0500  4326683         
  19306 11331       37.8029   103                     37.0500  4332433         
  19350 11365       37.5652    90                     37.0500  4336885         
Elapsed time = 2829.59 sec. (3647374.55 ticks, tree = 70.02 MB, solutions = 0)
  19389 11392       39.0700    76                     37.0500  4341403         
  19409 11406       46.2260    89                     37.0500  4348165         
  19442 11433       40.7135    67                     37.0500  4352844         
  19477 11450       41.2497    64                     37.0500  4359125         
  19514 11474       39.8100    80                     37.0500  4365836         
  19542 11492       38.8960    79                     37.0500  4372695         
  19568 11510       41.5374    71                     37.0500  4380218         
  19598 11530       39.0700    80                     37.0500  4387037         
  19634 11552       39.0700    79                     37.0500  4393369         
  19656 11570       39.2800    71                     37.0500  4397736         
Elapsed time = 2862.82 sec. (3687428.52 ticks, tree = 70.85 MB, solutions = 0)
  19682 11594       42.0292    79                     37.0500  4404145         
  19700 11602       37.0605    80                     37.0500  4410154         
  19721 11619       37.1002    79                     37.0500  4415894         
  19750 11634       37.1738    79                     37.0500  4422017         
  19779 11653       39.1619    87                     37.0500  4428018         
  19793 11659       39.2000   114                     37.0500  4431008         
  19800 11666       42.7000   105                     37.0500  4434101         
  19819 11681       37.0500    83                     37.0500  4437416         
  19835 11693    infeasible                           37.0500  4444457         
  19863 11710       37.0511    78                     37.0500  4449937         
Elapsed time = 2895.03 sec. (3727856.75 ticks, tree = 71.42 MB, solutions = 0)
  19883 11724       39.7344    66                     37.0500  4455608         
  19909 11740       45.1700    78                     37.0500  4461572         
  19930 11757       37.0523    73                     37.0500  4468247         
  19952 11775       38.2000    64                     37.0500  4473884         
  19977 11787       37.0500    71                     37.0500  4479867         
  19995 11801    infeasible                           37.0500  4486001         
  20027 11818    infeasible                           37.0500  4490987         
  20043 11822       37.6498    86                     37.0500  4496869         
  20059 11836       39.8325    57                     37.0500  4503819         
  20098 11859       39.1134    76                     37.0500  4507888         
Elapsed time = 2930.72 sec. (3767181.03 ticks, tree = 72.02 MB, solutions = 0)
  20118 11871    infeasible                           37.0500  4514142         
  20143 11888       37.5700    70                     37.0500  4519715         
  20182 11907       38.1600    67                     37.0500  4525879         
  20213 11932       38.9644    71                     37.0500  4531167         
  20249 11958       37.6709    74                     37.0500  4535484         
  20275 11969       38.0628    69                     37.0500  4543709         
  20299 11987       37.0500    63                     37.0500  4547506         
  20328 12003    infeasible                           37.0500  4555614         
  20348 12017       42.8741    70                     37.0500  4561627         
  20378 12036       39.2752    63                     37.0500  4567659         
Elapsed time = 2966.15 sec. (3807077.17 ticks, tree = 72.74 MB, solutions = 0)
  20406 12052       38.9360    81                     37.0500  4572454         
  20437 12075       39.2079    80                     37.0500  4575979         
  20452 12080       41.1100    64                     37.0500  4581562         
  20470 12090       43.9271    55                     37.0500  4587223         
  20499 12101       37.0747    68                     37.0500  4593505         
  20524 12114       37.4729    60                     37.0500  4598834         
  20538 12120       38.4700    70                     37.0500  4604516         
  20558 12133       37.6554    83                     37.0500  4609665         
  20575 12138       37.0500    71                     37.0500  4614806         
  20647 12188       37.0500    56                     37.0500  4635971         
Elapsed time = 3008.14 sec. (3859254.48 ticks, tree = 73.36 MB, solutions = 0)
  20750 12239       37.2600    83                     37.0500  4653535         
  20810 12284       38.6300    95                     37.0500  4672415         
  20880 12333       37.0500    76                     37.0500  4695697         
  20966 12393       37.6428    80                     37.0500  4716729         
  21070 12450       37.2600    59                     37.0500  4741722         
  21168 12513       39.5400    64                     37.0500  4767347         
  21279 12586       39.8362    61                     37.0500  4792445         
  21363 12636       38.3377    62                     37.0500  4818178         
  21456 12692       37.0500    80                     37.0500  4843180         
  21549 12749       37.8571    75                     37.0500  4868286         
Elapsed time = 3140.03 sec. (4014004.14 ticks, tree = 75.64 MB, solutions = 0)
  21605 12789       37.0508    65                     37.0500  4887935         
  21675 12833       39.4800    63                     37.0500  4906736         
  21763 12888    infeasible                           37.0500  4929851         
  21845 12944       37.0890    87                     37.0500  4951402         
  21945 13005       37.4013    67                     37.0500  4972899         
  22032 13062       37.4300    62                     37.0500  4993587         
  22137 13125       37.0500    88                     37.0500  5015137         
  22190 13158       37.2600   112                     37.0500  5034444         
  22291 13219       37.3227    86                     37.0500  5054504         
  22383 13273       37.0500    70                     37.0500  5078961         
Elapsed time = 3270.50 sec. (4168498.99 ticks, tree = 78.38 MB, solutions = 0)
  22481 13317       41.9835    66                     37.0500  5102073         
  22581 13355       37.0500    84                     37.0500  5125275         
  22637 13401       37.0500   140                     37.0500  5141649         
  22682 13437       40.9433   112                     37.0500  5154320         
  22774 13507       37.0500    98                     37.0500  5176227         
  22842 13564       38.8900    95                     37.0500  5192276         
  22897 13613       37.0500   104                     37.0500  5211028         
  22976 13678       38.4739    92                     37.0500  5233015         
  23116 13776       37.7222    64                     37.0500  5253550         
  23241 13859       39.4100    69                     37.0500  5278482         
Elapsed time = 3395.66 sec. (4323773.84 ticks, tree = 80.98 MB, solutions = 0)
  23351 13939       39.8050    72                     37.0500  5304556         
  23443 13994       38.4700    79                     37.0500  5325967         
  23560 14085       38.4722    77                     37.0500  5345211         
  23670 14155       37.1598    75                     37.0500  5365427         
  23803 14252       38.4984    83                     37.0500  5384617         
  23945 14345       41.2170    92                     37.0500  5406014         
  24051 14417       41.5200    49                     37.0500  5430412         
  24178 14507       38.4370    88                     37.0500  5451403         
  24289 14580       38.9464    61                     37.0500  5475579         
  24401 14668       40.2484    59                     37.0500  5498560         
Elapsed time = 3528.05 sec. (4477223.02 ticks, tree = 84.27 MB, solutions = 0)
  24509 14724       37.0868    75                     37.0500  5523811         
  24594 14769       38.4855    79                     37.0500  5546209         
  24693 14826       39.0403    59                     37.0500  5569901         
  24817 14904    infeasible                           37.0500  5596660         
  24905 14962       37.0500    77                     37.0500  5619485         

GUB cover cuts applied:  16
Clique cuts applied:  120
Cover cuts applied:  37
Implied bound cuts applied:  42
Flow cuts applied:  23
Mixed integer rounding cuts applied:  175
Zero-half cuts applied:  2
Gomory fractional cuts applied:  9

Root node processing (before b&c):
  Real time             =   13.23 sec. (16161.46 ticks)
Sequential b&c:
  Real time             = 3586.78 sec. (4548253.72 ticks)
                          ------------
Total (root+branch&cut) = 3600.01 sec. (4564415.18 ticks)
