Version identifier: 22.1.0.0 | 2022-03-09 | 1a383f8ce
CPXPARAM_Read_DataCheck                          1
CPXPARAM_Threads                                 1
CPXPARAM_TimeLimit                               3600
Tried aggregator 2 times.
MIP Presolve eliminated 1270 rows and 252 columns.
MIP Presolve modified 32695 coefficients.
Aggregator did 314 substitutions.
Reduced MIP has 8912 rows, 904 columns, and 68082 nonzeros.
Reduced MIP has 694 binaries, 0 generals, 0 SOSs, and 0 indicators.
Presolve time = 0.10 sec. (100.68 ticks)
Probing time = 0.00 sec. (5.55 ticks)
Tried aggregator 1 time.
Detecting symmetries...
Reduced MIP has 8912 rows, 904 columns, and 68082 nonzeros.
Reduced MIP has 694 binaries, 0 generals, 0 SOSs, and 0 indicators.
Presolve time = 0.04 sec. (28.86 ticks)
Probing time = 0.00 sec. (5.52 ticks)
Clique table members: 626.
MIP emphasis: balance optimality and feasibility.
MIP search method: dynamic search.
Parallel mode: none, using 1 thread.
Root relaxation solution time = 0.03 sec. (41.01 ticks)

        Nodes                                         Cuts/
   Node  Left     Objective  IInf  Best Integer    Best Bound    ItCnt     Gap

      0     0       19.1000   132                     19.1000      349         
      0     0       19.1000   114                   Cuts: 199      520         
      0     0       19.1000   107                  Cuts: 1153      708         
      0     0       19.1000   108                  Cuts: 1053      882         
      0     0       19.1000   102                    Cuts: 75     1028         
      0     0       19.1000   109                  Cuts: 1224     1256         
Detecting symmetries...
Detecting symmetries...
      0     2       19.1000    60                     19.1000     1256         
Elapsed time = 6.06 sec. (6865.19 ticks, tree = 0.01 MB, solutions = 0)
     10    12       19.1000    67                     19.1000     2053         
     34    34       19.1000    51                     19.1000     2811         
     50    50       26.6500    54                     19.1000     3724         
     60    60       19.1000    47                     19.1000     4260         
     70    70       19.6236    86                     19.1000     5691         
     82    79       20.0940    76                     19.1000     7034         
     89    86       19.1000    43                     19.1000     8046         
    104    99       19.2655    72                     19.1000     9737         
    118   108       19.1000    53                     19.1000    11228         
    165   146       19.2921    53                     19.1000    16715         
Elapsed time = 8.10 sec. (10325.17 ticks, tree = 2.27 MB, solutions = 0)
    187   162       24.1900    33                     19.1000    19798         
    217   177       19.1000    47                     19.1000    24452         
    260   211       21.1400    37                     19.1000    27654         
    306   249       21.1574    34                     19.1000    32185         
    335   258       21.1400    37                     19.1000    35693         
    404   294       23.7000    31                     19.1000    40541         
    428   307       22.6887    40                     19.1000    45485         
    451   316       19.1000    42                     19.1000    49898         
    474   339       19.1000    39                     19.1000    54547         
    498   355       21.6300    31                     19.1000    59651         
Elapsed time = 14.46 sec. (20166.32 ticks, tree = 2.81 MB, solutions = 0)
    518   364       24.6473    22                     19.1000    64135         
    546   384       21.1400    20                     19.1000    69078         
    576   397       21.1508    52                     19.1000    73602         
    618   425       23.7000    42                     19.1000    78112         
    651   442       27.1400    32                     19.1000    83080         
    675   458       21.1400    18                     19.1000    88065         
    718   485       19.1608    67                     19.1000    92589         
    733   491       25.1400    38                     19.1000    96955         
    772   516       23.0700    20                     19.1000   101774         
    832   558       23.7000    65                     19.1000   106664         
Elapsed time = 20.69 sec. (30125.14 ticks, tree = 3.20 MB, solutions = 0)
    865   582       25.7000    23                     19.1000   109703         
    895   599       19.1000    58                     19.1000   114354         
    922   624       21.1400    42                     19.1000   118659         
    947   638       23.7000    19                     19.1000   123236         
    982   661       19.1000    43                     19.1000   127800         

Performing restart 1

Repeating presolve.
Tried aggregator 1 time.
Reduced MIP has 8912 rows, 904 columns, and 68082 nonzeros.
Reduced MIP has 694 binaries, 0 generals, 0 SOSs, and 0 indicators.
Presolve time = 0.02 sec. (22.58 ticks)
Tried aggregator 1 time.
Reduced MIP has 8912 rows, 904 columns, and 68082 nonzeros.
Reduced MIP has 694 binaries, 0 generals, 0 SOSs, and 0 indicators.
Presolve time = 0.03 sec. (29.43 ticks)
Represolve time = 0.10 sec. (98.57 ticks)
   1010     0       19.1000    80                   Cuts: 119   131722         
   1010     0       19.1000    90                   Cuts: 985   131895         
   1010     0       19.1000    79                   Cuts: 167   132110         
   1010     0       19.1000    95                  Cuts: 1126   132321         
   1010     0       19.1000    75                   Cuts: 258   132568         
   1010     0       19.1000    89                  Cuts: 1070   132747         
   1010     0       19.1000    70                   Cuts: 166   132937         
   1010     0       19.1000    73                   Cuts: 976   133112         
   1010     2       19.1000    49                     19.1000   133112         
   1013     4       19.1000    68                     19.1000   133529         
   1021    12       19.1000    57                     19.1000   133865         
   1026    16       19.1000    60                     19.1000   134312         
   1030    20       19.1000    63                     19.1000   134675         
Elapsed time = 33.98 sec. (48830.37 ticks, tree = 0.44 MB, solutions = 0)
   1050    37       19.1000    66                     19.1000   135343         
   1067    54       19.1000    57                     19.1000   136238         
   1083    70       19.1000    45                     19.1000   137159         
   1095    80       19.1000    50                     19.1000   138788         
   1107    90       22.5400    34                     19.1000   140940         
   1122    93       19.1000    38                     19.1000   143837         
   1139   107       19.1000    32                     19.1000   146009         
   1152   118       19.1000    27                     19.1000   148159         
   1172   124    infeasible                           19.1000   150743         
   1190   127       19.1286    37                     19.1000   153485         
Elapsed time = 40.30 sec. (58840.36 ticks, tree = 3.06 MB, solutions = 0)
   1222   143    infeasible                           19.1000   156998         
   1245   154    infeasible                           19.1000   160747         
   1258   159       20.5400    29                     19.1000   163204         
   1278   165       19.5900    28                     19.1000   166301         
   1298   181       21.8785    32                     19.1000   169095         
   1325   190    infeasible                           19.1000   172805         
   1340   196       21.1086    22                     19.1000   175711         
   1361   207       20.5400    24                     19.1000   178964         
   1375   215       19.4044    32                     19.1000   181496         
   1395   221       19.5405    36                     19.1000   185903         
Elapsed time = 47.18 sec. (68976.96 ticks, tree = 3.47 MB, solutions = 0)
   1406   228       19.8721    27                     19.1000   188585         
   1425   236       20.5400    25                     19.1000   191898         
   1440   239       19.5405    34                     19.1000   195443         
   1468   247       19.6311    28                     19.1000   198738         
   1488   251    infeasible                           19.1000   202520         
   1517   262       20.5715    29                     19.1000   205961         
   1542   269       19.1000    38                     19.1000   209474         
   1569   277    infeasible                           19.1000   213697         
   1588   278       19.3652    43                     19.1000   216967         
   1604   288       19.1000    37                     19.1000   219498         
Elapsed time = 54.08 sec. (78830.69 ticks, tree = 3.38 MB, solutions = 0)
   1630   300    infeasible                           19.1000   222021         
   1653   307       20.5400    30                     19.1000   225395         
   1668   312       19.1000    41                     19.1000   228263         
   1684   327       24.0900    24                     19.1000   231167         
   1707   328       22.9449    24                     19.1000   234773         
   1725   330       19.2607    30                     19.1000   237539         
   1750   331    infeasible                           19.1000   240697         
   1770   341       19.1000    27                     19.1000   243668         
   1794   341    infeasible                           19.1000   247300         
   1815   345    infeasible                           19.1000   250773         
Elapsed time = 60.98 sec. (88653.24 ticks, tree = 3.33 MB, solutions = 0)
   1833   355       22.5800    27                     19.1000   253899         
   1857   360    infeasible                           19.1000   257026         
   1881   366       19.1000    44                     19.1000   260456         
   1907   377       19.1000    28                     19.1000   263221         
   1932   382       19.1000    25                     19.1000   266847         
   1967   392       19.5353    24                     19.1000   270758         
   1996   401    infeasible                           19.1000   274863         
   2012   408       19.1000    34                     19.1000   277819         

Performing restart 2

Repeating presolve.
Tried aggregator 1 time.
MIP Presolve eliminated 5 rows and 0 columns.
MIP Presolve modified 13 coefficients.
Reduced MIP has 8907 rows, 904 columns, and 72378 nonzeros.
Reduced MIP has 694 binaries, 0 generals, 0 SOSs, and 0 indicators.
Presolve time = 0.03 sec. (34.55 ticks)
Tried aggregator 1 time.
Reduced MIP has 8907 rows, 904 columns, and 72378 nonzeros.
Reduced MIP has 694 binaries, 0 generals, 0 SOSs, and 0 indicators.
Presolve time = 0.04 sec. (32.00 ticks)
Represolve time = 0.16 sec. (135.98 ticks)
   2020     0       19.1000   130                   Cuts: 450   279406         
   2020     0       19.1000   128                   Cuts: 923   279658         
   2020     0       19.1000   144                   Cuts: 954   279811         
   2020     0       19.1000    71                    Cuts: 62   280016         
   2020     0       19.1000    93                   Cuts: 428   280209         
   2020     0       19.1000    92                   Cuts: 158   280467         
   2020     0       19.1000   101                    Cuts: 48   280644         
   2020     0       19.1000   100                   Cuts: 455   280880         
   2020     0       19.1000    91                    Cuts: 96   281104         
   2020     0       19.1000   105                  Cuts: 1991   281378         
   2020     2       19.1000    65                     19.1000   281378         
   2023     5       19.1000    61                     19.1000   281881         
Elapsed time = 90.48 sec. (127649.23 ticks, tree = 0.01 MB, solutions = 0)
   2028    10       19.1000    64                     19.1000   282075         
   2031    13       19.1000    74                     19.1000   282406         
   2040    22       19.1000    70                     19.1000   282700         
   2043    24       19.1000    57                     19.1000   282796         
   2048    29       19.1000    67                     19.1000   283673         
   2051    32       19.1000    68                     19.1000   284464         
   2055    36       19.1000    61                     19.1000   284577         
   2060    41       19.1000    61                     19.1000   284958         
   2067    47       19.1000    46                     19.1000   285360         
   2081    59       19.1000    38                     19.1000   287893         
Elapsed time = 98.16 sec. (141426.64 ticks, tree = 1.80 MB, solutions = 0)
   2102    68       21.1400    31                     19.1000   291834         
   2145    90       19.1000    33                     19.1000   298228         
   2193   114       19.1000    22                     19.1000   304879         
   2260   117       25.1400    10                     19.1000   315720         
   2314   145       20.6798    38                     19.1000   324772         
   2360   168       19.6418    33                     19.1000   332917         
   2409   196       23.7000    28                     19.1000   341635         
   2469   219       21.1400    31                     19.1000   353543         
   2535   243       21.2784    35                     19.1000   366048         
   2594   271       21.1400    24                     19.1000   377430         
Elapsed time = 123.02 sec. (180124.09 ticks, tree = 3.90 MB, solutions = 0)
   2672   307       21.1400    37                     19.1000   390856         
   2753   340       25.2100    32                     19.1000   403727         
   2814   371       21.1400    24                     19.1000   416586         
   2877   397       23.7000    40                     19.1000   430576         
   2954   431       21.1400    31                     19.1000   445619         
   3011   446       23.1700    44                     19.1000   456724         
   3040   467       19.1000    42                     19.1000   461741         
   3091   493       19.1000    39                     19.1000   471159         
   3156   516       19.1000    33                     19.1000   482693         
   3249   547       24.8449    34                     19.1000   496899         
Elapsed time = 149.88 sec. (218874.58 ticks, tree = 4.26 MB, solutions = 0)
   3318   574       19.1000    32                     19.1000   511345         
   3399   598       19.1000    33                     19.1000   524474         
   3490   638       19.1281    45                     19.1000   537067         
   3548   660       19.1000    40                     19.1000   546818         
   3642   697       24.1170    21                     19.1000   559050         
   3724   734       23.3096    22                     19.1000   572039         
   3850   794       21.5759    33                     19.1000   587059         
   3949   849       21.1400    25                     19.1000   597902         
   4033   874       21.1400    25                     19.1000   610354         
   4132   919       19.1630    37                     19.1000   621473         
Elapsed time = 178.94 sec. (257745.05 ticks, tree = 4.81 MB, solutions = 0)
   4236   970       24.1359    32                     19.1000   633009         
   4324  1010       26.6500    10                     19.1000   643905         
   4405  1045       21.3713    23                     19.1000   654323         
   4474  1081       19.1000    45                     19.1000   663987         
   4546  1113       19.1000    36                     19.1000   674914         
   4613  1133    infeasible                           19.1000   685350         
   4690  1180       21.1400    31                     19.1000   695740         
   4778  1217       21.6600    35                     19.1000   706773         
   4854  1260       19.1000    35                     19.1000   717378         
   4945  1305       23.7000    20                     19.1000   730303         
Elapsed time = 206.91 sec. (296165.26 ticks, tree = 5.43 MB, solutions = 0)
   5035  1340       19.4278    29                     19.1000   742914         
   5184  1407       19.3819    38                     19.1000   755372         
   5275  1457       23.2469    26                     19.1000   766306         
   5367  1499       21.2721    24                     19.1000   778858         
   5474  1546       19.2490    34                     19.1000   791114         
   5575  1610       21.9888    23                     19.1000   802678         
   5669  1658       19.1000    31                     19.1000   816507         
   5747  1695       19.1000    28                     19.1000   826453         
   5842  1747    infeasible                           19.1000   835461         
   5943  1795    infeasible                           19.1000   848756         
Elapsed time = 236.99 sec. (334568.24 ticks, tree = 6.16 MB, solutions = 0)
*  6030  1680      integral     0       26.6500       19.1000   857958   28.33%
   6056  1691       19.6007    33       26.6500       19.1000   859543   28.33%
   6192  1773       19.1000    34       26.6500       19.1000   871501   28.33%
   6308  1838       19.3743    39       26.6500       19.1000   885431   28.33%
   6420  1903       19.1000    33       26.6500       19.1000   897755   28.33%
   6518  1957       20.3256    30       26.6500       19.1000   909674   28.33%
   6620  2001       19.2283    35       26.6500       19.1000   921480   28.33%
   6732  2063       19.6672    33       26.6500       19.1000   933270   28.33%
   6880  2148       20.2297    39       26.6500       19.1000   946278   28.33%
   6987  2212    infeasible             26.6500       19.1000   958015   28.33%
   7085  2260       23.7000    22       26.6500       19.1000   970423   28.33%
Elapsed time = 269.50 sec. (376714.70 ticks, tree = 6.81 MB, solutions = 1)
*  7120+ 2099                           25.1400       19.1000            24.03%
   7158  2125    infeasible             25.1400       19.1000   979365   24.03%
   7220  2150       21.8275    26       25.1400       19.1000   987569   24.03%
   7301  2189       23.7000    26       25.1400       19.1000  1000219   24.03%
   7386  2228    infeasible             25.1400       19.1000  1013881   24.03%
   7483  2275       19.3426    38       25.1400       19.1000  1025793   24.03%
   7570  2318       19.1551    30       25.1400       19.1000  1039633   24.03%
   7652  2361       19.9291    37       25.1400       19.1000  1051764   24.03%
   7720  2389       19.1000    40       25.1400       19.1000  1058859   24.03%
   7806  2418       22.1111    23       25.1400       19.1000  1068374   24.03%
   7900  2458       23.7000    21       25.1400       19.1000  1079951   24.03%
Elapsed time = 301.74 sec. (418600.97 ticks, tree = 6.76 MB, solutions = 2)
   8002  2500    infeasible             25.1400       19.1000  1092673   24.03%
   8100  2543       19.7975    36       25.1400       19.1000  1105546   24.03%
   8184  2558       21.6600    36       25.1400       19.1000  1121821   24.03%
   8280  2588       19.8878    30       25.1400       19.1000  1136806   24.03%
   8361  2611       22.2000    30       25.1400       19.1000  1150431   24.03%
   8430  2630       19.6552    40       25.1400       19.1000  1162818   24.03%
   8488  2656       21.1400    27       25.1400       19.1000  1173574   24.03%
   8548  2686       19.2321    29       25.1400       19.1000  1184464   24.03%
   8636  2733       20.6653    31       25.1400       19.1000  1198271   24.03%
   8728  2774       21.6600    32       25.1400       19.1000  1211502   24.03%
Elapsed time = 331.00 sec. (456952.49 ticks, tree = 7.23 MB, solutions = 2)
   8823  2828       19.8847    40       25.1400       19.1000  1225303   24.03%
   8937  2877       22.6093    36       25.1400       19.1000  1238418   24.03%
   9035  2920       21.1400    35       25.1400       19.1000  1251077   24.03%
   9104  2949       19.1000    37       25.1400       19.1000  1261437   24.03%
   9172  2978       19.8450    37       25.1400       19.1000  1272794   24.03%
   9262  3027       20.1420    24       25.1400       19.1000  1285287   24.03%
   9342  3060       21.1400    30       25.1400       19.1000  1298936   24.03%
   9420  3092       21.6600    31       25.1400       19.1000  1312788   24.03%
   9517  3140       19.1000    37       25.1400       19.1000  1326313   24.03%
   9601  3174       19.2255    34       25.1400       19.1000  1338439   24.03%
Elapsed time = 363.12 sec. (497529.74 ticks, tree = 7.83 MB, solutions = 2)
   9679  3212       19.1000    25       25.1400       19.1000  1348918   24.03%
   9774  3236       23.6648    23       25.1400       19.1000  1361144   24.03%
   9860  3266       21.6698    28       25.1400       19.1000  1372294   24.03%
   9943  3290    infeasible             25.1400       19.1000  1383732   24.03%
  10029  3318       24.0900    15       25.1400       19.1000  1396968   24.03%
  10110  3347       19.8782    29       25.1400       19.1000  1409812   24.03%
  10213  3385       21.1608    21       25.1400       19.1000  1423601   24.03%
  10314  3416       19.1000    26       25.1400       19.1000  1437895   24.03%
  10409  3451       19.1000    33       25.1400       19.1000  1451538   24.03%
  10546  3507        cutoff             25.1400       19.1000  1465743   24.03%
Elapsed time = 392.08 sec. (535981.43 ticks, tree = 8.33 MB, solutions = 2)
  10646  3543       22.9788    30       25.1400       19.1000  1479529   24.03%
  10704  3559       19.1000    35       25.1400       19.1000  1490403   24.03%
  10775  3589       21.5515    35       25.1400       19.1000  1502702   24.03%
  10866  3630       21.5196    39       25.1400       19.1000  1513938   24.03%
  10947  3670       21.2071    42       25.1400       19.1000  1525276   24.03%
  11038  3711       19.1000    36       25.1400       19.1000  1537611   24.03%
  11133  3765       21.6881    27       25.1400       19.1000  1550601   24.03%
  11237  3816        cutoff             25.1400       19.1000  1564981   24.03%
  11320  3868       23.7000    19       25.1400       19.1000  1577754   24.03%
  11419  3917       19.1000    31       25.1400       19.1000  1590919   24.03%
Elapsed time = 422.21 sec. (575087.97 ticks, tree = 8.94 MB, solutions = 2)
  11515  3958       19.1000    22       25.1400       19.1000  1606124   24.03%
  11598  3997       19.2013    33       25.1400       19.1000  1619206   24.03%
  11681  4031       19.1000    29       25.1400       19.1000  1630478   24.03%
  11784  4068       19.1000    31       25.1400       19.1000  1643415   24.03%
  11875  4088    infeasible             25.1400       19.1000  1657852   24.03%
  11928  4103       20.0209    41       25.1400       19.1000  1666452   24.03%
  12026  4148    infeasible             25.1400       19.1000  1680253   24.03%
  12105  4189       19.2013    34       25.1400       19.1000  1695100   24.03%
  12192  4219       19.1755    37       25.1400       19.1000  1709215   24.03%
  12250  4254       19.7963    40       25.1400       19.1000  1719773   24.03%
Elapsed time = 452.57 sec. (613595.38 ticks, tree = 9.59 MB, solutions = 2)
  12356  4293        cutoff             25.1400       19.1000  1735007   24.03%
  12438  4324       21.1400    34       25.1400       19.1000  1746254   24.03%
  12526  4344       19.1000    33       25.1400       19.1000  1758180   24.03%
  12644  4383       23.7000    22       25.1400       19.1000  1771793   24.03%
  12729  4425        cutoff             25.1400       19.1000  1785858   24.03%
  12816  4457       19.7628    35       25.1400       19.1000  1800213   24.03%
  12920  4498       19.1000    37       25.1400       19.1000  1811646   24.03%
  13020  4548       21.1400    26       25.1400       19.1000  1824901   24.03%
  13124  4596       22.4914    31       25.1400       19.1000  1838703   24.03%
  13220  4625       19.8512    34       25.1400       19.1000  1851966   24.03%
Elapsed time = 484.21 sec. (654006.77 ticks, tree = 10.15 MB, solutions = 2)
  13315  4651       19.2679    34       25.1400       19.1000  1863672   24.03%
  13417  4679       19.8512    36       25.1400       19.1000  1875694   24.03%
  13512  4725       19.1000    31       25.1400       19.1000  1888122   24.03%
  13603  4756       21.5171    26       25.1400       19.1000  1902121   24.03%
  13701  4790       19.1000    29       25.1400       19.1000  1916948   24.03%
  13814  4847       21.6600    34       25.1400       19.1000  1931166   24.03%
  13884  4882       21.7418    34       25.1400       19.1000  1944855   24.03%
  13975  4935       19.9974    31       25.1400       19.1000  1960530   24.03%
  14037  4953       20.6736    31       25.1400       19.1000  1970306   24.03%
  14103  4982       21.3833    27       25.1400       19.1000  1980922   24.03%
Elapsed time = 513.67 sec. (692454.32 ticks, tree = 10.68 MB, solutions = 2)
  14186  5021       22.6500    28       25.1400       19.1000  1993745   24.03%
  14266  5043       21.1400    25       25.1400       19.1000  2008322   24.03%
  14347  5075       20.2485    40       25.1400       19.1000  2023090   24.03%
  14412  5111       23.7000    23       25.1400       19.1000  2035264   24.03%
  14493  5148       23.5487    27       25.1400       19.1000  2048367   24.03%
  14578  5178       19.9856    37       25.1400       19.1000  2061051   24.03%
  14662  5234       21.1400    24       25.1400       19.1000  2074427   24.03%
  14744  5271       19.1000    30       25.1400       19.1000  2088617   24.03%
  14830  5304       21.1400    27       25.1400       19.1000  2102449   24.03%
  14912  5324       19.1000    34       25.1400       19.1000  2116595   24.03%
Elapsed time = 544.34 sec. (731048.96 ticks, tree = 11.19 MB, solutions = 2)
  14954  5334       20.2875    33       25.1400       19.1000  2123350   24.03%
  15061  5375       19.8425    33       25.1400       19.1000  2138965   24.03%
  15144  5397       19.1000    32       25.1400       19.1000  2153529   24.03%
  15206  5417       21.6600    27       25.1400       19.1000  2165917   24.03%
  15285  5449       21.1400    37       25.1400       19.1000  2178162   24.03%
  15374  5497       19.9489    32       25.1400       19.1000  2190620   24.03%
  15469  5543       21.2754    34       25.1400       19.1000  2203732   24.03%
  15545  5583       21.6600    25       25.1400       19.1000  2217489   24.03%
  15641  5613        cutoff             25.1400       19.1000  2231747   24.03%
  15729  5647       21.6600    34       25.1400       19.1000  2245553   24.03%
Elapsed time = 574.60 sec. (769546.56 ticks, tree = 11.67 MB, solutions = 2)
  15817  5686       19.1000    36       25.1400       19.1000  2259261   24.03%
  15912  5735       19.1000    35       25.1400       19.1000  2274124   24.03%
  16006  5769       19.1000    36       25.1400       19.1000  2288131   24.03%
  16060  5795       19.1000    34       25.1400       19.1000  2301021   24.03%
  16121  5816       21.7732    38       25.1400       19.1000  2313079   24.03%
  16193  5845       22.2152    25       25.1400       19.1000  2325470   24.03%
  16293  5890       19.1000    39       25.1400       19.1000  2339465   24.03%
  16350  5916       24.6589    35       25.1400       19.1000  2350350   24.03%
  16414  5949       19.3928    42       25.1400       19.1000  2360835   24.03%
  16436  5962       19.9659    47       25.1400       19.1000  2363520   24.03%
Elapsed time = 604.81 sec. (808387.15 ticks, tree = 12.15 MB, solutions = 2)
  16514  5986       21.6600    32       25.1400       19.1000  2375359   24.03%
  16598  6024       21.3079    31       25.1400       19.1000  2390249   24.03%
  16679  6057       20.5357    45       25.1400       19.1000  2405389   24.03%
  16768  6104       22.5800    32       25.1400       19.1000  2420780   24.03%
  16851  6147       22.1823    31       25.1400       19.1000  2435112   24.03%
  16917  6175       21.1545    30       25.1400       19.1000  2444901   24.03%
  16999  6206       21.1400    30       25.1400       19.1000  2458322   24.03%
  17072  6222       19.4223    33       25.1400       19.1000  2471820   24.03%
  17149  6254       21.1400    33       25.1400       19.1000  2485967   24.03%
  17234  6300    infeasible             25.1400       19.1000  2499527   24.03%
Elapsed time = 633.88 sec. (846835.82 ticks, tree = 12.65 MB, solutions = 2)
  17341  6346       19.2475    31       25.1400       19.1000  2514998   24.03%
  17460  6401       21.1400    31       25.1400       19.1000  2530798   24.03%
  17538  6418       21.1400    36       25.1400       19.1000  2546390   24.03%
  17629  6454       21.1400    28       25.1400       19.1000  2559189   24.03%
  17716  6497       19.6346    30       25.1400       19.1000  2572805   24.03%
  17800  6534       22.6500    20       25.1400       19.1000  2587316   24.03%
  17889  6560       19.5050    38       25.1400       19.1000  2601533   24.03%
  17986  6605       21.1545    25       25.1400       19.1000  2615984   24.03%
  18069  6639       21.3045    37       25.1400       19.1000  2630883   24.03%
  18152  6675       21.1491    24       25.1400       19.1000  2647322   24.03%
Elapsed time = 661.60 sec. (885329.25 ticks, tree = 13.21 MB, solutions = 2)
  18255  6714    infeasible             25.1400       19.1000  2664500   24.03%
  18373  6762       21.1615    28       25.1400       19.1000  2681292   24.03%
  18420  6776       21.1400    26       25.1400       19.1000  2689053   24.03%
  18518  6814       21.1400    29       25.1400       19.1000  2705373   24.03%
  18606  6851       19.2229    27       25.1400       19.1000  2720490   24.03%
  18699  6889       19.1292    38       25.1400       19.1000  2734115   24.03%
  18773  6924       19.1000    25       25.1400       19.1000  2747652   24.03%
  18846  6948       21.1400    32       25.1400       19.1000  2760578   24.03%
  18940  6984       19.1630    31       25.1400       19.1000  2772674   24.03%
  19013  6990       21.8211    33       25.1400       19.1000  2785577   24.03%
Elapsed time = 690.36 sec. (924861.90 ticks, tree = 13.68 MB, solutions = 2)
  19102  7017    infeasible             25.1400       19.1000  2798801   24.03%
  19187  7051        cutoff             25.1400       19.1000  2812191   24.03%
  19267  7078       19.9022    38       25.1400       19.1000  2825834   24.03%
  19357  7107       19.3884    40       25.1400       19.1000  2839753   24.03%
  19438  7130       19.1000    30       25.1400       19.1000  2854617   24.03%
  19514  7154       19.1000    27       25.1400       19.1000  2869628   24.03%
  19607  7184       19.1000    31       25.1400       19.1000  2884712   24.03%
  19693  7206       22.6651    34       25.1400       19.1000  2900130   24.03%
  19770  7229       20.4727    29       25.1400       19.1000  2914977   24.03%
  19869  7255    infeasible             25.1400       19.1000  2928653   24.03%
Elapsed time = 719.96 sec. (963256.22 ticks, tree = 14.08 MB, solutions = 2)
  19960  7285       21.9289    26       25.1400       19.1000  2942190   24.03%
  20044  7305       20.0585    29       25.1400       19.1000  2955970   24.03%
  20139  7336       19.1000    34       25.1400       19.1000  2970364   24.03%
  20222  7366       19.1000    26       25.1400       19.1000  2985502   24.03%
  20330  7402       21.4359    39       25.1400       19.1000  3002370   24.03%
  20436  7436       19.1000    37       25.1400       19.1000  3019019   24.03%
  20520  7461       19.1000    35       25.1400       19.1000  3032702   24.03%
  20622  7499       21.9898    23       25.1400       19.1000  3048398   24.03%
  20703  7517       21.1400    28       25.1400       19.1000  3063230   24.03%
  20786  7537       19.1169    31       25.1400       19.1000  3077509   24.03%
Elapsed time = 750.02 sec. (1004007.90 ticks, tree = 14.50 MB, solutions = 2)
  20887  7572       22.6500    20       25.1400       19.1000  3091293   24.03%
  20961  7587       19.1000    36       25.1400       19.1000  3103775   24.03%
  21060  7642       22.6500    20       25.1400       19.1000  3117060   24.03%
  21150  7677       24.4611    26       25.1400       19.1000  3132081   24.03%
  21238  7716       21.1400    24       25.1400       19.1000  3145592   24.03%
  21363  7779       19.8957    31       25.1400       19.1000  3161353   24.03%
  21449  7813       21.1400    25       25.1400       19.1000  3175424   24.03%
  21549  7863       20.1086    35       25.1400       19.1000  3190886   24.03%
  21640  7901       24.0900    26       25.1400       19.1000  3205117   24.03%
* 21745  7702      integral     0       24.0900       19.1000  3217578   20.71%
  21765  7706    infeasible             24.0900       19.1000  3219653   20.71%
Elapsed time = 778.62 sec. (1042445.33 ticks, tree = 14.75 MB, solutions = 3)
  21855  7724       19.1000    30       24.0900       19.1000  3233144   20.71%
  21955  7754       19.1000    34       24.0900       19.1000  3246973   20.71%
  22056  7776    infeasible             24.0900       19.1000  3261186   20.71%
  22150  7798       19.6884    24       24.0900       19.1000  3274056   20.71%
  22231  7828    infeasible             24.0900       19.1000  3286625   20.71%
  22340  7861       19.7187    26       24.0900       19.1000  3300522   20.71%
  22430  7907       19.2536    32       24.0900       19.1000  3312747   20.71%
  22527  7948       21.9365    26       24.0900       19.1000  3328770   20.71%
  22629  7962       19.8331    30       24.0900       19.1000  3344425   20.71%
  22723  7990    infeasible             24.0900       19.1000  3360781   20.71%
Elapsed time = 808.44 sec. (1080963.94 ticks, tree = 15.18 MB, solutions = 3)
  22819  8009       19.1000    23       24.0900       19.1000  3375857   20.71%
  22936  8053       21.1400    28       24.0900       19.1000  3390862   20.71%
  23018  8071       19.1000    25       24.0900       19.1000  3404732   20.71%
  23090  8091       19.1000    31       24.0900       19.1000  3417970   20.71%
  23151  8110       20.1086    29       24.0900       19.1000  3429804   20.71%
  23251  8148    infeasible             24.0900       19.1000  3443958   20.71%
  23332  8175    infeasible             24.0900       19.1000  3459199   20.71%
  23421  8209       20.6962    22       24.0900       19.1000  3473503   20.71%
  23502  8238       19.3989    35       24.0900       19.1000  3486815   20.71%
  23597  8262       21.1400    27       24.0900       19.1000  3500454   20.71%
Elapsed time = 838.14 sec. (1119517.77 ticks, tree = 15.91 MB, solutions = 3)
  23683  8279       19.8924    31       24.0900       19.1000  3514154   20.71%
  23763  8291       21.6698    28       24.0900       19.1000  3527829   20.71%
  23867  8317    infeasible             24.0900       19.1000  3541314   20.71%
  23994  8359       22.6500    16       24.0900       19.1000  3556718   20.71%
  24098  8393       19.1000    31       24.0900       19.1000  3570629   20.71%
  24183  8420       19.1000    30       24.0900       19.1000  3583692   20.71%
  24243  8445       21.6042    29       24.0900       19.1000  3591763   20.71%
  24350  8478       22.9998    17       24.0900       19.1000  3605507   20.71%
  24450  8502       19.3398    38       24.0900       19.1000  3618212   20.71%
  24544  8535       19.1000    27       24.0900       19.1000  3632197   20.71%
Elapsed time = 867.39 sec. (1158134.54 ticks, tree = 16.39 MB, solutions = 3)
  24637  8559    infeasible             24.0900       19.1000  3645905   20.71%
  24734  8592       22.9998    23       24.0900       19.1000  3660290   20.71%
  24840  8630       22.6500    26       24.0900       19.1000  3674772   20.71%
  24920  8647       19.1000    26       24.0900       19.1000  3687215   20.71%
  25005  8675    infeasible             24.0900       19.1000  3701036   20.71%
  25101  8707       21.8613    24       24.0900       19.1000  3715695   20.71%
  25199  8744       22.2355    27       24.0900       19.1000  3730660   20.71%
  25275  8766       19.1000    33       24.0900       19.1000  3746153   20.71%
  25320  8778       19.1000    28       24.0900       19.1000  3753095   20.71%
  25419  8813       22.6500    24       24.0900       19.1000  3766202   20.71%
Elapsed time = 896.75 sec. (1196792.78 ticks, tree = 16.80 MB, solutions = 3)
  25525  8852       19.1000    25       24.0900       19.1000  3779578   20.71%
  25611  8864       22.6500    28       24.0900       19.1000  3793335   20.71%
  25705  8903       19.6552    34       24.0900       19.1000  3807106   20.71%
  25804  8926       20.1518    40       24.0900       19.1000  3820808   20.71%
  25900  8946       19.1000    36       24.0900       19.1000  3835619   20.71%
  25981  8968       21.5759    28       24.0900       19.1000  3848461   20.71%
  26081  8998       19.1000    36       24.0900       19.1000  3863758   20.71%
  26185  9022       19.1000    32       24.0900       19.1000  3880339   20.71%
  26287  9046       19.1000    49       24.0900       19.1000  3895584   20.71%
  26342  9063        cutoff             24.0900       19.1000  3905975   20.71%
Elapsed time = 924.96 sec. (1235343.54 ticks, tree = 17.32 MB, solutions = 3)
  26391  9082       19.1000    38       24.0900       19.1000  3917645   20.71%
  26454  9098       21.6600    36       24.0900       19.1000  3928459   20.71%
  26532  9136       19.1000    39       24.0900       19.1000  3939929   20.71%
  26607  9175    infeasible             24.0900       19.1000  3952843   20.71%
  26683  9199    infeasible             24.0900       19.1000  3966900   20.71%
  26759  9223       19.1000    28       24.0900       19.1000  3981132   20.71%
  26829  9237       19.1000    39       24.0900       19.1000  3995115   20.71%
  26910  9267        cutoff             24.0900       19.1000  4009666   20.71%
  26977  9294       23.7000    25       24.0900       19.1000  4023316   20.71%
  27020  9315       23.7000    22       24.0900       19.1000  4031447   20.71%
Elapsed time = 955.05 sec. (1274819.48 ticks, tree = 17.83 MB, solutions = 3)
  27086  9339       23.7000    29       24.0900       19.1000  4046021   20.71%
  27173  9381       21.1478    15       24.0900       19.1000  4058959   20.71%
  27252  9402       21.1400    39       24.0900       19.1000  4072061   20.71%
  27315  9417    infeasible             24.0900       19.1000  4086054   20.71%
  27382  9434       19.1000    38       24.0900       19.1000  4099018   20.71%
  27471  9469       21.1400    23       24.0900       19.1000  4113920   20.71%
  27558  9514       21.1400    25       24.0900       19.1000  4127789   20.71%
  27638  9546       19.1000    27       24.0900       19.1000  4142919   20.71%
  27722  9570       21.1400    26       24.0900       19.1000  4158883   20.71%
  27804  9597       19.1000    32       24.0900       19.1000  4174172   20.71%
Elapsed time = 984.03 sec. (1313512.55 ticks, tree = 18.25 MB, solutions = 3)
  27859  9612       19.1000    40       24.0900       19.1000  4186002   20.71%
  27925  9632       19.1475    37       24.0900       19.1000  4199021   20.71%
  28010  9655       19.1000    35       24.0900       19.1000  4212755   20.71%
  28106  9675    infeasible             24.0900       19.1000  4227469   20.71%
  28194  9697       19.3165    40       24.0900       19.1000  4242092   20.71%
  28300  9736       23.7000    24       24.0900       19.1000  4258393   20.71%
  28392  9760       21.1400    26       24.0900       19.1000  4276204   20.71%
  28475  9784    infeasible             24.0900       19.1000  4292174   20.71%
  28551  9812       19.1000    26       24.0900       19.1000  4308838   20.71%
  28640  9829       19.1000    26       24.0900       19.1000  4324526   20.71%
Elapsed time = 1012.81 sec. (1351956.47 ticks, tree = 18.60 MB, solutions = 3)
  28718  9865       21.1400    24       24.0900       19.1000  4337902   20.71%
  28801  9896       19.1027    33       24.0900       19.1000  4353521   20.71%
  28870  9936       19.1340    29       24.0900       19.1000  4366849   20.71%
  28939  9957       19.2883    31       24.0900       19.1000  4379995   20.71%
  29016  9987       21.1400    33       24.0900       19.1000  4393615   20.71%
  29089 10019       21.3337    23       24.0900       19.1000  4406936   20.71%
  29120 10027       20.5271    25       24.0900       19.1000  4412732   20.71%
  29189 10058       21.1400    26       24.0900       19.1000  4425636   20.71%
  29290 10104       19.2580    26       24.0900       19.1000  4441860   20.71%
  29380 10146       21.1400    41       24.0900       19.1000  4455647   20.71%
Elapsed time = 1042.27 sec. (1391407.15 ticks, tree = 19.21 MB, solutions = 3)
  29466 10185       21.1400    34       24.0900       19.1000  4469885   20.71%
  29534 10209       19.1000    33       24.0900       19.1000  4483238   20.71%
  29641 10244       19.1246    29       24.0900       19.1000  4499315   20.71%
  29721 10277       21.1400    24       24.0900       19.1000  4513852   20.71%
  29800 10297       19.1000    29       24.0900       19.1000  4528370   20.71%
  29885 10325       19.8640    42       24.0900       19.1000  4543520   20.71%
  29973 10354       19.1000    38       24.0900       19.1000  4558110   20.71%
  30052 10390       19.5777    29       24.0900       19.1000  4572370   20.71%
  30130 10414       23.7000    29       24.0900       19.1000  4584893   20.71%
  30196 10433       23.7000    30       24.0900       19.1000  4596821   20.71%
Elapsed time = 1072.85 sec. (1429962.46 ticks, tree = 19.85 MB, solutions = 3)
  30276 10456       19.1000    39       24.0900       19.1000  4610941   20.71%
  30339 10488    infeasible             24.0900       19.1000  4624010   20.71%
  30405 10503       19.2429    33       24.0900       19.1000  4637189   20.71%
  30498 10542       19.1143    32       24.0900       19.1000  4652637   20.71%
  30585 10569    infeasible             24.0900       19.1000  4667272   20.71%
  30652 10598       22.3231    27       24.0900       19.1000  4680541   20.71%
  30747 10622       19.1000    27       24.0900       19.1000  4695149   20.71%
  30824 10641       20.1802    41       24.0900       19.1000  4710591   20.71%
  30896 10670    infeasible             24.0900       19.1000  4724301   20.71%
  30965 10690       19.1000    33       24.0900       19.1000  4738728   20.71%
Elapsed time = 1103.36 sec. (1468469.21 ticks, tree = 20.24 MB, solutions = 3)
  31048 10724       22.6500    28       24.0900       19.1000  4754020   20.71%
  31122 10746       19.2929    32       24.0900       19.1000  4768432   20.71%
  31188 10773       23.6684    28       24.0900       19.1000  4782579   20.71%
  31252 10793       22.5800    27       24.0900       19.1000  4796115   20.71%
  31316 10812       19.3033    33       24.0900       19.1000  4809824   20.71%
  31374 10823       21.5241    22       24.0900       19.1000  4822784   20.71%
  31443 10841       22.3401    31       24.0900       19.1000  4835988   20.71%
  31507 10864       23.4702    29       24.0900       19.1000  4850671   20.71%
  31520 10873       21.1400    37       24.0900       19.1000  4852851   20.71%
  31599 10897       22.1290    34       24.0900       19.1000  4867408   20.71%
Elapsed time = 1133.23 sec. (1507447.39 ticks, tree = 20.62 MB, solutions = 3)
  31671 10940       19.2654    42       24.0900       19.1000  4880775   20.71%
  31767 10975       19.1000    34       24.0900       19.1000  4896364   20.71%
  31868 11011       19.1000    23       24.0900       19.1000  4911370   20.71%
  31955 11032       20.6743    30       24.0900       19.1000  4927448   20.71%
  32031 11048       23.7000    30       24.0900       19.1000  4942744   20.71%
  32109 11076       23.7000    21       24.0900       19.1000  4957414   20.71%
  32188 11104       21.1400    27       24.0900       19.1000  4971143   20.71%
  32243 11129       21.1400    37       24.0900       19.1000  4984878   20.71%
  32306 11156       23.7000    27       24.0900       19.1000  4997128   20.71%
  32386 11186       19.1000    27       24.0900       19.1000  5011390   20.71%
Elapsed time = 1163.32 sec. (1546000.70 ticks, tree = 21.05 MB, solutions = 3)
  32445 11200       20.6256    40       24.0900       19.1000  5024320   20.71%
  32510 11225       22.6500    26       24.0900       19.1000  5037915   20.71%
  32587 11251        cutoff             24.0900       19.1000  5053190   20.71%
  32675 11294       21.1400    38       24.0900       19.1000  5067085   20.71%
  32748 11324       19.1000    30       24.0900       19.1000  5080820   20.71%
  32816 11354       20.2089    31       24.0900       19.1000  5094976   20.71%
  32888 11381       19.1000    27       24.0900       19.1000  5108770   20.71%
  32967 11412       19.1000    33       24.0900       19.1000  5123647   20.71%
  33037 11433       19.1000    39       24.0900       19.1000  5138920   20.71%
  33104 11452       19.1000    31       24.0900       19.1000  5152935   20.71%
Elapsed time = 1193.65 sec. (1584629.05 ticks, tree = 21.45 MB, solutions = 3)
  33162 11462       21.1400    45       24.0900       19.1000  5167816   20.71%
  33221 11489       19.1000    38       24.0900       19.1000  5180349   20.71%
  33295 11525       19.1000    33       24.0900       19.1000  5193697   20.71%
  33364 11553    infeasible             24.0900       19.1000  5208151   20.71%
  33446 11583       19.7946    31       24.0900       19.1000  5222604   20.71%
  33541 11601       19.7946    33       24.0900       19.1000  5237736   20.71%
  33604 11626        cutoff             24.0900       19.1000  5249478   20.71%
  33674 11641       22.5390    26       24.0900       19.1000  5263022   20.71%
  33749 11662       19.7776    31       24.0900       19.1000  5277668   20.71%
  33820 11685       19.1000    37       24.0900       19.1000  5292526   20.71%
Elapsed time = 1225.25 sec. (1626621.47 ticks, tree = 21.80 MB, solutions = 3)
  33898 11707       19.1000    39       24.0900       19.1000  5306652   20.71%
  33983 11748       21.1400    31       24.0900       19.1000  5321174   20.71%
  34061 11788       21.1400    35       24.0900       19.1000  5335381   20.71%
  34147 11823       23.7000    21       24.0900       19.1000  5349526   20.71%
  34220 11842       21.1400    23       24.0900       19.1000  5365214   20.71%
  34309 11877       19.1000    36       24.0900       19.1000  5380996   20.71%
  34384 11890       19.1000    28       24.0900       19.1000  5397524   20.71%
  34460 11909       21.1400    24       24.0900       19.1000  5411026   20.71%
  34534 11930       19.1000    27       24.0900       19.1000  5424366   20.71%
  34611 11952    infeasible             24.0900       19.1000  5438491   20.71%
Elapsed time = 1254.67 sec. (1665107.84 ticks, tree = 22.20 MB, solutions = 3)
  34695 11969       21.9090    27       24.0900       19.1000  5453925   20.71%
  34763 11990       21.1400    29       24.0900       19.1000  5468352   20.71%
  34830 12010    infeasible             24.0900       19.1000  5482230   20.71%
  34906 12032       21.6600    25       24.0900       19.1000  5497136   20.71%
  34988 12068       21.6686    22       24.0900       19.1000  5511522   20.71%
  35049 12097       23.7000    19       24.0900       19.1000  5526302   20.71%
  35130 12130       19.1000    38       24.0900       19.1000  5540877   20.71%
  35208 12154       22.1323    42       24.0900       19.1000  5556714   20.71%
  35290 12174    infeasible             24.0900       19.1000  5573003   20.71%
  35364 12190       22.2178    23       24.0900       19.1000  5587013   20.71%
Elapsed time = 1284.71 sec. (1703638.27 ticks, tree = 22.55 MB, solutions = 3)
  35442 12207       19.2052    23       24.0900       19.1000  5601197   20.71%
  35511 12229       21.2679    34       24.0900       19.1000  5614354   20.71%
  35581 12249       19.1000    31       24.0900       19.1000  5628002   20.71%
  35656 12271       19.3528    30       24.0900       19.1000  5642018   20.71%
  35717 12292       21.6600    32       24.0900       19.1000  5654926   20.71%
  35795 12314       19.3389    29       24.0900       19.1000  5668842   20.71%
  35871 12325       19.1000    32       24.0900       19.1000  5683786   20.71%
  35950 12348    infeasible             24.0900       19.1000  5698298   20.71%
  36018 12378       19.2514    37       24.0900       19.1000  5711975   20.71%
  36108 12425       19.7496    37       24.0900       19.1000  5726992   20.71%
Elapsed time = 1314.35 sec. (1742170.93 ticks, tree = 22.91 MB, solutions = 3)
  36189 12467       19.1000    32       24.0900       19.1000  5742111   20.71%
  36258 12490       19.1000    32       24.0900       19.1000  5755528   20.71%
  36320 12505       22.9142    35       24.0900       19.1000  5767700   20.71%
  36399 12526    infeasible             24.0900       19.1000  5783454   20.71%
  36477 12547    infeasible             24.0900       19.1000  5798007   20.71%
  36569 12553       21.0921    27       24.0900       19.1000  5813366   20.71%
  36659 12587    infeasible             24.0900       19.1000  5828125   20.71%
  36728 12609       19.1000    31       24.0900       19.1000  5842455   20.71%
  36807 12633       21.2042    26       24.0900       19.1000  5857260   20.71%
  36902 12668       21.9227    23       24.0900       19.1000  5871864   20.71%
Elapsed time = 1346.38 sec. (1783879.20 ticks, tree = 23.27 MB, solutions = 3)
  37000 12701       21.6600    29       24.0900       19.1000  5888112   20.71%
  37079 12734       23.7000    22       24.0900       19.1000  5903134   20.71%
  37155 12747        cutoff             24.0900       19.1000  5918326   20.71%
  37228 12762    infeasible             24.0900       19.1000  5934113   20.71%
  37304 12774       19.1000    30       24.0900       19.1000  5949540   20.71%
  37372 12794       23.7000    23       24.0900       19.1000  5964331   20.71%
  37463 12821       20.0582    34       24.0900       19.1000  5978912   20.71%
  37545 12855       19.1000    33       24.0900       19.1000  5992922   20.71%
  37633 12880       21.1400    27       24.0900       19.1000  6007909   20.71%
  37708 12906       19.1000    37       24.0900       19.1000  6022404   20.71%
Elapsed time = 1376.28 sec. (1822430.52 ticks, tree = 23.63 MB, solutions = 3)
  37773 12925       20.2855    31       24.0900       19.1000  6035832   20.71%
  37834 12932       19.2965    27       24.0900       19.1000  6049998   20.71%
  37911 12969       21.1400    27       24.0900       19.1000  6063498   20.71%
  37996 13006       21.1400    23       24.0900       19.1000  6077752   20.71%
  38086 13038       19.1227    25       24.0900       19.1000  6092398   20.71%
  38177 13062       19.1000    30       24.0900       19.1000  6107249   20.71%
  38263 13088       21.1400    32       24.0900       19.1000  6122818   20.71%
  38330 13126       21.1400    34       24.0900       19.1000  6135881   20.71%
  38398 13145       21.1400    25       24.0900       19.1000  6150816   20.71%
  38470 13162       20.0438    35       24.0900       19.1000  6165649   20.71%
Elapsed time = 1405.43 sec. (1860945.86 ticks, tree = 24.15 MB, solutions = 3)
  38551 13194       20.8852    29       24.0900       19.1000  6180143   20.71%
  38625 13208    infeasible             24.0900       19.1000  6194048   20.71%
  38701 13234       19.1000    39       24.0900       19.1000  6209911   20.71%
  38720 13240       21.6600    34       24.0900       19.1000  6212706   20.71%
  38792 13260        cutoff             24.0900       19.1000  6228215   20.71%
  38888 13298    infeasible             24.0900       19.1000  6244430   20.71%
  38963 13337       22.6500    23       24.0900       19.1000  6256888   20.71%
  39033 13356       21.1400    23       24.0900       19.1000  6269396   20.71%
  39106 13384       21.1400    25       24.0900       19.1000  6283510   20.71%
  39179 13413       21.6600    29       24.0900       19.1000  6296374   20.71%
Elapsed time = 1435.80 sec. (1900252.89 ticks, tree = 25.15 MB, solutions = 3)
  39252 13434    infeasible             24.0900       19.1000  6311493   20.71%
  39311 13451       21.6600    24       24.0900       19.1000  6324234   20.71%
  39387 13478    infeasible             24.0900       19.1000  6338800   20.71%
  39470 13499       22.0469    19       24.0900       19.1000  6354822   20.71%
  39544 13518       19.2253    32       24.0900       19.1000  6369423   20.71%
  39615 13544       21.1400    31       24.0900       19.1000  6382489   20.71%
  39687 13573       19.2800    35       24.0900       19.1000  6396480   20.71%
  39765 13595       19.1000    40       24.0900       19.1000  6410633   20.71%
  39834 13612       22.0495    29       24.0900       19.1000  6425023   20.71%
  39906 13622       19.1000    38       24.0900       19.1000  6439662   20.71%
Elapsed time = 1466.29 sec. (1938898.41 ticks, tree = 25.53 MB, solutions = 3)
  39974 13648       19.1000    35       24.0900       19.1000  6453887   20.71%
  40038 13669        cutoff             24.0900       19.1000  6466058   20.71%
  40120 13698       23.7000    19       24.0900       19.1000  6479563   20.71%
  40184 13715       19.1143    30       24.0900       19.1000  6494240   20.71%
  40245 13742       19.1000    29       24.0900       19.1000  6507013   20.71%
  40333 13775       19.1000    36       24.0900       19.1000  6522097   20.71%
  40410 13795       20.4480    33       24.0900       19.1000  6535625   20.71%
  40501 13831       21.7146    37       24.0900       19.1000  6549557   20.71%
  40575 13862       19.3627    32       24.0900       19.1000  6563421   20.71%
  40651 13890       19.2175    27       24.0900       19.1000  6577569   20.71%
Elapsed time = 1496.22 sec. (1977618.21 ticks, tree = 25.93 MB, solutions = 3)
  40727 13911        cutoff             24.0900       19.1000  6590993   20.71%
  40809 13938       19.1000    32       24.0900       19.1000  6605145   20.71%
  40876 13962       19.1000    38       24.0900       19.1000  6617900   20.71%
  40939 13982       19.1000    38       24.0900       19.1000  6632660   20.71%
  41002 14008       23.7000    28       24.0900       19.1000  6643962   20.71%
  41079 14033       21.1400    31       24.0900       19.1000  6657335   20.71%
  41158 14066       19.1000    31       24.0900       19.1000  6670567   20.71%
  41227 14081       23.7000    25       24.0900       19.1000  6681726   20.71%
  41311 14100       19.2212    40       24.0900       19.1000  6697296   20.71%
  41334 14110       19.1087    36       24.0900       19.1000  6700650   20.71%
Elapsed time = 1525.63 sec. (2016203.97 ticks, tree = 26.26 MB, solutions = 3)
  41413 14131       19.8048    31       24.0900       19.1000  6714561   20.71%
  41473 14148    infeasible             24.0900       19.1000  6728953   20.71%
  41562 14168       19.1000    34       24.0900       19.1000  6743533   20.71%
  41641 14182       21.5759    31       24.0900       19.1000  6757444   20.71%
  41726 14193       20.0152    38       24.0900       19.1000  6771696   20.71%
  41806 14213       19.1000    33       24.0900       19.1000  6787137   20.71%
  41890 14239       21.6974    30       24.0900       19.1000  6802191   20.71%
  41963 14266       21.6600    31       24.0900       19.1000  6817205   20.71%
  42059 14296       19.1000    40       24.0900       19.1000  6832387   20.71%
  42135 14330       19.1000    36       24.0900       19.1000  6846456   20.71%
Elapsed time = 1555.46 sec. (2054701.82 ticks, tree = 26.59 MB, solutions = 3)
  42229 14362       23.7000    31       24.0900       19.1000  6862404   20.71%
  42306 14392       19.1000    39       24.0900       19.1000  6877047   20.71%
  42385 14420       22.6500    30       24.0900       19.1000  6891443   20.71%
  42461 14451       23.2343    24       24.0900       19.1000  6905662   20.71%
  42531 14475       21.2249    32       24.0900       19.1000  6918970   20.71%
  42607 14479       19.1000    38       24.0900       19.1000  6931473   20.71%
  42691 14494       21.1400    35       24.0900       19.1000  6944404   20.71%
  42783 14508       22.6500    37       24.0900       19.1000  6958097   20.71%
  42865 14521       19.1000    43       24.0900       19.1000  6971070   20.71%
  42941 14534    infeasible             24.0900       19.1000  6982224   20.71%
Elapsed time = 1584.25 sec. (2093267.98 ticks, tree = 26.90 MB, solutions = 3)
  43026 14553       19.1000    35       24.0900       19.1000  6996320   20.71%
  43101 14571       22.6500    27       24.0900       19.1000  7010338   20.71%
  43175 14582       19.1000    37       24.0900       19.1000  7023534   20.71%
  43241 14598       19.8170    33       24.0900       19.1000  7038550   20.71%
  43315 14625    infeasible             24.0900       19.1000  7052060   20.71%
  43396 14651       23.7000    29       24.0900       19.1000  7066454   20.71%
  43476 14670       22.5800    19       24.0900       19.1000  7079416   20.71%
  43547 14713    infeasible             24.0900       19.1000  7093750   20.71%
  43618 14741       19.9227    35       24.0900       19.1000  7109575   20.71%
  43664 14753       21.1400    28       24.0900       19.1000  7118769   20.71%
Elapsed time = 1613.69 sec. (2131742.38 ticks, tree = 27.23 MB, solutions = 3)
  43754 14792    infeasible             24.0900       19.1000  7134499   20.71%
  43838 14820        cutoff             24.0900       19.1000  7150501   20.71%
  43916 14856    infeasible             24.0900       19.1000  7165297   20.71%
  43984 14882       22.3425    28       24.0900       19.1000  7179687   20.71%
  44065 14917       19.1000    34       24.0900       19.1000  7194161   20.71%
  44143 14946       21.1400    32       24.0900       19.1000  7208977   20.71%
  44230 14981       21.1400    28       24.0900       19.1000  7225763   20.71%
  44321 15015       21.6510    30       24.0900       19.1000  7242078   20.71%
  44411 15052       21.1400    24       24.0900       19.1000  7258548   20.71%
  44479 15081       21.1400    22       24.0900       19.1000  7272636   20.71%
Elapsed time = 1642.62 sec. (2170189.58 ticks, tree = 27.86 MB, solutions = 3)
  44549 15104       22.6500    28       24.0900       19.1000  7287061   20.71%
  44620 15125       22.6500    29       24.0900       19.1000  7301785   20.71%
  44696 15159       22.6500    28       24.0900       19.1000  7316332   20.71%
  44761 15183       22.6500    31       24.0900       19.1000  7329634   20.71%
  44831 15211       19.3513    34       24.0900       19.1000  7344649   20.71%
  44905 15245    infeasible             24.0900       19.1000  7359720   20.71%
  44985 15279       22.6500    26       24.0900       19.1000  7374757   20.71%
  45066 15322    infeasible             24.0900       19.1000  7390994   20.71%
  45158 15362    infeasible             24.0900       19.1000  7406985   20.71%
  45240 15398       21.1400    31       24.0900       19.1000  7423360   20.71%
Elapsed time = 1673.20 sec. (2210298.89 ticks, tree = 28.34 MB, solutions = 3)
  45304 15434       21.1400    32       24.0900       19.1000  7437990   20.71%
  45379 15468       19.1000    30       24.0900       19.1000  7453620   20.71%
  45451 15498       19.1000    34       24.0900       19.1000  7468585   20.71%
  45524 15536       21.1400    29       24.0900       19.1000  7484114   20.71%
  45601 15573       22.1290    30       24.0900       19.1000  7500364   20.71%
  45674 15614    infeasible             24.0900       19.1000  7515410   20.71%
  45742 15642       19.1755    34       24.0900       19.1000  7529975   20.71%
  45803 15670       21.4865    29       24.0900       19.1000  7542909   20.71%
  45877 15698       21.1400    23       24.0900       19.1000  7557976   20.71%
  45920 15718       21.1400    30       24.0900       19.1000  7566380   20.71%
Elapsed time = 1704.02 sec. (2250460.23 ticks, tree = 29.03 MB, solutions = 3)
  45987 15736       23.8160    33       24.0900       19.1000  7582331   20.71%
  46074 15773       21.3173    33       24.0900       19.1000  7598485   20.71%
  46173 15794       19.1000    32       24.0900       19.1000  7613902   20.71%
  46249 15824    infeasible             24.0900       19.1000  7630667   20.71%
  46327 15846       19.1000    32       24.0900       19.1000  7646962   20.71%
  46393 15868       21.1400    23       24.0900       19.1000  7661614   20.71%
  46474 15886       21.1400    26       24.0900       19.1000  7676729   20.71%
  46550 15907       20.6796    29       24.0900       19.1000  7691258   20.71%
  46637 15926       19.1000    29       24.0900       19.1000  7707036   20.71%
  46716 15950       19.8781    36       24.0900       19.1000  7722823   20.71%
Elapsed time = 1733.61 sec. (2289003.48 ticks, tree = 29.38 MB, solutions = 3)
  46789 15966       19.1000    32       24.0900       19.1000  7738580   20.71%
  46865 15992       21.1400    26       24.0900       19.1000  7753162   20.71%
  46940 16013       21.1400    27       24.0900       19.1000  7767620   20.71%
  47018 16040       19.1000    33       24.0900       19.1000  7782060   20.71%
  47088 16069       22.6500    21       24.0900       19.1000  7792370   20.71%
  47181 16100       21.8283    33       24.0900       19.1000  7805849   20.71%
  47288 16134       19.3299    30       24.0900       19.1000  7820098   20.71%
  47366 16157       22.6500    22       24.0900       19.1000  7834947   20.71%
  47456 16185       19.1000    36       24.0900       19.1000  7849824   20.71%
  47551 16205       19.1000    29       24.0900       19.1000  7864851   20.71%
Elapsed time = 1762.64 sec. (2327487.99 ticks, tree = 29.83 MB, solutions = 3)
  47636 16233       19.7486    33       24.0900       19.1000  7877846   20.71%
  47739 16263       19.1000    29       24.0900       19.1000  7891946   20.71%
  47830 16277       19.1000    25       24.0900       19.1000  7906712   20.71%
  47917 16295    infeasible             24.0900       19.1000  7920523   20.71%
  48012 16316       19.3606    33       24.0900       19.1000  7936454   20.71%
  48111 16341       19.3553    32       24.0900       19.1000  7951666   20.71%
  48202 16372       21.1400    27       24.0900       19.1000  7966187   20.71%
  48284 16405       21.5759    26       24.0900       19.1000  7979933   20.71%
  48383 16438       21.1400    30       24.0900       19.1000  7995148   20.71%
  48447 16466       22.6500    21       24.0900       19.1000  8009622   20.71%
Elapsed time = 1791.97 sec. (2365935.95 ticks, tree = 30.90 MB, solutions = 3)
  48520 16492       22.2068    26       24.0900       19.1000  8022726   20.71%
  48584 16506       19.1000    41       24.0900       19.1000  8037828   20.71%
  48669 16528       22.6500    28       24.0900       19.1000  8051659   20.71%
  48752 16543       21.6574    34       24.0900       19.1000  8067413   20.71%
  48847 16576       21.1400    26       24.0900       19.1000  8081895   20.71%
  48929 16586       19.1000    36       24.0900       19.1000  8098840   20.71%
  48995 16602       19.1000    36       24.0900       19.1000  8114266   20.71%
  49083 16628       21.0283    30       24.0900       19.1000  8129969   20.71%
  49166 16644       19.1000    33       24.0900       19.1000  8146138   20.71%
  49243 16670       19.1000    32       24.0900       19.1000  8162820   20.71%
Elapsed time = 1822.16 sec. (2405688.09 ticks, tree = 31.20 MB, solutions = 3)
  49314 16696       19.1000    42       24.0900       19.1000  8178016   20.71%
  49390 16716       19.1000    36       24.0900       19.1000  8192293   20.71%
  49420 16722       19.1000    34       24.0900       19.1000  8196866   20.71%
  49471 16725       19.1000    32       24.0900       19.1000  8213154   20.71%
  49543 16732       19.1598    39       24.0900       19.1000  8226792   20.71%
  49628 16766       21.1400    33       24.0900       19.1000  8240178   20.71%
  49705 16800       21.1400    24       24.0900       19.1000  8253510   20.71%
  49772 16819       19.1000    34       24.0900       19.1000  8266475   20.71%
  49832 16823       19.1000    39       24.0900       19.1000  8281015   20.71%
  49896 16843    infeasible             24.0900       19.1000  8294347   20.71%
Elapsed time = 1851.30 sec. (2445447.94 ticks, tree = 31.47 MB, solutions = 3)
  49957 16855       22.6500    24       24.0900       19.1000  8308271   20.71%
  50006 16877       21.6600    34       24.0900       19.1000  8318451   20.71%
  50072 16910       21.4535    34       24.0900       19.1000  8330720   20.71%
  50141 16939       19.1000    35       24.0900       19.1000  8343339   20.71%
  50214 16971    infeasible             24.0900       19.1000  8358811   20.71%
  50285 17000       19.1000    31       24.0900       19.1000  8372437   20.71%
  50358 17027       19.1000    31       24.0900       19.1000  8387661   20.71%
  50423 17051       19.6418    37       24.0900       19.1000  8403114   20.71%
  50489 17069    infeasible             24.0900       19.1000  8418782   20.71%
  50559 17106       20.8515    35       24.0900       19.1000  8435120   20.71%
Elapsed time = 1880.75 sec. (2483997.53 ticks, tree = 32.28 MB, solutions = 3)
  50630 17140    infeasible             24.0900       19.1000  8449374   20.71%
  50718 17171       21.1478    22       24.0900       19.1000  8465474   20.71%
  50811 17201       19.5669    32       24.0900       19.1000  8481701   20.71%
  50899 17235       21.1400    26       24.0900       19.1000  8496452   20.71%
  50993 17262       20.6823    34       24.0900       19.1000  8510876   20.71%
  51066 17286       20.5169    35       24.0900       19.1000  8526279   20.71%
  51157 17321       19.1000    25       24.0900       19.1000  8540612   20.71%
  51242 17352       19.5120    26       24.0900       19.1000  8555706   20.71%
  51331 17383       19.1000    28       24.0900       19.1000  8570840   20.71%
  51413 17419       19.1117    28       24.0900       19.1000  8587120   20.71%
Elapsed time = 1910.54 sec. (2522490.75 ticks, tree = 32.82 MB, solutions = 3)
  51485 17447    infeasible             24.0900       19.1000  8601624   20.71%
  51572 17473       19.1000    49       24.0900       19.1000  8616816   20.71%
  51626 17493       19.1000    37       24.0900       19.1000  8627260   20.71%
  51722 17532    infeasible             24.0900       19.1000  8640963   20.71%
  51813 17569       19.1000    37       24.0900       19.1000  8655601   20.71%
  51917 17609       23.7000    20       24.0900       19.1000  8671451   20.71%
  52014 17648       19.1000    33       24.0900       19.1000  8687191   20.71%
  52101 17685       21.6600    36       24.0900       19.1000  8702230   20.71%
  52190 17721       20.2284    37       24.0900       19.1000  8717402   20.71%
  52278 17749       19.1000    34       24.0900       19.1000  8733215   20.71%
Elapsed time = 1939.85 sec. (2561083.11 ticks, tree = 33.31 MB, solutions = 3)
  52320 17763       21.6600    39       24.0900       19.1000  8739890   20.71%
  52404 17806       23.7000    30       24.0900       19.1000  8755260   20.71%
  52492 17842       23.7000    31       24.0900       19.1000  8771213   20.71%
  52576 17877    infeasible             24.0900       19.1000  8786934   20.71%
  52677 17920       23.7000    25       24.0900       19.1000  8802153   20.71%
  52757 17964       21.6633    31       24.0900       19.1000  8817346   20.71%
  52859 18015       23.7000    31       24.0900       19.1000  8833317   20.71%
  52949 18051       19.1000    32       24.0900       19.1000  8846742   20.71%
  53032 18087       23.7000    29       24.0900       19.1000  8861277   20.71%
  53132 18122        cutoff             24.0900       19.1000  8877123   20.71%
Elapsed time = 1969.82 sec. (2600315.78 ticks, tree = 33.88 MB, solutions = 3)
  53229 18165       21.6600    30       24.0900       19.1000  8892135   20.71%
  53315 18210       21.1400    27       24.0900       19.1000  8907244   20.71%
  53398 18247       21.6600    27       24.0900       19.1000  8921477   20.71%
  53485 18292       20.2809    46       24.0900       19.1000  8937220   20.71%
  53566 18325    infeasible             24.0900       19.1000  8952233   20.71%
  53657 18375       23.7000    23       24.0900       19.1000  8968050   20.71%
  53745 18400       21.6600    26       24.0900       19.1000  8983449   20.71%
  53819 18429       19.1000    32       24.0900       19.1000  8998286   20.71%
  53897 18466       21.6600    29       24.0900       19.1000  9013392   20.71%
  53976 18497       21.7282    31       24.0900       19.1000  9029121   20.71%
Elapsed time = 1998.88 sec. (2638776.49 ticks, tree = 34.65 MB, solutions = 3)
  54052 18525       19.9807    30       24.0900       19.1000  9042522   20.71%
  54151 18570       23.7000    29       24.0900       19.1000  9056332   20.71%
  54247 18621       19.1000    38       24.0900       19.1000  9070742   20.71%
  54316 18639       19.2283    46       24.0900       19.1000  9087531   20.71%
  54370 18670       19.1000    39       24.0900       19.1000  9101343   20.71%
  54440 18707       19.1000    41       24.0900       19.1000  9115809   20.71%
  54518 18748       23.1700    26       24.0900       19.1000  9131072   20.71%
  54524 18750       23.1700    31       24.0900       19.1000  9132955   20.71%
  54598 18776       23.1700    31       24.0900       19.1000  9148024   20.71%
  54683 18815       23.1700    32       24.0900       19.1000  9162496   20.71%
Elapsed time = 2028.41 sec. (2677332.16 ticks, tree = 35.20 MB, solutions = 3)
  54754 18853       19.1000    43       24.0900       19.1000  9176718   20.71%
  54828 18886    infeasible             24.0900       19.1000  9190631   20.71%
  54908 18916       21.8109    37       24.0900       19.1000  9205573   20.71%
  54975 18946       23.1700    24       24.0900       19.1000  9218167   20.71%
  55049 18981       21.7878    40       24.0900       19.1000  9232824   20.71%
  55118 19008        cutoff             24.0900       19.1000  9247390   20.71%
  55179 19033       23.7062    33       24.0900       19.1000  9260663   20.71%
  55248 19057        cutoff             24.0900       19.1000  9274223   20.71%
  55335 19089       19.1075    36       24.0900       19.1000  9288339   20.71%
  55420 19110       21.3824    35       24.0900       19.1000  9302370   20.71%
Elapsed time = 2058.08 sec. (2716003.05 ticks, tree = 35.71 MB, solutions = 3)
  55501 19138    infeasible             24.0900       19.1000  9316093   20.71%
  55582 19169       19.1000    32       24.0900       19.1000  9330690   20.71%
  55642 19176       19.1000    35       24.0900       19.1000  9342608   20.71%
  55701 19200       22.6500    33       24.0900       19.1000  9356052   20.71%
  55773 19229       22.6975    37       24.0900       19.1000  9370178   20.71%
  55847 19245    infeasible             24.0900       19.1000  9385486   20.71%
  55914 19267       21.1400    27       24.0900       19.1000  9399773   20.71%
  55989 19285    infeasible             24.0900       19.1000  9414831   20.71%
  56052 19301       19.3490    31       24.0900       19.1000  9429152   20.71%
  56153 19338       23.7000    30       24.0900       19.1000  9444164   20.71%
Elapsed time = 2088.01 sec. (2754504.90 ticks, tree = 36.05 MB, solutions = 3)
  56220 19358       20.9149    38       24.0900       19.1000  9458186   20.71%
  56281 19384       22.6500    25       24.0900       19.1000  9473524   20.71%
  56361 19416       22.6500    27       24.0900       19.1000  9488915   20.71%
  56442 19436       21.1400    36       24.0900       19.1000  9503828   20.71%
  56515 19456       21.6600    38       24.0900       19.1000  9518584   20.71%
  56581 19475       19.1000    38       24.0900       19.1000  9532352   20.71%
  56665 19506       19.2454    41       24.0900       19.1000  9548292   20.71%
  56749 19527    infeasible             24.0900       19.1000  9563566   20.71%
  56820 19541       21.1400    36       24.0900       19.1000  9578396   20.71%
  56889 19560       22.5849    32       24.0900       19.1000  9591230   20.71%
Elapsed time = 2118.50 sec. (2793934.48 ticks, tree = 36.46 MB, solutions = 3)
  56972 19598       19.1000    33       24.0900       19.1000  9605639   20.71%
  57034 19627        cutoff             24.0900       19.1000  9620006   20.71%
  57111 19657       19.4353    35       24.0900       19.1000  9633479   20.71%
  57186 19674       22.6500    31       24.0900       19.1000  9647677   20.71%
  57282 19707       19.7486    33       24.0900       19.1000  9662028   20.71%
  57360 19732       19.2016    40       24.0900       19.1000  9674667   20.71%
  57421 19755       19.3068    28       24.0900       19.1000  9688904   20.71%
  57510 19792       19.1000    38       24.0900       19.1000  9703339   20.71%
  57589 19819       19.2751    28       24.0900       19.1000  9716525   20.71%
  57662 19850       19.1000    44       24.0900       19.1000  9729214   20.71%
Elapsed time = 2147.85 sec. (2832303.75 ticks, tree = 36.89 MB, solutions = 3)
  57745 19863    infeasible             24.0900       19.1000  9743797   20.71%
  57823 19895       20.2780    44       24.0900       19.1000  9758244   20.71%
  57901 19918       23.7000    31       24.0900       19.1000  9773846   20.71%
  57989 19940       21.7900    34       24.0900       19.1000  9789584   20.71%
  58020 19948       19.2679    38       24.0900       19.1000  9793913   20.71%
  58124 19972       19.1000    32       24.0900       19.1000  9808970   20.71%
  58218 19990    infeasible             24.0900       19.1000  9823255   20.71%
  58307 20017       19.1000    44       24.0900       19.1000  9838930   20.71%
  58384 20044       19.1000    35       24.0900       19.1000  9853358   20.71%
  58476 20063        cutoff             24.0900       19.1000  9868287   20.71%
Elapsed time = 2177.54 sec. (2871399.78 ticks, tree = 37.22 MB, solutions = 3)
  58556 20093       19.4336    39       24.0900       19.1000  9882928   20.71%
  58636 20114    infeasible             24.0900       19.1000  9897117   20.71%
  58743 20130    infeasible             24.0900       19.1000  9912461   20.71%
  58838 20152       21.1400    38       24.0900       19.1000  9927728   20.71%
  58933 20176       22.6500    26       24.0900       19.1000  9941847   20.71%
  59003 20204        cutoff             24.0900       19.1000  9955747   20.71%
  59055 20232       23.1700    34       24.0900       19.1000  9968794   20.71%
  59129 20266       21.7419    25       24.0900       19.1000  9983712   20.71%
  59198 20278       19.1000    36       24.0900       19.1000  9999467   20.71%
  59271 20312       20.6100    32       24.0900       19.1000 10013654   20.71%
Elapsed time = 2207.38 sec. (2909929.28 ticks, tree = 37.59 MB, solutions = 3)
  59347 20334       19.1000    48       24.0900       19.1000 10028535   20.71%
  59415 20373       19.2678    37       24.0900       19.1000 10043358   20.71%
  59487 20395       21.6600    27       24.0900       19.1000 10057656   20.71%
  59558 20423       19.1000    28       24.0900       19.1000 10072486   20.71%
  59620 20444       22.4484    33       24.0900       19.1000 10086145   20.71%
  59684 20470       21.1400    21       24.0900       19.1000 10099696   20.71%
  59763 20499       19.1000    32       24.0900       19.1000 10113093   20.71%
  59857 20535       20.6100    26       24.0900       19.1000 10128414   20.71%
  59938 20558       19.4303    30       24.0900       19.1000 10143550   20.71%
  60032 20586       19.1000    36       24.0900       19.1000 10157405   20.71%
Elapsed time = 2236.59 sec. (2948491.57 ticks, tree = 38.00 MB, solutions = 3)
  60130 20615       19.1491    31       24.0900       19.1000 10172265   20.71%
  60199 20636       19.1000    31       24.0900       19.1000 10187018   20.71%
  60298 20669       19.1101    36       24.0900       19.1000 10201757   20.71%
  60390 20699       19.3288    37       24.0900       19.1000 10216244   20.71%
  60463 20713       19.3348    29       24.0900       19.1000 10228775   20.71%
  60540 20735    infeasible             24.0900       19.1000 10242683   20.71%
  60616 20751       20.6100    18       24.0900       19.1000 10256042   20.71%
  60698 20770    infeasible             24.0900       19.1000 10271026   20.71%
  60769 20795       19.3741    33       24.0900       19.1000 10286142   20.71%
  60862 20826       20.6100    24       24.0900       19.1000 10301789   20.71%
Elapsed time = 2266.20 sec. (2987004.37 ticks, tree = 38.37 MB, solutions = 3)
  60941 20850       21.1400    34       24.0900       19.1000 10317142   20.71%
  61015 20890        cutoff             24.0900       19.1000 10326704   20.71%
  61085 20923       21.1400    22       24.0900       19.1000 10338272   20.71%
  61151 20942       20.6100    36       24.0900       19.1000 10352004   20.71%
  61233 20959        cutoff             24.0900       19.1000 10366447   20.71%
  61306 20982       22.6500    22       24.0900       19.1000 10382128   20.71%
  61320 20988       19.1764    36       24.0900       19.1000 10384360   20.71%
  61394 21004       20.0050    35       24.0900       19.1000 10398722   20.71%
  61472 21029       22.6500    32       24.0900       19.1000 10412817   20.71%
  61549 21052       22.0756    28       24.0900       19.1000 10427655   20.71%
Elapsed time = 2294.69 sec. (3025818.67 ticks, tree = 40.72 MB, solutions = 3)
  61631 21089       23.1700    25       24.0900       19.1000 10441346   20.71%
  61699 21115       19.1000    34       24.0900       19.1000 10455152   20.71%
  61780 21147       21.0555    32       24.0900       19.1000 10470287   20.71%
  61848 21173       19.1000    34       24.0900       19.1000 10485388   20.71%
  61916 21198        cutoff             24.0900       19.1000 10498635   20.71%
  61988 21226       20.6100    21       24.0900       19.1000 10513384   20.71%
  62055 21256       20.6100    36       24.0900       19.1000 10528207   20.71%
  62127 21285       19.2068    36       24.0900       19.1000 10543242   20.71%
  62196 21297    infeasible             24.0900       19.1000 10557276   20.71%
  62278 21329        cutoff             24.0900       19.1000 10572302   20.71%
Elapsed time = 2324.02 sec. (3064401.94 ticks, tree = 40.73 MB, solutions = 3)
  62352 21361       19.1000    45       24.0900       19.1000 10587405   20.71%
  62425 21397       22.8418    28       24.0900       19.1000 10603302   20.71%
  62520 21431       19.1000    32       24.0900       19.1000 10619009   20.71%
  62581 21455       19.1541    39       24.0900       19.1000 10633707   20.71%
  62650 21479       21.1400    37       24.0900       19.1000 10648069   20.71%
  62725 21514       19.1000    42       24.0900       19.1000 10663900   20.71%
  62808 21548       19.1000    43       24.0900       19.1000 10678587   20.71%
  62881 21583       22.6500    33       24.0900       19.1000 10692322   20.71%
  62938 21606       22.6500    26       24.0900       19.1000 10705961   20.71%
  63016 21637       19.1000    34       24.0900       19.1000 10720303   20.71%
Elapsed time = 2353.59 sec. (3103042.73 ticks, tree = 41.26 MB, solutions = 3)
  63073 21661       21.5528    35       24.0900       19.1000 10734140   20.71%
  63137 21678       19.1000    37       24.0900       19.1000 10747827   20.71%
  63206 21716       21.2274    37       24.0900       19.1000 10761714   20.71%
  63295 21742       21.1400    37       24.0900       19.1000 10775476   20.71%
  63381 21774       22.6500    25       24.0900       19.1000 10789649   20.71%
  63476 21812       20.9598    39       24.0900       19.1000 10803661   20.71%
  63553 21842       22.6500    21       24.0900       19.1000 10817134   20.71%
  63626 21866       23.1700    22       24.0900       19.1000 10830241   20.71%
  63717 21892       20.6100    28       24.0900       19.1000 10845564   20.71%
  63796 21912       21.1400    28       24.0900       19.1000 10860225   20.71%
Elapsed time = 2382.21 sec. (3141505.64 ticks, tree = 41.75 MB, solutions = 3)
  63874 21941       19.1000    40       24.0900       19.1000 10874471   20.71%
  63930 21959       19.2202    37       24.0900       19.1000 10884559   20.71%
  64025 22015       22.6500    27       24.0900       19.1000 10899702   20.71%
  64116 22052       20.6100    33       24.0900       19.1000 10915465   20.71%
  64202 22089       22.0959    36       24.0900       19.1000 10929317   20.71%
  64292 22119       19.4703    36       24.0900       19.1000 10944315   20.71%
  64365 22145       19.1000    34       24.0900       19.1000 10959422   20.71%
  64459 22168       20.8822    29       24.0900       19.1000 10974928   20.71%
  64555 22204       19.1000    45       24.0900       19.1000 10991531   20.71%
  64648 22235       19.1000    41       24.0900       19.1000 11006684   20.71%
Elapsed time = 2411.10 sec. (3180159.42 ticks, tree = 42.30 MB, solutions = 3)
  64742 22283       19.1000    34       24.0900       19.1000 11022458   20.71%
  64832 22316       23.1700    31       24.0900       19.1000 11036826   20.71%
  64933 22353       22.6500    26       24.0900       19.1000 11050839   20.71%
  65020 22384       20.6100    32       24.0900       19.1000 11065053   20.71%
  65109 22423       20.6100    32       24.0900       19.1000 11079368   20.71%
  65129 22427       23.1700    26       24.0900       19.1000 11083178   20.71%
  65211 22450       21.8104    33       24.0900       19.1000 11098097   20.71%
  65300 22475       19.1000    31       24.0900       19.1000 11112757   20.71%
  65380 22494       21.6600    31       24.0900       19.1000 11126876   20.71%
  65468 22523       21.1400    26       24.0900       19.1000 11141166   20.71%
Elapsed time = 2439.13 sec. (3218565.18 ticks, tree = 42.74 MB, solutions = 3)
  65543 22545       23.1700    25       24.0900       19.1000 11154570   20.71%
  65611 22575       22.1330    29       24.0900       19.1000 11168505   20.71%
  65672 22607       23.7000    29       24.0900       19.1000 11181551   20.71%
  65741 22639    infeasible             24.0900       19.1000 11194987   20.71%
  65827 22670       20.0359    41       24.0900       19.1000 11209514   20.71%
  65897 22699       21.9110    31       24.0900       19.1000 11222219   20.71%
  65976 22720       19.1000    31       24.0900       19.1000 11236888   20.71%
  66059 22744       19.1000    33       24.0900       19.1000 11251553   20.71%
  66153 22776       19.1000    31       24.0900       19.1000 11267465   20.71%
  66242 22810       20.7991    37       24.0900       19.1000 11283169   20.71%
Elapsed time = 2467.85 sec. (3257144.61 ticks, tree = 43.17 MB, solutions = 3)
  66333 22835       23.4016    33       24.0900       19.1000 11299474   20.71%
  66407 22868       19.3348    32       24.0900       19.1000 11314442   20.71%
  66479 22893       19.1000    29       24.0900       19.1000 11329816   20.71%
  66545 22910       22.6500    30       24.0900       19.1000 11344001   20.71%
  66628 22945       22.6500    29       24.0900       19.1000 11358148   20.71%
  66725 22983       19.8847    32       24.0900       19.1000 11373783   20.71%
  66802 22998        cutoff             24.0900       19.1000 11388981   20.71%
  66885 23023       22.6500    29       24.0900       19.1000 11403955   20.71%
  66955 23049    infeasible             24.0900       19.1000 11417910   20.71%
  67041 23085       21.6949    32       24.0900       19.1000 11433049   20.71%
Elapsed time = 2497.53 sec. (3295637.68 ticks, tree = 43.73 MB, solutions = 3)
  67125 23121       19.1899    36       24.0900       19.1000 11448888   20.71%
  67204 23151       19.1000    39       24.0900       19.1000 11463926   20.71%
  67264 23181       19.6816    39       24.0900       19.1000 11476614   20.71%
  67320 23203       19.1899    35       24.0900       19.1000 11486718   20.71%
  67405 23240       19.2458    37       24.0900       19.1000 11499829   20.71%
  67468 23267       19.9912    36       24.0900       19.1000 11513747   20.71%
  67547 23304       21.1400    31       24.0900       19.1000 11528490   20.71%
  67618 23332       19.1000    39       24.0900       19.1000 11541620   20.71%
  67696 23360       23.1700    25       24.0900       19.1000 11555947   20.71%
  67782 23385       19.3976    35       24.0900       19.1000 11570565   20.71%
Elapsed time = 2528.88 sec. (3336942.05 ticks, tree = 44.19 MB, solutions = 3)
  67854 23408       19.1000    36       24.0900       19.1000 11584288   20.71%
  67936 23442    infeasible             24.0900       19.1000 11598979   20.71%
  68025 23474       19.1000    35       24.0900       19.1000 11613448   20.71%
  68109 23518       22.6500    26       24.0900       19.1000 11628237   20.71%
  68188 23541       19.1000    32       24.0900       19.1000 11643221   20.71%
  68266 23557       19.1744    30       24.0900       19.1000 11658213   20.71%
  68349 23588       22.6500    30       24.0900       19.1000 11673759   20.71%
  68429 23625       19.8550    34       24.0900       19.1000 11689638   20.71%
  68510 23656       19.3832    29       24.0900       19.1000 11704017   20.71%
  68604 23683       19.9817    32       24.0900       19.1000 11719796   20.71%
Elapsed time = 2557.79 sec. (3375475.91 ticks, tree = 44.64 MB, solutions = 3)
  68682 23710       20.0868    33       24.0900       19.1000 11733908   20.71%
  68761 23729       19.1000    34       24.0900       19.1000 11747805   20.71%
  68822 23756       20.9156    28       24.0900       19.1000 11763305   20.71%
  68893 23787       20.0868    34       24.0900       19.1000 11778016   20.71%
  68969 23804       22.8604    38       24.0900       19.1000 11792316   20.71%
  69061 23834       19.1000    27       24.0900       19.1000 11808221   20.71%
  69145 23871       19.1818    38       24.0900       19.1000 11822810   20.71%
  69233 23900       19.1000    30       24.0900       19.1000 11838013   20.71%
  69330 23932       20.6100    28       24.0900       19.1000 11852173   20.71%
  69412 23963       19.4332    42       24.0900       19.1000 11866630   20.71%
Elapsed time = 2587.61 sec. (3413948.07 ticks, tree = 45.13 MB, solutions = 3)
  69492 23997       21.3769    26       24.0900       19.1000 11880658   20.71%
  69572 24022       20.6100    29       24.0900       19.1000 11895565   20.71%
  69655 24046       21.0813    29       24.0900       19.1000 11909548   20.71%
  69724 24070       21.1400    24       24.0900       19.1000 11923781   20.71%
  69800 24093    infeasible             24.0900       19.1000 11938724   20.71%
  69887 24115       20.6100    25       24.0900       19.1000 11955244   20.71%
  69943 24146       21.3766    32       24.0900       19.1000 11965932   20.71%
  70024 24181       22.6500    22       24.0900       19.1000 11979623   20.71%
  70104 24212       19.2797    43       24.0900       19.1000 11994057   20.71%
  70178 24246       21.1400    30       24.0900       19.1000 12009557   20.71%
Elapsed time = 2616.66 sec. (3452660.37 ticks, tree = 45.56 MB, solutions = 3)
  70271 24272       19.1000    31       24.0900       19.1000 12026650   20.71%
  70360 24300       21.1713    32       24.0900       19.1000 12043655   20.71%
  70431 24325       19.9817    44       24.0900       19.1000 12058302   20.71%
  70502 24347       19.1000    32       24.0900       19.1000 12072599   20.71%
  70576 24372       19.1000    28       24.0900       19.1000 12087499   20.71%
  70663 24404       20.6100    28       24.0900       19.1000 12102482   20.71%
  70756 24430       22.2294    36       24.0900       19.1000 12119060   20.71%
  70842 24467       19.3832    28       24.0900       19.1000 12134934   20.71%
  70918 24490    infeasible             24.0900       19.1000 12150160   20.71%
  70955 24498       19.1000    29       24.0900       19.1000 12156063   20.71%
Elapsed time = 2646.18 sec. (3491377.97 ticks, tree = 46.08 MB, solutions = 3)
  71045 24526       19.3832    31       24.0900       19.1000 12171985   20.71%
  71127 24544       21.1539    34       24.0900       19.1000 12187340   20.71%
  71215 24573       19.1000    34       24.0900       19.1000 12200389   20.71%
  71286 24595       19.3280    35       24.0900       19.1000 12214677   20.71%
  71390 24640       23.1700    32       24.0900       19.1000 12229745   20.71%
  71483 24674       22.6500    23       24.0900       19.1000 12244448   20.71%
  71568 24702       19.1000    35       24.0900       19.1000 12258408   20.71%
  71659 24735       22.6500    21       24.0900       19.1000 12272836   20.71%
  71760 24775       20.6100    34       24.0900       19.1000 12287546   20.71%
  71851 24807       22.0212    33       24.0900       19.1000 12301849   20.71%
Elapsed time = 2674.66 sec. (3529986.65 ticks, tree = 46.55 MB, solutions = 3)
  71942 24836       21.1400    29       24.0900       19.1000 12317138   20.71%
  72044 24873       20.7916    33       24.0900       19.1000 12332395   20.71%
  72116 24890       19.1000    35       24.0900       19.1000 12346247   20.71%
  72195 24912       21.6167    31       24.0900       19.1000 12360600   20.71%
  72299 24948       19.1000    26       24.0900       19.1000 12376459   20.71%
  72386 24971       21.6949    29       24.0900       19.1000 12391404   20.71%
  72468 24996       19.1000    31       24.0900       19.1000 12405908   20.71%
  72521 25010       21.3351    40       24.0900       19.1000 12416203   20.71%
  72595 25037       19.1000    41       24.0900       19.1000 12431000   20.71%
  72674 25065       19.1000    35       24.0900       19.1000 12445227   20.71%
Elapsed time = 2703.88 sec. (3568437.49 ticks, tree = 46.95 MB, solutions = 3)
  72755 25103       21.1400    33       24.0900       19.1000 12459987   20.71%
  72874 25146       19.5359    26       24.0900       19.1000 12476362   20.71%
  72997 25187       19.5359    35       24.0900       19.1000 12492595   20.71%
  73108 25226        cutoff             24.0900       19.1000 12508565   20.71%
  73216 25263       19.3280    29       24.0900       19.1000 12524711   20.71%
  73330 25299       21.5759    28       24.0900       19.1000 12540495   20.71%
  73438 25332       19.1000    35       24.0900       19.1000 12556536   20.71%
  73533 25359       23.1700    37       24.0900       19.1000 12571960   20.71%
  73611 25379       19.1000    38       24.0900       19.1000 12587836   20.71%
  73698 25412       19.1423    32       24.0900       19.1000 12602609   20.71%
Elapsed time = 2731.95 sec. (3606947.74 ticks, tree = 47.47 MB, solutions = 3)
  73741 25423       21.5759    27       24.0900       19.1000 12609445   20.71%
  73823 25440       21.5759    22       24.0900       19.1000 12623579   20.71%
  73912 25464       19.3348    33       24.0900       19.1000 12636591   20.71%
  74009 25495    infeasible             24.0900       19.1000 12650981   20.71%
  74105 25532       19.2561    33       24.0900       19.1000 12665448   20.71%
  74202 25568       22.6500    30       24.0900       19.1000 12679607   20.71%
  74304 25602       19.1000    36       24.0900       19.1000 12694990   20.71%
  74391 25640       19.1000    32       24.0900       19.1000 12709514   20.71%
  74477 25665       20.6100    36       24.0900       19.1000 12725209   20.71%
  74878 25793       19.1000    32       24.0900       19.1000 12786956   20.71%
Elapsed time = 2769.26 sec. (3656857.78 ticks, tree = 48.05 MB, solutions = 3)
  75287 25943       19.1000    33       24.0900       19.1000 12848946   20.71%
  75668 26104    infeasible             24.0900       19.1000 12905795   20.71%
  75999 26235       23.5595    34       24.0900       19.1000 12964919   20.71%
  76338 26374       21.1400    29       24.0900       19.1000 13025250   20.71%
  76633 26484       21.6600    45       24.0900       19.1000 13080601   20.71%
  76864 26585       23.7000    29       24.0900       19.1000 13127259   20.71%
  77172 26690       19.1000    45       24.0900       19.1000 13182226   20.71%
  77495 26790       19.2965    36       24.0900       19.1000 13242656   20.71%
  77798 26901       19.3050    37       24.0900       19.1000 13297229   20.71%
  78020 26990       19.1000    41       24.0900       19.1000 13339319   20.71%
Elapsed time = 2886.98 sec. (3810178.74 ticks, tree = 50.09 MB, solutions = 3)
  78285 27095       21.3857    33       24.0900       19.1000 13394759   20.71%
  78533 27198       20.6100    32       24.0900       19.1000 13449108   20.71%
  78787 27305       19.1000    45       24.0900       19.1000 13501756   20.71%
  79121 27441       23.1700    24       24.0900       19.1000 13558309   20.71%
  79403 27575       19.7544    28       24.0900       19.1000 13613624   20.71%
  79757 27703       22.6500    33       24.0900       19.1000 13668860   20.71%
  80050 27821       22.6500    28       24.0900       19.1000 13724483   20.71%
  80301 27922       21.6600    41       24.0900       19.1000 13778483   20.71%
  80644 28053       19.1000    37       24.0900       19.1000 13838277   20.71%
  81020 28214       22.4991    30       24.0900       19.1000 13896014   20.71%
Elapsed time = 3005.82 sec. (3964114.14 ticks, tree = 52.02 MB, solutions = 3)
  81364 28288       19.2492    32       24.0900       19.1000 13955656   20.71%
  81754 28418       22.6500    30       24.0900       19.1000 14015159   20.71%
  82052 28524       21.6807    40       24.0900       19.1000 14069946   20.71%
  82356 28634       19.1000    37       24.0900       19.1000 14124939   20.71%
  82686 28773       19.1000    27       24.0900       19.1000 14181018   20.71%
  83000 28891       19.1000    38       24.0900       19.1000 14233045   20.71%
  83355 29016    infeasible             24.0900       19.1000 14296556   20.71%
  83682 29141    infeasible             24.0900       19.1000 14356039   20.71%
  83984 29233       21.1400    24       24.0900       19.1000 14414326   20.71%
  84239 29326       19.3771    40       24.0900       19.1000 14464445   20.71%
Elapsed time = 3121.49 sec. (4117024.31 ticks, tree = 53.79 MB, solutions = 3)
  84497 29405        cutoff             24.0900       19.1000 14518536   20.71%
  84792 29492       22.0001    31       24.0900       19.1000 14574811   20.71%
  85098 29588       22.4983    43       24.0900       19.1000 14634293   20.71%
  85370 29707       19.1756    34       24.0900       19.1000 14689966   20.71%
  85634 29823       19.1000    28       24.0900       19.1000 14740444   20.71%
  85948 29947       20.2639    39       24.0900       19.1000 14800209   20.71%
  86279 30089       21.1400    36       24.0900       19.1000 14860310   20.71%
  86624 30227       19.1000    34       24.0900       19.1000 14919812   20.71%
  86983 30371    infeasible             24.0900       19.1000 14979591   20.71%
  87345 30528       21.1400    34       24.0900       19.1000 15042294   20.71%
Elapsed time = 3237.77 sec. (4270149.03 ticks, tree = 55.62 MB, solutions = 3)
Starting limited solution polishing.
  87656 30642       21.5515    26       24.0900       19.1000 15096840   20.71%
  88025 30741       23.1700    26       24.0900       19.1000 15159692   20.71%
  88339 30867       19.1000    38       24.0900       19.1000 15220338   20.71%
  88554 30971    infeasible             24.0900       19.1000 15262664   20.71%
  88855 31095    infeasible             24.0900       19.1000 15317567   20.71%
* 88920+ 9969                           21.1400       19.1000             9.65%
  89030  9971       19.5662    25       21.1400       19.1000 15358810    9.65%
  89311  9992    infeasible             21.1400       19.1000 15419525    9.65%
  89517 10002       19.1000    43       21.1400       19.1000 15462911    9.65%
  89808 10024    infeasible             21.1400       19.1000 15525709    9.65%
  90020 10026       19.1000    37       21.1400       19.1000 15573217    9.65%
Elapsed time = 3354.33 sec. (4425785.58 ticks, tree = 19.59 MB, solutions = 4)
  90229 10056    infeasible             21.1400       19.1000 15614806    9.65%
  90499 10094        cutoff             21.1400       19.1000 15674753    9.65%
  90720 10113       19.1000    35       21.1400       19.1000 15722627    9.65%
* 90920+    1                           19.1000       19.1000             0.00%

GUB cover cuts applied:  3
Clique cuts applied:  8
Cover cuts applied:  234
Implied bound cuts applied:  6
Flow cuts applied:  23
Mixed integer rounding cuts applied:  74
Zero-half cuts applied:  2

Root node processing (before b&c):
  Real time             =    6.04 sec. (6843.45 ticks)
Sequential b&c:
  Real time             = 3395.99 sec. (4482786.66 ticks)
                          ------------
Total (root+branch&cut) = 3402.03 sec. (4489630.12 ticks)
