Version identifier: 22.1.0.0 | 2022-03-09 | 1a383f8ce
CPXPARAM_Read_DataCheck                          1
CPXPARAM_Threads                                 1
CPXPARAM_TimeLimit                               3600
Tried aggregator 2 times.
MIP Presolve eliminated 7396 rows and 805 columns.
MIP Presolve modified 106277 coefficients.
Aggregator did 629 substitutions.
Reduced MIP has 24631 rows, 1896 columns, and 199685 nonzeros.
Reduced MIP has 1474 binaries, 0 generals, 0 SOSs, and 0 indicators.
Presolve time = 0.30 sec. (299.09 ticks)
Probing time = 0.01 sec. (8.34 ticks)
Tried aggregator 1 time.
Detecting symmetries...
Reduced MIP has 24631 rows, 1896 columns, and 199685 nonzeros.
Reduced MIP has 1474 binaries, 0 generals, 0 SOSs, and 0 indicators.
Presolve time = 0.11 sec. (82.69 ticks)
Probing time = 0.01 sec. (8.60 ticks)
Clique table members: 929.
MIP emphasis: balance optimality and feasibility.
MIP search method: dynamic search.
Parallel mode: none, using 1 thread.
Root relaxation solution time = 0.08 sec. (99.68 ticks)

        Nodes                                         Cuts/
   Node  Left     Objective  IInf  Best Integer    Best Bound    ItCnt     Gap

      0     0       41.3800   293                     41.3800      639         
      0     0       41.3800   146                   Cuts: 425      948         
      0     0       41.3800   176                  Cuts: 2259     1316         
      0     0       41.3800   124                   Cuts: 387     1578         
      0     0       41.3800   136                  Cuts: 2144     1924         
Detecting symmetries...
      0     2       41.3800   108                     41.3800     1924         
Elapsed time = 14.25 sec. (16722.94 ticks, tree = 0.01 MB, solutions = 0)
      2     4       41.3800   110                     41.3800     2678         
      8    10       41.7400   129                     41.3800     3138         
     14    14       41.3800   109                     41.3800     3685         
     22    22       44.1100   102                     41.3800     4124         
     28    28       41.3800    93                     41.3800     4660         
     30    30       41.3800   109                     41.3800     4891         
     36    36       44.4900   113                     41.3800     5423         
     41    41       41.3800   102                     41.3800     5901         
     45    45       43.3200   102                     41.3800     6549         
     60    60       45.6900   112                     41.3800     7907         
Elapsed time = 16.73 sec. (20617.58 ticks, tree = 0.98 MB, solutions = 0)
     96    94       41.3800   107                     41.3800     9988         
    125   115       41.3800    84                     41.3800    12149         
    138   128       41.3800    80                     41.3800    14758         
    150   138       41.3800    90                     41.3800    15654         
    176   156       41.3800    70                     41.3800    18059         
    200   164       42.9600    68                     41.3800    20305         
    239   179    infeasible                           41.3800    22671         
    259   187       42.9600    61                     41.3800    24596         
    264   192       42.9600    60                     41.3800    25953         
    278   206       42.9600    52                     41.3800    27604         
Elapsed time = 23.42 sec. (30546.10 ticks, tree = 4.21 MB, solutions = 0)
    294   220       46.0500    41                     41.3800    30566         
    303   227       43.3708    41                     41.3800    32783         
    320   236       44.2200    29                     41.3800    34833         
    336   249       43.5888    23                     41.3800    36856         
    343   254       44.2200    23                     41.3800    38796         
    359   265    infeasible                           41.3800    41196         
    365   265       42.9600    76                     41.3800    42142         
    397   295       46.6900    47                     41.3800    43877         
    411   307       46.6900    49                     41.3800    45014         
    426   320    infeasible                           41.3800    47707         
Elapsed time = 30.68 sec. (41561.36 ticks, tree = 6.56 MB, solutions = 0)
    431   321       41.7935    99                     41.3800    49641         
    440   324       41.3800    76                     41.3800    51379         
    456   339       41.3800    76                     41.3800    53329         
    480   359       41.3800    72                     41.3800    54997         
    496   375       41.3800    69                     41.3800    56980         
    519   394       41.3800    59                     41.3800    59604         
    532   405       41.5541    72                     41.3800    62195         
    540   405       44.7647    74                     41.3800    64925         
    544   407       46.3728    74                     41.3800    66954         
    552   413       48.8000    47                     41.3800    69062         
Elapsed time = 38.82 sec. (53468.47 ticks, tree = 6.90 MB, solutions = 0)
    560   419       48.8003    42                     41.3800    71168         
    578   428    infeasible                           41.3800    73672         
    590   434       49.2800    33                     41.3800    75384         
    597   437    infeasible                           41.3800    77405         
    619   451       45.9194    67                     41.3800    80254         
    629   455       44.1100    57                     41.3800    81705         
    664   477       42.7106    49                     41.3800    83771         
    676   487       42.7106    51                     41.3800    85812         
    701   508       42.7549    55                     41.3800    88155         
    716   521       42.7106    58                     41.3800    90113         
Elapsed time = 45.73 sec. (63640.19 ticks, tree = 8.28 MB, solutions = 0)
    733   536       45.8206    44                     41.3800    92206         
    745   538       41.3800    62                     41.3800    94105         
    768   537       41.9200    70                     41.3800    96893         
    786   553       41.9200    63                     41.3800    98518         
    800   567       50.2000    53                     41.3800   100484         
    812   568    infeasible                           41.3800   103528         
    837   579       49.4400    69                     41.3800   105249         
    867   607       46.3300    51                     41.3800   107434         
    880   620       46.3300    50                     41.3800   108837         
    900   636       46.3300    49                     41.3800   110593         
Elapsed time = 52.83 sec. (74260.24 ticks, tree = 8.71 MB, solutions = 0)
    917   648       46.3300    43                     41.3800   112810         
    933   662       46.3300    38                     41.3800   115322         
    944   669    infeasible                           41.3800   118456         
    952   673       46.3300    35                     41.3800   120882         
    960   674       46.3300    30                     41.3800   122648         
    971   683       46.5900    32                     41.3800   125089         
    975   681       41.3800    65                     41.3800   126627         
    986   682       41.3800    72                     41.3800   128499         
   1010   692       42.9600    75                     41.3800   130729         
   1044   719       44.6556    60                     41.3800   132701         
Elapsed time = 59.78 sec. (84559.29 ticks, tree = 9.21 MB, solutions = 0)
   1054   721    infeasible                           41.3800   134721         
   1071   732       41.3800    76                     41.3800   136498         
   1086   741       43.1850    76                     41.3800   139109         
   1100   750       41.3800    77                     41.3800   141276         
   1112   750    infeasible                           41.3800   144889         
   1122   752       41.3800    79                     41.3800   146196         
   1128   754       44.1100    78                     41.3800   147705         
   1150   762    infeasible                           41.3800   150457         
   1169   777       41.3800    80                     41.3800   151909         
   1195   803       41.9200    66                     41.3800   154261         
Elapsed time = 67.07 sec. (95197.02 ticks, tree = 9.53 MB, solutions = 0)
   1210   818       41.3800    54                     41.3800   156162         
   1231   833       44.4700    46                     41.3800   158629         
   1239   837       41.3800    82                     41.3800   160421         
   1261   857       49.1600    48                     41.3800   163129         
   1280   870       49.1600    36                     41.3800   164985         
   1292   876       49.9600    29                     41.3800   167161         
   1300   878    infeasible                           41.3800   169446         
   1306   880       42.9600    56                     41.3800   171512         
   1322   894       42.9600    44                     41.3800   173658         
   1345   915       42.9600    42                     41.3800   175915         
Elapsed time = 73.85 sec. (105638.48 ticks, tree = 9.95 MB, solutions = 0)
   1357   923       45.6900    42                     41.3800   178262         
   1382   948       46.3300    38                     41.3800   180603         
   1399   957       42.9600    27                     41.3800   182961         
   1408   964       43.5000    26                     41.3800   185273         
   1412   964       41.3800    64                     41.3800   187156         
   1422   974       41.7400    57                     41.3800   188382         
   1439   989       43.3200    47                     41.3800   191022         
   1446   994       43.5800    36                     41.3800   193082         
   1452   996       43.5800    35                     41.3800   195029         
   1494  1023       41.6000    47                     41.3800   203855         
Elapsed time = 82.75 sec. (118589.39 ticks, tree = 10.36 MB, solutions = 0)
   1530  1051       42.1400    18                     41.3800   211990         
   1576  1089       41.3800    41                     41.3800   220092         
   1620  1115    infeasible                           41.3800   229403         
   1651  1137       43.2800    21                     41.3800   237235         
   1700  1171       42.3800    24                     41.3800   245443         
   1730  1189       41.6285    26                     41.3800   253038         
   1766  1197       46.8939    26                     41.3800   261770         
   1794  1207       46.1700    40                     41.3800   269882         
   1840  1237       41.5571    35                     41.3800   278196         
   1880  1248    infeasible                           41.3800   286684         
Elapsed time = 110.74 sec. (157930.05 ticks, tree = 11.26 MB, solutions = 0)
   1921  1259    infeasible                           41.3800   295487         
   1959  1282       44.4762    30                     41.3800   303666         
   2000  1297       45.9343    38                     41.3800   312552         

Performing restart 1

Repeating presolve.
Tried aggregator 1 time.
MIP Presolve modified 51 coefficients.
Reduced MIP has 24631 rows, 1896 columns, and 199685 nonzeros.
Reduced MIP has 1474 binaries, 0 generals, 0 SOSs, and 0 indicators.
Presolve time = 0.06 sec. (66.24 ticks)
Tried aggregator 1 time.
Reduced MIP has 24631 rows, 1896 columns, and 199685 nonzeros.
Reduced MIP has 1474 binaries, 0 generals, 0 SOSs, and 0 indicators.
Presolve time = 0.11 sec. (84.36 ticks)
Represolve time = 0.32 sec. (294.08 ticks)
   2024     0       41.3800   100                   Cuts: 260   319020         
   2024     0       41.3800   146                  Cuts: 2166   319361         
   2024     0       41.3800   116                   Cuts: 326   319681         
   2024     0       41.3800   120                  Cuts: 2203   319904         
   2024     0       41.3800   125                   Cuts: 262   320286         
   2024     0       41.3800   111                   Cuts: 267   320604         
   2024     0       41.3800   117                  Cuts: 2292   320877         
   2024     2       41.3800    81                     41.3800   320877         
   2033    11       41.3800   111                     41.3800   321579         
   2044    22       41.3800    96                     41.3800   321977         
   2055    32       41.3800    98                     41.3800   322281         
   2067    42       45.7600   134                     41.3800   323455         
   2078    52       46.5300   118                     41.3800   324860         
   2085    59       46.5300    90                     41.3800   326977         
Elapsed time = 151.61 sec. (217276.46 ticks, tree = 2.10 MB, solutions = 0)
   2104    78       46.5300    70                     41.3800   329811         
   2129    92       41.3800    74                     41.3800   333980         
   2167   130       41.3800    71                     41.3800   336459         
   2202   162       52.3700    48                     41.3800   338370         
   2231   191       53.0100    41                     41.3800   341757         
   2256   210       41.3800    80                     41.3800   345415         
   2286   240       42.1500    65                     41.3800   347152         
   2328   282       41.3800    45                     41.3800   349898         
   2368   312       51.0342    49                     41.3800   352908         
   2392   326       47.4583    53                     41.3800   356022         
Elapsed time = 177.42 sec. (257058.42 ticks, tree = 42.63 MB, solutions = 0)
   2424   353       41.3800    39                     41.3800   358431         
   2454   376       47.4600    34                     41.3800   362090         
   2466   381       42.5100    38                     41.3800   364828         
   2487   390       44.1100    45                     41.3800   369451         
   2504   399    infeasible                           41.3800   373547         
   2518   409    infeasible                           41.3800   377066         
   2541   420       44.4700    47                     41.3800   381752         
   2567   442       46.8800    46                     41.3800   386025         
   2584   457       46.9294    53                     41.3800   392773         
   2620   476       43.4263    40                     41.3800   397834         
Elapsed time = 204.02 sec. (296818.82 ticks, tree = 57.11 MB, solutions = 0)
   2630   486       45.8900    34                     41.3800   401435         
   2653   501       41.7400    36                     41.3800   405473         
   2679   522       48.7200    22                     41.3800   408158         
   2704   538       43.5492    45                     41.3800   411558         
   2727   552       45.7354    38                     41.3800   416052         
   2742   563       47.1742    33                     41.3800   421358         
   2772   588       47.7222    35                     41.3800   425249         
   2790   602       41.7400    44                     41.3800   430069         
   2818   626       52.0500    21                     41.3800   433440         
   2839   639       42.0269    37                     41.3800   437230         
Elapsed time = 230.62 sec. (336094.31 ticks, tree = 81.27 MB, solutions = 0)
   2873   663    infeasible                           41.3800   442043         
   2911   697       48.7200    28                     41.3800   445580         
   2927   706       41.3800    33                     41.3800   448046         
   2969   736    infeasible                           41.3800   451442         
   3007   766       48.3600    18                     41.3800   454604         

Performing restart 2

Repeating presolve.
Tried aggregator 1 time.
MIP Presolve eliminated 3 rows and 0 columns.
MIP Presolve modified 67 coefficients.
Reduced MIP has 24628 rows, 1896 columns, and 208506 nonzeros.
Reduced MIP has 1474 binaries, 0 generals, 0 SOSs, and 0 indicators.
Presolve time = 0.11 sec. (110.70 ticks)
Tried aggregator 1 time.
Reduced MIP has 24628 rows, 1896 columns, and 208506 nonzeros.
Reduced MIP has 1474 binaries, 0 generals, 0 SOSs, and 0 indicators.
Presolve time = 0.12 sec. (92.25 ticks)
Represolve time = 0.43 sec. (372.57 ticks)
   3036     0       41.3800   128                   Cuts: 270   458521         
   3036     0       41.3800   194                  Cuts: 3033   459001         
   3036     0       41.3800   134                   Cuts: 194   459272         
   3036     0       41.3800   155                  Cuts: 1984   459606         
   3036     0       41.3800   135                   Cuts: 367   460002         
   3036     0       41.3800   183                  Cuts: 2788   460395         
   3036     0       41.3800   104                    Cuts: 13   460564         
   3036     0       41.3800   134                  Cuts: 2857   460885         
   3036     0       41.3800   122                   Cuts: 156   461189         
   3036     0       41.3800   123                  Cuts: 2909   461436         
   3036     0       41.3800   101                   Cuts: 130   461659         
   3036     0       41.3800   136                  Cuts: 1426   461939         
   3036     2       41.3800    76                     41.3800   461939         
   3044    10       41.3800    81                     41.3800   463106         
   3056    22       41.3800    91                     41.3800   464008         
   3070    36       41.3800   104                     41.3800   465186         
   3087    53       41.3800    75                     41.3800   466962         
Elapsed time = 331.42 sec. (470968.68 ticks, tree = 0.20 MB, solutions = 0)
   3100    66       41.3800    71                     41.3800   468861         
   3107    73       41.3800    81                     41.3800   470591         
   3116    80       41.3800    84                     41.3800   471881         
   3127    91       41.3800    72                     41.3800   474012         
   3135    97       44.8818    69                     41.3800   476140         
   3146   105       45.1400    61                     41.3800   477713         
   3155   113       49.8300    49                     41.3800   480738         
   3169   121       49.8300    29                     41.3800   484236         
   3179   124       45.1400    67                     41.3800   488406         
   3191   134       45.1400    45                     41.3800   491489         
Elapsed time = 356.99 sec. (512419.98 ticks, tree = 1.63 MB, solutions = 0)
   3208   145       46.7200    33                     41.3800   495160         
   3223   153    infeasible                           41.3800   499609         
   3247   166       41.3800    61                     41.3800   503719         
   3268   187       41.3800    53                     41.3800   506274         
   3279   195       44.5900    69                     41.3800   509146         
   3290   204       47.3200    49                     41.3800   512083         
   3300   214       47.3200    40                     41.3800   515263         
   3320   219       41.3800    58                     41.3800   520438         
   3337   235       42.1500    56                     41.3800   522827         
   3347   244       42.1500    41                     41.3800   525551         
Elapsed time = 382.45 sec. (551653.05 ticks, tree = 2.41 MB, solutions = 0)
   3362   254       51.1100    27                     41.3800   530304         
   3384   270       42.1500    47                     41.3800   534925         
   3406   287       44.3900    23                     41.3800   539492         
   3434   307       44.8800    50                     41.3800   544172         
   3450   323       44.8800    35                     41.3800   548526         
   3476   335       41.3800    60                     41.3800   553455         
   3508   366       42.1500    49                     41.3800   559099         
   3530   382       44.3591    29                     41.3800   564894         
   3552   397       42.1500    60                     41.3800   569722         
   3574   419       42.1500    41                     41.3800   574468         
Elapsed time = 409.74 sec. (591164.64 ticks, tree = 3.07 MB, solutions = 0)
   3593   437       43.0991    21                     41.3800   580590         
   3613   449       42.1500    37                     41.3800   585239         
   3653   473       43.9500    32                     41.3800   591934         
   3672   484       44.8900    47                     41.3800   599150         
   3687   488       41.3800    53                     41.3800   603743         
   3717   513       42.3300    26                     41.3800   610699         
   3737   525       41.3800    46                     41.3800   616154         
   3764   548       42.9786    23                     41.3800   623820         
   3784   560       42.6900    39                     41.3800   628279         
   3804   570       44.3100    36                     41.3800   634007         
Elapsed time = 439.64 sec. (631101.59 ticks, tree = 3.65 MB, solutions = 0)
   3825   584       44.5900    33                     41.3800   639995         
   3846   599       44.5900    37                     41.3800   646464         
   3866   613       45.4200    43                     41.3800   651705         
   3897   635       46.1700    24                     41.3800   657817         
   3919   650       42.1500    35                     41.3800   663138         
   3949   671       46.8300    11                     41.3800   669985         
*  3951   590      integral     0       46.8300       41.3800   670679   11.64%
   3974   602       43.4100    41       46.8300       41.3800   676315   11.64%
   4007   621       42.1500    30       46.8300       41.3800   682952   11.64%
   4033   639       46.1700    23       46.8300       41.3800   689052   11.64%
   4056   653       45.9300    24       46.8300       41.3800   695725   11.64%
Elapsed time = 469.05 sec. (670877.44 ticks, tree = 4.34 MB, solutions = 1)
*  4065   634      integral     0       46.1900       41.3800   696917   10.41%
   4089   648       41.3800    45       46.1900       41.3800   702133   10.41%
   4115   662       42.1500    40       46.1900       41.3800   708760   10.41%
   4145   674       42.2447    36       46.1900       41.3800   714760   10.41%
   4167   689       43.9500    28       46.1900       41.3800   719477   10.41%
   4196   708    infeasible             46.1900       41.3800   725541   10.41%
   4218   720       41.9373    41       46.1900       41.3800   731673   10.41%
   4236   729       45.5300    32       46.1900       41.3800   734676   10.41%
   4260   739       41.6296    44       46.1900       41.3800   742579   10.41%
   4291   755       41.6296    53       46.1900       41.3800   747877   10.41%
   4316   776       45.9300    22       46.1900       41.3800   752433   10.41%
Elapsed time = 498.80 sec. (710929.64 ticks, tree = 5.16 MB, solutions = 2)
   4327   782       43.9500    47       46.1900       41.3800   755043   10.41%
   4342   794       45.5300    24       46.1900       41.3800   760593   10.41%
   4355   802       45.6600    42       46.1900       41.3800   765976   10.41%
   4370   806       42.1500    41       46.1900       41.3800   770905   10.41%
   4395   822       43.4144    35       46.1900       41.3800   776712   10.41%
   4421   843       43.9500    35       46.1900       41.3800   781720   10.41%
   4454   860       43.9500    25       46.1900       41.3800   789623   10.41%
   4475   872       42.9651    35       46.1900       41.3800   796493   10.41%
   4498   883       44.9717    14       46.1900       41.3800   800969   10.41%
   4527   898       42.1671    35       46.1900       41.3800   807495   10.41%
Elapsed time = 528.75 sec. (750232.78 ticks, tree = 5.80 MB, solutions = 2)
   4540   907       44.5900    24       46.1900       41.3800   811159   10.41%
   4555   912       45.1300    30       46.1900       41.3800   815670   10.41%
   4573   919       42.1500    51       46.1900       41.3800   821782   10.41%
   4598   931       42.1500    51       46.1900       41.3800   827805   10.41%
   4627   945       41.3800    59       46.1900       41.3800   834776   10.41%
   4636   951       43.1189    47       46.1900       41.3800   837705   10.41%
   4657   961       42.1500    54       46.1900       41.3800   843947   10.41%
   4683   978       44.5900    39       46.1900       41.3800   849468   10.41%
   4701   990       43.9500    29       46.1900       41.3800   854546   10.41%
   4724  1005       42.1671    47       46.1900       41.3800   859825   10.41%
Elapsed time = 559.71 sec. (792476.24 ticks, tree = 6.39 MB, solutions = 2)
   4740  1015       44.6235    27       46.1900       41.3800   865994   10.41%
   4757  1020    infeasible             46.1900       41.3800   872698   10.41%
   4777  1030       42.8896    35       46.1900       41.3800   879035   10.41%
   4813  1051       43.9591    34       46.1900       41.3800   884988   10.41%
   4853  1079       44.5900    20       46.1900       41.3800   892642   10.41%
   4873  1091       44.1300    32       46.1900       41.3800   897765   10.41%
   4895  1108       44.9500    35       46.1900       41.3800   902659   10.41%
   4923  1123       44.5900    31       46.1900       41.3800   908624   10.41%
   4949  1134       44.9500    29       46.1900       41.3800   915621   10.41%
   4975  1151       45.9300    28       46.1900       41.3800   922459   10.41%
Elapsed time = 589.79 sec. (832046.20 ticks, tree = 7.16 MB, solutions = 2)
   4993  1164       42.1500    57       46.1900       41.3800   925668   10.41%
   5006  1171       42.3469    50       46.1900       41.3800   929042   10.41%
   5027  1182       41.4981    51       46.1900       41.3800   933420   10.41%
   5045  1196       43.9500    24       46.1900       41.3800   938674   10.41%
   5071  1207       41.3800    45       46.1900       41.3800   945602   10.41%
   5094  1222       42.3300    38       46.1900       41.3800   953180   10.41%
   5116  1236       46.1700    20       46.1900       41.3800   959871   10.41%
   5137  1246       44.6511    25       46.1900       41.3800   966718   10.41%
   5155  1254       44.5900    29       46.1900       41.3800   972600   10.41%
   5171  1262       44.5900    40       46.1900       41.3800   977554   10.41%
Elapsed time = 620.13 sec. (871381.94 ticks, tree = 7.57 MB, solutions = 2)
   5185  1268       45.5300    37       46.1900       41.3800   982509   10.41%
   5200  1276       42.6900    37       46.1900       41.3800   987453   10.41%
   5220  1288       42.2288    40       46.1900       41.3800   994459   10.41%
   5236  1297       42.1500    46       46.1900       41.3800   999865   10.41%
   5258  1309       42.1500    47       46.1900       41.3800  1006322   10.41%
   5281  1323       42.6900    49       46.1900       41.3800  1011757   10.41%
   5307  1343       42.6900    47       46.1900       41.3800  1017421   10.41%
   5329  1358       41.6097    53       46.1900       41.3800  1022872   10.41%
   5355  1375       44.3191    43       46.1900       41.3800  1028758   10.41%
   5379  1393       44.5900    36       46.1900       41.3800  1034223   10.41%
Elapsed time = 652.00 sec. (912293.72 ticks, tree = 8.06 MB, solutions = 2)
   5402  1410       44.5900    38       46.1900       41.3800  1041226   10.41%
   5423  1422       43.4266    53       46.1900       41.3800  1046910   10.41%
   5439  1437       44.5900    28       46.1900       41.3800  1052463   10.41%
   5454  1444       44.5900    36       46.1900       41.3800  1057970   10.41%
   5475  1458       43.4144    52       46.1900       41.3800  1064590   10.41%
   5495  1473       41.3851    41       46.1900       41.3800  1069180   10.41%
   5519  1487       44.9609    26       46.1900       41.3800  1075981   10.41%
   5546  1497       43.9500    42       46.1900       41.3800  1082656   10.41%
   5567  1507       42.7507    46       46.1900       41.3800  1088235   10.41%
   5591  1521       43.9500    47       46.1900       41.3800  1094917   10.41%
Elapsed time = 682.15 sec. (951767.07 ticks, tree = 8.53 MB, solutions = 2)
   5615  1533       43.4144    47       46.1900       41.3800  1101936   10.41%
   5636  1547       42.1500    55       46.1900       41.3800  1108640   10.41%
   5657  1563    infeasible             46.1900       41.3800  1113905   10.41%
   5675  1574       44.5900    32       46.1900       41.3800  1118829   10.41%
   5690  1583       42.1500    40       46.1900       41.3800  1124559   10.41%
   5718  1604       44.5900    43       46.1900       41.3800  1130356   10.41%
   5741  1617       42.1500    56       46.1900       41.3800  1137112   10.41%
   5767  1631       44.9500    37       46.1900       41.3800  1143516   10.41%
   5795  1651       43.9500    33       46.1900       41.3800  1150565   10.41%
   5812  1659       41.3800    62       46.1900       41.3800  1158647   10.41%
Elapsed time = 711.60 sec. (991089.37 ticks, tree = 9.04 MB, solutions = 2)
   5826  1670       43.9591    43       46.1900       41.3800  1162463   10.41%
   5836  1673       42.9600    53       46.1900       41.3800  1166384   10.41%
   5855  1682       41.3800    49       46.1900       41.3800  1171859   10.41%
   5875  1691       43.4144    43       46.1900       41.3800  1178041   10.41%
*  5886+ 1599                           45.9300       41.3800             9.91%
   5890  1599       41.8096    47       45.9300       41.3800  1184175    9.91%
   5909  1609       44.3191    37       45.9300       41.3800  1188935    9.91%
   5925  1619       43.9500    51       45.9300       41.3800  1193595    9.91%
   5943  1630       43.4144    39       45.9300       41.3800  1197724    9.91%
   5962  1642       42.1500    49       45.9300       41.3800  1202657    9.91%
   5991  1660       43.9500    46       45.9300       41.3800  1207809    9.91%
Elapsed time = 743.29 sec. (1032643.83 ticks, tree = 9.23 MB, solutions = 3)
   6008  1670       44.3191    49       45.9300       41.3800  1212405    9.91%
   6023  1678       41.3800    59       45.9300       41.3800  1217271    9.91%
   6038  1691       43.9500    41       45.9300       41.3800  1221683    9.91%
   6056  1696       41.4981    57       45.9300       41.3800  1227618    9.91%
   6076  1707       42.1500    37       45.9300       41.3800  1231932    9.91%
   6101  1714       42.3300    44       45.9300       41.3800  1238233    9.91%
   6126  1726       43.9500    41       45.9300       41.3800  1245789    9.91%
   6143  1732       42.6991    41       45.9300       41.3800  1251440    9.91%
   6158  1738       41.3800    52       45.9300       41.3800  1256119    9.91%
   6177  1748       41.4978    52       45.9300       41.3800  1261627    9.91%
Elapsed time = 772.97 sec. (1072134.61 ticks, tree = 9.56 MB, solutions = 3)
   6196  1757       42.6451    39       45.9300       41.3800  1267865    9.91%
   6216  1769       42.1500    50       45.9300       41.3800  1273326    9.91%
   6234  1784       44.5900    29       45.9300       41.3800  1278809    9.91%
   6253  1791    infeasible             45.9300       41.3800  1284898    9.91%
   6276  1800       42.9600    49       45.9300       41.3800  1290347    9.91%
   6303  1818       41.3800    55       45.9300       41.3800  1297437    9.91%
   6331  1833    infeasible             45.9300       41.3800  1303215    9.91%
   6352  1843       42.1500    50       45.9300       41.3800  1307526    9.91%
   6368  1852       42.9600    57       45.9300       41.3800  1312103    9.91%
   6388  1863       42.1671    55       45.9300       41.3800  1317456    9.91%
Elapsed time = 803.33 sec. (1112300.06 ticks, tree = 9.98 MB, solutions = 3)
   6409  1877       44.3191    48       45.9300       41.3800  1322797    9.91%
   6435  1891       43.9500    30       45.9300       41.3800  1328332    9.91%
   6456  1900       42.1500    55       45.9300       41.3800  1334129    9.91%
   6478  1910       42.6451    48       45.9300       41.3800  1339468    9.91%
   6499  1924       42.6400    55       45.9300       41.3800  1346729    9.91%
   6521  1942       44.0111    38       45.9300       41.3800  1352612    9.91%
   6545  1957       42.6900    48       45.9300       41.3800  1359203    9.91%
   6568  1967       43.4100    52       45.9300       41.3800  1364987    9.91%
   6593  1982       42.1536    69       45.9300       41.3800  1372748    9.91%
   6615  1998       41.5600    58       45.9300       41.3800  1378089    9.91%
Elapsed time = 834.10 sec. (1152209.73 ticks, tree = 10.48 MB, solutions = 3)
   6636  2008       42.8251    43       45.9300       41.3800  1384086    9.91%
   6664  2028       44.5900    37       45.9300       41.3800  1391368    9.91%
   6686  2036       44.5900    36       45.9300       41.3800  1397344    9.91%
   6709  2042       43.9500    38       45.9300       41.3800  1402661    9.91%
   6721  2050       42.9600    49       45.9300       41.3800  1407973    9.91%
   6736  2059       43.9500    48       45.9300       41.3800  1411055    9.91%
   6756  2071       43.7300    52       45.9300       41.3800  1417201    9.91%
   6775  2080       43.9500    47       45.9300       41.3800  1422162    9.91%
   6795  2089       44.5900    40       45.9300       41.3800  1429391    9.91%
   6818  2101       45.5300    22       45.9300       41.3800  1436153    9.91%
Elapsed time = 866.28 sec. (1194032.02 ticks, tree = 10.95 MB, solutions = 3)
   6839  2110       42.1500    50       45.9300       41.3800  1441103    9.91%
   6861  2117       41.3851    69       45.9300       41.3800  1447569    9.91%
   6883  2132    infeasible             45.9300       41.3800  1453078    9.91%
   6916  2151       44.5900    39       45.9300       41.3800  1460366    9.91%
   6945  2170       45.7500    12       45.9300       41.3800  1468436    9.91%
   6959  2177       42.6900    51       45.9300       41.3800  1472510    9.91%
   6978  2190       42.9600    54       45.9300       41.3800  1478571    9.91%
   7003  2202       45.1300    38       45.9300       41.3800  1485317    9.91%
   7023  2211       42.7349    49       45.9300       41.3800  1491004    9.91%
   7046  2226       41.4607    56       45.9300       41.3800  1497926    9.91%
Elapsed time = 897.17 sec. (1233781.66 ticks, tree = 11.42 MB, solutions = 3)
   7064  2243       44.5900    30       45.9300       41.3800  1502709    9.91%
   7076  2250       42.1500    59       45.9300       41.3800  1507701    9.91%
   7104  2269       43.9500    40       45.9300       41.3800  1513187    9.91%
   7118  2275       42.7890    59       45.9300       41.3800  1518581    9.91%
   7132  2284       41.3846    52       45.9300       41.3800  1524413    9.91%
   7154  2291       43.9500    42       45.9300       41.3800  1529929    9.91%
   7170  2297    infeasible             45.9300       41.3800  1536352    9.91%
   7184  2306       41.3800    74       45.9300       41.3800  1540510    9.91%
   7194  2315       42.7801    71       45.9300       41.3800  1543103    9.91%
   7205  2324       44.3100    55       45.9300       41.3800  1545301    9.91%
Elapsed time = 926.83 sec. (1273816.47 ticks, tree = 11.78 MB, solutions = 3)
   7224  2334       41.3800    56       45.9300       41.3800  1550359    9.91%
   7250  2353       45.7500    20       45.9300       41.3800  1557735    9.91%
   7278  2362       42.8896    52       45.9300       41.3800  1564192    9.91%
   7314  2385       42.1500    54       45.9300       41.3800  1571076    9.91%
   7339  2402       45.5300    38       45.9300       41.3800  1577791    9.91%
   7352  2412       41.3800    61       45.9300       41.3800  1583045    9.91%
   7365  2424       42.1649    68       45.9300       41.3800  1585235    9.91%
   7385  2444       42.7236    49       45.9300       41.3800  1589098    9.91%
   7408  2454       42.6900    51       45.9300       41.3800  1593665    9.91%
   7432  2473       41.3800    64       45.9300       41.3800  1598659    9.91%
Elapsed time = 956.25 sec. (1313231.57 ticks, tree = 12.33 MB, solutions = 3)
   7451  2491       43.9500    49       45.9300       41.3800  1602467    9.91%
   7470  2504       43.9591    50       45.9300       41.3800  1607947    9.91%
   7493  2513       41.3800    53       45.9300       41.3800  1614401    9.91%
   7514  2529       44.5900    39       45.9300       41.3800  1621232    9.91%
   7544  2544       43.9500    35       45.9300       41.3800  1627298    9.91%
   7561  2553       42.1500    49       45.9300       41.3800  1634303    9.91%
   7583  2566       42.1500    50       45.9300       41.3800  1640207    9.91%
   7610  2578    infeasible             45.9300       41.3800  1647108    9.91%
   7630  2587       41.3851    57       45.9300       41.3800  1653845    9.91%
   7638  2594       44.9500    36       45.9300       41.3800  1656677    9.91%
Elapsed time = 987.05 sec. (1352577.85 ticks, tree = 12.78 MB, solutions = 3)
   7660  2610       45.5300    36       45.9300       41.3800  1663809    9.91%
   7689  2625       42.1500    57       45.9300       41.3800  1670408    9.91%
   7719  2641       44.5900    47       45.9300       41.3800  1676559    9.91%
   7748  2662       45.5300    33       45.9300       41.3800  1683822    9.91%
   7774  2678       43.4645    57       45.9300       41.3800  1690050    9.91%
   7794  2690       42.1500    61       45.9300       41.3800  1695549    9.91%
   7827  2714       44.9500    47       45.9300       41.3800  1700253    9.91%
   7855  2736       45.1700    43       45.9300       41.3800  1705227    9.91%
   7879  2753       44.2877    48       45.9300       41.3800  1709321    9.91%
   7907  2773       41.3800    45       45.9300       41.3800  1714407    9.91%
Elapsed time = 1017.56 sec. (1391359.00 ticks, tree = 13.44 MB, solutions = 3)
   7928  2784       43.9677    49       45.9300       41.3800  1718846    9.91%
   7945  2788       44.8800    55       45.9300       41.3800  1723693    9.91%
   7969  2797       43.4100    48       45.9300       41.3800  1728994    9.91%
   7995  2808       42.0589    64       45.9300       41.3800  1734410    9.91%
   8025  2824       43.6845    46       45.9300       41.3800  1740325    9.91%
   8055  2845       42.9100    30       45.9300       41.3800  1745592    9.91%
   8075  2854       43.9500    54       45.9300       41.3800  1750379    9.91%
   8100  2870       44.5900    48       45.9300       41.3800  1755691    9.91%
   8124  2885       43.3300    51       45.9300       41.3800  1760873    9.91%
   8142  2894       42.3451    40       45.9300       41.3800  1766583    9.91%
Elapsed time = 1049.37 sec. (1431034.91 ticks, tree = 13.89 MB, solutions = 3)
   8158  2903       42.1500    60       45.9300       41.3800  1772468    9.91%
   8177  2915       42.9600    61       45.9300       41.3800  1778344    9.91%
   8201  2927       42.1500    50       45.9300       41.3800  1784632    9.91%
   8222  2941       41.5413    78       45.9300       41.3800  1789578    9.91%
   8245  2954       41.3846    67       45.9300       41.3800  1794356    9.91%
   8273  2970       44.3100    59       45.9300       41.3800  1801311    9.91%
   8300  2988       45.5300    35       45.9300       41.3800  1807137    9.91%
   8328  3006       41.6375    57       45.9300       41.3800  1813651    9.91%
   8351  3022       43.9500    54       45.9300       41.3800  1819979    9.91%
   8373  3035       42.6900    60       45.9300       41.3800  1826449    9.91%
Elapsed time = 1080.52 sec. (1471094.98 ticks, tree = 14.41 MB, solutions = 3)
   8407  3052       43.9500    39       45.9300       41.3800  1833538    9.91%
   8434  3069       42.1500    42       45.9300       41.3800  1840772    9.91%
   8465  3082       42.1500    54       45.9300       41.3800  1848326    9.91%
   8488  3101       45.5300    31       45.9300       41.3800  1856601    9.91%
   8506  3107       42.1500    53       45.9300       41.3800  1863660    9.91%
   8528  3115       41.3800    65       45.9300       41.3800  1868857    9.91%
   8536  3122       42.6900    67       45.9300       41.3800  1871531    9.91%
   8559  3139       42.1500    57       45.9300       41.3800  1876488    9.91%
   8580  3158       43.3300    43       45.9300       41.3800  1881141    9.91%
   8603  3172       41.3800    53       45.9300       41.3800  1886364    9.91%
Elapsed time = 1112.68 sec. (1512752.81 ticks, tree = 14.92 MB, solutions = 3)
   8636  3193       44.5900    45       45.9300       41.3800  1892812    9.91%
   8661  3206       42.6900    54       45.9300       41.3800  1897133    9.91%
   8683  3221       42.1500    71       45.9300       41.3800  1902090    9.91%
   8701  3233    infeasible             45.9300       41.3800  1907702    9.91%
   8733  3259       42.6900    40       45.9300       41.3800  1912917    9.91%
   8760  3278       45.5300    37       45.9300       41.3800  1917683    9.91%
   8782  3289       44.7700    43       45.9300       41.3800  1922604    9.91%
   8812  3304       42.1500    59       45.9300       41.3800  1928180    9.91%
   8824  3316       43.9591    35       45.9300       41.3800  1933370    9.91%
   8844  3331       42.6900    59       45.9300       41.3800  1938253    9.91%
Elapsed time = 1143.43 sec. (1552055.44 ticks, tree = 15.51 MB, solutions = 3)
   8869  3344    infeasible             45.9300       41.3800  1944041    9.91%
   8904  3365       42.1505    64       45.9300       41.3800  1949802    9.91%
   8921  3375       42.6400    63       45.9300       41.3800  1955341    9.91%
   8945  3397       45.5300    18       45.9300       41.3800  1961160    9.91%
   8966  3409       42.1500    55       45.9300       41.3800  1967229    9.91%
   8996  3426       42.6900    52       45.9300       41.3800  1973315    9.91%
   9018  3443       43.4645    55       45.9300       41.3800  1979586    9.91%
   9046  3464       44.5900    43       45.9300       41.3800  1984705    9.91%
   9074  3487       45.5300    33       45.9300       41.3800  1991914    9.91%
   9095  3500       43.9500    41       45.9300       41.3800  1997340    9.91%
Elapsed time = 1174.96 sec. (1591448.69 ticks, tree = 16.14 MB, solutions = 3)
   9115  3511       43.4104    68       45.9300       41.3800  2003248    9.91%
   9143  3530       43.9500    52       45.9300       41.3800  2008905    9.91%
   9170  3550       43.3300    44       45.9300       41.3800  2015101    9.91%
   9194  3566       44.5900    61       45.9300       41.3800  2021965    9.91%
   9219  3587       42.6900    55       45.9300       41.3800  2029483    9.91%
   9245  3609       44.5900    42       45.9300       41.3800  2034819    9.91%
   9266  3619       42.1500    54       45.9300       41.3800  2039978    9.91%
   9288  3636       41.3800    48       45.9300       41.3800  2044851    9.91%
   9313  3654       43.0271    63       45.9300       41.3800  2050433    9.91%
   9329  3669       45.5300    30       45.9300       41.3800  2055468    9.91%
Elapsed time = 1206.56 sec. (1630624.91 ticks, tree = 16.76 MB, solutions = 3)
   9345  3674       41.3800    55       45.9300       41.3800  2061488    9.91%
   9371  3691       42.6900    48       45.9300       41.3800  2066803    9.91%
   9393  3700       44.5900    57       45.9300       41.3800  2072219    9.91%
   9421  3715       43.4537    56       45.9300       41.3800  2078336    9.91%
   9435  3729       43.9500    29       45.9300       41.3800  2084061    9.91%
   9459  3744       43.9500    45       45.9300       41.3800  2089897    9.91%
   9488  3768       42.1500    64       45.9300       41.3800  2096355    9.91%
   9519  3792       43.4100    51       45.9300       41.3800  2102624    9.91%
   9548  3815       42.6900    49       45.9300       41.3800  2108916    9.91%
   9573  3832       44.9500    40       45.9300       41.3800  2113974    9.91%
Elapsed time = 1238.29 sec. (1670282.31 ticks, tree = 17.37 MB, solutions = 3)
   9598  3850    infeasible             45.9300       41.3800  2120421    9.91%
   9619  3862    infeasible             45.9300       41.3800  2126957    9.91%
   9649  3885       44.5900    56       45.9300       41.3800  2133414    9.91%
   9675  3902       42.6900    47       45.9300       41.3800  2138756    9.91%
   9705  3922       42.0533    64       45.9300       41.3800  2143836    9.91%
   9726  3935       43.3300    52       45.9300       41.3800  2149043    9.91%
   9752  3948       44.8800    56       45.9300       41.3800  2155955    9.91%
   9779  3963       44.5900    44       45.9300       41.3800  2161721    9.91%
   9801  3970       42.1651    62       45.9300       41.3800  2167299    9.91%
   9832  3994       42.6900    67       45.9300       41.3800  2173141    9.91%
Elapsed time = 1270.80 sec. (1709414.24 ticks, tree = 17.97 MB, solutions = 3)
   9836  3998       42.6900    56       45.9300       41.3800  2174222    9.91%
   9859  4013       45.5300    32       45.9300       41.3800  2179233    9.91%
   9890  4033       44.6154    56       45.9300       41.3800  2185544    9.91%
   9912  4048       44.5900    45       45.9300       41.3800  2190586    9.91%
   9946  4069    infeasible             45.9300       41.3800  2196486    9.91%
   9971  4090       44.8100    38       45.9300       41.3800  2201590    9.91%
   9996  4106       42.7237    73       45.9300       41.3800  2207038    9.91%
  10022  4127       45.5300    43       45.9300       41.3800  2212449    9.91%
  10040  4139       42.6900    56       45.9300       41.3800  2218492    9.91%
  10061  4159       42.7912    42       45.9300       41.3800  2224029    9.91%
Elapsed time = 1301.83 sec. (1750031.73 ticks, tree = 18.72 MB, solutions = 3)
  10085  4168       42.6900    51       45.9300       41.3800  2230422    9.91%
  10106  4183       42.2828    56       45.9300       41.3800  2236049    9.91%
  10134  4204       43.9500    49       45.9300       41.3800  2242231    9.91%
  10148  4217       45.7500    18       45.9300       41.3800  2245669    9.91%
* 10151  4170      integral     0       45.7500       41.3800  2246361    9.55%
  10176  4187       43.9591    58       45.7500       41.3800  2251784    9.55%
  10205  4204       42.6900    61       45.7500       41.3800  2258346    9.55%
  10236  4223       44.5482    48       45.7500       41.3800  2264297    9.55%
  10262  4236       42.1500    60       45.7500       41.3800  2270925    9.55%
  10286  4260       42.8142    43       45.7500       41.3800  2277824    9.55%
  10316  4276       43.3240    53       45.7500       41.3800  2285012    9.55%
Elapsed time = 1335.79 sec. (1792785.45 ticks, tree = 18.79 MB, solutions = 4)
  10343  4287    infeasible             45.7500       41.3800  2289833    9.55%
  10363  4298       44.9500    25       45.7500       41.3800  2295436    9.55%
  10383  4310       42.1500    63       45.7500       41.3800  2301659    9.55%
  10417  4333       42.7064    70       45.7500       41.3800  2307891    9.55%
* 10438  4322      integral     0       45.7100       41.3800  2314386    9.47%
  10440  4324       42.7742    60       45.7100       41.3800  2314938    9.47%
  10468  4346       44.3100    67       45.7100       41.3800  2319898    9.47%
  10489  4360       44.5900    54       45.7100       41.3800  2325346    9.47%
  10511  4376       43.9559    70       45.7100       41.3800  2330423    9.47%
  10529  4386       44.5900    50       45.7100       41.3800  2336188    9.47%
  10545  4394       44.5900    54       45.7100       41.3800  2338772    9.47%
Elapsed time = 1366.45 sec. (1831782.72 ticks, tree = 19.22 MB, solutions = 5)
  10566  4408       44.5900    49       45.7100       41.3800  2344287    9.47%
  10591  4419       42.1500    68       45.7100       41.3800  2349641    9.47%
  10613  4433       42.1500    57       45.7100       41.3800  2354553    9.47%
  10636  4449       42.1500    53       45.7100       41.3800  2358842    9.47%
  10660  4467       42.1500    57       45.7100       41.3800  2364178    9.47%
  10683  4471       41.3800    60       45.7100       41.3800  2370875    9.47%
  10708  4489       41.3800    63       45.7100       41.3800  2375655    9.47%
  10729  4503       43.4104    62       45.7100       41.3800  2380702    9.47%
  10740  4509       41.4847    62       45.7100       41.3800  2383852    9.47%
  10769  4531       43.4315    46       45.7100       41.3800  2389504    9.47%
Elapsed time = 1399.41 sec. (1875416.14 ticks, tree = 19.73 MB, solutions = 5)
  10793  4549       45.5300    37       45.7100       41.3800  2396112    9.47%
  10817  4563       44.5900    50       45.7100       41.3800  2402676    9.47%
  10836  4576       42.6991    57       45.7100       41.3800  2406325    9.47%
  10864  4588       41.3800    65       45.7100       41.3800  2412064    9.47%
  10887  4604       43.7300    52       45.7100       41.3800  2417572    9.47%
  10919  4618       41.3880    64       45.7100       41.3800  2424431    9.47%
  10936  4621       42.1500    68       45.7100       41.3800  2430592    9.47%
  10957  4635    infeasible             45.7100       41.3800  2437439    9.47%
  10987  4658       41.3800    76       45.7100       41.3800  2443535    9.47%
  11009  4675       41.6296    66       45.7100       41.3800  2450543    9.47%
Elapsed time = 1436.56 sec. (1923342.10 ticks, tree = 20.26 MB, solutions = 5)
  11031  4686       41.4448    70       45.7100       41.3800  2456464    9.47%
  11036  4691       42.1500    61       45.7100       41.3800  2457150    9.47%
  11051  4700       43.9500    65       45.7100       41.3800  2463817    9.47%
  11076  4716       42.7900    64       45.7100       41.3800  2469036    9.47%
  11100  4733       42.1500    59       45.7100       41.3800  2475814    9.47%
  11120  4747       42.1618    68       45.7100       41.3800  2481988    9.47%
  11141  4761       43.4144    64       45.7100       41.3800  2488346    9.47%
  11168  4784    infeasible             45.7100       41.3800  2495865    9.47%
  11199  4808       42.6908    50       45.7100       41.3800  2501622    9.47%
  11223  4828       43.3300    30       45.7100       41.3800  2507964    9.47%
Elapsed time = 1469.72 sec. (1966765.66 ticks, tree = 20.83 MB, solutions = 5)
  11242  4834       42.6897    66       45.7100       41.3800  2514465    9.47%
  11267  4851       44.5900    47       45.7100       41.3800  2519129    9.47%
  11288  4863       42.6972    87       45.7100       41.3800  2523199    9.47%
  11306  4878       44.5900    54       45.7100       41.3800  2527511    9.47%
  11327  4891       42.6991    72       45.7100       41.3800  2532840    9.47%
  11351  4904       41.4262    62       45.7100       41.3800  2538992    9.47%
  11367  4915       41.3800    64       45.7100       41.3800  2543998    9.47%
  11381  4927       44.5900    36       45.7100       41.3800  2549419    9.47%
  11392  4931       42.1500    62       45.7100       41.3800  2554863    9.47%
  11406  4938       44.9500    30       45.7100       41.3800  2560943    9.47%
Elapsed time = 1500.63 sec. (2007002.62 ticks, tree = 21.24 MB, solutions = 5)
  11423  4949       43.9500    24       45.7100       41.3800  2567070    9.47%
  11436  4957       43.9500    38       45.7100       41.3800  2572582    9.47%
  11457  4971       41.3800    67       45.7100       41.3800  2579135    9.47%
  11477  4979       43.9500    50       45.7100       41.3800  2586261    9.47%
  11498  4991    infeasible             45.7100       41.3800  2593434    9.47%
  11510  4996       42.1500    55       45.7100       41.3800  2597751    9.47%
  11524  5005       42.1500    56       45.7100       41.3800  2602773    9.47%
  11545  5019       42.6900    66       45.7100       41.3800  2608304    9.47%
  11569  5036       41.3800    70       45.7100       41.3800  2613782    9.47%
  11586  5048       41.3800    67       45.7100       41.3800  2619372    9.47%
Elapsed time = 1531.89 sec. (2046259.74 ticks, tree = 21.65 MB, solutions = 5)
  11610  5061       42.1698    66       45.7100       41.3800  2624920    9.47%
  11633  5073       41.3800    73       45.7100       41.3800  2630946    9.47%
  11636  5076       41.3800    82       45.7100       41.3800  2631196    9.47%
  11655  5089       43.7300    67       45.7100       41.3800  2635914    9.47%
  11682  5107       44.5900    57       45.7100       41.3800  2641955    9.47%
  11702  5120       42.2107    67       45.7100       41.3800  2647130    9.47%
  11722  5135       44.1100    80       45.7100       41.3800  2652576    9.47%
  11741  5148       41.3800    81       45.7100       41.3800  2656019    9.47%
  11766  5173       42.8092    53       45.7100       41.3800  2659024    9.47%
  11786  5185       44.5900    41       45.7100       41.3800  2663442    9.47%
Elapsed time = 1562.33 sec. (2088100.65 ticks, tree = 22.15 MB, solutions = 5)
  11799  5192    infeasible             45.7100       41.3800  2669308    9.47%
  11818  5206       44.9500    33       45.7100       41.3800  2674556    9.47%
  11833  5211       43.4100    46       45.7100       41.3800  2679881    9.47%
  11859  5233       41.3800    51       45.7100       41.3800  2685075    9.47%
  11887  5239    infeasible             45.7100       41.3800  2690743    9.47%
  11917  5259       44.5900    46       45.7100       41.3800  2697280    9.47%
  11938  5273       41.3800    59       45.7100       41.3800  2704159    9.47%
  11965  5278       43.3378    52       45.7100       41.3800  2710146    9.47%
  11991  5298       44.5900    41       45.7100       41.3800  2716374    9.47%
  12012  5310       42.7113    55       45.7100       41.3800  2722734    9.47%
Elapsed time = 1592.63 sec. (2127625.67 ticks, tree = 22.62 MB, solutions = 5)
  12030  5322       43.9626    65       45.7100       41.3800  2727365    9.47%
  12048  5334       44.5900    39       45.7100       41.3800  2732881    9.47%
  12073  5354       44.5900    52       45.7100       41.3800  2738462    9.47%
  12096  5368       43.9500    65       45.7100       41.3800  2745452    9.47%
  12119  5386       42.1533    71       45.7100       41.3800  2751847    9.47%
  12136  5394       43.9500    72       45.7100       41.3800  2758261    9.47%
  12159  5417       44.5900    34       45.7100       41.3800  2764475    9.47%
  12177  5427    infeasible             45.7100       41.3800  2770688    9.47%
  12202  5446       43.9500    40       45.7100       41.3800  2775938    9.47%
  12229  5464       41.4666    74       45.7100       41.3800  2782658    9.47%
Elapsed time = 1623.56 sec. (2167967.10 ticks, tree = 23.19 MB, solutions = 5)
  12255  5487       42.1500    64       45.7100       41.3800  2788275    9.47%
  12275  5500       41.4254    78       45.7100       41.3800  2794762    9.47%
  12303  5524       43.9500    44       45.7100       41.3800  2801144    9.47%
  12325  5541       45.5300    65       45.7100       41.3800  2807226    9.47%
  12345  5557       44.5900    52       45.7100       41.3800  2812847    9.47%
  12367  5575       43.9500    60       45.7100       41.3800  2819316    9.47%
  12393  5592       45.5300    21       45.7100       41.3800  2825790    9.47%
  12421  5614       44.5900    46       45.7100       41.3800  2832275    9.47%
  12442  5625       42.1500    65       45.7100       41.3800  2836291    9.47%
  12473  5650       42.6900    65       45.7100       41.3800  2843057    9.47%
Elapsed time = 1653.98 sec. (2207536.18 ticks, tree = 23.88 MB, solutions = 5)
  12497  5669       42.1500    65       45.7100       41.3800  2850658    9.47%
  12525  5686       41.3851    73       45.7100       41.3800  2857620    9.47%
  12547  5705       43.7300    64       45.7100       41.3800  2863367    9.47%
  12580  5722       41.3800    71       45.7100       41.3800  2867988    9.47%
  12606  5745       44.5900    43       45.7100       41.3800  2873295    9.47%
  12629  5759       41.6529    72       45.7100       41.3800  2878873    9.47%
  12652  5776       43.9500    59       45.7100       41.3800  2883334    9.47%
  12670  5789       44.8800    59       45.7100       41.3800  2888835    9.47%
  12692  5804       43.9500    65       45.7100       41.3800  2892978    9.47%
  12716  5822       43.9500    67       45.7100       41.3800  2898266    9.47%
Elapsed time = 1684.31 sec. (2247066.71 ticks, tree = 24.52 MB, solutions = 5)
  12732  5833       41.3800    66       45.7100       41.3800  2903058    9.47%
  12747  5846       43.9591    60       45.7100       41.3800  2906373    9.47%
  12779  5870       45.5300    36       45.7100       41.3800  2912040    9.47%
  12797  5881       42.7985    72       45.7100       41.3800  2918870    9.47%
  12833  5911       45.5300    23       45.7100       41.3800  2924743    9.47%
  12861  5927       41.3800    74       45.7100       41.3800  2931565    9.47%
  12888  5953       45.5300    36       45.7100       41.3800  2938125    9.47%
  12918  5975       44.5900    61       45.7100       41.3800  2945538    9.47%
  12936  5988       43.4061    74       45.7100       41.3800  2951827    9.47%
  12959  6003       45.6900    66       45.7100       41.3800  2959223    9.47%
Elapsed time = 1714.35 sec. (2286394.49 ticks, tree = 25.19 MB, solutions = 5)
  12987  6023       44.5900    55       45.7100       41.3800  2964358    9.47%
  13016  6046       44.5900    42       45.7100       41.3800  2970359    9.47%
  13034  6056       42.6900    73       45.7100       41.3800  2975416    9.47%
  13036  6058       43.9500    65       45.7100       41.3800  2976008    9.47%
  13058  6073       44.2025    72       45.7100       41.3800  2981965    9.47%
  13087  6092       43.7471    61       45.7100       41.3800  2987597    9.47%
  13103  6104       43.9500    43       45.7100       41.3800  2993289    9.47%
  13126  6121       41.3800    72       45.7100       41.3800  2999876    9.47%
  13149  6138       44.5900    30       45.7100       41.3800  3006558    9.47%
  13175  6155    infeasible             45.7100       41.3800  3012444    9.47%
Elapsed time = 1745.83 sec. (2327776.34 ticks, tree = 25.76 MB, solutions = 5)
  13197  6169       44.8800    65       45.7100       41.3800  3019171    9.47%
  13221  6178       42.6900    68       45.7100       41.3800  3024670    9.47%
  13245  6195       42.7828    66       45.7100       41.3800  3031134    9.47%
  13279  6210       42.6900    70       45.7100       41.3800  3037569    9.47%
  13295  6218    infeasible             45.7100       41.3800  3043809    9.47%
  13326  6242       44.9500    67       45.7100       41.3800  3050272    9.47%
  13354  6255    infeasible             45.7100       41.3800  3056472    9.47%
  13383  6278       43.9500    51       45.7100       41.3800  3063112    9.47%
  13403  6286       42.1500    73       45.7100       41.3800  3069886    9.47%
  13434  6306       44.1100    69       45.7100       41.3800  3076628    9.47%
Elapsed time = 1777.39 sec. (2367534.46 ticks, tree = 26.32 MB, solutions = 5)
  13453  6318       44.3191    54       45.7100       41.3800  3082566    9.47%
  13476  6336       44.5900    57       45.7100       41.3800  3089342    9.47%
  13497  6353       43.9500    81       45.7100       41.3800  3097031    9.47%
  13516  6356       41.3800    80       45.7100       41.3800  3103385    9.47%
  13556  6394       45.5300    24       45.7100       41.3800  3110552    9.47%
* 13561  5981      integral     0       45.5300       41.3800  3112043    9.11%
  13581  5996       43.9500    78       45.5300       41.3800  3115417    9.11%
  13607  6015       44.9284    68       45.5300       41.3800  3119944    9.11%
  13635  6033       43.3300    65       45.5300       41.3800  3126946    9.11%
  13668  6047    infeasible             45.5300       41.3800  3133670    9.11%
  13691  6064       41.4297    75       45.5300       41.3800  3138941    9.11%
Elapsed time = 1808.83 sec. (2407214.72 ticks, tree = 25.42 MB, solutions = 6)
  13715  6078       42.6991    68       45.5300       41.3800  3145431    9.11%
  13741  6096       43.9500    63       45.5300       41.3800  3152070    9.11%
  13770  6120       44.5900    54       45.5300       41.3800  3158634    9.11%
  13803  6145       42.1608    82       45.5300       41.3800  3164446    9.11%
  13825  6159       42.2454    81       45.5300       41.3800  3170205    9.11%
  13836  6168       43.9500    77       45.5300       41.3800  3173438    9.11%
  13861  6185       42.8735    70       45.5300       41.3800  3178866    9.11%
  13886  6197       42.1500    70       45.5300       41.3800  3183989    9.11%
  13907  6214       43.4100    63       45.5300       41.3800  3189013    9.11%
  13930  6230       42.1500    77       45.5300       41.3800  3194079    9.11%
Elapsed time = 1841.11 sec. (2449902.59 ticks, tree = 26.04 MB, solutions = 6)
  13956  6249       42.7507    76       45.5300       41.3800  3199924    9.11%
  13993  6279       43.4339    72       45.5300       41.3800  3205359    9.11%
  14020  6300       42.7221    75       45.5300       41.3800  3210898    9.11%
  14042  6305       44.1100    72       45.5300       41.3800  3215892    9.11%
  14065  6316       41.3800    95       45.5300       41.3800  3220627    9.11%
  14078  6329       41.9200    98       45.5300       41.3800  3221768    9.11%
  14093  6343       41.9200    79       45.5300       41.3800  3223234    9.11%
  14100  6348       41.9200    72       45.5300       41.3800  3224958    9.11%
  14107  6352       43.9500    43       45.5300       41.3800  3227713    9.11%
  14127  6363       43.9500    36       45.5300       41.3800  3233501    9.11%
Elapsed time = 1869.54 sec. (2489729.21 ticks, tree = 26.54 MB, solutions = 6)
  14159  6380       42.6400    61       45.5300       41.3800  3239912    9.11%
  14184  6397       43.4100    69       45.5300       41.3800  3246302    9.11%
  14219  6424       43.9500    44       45.5300       41.3800  3253122    9.11%
  14251  6449       44.5900    43       45.5300       41.3800  3260209    9.11%
  14281  6470       42.6900    67       45.5300       41.3800  3266646    9.11%
  14317  6496       44.5900    53       45.5300       41.3800  3273102    9.11%
  14357  6529       44.5900    52       45.5300       41.3800  3280170    9.11%
  14380  6541       42.1608    67       45.5300       41.3800  3286803    9.11%
  14418  6569       44.5900    53       45.5300       41.3800  3293939    9.11%
  14441  6580       42.6400    66       45.5300       41.3800  3300820    9.11%
Elapsed time = 1900.53 sec. (2528807.77 ticks, tree = 27.34 MB, solutions = 6)
  14460  6594       42.1500    69       45.5300       41.3800  3307394    9.11%
  14496  6623       43.9500    63       45.5300       41.3800  3314281    9.11%
  14524  6646    infeasible             45.5300       41.3800  3321541    9.11%
  14544  6656    infeasible             45.5300       41.3800  3327308    9.11%
  14564  6674       43.9500    61       45.5300       41.3800  3333494    9.11%
  14582  6684       44.5900    32       45.5300       41.3800  3340737    9.11%
  14608  6701       42.1590    64       45.5300       41.3800  3346062    9.11%
  14636  6724       43.4100    60       45.5300       41.3800  3352235    9.11%
  14661  6740       43.9682    53       45.5300       41.3800  3358807    9.11%
  14687  6760       42.6900    72       45.5300       41.3800  3365468    9.11%
Elapsed time = 1933.47 sec. (2571833.27 ticks, tree = 28.20 MB, solutions = 6)
  14719  6782       43.9682    57       45.5300       41.3800  3372080    9.11%
  14748  6804       44.5900    48       45.5300       41.3800  3378059    9.11%
  14770  6815       44.5900    56       45.5300       41.3800  3384003    9.11%
  14805  6840       44.5900    43       45.5300       41.3800  3390773    9.11%
  14827  6856       44.8100    34       45.5300       41.3800  3398232    9.11%
  14850  6871       42.1541    70       45.5300       41.3800  3404791    9.11%
  14881  6895       44.5900    60       45.5300       41.3800  3411419    9.11%
  14917  6923       44.5900    51       45.5300       41.3800  3417954    9.11%
  14944  6940       42.1500    65       45.5300       41.3800  3424396    9.11%
  14976  6962       44.5900    56       45.5300       41.3800  3431117    9.11%
Elapsed time = 1964.38 sec. (2610758.21 ticks, tree = 28.95 MB, solutions = 6)
  15004  6980       42.1784    68       45.5300       41.3800  3437390    9.11%
  15026  6989       42.9600    54       45.5300       41.3800  3443358    9.11%
  15055  7010       44.5900    41       45.5300       41.3800  3449806    9.11%
  15079  7024       41.3800    69       45.5300       41.3800  3456280    9.11%
  15101  7046       44.9500    34       45.5300       41.3800  3462344    9.11%
  15117  7056    infeasible             45.5300       41.3800  3468199    9.11%
  15136  7070       42.6900    49       45.5300       41.3800  3473429    9.11%
  15149  7076       42.1500    67       45.5300       41.3800  3478815    9.11%
  15169  7092       41.3817    71       45.5300       41.3800  3484701    9.11%
  15196  7109       42.6900    65       45.5300       41.3800  3490854    9.11%
Elapsed time = 1994.87 sec. (2650322.01 ticks, tree = 29.50 MB, solutions = 6)
  15214  7122       42.6900    79       45.5300       41.3800  3496769    9.11%
  15235  7133    infeasible             45.5300       41.3800  3502124    9.11%
  15257  7150       41.3800    68       45.5300       41.3800  3507446    9.11%
  15278  7164       42.8062    71       45.5300       41.3800  3512905    9.11%
  15297  7178       42.1500    65       45.5300       41.3800  3518450    9.11%
  15318  7190    infeasible             45.5300       41.3800  3524495    9.11%
  15336  7202       42.6991    66       45.5300       41.3800  3529082    9.11%
  15371  7231       44.5900    45       45.5300       41.3800  3535130    9.11%
  15396  7250       44.5900    47       45.5300       41.3800  3541169    9.11%
  15422  7264       43.9500    70       45.5300       41.3800  3546855    9.11%
Elapsed time = 2025.97 sec. (2691307.31 ticks, tree = 30.07 MB, solutions = 6)
  15453  7278       41.6296    69       45.5300       41.3800  3553084    9.11%
  15474  7285       41.3800    78       45.5300       41.3800  3559473    9.11%
  15506  7311       44.5900    65       45.5300       41.3800  3566087    9.11%
  15536  7331       43.9500    60       45.5300       41.3800  3572557    9.11%
  15565  7354       44.5900    52       45.5300       41.3800  3578734    9.11%
  15587  7364       42.1500    83       45.5300       41.3800  3585176    9.11%
  15617  7381       44.5900    59       45.5300       41.3800  3591315    9.11%
  15636  7394       43.9500    56       45.5300       41.3800  3594829    9.11%
  15667  7415       42.1532    64       45.5300       41.3800  3600991    9.11%
  15696  7427       41.4989    80       45.5300       41.3800  3607290    9.11%
Elapsed time = 2059.81 sec. (2734753.74 ticks, tree = 30.68 MB, solutions = 6)
  15741  7464       42.6900    66       45.5300       41.3800  3614137    9.11%
  15768  7477       42.8732    83       45.5300       41.3800  3620620    9.11%
  15786  7486       41.3800    73       45.5300       41.3800  3623194    9.11%
  15800  7499       43.9500    74       45.5300       41.3800  3627014    9.11%
  15822  7521       43.9500    39       45.5300       41.3800  3631839    9.11%
  15837  7531       41.3800    78       45.5300       41.3800  3636003    9.11%
  15849  7542       41.3800    88       45.5300       41.3800  3638555    9.11%
  15870  7562       41.3800    67       45.5300       41.3800  3642122    9.11%
  15886  7577       43.9500    51       45.5300       41.3800  3646435    9.11%
  15897  7585    infeasible             45.5300       41.3800  3652389    9.11%
Elapsed time = 2088.09 sec. (2774457.72 ticks, tree = 31.27 MB, solutions = 6)
  15917  7597    infeasible             45.5300       41.3800  3657999    9.11%
  15938  7616       44.8100    19       45.5300       41.3800  3665361    9.11%
  15958  7629       44.5900    35       45.5300       41.3800  3670901    9.11%
  15976  7639       44.3127    44       45.5300       41.3800  3678225    9.11%
  16002  7651       41.3800    56       45.5300       41.3800  3683898    9.11%
  16014  7658       41.3800    63       45.5300       41.3800  3689755    9.11%
  16029  7666       43.2283    49       45.5300       41.3800  3695273    9.11%
  16041  7674       43.9500    54       45.5300       41.3800  3700853    9.11%
  16067  7687       43.9500    61       45.5300       41.3800  3706963    9.11%
  16091  7693       44.5900    43       45.5300       41.3800  3712752    9.11%
Elapsed time = 2119.10 sec. (2814256.47 ticks, tree = 32.23 MB, solutions = 6)
  16111  7703       43.0000    68       45.5300       41.3800  3719726    9.11%
  16141  7727       43.9500    70       45.5300       41.3800  3724363    9.11%
  16168  7742       43.9500    42       45.5300       41.3800  3730208    9.11%
  16188  7755       43.0000    68       45.5300       41.3800  3735427    9.11%
  16218  7768       41.8113    62       45.5300       41.3800  3742744    9.11%
  16239  7776       42.6400    80       45.5300       41.3800  3746833    9.11%
  16260  7790       41.4677    77       45.5300       41.3800  3751689    9.11%
  16289  7807       41.5764    70       45.5300       41.3800  3756065    9.11%
  16306  7814       42.6400    90       45.5300       41.3800  3761445    9.11%
  16323  7821       41.5764    83       45.5300       41.3800  3767110    9.11%
Elapsed time = 2151.95 sec. (2854343.84 ticks, tree = 32.90 MB, solutions = 6)
  16346  7835       44.5900    56       45.5300       41.3800  3773903    9.11%
  16371  7854       43.9500    76       45.5300       41.3800  3778102    9.11%
  16397  7873       43.9500    55       45.5300       41.3800  3784532    9.11%
  16419  7882    infeasible             45.5300       41.3800  3790735    9.11%
  16445  7898       42.6400    72       45.5300       41.3800  3796676    9.11%
  16474  7914    infeasible             45.5300       41.3800  3802301    9.11%
  16502  7934       41.3800    82       45.5300       41.3800  3807169    9.11%
  16524  7948       43.9500    52       45.5300       41.3800  3812050    9.11%
  16536  7959       43.9500    48       45.5300       41.3800  3815025    9.11%
  16552  7966    infeasible             45.5300       41.3800  3822773    9.11%
Elapsed time = 2183.67 sec. (2897865.55 ticks, tree = 33.44 MB, solutions = 6)
  16569  7975       42.6400    72       45.5300       41.3800  3827801    9.11%
  16604  8008       42.6400    56       45.5300       41.3800  3832656    9.11%
  16633  8033       43.9500    73       45.5300       41.3800  3837956    9.11%
  16656  8054       43.9500    53       45.5300       41.3800  3842146    9.11%
  16682  8070       41.3800    79       45.5300       41.3800  3846840    9.11%
  16710  8091       41.3800    74       45.5300       41.3800  3853787    9.11%
  16741  8119       43.9500    41       45.5300       41.3800  3860287    9.11%
  16774  8140       43.9500    67       45.5300       41.3800  3866468    9.11%
  16810  8167       43.9500    65       45.5300       41.3800  3873280    9.11%
  16840  8191       43.0173    70       45.5300       41.3800  3879254    9.11%
Elapsed time = 2214.90 sec. (2937538.67 ticks, tree = 34.27 MB, solutions = 6)
  16875  8213       42.6400    55       45.5300       41.3800  3885742    9.11%
  16918  8241       43.9500    63       45.5300       41.3800  3892157    9.11%
  16964  8275       43.9500    51       45.5300       41.3800  3898839    9.11%
  17007  8300    infeasible             45.5300       41.3800  3905856    9.11%
  17036  8322    infeasible             45.5300       41.3800  3911798    9.11%
  17062  8330       41.7301    63       45.5300       41.3800  3918036    9.11%
  17098  8352       41.3800    85       45.5300       41.3800  3924747    9.11%
  17130  8379       42.6400    75       45.5300       41.3800  3929664    9.11%
  17165  8409       43.9500    67       45.5300       41.3800  3934241    9.11%
  17194  8434       41.3800    71       45.5300       41.3800  3938769    9.11%
Elapsed time = 2245.59 sec. (2976716.25 ticks, tree = 35.50 MB, solutions = 6)
  17224  8456       43.9500    65       45.5300       41.3800  3943595    9.11%
  17255  8471    infeasible             45.5300       41.3800  3950313    9.11%
  17279  8487    infeasible             45.5300       41.3800  3955359    9.11%
  17309  8506    infeasible             45.5300       41.3800  3960200    9.11%
  17336  8522       44.5800    43       45.5300       41.3800  3966015    9.11%
  17354  8529       44.3100    67       45.5300       41.3800  3972333    9.11%
  17394  8561    infeasible             45.5300       41.3800  3978772    9.11%
  17424  8576       41.3800    77       45.5300       41.3800  3984661    9.11%
  17447  8594       41.4375    75       45.5300       41.3800  3989335    9.11%
  17470  8613    infeasible             45.5300       41.3800  3995624    9.11%
Elapsed time = 2275.25 sec. (3015461.30 ticks, tree = 36.17 MB, solutions = 6)
  17503  8631    infeasible             45.5300       41.3800  4001581    9.11%
  17527  8647       42.8130    60       45.5300       41.3800  4006857    9.11%
  17536  8650       45.3700    65       45.5300       41.3800  4010363    9.11%
  17568  8667       44.3100    61       45.5300       41.3800  4017193    9.11%
  17605  8687       44.3100    58       45.5300       41.3800  4024230    9.11%
  17631  8699       41.3800    68       45.5300       41.3800  4030158    9.11%
  17671  8729       43.0000    34       45.5300       41.3800  4036450    9.11%
  17695  8746       43.7534    25       45.5300       41.3800  4043851    9.11%
  17742  8774       41.3800    65       45.5300       41.3800  4050029    9.11%
  17775  8795       42.6400    55       45.5300       41.3800  4056482    9.11%
Elapsed time = 2308.35 sec. (3058810.59 ticks, tree = 36.84 MB, solutions = 6)
  17805  8807       43.9500    67       45.5300       41.3800  4063431    9.11%
  17830  8824       44.3100    38       45.5300       41.3800  4070679    9.11%
  17852  8834       43.9500    58       45.5300       41.3800  4076674    9.11%
  17875  8846       43.9500    55       45.5300       41.3800  4083395    9.11%
  17895  8864       43.9500    50       45.5300       41.3800  4089987    9.11%
  17914  8872       45.3700    63       45.5300       41.3800  4096476    9.11%
  17947  8890       43.6484    69       45.5300       41.3800  4102561    9.11%
  17982  8910       43.9500    56       45.5300       41.3800  4107695    9.11%
  18010  8926       45.3700    68       45.5300       41.3800  4113993    9.11%
  18037  8940       41.3800    77       45.5300       41.3800  4119162    9.11%
Elapsed time = 2338.53 sec. (3098710.27 ticks, tree = 37.38 MB, solutions = 6)
  18079  8975       43.9500    59       45.5300       41.3800  4125357    9.11%
  18110  8989       41.4018    67       45.5300       41.3800  4131137    9.11%
  18137  9003       42.6400    75       45.5300       41.3800  4137040    9.11%
  18165  9020    infeasible             45.5300       41.3800  4142768    9.11%
  18193  9039       43.9500    45       45.5300       41.3800  4148166    9.11%
  18235  9066       44.3273    76       45.5300       41.3800  4154836    9.11%
  18263  9084       42.6400    70       45.5300       41.3800  4160741    9.11%
  18293  9096       43.9500    64       45.5300       41.3800  4167133    9.11%
  18327  9119       41.3800    68       45.5300       41.3800  4173350    9.11%
  18364  9143    infeasible             45.5300       41.3800  4180445    9.11%
Elapsed time = 2369.57 sec. (3137875.70 ticks, tree = 38.14 MB, solutions = 6)
  18387  9156       44.3100    84       45.5300       41.3800  4187363    9.11%
  18421  9180       44.5900    28       45.5300       41.3800  4194361    9.11%
  18452  9204       44.5900    38       45.5300       41.3800  4201349    9.11%
  18476  9216       43.9500    66       45.5300       41.3800  4206401    9.11%
  18513  9239       41.3809    75       45.5300       41.3800  4212758    9.11%
  18551  9267       43.9500    65       45.5300       41.3800  4218391    9.11%
  18587  9294    infeasible             45.5300       41.3800  4224976    9.11%
  18612  9304       42.6400    84       45.5300       41.3800  4232326    9.11%
  18636  9323       44.3100    43       45.5300       41.3800  4236850    9.11%
  18664  9339       41.3800    77       45.5300       41.3800  4243927    9.11%
Elapsed time = 2404.53 sec. (3183262.22 ticks, tree = 38.87 MB, solutions = 6)
  18694  9369       44.3100    53       45.5300       41.3800  4249455    9.11%
  18718  9382       44.3100    69       45.5300       41.3800  4255313    9.11%
  18745  9402       43.9500    74       45.5300       41.3800  4262320    9.11%
  18787  9438       43.9682    48       45.5300       41.3800  4269435    9.11%
  18818  9456       43.9500    60       45.5300       41.3800  4276326    9.11%
  18854  9478    infeasible             45.5300       41.3800  4283951    9.11%
  18886  9501       44.3100    75       45.5300       41.3800  4291432    9.11%
  18908  9513       44.3100    61       45.5300       41.3800  4297086    9.11%
  18931  9526       44.1547    68       45.5300       41.3800  4303933    9.11%
  18967  9553       42.9600    73       45.5300       41.3800  4309799    9.11%
Elapsed time = 2435.13 sec. (3222483.23 ticks, tree = 39.66 MB, solutions = 6)
  19000  9570       44.9500    61       45.5300       41.3800  4316229    9.11%
  19022  9582       42.6634    78       45.5300       41.3800  4324622    9.11%
  19044  9597    infeasible             45.5300       41.3800  4329932    9.11%
  19064  9602       41.5396    70       45.5300       41.3800  4335029    9.11%
  19094  9620       42.6400    71       45.5300       41.3800  4341328    9.11%
  19125  9642       43.9610    69       45.5300       41.3800  4347585    9.11%
  19146  9653       43.9500    74       45.5300       41.3800  4353518    9.11%
  19176  9664       41.4095    73       45.5300       41.3800  4359118    9.11%
  19202  9678       44.3100    69       45.5300       41.3800  4364704    9.11%
  19230  9700    infeasible             45.5300       41.3800  4369968    9.11%
Elapsed time = 2465.53 sec. (3261704.53 ticks, tree = 40.21 MB, solutions = 6)
  19262  9722       44.5900    67       45.5300       41.3800  4375909    9.11%
  19282  9736       44.5900    57       45.5300       41.3800  4381858    9.11%
  19302  9744       43.7300    63       45.5300       41.3800  4387391    9.11%
  19335  9760       44.3100    70       45.5300       41.3800  4393674    9.11%
  19359  9772       43.9500    70       45.5300       41.3800  4399482    9.11%
  19387  9784       41.3800    65       45.5300       41.3800  4405518    9.11%
  19424  9815       44.3100    59       45.5300       41.3800  4412120    9.11%
  19455  9831       44.5900    48       45.5300       41.3800  4419365    9.11%
  19482  9846       41.4647    66       45.5300       41.3800  4426539    9.11%
  19502  9846       44.3100    67       45.5300       41.3800  4433311    9.11%
Elapsed time = 2496.35 sec. (3301429.27 ticks, tree = 40.75 MB, solutions = 6)
  19537  9871    infeasible             45.5300       41.3800  4438557    9.11%
  19563  9888       41.3800    68       45.5300       41.3800  4444760    9.11%
  19603  9919       44.3100    47       45.5300       41.3800  4451637    9.11%
  19636  9942       44.9500    57       45.5300       41.3800  4456920    9.11%
  19662  9953       43.9527    52       45.5300       41.3800  4463904    9.11%
  19699  9973       44.9500    55       45.5300       41.3800  4470580    9.11%
  19735 10000       44.9500    50       45.5300       41.3800  4477688    9.11%
  19764 10014    infeasible             45.5300       41.3800  4485311    9.11%
  19790 10029       43.9500    68       45.5300       41.3800  4492172    9.11%
  19815 10045       43.9500    59       45.5300       41.3800  4499620    9.11%
Elapsed time = 2530.49 sec. (3346129.88 ticks, tree = 41.49 MB, solutions = 6)
  19845 10060       44.3100    69       45.5300       41.3800  4505308    9.11%
  19875 10078       41.3800    65       45.5300       41.3800  4511616    9.11%
  19905 10095       43.1163    66       45.5300       41.3800  4518696    9.11%
  19939 10120       43.9500    63       45.5300       41.3800  4525027    9.11%
  19967 10136       41.3905    78       45.5300       41.3800  4531839    9.11%
  20008 10171       43.9500    52       45.5300       41.3800  4538663    9.11%
  20043 10186       42.1500    75       45.5300       41.3800  4547205    9.11%
  20062 10197       41.3800    94       45.5300       41.3800  4551923    9.11%
  20091 10214       44.3100    73       45.5300       41.3800  4557448    9.11%
  20114 10232       42.1500    75       45.5300       41.3800  4562776    9.11%
Elapsed time = 2562.02 sec. (3385860.56 ticks, tree = 42.18 MB, solutions = 6)
  20141 10253       41.3800    95       45.5300       41.3800  4568556    9.11%
  20152 10264       41.3800   112       45.5300       41.3800  4569644    9.11%
  20163 10274       41.3800    97       45.5300       41.3800  4571323    9.11%
  20170 10279       41.9200   102       45.5300       41.3800  4573813    9.11%
  20180 10287       41.9468    87       45.5300       41.3800  4575812    9.11%
  20203 10307       44.9500    51       45.5300       41.3800  4579468    9.11%
  20229 10328       44.5900    43       45.5300       41.3800  4585277    9.11%
  20245 10337       41.3800    81       45.5300       41.3800  4589596    9.11%
  20286 10369       43.9500    60       45.5300       41.3800  4595167    9.11%
  20304 10383       41.3800    95       45.5300       41.3800  4597190    9.11%
Elapsed time = 2589.62 sec. (3425881.96 ticks, tree = 42.75 MB, solutions = 6)
  20312 10391       41.3800    99       45.5300       41.3800  4598944    9.11%
  20326 10404       43.1800    78       45.5300       41.3800  4601531    9.11%
  20367 10431       43.9500    58       45.5300       41.3800  4608211    9.11%
  20392 10446       43.9500    61       45.5300       41.3800  4614258    9.11%
  20423 10470       43.9500    78       45.5300       41.3800  4620822    9.11%
  20454 10490       44.9500    64       45.5300       41.3800  4626848    9.11%
  20486 10505    infeasible             45.5300       41.3800  4633929    9.11%
  20523 10535       41.3800    70       45.5300       41.3800  4640200    9.11%
  20553 10557       43.4100    58       45.5300       41.3800  4647040    9.11%
  20585 10579       42.1738    60       45.5300       41.3800  4653941    9.11%
Elapsed time = 2620.05 sec. (3465090.70 ticks, tree = 43.48 MB, solutions = 6)
  20607 10585    infeasible             45.5300       41.3800  4660170    9.11%
  20635 10601       43.9754    65       45.5300       41.3800  4666498    9.11%
  20663 10623       43.9500    58       45.5300       41.3800  4670502    9.11%
  20706 10651       43.9500    61       45.5300       41.3800  4676963    9.11%
  20736 10671       44.5900    52       45.5300       41.3800  4683229    9.11%
  20762 10689       44.6154    61       45.5300       41.3800  4689333    9.11%
  20778 10700       41.7400    91       45.5300       41.3800  4692558    9.11%
  20787 10708       42.2800    88       45.5300       41.3800  4694767    9.11%
  20808 10718    infeasible             45.5300       41.3800  4698965    9.11%
  20828 10729       43.9500    85       45.5300       41.3800  4704083    9.11%
Elapsed time = 2650.22 sec. (3505132.82 ticks, tree = 44.04 MB, solutions = 6)
  20870 10765       43.9500    66       45.5300       41.3800  4710719    9.11%
  20895 10777       41.3800    71       45.5300       41.3800  4717223    9.11%
  20927 10801       41.3800    74       45.5300       41.3800  4723988    9.11%
  20936 10805       42.1500    91       45.5300       41.3800  4726394    9.11%
  20958 10818       45.4200    70       45.5300       41.3800  4733456    9.11%
  20992 10848       42.6900    71       45.5300       41.3800  4739545    9.11%
  21020 10867    infeasible             45.5300       41.3800  4746216    9.11%
  21050 10891       43.4315    73       45.5300       41.3800  4751861    9.11%
  21085 10917       42.1500    74       45.5300       41.3800  4758811    9.11%
  21129 10957       42.6900    38       45.5300       41.3800  4765500    9.11%
Elapsed time = 2683.13 sec. (3548064.87 ticks, tree = 44.89 MB, solutions = 6)
  21171 10987    infeasible             45.5300       41.3800  4772406    9.11%
  21201 11006       42.6400    62       45.5300       41.3800  4778347    9.11%
  21241 11043       43.4100    54       45.5300       41.3800  4784458    9.11%
  21272 11068       43.9500    51       45.5300       41.3800  4791879    9.11%
  21298 11083       42.1500    61       45.5300       41.3800  4797956    9.11%
  21325 11110       42.1500    39       45.5300       41.3800  4804241    9.11%
  21354 11135       43.7300    44       45.5300       41.3800  4811058    9.11%
  21387 11160       43.9500    55       45.5300       41.3800  4817686    9.11%
  21423 11184       42.6900    74       45.5300       41.3800  4824758    9.11%
  21464 11210       42.6400    70       45.5300       41.3800  4831078    9.11%
Elapsed time = 2714.08 sec. (3586564.69 ticks, tree = 45.83 MB, solutions = 6)
  21510 11237    infeasible             45.5300       41.3800  4838168    9.11%
  21545 11260       42.1500    79       45.5300       41.3800  4844235    9.11%
  21575 11284       41.3800    93       45.5300       41.3800  4850028    9.11%
  21602 11304       42.6999    78       45.5300       41.3800  4856730    9.11%
  21640 11336    infeasible             45.5300       41.3800  4862825    9.11%
  21673 11358       41.4662    75       45.5300       41.3800  4869489    9.11%
  21708 11389       41.3800    76       45.5300       41.3800  4875369    9.11%
  21728 11397       42.1500    77       45.5300       41.3800  4882582    9.11%
  21767 11428       41.3800    89       45.5300       41.3800  4888565    9.11%
  21792 11443       42.5479    80       45.5300       41.3800  4894428    9.11%
Elapsed time = 2744.24 sec. (3626091.99 ticks, tree = 46.70 MB, solutions = 6)
  21822 11459       41.3800    67       45.5300       41.3800  4900451    9.11%
  21863 11489       41.3800    72       45.5300       41.3800  4906029    9.11%
  21895 11509       44.8800    64       45.5300       41.3800  4912779    9.11%
  21929 11521       41.3800    92       45.5300       41.3800  4917661    9.11%
  21952 11536       42.1500    77       45.5300       41.3800  4923090    9.11%
  21979 11553       41.3800    69       45.5300       41.3800  4928941    9.11%
  22002 11573       44.5900    57       45.5300       41.3800  4935429    9.11%
  22035 11589       41.3800    78       45.5300       41.3800  4941323    9.11%
  22058 11606       41.3800    85       45.5300       41.3800  4946152    9.11%
  22109 11644       43.4100    68       45.5300       41.3800  4951624    9.11%
Elapsed time = 2774.20 sec. (3665883.48 ticks, tree = 47.45 MB, solutions = 6)
  22136 11656       42.6451    79       45.5300       41.3800  4957090    9.11%
  22172 11674       43.4100    68       45.5300       41.3800  4963601    9.11%
  22196 11694       43.4934    55       45.5300       41.3800  4969507    9.11%
  22218 11707       41.3800    87       45.5300       41.3800  4975432    9.11%
  22253 11733       44.0714    89       45.5300       41.3800  4981493    9.11%
  22292 11759       42.7900    75       45.5300       41.3800  4987453    9.11%
  22324 11774       42.1500    82       45.5300       41.3800  4993418    9.11%
  22357 11792       44.3100    60       45.5300       41.3800  4999615    9.11%
  22387 11810        cutoff             45.5300       41.3800  5006465    9.11%
  22421 11831    infeasible             45.5300       41.3800  5013776    9.11%
Elapsed time = 2804.86 sec. (3706099.23 ticks, tree = 48.15 MB, solutions = 6)
  22436 11840       43.7710    68       45.5300       41.3800  5016654    9.11%
  22459 11855       42.1500    71       45.5300       41.3800  5022758    9.11%
  22492 11876       42.6451    73       45.5300       41.3800  5029134    9.11%
  22534 11898        cutoff             45.5300       41.3800  5036459    9.11%
  22563 11918       42.5305    74       45.5300       41.3800  5043130    9.11%
  22601 11944       42.2800    98       45.5300       41.3800  5050275    9.11%
  22622 11957    infeasible             45.5300       41.3800  5054770    9.11%
  22646 11969       42.6900    72       45.5300       41.3800  5059089    9.11%
  22683 11994       44.3100    59       45.5300       41.3800  5065065    9.11%
  22714 12010       41.3800    72       45.5300       41.3800  5071738    9.11%
Elapsed time = 2836.42 sec. (3748213.80 ticks, tree = 48.82 MB, solutions = 6)
  22745 12032       43.0000    56       45.5300       41.3800  5077770    9.11%
  22773 12050       45.3700    78       45.5300       41.3800  5084818    9.11%
  22799 12065       41.3800    75       45.5300       41.3800  5091137    9.11%
  22833 12090       42.6400    76       45.5300       41.3800  5098052    9.11%
  22862 12099       41.3800    85       45.5300       41.3800  5104107    9.11%
  22898 12123       42.6990    73       45.5300       41.3800  5110996    9.11%
  22931 12141       41.4989    81       45.5300       41.3800  5117911    9.11%
  22968 12167       43.9500    73       45.5300       41.3800  5125435    9.11%
  23003 12188       42.6900    62       45.5300       41.3800  5132755    9.11%
  23028 12201       41.4989    75       45.5300       41.3800  5139465    9.11%
Elapsed time = 2867.11 sec. (3787940.94 ticks, tree = 49.53 MB, solutions = 6)
  23056 12215       41.5395    83       45.5300       41.3800  5146107    9.11%
  23088 12239       43.9500    57       45.5300       41.3800  5153569    9.11%
  23118 12255       41.3950    83       45.5300       41.3800  5159578    9.11%
  23136 12273       43.5400    64       45.5300       41.3800  5161786    9.11%
  23175 12299       43.9500    71       45.5300       41.3800  5169177    9.11%
  23205 12322       44.3100    56       45.5300       41.3800  5174858    9.11%
  23229 12337       44.9500    86       45.5300       41.3800  5181024    9.11%
  23259 12354    infeasible             45.5300       41.3800  5186910    9.11%
  23282 12365       41.3800    75       45.5300       41.3800  5192804    9.11%
  23303 12381       44.3100    64       45.5300       41.3800  5198109    9.11%
Elapsed time = 2899.48 sec. (3831125.71 ticks, tree = 50.20 MB, solutions = 6)
  23339 12408       41.3800    79       45.5300       41.3800  5203932    9.11%
  23370 12427    infeasible             45.5300       41.3800  5209448    9.11%
  23402 12444       43.9508    60       45.5300       41.3800  5215295    9.11%
  23442 12468       42.6400    76       45.5300       41.3800  5220716    9.11%
  23474 12494       43.9500    70       45.5300       41.3800  5226543    9.11%
  23506 12510       41.3800    70       45.5300       41.3800  5232849    9.11%
  23531 12522       41.3841    69       45.5300       41.3800  5239037    9.11%
  23558 12534       42.6563    70       45.5300       41.3800  5243771    9.11%
  23581 12545    infeasible             45.5300       41.3800  5250474    9.11%
  23678 12604       41.3800    68       45.5300       41.3800  5273308    9.11%
Elapsed time = 2937.92 sec. (3881608.28 ticks, tree = 51.03 MB, solutions = 6)
  23781 12673       43.9500    39       45.5300       41.3800  5298784    9.11%
  23887 12738    infeasible             45.5300       41.3800  5322408    9.11%
  23995 12823       44.3100    25       45.5300       41.3800  5349193    9.11%
  24089 12878       41.6383    73       45.5300       41.3800  5376292    9.11%
  24150 12912       43.9500    47       45.5300       41.3800  5390729    9.11%
  24286 12996       44.3100    72       45.5300       41.3800  5416671    9.11%
  24405 13065       44.3100    62       45.5300       41.3800  5442645    9.11%
  24512 13133    infeasible             45.5300       41.3800  5467973    9.11%
  24605 13200       41.3800   109       45.5300       41.3800  5487903    9.11%
  24670 13261       41.3800    82       45.5300       41.3800  5495780    9.11%
Elapsed time = 3055.09 sec. (4035208.10 ticks, tree = 53.47 MB, solutions = 6)
  24752 13298    infeasible             45.5300       41.3800  5513039    9.11%
  24828 13304       42.1500    60       45.5300       41.3800  5532839    9.11%
  24925 13321        cutoff             45.5300       41.3800  5554558    9.11%
  24996 13333       42.5766    49       45.5300       41.3800  5574907    9.11%
  25090 13355       41.3800   103       45.5300       41.3800  5593957    9.11%
  25194 13393       42.6400    41       45.5300       41.3800  5614432    9.11%
  25289 13451       41.3800    56       45.5300       41.3800  5638580    9.11%
  25383 13464       41.9544    66       45.5300       41.3800  5661084    9.11%
  25436 13471       41.7400    58       45.5300       41.3800  5674654    9.11%
  25529 13502       41.5022    63       45.5300       41.3800  5695002    9.11%
Elapsed time = 3178.71 sec. (4192990.31 ticks, tree = 54.37 MB, solutions = 6)
  25636 13524       41.4891    89       45.5300       41.3800  5716799    9.11%
  25728 13551       41.3800    82       45.5300       41.3800  5740100    9.11%
  25821 13560       41.4765    87       45.5300       41.3800  5762217    9.11%
  25901 13605       42.0226    96       45.5300       41.3800  5780722    9.11%
  25993 13621       41.3800    84       45.5300       41.3800  5801126    9.11%
  26106 13687       41.4562    96       45.5300       41.3800  5820217    9.11%
  26208 13752       41.7400    86       45.5300       41.3800  5838552    9.11%
  26314 13798       42.7587    94       45.5300       41.3800  5860552    9.11%
  26410 13834       41.3800    79       45.5300       41.3800  5880841    9.11%
  26493 13900       41.7400    76       45.5300       41.3800  5900413    9.11%
Elapsed time = 3297.46 sec. (4347383.41 ticks, tree = 55.86 MB, solutions = 6)
* 26536+ 7115                           43.9500       41.3800             5.85%
  26599  7143       41.7400    95       43.9500       41.3800  5922453    5.85%
  26648  7160       41.5478    88       43.9500       41.3800  5933073    5.85%
  26743  7173       41.3861    71       43.9500       41.3800  5956981    5.85%
  26810  7210       42.5600    86       43.9500       41.3800  5969834    5.85%
  26921  7221       41.3800    79       43.9500       41.3800  5993881    5.85%
  27028  7257       42.1500    77       43.9500       41.3800  6015952    5.85%
  27127  7307       41.3800   103       43.9500       41.3800  6034443    5.85%
  27236  7360       41.4223    76       43.9500       41.3800  6057572    5.85%
  27349  7402       43.1831    75       43.9500       41.3800  6080915    5.85%
  27461  7444       41.4525    90       43.9500       41.3800  6101359    5.85%
Elapsed time = 3416.16 sec. (4501185.04 ticks, tree = 29.07 MB, solutions = 7)
  27532  7472       41.4656    77       43.9500       41.3800  6117893    5.85%
  27651  7524       42.1500    66       43.9500       41.3800  6142256    5.85%
  27755  7586       42.6900    63       43.9500       41.3800  6167364    5.85%
  27836  7613       42.1500    67       43.9500       41.3800  6183663    5.85%
  27943  7648       41.9031    67       43.9500       41.3800  6206282    5.85%
  28036  7705       42.9100    14       43.9500       41.3800  6229926    5.85%
  28117  7747       42.5555    65       43.9500       41.3800  6255730    5.85%
  28219  7793       42.2837    70       43.9500       41.3800  6280634    5.85%
  28257  7799    infeasible             43.9500       41.3800  6288601    5.85%
  28369  7856       42.1500    62       43.9500       41.3800  6313173    5.85%
Elapsed time = 3539.16 sec. (4661261.52 ticks, tree = 30.62 MB, solutions = 7)
* 28436+ 6709                           43.1800       41.3800             4.17%
  28455  6715       42.6900    67       43.1800       41.3800  6329962    4.17%
  28536  6748       42.6900    54       43.1800       41.3800  6349983    4.17%
  28636  6791       41.3800    70       43.1800       41.3800  6374362    4.17%
  28752  6829       42.6900    67       43.1800       41.3800  6400552    4.17%

GUB cover cuts applied:  19
Clique cuts applied:  78
Cover cuts applied:  119
Implied bound cuts applied:  15
Flow cuts applied:  56
Mixed integer rounding cuts applied:  170
Zero-half cuts applied:  3
Gomory fractional cuts applied:  21

Root node processing (before b&c):
  Real time             =   14.21 sec. (16659.43 ticks)
Sequential b&c:
  Real time             = 3585.79 sec. (4725899.45 ticks)
                          ------------
Total (root+branch&cut) = 3600.00 sec. (4742558.87 ticks)
