Version identifier: 22.1.0.0 | 2022-03-09 | 1a383f8ce
CPXPARAM_Read_DataCheck                          1
CPXPARAM_Threads                                 1
CPXPARAM_TimeLimit                               3600
Tried aggregator 2 times.
MIP Presolve eliminated 3615 rows and 482 columns.
MIP Presolve modified 29942 coefficients.
Aggregator did 224 substitutions.
Reduced MIP has 6657 rows, 764 columns, and 48796 nonzeros.
Reduced MIP has 584 binaries, 0 generals, 0 SOSs, and 0 indicators.
Presolve time = 0.09 sec. (87.22 ticks)
Probing fixed 9 vars, tightened 4 bounds.
Probing time = 0.05 sec. (49.17 ticks)
Tried aggregator 1 time.
Detecting symmetries...
MIP Presolve eliminated 50 rows and 9 columns.
MIP Presolve modified 116 coefficients.
Reduced MIP has 6607 rows, 755 columns, and 48312 nonzeros.
Reduced MIP has 575 binaries, 0 generals, 0 SOSs, and 0 indicators.
Presolve time = 0.04 sec. (30.06 ticks)
Probing time = 0.01 sec. (5.48 ticks)
Clique table members: 5072.
MIP emphasis: balance optimality and feasibility.
MIP search method: dynamic search.
Parallel mode: none, using 1 thread.
Root relaxation solution time = 0.03 sec. (34.55 ticks)

        Nodes                                         Cuts/
   Node  Left     Objective  IInf  Best Integer    Best Bound    ItCnt     Gap

      0     0       15.5600   122                     15.5600      350         
      0     0       15.5600    62                    Cuts: 55      453         
      0     0       15.5600   107                   Cuts: 763      681         
      0     0       15.5600    66                    Cuts: 47      772         
      0     0       15.5600    83                   Cuts: 701      970         
Detecting symmetries...
      0     2       15.5600    48                     15.5600      970         
Elapsed time = 2.84 sec. (3205.29 ticks, tree = 0.01 MB, solutions = 0)
     10    12       15.5600    54                     15.5600     1881         
     27    27       17.3500    40                     15.5600     3482         
     46    44       15.5600    38                     15.5600     4701         
     58    56       15.5600    25                     15.5600     5823         
     75    70    infeasible                           15.5600     6982         
     86    75       15.5600    19                     15.5600     8440         
     93    78       15.5600    26                     15.5600     9753         
    100    79       17.0022    25                     15.5600    11068         
    116    84       17.0900    14                     15.5600    12310         
    193   127       15.5600    19                     15.5600    16979         
Elapsed time = 4.76 sec. (6442.89 ticks, tree = 1.78 MB, solutions = 0)
    276   116    infeasible                           15.5600    23149         
    337    99       17.6619    30                     15.5600    29285         
    396    90       15.5600    30                     15.5600    34988         
    445    96       15.9556    36                     15.5600    40726         
    483   101       15.5600    42                     15.5600    46479         
    522   120       15.5600    27                     15.5600    51471         
    576   141       16.3230    27                     15.5600    57753         
    607   140    infeasible                           15.5600    63309         
    638   145    infeasible                           15.5600    67786         
    673   139       15.5600    38                     15.5600    73550         
Elapsed time = 10.78 sec. (16090.20 ticks, tree = 1.49 MB, solutions = 0)
    716   141       15.5600    29                     15.5600    78979         
    749   142    infeasible                           15.5600    85235         
    790   159       15.5600    45                     15.5600    90842         
    842   185       15.5600    26                     15.5600    96618         
    889   194       15.5600    39                     15.5600   102456         
    942   209       15.5600    26                     15.5600   108647         
    975   204       15.5600    33                     15.5600   113918         
   1010   211       15.8704    40                     15.5600   118806         
   1053   210    infeasible                           15.5600   124511         
   1092   233       15.6982    37                     15.5600   130022         
Elapsed time = 17.15 sec. (26001.22 ticks, tree = 1.61 MB, solutions = 0)
   1132   251       15.5600    40                     15.5600   134876         
   1200   276       15.5600    38                     15.5600   139809         
   1257   299       15.8527    34                     15.5600   145663         
   1302   305       15.9323    42                     15.5600   151499         
   1340   317       17.0900    25                     15.5600   156516         
   1377   326       15.5600    41                     15.5600   162254         
   1442   357       15.5621    40                     15.5600   167606         

Performing restart 1

Repeating presolve.
Tried aggregator 1 time.
Reduced MIP has 6607 rows, 755 columns, and 48312 nonzeros.
Reduced MIP has 575 binaries, 0 generals, 0 SOSs, and 0 indicators.
Presolve time = 0.02 sec. (16.30 ticks)
Tried aggregator 1 time.
Reduced MIP has 6607 rows, 755 columns, and 48312 nonzeros.
Reduced MIP has 575 binaries, 0 generals, 0 SOSs, and 0 indicators.
Presolve time = 0.03 sec. (21.10 ticks)
Represolve time = 0.11 sec. (102.55 ticks)
   1488     0       15.5600    97                   Cuts: 327   172976         
   1488     0       15.5600   100                  Cuts: 1253   173161         
   1488     0       15.5600    66                    Cuts: 58   173291         
   1488     0       15.5600    89                  Cuts: 1030   173483         
   1488     0       15.5600    82                   Cuts: 175   173631         
   1488     0       15.5600    91                   Cuts: 914   173840         
   1488     0       15.5600    80                    Cuts: 72   173995         
   1488     0       15.5600    76                  Cuts: 1236   174116         
   1488     2       15.5600    43                     15.5600   174116         
   1491     4       17.0900    65                     15.5600   174457         
   1497    10       15.5600    60                     15.5600   174777         
Elapsed time = 29.64 sec. (43920.03 ticks, tree = 0.12 MB, solutions = 0)
   1510    21       15.5600    56                     15.5600   175400         
   1528    39       15.5600    42                     15.5600   176262         
   1548    59       15.5600    34                     15.5600   177948         
   1571    71    infeasible                           15.5600   181056         
   1596    76       15.5600    30                     15.5600   184483         
   1642    83       15.5600    23                     15.5600   188782         
   1669    84       17.3900    33                     15.5600   192215         
   1699    97       15.5600    31                     15.5600   196302         
   1725    94       19.2760    28                     15.5600   200793         
   1756    96    infeasible                           15.5600   205258         
Elapsed time = 35.71 sec. (53770.37 ticks, tree = 0.73 MB, solutions = 0)
   1778   101       21.7196    30                     15.5600   208487         
   1810   100       15.5600    42                     15.5600   212542         
   1842   110       19.4129    31                     15.5600   216513         
   1876   113       15.5600    31                     15.5600   220983         
   1920   117       16.1204    36                     15.5600   225867         
   1957   120       18.9700    38                     15.5600   230417         
   1996   126       18.9700    32                     15.5600   234764         
   2041   139       18.9700    35                     15.5600   240198         
   2088   148       15.5600    37                     15.5600   244739         
   2118   152       15.5600    35                     15.5600   249086         
Elapsed time = 42.59 sec. (63658.91 ticks, tree = 0.74 MB, solutions = 0)
   2147   150       15.5672    37                     15.5600   253080         
   2176   156       15.6474    34                     15.5600   257499         
   2220   160       17.3900    30                     15.5600   261788         
   2247   171       15.5600    32                     15.5600   265501         
   2277   181       15.5600    37                     15.5600   269081         
   2310   189       18.9700    36                     15.5600   273435         
   2332   197       20.3142    30                     15.5600   277062         
   2375   212    infeasible                           15.5600   281535         
   2416   218       22.4380    24                     15.5600   285675         
   2460   232    infeasible                           15.5600   290123         
Elapsed time = 49.06 sec. (73328.84 ticks, tree = 0.84 MB, solutions = 0)

Performing restart 2

Repeating presolve.
Tried aggregator 1 time.
MIP Presolve eliminated 14 rows and 0 columns.
MIP Presolve modified 47 coefficients.
Reduced MIP has 6593 rows, 755 columns, and 51313 nonzeros.
Reduced MIP has 575 binaries, 0 generals, 0 SOSs, and 0 indicators.
Presolve time = 0.05 sec. (39.65 ticks)
Tried aggregator 1 time.
Reduced MIP has 6593 rows, 755 columns, and 51313 nonzeros.
Reduced MIP has 575 binaries, 0 generals, 0 SOSs, and 0 indicators.
Presolve time = 0.03 sec. (23.39 ticks)
Represolve time = 0.18 sec. (141.16 ticks)
   2480     0       15.5600    88                   Cuts: 131   292964         
   2480     0       15.5600   103                   Cuts: 917   293200         
   2480     0       15.5600    72                    Cuts: 20   293295         
   2480     0       15.5600    92                   Cuts: 969   293502         
   2480     0       15.5600    63                   Cuts: 254   293627         
   2480     0       15.5600    74                  Cuts: 1034   293807         
   2480     0       15.5600    60                    Cuts: 25   293923         
   2480     0       15.5600    91                   Cuts: 984   294078         
   2480     0       15.5600    93                   Cuts: 111   294304         
   2480     0       15.5600    69                   Cuts: 142   294520         
   2480     0       15.5600   100                  Cuts: 1016   294717         
   2480     2       15.5600    33                     15.5600   294717         
   2483     5       15.5600    73                     15.5600   295387         
   2489    11       15.5600    54                     15.5600   295716         
   2495    17       15.5600    53                     15.5600   296241         
   2504    26       15.5600    50                     15.5600   296709         
   2510    32       15.5600    45                     15.5600   297368         
   2515    37       15.5600    46                     15.5600   297967         
   2521    43       15.5600    45                     15.5600   298718         
   2529    51       15.5600    41                     15.5600   299746         
   2535    55       15.5600    37                     15.5600   300722         
Elapsed time = 69.51 sec. (102806.64 ticks, tree = 0.93 MB, solutions = 0)
   2545    58       18.9700    31                     15.5600   301944         
   2554    57       15.5600    37                     15.5600   303611         
   2572    70       15.5600    28                     15.5600   305493         
   2593    82       15.5600    19                     15.5600   307425         
   2615    78       15.5600    21                     15.5600   309249         
   2645    70       15.5600    23                     15.5600   311988         
   2671    76       17.3900    35                     15.5600   313889         
   2696    88       15.5600    26                     15.5600   315866         
   2722    87       17.3900    23                     15.5600   318003         
   2751    84       15.5600    38                     15.5600   321421         
Elapsed time = 75.78 sec. (112831.89 ticks, tree = 0.91 MB, solutions = 0)
   2789   102    infeasible                           15.5600   323814         
   2826    97       15.5600    27                     15.5600   326184         
   2861    86       15.5600    35                     15.5600   328489         
   2896    89       15.5600    38                     15.5600   331178         
   2928   100    infeasible                           15.5600   333291         
   2953    88    infeasible                           15.5600   336770         
   2974    92       15.5600    37                     15.5600   339096         
   2994    91       15.5600    47                     15.5600   341214         
   3015   101       15.5600    28                     15.5600   343112         
   3102   117       17.9186    31                     15.5600   355585         
Elapsed time = 84.95 sec. (125577.88 ticks, tree = 0.95 MB, solutions = 0)
   3258   157       15.5600    20                     15.5600   371634         
   3438   175    infeasible                           15.5600   387735         
   3593   185       16.5200    11                     15.5600   403982         
   3727   205       15.5600    27                     15.5600   420601         
   3913   208       18.9700    33                     15.5600   439142         
   4091   229       15.5600    26                     15.5600   455850         
   4250   230       17.8931    29                     15.5600   473363         
   4407   239       15.5600    30                     15.5600   491141         
   4539   248       15.5600    26                     15.5600   505798         
   4706   314       16.4771    35                     15.5600   520671         
Elapsed time = 113.89 sec. (163913.44 ticks, tree = 1.19 MB, solutions = 0)
   4883   353       16.2800    25                     15.5600   536932         
   5009   442    infeasible                           15.5600   550521         
*  5095   455      integral     0       19.6900       15.5600   560387   20.98%
   5133   474       16.2800    14       19.6900       15.5600   565872   20.98%
   5235   494       18.9700    19       19.6900       15.5600   579647   20.98%
*  5305   154      integral     0       16.2800       15.5600   587472    4.42%
   5330   155       15.5600    30       16.2800       15.5600   591345    4.42%
   5380   157       15.5600    27       16.2800       15.5600   597266    4.42%
   5517   158       15.5600    24       16.2800       15.5600   614871    4.42%
   5638   155       15.5600    32       16.2800       15.5600   629546    4.42%
   5771   154       15.5600    31       16.2800       15.5600   645162    4.42%
   5938   153       15.5600    29       16.2800       15.5600   661089    4.42%
Elapsed time = 144.10 sec. (202328.66 ticks, tree = 0.77 MB, solutions = 2)
   6067   157       15.5600    26       16.2800       15.5600   678133    4.42%
   6194   178    infeasible             16.2800       15.5600   691470    4.42%
   6364   167        cutoff             16.2800       15.5600   711921    4.42%
   6517   163       15.5600    23       16.2800       15.5600   730414    4.42%
   6725   162       15.5600    17       16.2800       15.5600   746510    4.42%
   6940   162       15.5600    23       16.2800       15.5600   764535    4.42%
   7092   162    infeasible             16.2800       15.5600   779916    4.42%
   7253   157       15.5600    34       16.2800       15.5600   796340    4.42%
   7454   166       15.5600    20       16.2800       15.5600   812202    4.42%
   7609   162       15.5600    28       16.2800       15.5600   827460    4.42%
Elapsed time = 174.77 sec. (240669.01 ticks, tree = 0.83 MB, solutions = 2)
   7714   161    infeasible             16.2800       15.5600   838694    4.42%
   7844   165    infeasible             16.2800       15.5600   854290    4.42%
   7962   159    infeasible             16.2800       15.5600   872039    4.42%
   8087   165       15.5600    30       16.2800       15.5600   887786    4.42%
   8232   185       15.5600    24       16.2800       15.5600   900541    4.42%
   8413   191       15.5600    26       16.2800       15.5600   917000    4.42%
   8579   176       15.5600    31       16.2800       15.5600   935869    4.42%
   8680   171       15.5600    31       16.2800       15.5600   949801    4.42%
   8790   178       15.5600    29       16.2800       15.5600   964863    4.42%
   8927   189        cutoff             16.2800       15.5600   983021    4.42%
Elapsed time = 205.20 sec. (279954.79 ticks, tree = 0.87 MB, solutions = 2)
   9055   172    infeasible             16.2800       15.5600  1002139    4.42%
   9178   179       15.5600    31       16.2800       15.5600  1018370    4.42%
   9277   178       15.5600    32       16.2800       15.5600  1033820    4.42%
   9392   172    infeasible             16.2800       15.5600  1050242    4.42%
   9530   174       15.5600    33       16.2800       15.5600  1067409    4.42%
   9674   195       15.5600    18       16.2800       15.5600  1077945    4.42%
   9840   184       15.5600    29       16.2800       15.5600  1091617    4.42%
   9972   184       15.5600    30       16.2800       15.5600  1106715    4.42%
  10118   176    infeasible             16.2800       15.5600  1124653    4.42%
  10231   190       15.5600    22       16.2800       15.5600  1136110    4.42%
Elapsed time = 234.31 sec. (318237.40 ticks, tree = 0.87 MB, solutions = 2)
  10350   205       15.5600    13       16.2800       15.5600  1151603    4.42%
  10492   227        cutoff             16.2800       15.5600  1166267    4.42%
  10605   227        cutoff             16.2800       15.5600  1185286    4.42%
  10739   237       15.5600    25       16.2800       15.5600  1204980    4.42%
  10886   242       15.5600    22       16.2800       15.5600  1223573    4.42%
  11019   255       15.7170    13       16.2800       15.5600  1241580    4.42%
  11205   256       15.5600    16       16.2800       15.5600  1256841    4.42%
  11389   274       15.5600    39       16.2800       15.5600  1272753    4.42%
  11570   296       15.5600    30       16.2800       15.5600  1287342    4.42%
  11672   307       15.5600    19       16.2800       15.5600  1296362    4.42%
Elapsed time = 267.16 sec. (356629.81 ticks, tree = 1.01 MB, solutions = 2)
  11811   310       15.5600    18       16.2800       15.5600  1309794    4.42%
  11968   316       15.5600    20       16.2800       15.5600  1330270    4.42%
  12096   319       15.5600    29       16.2800       15.5600  1345738    4.42%
  12257   318       15.5600    36       16.2800       15.5600  1362440    4.42%
  12416   335       15.5600    46       16.2800       15.5600  1378241    4.42%
  12573   345       15.5600    23       16.2800       15.5600  1393526    4.42%
  12737   353       15.5600    12       16.2800       15.5600  1408097    4.42%
  12861   351       15.5600    28       16.2800       15.5600  1426458    4.42%
  13019   381       15.5600    23       16.2800       15.5600  1442173    4.42%
  13162   394       15.5600    25       16.2800       15.5600  1459193    4.42%
Elapsed time = 298.72 sec. (395072.80 ticks, tree = 1.11 MB, solutions = 2)
  13308   415       16.2600    36       16.2800       15.5600  1477134    4.42%
  13404   434        cutoff             16.2800       15.5600  1488278    4.42%
  13522   431       15.5600    33       16.2800       15.5600  1506281    4.42%
  13657   430    infeasible             16.2800       15.5600  1522122    4.42%
  13780   439       15.5600    26       16.2800       15.5600  1539094    4.42%
  13917   436    infeasible             16.2800       15.5600  1556117    4.42%
  14083   441       15.5600    31       16.2800       15.5600  1572798    4.42%
  14226   439       15.5600    30       16.2800       15.5600  1589098    4.42%
  14294   434       15.5600    41       16.2800       15.5600  1596919    4.42%
  14434   436       15.5600    31       16.2800       15.5600  1613712    4.42%
Elapsed time = 328.28 sec. (433815.34 ticks, tree = 1.16 MB, solutions = 2)
  14591   434    infeasible             16.2800       15.5600  1632192    4.42%
  14692   424    infeasible             16.2800       15.5600  1649634    4.42%
  14816   430       15.5600    26       16.2800       15.5600  1664586    4.42%
  14934   432       15.5600    30       16.2800       15.5600  1676835    4.42%
  15074   428    infeasible             16.2800       15.5600  1691468    4.42%
  15204   432       15.5600    23       16.2800       15.5600  1707330    4.42%
  15330   428       15.5600    26       16.2800       15.5600  1720250    4.42%
  15470   436       15.6308    31       16.2800       15.5600  1736866    4.42%
  15633   439       15.5600    30       16.2800       15.5600  1755220    4.42%
  15777   441       15.5600    26       16.2800       15.5600  1774543    4.42%
Elapsed time = 357.72 sec. (472378.38 ticks, tree = 1.16 MB, solutions = 2)
  15942   442       15.5600    32       16.2800       15.5600  1792879    4.42%
  16101   441       15.5600    25       16.2800       15.5600  1810307    4.42%
  16281   439       15.5885    29       16.2800       15.5600  1824833    4.42%
  16417   430    infeasible             16.2800       15.5600  1841120    4.42%
  16558   452       15.5600    35       16.2800       15.5600  1856199    4.42%
  16719   445       15.5600    21       16.2800       15.5600  1874539    4.42%
  16869   441       15.5600    39       16.2800       15.5600  1893482    4.42%
  17037   449       15.5600    37       16.2800       15.5600  1911171    4.42%
  17245   445       15.5600    36       16.2800       15.5600  1927793    4.42%
  17392   449       15.5600    34       16.2800       15.5600  1942084    4.42%
Elapsed time = 388.31 sec. (510717.25 ticks, tree = 1.17 MB, solutions = 2)
  17506   454       15.5600    34       16.2800       15.5600  1957478    4.42%
  17631   454       15.5600    28       16.2800       15.5600  1973573    4.42%
  17680   458       15.5600    29       16.2800       15.5600  1980645    4.42%
  17811   465       15.5600    32       16.2800       15.5600  1997951    4.42%
  17945   468       15.5600    39       16.2800       15.5600  2017144    4.42%
  18088   472    infeasible             16.2800       15.5600  2035413    4.42%
  18221   465        cutoff             16.2800       15.5600  2053807    4.42%
  18353   465    infeasible             16.2800       15.5600  2071681    4.42%
  18481   470        cutoff             16.2800       15.5600  2088877    4.42%
  18613   472    infeasible             16.2800       15.5600  2107217    4.42%
Elapsed time = 418.47 sec. (549327.21 ticks, tree = 1.20 MB, solutions = 2)
  18736   471       15.5600    29       16.2800       15.5600  2126035    4.42%
  18867   468    infeasible             16.2800       15.5600  2145625    4.42%
  18992   467       15.5600    26       16.2800       15.5600  2164206    4.42%
  19113   465       15.5600    40       16.2800       15.5600  2181161    4.42%
  19269   462       15.5600    29       16.2800       15.5600  2196410    4.42%
  19419   466       15.5600    24       16.2800       15.5600  2212375    4.42%
  19566   453       15.5600    39       16.2800       15.5600  2229770    4.42%
  19684   454       15.5600    29       16.2800       15.5600  2247220    4.42%
  19789   452       15.5600    35       16.2800       15.5600  2262260    4.42%
  19870   459       15.5600    26       16.2800       15.5600  2274612    4.42%
Elapsed time = 448.52 sec. (587862.82 ticks, tree = 1.13 MB, solutions = 2)
  19978   453        cutoff             16.2800       15.5600  2291814    4.42%
  20117   450    infeasible             16.2800       15.5600  2310404    4.42%
  20230   447       15.5600    39       16.2800       15.5600  2328343    4.42%
  20346   453    infeasible             16.2800       15.5600  2346687    4.42%
  20471   454       15.5600    31       16.2800       15.5600  2365641    4.42%
  20602   451       15.5600    31       16.2800       15.5600  2383565    4.42%
  20680   456       15.6745    33       16.2800       15.5600  2392875    4.42%
  20787   449        cutoff             16.2800       15.5600  2409943    4.42%
  20915   449       15.5600    34       16.2800       15.5600  2427982    4.42%
  21077   463       15.5600    27       16.2800       15.5600  2446387    4.42%
Elapsed time = 479.75 sec. (627369.53 ticks, tree = 1.14 MB, solutions = 2)
  21213   458       15.5600    28       16.2800       15.5600  2466195    4.42%
  21369   452    infeasible             16.2800       15.5600  2485153    4.42%
  21497   451    infeasible             16.2800       15.5600  2503316    4.42%
  21640   449       15.5600    33       16.2800       15.5600  2522065    4.42%
  21766   447       15.5600    29       16.2800       15.5600  2539099    4.42%
  21886   451       15.6355    33       16.2800       15.5600  2554080    4.42%
  22021   449    infeasible             16.2800       15.5600  2569058    4.42%
  22137   454        cutoff             16.2800       15.5600  2585034    4.42%
  22260   455       15.5600    38       16.2800       15.5600  2600848    4.42%
  22388   449    infeasible             16.2800       15.5600  2617819    4.42%
Elapsed time = 510.02 sec. (665668.39 ticks, tree = 1.12 MB, solutions = 2)
  22562   459       15.5600    29       16.2800       15.5600  2633878    4.42%
  22733   454       15.5600    33       16.2800       15.5600  2652704    4.42%
  22886   455        cutoff             16.2800       15.5600  2671481    4.42%
  23002   452       15.5600    18       16.2800       15.5600  2689589    4.42%
  23110   448    infeasible             16.2800       15.5600  2707793    4.42%
  23234   452       15.5600    30       16.2800       15.5600  2725371    4.42%
  23364   454       15.5600    28       16.2800       15.5600  2744313    4.42%
  23526   461       15.5600    32       16.2800       15.5600  2760785    4.42%
  23673   461       15.5600    31       16.2800       15.5600  2779157    4.42%
  23826   454       15.5600    39       16.2800       15.5600  2798895    4.42%
Elapsed time = 539.81 sec. (704028.70 ticks, tree = 1.13 MB, solutions = 2)
  23980   464       15.5600    34       16.2800       15.5600  2814192    4.42%
  24143   463    infeasible             16.2800       15.5600  2828801    4.42%
  24322   458       15.5600    24       16.2800       15.5600  2844232    4.42%
  24447   464       15.5600    27       16.2800       15.5600  2860592    4.42%
  24574   465       15.5600    34       16.2800       15.5600  2878743    4.42%
  24715   469       15.5600    32       16.2800       15.5600  2894978    4.42%
  24856   472       15.5600    29       16.2800       15.5600  2911606    4.42%
  25009   472       15.5600    26       16.2800       15.5600  2929590    4.42%
  25134   468       15.5600    28       16.2800       15.5600  2946108    4.42%
  25260   465    infeasible             16.2800       15.5600  2961953    4.42%
Elapsed time = 572.43 sec. (745015.18 ticks, tree = 1.14 MB, solutions = 2)
  25356   466    infeasible             16.2800       15.5600  2979170    4.42%
  25468   467       15.5794    29       16.2800       15.5600  2995613    4.42%
  25585   462       15.5600    35       16.2800       15.5600  3010260    4.42%
  25727   467    infeasible             16.2800       15.5600  3026785    4.42%
  25858   460    infeasible             16.2800       15.5600  3045075    4.42%
  25982   484    infeasible             16.2800       15.5600  3061780    4.42%
  26088   468       15.5600    34       16.2800       15.5600  3081843    4.42%
  26223   465       15.5600    30       16.2800       15.5600  3101105    4.42%
  26373   460       15.5600    23       16.2800       15.5600  3120707    4.42%
  26508   467       15.5600    31       16.2800       15.5600  3135732    4.42%
Elapsed time = 602.60 sec. (783445.70 ticks, tree = 1.14 MB, solutions = 2)
  26671   463    infeasible             16.2800       15.5600  3152627    4.42%
  26827   462       15.6081    29       16.2800       15.5600  3168942    4.42%
  26984   461       15.5600    37       16.2800       15.5600  3186135    4.42%
  27137   472    infeasible             16.2800       15.5600  3203017    4.42%
  27291   462        cutoff             16.2800       15.5600  3222185    4.42%
  27427   461       15.5600    35       16.2800       15.5600  3239414    4.42%
  27588   458       15.5600    41       16.2800       15.5600  3258106    4.42%
  27734   456       15.5600    32       16.2800       15.5600  3278050    4.42%
  27903   459       15.5600    33       16.2800       15.5600  3297899    4.42%
  27980   457       15.5600    37       16.2800       15.5600  3307493    4.42%
Elapsed time = 633.57 sec. (823410.45 ticks, tree = 1.08 MB, solutions = 2)
  28095   458       15.5600    42       16.2800       15.5600  3323693    4.42%
  28221   461       15.5600    36       16.2800       15.5600  3340547    4.42%
  28335   461       15.5600    38       16.2800       15.5600  3357647    4.42%
  28488   482       15.5600    46       16.2800       15.5600  3376248    4.42%
  28642   484       15.5600    36       16.2800       15.5600  3393854    4.42%
  28808   481    infeasible             16.2800       15.5600  3413509    4.42%
  28969   486    infeasible             16.2800       15.5600  3432410    4.42%
  29133   480       15.5600    32       16.2800       15.5600  3452453    4.42%
  29280   475    infeasible             16.2800       15.5600  3473392    4.42%
  29420   468       15.5600    38       16.2800       15.5600  3492955    4.42%
Elapsed time = 662.41 sec. (861750.14 ticks, tree = 1.09 MB, solutions = 2)
  29555   467    infeasible             16.2800       15.5600  3512461    4.42%
  29674   471       15.5600    31       16.2800       15.5600  3530256    4.42%
  29822   469    infeasible             16.2800       15.5600  3546983    4.42%
  29979   469       15.5600    28       16.2800       15.5600  3565438    4.42%
  30152   462       15.5600    45       16.2800       15.5600  3582772    4.42%
  30339   473    infeasible             16.2800       15.5600  3601320    4.42%
  30518   470    infeasible             16.2800       15.5600  3620728    4.42%
  30698   486       15.5600    30       16.2800       15.5600  3640537    4.42%
  30856   484    infeasible             16.2800       15.5600  3659632    4.42%
  31019   491       15.5600    34       16.2800       15.5600  3678141    4.42%
Elapsed time = 691.12 sec. (900063.69 ticks, tree = 1.12 MB, solutions = 2)
  31126   494       15.5600    26       16.2800       15.5600  3696251    4.42%
  31242   479       15.5600    25       16.2800       15.5600  3713215    4.42%
  31387   478    infeasible             16.2800       15.5600  3729458    4.42%
  31556   491       15.5600    22       16.2800       15.5600  3746584    4.42%
  31739   480       15.5600    40       16.2800       15.5600  3767336    4.42%
  31876   483       15.5600    29       16.2800       15.5600  3786856    4.42%
  32080   489       15.5600    27       16.2800       15.5600  3804895    4.42%
  32279   481       15.5600    35       16.2800       15.5600  3823776    4.42%
  32488   486    infeasible             16.2800       15.5600  3842322    4.42%
  32698   489       15.5600    29       16.2800       15.5600  3861226    4.42%
Elapsed time = 721.39 sec. (940103.95 ticks, tree = 1.12 MB, solutions = 2)
  32880   483       15.5600    40       16.2800       15.5600  3878976    4.42%
  33021   480        cutoff             16.2800       15.5600  3896559    4.42%
  33165   484       15.5600    37       16.2800       15.5600  3913762    4.42%
  33296   478    infeasible             16.2800       15.5600  3932253    4.42%
  33449   483       15.5600    24       16.2800       15.5600  3951298    4.42%
  33589   479       15.5600    39       16.2800       15.5600  3972385    4.42%
  33760   482       15.5600    25       16.2800       15.5600  3991867    4.42%
  33890   481       15.5600    29       16.2800       15.5600  4009548    4.42%
  34045   476       15.5600    33       16.2800       15.5600  4026991    4.42%
  34154   479       15.5600    33       16.2800       15.5600  4045586    4.42%
Elapsed time = 750.57 sec. (978457.05 ticks, tree = 1.11 MB, solutions = 2)
  34276   483       15.5600    28       16.2800       15.5600  4062670    4.42%
  34408   487       15.5600    31       16.2800       15.5600  4079210    4.42%
  34544   486       15.5600    45       16.2800       15.5600  4095900    4.42%
  34680   488       15.5600    20       16.2800       15.5600  4110304    4.42%
  34811   490       15.5600    26       16.2800       15.5600  4128478    4.42%
  34966   485       15.5600    21       16.2800       15.5600  4145904    4.42%
  35122   486       15.5600    35       16.2800       15.5600  4165532    4.42%
  35273   489       15.5600    39       16.2800       15.5600  4181799    4.42%
  35317   514       15.5600    23       16.2800       15.5600  4187005    4.42%
  35395   520       15.5600    24       16.2800       15.5600  4195170    4.42%
Elapsed time = 779.84 sec. (1019072.75 ticks, tree = 1.11 MB, solutions = 2)
  35476   511       15.5600    28       16.2800       15.5600  4205983    4.42%
  35593   512       15.5600    23       16.2800       15.5600  4218770    4.42%
  35736   514       15.5600    26       16.2800       15.5600  4234173    4.42%
  35854   515       15.5600    22       16.2800       15.5600  4249421    4.42%
  35970   513       15.5600    31       16.2800       15.5600  4266163    4.42%
  36100   511       15.5600    30       16.2800       15.5600  4284696    4.42%
  36250   513    infeasible             16.2800       15.5600  4302650    4.42%
  36409   505    infeasible             16.2800       15.5600  4324220    4.42%
  36568   512       15.5600    18       16.2800       15.5600  4345107    4.42%
  36742   502    infeasible             16.2800       15.5600  4368319    4.42%
Elapsed time = 805.83 sec. (1057500.25 ticks, tree = 1.09 MB, solutions = 2)
  36916   506       15.5600    24       16.2800       15.5600  4388943    4.42%
  37005   515       15.5600    23       16.2800       15.5600  4401553    4.42%
  37093   515       15.5600    27       16.2800       15.5600  4415367    4.42%
  37220   512    infeasible             16.2800       15.5600  4433932    4.42%
  37356   519    infeasible             16.2800       15.5600  4453575    4.42%
  37484   517       15.5600    35       16.2800       15.5600  4473240    4.42%
  37639   515       15.6112    26       16.2800       15.5600  4493836    4.42%
  37797   517    infeasible             16.2800       15.5600  4513963    4.42%
  37946   528       15.5600    25       16.2800       15.5600  4535578    4.42%
  38103   519    infeasible             16.2800       15.5600  4558314    4.42%
Elapsed time = 833.08 sec. (1095856.02 ticks, tree = 1.11 MB, solutions = 2)
  38237   524       15.5600    27       16.2800       15.5600  4580007    4.42%
  38382   524       15.5600    30       16.2800       15.5600  4601381    4.42%
  38549   529        cutoff             16.2800       15.5600  4622475    4.42%
  38580   536       15.5600    29       16.2800       15.5600  4626309    4.42%
  38735   539       15.5600    27       16.2800       15.5600  4649216    4.42%
  38895   539       15.5600    20       16.2800       15.5600  4671223    4.42%
  39062   535       15.8200    25       16.2800       15.5600  4691443    4.42%
  39238   531    infeasible             16.2800       15.5600  4713517    4.42%
  39392   540        cutoff             16.2800       15.5600  4733021    4.42%
  39543   531        cutoff             16.2800       15.5600  4755181    4.42%
Elapsed time = 861.19 sec. (1134545.19 ticks, tree = 1.12 MB, solutions = 2)
  39697   528        cutoff             16.2800       15.5600  4776991    4.42%
  39867   532       15.5600    32       16.2800       15.5600  4799343    4.42%
  40028   533    infeasible             16.2800       15.5600  4821576    4.42%
  40190   531       15.5600    27       16.2800       15.5600  4844380    4.42%
  40348   556    infeasible             16.2800       15.5600  4864644    4.42%
  40480   549    infeasible             16.2800       15.5600  4886105    4.42%
  40638   561       15.5600    18       16.2800       15.5600  4908057    4.42%
  40799   560        cutoff             16.2800       15.5600  4930908    4.42%
  40993   548       15.5600    27       16.2800       15.5600  4955201    4.42%
  41152   549       15.5600    25       16.2800       15.5600  4978671    4.42%
Elapsed time = 888.84 sec. (1172828.85 ticks, tree = 1.14 MB, solutions = 2)
  41316   551       15.5600    26       16.2800       15.5600  5001793    4.42%
  41482   564       15.5600    29       16.2800       15.5600  5019230    4.42%
  41629   575    infeasible             16.2800       15.5600  5040058    4.42%
  41781   577       15.5600    31       16.2800       15.5600  5059617    4.42%
  41946   576       15.5600    29       16.2800       15.5600  5080126    4.42%
  42089   575       15.5600    17       16.2800       15.5600  5102401    4.42%
  42257   575       15.5600    26       16.2800       15.5600  5122158    4.42%
  42421   577       15.5600    25       16.2800       15.5600  5142178    4.42%
  42568   574       15.5600    21       16.2800       15.5600  5163032    4.42%
  42733   584       15.5600    31       16.2800       15.5600  5181916    4.42%
Elapsed time = 917.40 sec. (1211114.03 ticks, tree = 1.18 MB, solutions = 2)
  42916   587       15.5600    12       16.2800       15.5600  5203818    4.42%
  42980   584       15.5600    23       16.2800       15.5600  5212483    4.42%
  43135   585       15.5600    28       16.2800       15.5600  5231542    4.42%
  43307   589    infeasible             16.2800       15.5600  5253126    4.42%
  43494   594       15.5600    11       16.2800       15.5600  5274171    4.42%
  43648   592       15.5600    19       16.2800       15.5600  5297253    4.42%
  43820   592       15.5600    19       16.2800       15.5600  5320083    4.42%
  43994   585    infeasible             16.2800       15.5600  5342881    4.42%
  44167   586    infeasible             16.2800       15.5600  5364685    4.42%
  44308   584       15.5600    18       16.2800       15.5600  5385399    4.42%
Elapsed time = 945.60 sec. (1250849.22 ticks, tree = 1.18 MB, solutions = 2)
  44481   581       15.5600    28       16.2800       15.5600  5404688    4.42%
  44636   580       15.5600    11       16.2800       15.5600  5427201    4.42%
  44787   578       15.5600    13       16.2800       15.5600  5449297    4.42%
  44947   580       15.5600    23       16.2800       15.5600  5471907    4.42%
  45106   576       15.5600    15       16.2800       15.5600  5493716    4.42%
  45273   572    infeasible             16.2800       15.5600  5515786    4.42%
  45426   568       15.8326    16       16.2800       15.5600  5536852    4.42%
  45553   572       15.9609    20       16.2800       15.5600  5557406    4.42%
  45695   578        cutoff             16.2800       15.5600  5577048    4.42%
  45864   578       15.5600    29       16.2800       15.5600  5596651    4.42%
Elapsed time = 973.48 sec. (1289176.58 ticks, tree = 1.18 MB, solutions = 2)
  46003   581       15.5600    11       16.2800       15.5600  5617802    4.42%
  46136   578       15.5600    28       16.2800       15.5600  5635103    4.42%
  46283   574       15.5600    31       16.2800       15.5600  5654655    4.42%
  46453   573    infeasible             16.2800       15.5600  5675721    4.42%
  46622   581       15.5600    24       16.2800       15.5600  5696889    4.42%
  46791   585        cutoff             16.2800       15.5600  5717093    4.42%
  46918   586       15.5600    26       16.2800       15.5600  5735340    4.42%
  47039   585    infeasible             16.2800       15.5600  5754950    4.42%
  47179   578       15.5600    32       16.2800       15.5600  5773499    4.42%
  47311   578       15.5600    31       16.2800       15.5600  5793327    4.42%
Elapsed time = 1001.08 sec. (1327535.99 ticks, tree = 1.18 MB, solutions = 2)
  47466   575    infeasible             16.2800       15.5600  5813434    4.42%
  47562   587       15.5600    30       16.2800       15.5600  5828775    4.42%
  47680   588       15.5600    30       16.2800       15.5600  5845767    4.42%
  47820   589       15.5600    23       16.2800       15.5600  5864533    4.42%
  47972   589        cutoff             16.2800       15.5600  5884790    4.42%
  48115   584       15.5600    27       16.2800       15.5600  5905134    4.42%
  48276   579    infeasible             16.2800       15.5600  5925042    4.42%
  48436   583    infeasible             16.2800       15.5600  5946909    4.42%
  48587   578       15.5600    45       16.2800       15.5600  5965570    4.42%
  48732   605    infeasible             16.2800       15.5600  5981353    4.42%
Elapsed time = 1031.10 sec. (1369191.37 ticks, tree = 1.21 MB, solutions = 2)
  48885   602       15.5600    32       16.2800       15.5600  5999326    4.42%
  49039   599       15.5600    28       16.2800       15.5600  6018833    4.42%
  49199   619        cutoff             16.2800       15.5600  6035939    4.42%
  49353   619       15.7968    10       16.2800       15.5600  6055115    4.42%
  49486   616        cutoff             16.2800       15.5600  6074502    4.42%
  49628   621       15.5600    29       16.2800       15.5600  6093180    4.42%
  49806   616       15.5600    27       16.2800       15.5600  6113184    4.42%
  49975   618       15.5600    35       16.2800       15.5600  6133998    4.42%
  50152   622       15.5600    31       16.2800       15.5600  6153473    4.42%
  50303   622    infeasible             16.2800       15.5600  6173162    4.42%
Elapsed time = 1059.15 sec. (1407522.64 ticks, tree = 1.23 MB, solutions = 2)
  50467   620       15.5600    32       16.2800       15.5600  6193891    4.42%
  50624   617       15.5600    30       16.2800       15.5600  6213133    4.42%
  50784   617       15.5600    25       16.2800       15.5600  6232871    4.42%
  50939   628       15.5600    21       16.2800       15.5600  6252214    4.42%
  51090   627       15.5600    27       16.2800       15.5600  6269003    4.42%
  51250   633       15.5600    13       16.2800       15.5600  6288956    4.42%
  51421   643       16.2600    29       16.2800       15.5600  6309269    4.42%
  51600   644       15.5600    33       16.2800       15.5600  6330801    4.42%
  51795   649    infeasible             16.2800       15.5600  6352061    4.42%
  51960   660       15.5600    30       16.2800       15.5600  6371149    4.42%
Elapsed time = 1086.86 sec. (1445982.46 ticks, tree = 1.28 MB, solutions = 2)
  52119   660       15.5600    29       16.2800       15.5600  6391896    4.42%
  52268   661       15.5600    37       16.2800       15.5600  6413827    4.42%
  52402   665       15.5600    23       16.2800       15.5600  6434364    4.42%
  52547   671    infeasible             16.2800       15.5600  6453852    4.42%
  52684   671       15.5600    30       16.2800       15.5600  6474261    4.42%
  52780   673       15.5600    29       16.2800       15.5600  6486468    4.42%
  52919   665    infeasible             16.2800       15.5600  6506807    4.42%
  53070   674    infeasible             16.2800       15.5600  6525833    4.42%
  53221   675       15.5600    28       16.2800       15.5600  6545975    4.42%
  53391   675       15.5600    29       16.2800       15.5600  6566911    4.42%
Elapsed time = 1116.77 sec. (1487106.22 ticks, tree = 1.29 MB, solutions = 2)
  53545   679       15.5600    26       16.2800       15.5600  6587376    4.42%
  53693   688       15.5600    30       16.2800       15.5600  6608290    4.42%
  53837   696       15.6644    30       16.2800       15.5600  6626621    4.42%
  54008   707       15.5600    33       16.2800       15.5600  6644618    4.42%
  54130   707    infeasible             16.2800       15.5600  6663694    4.42%
  54256   713    infeasible             16.2800       15.5600  6683185    4.42%
  54405   712       15.5600    28       16.2800       15.5600  6702732    4.42%
  54531   715       15.5600    30       16.2800       15.5600  6720943    4.42%
  54672   720       15.5600     9       16.2800       15.5600  6741408    4.42%
  54832   728       15.5600    32       16.2800       15.5600  6762839    4.42%
Elapsed time = 1144.81 sec. (1525417.75 ticks, tree = 1.36 MB, solutions = 2)
  55006   734       15.5600    32       16.2800       15.5600  6782755    4.42%
  55148   728       15.5600    24       16.2800       15.5600  6804477    4.42%
  55305   732        cutoff             16.2800       15.5600  6826146    4.42%
  55482   729       15.5600    33       16.2800       15.5600  6847787    4.42%
  55616   734    infeasible             16.2800       15.5600  6868221    4.42%
  55757   740    infeasible             16.2800       15.5600  6886531    4.42%
  55914   738       15.5600    24       16.2800       15.5600  6904901    4.42%
  56079   733       15.5600    25       16.2800       15.5600  6923507    4.42%
  56229   731       15.5600    33       16.2800       15.5600  6943802    4.42%
  56378   745       15.5600    30       16.2800       15.5600  6961746    4.42%
Elapsed time = 1172.47 sec. (1563734.43 ticks, tree = 1.38 MB, solutions = 2)
  56548   745        cutoff             16.2800       15.5600  6982154    4.42%
  56708   739    infeasible             16.2800       15.5600  7003385    4.42%
  56854   745       15.5600    32       16.2800       15.5600  7022422    4.42%
  57007   756    infeasible             16.2800       15.5600  7043526    4.42%
  57164   747       15.5600    29       16.2800       15.5600  7064808    4.42%
  57316   745    infeasible             16.2800       15.5600  7085301    4.42%
  57463   751    infeasible             16.2800       15.5600  7104294    4.42%
  57621   782       15.5600    31       16.2800       15.5600  7122623    4.42%
  57680   793       15.5600    30       16.2800       15.5600  7130184    4.42%
  57836   782    infeasible             16.2800       15.5600  7148595    4.42%
Elapsed time = 1201.94 sec. (1603437.49 ticks, tree = 1.43 MB, solutions = 2)
  58004   812       15.5600    29       16.2800       15.5600  7166508    4.42%
  58172   812    infeasible             16.2800       15.5600  7188131    4.42%
  58329   806       15.5600    28       16.2800       15.5600  7209835    4.42%
  58504   816       15.9654    30       16.2800       15.5600  7230342    4.42%
  58665   817    infeasible             16.2800       15.5600  7249003    4.42%
  58815   811       15.5600    34       16.2800       15.5600  7268602    4.42%
  58958   818    infeasible             16.2800       15.5600  7287956    4.42%
  59109   837        cutoff             16.2800       15.5600  7307750    4.42%
  59236   851       15.5600    31       16.2800       15.5600  7324281    4.42%
  59386   865       15.5600    34       16.2800       15.5600  7342671    4.42%
Elapsed time = 1230.13 sec. (1641781.54 ticks, tree = 1.53 MB, solutions = 2)
  59559   876       16.0721    28       16.2800       15.5600  7360873    4.42%
  59723   899        cutoff             16.2800       15.5600  7379084    4.42%
  59892   910       15.5600    27       16.2800       15.5600  7398315    4.42%
  60071   917    infeasible             16.2800       15.5600  7419531    4.42%
  60245   933       15.5600    30       16.2800       15.5600  7439106    4.42%
  60415   927    infeasible             16.2800       15.5600  7459531    4.42%
  60586   939       15.5600    36       16.2800       15.5600  7479227    4.42%
  60709   965       15.5600    30       16.2800       15.5600  7491464    4.42%
  60863   989       15.9358    22       16.2800       15.5600  7506695    4.42%
  61017   996       15.5600    14       16.2800       15.5600  7522661    4.42%
Elapsed time = 1258.42 sec. (1680058.84 ticks, tree = 1.69 MB, solutions = 2)
  61188   990       15.5600    15       16.2800       15.5600  7535994    4.42%
  61381   999    infeasible             16.2800       15.5600  7553386    4.42%
  61591   990        cutoff             16.2800       15.5600  7572708    4.42%
  61784   991    infeasible             16.2800       15.5600  7590790    4.42%
  61964   995       15.5600     7       16.2800       15.5600  7608835    4.42%
  62187   996    infeasible             16.2800       15.5600  7626338    4.42%
  62396   994        cutoff             16.2800       15.5600  7641039    4.42%
  62626  1004    infeasible             16.2800       15.5600  7655255    4.42%
  62840  1004       15.5600    15       16.2800       15.5600  7671295    4.42%
  63064  1034       15.5600     7       16.2800       15.5600  7687624    4.42%
Elapsed time = 1288.67 sec. (1718386.02 ticks, tree = 1.78 MB, solutions = 2)
  63278  1008       15.5600    39       16.2800       15.5600  7701828    4.42%
  63465  1012       15.5600    32       16.2800       15.5600  7717656    4.42%
  63675  1002       15.5600    39       16.2800       15.5600  7734683    4.42%
  63680  1007       15.5600    38       16.2800       15.5600  7735140    4.42%
  63869  1026       16.2600    31       16.2800       15.5600  7753430    4.42%
  64055  1035       15.5600    16       16.2800       15.5600  7772518    4.42%
  64215  1036       15.5600    23       16.2800       15.5600  7788796    4.42%
  64387  1034       15.5600    14       16.2800       15.5600  7805474    4.42%
  64572  1033       15.5600    30       16.2800       15.5600  7823323    4.42%
  64775  1042       15.5600    22       16.2800       15.5600  7841422    4.42%
Elapsed time = 1317.52 sec. (1757367.47 ticks, tree = 1.79 MB, solutions = 2)
  64948  1045        cutoff             16.2800       15.5600  7860212    4.42%
  65121  1058        cutoff             16.2800       15.5600  7877191    4.42%
  65312  1055    infeasible             16.2800       15.5600  7893168    4.42%
  65533  1068    infeasible             16.2800       15.5600  7909538    4.42%
  65723  1070       15.5600    21       16.2800       15.5600  7926005    4.42%
  65896  1081       15.5600    23       16.2800       15.5600  7944352    4.42%
  66113  1074    infeasible             16.2800       15.5600  7962720    4.42%
  66290  1092    infeasible             16.2800       15.5600  7979478    4.42%
  66447  1083    infeasible             16.2800       15.5600  7995765    4.42%
  66640  1078    infeasible             16.2800       15.5600  8013616    4.42%
Elapsed time = 1346.51 sec. (1795655.76 ticks, tree = 1.84 MB, solutions = 2)
  66785  1080       15.5600    11       16.2800       15.5600  8030975    4.42%
  66981  1079       15.5600    35       16.2800       15.5600  8048593    4.42%
  67173  1088       15.5600    25       16.2800       15.5600  8062262    4.42%
  67356  1086    infeasible             16.2800       15.5600  8076518    4.42%
  67521  1087       15.5600    24       16.2800       15.5600  8093661    4.42%
  67681  1083       15.5600    21       16.2800       15.5600  8111928    4.42%
  67821  1083       15.5600    31       16.2800       15.5600  8127843    4.42%
  67963  1083    infeasible             16.2800       15.5600  8143904    4.42%
  68143  1077       15.5600    38       16.2800       15.5600  8159397    4.42%
  68333  1083       15.5600    17       16.2800       15.5600  8176271    4.42%
Elapsed time = 1376.27 sec. (1833973.97 ticks, tree = 1.84 MB, solutions = 2)
  68522  1086       15.5600    23       16.2800       15.5600  8194348    4.42%
  68694  1087       15.5600    26       16.2800       15.5600  8212313    4.42%
  68882  1079        cutoff             16.2800       15.5600  8231575    4.42%
  69024  1086       15.8200    22       16.2800       15.5600  8248319    4.42%
  69180  1092       15.8200    17       16.2800       15.5600  8268454    4.42%
  69335  1099    infeasible             16.2800       15.5600  8287941    4.42%
  69513  1102       15.5600    33       16.2800       15.5600  8307580    4.42%
  69680  1104       15.5600    26       16.2800       15.5600  8327278    4.42%
  69832  1100       15.5600    27       16.2800       15.5600  8347128    4.42%
  70007  1107        cutoff             16.2800       15.5600  8366944    4.42%
Elapsed time = 1404.18 sec. (1872434.75 ticks, tree = 1.87 MB, solutions = 2)
  70167  1110       15.5600    41       16.2800       15.5600  8386886    4.42%
  70349  1133    infeasible             16.2800       15.5600  8403682    4.42%
  70380  1136       15.5600    12       16.2800       15.5600  8407042    4.42%
  70558  1153       16.0029    18       16.2800       15.5600  8423087    4.42%
  70722  1167       15.5600    20       16.2800       15.5600  8438789    4.42%
  70884  1172       15.5600    29       16.2800       15.5600  8454547    4.42%
  71058  1180       15.5600    19       16.2800       15.5600  8470361    4.42%
  71212  1184       15.5600    33       16.2800       15.5600  8486053    4.42%
  71358  1189       16.1629    17       16.2800       15.5600  8502804    4.42%
  71526  1186       15.5600    22       16.2800       15.5600  8519657    4.42%
Elapsed time = 1434.08 sec. (1911647.10 ticks, tree = 1.97 MB, solutions = 2)
  71685  1187       15.5600    25       16.2800       15.5600  8535392    4.42%
  71859  1194    infeasible             16.2800       15.5600  8553844    4.42%
  72043  1192        cutoff             16.2800       15.5600  8570347    4.42%
  72200  1195    infeasible             16.2800       15.5600  8589252    4.42%
  72361  1188       15.5600    34       16.2800       15.5600  8608659    4.42%
  72548  1193        cutoff             16.2800       15.5600  8626396    4.42%
  72710  1197    infeasible             16.2800       15.5600  8641989    4.42%
  72892  1212    infeasible             16.2800       15.5600  8656688    4.42%
  73048  1222       15.5600    28       16.2800       15.5600  8673555    4.42%
  73198  1226       15.5600    26       16.2800       15.5600  8689694    4.42%
Elapsed time = 1463.18 sec. (1949889.40 ticks, tree = 2.02 MB, solutions = 2)
  73366  1224    infeasible             16.2800       15.5600  8709033    4.42%
  73527  1227       15.5600    13       16.2800       15.5600  8728912    4.42%
  73682  1222    infeasible             16.2800       15.5600  8748211    4.42%
  73874  1226       15.5600    12       16.2800       15.5600  8768326    4.42%
  74076  1228       15.5600    25       16.2800       15.5600  8788294    4.42%
  74230  1224       15.5600    25       16.2800       15.5600  8809542    4.42%
  74387  1224        cutoff             16.2800       15.5600  8829527    4.42%
  74569  1229       15.7672    33       16.2800       15.5600  8846687    4.42%
  74755  1256    infeasible             16.2800       15.5600  8861329    4.42%
  74941  1258       15.5600    32       16.2800       15.5600  8878606    4.42%
Elapsed time = 1490.96 sec. (1988202.64 ticks, tree = 2.06 MB, solutions = 2)
  75122  1264        cutoff             16.2800       15.5600  8894484    4.42%
  75270  1272       15.5600    36       16.2800       15.5600  8908790    4.42%
  75436  1268    infeasible             16.2800       15.5600  8925562    4.42%
  75607  1269        cutoff             16.2800       15.5600  8942534    4.42%
  75762  1284    infeasible             16.2800       15.5600  8958848    4.42%
  75946  1288       15.5600    18       16.2800       15.5600  8975942    4.42%
  76146  1293        cutoff             16.2800       15.5600  8992501    4.42%
  76367  1299       15.5600    27       16.2800       15.5600  9010540    4.42%
  76569  1302    infeasible             16.2800       15.5600  9028004    4.42%
  76749  1304    infeasible             16.2800       15.5600  9046827    4.42%
Elapsed time = 1520.15 sec. (2026481.15 ticks, tree = 2.12 MB, solutions = 2)
  76780  1307       15.5600    23       16.2800       15.5600  9049924    4.42%
  76981  1305    infeasible             16.2800       15.5600  9065280    4.42%
  77196  1311       15.5600    33       16.2800       15.5600  9082565    4.42%
  77430  1301       15.5600    30       16.2800       15.5600  9100463    4.42%
  77635  1298    infeasible             16.2800       15.5600  9116524    4.42%
  77792  1307       15.5600    34       16.2800       15.5600  9132168    4.42%
  77937  1302       15.5600    27       16.2800       15.5600  9148037    4.42%
  78072  1300       15.5600    42       16.2800       15.5600  9164310    4.42%
  78260  1305       15.5600    25       16.2800       15.5600  9180716    4.42%
  78483  1310       15.5600    24       16.2800       15.5600  9196493    4.42%
Elapsed time = 1549.94 sec. (2065310.33 ticks, tree = 2.13 MB, solutions = 2)
  78698  1310       16.2600    22       16.2800       15.5600  9212987    4.42%
  78888  1313        cutoff             16.2800       15.5600  9230509    4.42%
  79076  1318       15.5600    28       16.2800       15.5600  9245546    4.42%
  79235  1321       15.5600    17       16.2800       15.5600  9262749    4.42%
  79380  1316       15.5600    28       16.2800       15.5600  9281860    4.42%
  79524  1318       15.5600    35       16.2800       15.5600  9297956    4.42%
  79646  1325    infeasible             16.2800       15.5600  9314531    4.42%
  79785  1315       15.5600    39       16.2800       15.5600  9333213    4.42%
  79928  1324       15.5600    34       16.2800       15.5600  9352555    4.42%
  80085  1323    infeasible             16.2800       15.5600  9372489    4.42%
Elapsed time = 1579.00 sec. (2103637.71 ticks, tree = 2.14 MB, solutions = 2)
  80253  1324       15.5668    35       16.2800       15.5600  9391458    4.42%
  80415  1340       15.5600    38       16.2800       15.5600  9410624    4.42%
  80587  1355        cutoff             16.2800       15.5600  9428627    4.42%
  80752  1363       15.6998    30       16.2800       15.5600  9445418    4.42%
  80883  1372        cutoff             16.2800       15.5600  9462908    4.42%
  81030  1376       15.5600    33       16.2800       15.5600  9481291    4.42%
  81192  1376    infeasible             16.2800       15.5600  9499586    4.42%
  81329  1383       15.5600    39       16.2800       15.5600  9518518    4.42%
  81473  1388       15.8324     9       16.2800       15.5600  9537265    4.42%
  81629  1382    infeasible             16.2800       15.5600  9557176    4.42%
Elapsed time = 1606.96 sec. (2142005.32 ticks, tree = 2.22 MB, solutions = 2)
  81805  1382       15.5600    29       16.2800       15.5600  9575372    4.42%
  81969  1384       15.5600    24       16.2800       15.5600  9592558    4.42%
  82163  1384       15.5600    24       16.2800       15.5600  9609927    4.42%
  82280  1383       15.5600    17       16.2800       15.5600  9622028    4.42%
  82449  1382       15.5600    28       16.2800       15.5600  9640016    4.42%
  82598  1393       15.9609    22       16.2800       15.5600  9659241    4.42%
  82783  1410       15.5600    24       16.2800       15.5600  9674417    4.42%
  82974  1409       15.5600    19       16.2800       15.5600  9692672    4.42%
  83135  1403    infeasible             16.2800       15.5600  9708621    4.42%
  83295  1405       15.5600    34       16.2800       15.5600  9725976    4.42%
Elapsed time = 1637.02 sec. (2182738.00 ticks, tree = 2.25 MB, solutions = 2)
  83449  1406       15.5600    26       16.2800       15.5600  9742891    4.42%
  83627  1407       15.5600    35       16.2800       15.5600  9759876    4.42%
  83797  1408       15.5600    29       16.2800       15.5600  9776731    4.42%
  83983  1405    infeasible             16.2800       15.5600  9791192    4.42%
  84163  1406       15.5600    27       16.2800       15.5600  9808011    4.42%
  84342  1419       15.5600    35       16.2800       15.5600  9824378    4.42%
  84529  1429       15.5600    33       16.2800       15.5600  9842108    4.42%
  84696  1435       15.5600    11       16.2800       15.5600  9859528    4.42%
  84906  1431    infeasible             16.2800       15.5600  9876930    4.42%
  85089  1430       15.5600    31       16.2800       15.5600  9893723    4.42%
Elapsed time = 1666.23 sec. (2221036.50 ticks, tree = 2.28 MB, solutions = 2)
  85268  1426       15.5600    32       16.2800       15.5600  9908527    4.42%
  85436  1429       15.5600     8       16.2800       15.5600  9925756    4.42%
  85629  1432       15.5600    41       16.2800       15.5600  9942678    4.42%
  85782  1438       15.9609    29       16.2800       15.5600  9958858    4.42%
  85934  1460        cutoff             16.2800       15.5600  9975684    4.42%
  86111  1448    infeasible             16.2800       15.5600  9994441    4.42%
  86283  1457    infeasible             16.2800       15.5600 10012206    4.42%
  86488  1447       15.5600    35       16.2800       15.5600 10029708    4.42%
  86691  1452       15.5600    33       16.2800       15.5600 10046592    4.42%
  86901  1454       15.5600    23       16.2800       15.5600 10063508    4.42%
Elapsed time = 1695.17 sec. (2259387.52 ticks, tree = 2.31 MB, solutions = 2)
  87101  1456       16.2600    15       16.2800       15.5600 10079974    4.42%
  87275  1458       15.5600    22       16.2800       15.5600 10096562    4.42%
  87386  1472       16.0020    24       16.2800       15.5600 10110339    4.42%
  87521  1471       15.5600    38       16.2800       15.5600 10130722    4.42%
  87688  1482       15.5600    35       16.2800       15.5600 10150964    4.42%
  87884  1483    infeasible             16.2800       15.5600 10169504    4.42%
  88024  1483       15.5600    39       16.2800       15.5600 10186284    4.42%
  88080  1499       15.5600    42       16.2800       15.5600 10193670    4.42%
  88209  1505       15.5600    31       16.2800       15.5600 10212127    4.42%
  88361  1507       15.5600    20       16.2800       15.5600 10228464    4.42%
Elapsed time = 1724.97 sec. (2298967.85 ticks, tree = 2.38 MB, solutions = 2)
  88523  1508       15.5600    31       16.2800       15.5600 10244707    4.42%
  88586  1512       15.5600    30       16.2800       15.5600 10255214    4.42%
  88664  1514       15.5600    27       16.2800       15.5600 10269673    4.42%
  88767  1532       15.5600    27       16.2800       15.5600 10284330    4.42%
  88878  1533       15.5600    21       16.2800       15.5600 10302800    4.42%
  88967  1535       15.5600    29       16.2800       15.5600 10316692    4.42%
  89099  1536        cutoff             16.2800       15.5600 10333796    4.42%
  89248  1546       15.5600    27       16.2800       15.5600 10351649    4.42%
  89389  1546    infeasible             16.2800       15.5600 10372065    4.42%
  89521  1545       15.5600    27       16.2800       15.5600 10390904    4.42%
Elapsed time = 1752.95 sec. (2337645.30 ticks, tree = 2.43 MB, solutions = 2)
  89634  1546       15.5600    31       16.2800       15.5600 10410311    4.42%
  89743  1551    infeasible             16.2800       15.5600 10427863    4.42%
  89864  1552       15.5600    34       16.2800       15.5600 10445858    4.42%
  89966  1547       15.5600    25       16.2800       15.5600 10464928    4.42%
  90108  1551    infeasible             16.2800       15.5600 10483941    4.42%
  90300  1552       15.5600    37       16.2800       15.5600 10501848    4.42%
  90436  1564       15.7317    33       16.2800       15.5600 10517566    4.42%
  90582  1571       15.5600    30       16.2800       15.5600 10534762    4.42%
  90738  1572       15.5600    27       16.2800       15.5600 10554408    4.42%
  90918  1575       15.5600    39       16.2800       15.5600 10573327    4.42%
Elapsed time = 1781.20 sec. (2376010.31 ticks, tree = 2.46 MB, solutions = 2)
  91054  1585    infeasible             16.2800       15.5600 10591418    4.42%
  91183  1605       15.5600    28       16.2800       15.5600 10608318    4.42%
  91305  1601       15.5600    29       16.2800       15.5600 10626956    4.42%
  91457  1609       15.5600    30       16.2800       15.5600 10645915    4.42%
  91600  1628       15.5600    36       16.2800       15.5600 10663759    4.42%
  91739  1636       15.5600    28       16.2800       15.5600 10682172    4.42%
  91880  1633       15.5600    33       16.2800       15.5600 10702156    4.42%
  92014  1629       15.5600    26       16.2800       15.5600 10722177    4.42%
  92132  1627       15.5600    32       16.2800       15.5600 10741148    4.42%
  92299  1633        cutoff             16.2800       15.5600 10759121    4.42%
Elapsed time = 1810.22 sec. (2414356.92 ticks, tree = 2.54 MB, solutions = 2)
  92454  1632       15.5600    22       16.2800       15.5600 10777874    4.42%
  92485  1633       15.9821    30       16.2800       15.5600 10781941    4.42%
  92644  1644       15.5600    35       16.2800       15.5600 10800114    4.42%
  92754  1675    infeasible             16.2800       15.5600 10814481    4.42%
  92880  1686       15.5600    37       16.2800       15.5600 10832795    4.42%
  93023  1687    infeasible             16.2800       15.5600 10851887    4.42%
  93143  1697       15.5600    39       16.2800       15.5600 10868386    4.42%
  93258  1708        cutoff             16.2800       15.5600 10887871    4.42%
  93369  1706    infeasible             16.2800       15.5600 10908005    4.42%
  93464  1705       15.5600    27       16.2800       15.5600 10925522    4.42%
Elapsed time = 1838.13 sec. (2452698.34 ticks, tree = 2.63 MB, solutions = 2)
  93570  1713       15.5600    37       16.2800       15.5600 10944562    4.42%
  93688  1719        cutoff             16.2800       15.5600 10963978    4.42%
  93813  1721        cutoff             16.2800       15.5600 10982815    4.42%
  93916  1726       15.5600    25       16.2800       15.5600 11001323    4.42%
  94048  1730    infeasible             16.2800       15.5600 11019062    4.42%
  94156  1720        cutoff             16.2800       15.5600 11037593    4.42%
  94280  1721        cutoff             16.2800       15.5600 11056642    4.42%
  94407  1719       15.5600    36       16.2800       15.5600 11075129    4.42%
  94546  1715       15.5600    36       16.2800       15.5600 11093733    4.42%
  94677  1715    infeasible             16.2800       15.5600 11111902    4.42%
Elapsed time = 1865.30 sec. (2491109.51 ticks, tree = 2.65 MB, solutions = 2)
  94806  1720    infeasible             16.2800       15.5600 11129323    4.42%
  94937  1730    infeasible             16.2800       15.5600 11148157    4.42%
  95081  1734    infeasible             16.2800       15.5600 11165815    4.42%
  95235  1738    infeasible             16.2800       15.5600 11185780    4.42%
  95375  1757       16.0721    30       16.2800       15.5600 11204610    4.42%
  95507  1771       15.5600    26       16.2800       15.5600 11223247    4.42%
  95610  1766       15.5600    43       16.2800       15.5600 11242723    4.42%
  95751  1769       15.5600    36       16.2800       15.5600 11261252    4.42%
  95780  1770       15.5600    28       16.2800       15.5600 11265061    4.42%
  95917  1771       15.5600    31       16.2800       15.5600 11281214    4.42%
Elapsed time = 1894.70 sec. (2530661.71 ticks, tree = 2.72 MB, solutions = 2)
  96078  1763        cutoff             16.2800       15.5600 11298706    4.42%
  96189  1778    infeasible             16.2800       15.5600 11314934    4.42%
  96326  1779       15.5600    26       16.2800       15.5600 11333074    4.42%
  96450  1778    infeasible             16.2800       15.5600 11349705    4.42%
  96579  1782       15.5600    32       16.2800       15.5600 11368023    4.42%
  96707  1795    infeasible             16.2800       15.5600 11387470    4.42%
  96859  1794       15.5600    29       16.2800       15.5600 11407612    4.42%
  96983  1789       15.5600    33       16.2800       15.5600 11426870    4.42%
  97110  1788    infeasible             16.2800       15.5600 11445628    4.42%
  97255  1785       15.5600    43       16.2800       15.5600 11463770    4.42%
Elapsed time = 1922.68 sec. (2568976.79 ticks, tree = 2.74 MB, solutions = 2)
  97348  1787       15.5600    33       16.2800       15.5600 11476488    4.42%
  97454  1804        cutoff             16.2800       15.5600 11497152    4.42%
  97575  1823       15.5600    25       16.2800       15.5600 11515120    4.42%
  97725  1821       15.5600    20       16.2800       15.5600 11533294    4.42%
  97856  1832       15.5600    29       16.2800       15.5600 11551012    4.42%
  97981  1845       15.5600    31       16.2800       15.5600 11568546    4.42%
  98101  1865       15.5600    36       16.2800       15.5600 11585859    4.42%
  98253  1874    infeasible             16.2800       15.5600 11604049    4.42%
  98400  1871       15.5600    45       16.2800       15.5600 11621686    4.42%
  98519  1872    infeasible             16.2800       15.5600 11638284    4.42%
Elapsed time = 1951.42 sec. (2607443.92 ticks, tree = 2.85 MB, solutions = 2)
  98642  1879       16.0998     9       16.2800       15.5600 11655023    4.42%
  98805  1884    infeasible             16.2800       15.5600 11671009    4.42%
  98942  1884       15.5600    29       16.2800       15.5600 11688278    4.42%
  99071  1881    infeasible             16.2800       15.5600 11707424    4.42%
  99218  1887       15.5600    36       16.2800       15.5600 11724595    4.42%
  99359  1882       15.5600    35       16.2800       15.5600 11744624    4.42%
  99509  1891    infeasible             16.2800       15.5600 11764107    4.42%
  99678  1894       15.5600    20       16.2800       15.5600 11781665    4.42%
  99818  1894       15.5600    29       16.2800       15.5600 11799066    4.42%
  99925  1908       15.5600    33       16.2800       15.5600 11815795    4.42%
Elapsed time = 1979.93 sec. (2645822.06 ticks, tree = 2.90 MB, solutions = 2)
 100072  1906       15.5600    33       16.2800       15.5600 11835473    4.42%
 100216  1910       15.5600    33       16.2800       15.5600 11855067    4.42%
 100378  1926       15.5600    32       16.2800       15.5600 11873444    4.42%
 100520  1928       15.5600    20       16.2800       15.5600 11892584    4.42%
 100641  1929       15.5600    39       16.2800       15.5600 11911553    4.42%
 100794  1938       15.5600    37       16.2800       15.5600 11928714    4.42%
 100880  1932       15.5600    41       16.2800       15.5600 11938943    4.42%
 100996  1926       15.5600    36       16.2800       15.5600 11955642    4.42%
 101111  1928       15.5600    34       16.2800       15.5600 11972190    4.42%
 101250  1928       15.5600    22       16.2800       15.5600 11990346    4.42%
Elapsed time = 2011.24 sec. (2685776.56 ticks, tree = 2.92 MB, solutions = 2)
 101375  1937       15.5600    35       16.2800       15.5600 12007266    4.42%
 101501  1943       15.5600    34       16.2800       15.5600 12025046    4.42%
 101619  1948       15.5600    33       16.2800       15.5600 12044361    4.42%
 101774  1948       15.5600    28       16.2800       15.5600 12065509    4.42%
 101914  1950       15.5600    26       16.2800       15.5600 12086175    4.42%
 102034  1954       15.5600    28       16.2800       15.5600 12105526    4.42%
 102172  1954    infeasible             16.2800       15.5600 12122384    4.42%
 102308  1955       15.5600    26       16.2800       15.5600 12140917    4.42%
 102412  1957    infeasible             16.2800       15.5600 12158798    4.42%
 102552  1952       15.5600    28       16.2800       15.5600 12178004    4.42%
Elapsed time = 2038.18 sec. (2724143.89 ticks, tree = 2.95 MB, solutions = 2)
 102697  1955       15.5600    29       16.2800       15.5600 12197246    4.42%
 102831  1962       15.5600    31       16.2800       15.5600 12214720    4.42%
 102969  1965       15.7605    29       16.2800       15.5600 12233001    4.42%
 103112  1966       15.5600    42       16.2800       15.5600 12252613    4.42%
 103248  1978       15.5600    33       16.2800       15.5600 12271644    4.42%
 103381  1988    infeasible             16.2800       15.5600 12288927    4.42%
 103499  1992       15.5600    37       16.2800       15.5600 12305616    4.42%
 103628  1987       15.5600    17       16.2800       15.5600 12324431    4.42%
 103753  1993       15.5600    31       16.2800       15.5600 12340128    4.42%
 103888  1991       15.5600    38       16.2800       15.5600 12358068    4.42%
Elapsed time = 2066.55 sec. (2762504.66 ticks, tree = 3.00 MB, solutions = 2)
 104022  1993    infeasible             16.2800       15.5600 12376008    4.42%
 104132  1997       15.5600    17       16.2800       15.5600 12394349    4.42%
 104253  1998       15.5600    28       16.2800       15.5600 12412804    4.42%
 104379  1996       15.5600    39       16.2800       15.5600 12430105    4.42%
 104389  1996    infeasible             16.2800       15.5600 12431967    4.42%
 104512  2006       15.5600    27       16.2800       15.5600 12449951    4.42%
 104649  2014       16.0721    29       16.2800       15.5600 12467478    4.42%
 104785  2005        cutoff             16.2800       15.5600 12486010    4.42%
 104949  2001       15.5600    39       16.2800       15.5600 12505052    4.42%
 105079  2003       15.5600    26       16.2800       15.5600 12524318    4.42%
Elapsed time = 2094.38 sec. (2800920.64 ticks, tree = 3.02 MB, solutions = 2)
 105213  1999       15.5600    46       16.2800       15.5600 12542080    4.42%
 105338  2016    infeasible             16.2800       15.5600 12559485    4.42%
 105494  2012       15.5600    32       16.2800       15.5600 12576689    4.42%
 105625  2005       15.5600    34       16.2800       15.5600 12596087    4.42%
 105764  2004       15.5600    30       16.2800       15.5600 12613611    4.42%
 105898  2001       15.5600    33       16.2800       15.5600 12630716    4.42%
 106048  2005       15.5600    22       16.2800       15.5600 12650243    4.42%
 106179  1999       15.5600    45       16.2800       15.5600 12668110    4.42%
 106325  1999    infeasible             16.2800       15.5600 12685941    4.42%
 106444  2000    infeasible             16.2800       15.5600 12703112    4.42%
Elapsed time = 2121.85 sec. (2839425.06 ticks, tree = 3.02 MB, solutions = 2)
 106564  2008    infeasible             16.2800       15.5600 12720169    4.42%
 106682  2017       15.5600    28       16.2800       15.5600 12738551    4.42%
 106840  2019       15.5600    30       16.2800       15.5600 12757096    4.42%
 106969  2019        cutoff             16.2800       15.5600 12775758    4.42%
 107082  2027    infeasible             16.2800       15.5600 12792136    4.42%
 107227  2024       15.5600    35       16.2800       15.5600 12810986    4.42%
 107357  2039       15.5600    14       16.2800       15.5600 12829354    4.42%
 107521  2035       15.5600    25       16.2800       15.5600 12846054    4.42%
 107670  2042        cutoff             16.2800       15.5600 12864617    4.42%
 107811  2039       15.5600    27       16.2800       15.5600 12882581    4.42%
Elapsed time = 2150.04 sec. (2877785.98 ticks, tree = 3.07 MB, solutions = 2)
 107975  2033    infeasible             16.2800       15.5600 12900567    4.42%
 108138  2035        cutoff             16.2800       15.5600 12917790    4.42%
 108285  2038       15.5600    35       16.2800       15.5600 12936908    4.42%
 108413  2040       15.5600    41       16.2800       15.5600 12955188    4.42%
 108566  2039       15.5600    35       16.2800       15.5600 12974538    4.42%
 108688  2043       15.5600    20       16.2800       15.5600 12991975    4.42%
 108821  2032       15.5600    33       16.2800       15.5600 13008845    4.42%
 108880  2037       15.5600    18       16.2800       15.5600 13015954    4.42%
 108991  2038    infeasible             16.2800       15.5600 13034098    4.42%
 109136  2039       15.5600    24       16.2800       15.5600 13053736    4.42%
Elapsed time = 2178.92 sec. (2917412.92 ticks, tree = 3.07 MB, solutions = 2)
 109285  2036    infeasible             16.2800       15.5600 13073175    4.42%
 109416  2042       15.5600    29       16.2800       15.5600 13091493    4.42%
 109558  2042       15.5600    28       16.2800       15.5600 13112001    4.42%
 109699  2041    infeasible             16.2800       15.5600 13132400    4.42%
 109826  2038       15.5600    31       16.2800       15.5600 13152653    4.42%
 109952  2046       15.5600    24       16.2800       15.5600 13171586    4.42%
 110107  2041       15.5600    19       16.2800       15.5600 13191943    4.42%
 110249  2043        cutoff             16.2800       15.5600 13212162    4.42%
 110383  2043       15.5600    25       16.2800       15.5600 13231577    4.42%
 110511  2044       15.5600    42       16.2800       15.5600 13249275    4.42%
Elapsed time = 2206.79 sec. (2955724.78 ticks, tree = 3.08 MB, solutions = 2)
 110629  2050       15.5600    31       16.2800       15.5600 13270082    4.42%
 110744  2049       15.5600    22       16.2800       15.5600 13287846    4.42%
 110877  2045        cutoff             16.2800       15.5600 13306471    4.42%
 110988  2049    infeasible             16.2800       15.5600 13323514    4.42%
 111103  2052    infeasible             16.2800       15.5600 13341763    4.42%
 111229  2063       15.5600    26       16.2800       15.5600 13361802    4.42%
 111359  2063       15.5600    19       16.2800       15.5600 13382246    4.42%
 111484  2066    infeasible             16.2800       15.5600 13401128    4.42%
 111616  2067    infeasible             16.2800       15.5600 13420700    4.42%
 111754  2061       15.5600    37       16.2800       15.5600 13439846    4.42%
Elapsed time = 2234.33 sec. (2994188.14 ticks, tree = 3.19 MB, solutions = 2)
 111901  2062       15.5600    32       16.2800       15.5600 13458882    4.42%
 112040  2063       15.5600    30       16.2800       15.5600 13477329    4.42%
 112190  2061       15.5600    39       16.2800       15.5600 13496293    4.42%
 112323  2063        cutoff             16.2800       15.5600 13515860    4.42%
 112440  2068        cutoff             16.2800       15.5600 13536848    4.42%
 112558  2080       15.5600    28       16.2800       15.5600 13554968    4.42%
 112701  2081       15.5600    25       16.2800       15.5600 13573987    4.42%
 112780  2078       15.5600    16       16.2800       15.5600 13587075    4.42%
 112926  2076       15.5600    28       16.2800       15.5600 13605803    4.42%
 113037  2073    infeasible             16.2800       15.5600 13623654    4.42%
Elapsed time = 2262.63 sec. (3033272.46 ticks, tree = 3.20 MB, solutions = 2)
 113178  2083    infeasible             16.2800       15.5600 13637586    4.42%
 113316  2076       15.5600    49       16.2800       15.5600 13655092    4.42%
 113434  2079       15.5600    26       16.2800       15.5600 13672898    4.42%
 113541  2076    infeasible             16.2800       15.5600 13690937    4.42%
 113661  2082       15.5600    24       16.2800       15.5600 13707996    4.42%
 113782  2075    infeasible             16.2800       15.5600 13725204    4.42%
 113913  2075       15.6573    31       16.2800       15.5600 13742835    4.42%
 114037  2077       15.5600    38       16.2800       15.5600 13760960    4.42%
 114203  2075        cutoff             16.2800       15.5600 13782129    4.42%
 114363  2084       15.5600    40       16.2800       15.5600 13799622    4.42%
Elapsed time = 2290.17 sec. (3071652.64 ticks, tree = 3.22 MB, solutions = 2)
 114539  2082       15.5600    36       16.2800       15.5600 13818759    4.42%
 114680  2083       15.5600    41       16.2800       15.5600 13834346    4.42%
 114913  2083       15.5600    33       16.2800       15.5600 13851528    4.42%
 115111  2084       15.5600    36       16.2800       15.5600 13869930    4.42%
 115234  2086       16.2600    34       16.2800       15.5600 13887997    4.42%
 115369  2095       15.5600    38       16.2800       15.5600 13908060    4.42%
 115507  2098    infeasible             16.2800       15.5600 13927812    4.42%
 115639  2107       15.5600    41       16.2800       15.5600 13945775    4.42%
 115751  2105       15.5600    48       16.2800       15.5600 13966004    4.42%
 115888  2114       15.5600    32       16.2800       15.5600 13985557    4.42%
Elapsed time = 2319.83 sec. (3113329.76 ticks, tree = 3.26 MB, solutions = 2)
 116043  2118       15.5600    27       16.2800       15.5600 14004138    4.42%
 116202  2119       15.5600    30       16.2800       15.5600 14022356    4.42%
 116379  2126       15.5600    22       16.2800       15.5600 14040265    4.42%
 116517  2112        cutoff             16.2800       15.5600 14059505    4.42%
 116646  2109       15.5600    45       16.2800       15.5600 14075197    4.42%
 116718  2118       15.5600    24       16.2800       15.5600 14086263    4.42%
 116838  2127        cutoff             16.2800       15.5600 14103860    4.42%
 116952  2136       15.5600    27       16.2800       15.5600 14122805    4.42%
 117061  2137    infeasible             16.2800       15.5600 14143372    4.42%
 117166  2137        cutoff             16.2800       15.5600 14160886    4.42%
Elapsed time = 2347.23 sec. (3151641.24 ticks, tree = 3.29 MB, solutions = 2)
 117261  2137       15.5600    35       16.2800       15.5600 14176800    4.42%
 117371  2153       15.5600    21       16.2800       15.5600 14196037    4.42%
 117472  2148       15.5600    33       16.2800       15.5600 14214327    4.42%
 117562  2149       15.5600    30       16.2800       15.5600 14229066    4.42%
 117640  2150       15.5600    28       16.2800       15.5600 14241201    4.42%
 117733  2152       15.5600    30       16.2800       15.5600 14255603    4.42%
 117821  2154        cutoff             16.2800       15.5600 14270877    4.42%
 117933  2156       15.8200    29       16.2800       15.5600 14289249    4.42%
 118046  2152    infeasible             16.2800       15.5600 14308574    4.42%
 118189  2165       15.5600    16       16.2800       15.5600 14327080    4.42%
Elapsed time = 2375.67 sec. (3190016.37 ticks, tree = 3.32 MB, solutions = 2)
 118333  2177       15.5600    36       16.2800       15.5600 14345509    4.42%
 118492  2174       15.5600    34       16.2800       15.5600 14363256    4.42%
 118660  2166       15.5600    43       16.2800       15.5600 14379921    4.42%
 118819  2178       15.5600    37       16.2800       15.5600 14394508    4.42%
 118880  2185       15.5600    27       16.2800       15.5600 14402671    4.42%
 119012  2189       15.5600    30       16.2800       15.5600 14420915    4.42%
 119154  2189       15.5600    36       16.2800       15.5600 14440866    4.42%
 119283  2192    infeasible             16.2800       15.5600 14459358    4.42%
 119410  2192       15.5600    22       16.2800       15.5600 14476857    4.42%
 119541  2193       15.5600    22       16.2800       15.5600 14496417    4.42%
Elapsed time = 2405.84 sec. (3230754.28 ticks, tree = 3.36 MB, solutions = 2)
 119663  2189       15.5600    35       16.2800       15.5600 14514072    4.42%
 119816  2188    infeasible             16.2800       15.5600 14532898    4.42%
 119963  2193       15.5600    23       16.2800       15.5600 14551059    4.42%
 120116  2187       15.5600    28       16.2800       15.5600 14567461    4.42%
 120294  2216       15.5600    32       16.2800       15.5600 14583398    4.42%
 120478  2235       15.5600    22       16.2800       15.5600 14599679    4.42%
 120653  2225    infeasible             16.2800       15.5600 14615220    4.42%
 120772  2231    infeasible             16.2800       15.5600 14629094    4.42%
 120902  2227       15.5600    22       16.2800       15.5600 14645886    4.42%
 121058  2231    infeasible             16.2800       15.5600 14664520    4.42%
Elapsed time = 2433.56 sec. (3269049.85 ticks, tree = 3.41 MB, solutions = 2)
 121202  2227    infeasible             16.2800       15.5600 14681270    4.42%
 121328  2233       15.5600    13       16.2800       15.5600 14694524    4.42%
 121426  2231    infeasible             16.2800       15.5600 14703741    4.42%
 121519  2227       15.5600    28       16.2800       15.5600 14715981    4.42%
 121608  2229        cutoff             16.2800       15.5600 14725271    4.42%
 121769  2229       15.5600    21       16.2800       15.5600 14739621    4.42%
 121907  2240       15.5600    31       16.2800       15.5600 14755489    4.42%
 122043  2237        cutoff             16.2800       15.5600 14774772    4.42%
 122177  2245    infeasible             16.2800       15.5600 14793554    4.42%
 122315  2241       15.5600    37       16.2800       15.5600 14811242    4.42%
Elapsed time = 2461.02 sec. (3307386.89 ticks, tree = 3.43 MB, solutions = 2)
 122440  2242       15.5600    40       16.2800       15.5600 14829035    4.42%
 122569  2237       15.5600    36       16.2800       15.5600 14846632    4.42%
 122704  2236    infeasible             16.2800       15.5600 14865671    4.42%
 122870  2245       15.5600    29       16.2800       15.5600 14883608    4.42%
 123027  2243       15.5600    39       16.2800       15.5600 14902163    4.42%
 123169  2246       15.5600    34       16.2800       15.5600 14920881    4.42%
 123305  2247       15.5600    31       16.2800       15.5600 14937299    4.42%
 123445  2243        cutoff             16.2800       15.5600 14955076    4.42%
 123599  2251       15.5600    31       16.2800       15.5600 14974676    4.42%
 123752  2251       15.5600    33       16.2800       15.5600 14994069    4.42%
Elapsed time = 2488.80 sec. (3345701.85 ticks, tree = 3.44 MB, solutions = 2)
 123895  2245       15.5600    37       16.2800       15.5600 15014892    4.42%
 124031  2245       15.5600    35       16.2800       15.5600 15034372    4.42%
 124174  2258       15.5600    34       16.2800       15.5600 15052962    4.42%
 124315  2259    infeasible             16.2800       15.5600 15071750    4.42%
 124463  2261       15.5600    23       16.2800       15.5600 15088745    4.42%
 124484  2262       15.5600    37       16.2800       15.5600 15090591    4.42%
 124652  2274       15.5600    22       16.2800       15.5600 15104897    4.42%
 124817  2271       16.1629    25       16.2800       15.5600 15119790    4.42%
 124945  2270    infeasible             16.2800       15.5600 15135316    4.42%
 125082  2289        cutoff             16.2800       15.5600 15152348    4.42%
Elapsed time = 2516.91 sec. (3384067.06 ticks, tree = 3.49 MB, solutions = 2)
 125214  2289       15.5600    42       16.2800       15.5600 15169512    4.42%
 125361  2289    infeasible             16.2800       15.5600 15186615    4.42%
 125517  2304       15.5600    12       16.2800       15.5600 15201439    4.42%
 125701  2301    infeasible             16.2800       15.5600 15218426    4.42%
 125922  2306       15.5600    19       16.2800       15.5600 15233597    4.42%
 126125  2301        cutoff             16.2800       15.5600 15249630    4.42%
 126320  2296    infeasible             16.2800       15.5600 15266557    4.42%
 126502  2298    infeasible             16.2800       15.5600 15282036    4.42%
 126678  2309       15.5600    31       16.2800       15.5600 15296542    4.42%
 126865  2305       15.5600    39       16.2800       15.5600 15311452    4.42%
Elapsed time = 2545.56 sec. (3422364.55 ticks, tree = 3.51 MB, solutions = 2)
 127019  2307       15.5600    31       16.2800       15.5600 15327837    4.42%
 127161  2308    infeasible             16.2800       15.5600 15345367    4.42%
 127321  2312       15.5600    29       16.2800       15.5600 15364831    4.42%
 127479  2306       15.5600    38       16.2800       15.5600 15383838    4.42%
 127615  2304    infeasible             16.2800       15.5600 15402714    4.42%
 127867  2309       15.5600    21       16.2800       15.5600 15418950    4.42%
 128071  2301    infeasible             16.2800       15.5600 15435094    4.42%
 128237  2307       15.5600    25       16.2800       15.5600 15451686    4.42%
 128402  2310       15.5600    29       16.2800       15.5600 15466980    4.42%
 128585  2314       15.5600    17       16.2800       15.5600 15481814    4.42%
Elapsed time = 2573.87 sec. (3460733.20 ticks, tree = 3.53 MB, solutions = 2)
 128722  2307       15.5600    30       16.2800       15.5600 15497916    4.42%
 128859  2316       15.5600    34       16.2800       15.5600 15514942    4.42%
 129029  2322    infeasible             16.2800       15.5600 15532641    4.42%
 129179  2326       15.5600    33       16.2800       15.5600 15551095    4.42%
 129303  2322    infeasible             16.2800       15.5600 15570440    4.42%
 129380  2329       15.5600    31       16.2800       15.5600 15580012    4.42%
 129514  2330    infeasible             16.2800       15.5600 15596761    4.42%
 129619  2341       15.5600    33       16.2800       15.5600 15614053    4.42%
 129732  2338       15.5600    27       16.2800       15.5600 15632581    4.42%
 129856  2342       15.5600    25       16.2800       15.5600 15652126    4.42%
Elapsed time = 2601.63 sec. (3500068.18 ticks, tree = 3.57 MB, solutions = 2)
 129975  2340       15.5600    39       16.2800       15.5600 15671095    4.42%
 130117  2343        cutoff             16.2800       15.5600 15690353    4.42%
 130248  2342        cutoff             16.2800       15.5600 15710892    4.42%
 130377  2342    infeasible             16.2800       15.5600 15730283    4.42%
 130561  2341    infeasible             16.2800       15.5600 15747581    4.42%
 130691  2351       15.5600    27       16.2800       15.5600 15764822    4.42%
 130802  2358        cutoff             16.2800       15.5600 15782492    4.42%
 130932  2362       15.5600    17       16.2800       15.5600 15801378    4.42%
 131092  2357    infeasible             16.2800       15.5600 15819639    4.42%
 131212  2359       15.5600    12       16.2800       15.5600 15837360    4.42%
Elapsed time = 2628.88 sec. (3538414.97 ticks, tree = 3.59 MB, solutions = 2)
 131360  2358    infeasible             16.2800       15.5600 15853939    4.42%
 131470  2356       15.5600    41       16.2800       15.5600 15868884    4.42%
 131600  2358       15.5600    32       16.2800       15.5600 15885606    4.42%
 131730  2358       15.5600    30       16.2800       15.5600 15902749    4.42%
 131848  2353        cutoff             16.2800       15.5600 15919718    4.42%
 131973  2355       15.5600    30       16.2800       15.5600 15936118    4.42%
 132085  2372        cutoff             16.2800       15.5600 15949580    4.42%
 132206  2373       15.5600    17       16.2800       15.5600 15966997    4.42%
 132326  2375       15.5600    22       16.2800       15.5600 15985238    4.42%
 132449  2380       15.5600    34       16.2800       15.5600 16003989    4.42%
Elapsed time = 2655.92 sec. (3576793.15 ticks, tree = 3.62 MB, solutions = 2)
 132480  2382       16.2027    14       16.2800       15.5600 16008731    4.42%
 132596  2382        cutoff             16.2800       15.5600 16027816    4.42%
 132698  2385    infeasible             16.2800       15.5600 16044065    4.42%
 132808  2381       15.5600    27       16.2800       15.5600 16062022    4.42%
 132925  2382       15.5600    22       16.2800       15.5600 16079001    4.42%
 133031  2385       15.5600    22       16.2800       15.5600 16098259    4.42%
 133143  2381       15.5600    41       16.2800       15.5600 16118115    4.42%
 133275  2383        cutoff             16.2800       15.5600 16133692    4.42%
 133428  2382       15.5600    31       16.2800       15.5600 16149551    4.42%
 133940  2397       15.5600    26       16.2800       15.5600 16218042    4.42%
Elapsed time = 2692.27 sec. (3627587.76 ticks, tree = 3.64 MB, solutions = 2)
 134349  2393    infeasible             16.2800       15.5600 16282326    4.42%
 134798  2398       15.5600    17       16.2800       15.5600 16351316    4.42%
 135287  2407       15.5600    43       16.2800       15.5600 16417622    4.42%
 135798  2419        cutoff             16.2800       15.5600 16485736    4.42%
 136175  2437       15.5600    35       16.2800       15.5600 16537778    4.42%
 136725  2481       15.5600    35       16.2800       15.5600 16608200    4.42%
 137220  2505       15.5600    15       16.2800       15.5600 16680774    4.42%
 137784  2516       15.5600    33       16.2800       15.5600 16752241    4.42%
 138526  2511       15.5600    17       16.2800       15.5600 16819527    4.42%
 139089  2508    infeasible             16.2800       15.5600 16892434    4.42%
Elapsed time = 2800.81 sec. (3780360.37 ticks, tree = 3.79 MB, solutions = 2)
 139681  2561        cutoff             16.2800       15.5600 16959617    4.42%
 140169  2570       15.5600    32       16.2800       15.5600 17029281    4.42%
 140673  2576       15.5600    10       16.2800       15.5600 17098561    4.42%
 141236  2577    infeasible             16.2800       15.5600 17145955    4.42%
 141818  2583       15.5600    11       16.2800       15.5600 17214132    4.42%
 142388  2583        cutoff             16.2800       15.5600 17284366    4.42%
 142912  2590       15.5600    27       16.2800       15.5600 17354761    4.42%
 143506  2595       15.5600    34       16.2800       15.5600 17425648    4.42%
 144043  2605       15.8200    40       16.2800       15.5600 17491817    4.42%
 144543  2608       15.5600    32       16.2800       15.5600 17561523    4.42%
Elapsed time = 2910.21 sec. (3933133.22 ticks, tree = 3.93 MB, solutions = 2)
 145062  2640        cutoff             16.2800       15.5600 17630511    4.42%
 145580  2669       15.5600    26       16.2800       15.5600 17686379    4.42%
 146200  2724       15.8529    24       16.2800       15.5600 17751961    4.42%
 146808  2772       15.5600    34       16.2800       15.5600 17820341    4.42%
 147342  2784       15.5600    27       16.2800       15.5600 17890143    4.42%
 147922  2817       15.5600    38       16.2800       15.5600 17961326    4.42%
 148518  2823       16.0721    21       16.2800       15.5600 18031098    4.42%
 149083  2834        cutoff             16.2800       15.5600 18097829    4.42%
 149725  2865       15.5600    29       16.2800       15.5600 18164402    4.42%
 150351  2861       15.5600    30       16.2800       15.5600 18233448    4.42%
Elapsed time = 3024.21 sec. (4088042.45 ticks, tree = 4.28 MB, solutions = 2)
 150868  2862       15.5600    26       16.2800       15.5600 18302553    4.42%
 151380  2899       15.8684    35       16.2800       15.5600 18363679    4.42%
 152012  2933       15.5600    24       16.2800       15.5600 18425756    4.42%
 152667  2944       15.5600    38       16.2800       15.5600 18487216    4.42%
 153300  2997    infeasible             16.2800       15.5600 18554679    4.42%
 153909  3022    infeasible             16.2800       15.5600 18624503    4.42%
 154494  3061       15.5600    35       16.2800       15.5600 18692442    4.42%
 155073  3076       15.5600    33       16.2800       15.5600 18758960    4.42%
 155664  3096        cutoff             16.2800       15.5600 18827756    4.42%
 156053  3114    infeasible             16.2800       15.5600 18872625    4.42%
Elapsed time = 3138.16 sec. (4243067.62 ticks, tree = 4.63 MB, solutions = 2)
 156600  3106       15.5600    39       16.2800       15.5600 18936711    4.42%
 157069  3116       15.5600    41       16.2800       15.5600 19000486    4.42%
 157744  3155        cutoff             16.2800       15.5600 19066050    4.42%
 158377  3196       15.5600    29       16.2800       15.5600 19136041    4.42%
 158982  3235       15.5600    36       16.2800       15.5600 19202649    4.42%
 159516  3226       15.5600    43       16.2800       15.5600 19270867    4.42%
 160102  3236    infeasible             16.2800       15.5600 19336086    4.42%
 160861  3238       15.5600    18       16.2800       15.5600 19397853    4.42%
 161503  3240    infeasible             16.2800       15.5600 19469589    4.42%
 162080  3260       15.5600    30       16.2800       15.5600 19531441    4.42%
Elapsed time = 3250.12 sec. (4397829.35 ticks, tree = 4.83 MB, solutions = 2)
 162595  3286       15.5600    28       16.2800       15.5600 19593474    4.42%
 163065  3298       15.5600    29       16.2800       15.5600 19659205    4.42%
 163380  3318       15.5600    24       16.2800       15.5600 19705126    4.42%
 163805  3333       15.5600    28       16.2800       15.5600 19758832    4.42%
*163980+    0                           15.5600       15.5600             0.00%

GUB cover cuts applied:  15
Clique cuts applied:  32
Cover cuts applied:  1591
Implied bound cuts applied:  5
Flow cuts applied:  18
Mixed integer rounding cuts applied:  149
Zero-half cuts applied:  4
Gomory fractional cuts applied:  5

Root node processing (before b&c):
  Real time             =    2.83 sec. (3193.54 ticks)
Sequential b&c:
  Real time             = 3297.31 sec. (4464911.25 ticks)
                          ------------
Total (root+branch&cut) = 3300.15 sec. (4468104.79 ticks)
