Version identifier: 22.1.0.0 | 2022-03-09 | 1a383f8ce
CPXPARAM_Read_DataCheck                          1
CPXPARAM_Threads                                 1
CPXPARAM_TimeLimit                               3600
Tried aggregator 2 times.
MIP Presolve eliminated 9364 rows and 1987 columns.
MIP Presolve modified 105858 coefficients.
Aggregator did 818 substitutions.
Reduced MIP has 24814 rows, 2085 columns, and 196855 nonzeros.
Reduced MIP has 1663 binaries, 0 generals, 0 SOSs, and 0 indicators.
Presolve time = 0.34 sec. (326.80 ticks)
Probing fixed 0 vars, tightened 1 bounds.
Probing time = 0.02 sec. (17.41 ticks)
Tried aggregator 1 time.
Detecting symmetries...
MIP Presolve modified 65 coefficients.
Reduced MIP has 24814 rows, 2085 columns, and 196855 nonzeros.
Reduced MIP has 1663 binaries, 0 generals, 0 SOSs, and 0 indicators.
Presolve time = 0.11 sec. (82.40 ticks)
Probing time = 0.01 sec. (11.13 ticks)
Clique table members: 4114.
MIP emphasis: balance optimality and feasibility.
MIP search method: dynamic search.
Parallel mode: none, using 1 thread.
Root relaxation solution time = 0.08 sec. (103.54 ticks)

        Nodes                                         Cuts/
   Node  Left     Objective  IInf  Best Integer    Best Bound    ItCnt     Gap

      0     0       43.4900   269                     43.4900      641         
      0     0       43.4900   230                   Cuts: 873     1054         
      0     0       43.4900   219                  Cuts: 3254     1479         
      0     0       43.4900   197                  Cuts: 1277     1753         
      0     0       43.4900   186                  Cuts: 1970     1990         
      0     0       43.4900   189                  Cuts: 1662     2287         
Detecting symmetries...
      0     0       43.4900   128                   Cuts: 533     2702         
      0     0       43.4900   154                  Cuts: 1281     3041         
Detecting symmetries...
      0     2       43.4900    89                     43.4900     3041         
Elapsed time = 18.67 sec. (20769.87 ticks, tree = 0.01 MB, solutions = 0)
      1     3       43.4900   135                     43.4900     3716         
      3     5       44.8600   105                     43.4900     4197         
      9    11       43.4900    94                     43.4900     4616         
     14    16       43.4900    96                     43.4900     4981         
     17    19       46.3900   114                     43.4900     5568         
     20    22       43.4900    83                     43.4900     5882         
     26    28       43.4900   107                     43.4900     6391         
     33    35       43.9300   127                     43.4900     7066         
     39    41       43.6900   119                     43.4900     7570         
     56    54       43.4900    90                     43.4900     9340         
Elapsed time = 21.96 sec. (25899.12 ticks, tree = 0.98 MB, solutions = 0)
     60    58       43.4900    86                     43.4900     9658         
     78    72       43.4900    89                     43.4900    11661         
     98    88       43.6900    73                     43.4900    13423         
    104    94       44.9459   114                     43.4900    14394         
    129   116       43.4900    82                     43.4900    17762         
    155   141       46.9697   141                     43.4900    21197         
    177   161       43.4900    66                     43.4900    23660         
    197   173       43.4900    88                     43.4900    26019         
    225   194       43.4900    65                     43.4900    28769         
    246   209       43.8100    57                     43.4900    31463         
Elapsed time = 28.43 sec. (36519.83 ticks, tree = 6.43 MB, solutions = 0)
    260   220       43.4900    56                     43.4900    33216         
    275   231       47.3000    47                     43.4900    35517         
    290   242       46.0281    42                     43.4900    37626         
    304   247       44.4994    49                     43.4900    39810         
    323   258       45.1500    43                     43.4900    41647         
    332   263       45.1500    37                     43.4900    43847         
    335   266       45.2281    38                     43.4900    44745         
    345   270       49.3822    28                     43.4900    46598         
    371   281    infeasible                           43.4900    48874         
    413   299       43.4900    40                     43.4900    50972         
Elapsed time = 35.99 sec. (47561.88 ticks, tree = 7.18 MB, solutions = 0)
    426   309       43.7112    44                     43.4900    53617         
    432   314       44.3572    44                     43.4900    54668         
    443   318       47.0800    32                     43.4900    57486         
    455   326       47.0800    26                     43.4900    60009         
    463   330       44.5590    54                     43.4900    62878         
    498   355       49.0006    32                     43.4900    64648         
    505   356       43.4900    61                     43.4900    66629         
    507   358       43.4900    60                     43.4900    67670         
    519   368       43.4900    43                     43.4900    70496         
    529   372    infeasible                           43.4900    72261         
Elapsed time = 44.10 sec. (58580.35 ticks, tree = 7.66 MB, solutions = 0)
    547   379       45.9330    40                     43.4900    74929         
    559   389       45.9330    38                     43.4900    77740         
    561   389    infeasible                           43.4900    78282         
    569   390    infeasible                           43.4900    80572         
    577   393       45.9330    41                     43.4900    82725         
    586   400       48.8320    29                     43.4900    84241         
    596   402    infeasible                           43.4900    87133         
    605   410       45.9300    45                     43.4900    89511         
    626   420    infeasible                           43.4900    91397         
    631   421    infeasible                           43.4900    94053         
Elapsed time = 50.69 sec. (68859.69 ticks, tree = 9.60 MB, solutions = 0)
    634   422       50.2800    32                     43.4900    96165         
    640   426       50.2800    27                     43.4900    97917         
    647   425       43.4900    47                     43.4900   100826         
    658   434       49.2700    44                     43.4900   102648         
    661   433    infeasible                           43.4900   104261         
    667   437       49.2700    39                     43.4900   106467         
    681   443       54.2700    21                     43.4900   109054         
    687   445       45.9600    43                     43.4900   111184         
    701   455       43.6900    50                     43.4900   113579         
    711   464       47.5000    49                     43.4900   115801         
Elapsed time = 58.65 sec. (79942.65 ticks, tree = 10.54 MB, solutions = 0)
    722   475       48.2100    41                     43.4900   118385         
    730   480       51.5743    32                     43.4900   120475         
    752   494    infeasible                           43.4900   122412         
    768   506       47.4997    53                     43.4900   124410         
    776   514       46.2500    44                     43.4900   125617         
    783   521       47.6915    51                     43.4900   128171         
    791   525       49.2555    40                     43.4900   130434         
    801   530       50.5800    27                     43.4900   131983         
    815   540       50.5800    25                     43.4900   134536         
    849   561       53.0500    16                     43.4900   136731         
Elapsed time = 65.37 sec. (90703.44 ticks, tree = 16.18 MB, solutions = 0)
    866   569       47.8100    43                     43.4900   139724         
    871   572       49.3160    40                     43.4900   141641         
    880   580       52.4200    38                     43.4900   144028         
    891   585    infeasible                           43.4900   146400         
    898   588       47.8100    38                     43.4900   149451         
    904   592    infeasible                           43.4900   152286         
    918   601       43.6800    55                     43.4900   154239         
    925   606       46.1302    55                     43.4900   156487         
    941   622       46.3302    55                     43.4900   159392         
    946   625       43.9828    64                     43.4900   161227         
Elapsed time = 73.30 sec. (102047.28 ticks, tree = 16.62 MB, solutions = 0)
    957   632       47.8000    46                     43.4900   163836         
    960   635       47.8000    42                     43.4900   165036         
    969   635       49.4866    35                     43.4900   167656         
    983   639       46.2500    53                     43.4900   170110         
    988   644       46.2512    47                     43.4900   172112         
    999   647       43.8800    58                     43.4900   175575         
   1001   649       43.8800    55                     43.4900   176400         
   1013   659    infeasible                           43.4900   179189         
   1025   669       43.4900    55                     43.4900   182159         

Performing restart 1

Repeating presolve.
Tried aggregator 1 time.
MIP Presolve eliminated 22 rows and 2 columns.
MIP Presolve modified 68 coefficients.
Reduced MIP has 24792 rows, 2083 columns, and 196628 nonzeros.
Reduced MIP has 1661 binaries, 0 generals, 0 SOSs, and 0 indicators.
Presolve time = 0.06 sec. (65.84 ticks)
Tried aggregator 1 time.
MIP Presolve modified 68 coefficients.
Reduced MIP has 24792 rows, 2083 columns, and 196628 nonzeros.
Reduced MIP has 1661 binaries, 0 generals, 0 SOSs, and 0 indicators.
Presolve time = 0.11 sec. (83.90 ticks)
Represolve time = 0.35 sec. (320.13 ticks)
   1026     0       43.4900    76                    Cuts: 78   183232         
   1026     0       43.4900   148                  Cuts: 1902   183607         
   1026     0       43.4900   132                   Cuts: 234   183973         
   1026     0       43.4900   156                  Cuts: 2249   184321         
   1026     0       43.4900   126                   Cuts: 154   184675         
   1026     0       43.4900   141                  Cuts: 2896   184997         
   1026     0       43.4900   168                   Cuts: 356   185465         
   1026     2       43.4900    82                     43.4900   185465         
Elapsed time = 102.85 sec. (137876.50 ticks, tree = 0.01 MB, solutions = 0)
   1027     3       43.4900   105                     43.4900   185771         
   1029     5       43.4900   119                     43.4900   186206         
   1031     7       43.4900   100                     43.4900   186423         
   1034     8       43.4900   105                     43.4900   186505         
   1036    10       43.4900   100                     43.4900   186532         
   1039    13       43.4900   100                     43.4900   186884         
   1042    15       43.4900    92                     43.4900   186919         
   1044    16       43.4900   121                     43.4900   187323         
   1049    20       43.4900   108                     43.4900   187373         
   1063    32       44.4400   106                     43.4900   188580         
Elapsed time = 111.22 sec. (152516.61 ticks, tree = 1.83 MB, solutions = 0)
   1093    59       44.6300    83                     43.4900   191238         
   1112    78       44.6300    75                     43.4900   193150         
   1130    93       46.1500    60                     43.4900   196246         
   1161   113       43.4900   136                     43.4900   200091         
   1188   140       43.6800    80                     43.4900   202685         
   1211   163       43.6800    81                     43.4900   205155         
   1246   196       43.6800    47                     43.4900   208471         
   1272   220       43.6800    53                     43.4900   212779         
   1293   229       52.7800    27                     43.4900   218291         
   1326   250       43.4900    83                     43.4900   222131         
Elapsed time = 140.52 sec. (193778.91 ticks, tree = 8.91 MB, solutions = 0)
   1370   294       43.4900    74                     43.4900   225140         
   1382   302       48.5890    59                     43.4900   228650         
   1410   319       43.4900    53                     43.4900   232993         
   1435   344       43.4900    61                     43.4900   236197         
   1458   363       45.8400    53                     43.4900   241074         
   1469   369       46.5802    43                     43.4900   245200         
   1489   379       50.4500    30                     43.4900   250536         
   1505   386       46.4601    44                     43.4900   255897         
   1531   399       43.5367    53                     43.4900   261340         
   1562   421       47.3000    44                     43.4900   268272         
Elapsed time = 168.40 sec. (233600.69 ticks, tree = 22.64 MB, solutions = 0)
   1595   444       46.0847    47                     43.4900   274848         
   1606   455       47.3000    39                     43.4900   279915         
   1631   468       43.4900    51                     43.4900   285916         
   1667   494       47.4000    44                     43.4900   291144         
   1685   505       45.9300    55                     43.4900   296317         
   1703   517       47.4900    47                     43.4900   302318         
   1724   530       47.3000    47                     43.4900   308093         
   1745   539       46.1043    55                     43.4900   314004         
   1760   543       45.9300    59                     43.4900   317623         
   1782   554       47.4900    51                     43.4900   324594         
Elapsed time = 197.46 sec. (275352.35 ticks, tree = 23.92 MB, solutions = 0)
   1817   574       54.1100    40                     43.4900   330763         
   1853   591       44.6371    58                     43.4900   335596         
   1874   602       43.7149    58                     43.4900   342693         
   1894   611       47.6837    52                     43.4900   348815         
   1929   611       44.8600    59                     43.4900   355685         
   1952   624       43.4900    58                     43.4900   361713         
   1977   633       43.4900    62                     43.4900   366791         
   1996   637    infeasible                           43.4900   372889         
   2017   640       43.4900    57                     43.4900   377856         
   2036   649       47.3000    55                     43.4900   383532         
Elapsed time = 225.46 sec. (315840.12 ticks, tree = 23.72 MB, solutions = 0)

Performing restart 2

Repeating presolve.
Tried aggregator 1 time.
MIP Presolve eliminated 1 rows and 0 columns.
MIP Presolve modified 49 coefficients.
Reduced MIP has 24791 rows, 2083 columns, and 203577 nonzeros.
Reduced MIP has 1661 binaries, 0 generals, 0 SOSs, and 0 indicators.
Presolve time = 0.12 sec. (109.60 ticks)
Tried aggregator 1 time.
Reduced MIP has 24791 rows, 2083 columns, and 203577 nonzeros.
Reduced MIP has 1661 binaries, 0 generals, 0 SOSs, and 0 indicators.
Presolve time = 0.12 sec. (87.81 ticks)
Represolve time = 0.47 sec. (369.54 ticks)
   2052     0       43.4900   121                   Cuts: 336   389454         
   2052     0       43.4900   164                  Cuts: 3691   389891         
   2052     0       43.4900   131                   Cuts: 214   390206         
   2052     0       43.4900   155                  Cuts: 3146   390547         
   2052     0       43.4900   122                   Cuts: 180   390803         
   2052     0       43.4900   148                  Cuts: 3680   391151         
   2052     0       43.4900   130                   Cuts: 186   391466         
   2052     0       43.4900   148                  Cuts: 2219   391870         
   2052     0       43.4900   133                   Cuts: 260   392237         
   2052     0       43.4900   149                  Cuts: 2778   392675         
   2052     0       43.4900   137                   Cuts: 578   393118         
   2052     0       43.4900   150                  Cuts: 2708   393443         
   2052     2       43.4900    82                     43.4900   393443         
   2057     7       43.4900   118                     43.4900   394703         
   2069    19       43.4900    93                     43.4900   395090         
   2081    31       43.8100    89                     43.4900   396080         
   2092    42       46.4400    94                     43.4900   397539         
   2100    50       47.9100    93                     43.4900   399228         
   2110    60       44.0000    78                     43.4900   400519         
   2125    75       44.0000    66                     43.4900   402156         
   2136    86       44.0000    65                     43.4900   402895         
   2146    96       44.0000    55                     43.4900   404763         
Elapsed time = 321.86 sec. (447552.29 ticks, tree = 9.08 MB, solutions = 0)
   2158   108       44.0000    54                     43.4900   407029         
   2171   117       43.4900    85                     43.4900   408683         
   2186   132       43.4900    72                     43.4900   409442         
   2192   138       43.4900    67                     43.4900   410120         
   2209   155       43.4900    52                     43.4900   411576         
   2220   164       43.4900    51                     43.4900   412664         
   2241   184       43.4900    41                     43.4900   414501         
   2261   201       46.0300    42                     43.4900   416564         
   2275   206       43.5900    34                     43.4900   419389         
   2292   214       43.4900    34                     43.4900   422261         
Elapsed time = 346.89 sec. (487678.81 ticks, tree = 28.66 MB, solutions = 0)
   2310   216       43.4900    47                     43.4900   424845         
   2332   221       43.5818    51                     43.4900   427394         
   2357   231       48.1200    42                     43.4900   430107         
   2371   232       47.7200    55                     43.4900   433119         
   2384   241       43.4900    48                     43.4900   435269         
   2399   250       43.4900    47                     43.4900   438474         
   2412   254       47.6200    58                     43.4900   442675         
   2431   265    infeasible                           43.4900   445643         
   2447   271       43.5234    48                     43.4900   448633         
   2466   281       44.9354    47                     43.4900   451583         
Elapsed time = 375.81 sec. (527056.12 ticks, tree = 41.05 MB, solutions = 0)
   2490   293       43.4900    48                     43.4900   454945         
   2507   296       43.4900    45                     43.4900   458084         
   2524   299       44.9400    55                     43.4900   461610         
   2541   304       43.4900    50                     43.4900   464404         
   2561   310       43.4900    48                     43.4900   467311         
   2583   316       43.4900    46                     43.4900   470546         
   2597   322       49.4900    39                     43.4900   474988         
   2613   321       43.4900    59                     43.4900   478974         
   2634   326       43.5340    53                     43.4900   482021         
   2654   334       43.5535    51                     43.4900   485260         
Elapsed time = 406.69 sec. (567435.08 ticks, tree = 50.34 MB, solutions = 0)
   2678   342       43.7170    41                     43.4900   489420         
   2696   346       43.5402    59                     43.4900   494119         
   2716   350       47.3153    49                     43.4900   498814         
   2737   359       43.4900    56                     43.4900   503424         
   2753   367    infeasible                           43.4900   509251         
   2773   384       45.6700    56                     43.4900   511799         
   2806   405       43.4900    47                     43.4900   515667         
   2839   429       45.7000    31                     43.4900   518710         
   2866   444    infeasible                           43.4900   522182         
   2892   457       43.5032    54                     43.4900   525436         
Elapsed time = 435.69 sec. (607000.67 ticks, tree = 67.11 MB, solutions = 0)
   2918   465       43.7093    66                     43.4900   529176         
   2942   477       43.4900    55                     43.4900   533052         
   2961   483       43.4900    50                     43.4900   535426         
   2980   492       43.7037    49                     43.4900   538649         
   3010   501       43.4900    52                     43.4900   541766         
   3038   510       44.9347    51                     43.4900   545367         
   3059   523       47.7200    53                     43.4900   548937         
   3079   527       43.7037    50                     43.4900   552726         
   3108   536       43.7718    49                     43.4900   556830         
   3141   551    infeasible                           43.4900   559550         
Elapsed time = 464.98 sec. (646502.88 ticks, tree = 81.71 MB, solutions = 0)
   3167   558    infeasible                           43.4900   562509         
   3199   563       43.4900    52                     43.4900   565497         
   3223   572       43.5083    56                     43.4900   568439         
   3246   579    infeasible                           43.4900   571957         
   3266   582       46.7803    50                     43.4900   574842         
   3296   606       47.3546    44                     43.4900   577380         
   3323   622    infeasible                           43.4900   581102         
   3346   638    infeasible                           43.4900   583709         
   3366   652       45.9171    65                     43.4900   586648         
   3400   673       44.3770    53                     43.4900   590534         
Elapsed time = 492.31 sec. (685824.71 ticks, tree = 105.29 MB, solutions = 0)
   3440   696       48.7800    43                     43.4900   593870         
   3460   711       43.5900    50                     43.4900   596651         
   3487   718       45.6882    48                     43.4900   599660         
   3511   720       46.5918    63                     43.4900   603705         
   3529   730       43.4900    47                     43.4900   606312         
   3552   732       43.6056    52                     43.4900   610323         
   3587   745    infeasible                           43.4900   614011         
   3631   772       43.4900    56                     43.4900   617222         
   3656   783       43.6507    52                     43.4900   620793         
   3675   787       43.7106    44                     43.4900   624508         
Elapsed time = 520.84 sec. (725680.79 ticks, tree = 127.14 MB, solutions = 0)
   3705   798       43.6730    46                     43.4900   627876         
   3739   812       43.5780    58                     43.4900   631584         
   3776   830       43.5780    51                     43.4900   634812         
   3805   849       43.8258    52                     43.4900   637708         
   3842   866       47.4100    46                     43.4900   641270         
   3872   878       43.4900    65                     43.4900   644596         
   3913   904       43.6507    53                     43.4900   647987         
   3942   909       43.7291    51                     43.4900   651386         
   3972   923       47.4000    59                     43.4900   654422         
   3995   934       43.5382    49                     43.4900   657918         
Elapsed time = 549.43 sec. (765738.44 ticks, tree = 155.37 MB, solutions = 0)
   4024   933       45.9300    53                     43.4900   661166         
   4055   952       43.5679    61                     43.4900   664656         
   4082   962       43.5522    52                     43.4900   667453         
   4109   969       43.4900    52                     43.4900   671011         
   4127   971       47.3898    50                     43.4900   674118         
   4161   996       44.0956    63                     43.4900   677220         
   4190  1015       43.6507    57                     43.4900   679779         
   4210  1017       45.9300    58                     43.4900   682706         
   4238  1041       43.6266    57                     43.4900   685248         
   4262  1050    infeasible                           43.4900   688171         
Elapsed time = 578.13 sec. (805171.23 ticks, tree = 178.05 MB, solutions = 0)
   4307  1063       43.4900    59                     43.4900   691629         
   4336  1075    infeasible                           43.4900   694254         
   4359  1088       43.5645    56                     43.4900   697444         
   4389  1103       43.4900    64                     43.4900   700960         
   4415  1112       43.5043    54                     43.4900   703603         
   4441  1122       47.6000    48                     43.4900   707048         
   4461  1127    infeasible                           43.4900   710794         
   4488  1140       43.4920    57                     43.4900   714819         
   4514  1151       43.4900    60                     43.4900   718179         
   4530  1162       47.6000    58                     43.4900   721365         
Elapsed time = 606.64 sec. (844918.66 ticks, tree = 197.83 MB, solutions = 0)
   4561  1183       43.5494    63                     43.4900   724282         
   4596  1195       43.4900    54                     43.4900   727535         
   4627  1198    infeasible                           43.4900   731974         
   4650  1206       44.6360    49                     43.4900   735047         
   4677  1213       43.5507    59                     43.4900   738644         
   4705  1224    infeasible                           43.4900   741769         
   4726  1235       43.5700    56                     43.4900   744657         
   4752  1241       43.4900    56                     43.4900   747761         
   4775  1253       43.4922    59                     43.4900   750921         
   4804  1267       43.4925    59                     43.4900   753905         
Elapsed time = 634.92 sec. (883895.12 ticks, tree = 210.57 MB, solutions = 0)
   4825  1274       47.9100    61                     43.4900   757331         
   4841  1290       43.5252    57                     43.4900   760133         
   4872  1301       43.6900    53                     43.4900   763189         
   4898  1310       43.4900    60                     43.4900   766632         
   4908  1320       43.5515    41                     43.4900   769603         
   4935  1335       43.5822    48                     43.4900   772796         
   4962  1340       43.5645    51                     43.4900   776859         
   4984  1343    infeasible                           43.4900   781250         
   5004  1345       43.4939    50                     43.4900   785626         
   5027  1350       43.5765    58                     43.4900   790525         
Elapsed time = 664.86 sec. (923153.50 ticks, tree = 226.25 MB, solutions = 0)
   5058  1368    infeasible                           43.4900   794401         
   5071  1371       43.4900    56                     43.4900   797242         
   5088  1376    infeasible                           43.4900   800993         
   5112  1385       43.5101    61                     43.4900   803977         
   5132  1390       43.4900    62                     43.4900   807016         
   5153  1399       43.5010    60                     43.4900   809593         
   5176  1410    infeasible                           43.4900   813208         
   5206  1414       47.3000    64                     43.4900   816218         
   5232  1438       47.3000    52                     43.4900   819139         
   5257  1447    infeasible                           43.4900   822123         
Elapsed time = 692.55 sec. (962296.35 ticks, tree = 241.63 MB, solutions = 0)
   5274  1456       43.5441    59                     43.4900   824538         
   5298  1465       43.6288    66                     43.4900   827779         
   5321  1470    infeasible                           43.4900   831875         
   5335  1473    infeasible                           43.4900   835749         
   5362  1482       43.4900    74                     43.4900   839420         
   5383  1495       43.6475    56                     43.4900   842289         
   5417  1510       43.4947    66                     43.4900   845903         
   5442  1521       45.5743    67                     43.4900   849087         
   5468  1535       45.2731    68                     43.4900   852665         
   5496  1551       43.5037    61                     43.4900   856239         
Elapsed time = 721.14 sec. (1001885.49 ticks, tree = 257.03 MB, solutions = 0)
   5524  1562       44.9354    59                     43.4900   859906         
   5552  1570       43.4900    56                     43.4900   863345         
   5577  1579       43.5520    59                     43.4900   866637         
   5622  1605       45.9570    60                     43.4900   870086         
   5652  1611       43.4900    54                     43.4900   873186         
   5679  1614       43.4900    57                     43.4900   876921         
   5711  1629       43.5425    56                     43.4900   879985         
   5740  1640       43.4900    58                     43.4900   883226         
   5784  1664       43.6073    54                     43.4900   886510         
   5822  1677       43.4925    54                     43.4900   890705         
Elapsed time = 751.48 sec. (1042479.98 ticks, tree = 281.44 MB, solutions = 0)
   5858  1675       47.9200    50                     43.4900   894387         
   5902  1695       43.6904    51                     43.4900   897774         
   5929  1711       43.5900    51                     43.4900   900770         
   5953  1723       44.6360    60                     43.4900   904366         
   6005  1748       43.4900    55                     43.4900   908041         
   6037  1766       43.7554    55                     43.4900   911386         
   6067  1777       43.4962    61                     43.4900   914242         
   6103  1793       43.4900    59                     43.4900   918293         
   6134  1800       43.4900    57                     43.4900   922076         
   6169  1811       43.5003    57                     43.4900   925709         
Elapsed time = 781.16 sec. (1081564.42 ticks, tree = 307.60 MB, solutions = 0)
   6199  1828       43.4900    67                     43.4900   929250         
   6226  1836       43.4900    64                     43.4900   932119         
   6251  1851       46.3606    52                     43.4900   935299         
   6272  1859       43.5859    66                     43.4900   938489         
   6302  1876       43.8310    65                     43.4900   941816         
   6341  1887       44.8157    60                     43.4900   945338         
   6364  1892       43.4900    53                     43.4900   949022         
   6390  1905       43.4900    44                     43.4900   952229         
   6417  1908       43.5900    52                     43.4900   955605         
   6439  1908    infeasible                           43.4900   959035         
Elapsed time = 810.34 sec. (1121100.93 ticks, tree = 326.39 MB, solutions = 0)
   6471  1928    infeasible                           43.4900   961839         
   6496  1937    infeasible                           43.4900   965212         
   6522  1949    infeasible                           43.4900   968392         
   6551  1960    infeasible                           43.4900   972231         
   6575  1972       43.5073    51                     43.4900   975850         
   6595  1970       43.5988    57                     43.4900   979637         
   6616  1969    infeasible                           43.4900   982860         
   6642  1976       43.7362    51                     43.4900   985931         
   6678  1986       43.6418    54                     43.4900   989796         
   6705  1987       43.4900    63                     43.4900   992551         
Elapsed time = 840.97 sec. (1159829.11 ticks, tree = 340.94 MB, solutions = 0)
   6727  1998       43.5003    53                     43.4900   995120         
   6754  2009       43.5129    53                     43.4900   998545         
   6776  2020    infeasible                           43.4900  1001629         
   6805  2033       43.5129    52                     43.4900  1004605         
   6820  2040       43.4900    56                     43.4900  1007029         
   6848  2054       43.6198    70                     43.4900  1010248         
   6863  2059       43.4900    69                     43.4900  1012174         
   6891  2081       43.6647    59                     43.4900  1014997         
   6924  2087       47.4647    71                     43.4900  1018627         
   6944  2087    infeasible                           43.4900  1021549         
Elapsed time = 870.24 sec. (1199486.11 ticks, tree = 360.62 MB, solutions = 0)
   6962  2088       43.5630    66                     43.4900  1024655         
   6992  2094    infeasible                           43.4900  1028081         
   7017  2100       43.5663    73                     43.4900  1031240         
   7045  2117       43.5504    59                     43.4900  1034475         
   7073  2135       44.9863    63                     43.4900  1038620         
   7095  2144       43.5379    68                     43.4900  1044253         
   7114  2153       43.4900    61                     43.4900  1049819         
   7135  2160       43.4942    64                     43.4900  1054878         
   7164  2180       43.7521    79                     43.4900  1059506         
   7192  2199       43.5910    87                     43.4900  1064122         
Elapsed time = 899.23 sec. (1239287.83 ticks, tree = 366.57 MB, solutions = 0)
   7209  2208       43.4900    75                     43.4900  1068998         
   7233  2220       43.8410    80                     43.4900  1074912         
   7252  2231       43.4900    70                     43.4900  1079285         
   7284  2251       43.5211    74                     43.4900  1085027         
   7314  2260       43.4900    63                     43.4900  1090978         
   7335  2273       45.9683    57                     43.4900  1096208         
   7362  2279       43.4900    64                     43.4900  1102908         
   7385  2297       43.5523    57                     43.4900  1107846         
   7418  2312       43.4900    80                     43.4900  1114200         
   7435  2329       43.7663    65                     43.4900  1119462         
Elapsed time = 928.40 sec. (1279227.50 ticks, tree = 363.84 MB, solutions = 0)
   7454  2342       43.5590    63                     43.4900  1125143         
   7483  2355       48.1512    71                     43.4900  1132097         
   7503  2365       43.5330    83                     43.4900  1136622         
   7527  2384       43.6018    74                     43.4900  1142608         
   7549  2399       43.6647    53                     43.4900  1147525         
   7582  2418       47.6979    65                     43.4900  1154132         
   7610  2437       45.4700    64                     43.4900  1160905         
   7632  2451       46.1508    77                     43.4900  1167009         
   7667  2469       43.5696    63                     43.4900  1173530         
   7701  2478       43.5998    62                     43.4900  1179487         
Elapsed time = 957.91 sec. (1318830.45 ticks, tree = 361.37 MB, solutions = 0)
   7721  2490    infeasible                           43.4900  1186696         
   7741  2497       44.0956    74                     43.4900  1191410         
   7777  2515       46.2150    70                     43.4900  1196977         
   7798  2518    infeasible                           43.4900  1203280         
   7813  2523       44.1518    76                     43.4900  1208838         
   7835  2531       43.4900    66                     43.4900  1214140         
   7858  2544       43.4900    57                     43.4900  1221095         
   7891  2559       43.4900    76                     43.4900  1228060         
   7921  2571    infeasible                           43.4900  1234154         
   7938  2578       45.1825    74                     43.4900  1240762         
Elapsed time = 988.22 sec. (1359317.71 ticks, tree = 358.34 MB, solutions = 0)
   7965  2594       43.6800    70                     43.4900  1245984         
   7984  2607       47.6200    68                     43.4900  1251317         
   8016  2624       43.4947    72                     43.4900  1257370         
   8046  2635       43.4900    70                     43.4900  1263330         
   8072  2645       43.7510    66                     43.4900  1269374         
   8102  2660       43.4900    74                     43.4900  1276535         
   8133  2675       43.5316    72                     43.4900  1283484         
   8161  2687       44.9805    65                     43.4900  1290156         
   8182  2685       43.4900    78                     43.4900  1296292         
   8203  2696       43.4900    79                     43.4900  1301690         
Elapsed time = 1017.90 sec. (1398187.93 ticks, tree = 355.75 MB, solutions = 0)
   8230  2708       43.4900    71                     43.4900  1306800         
   8253  2723       43.5265    88                     43.4900  1311911         
   8276  2735       46.3606    56                     43.4900  1317108         
   8296  2751       43.6508    66                     43.4900  1322875         
   8318  2763       43.4900    85                     43.4900  1328385         
   8351  2788       43.8414    60                     43.4900  1334020         
   8370  2792       43.4900    61                     43.4900  1340269         
   8401  2796       47.8504    59                     43.4900  1347240         
   8428  2809       43.4900    76                     43.4900  1352700         
   8467  2833       43.6475    61                     43.4900  1357932         
Elapsed time = 1047.72 sec. (1437769.58 ticks, tree = 353.80 MB, solutions = 0)
   8484  2838       43.4900    94                     43.4900  1363984         
   8503  2857       43.4900    68                     43.4900  1366184         
   8516  2870       47.9100    54                     43.4900  1369096         
   8535  2883       43.4900    84                     43.4900  1373343         
   8550  2894    infeasible                           43.4900  1377888         
   8574  2909    infeasible                           43.4900  1382834         
   8588  2921       45.9607    66                     43.4900  1387500         
   8614  2936       47.9100    60                     43.4900  1393347         
   8639  2951       43.5900    67                     43.4900  1400639         
   8668  2963    infeasible                           43.4900  1407759         
Elapsed time = 1074.30 sec. (1477559.97 ticks, tree = 353.92 MB, solutions = 0)
   8695  2983       45.9300    66                     43.4900  1414441         
   8718  2993       43.5904    63                     43.4900  1421484         
   8754  3024       47.4100    35                     43.4900  1428164         
   8787  3036       43.5408    58                     43.4900  1434408         
   8812  3047    infeasible                           43.4900  1441019         
   8838  3061    infeasible                           43.4900  1447138         
   8875  3071    infeasible                           43.4900  1454231         
   8909  3084       43.5220    74                     43.4900  1460629         
   8940  3095       43.6900    69                     43.4900  1468847         
   8976  3120       47.3034    54                     43.4900  1475603         
Elapsed time = 1103.00 sec. (1516542.23 ticks, tree = 354.32 MB, solutions = 0)
   9012  3140       43.5760    70                     43.4900  1482445         
   9044  3161       43.6783    56                     43.4900  1488019         
   9084  3185       43.8857    56                     43.4900  1494550         
   9124  3197    infeasible                           43.4900  1502113         
   9150  3213       43.5707    87                     43.4900  1507617         
   9172  3225       43.4900    71                     43.4900  1512950         
   9192  3233       43.6900    80                     43.4900  1518345         
   9211  3249       43.7850    68                     43.4900  1523500         
   9235  3257       43.5080    55                     43.4900  1529422         
   9257  3267       43.8126    51                     43.4900  1534765         
Elapsed time = 1132.39 sec. (1555345.57 ticks, tree = 353.55 MB, solutions = 0)
   9280  3274       43.5054    52                     43.4900  1541096         
   9312  3282       43.4900    58                     43.4900  1547991         
   9346  3293       43.5790    57                     43.4900  1554627         
   9370  3305       43.6024    45                     43.4900  1560993         
   9410  3315       43.6597    51                     43.4900  1568145         
   9446  3328       44.0956    84                     43.4900  1574417         
   9479  3350    infeasible                           43.4900  1580735         
   9501  3366       43.5262    62                     43.4900  1586699         
   9530  3381       45.9325    64                     43.4900  1593749         
   9557  3394       46.3606    63                     43.4900  1600812         
Elapsed time = 1163.30 sec. (1595252.65 ticks, tree = 353.47 MB, solutions = 0)
   9589  3402       46.3606    60                     43.4900  1607809         
   9621  3409       48.4433    61                     43.4900  1615389         
   9648  3418       47.9100    55                     43.4900  1620674         
   9663  3418    infeasible                           43.4900  1625735         
   9678  3421       47.9100    51                     43.4900  1631322         
   9703  3428       43.7393    57                     43.4900  1638108         
   9718  3430       45.4721    64                     43.4900  1643782         
   9736  3434       43.4900    80                     43.4900  1648976         
   9762  3446    infeasible                           43.4900  1655110         
   9785  3453       43.7392    83                     43.4900  1661113         
Elapsed time = 1192.44 sec. (1634910.57 ticks, tree = 352.55 MB, solutions = 0)
   9805  3468       46.0250    70                     43.4900  1666437         
   9827  3477       43.5314    62                     43.4900  1673300         
   9868  3494       43.4974    76                     43.4900  1679898         
   9891  3505       43.5228    64                     43.4900  1686600         
   9909  3515       44.2856    54                     43.4900  1692521         
   9938  3527       43.5615    81                     43.4900  1698559         
   9973  3544       43.4900    61                     43.4900  1705528         
   9996  3555       43.4900    58                     43.4900  1712365         
  10016  3565       45.1595    56                     43.4900  1720112         
  10033  3578       43.4900    74                     43.4900  1722638         
Elapsed time = 1222.35 sec. (1674231.00 ticks, tree = 351.70 MB, solutions = 0)
  10051  3594       43.4900    43                     43.4900  1725444         
  10075  3603       43.5700    49                     43.4900  1730608         
  10104  3613       43.5700    49                     43.4900  1737212         
  10145  3636       43.5472    59                     43.4900  1744392         
  10173  3640       43.6154    59                     43.4900  1751292         
  10199  3648    infeasible                           43.4900  1758133         
  10223  3660       43.4900    64                     43.4900  1765766         
  10253  3670       43.5321    55                     43.4900  1772827         
  10285  3686       43.5700    72                     43.4900  1777395         
  10322  3707       47.1047    70                     43.4900  1784977         
Elapsed time = 1250.90 sec. (1713363.25 ticks, tree = 351.81 MB, solutions = 0)
  10347  3724       43.4900    63                     43.4900  1792330         
  10373  3742       45.4700    69                     43.4900  1799839         
  10394  3755       43.5016    75                     43.4900  1805742         
  10415  3768       46.1300    94                     43.4900  1809544         
  10443  3782       43.5380    67                     43.4900  1815582         
  10472  3792       43.6410    57                     43.4900  1821546         
  10503  3799       46.3908    87                     43.4900  1828144         
  10519  3809       43.4900    83                     43.4900  1833842         
  10556  3828       43.5696    55                     43.4900  1839549         
  10584  3835       47.9100    76                     43.4900  1846044         
Elapsed time = 1281.65 sec. (1753546.80 ticks, tree = 349.07 MB, solutions = 0)
  10602  3843       43.4900    66                     43.4900  1851694         
  10636  3853    infeasible                           43.4900  1858574         
  10661  3862       43.4900    58                     43.4900  1864375         
  10686  3870       43.5416    53                     43.4900  1870775         
  10712  3879       43.4900    50                     43.4900  1877350         
  10729  3888       43.5838    44                     43.4900  1884078         
  10762  3902       47.5818    57                     43.4900  1890476         
  10790  3904       43.4900    66                     43.4900  1896827         
  10808  3912       43.4900    85                     43.4900  1902860         
  10832  3928       47.6200    61                     43.4900  1908989         
Elapsed time = 1313.33 sec. (1792882.67 ticks, tree = 349.24 MB, solutions = 0)
  10868  3940       44.9696    46                     43.4900  1916235         
  10900  3948       45.9300    56                     43.4900  1923579         
  10925  3953       43.5260    64                     43.4900  1931370         
  10951  3965       43.5783    62                     43.4900  1938247         
  10985  3969       47.8504    59                     43.4900  1944635         
  11010  3977       43.5518    62                     43.4900  1950854         
  11028  3983       44.0956    62                     43.4900  1956503         
  11048  3995       45.9354    66                     43.4900  1962614         
  11071  4010       47.9100    63                     43.4900  1969028         
  11097  4016       43.4900    64                     43.4900  1974001         
Elapsed time = 1344.90 sec. (1833624.85 ticks, tree = 349.19 MB, solutions = 0)
  11121  4031       44.0534    62                     43.4900  1980706         
  11145  4041       43.5521    63                     43.4900  1987237         
  11182  4057       43.5212    67                     43.4900  1993892         
  11214  4073       43.4900    85                     43.4900  2000697         
  11235  4089       47.6200    55                     43.4900  2008144         
  11254  4096       43.4900    54                     43.4900  2013411         
  11283  4105    infeasible                           43.4900  2019969         
  11302  4116       44.8630    54                     43.4900  2024283         
  11320  4120       43.5518    52                     43.4900  2030855         
  11345  4129       44.9477    46                     43.4900  2036126         
Elapsed time = 1375.74 sec. (1872745.84 ticks, tree = 351.67 MB, solutions = 0)
  11377  4137    infeasible                           43.4900  2041818         
  11404  4146       43.4900    65                     43.4900  2048779         
  11428  4158       44.0403    55                     43.4900  2055192         
  11446  4166       43.5398    59                     43.4900  2061602         
  11465  4171       43.4900    55                     43.4900  2065913         
  11477  4174       43.6226    54                     43.4900  2071183         
  11492  4173       43.4900    69                     43.4900  2075439         
  11507  4182       43.5219    55                     43.4900  2080228         
  11524  4183       43.5704    54                     43.4900  2085580         
  11544  4184       43.4900    60                     43.4900  2090522         
Elapsed time = 1407.35 sec. (1912526.67 ticks, tree = 355.50 MB, solutions = 0)
  11572  4191       43.4900    67                     43.4900  2094964         
  11590  4196    infeasible                           43.4900  2099488         
  11606  4202       43.8375    74                     43.4900  2104918         
  11637  4214       47.8883    68                     43.4900  2110396         
  11672  4233       43.4900    83                     43.4900  2116583         
  11695  4250       43.5752    74                     43.4900  2122020         
  11725  4254       43.5522    57                     43.4900  2128245         
  11751  4263    infeasible                           43.4900  2135601         
  11785  4280       47.8100    79                     43.4900  2142898         
  11810  4301       43.4900    70                     43.4900  2150660         
Elapsed time = 1436.54 sec. (1951939.70 ticks, tree = 355.56 MB, solutions = 0)
  11842  4319       48.4159    56                     43.4900  2158854         
  11864  4324       43.4900    60                     43.4900  2165787         
  11894  4330       43.6475    68                     43.4900  2172576         
  11935  4341       44.4457    67                     43.4900  2180402         
  11967  4353       43.4900    69                     43.4900  2187824         
  12006  4374       46.3606    79                     43.4900  2195396         
  12034  4392       43.5850    70                     43.4900  2202235         
  12061  4400       43.6900    72                     43.4900  2208885         
  12080  4414       45.9716    93                     43.4900  2215524         
  12114  4431       43.4900    73                     43.4900  2222143         
Elapsed time = 1467.01 sec. (1991040.66 ticks, tree = 355.87 MB, solutions = 0)
  12139  4446       43.4900    64                     43.4900  2227873         
  12157  4452       43.5121    62                     43.4900  2233515         
  12178  4464       43.5031    67                     43.4900  2239165         
  12208  4474    infeasible                           43.4900  2245366         
  12238  4496       44.9382    51                     43.4900  2250602         
  12262  4505       43.7800    69                     43.4900  2257470         
  12287  4514       43.4900    63                     43.4900  2264742         
  12314  4524       43.4900    67                     43.4900  2272744         
  12337  4538       43.4900    64                     43.4900  2279926         
  12365  4542       43.4900    71                     43.4900  2288042         
Elapsed time = 1496.57 sec. (2030268.53 ticks, tree = 356.29 MB, solutions = 0)
  12387  4546       43.4900    69                     43.4900  2295229         
  12412  4561       43.4900    65                     43.4900  2301863         
  12452  4582       43.4900    65                     43.4900  2305210         
  12492  4608    infeasible                           43.4900  2308975         
  12538  4628       43.5031    63                     43.4900  2312978         
  12569  4651       43.7625    61                     43.4900  2316873         
  12600  4668       43.5110    65                     43.4900  2320995         
  12641  4681    infeasible                           43.4900  2325344         
  12675  4691    infeasible                           43.4900  2329877         
  12708  4710       45.3959    60                     43.4900  2333780         
Elapsed time = 1525.81 sec. (2069318.87 ticks, tree = 384.55 MB, solutions = 0)
  12741  4717    infeasible                           43.4900  2337785         
  12769  4733       45.0141    59                     43.4900  2341856         
  12808  4751       43.7061    70                     43.4900  2346639         
  12826  4760       44.9400    64                     43.4900  2349847         
  12852  4770       43.5900    66                     43.4900  2353739         
  12876  4773       43.4900    67                     43.4900  2357456         
  12905  4786       43.4900    77                     43.4900  2361461         
  12928  4800       43.4900    69                     43.4900  2367625         
  12961  4821       43.5900    62                     43.4900  2374308         
  12986  4831       47.6200    72                     43.4900  2382356         
Elapsed time = 1554.70 sec. (2109383.51 ticks, tree = 399.87 MB, solutions = 0)
  13023  4846    infeasible                           43.4900  2388572         
  13048  4853       43.5700    75                     43.4900  2395154         
  13065  4863       48.8097    70                     43.4900  2401914         
  13090  4880       45.9531    64                     43.4900  2406186         
  13119  4889       43.5339    72                     43.4900  2412906         
  13173  4919       43.5110    70                     43.4900  2419381         
  13203  4941       43.4900    65                     43.4900  2426001         
  13233  4953       43.4900    63                     43.4900  2432337         
  13271  4965       43.4900    74                     43.4900  2439792         
  13298  4981       43.4900    76                     43.4900  2446031         
Elapsed time = 1584.65 sec. (2148911.95 ticks, tree = 400.64 MB, solutions = 0)
  13322  4991       43.5900    57                     43.4900  2451893         
  13356  5009    infeasible                           43.4900  2459533         
  13390  5018       43.5900    67                     43.4900  2466874         
  13430  5028       43.4900    71                     43.4900  2474123         
  13462  5046       44.9600    78                     43.4900  2481213         
  13501  5063       43.5422    64                     43.4900  2488087         
  13548  5078    infeasible                           43.4900  2494820         
  13578  5085    infeasible                           43.4900  2501607         
  13610  5101       43.4900    70                     43.4900  2507822         
  13630  5110       43.5900    56                     43.4900  2514364         
Elapsed time = 1616.41 sec. (2188326.82 ticks, tree = 400.37 MB, solutions = 0)
  13666  5127       43.6103    61                     43.4900  2520418         
  13694  5135    infeasible                           43.4900  2526434         
  13710  5151       47.6127    58                     43.4900  2532727         
  13735  5153    infeasible                           43.4900  2539156         
  13762  5170       43.5343    60                     43.4900  2544424         
  13796  5189       45.9394    66                     43.4900  2550603         
  13824  5204       43.4900    67                     43.4900  2556598         
  13853  5210       43.4900    76                     43.4900  2563148         
  13884  5237       43.5805    66                     43.4900  2568500         
  13916  5249       43.4900    63                     43.4900  2574654         
Elapsed time = 1645.54 sec. (2227748.13 ticks, tree = 399.38 MB, solutions = 0)
  13944  5267       44.0644    64                     43.4900  2581523         
  13964  5273       43.5129    61                     43.4900  2588019         
  14006  5289       43.7140    47                     43.4900  2594855         
  14036  5295       43.6900    65                     43.4900  2603011         
  14070  5309       43.5795    63                     43.4900  2611542         
  14099  5322       43.5900    71                     43.4900  2617678         
  14129  5331    infeasible                           43.4900  2624826         
  14158  5344       43.8429    76                     43.4900  2631721         
  14183  5357       43.5126    63                     43.4900  2639272         
  14212  5372       45.9344    61                     43.4900  2647003         
Elapsed time = 1675.94 sec. (2266991.81 ticks, tree = 399.65 MB, solutions = 0)
  14243  5384       43.5538    75                     43.4900  2654148         
  14271  5406       44.2956    72                     43.4900  2661456         
  14305  5424       43.5356    73                     43.4900  2668895         
  14332  5430       46.6598    56                     43.4900  2676984         
  14365  5444    infeasible                           43.4900  2682166         
  14401  5456       47.3000    86                     43.4900  2688602         
  14420  5475       48.8344    52                     43.4900  2692950         
  14444  5490       43.5718    71                     43.4900  2698878         
  14464  5502       43.4900   100                     43.4900  2704848         
  14495  5529       47.9269    61                     43.4900  2710686         
Elapsed time = 1705.74 sec. (2306318.61 ticks, tree = 399.11 MB, solutions = 0)
  14531  5547       45.4700    73                     43.4900  2718877         
  14556  5554       43.4900    77                     43.4900  2724443         
  14579  5558       47.8213    66                     43.4900  2730415         
  14606  5571       43.8638    69                     43.4900  2736953         
  14627  5578    infeasible                           43.4900  2743694         
  14655  5594       43.4900    72                     43.4900  2750229         
  14682  5607       43.4900    57                     43.4900  2756806         
  14710  5609       43.6321    69                     43.4900  2763884         
  14733  5612       43.4900    69                     43.4900  2770914         
  14776  5630       43.4995    61                     43.4900  2778787         
Elapsed time = 1735.03 sec. (2345874.78 ticks, tree = 398.93 MB, solutions = 0)
  14808  5638       43.5843    76                     43.4900  2787393         
  14844  5656       44.8837    70                     43.4900  2794932         
  14865  5667       44.9163    64                     43.4900  2799880         
  14901  5686       43.5731    60                     43.4900  2807723         
  14936  5702       43.5118    59                     43.4900  2815281         
  14968  5714       43.6102    53                     43.4900  2822637         
  15004  5727       43.5118    63                     43.4900  2830729         
  15035  5738       43.4900    70                     43.4900  2837777         
  15073  5762       43.6730    55                     43.4900  2844328         
  15100  5775       43.5989    57                     43.4900  2852185         
Elapsed time = 1765.81 sec. (2384989.81 ticks, tree = 399.10 MB, solutions = 0)
  15143  5800       43.6150    54                     43.4900  2859750         
  15171  5812       43.7355    70                     43.4900  2865950         
  15196  5819       43.4900    69                     43.4900  2871473         
  15232  5851       45.9300    68                     43.4900  2876775         
  15263  5876       43.5341    79                     43.4900  2883588         
  15291  5900       43.5874    60                     43.4900  2889837         
  15318  5915       47.7103    69                     43.4900  2896425         
  15347  5930       43.4900    73                     43.4900  2903032         
  15370  5949       43.5905    67                     43.4900  2908788         
  15399  5966       43.4900    79                     43.4900  2915302         
Elapsed time = 1794.43 sec. (2423913.89 ticks, tree = 399.83 MB, solutions = 0)
  15417  5979       47.7200    71                     43.4900  2921266         
  15451  6004       43.4900    65                     43.4900  2928087         
  15476  6025       43.6120    69                     43.4900  2934617         
  15510  6039       43.4900    73                     43.4900  2941095         
  15533  6055       43.4900    71                     43.4900  2947690         
  15567  6079       43.5733    59                     43.4900  2953468         
  15599  6094       43.5338    71                     43.4900  2960862         
  15621  6107       44.1003    57                     43.4900  2966943         
  15643  6115       47.4100    54                     43.4900  2974054         
  15671  6122       43.4900    61                     43.4900  2980587         
Elapsed time = 1822.54 sec. (2463181.36 ticks, tree = 400.42 MB, solutions = 0)
  15701  6136       46.5207    58                     43.4900  2987752         
  15731  6149       43.6024    69                     43.4900  2994528         
  15769  6157       43.5352    72                     43.4900  3001757         
  15817  6166       43.4900    71                     43.4900  3009574         
  15856  6181       43.7749    70                     43.4900  3017040         
  15890  6193    infeasible                           43.4900  3024523         
  15922  6210       43.6448    55                     43.4900  3030498         
  15966  6235    infeasible                           43.4900  3037531         
  16004  6260       43.5974    63                     43.4900  3044973         
  16042  6271       43.5895    67                     43.4900  3053199         
Elapsed time = 1852.29 sec. (2502369.24 ticks, tree = 400.99 MB, solutions = 0)
  16091  6295       43.7800    64                     43.4900  3060683         
  16134  6311       43.4900    66                     43.4900  3068403         
  16191  6334    infeasible                           43.4900  3076227         
  16222  6348       46.0152    75                     43.4900  3082813         
  16254  6368       43.5621    68                     43.4900  3088439         
  16286  6383       45.9300    74                     43.4900  3095443         
  16312  6394    infeasible                           43.4900  3101932         
  16342  6405       43.4900    66                     43.4900  3108125         
  16390  6425       43.5635    77                     43.4900  3114997         
  16426  6435       43.4900    88                     43.4900  3121899         
Elapsed time = 1880.87 sec. (2541660.26 ticks, tree = 401.61 MB, solutions = 0)
  16458  6463       43.4900    55                     43.4900  3126577         
  16491  6486       47.4100    41                     43.4900  3132900         
  16533  6504       43.5900    62                     43.4900  3140006         
  16561  6520    infeasible                           43.4900  3147231         
  16607  6537    infeasible                           43.4900  3153736         
  16656  6554       43.4900    56                     43.4900  3161263         
  16680  6572       43.5634    75                     43.4900  3168340         
  16705  6587       43.4900    56                     43.4900  3175318         
  16746  6596       43.4900    71                     43.4900  3183827         
  16776  6604    infeasible                           43.4900  3191972         
Elapsed time = 1908.58 sec. (2580512.82 ticks, tree = 402.26 MB, solutions = 0)
  16811  6607       45.9300    59                     43.4900  3199494         
  16851  6615       43.5456    53                     43.4900  3208075         
  16888  6626    infeasible                           43.4900  3215000         
  16937  6645       43.5285    67                     43.4900  3222928         
  16971  6651       43.4900    57                     43.4900  3231115         
  17006  6668       43.4900    54                     43.4900  3239768         
  17040  6673       43.9800    58                     43.4900  3247508         
  17071  6682       43.4900    84                     43.4900  3255348         
  17107  6696    infeasible                           43.4900  3263373         
  17124  6705       43.4900    56                     43.4900  3270149         
Elapsed time = 1937.63 sec. (2619831.71 ticks, tree = 402.64 MB, solutions = 0)
  17169  6719       46.9948    63                     43.4900  3276854         
  17209  6728       43.4900    51                     43.4900  3283704         
  17237  6742       43.5626    66                     43.4900  3290847         
  17280  6751       43.5445    65                     43.4900  3298305         
  17321  6758    infeasible                           43.4900  3304910         
  17354  6767       43.4900    70                     43.4900  3311827         
  17384  6767       43.4900    65                     43.4900  3318710         
  17405  6768       43.5900    54                     43.4900  3325984         
  17430  6769    infeasible                           43.4900  3333952         
  17453  6771       43.4900    78                     43.4900  3340020         
Elapsed time = 1966.58 sec. (2659327.41 ticks, tree = 402.89 MB, solutions = 0)
  17482  6786    infeasible                           43.4900  3346690         
  17508  6798       45.9300    71                     43.4900  3353281         
  17535  6811       43.4900    58                     43.4900  3359734         
  17563  6815       43.4900    63                     43.4900  3366836         
  17586  6817       43.8110    66                     43.4900  3373337         
  17611  6818    infeasible                           43.4900  3381239         
  17643  6822       43.4900    64                     43.4900  3388519         
  17662  6827    infeasible                           43.4900  3395641         
  17692  6843       43.4943    75                     43.4900  3402777         
  17728  6853       43.4941    68                     43.4900  3408927         
Elapsed time = 1995.58 sec. (2699028.36 ticks, tree = 403.20 MB, solutions = 0)
  17787  6856       43.4900    66                     43.4900  3416227         
  17823  6864       43.4900    78                     43.4900  3422385         
  17846  6871       43.4900    67                     43.4900  3429179         
  17875  6878       43.4900    51                     43.4900  3436694         
  17909  6894       43.7315    77                     43.4900  3442474         
  17937  6898       47.4100    75                     43.4900  3449752         
  17971  6924       43.4900    95                     43.4900  3457078         
  17985  6935       43.4900    75                     43.4900  3460862         
  18008  6955       43.5369    77                     43.4900  3464640         
  18036  6977       43.5011    66                     43.4900  3468899         
Elapsed time = 2024.37 sec. (2738620.09 ticks, tree = 403.67 MB, solutions = 0)
  18059  6986       45.9300    66                     43.4900  3474701         
  18080  6999       43.6800    72                     43.4900  3479815         
  18100  7000    infeasible                           43.4900  3486355         
  18123  7011       45.4044    78                     43.4900  3491720         
  18138  7016       46.0300    62                     43.4900  3497450         
  18152  7022       43.6800    61                     43.4900  3503444         
  18175  7026    infeasible                           43.4900  3509676         
  18197  7024    infeasible                           43.4900  3516670         
  18216  7030       43.4900    80                     43.4900  3521203         
  18240  7037       43.4900    65                     43.4900  3527687         
Elapsed time = 2053.25 sec. (2778305.02 ticks, tree = 403.90 MB, solutions = 0)
  18271  7048       43.4900    75                     43.4900  3535001         
  18289  7060       43.7037    70                     43.4900  3542301         
  18323  7087       43.6515    72                     43.4900  3548142         
  18352  7096       45.9485    70                     43.4900  3556115         
  18373  7098       43.4900    65                     43.4900  3562687         
  18397  7104       43.5900    55                     43.4900  3568484         
  18424  7121       43.4900    68                     43.4900  3574245         
  18446  7134       46.0112    81                     43.4900  3581104         
  18474  7158       43.5668    75                     43.4900  3586066         
  18494  7168       43.5521    80                     43.4900  3592428         
Elapsed time = 2083.71 sec. (2818176.55 ticks, tree = 404.40 MB, solutions = 0)
  18517  7178       43.4900    69                     43.4900  3597964         
  18544  7189       46.1693    79                     43.4900  3605927         
  18571  7204       43.5757    71                     43.4900  3612094         
  18607  7226       43.4900    68                     43.4900  3619232         
  18636  7243       47.4100    58                     43.4900  3627204         
  18665  7252       43.4900    79                     43.4900  3634940         
  18694  7265       43.5861    59                     43.4900  3640655         
  18716  7271       43.4900    69                     43.4900  3646428         
  18754  7280       45.9359    80                     43.4900  3653018         
  18783  7283    infeasible                           43.4900  3659132         
Elapsed time = 2114.42 sec. (2857174.76 ticks, tree = 404.85 MB, solutions = 0)
  18814  7297       46.0194    59                     43.4900  3665446         
  18844  7303       45.9703    75                     43.4900  3672177         
  18880  7325       43.5579    75                     43.4900  3678344         
  18906  7337       43.5392    60                     43.4900  3684754         
  18937  7350       43.4900    79                     43.4900  3691139         
  18974  7372       43.4900    75                     43.4900  3696449         
  18991  7389       43.7900    64                     43.4900  3701207         
  19022  7406       43.5900    54                     43.4900  3708609         
  19056  7414       43.5392    59                     43.4900  3715577         
  19085  7435       43.5874    81                     43.4900  3721192         
Elapsed time = 2142.90 sec. (2896488.28 ticks, tree = 405.42 MB, solutions = 0)
  19108  7450       43.4900    83                     43.4900  3726841         
  19126  7464       43.7059    49                     43.4900  3733791         
  19150  7480       43.6800    94                     43.4900  3739549         
  19184  7504       43.6459    54                     43.4900  3746206         
  19205  7511       43.5900    60                     43.4900  3752514         
  19229  7524    infeasible                           43.4900  3758633         
  19255  7534       43.4900    73                     43.4900  3765198         
  19286  7546       43.5035    86                     43.4900  3772525         
  19319  7567       46.0388    67                     43.4900  3779547         
  19363  7586       43.5710    76                     43.4900  3786824         
Elapsed time = 2173.19 sec. (2936320.21 ticks, tree = 406.00 MB, solutions = 0)
  19384  7594       43.4900    75                     43.4900  3793467         
  19401  7603       43.5928    67                     43.4900  3799703         
  19422  7610       45.9300    65                     43.4900  3806398         
  19453  7629       45.9300    58                     43.4900  3812832         
  19477  7636       43.4900    82                     43.4900  3819512         
  19501  7636       43.5621    75                     43.4900  3827286         
  19522  7643       43.7750    58                     43.4900  3832521         
  19540  7655       45.9876    49                     43.4900  3838031         
  19561  7664       43.5900    49                     43.4900  3843528         
  19587  7679       43.4993    61                     43.4900  3849147         
Elapsed time = 2201.92 sec. (2975627.67 ticks, tree = 406.35 MB, solutions = 0)
  19623  7696       43.4900    63                     43.4900  3854620         
  19654  7707    infeasible                           43.4900  3860597         
  19693  7722       43.5900    56                     43.4900  3866832         
  19729  7737       43.4900    79                     43.4900  3874520         
  19764  7756       43.4993    55                     43.4900  3882202         
  19820  7782       45.9805    63                     43.4900  3889981         
  19865  7797    infeasible                           43.4900  3897359         
  19905  7813       43.4900    57                     43.4900  3904178         
  19935  7825       45.1348    88                     43.4900  3911485         
  19975  7841       46.0092    54                     43.4900  3918796         
Elapsed time = 2230.78 sec. (3014432.48 ticks, tree = 406.97 MB, solutions = 0)
  20010  7852    infeasible                           43.4900  3925970         
  20039  7855       45.9300    65                     43.4900  3934064         
  20068  7871       43.4900    67                     43.4900  3940593         
  20107  7881       45.9761    61                     43.4900  3948740         
  20142  7889       43.5437    60                     43.4900  3955594         
  20176  7899       46.6302    63                     43.4900  3963006         
  20215  7896       43.5330    69                     43.4900  3970008         
  20249  7910       43.6193    85                     43.4900  3977221         
  20288  7920       43.5395    60                     43.4900  3983970         
  20333  7934    infeasible                           43.4900  3990367         
Elapsed time = 2260.17 sec. (3054318.38 ticks, tree = 407.33 MB, solutions = 0)
  20364  7931       43.5475    68                     43.4900  3997398         
  20389  7940    infeasible                           43.4900  4003060         
  20414  7957       46.1130    66                     43.4900  4008510         
  20452  7971       43.4900    69                     43.4900  4014941         
  20476  7985       46.3565    77                     43.4900  4021581         
  20517  8008       43.6800    79                     43.4900  4027802         
  20546  8026       43.6034    82                     43.4900  4033825         
  20569  8033       43.4900    68                     43.4900  4041050         
  20589  8039       45.6872    74                     43.4900  4046931         
  20624  8058       43.6122    76                     43.4900  4054262         
Elapsed time = 2288.75 sec. (3093651.59 ticks, tree = 407.80 MB, solutions = 0)
  20664  8086       43.5710    68                     43.4900  4061183         
  20706  8108       45.9300    92                     43.4900  4067729         
  20744  8131       43.4900    96                     43.4900  4075386         
  20779  8160       43.6800    83                     43.4900  4082504         
  20810  8187       43.7467    68                     43.4900  4089585         
  20845  8214       43.5798    71                     43.4900  4095316         
  20871  8231       43.4900    75                     43.4900  4101353         
  20903  8257       43.4900    64                     43.4900  4107035         
  20925  8273       43.5900    64                     43.4900  4112905         
  20946  8290       43.6900    76                     43.4900  4119546         
Elapsed time = 2317.70 sec. (3133167.16 ticks, tree = 409.02 MB, solutions = 0)
  20967  8293       43.4900    70                     43.4900  4126833         
  21000  8312       43.5580    74                     43.4900  4133901         
  21040  8323       47.7745    61                     43.4900  4142004         
  21083  8348       43.5900    71                     43.4900  4148035         
  21114  8368    infeasible                           43.4900  4156044         
  21142  8385       43.4900    67                     43.4900  4162874         
  21173  8402       43.6900    71                     43.4900  4170034         
  21196  8409    infeasible                           43.4900  4176773         
  21227  8422       43.5319    72                     43.4900  4184197         
  21262  8435       45.9300    67                     43.4900  4191625         
Elapsed time = 2347.94 sec. (3173193.08 ticks, tree = 409.58 MB, solutions = 0)
  21288  8455       43.5029    64                     43.4900  4199305         
  21327  8479       43.5900    56                     43.4900  4206690         
  21352  8492       43.6037    90                     43.4900  4214213         
  21388  8507       43.6800   100                     43.4900  4220014         
  21410  8519       43.5049    72                     43.4900  4225864         
  21447  8535    infeasible                           43.4900  4233258         
  21464  8541       43.6900    74                     43.4900  4239055         
  21487  8554       44.0956    75                     43.4900  4245434         
  21503  8558       43.4900    68                     43.4900  4251177         
  21526  8575       47.6200    68                     43.4900  4258212         
Elapsed time = 2377.19 sec. (3212349.12 ticks, tree = 409.92 MB, solutions = 0)
  21553  8583       47.7381    66                     43.4900  4264757         
  21589  8603       46.0428    66                     43.4900  4270322         
  21616  8615       43.4900    73                     43.4900  4276787         
  21644  8625       43.4900    67                     43.4900  4283268         
  21659  8629       43.4900    72                     43.4900  4289168         
  21681  8637       43.5900    73                     43.4900  4295600         
  21708  8640       43.4900    78                     43.4900  4301581         
  21731  8651       43.4900    71                     43.4900  4308061         
  21763  8671       44.8600    66                     43.4900  4314941         
  21806  8699       43.5900    57                     43.4900  4321290         
Elapsed time = 2406.67 sec. (3252196.31 ticks, tree = 410.21 MB, solutions = 0)
  21830  8711       43.6005    65                     43.4900  4329152         
  21863  8722       43.5900    85                     43.4900  4336704         
  21884  8728       46.5506    64                     43.4900  4343786         
  21910  8736       43.5454    62                     43.4900  4349093         
  21939  8748       44.8600    65                     43.4900  4356587         
  21962  8760       44.2856    66                     43.4900  4363797         
  21976  8763       43.4900    81                     43.4900  4371185         
  22012  8787       43.5929    61                     43.4900  4378494         
  22043  8804       43.5020    78                     43.4900  4385629         
  22068  8819       43.4900    79                     43.4900  4391314         
Elapsed time = 2437.30 sec. (3291680.40 ticks, tree = 410.29 MB, solutions = 0)
  22093  8832       43.5057    83                     43.4900  4397433         
  22120  8844       43.8592    73                     43.4900  4404371         
  22154  8854       43.5900    65                     43.4900  4411932         
  22181  8867    infeasible                           43.4900  4419473         
  22210  8892       43.4900    83                     43.4900  4424184         
  22237  8915       43.5801    73                     43.4900  4430648         
  22272  8940       43.4900    75                     43.4900  4437388         
  22302  8962       43.4900    67                     43.4900  4444007         
  22337  8989       43.4900    68                     43.4900  4450750         
  22369  9013       43.4900    62                     43.4900  4457308         
Elapsed time = 2466.84 sec. (3330802.02 ticks, tree = 411.03 MB, solutions = 0)
  22387  9024       43.4900    69                     43.4900  4463038         
  22426  9052       43.4900    61                     43.4900  4469514         
  22451  9073       43.5417    71                     43.4900  4475847         
  22479  9089       43.5887    71                     43.4900  4480104         
  22519  9121       43.4900    74                     43.4900  4486522         
  22538  9134       43.5878    77                     43.4900  4493937         
  22566  9149       43.5366    68                     43.4900  4500988         
  22584  9163       43.5900    56                     43.4900  4506815         
  22607  9178       43.5366    61                     43.4900  4513340         
  22629  9187       43.5366    52                     43.4900  4520386         
Elapsed time = 2496.46 sec. (3370083.31 ticks, tree = 411.70 MB, solutions = 0)
  22651  9200       43.5900    48                     43.4900  4527933         
  22679  9215       43.4900    59                     43.4900  4534306         
  22702  9228       43.5662    95                     43.4900  4539425         
  22746  9254       43.4900    89                     43.4900  4545518         
  22767  9269       43.5591    68                     43.4900  4551257         
  22797  9285       43.5180    68                     43.4900  4558120         
  22818  9296       43.4900    81                     43.4900  4564626         
  22836  9307       43.6217    54                     43.4900  4570892         
  22856  9317       43.5900    75                     43.4900  4576596         
  22877  9329       43.6124    70                     43.4900  4583198         
Elapsed time = 2527.41 sec. (3410830.82 ticks, tree = 412.24 MB, solutions = 0)
  22905  9346       43.5900    59                     43.4900  4590557         
  22929  9357    infeasible                           43.4900  4596684         
  22942  9364       43.5900    59                     43.4900  4603125         
  22967  9379       43.4900    69                     43.4900  4608697         
  22992  9394       43.4946    69                     43.4900  4614840         
  23013  9409       43.4900    76                     43.4900  4620819         
  23040  9425       43.7005    68                     43.4900  4627505         
  23062  9432       43.5366    68                     43.4900  4633990         
  23084  9436    infeasible                           43.4900  4640724         
  23105  9441       43.5366    75                     43.4900  4646014         
Elapsed time = 2558.68 sec. (3449880.98 ticks, tree = 412.67 MB, solutions = 0)
  23126  9452       43.4900    61                     43.4900  4653673         
  23152  9470       43.5166    89                     43.4900  4660550         
  23184  9486       43.4900    62                     43.4900  4668067         
  23205  9495       43.4900    77                     43.4900  4675253         
  23229  9511    infeasible                           43.4900  4682206         
  23255  9527       43.5769    79                     43.4900  4688320         
  23279  9537       43.5472    75                     43.4900  4695260         
  23311  9552       43.6447    71                     43.4900  4702574         
  23333  9557       43.4900    78                     43.4900  4709999         
  23348  9566       43.6879    89                     43.4900  4717140         
Elapsed time = 2589.68 sec. (3488900.24 ticks, tree = 413.15 MB, solutions = 0)
  23372  9577       43.5677    74                     43.4900  4724680         
  23401  9592       43.5707    76                     43.4900  4732151         
  23430  9605    infeasible                           43.4900  4738580         
  23457  9620       43.5598    83                     43.4900  4745213         
  23495  9640       43.4961    53                     43.4900  4751859         
  23525  9648       43.4900    74                     43.4900  4758801         
  23556  9658       43.5540    82                     43.4900  4765807         
  23573  9669       43.5900    67                     43.4900  4772845         
  23595  9682       46.9091    65                     43.4900  4779967         
  23633  9703       43.4900    72                     43.4900  4785542         
Elapsed time = 2621.21 sec. (3529028.53 ticks, tree = 413.68 MB, solutions = 0)
  23645  9715       43.6016    81                     43.4900  4791332         
  23656  9722       43.4900    78                     43.4900  4794207         
  23683  9743       43.5900    69                     43.4900  4800837         
  23704  9750       43.5900    72                     43.4900  4807077         
  23719  9759       43.5591    74                     43.4900  4813170         
  23740  9768       43.4996   104                     43.4900  4819729         
  23763  9781       43.5627    82                     43.4900  4825090         
  23792  9800       43.5772    73                     43.4900  4832796         
  23840  9819       43.5080    82                     43.4900  4838525         
  23862  9829       43.4900    69                     43.4900  4844348         
Elapsed time = 2651.88 sec. (3569220.68 ticks, tree = 414.16 MB, solutions = 0)
  23886  9849       43.5501    68                     43.4900  4850619         
  23911  9866       43.4900    67                     43.4900  4857465         
  23936  9881       43.5766    75                     43.4900  4864621         
  23970  9883       43.5900    61                     43.4900  4872584         
  24008  9895       43.4900    66                     43.4900  4879150         
  24025  9910       43.6277    60                     43.4900  4885340         
  24043  9916       43.5882    78                     43.4900  4891195         
  24065  9920       43.4900    61                     43.4900  4896266         
  24086  9927    infeasible                           43.4900  4902422         
  24101  9930       43.4900    76                     43.4900  4910091         
Elapsed time = 2682.33 sec. (3608185.32 ticks, tree = 414.55 MB, solutions = 0)
  24122  9942       43.5988    77                     43.4900  4917766         
  24144  9953    infeasible                           43.4900  4924259         
  24167  9964       43.5567    73                     43.4900  4930588         
  24200  9977       43.4900    68                     43.4900  4938682         
  24225  9998       43.6403    67                     43.4900  4945375         
  24258 10021    infeasible                           43.4900  4951611         
  24289 10038       43.4900    63                     43.4900  4957035         
  24317 10052       43.5142    77                     43.4900  4965749         
  24346 10071       43.5900    61                     43.4900  4972364         
  24367 10084       43.5900    58                     43.4900  4979587         
Elapsed time = 2713.98 sec. (3647643.74 ticks, tree = 415.14 MB, solutions = 0)
  24391 10094       43.4900    71                     43.4900  4987023         
  24415 10114       43.4900    86                     43.4900  4993706         
  24435 10124       43.4900    69                     43.4900  5000482         
  24469 10140       43.5591    78                     43.4900  5008991         
  24486 10151       43.5582    81                     43.4900  5015783         
  24502 10161       45.2800    67                     43.4900  5022005         
  24527 10167       43.5900    82                     43.4900  5028118         
  24545 10177    infeasible                           43.4900  5034158         
  24574 10196       43.5900    69                     43.4900  5040422         
  24621 10223       43.5900    75                     43.4900  5046655         
Elapsed time = 2744.37 sec. (3687302.29 ticks, tree = 416.05 MB, solutions = 0)
  24645 10239       43.4900    67                     43.4900  5053233         
  24680 10266       43.5719    71                     43.4900  5059635         
  24706 10282       43.5409    77                     43.4900  5066180         
  24732 10296       43.4900    70                     43.4900  5072270         
  24752 10311       47.7551    75                     43.4900  5078465         
  24785 10328    infeasible                           43.4900  5085136         
  24815 10344       43.5900    52                     43.4900  5091215         
  24830 10351       43.5900    56                     43.4900  5098189         
  24854 10361       43.5900    51                     43.4900  5105318         
  24885 10380       43.5055    79                     43.4900  5111510         
Elapsed time = 2774.33 sec. (3726853.30 ticks, tree = 416.66 MB, solutions = 0)
  24917 10402       43.4900    67                     43.4900  5118722         
  24937 10418       44.4323    59                     43.4900  5125353         
  24966 10429       43.5055    69                     43.4900  5132400         
  25007 10457       43.6800    79                     43.4900  5139974         
  25030 10469       46.0247    73                     43.4900  5146359         
  25062 10491       43.5900    56                     43.4900  5152791         
  25093 10508       43.5900    70                     43.4900  5159942         
  25127 10526       43.4900    55                     43.4900  5167847         
  25159 10538       43.4900    70                     43.4900  5176216         
  25193 10550    infeasible                           43.4900  5183425         
Elapsed time = 2805.52 sec. (3767113.14 ticks, tree = 417.31 MB, solutions = 0)
  25225 10570       43.5092    66                     43.4900  5191230         
  25256 10579       43.4900    66                     43.4900  5197927         
  25278 10589       43.4900    56                     43.4900  5206034         
  25298 10599    infeasible                           43.4900  5214330         
  25327 10608       43.5792    50                     43.4900  5221974         
  25352 10607       43.5900    49                     43.4900  5229864         
  25385 10610       43.5105    66                     43.4900  5237614         
  25418 10627       43.5366    69                     43.4900  5245229         
  25458 10643    infeasible                           43.4900  5253261         
  25589 10691    infeasible                           43.4900  5279086         
Elapsed time = 2845.54 sec. (3818228.40 ticks, tree = 417.86 MB, solutions = 0)
  25683 10748       43.5900    69                     43.4900  5302162         
  25766 10795       45.9300    76                     43.4900  5325786         
  25867 10858       43.7129    63                     43.4900  5350928         
  25989 10912       43.6342    68                     43.4900  5378668         
  26075 10948    infeasible                           43.4900  5405843         
  26131 10972       43.5816    95                     43.4900  5433250         
  26224 11012       46.2174    69                     43.4900  5459361         
  26356 11069       43.5141    67                     43.4900  5487818         
  26485 11141       43.4900    67                     43.4900  5517260         
  26597 11201       43.6857    65                     43.4900  5544172         
Elapsed time = 2964.27 sec. (3972096.39 ticks, tree = 421.73 MB, solutions = 0)
  26676 11236       43.5900    70                     43.4900  5567415         
  26767 11265       43.7157    72                     43.4900  5591597         
  26851 11291       43.4900    70                     43.4900  5617867         
  26930 11316       46.7054    78                     43.4900  5644482         
  27036 11365       43.4930    76                     43.4900  5672382         
  27155 11416    infeasible                           43.4900  5701281         
  27260 11486       43.5113    74                     43.4900  5725344         
  27393 11537    infeasible                           43.4900  5757015         
  27489 11581       43.4900    57                     43.4900  5783623         
  27581 11614       43.5487    82                     43.4900  5806871         
Elapsed time = 3083.20 sec. (4126113.27 ticks, tree = 424.47 MB, solutions = 0)
  27671 11677       43.7066    51                     43.4900  5832152         
  27820 11762       43.4900    71                     43.4900  5854118         
  27926 11809       43.5121    81                     43.4900  5869246         
  28030 11868       43.4900    63                     43.4900  5888359         
  28153 11921       43.5900    63                     43.4900  5904390         
  28275 11989       43.4900    72                     43.4900  5930150         
  28413 12059       43.5442    74                     43.4900  5959929         
  28529 12106       43.4900    69                     43.4900  5989338         
  28690 12195    infeasible                           43.4900  6016247         
  28798 12253       43.5048    67                     43.4900  6041145         
Elapsed time = 3202.64 sec. (4279932.66 ticks, tree = 458.22 MB, solutions = 0)
  28891 12309       43.4900    71                     43.4900  6066844         
  28996 12357       43.4900    71                     43.4900  6092090         
  29079 12389       43.4900    81                     43.4900  6117577         
  29160 12431       43.4900    95                     43.4900  6138503         
  29254 12497       45.9933    94                     43.4900  6162500         
  29350 12563       43.5900    66                     43.4900  6186031         
  29444 12607       43.4900    64                     43.4900  6213450         
  29578 12656       43.6155    56                     43.4900  6243336         
  29684 12699       43.5717    78                     43.4900  6269182         
  29789 12762       45.9300    63                     43.4900  6296231         
Elapsed time = 3320.08 sec. (4433813.88 ticks, tree = 464.89 MB, solutions = 0)
  29889 12818    infeasible                           43.4900  6322691         
  30006 12867    infeasible                           43.4900  6349759         
  30130 12933       43.6324    74                     43.4900  6375081         
  30259 13010       43.5213    65                     43.4900  6402706         
  30384 13069       46.0800    64                     43.4900  6428671         
  30486 13114       43.5260    75                     43.4900  6453656         
  30604 13177       43.4900    86                     43.4900  6483852         
  30720 13233       43.6097    65                     43.4900  6512590         
  30852 13302       43.5415    67                     43.4900  6541788         
  30950 13346    infeasible                           43.4900  6572632         
Elapsed time = 3438.11 sec. (4587986.34 ticks, tree = 467.32 MB, solutions = 0)
  31099 13440       47.6654    70                     43.4900  6599561         
  31225 13494    infeasible                           43.4900  6629930         
  31355 13550       43.4900    85                     43.4900  6659134         
  31448 13605       43.4900    75                     43.4900  6684682         
  31569 13671       43.5451    95                     43.4900  6710151         
  31683 13741       43.5236    69                     43.4900  6736281         
  31829 13807       43.5877    70                     43.4900  6763795         
  31964 13856       46.4437    70                     43.4900  6794330         
  32112 13943       45.9294    77                     43.4900  6824102         
  32220 13986       43.5678    74                     43.4900  6850868         
Elapsed time = 3556.90 sec. (4742018.29 ticks, tree = 469.78 MB, solutions = 0)
  32321 14034       43.4900    84                     43.4900  6876682         
  32441 14081       43.4900    76                     43.4900  6905093         
  32537 14135       43.4900    80                     43.4900  6928950         

GUB cover cuts applied:  31
Clique cuts applied:  104
Cover cuts applied:  35
Implied bound cuts applied:  13
Flow cuts applied:  31
Mixed integer rounding cuts applied:  171
Zero-half cuts applied:  3
Gomory fractional cuts applied:  8

Root node processing (before b&c):
  Real time             =   18.58 sec. (20649.91 ticks)
Sequential b&c:
  Real time             = 3581.43 sec. (4777569.83 ticks)
                          ------------
Total (root+branch&cut) = 3600.00 sec. (4798219.74 ticks)
