Version identifier: 22.1.0.0 | 2022-03-09 | 1a383f8ce
CPXPARAM_Read_DataCheck                          1
CPXPARAM_Threads                                 1
CPXPARAM_TimeLimit                               3600
Tried aggregator 2 times.
MIP Presolve eliminated 4359 rows and 1463 columns.
MIP Presolve modified 32577 coefficients.
Aggregator did 515 substitutions.
Reduced MIP has 7992 rows, 1072 columns, and 57061 nonzeros.
Reduced MIP has 882 binaries, 0 generals, 0 SOSs, and 0 indicators.
Presolve time = 0.09 sec. (92.46 ticks)
Probing time = 0.01 sec. (5.59 ticks)
Tried aggregator 1 time.
Detecting symmetries...
Reduced MIP has 7992 rows, 1072 columns, and 57061 nonzeros.
Reduced MIP has 882 binaries, 0 generals, 0 SOSs, and 0 indicators.
Presolve time = 0.03 sec. (24.67 ticks)
Probing time = 0.01 sec. (6.87 ticks)
Clique table members: 4031.
MIP emphasis: balance optimality and feasibility.
MIP search method: dynamic search.
Parallel mode: none, using 1 thread.
Root relaxation solution time = 0.02 sec. (28.56 ticks)

        Nodes                                         Cuts/
   Node  Left     Objective  IInf  Best Integer    Best Bound    ItCnt     Gap

      0     0       24.8800   119                     24.8800      221         
      0     0       24.8800    76                   Cuts: 286      392         
      0     0       24.8800    92                  Cuts: 1700      639         
      0     0       24.8800    67                    Cuts: 42      750         
      0     0       24.8800    90                  Cuts: 1363      984         
Detecting symmetries...
      0     2       24.8800    50                     24.8800      984         
Elapsed time = 2.80 sec. (3479.13 ticks, tree = 0.01 MB, solutions = 0)
     18    18       25.2300    63                     24.8800     2174         
     23    23       24.8800    78                     24.8800     2476         
     30    30       24.8800    46                     24.8800     2715         
     40    40       24.8800    47                     24.8800     3143         
     57    57       24.8800    51                     24.8800     4499         
     80    78       24.8800    35                     24.8800     5931         
     91    87       24.8800    42                     24.8800     6488         
    112   108       25.2300    29                     24.8800     7603         
    132   122       24.8800    31                     24.8800     8504         
    171   152       24.8800    30                     24.8800    12961         
Elapsed time = 4.91 sec. (6972.64 ticks, tree = 2.13 MB, solutions = 0)
    265   196       27.1000    15                     24.8800    18208         
    313   226       27.0205    15                     24.8800    23107         
    343   228    infeasible                           24.8800    26535         
    418   240       24.8800    20                     24.8800    30645         
    490   265       25.3419    20                     24.8800    35246         
    529   271       27.1000    18                     24.8800    40135         
    588   301       24.8800    28                     24.8800    44699         
    650   333       24.8800    27                     24.8800    48756         
    686   327       27.9564    24                     24.8800    54307         
    744   369       24.8926    30                     24.8800    57138         
Elapsed time = 11.29 sec. (16659.57 ticks, tree = 5.36 MB, solutions = 0)
    813   413    infeasible                           24.8800    60164         
    870   434       25.7128    33                     24.8800    62902         
    924   461       24.8800    17                     24.8800    65746         
    960   472    infeasible                           24.8800    69659         

Performing restart 1

Repeating presolve.
Tried aggregator 1 time.
Reduced MIP has 7992 rows, 1072 columns, and 57061 nonzeros.
Reduced MIP has 882 binaries, 0 generals, 0 SOSs, and 0 indicators.
Presolve time = 0.02 sec. (19.40 ticks)
Tried aggregator 1 time.
Reduced MIP has 7992 rows, 1072 columns, and 57061 nonzeros.
Reduced MIP has 882 binaries, 0 generals, 0 SOSs, and 0 indicators.
Presolve time = 0.03 sec. (25.15 ticks)
Represolve time = 0.15 sec. (137.23 ticks)
   1016     0       24.8800    61                   Cuts: 301    72168         
   1016     0       24.8800    68                   Cuts: 645    72355         
   1016     0       24.8800    75                   Cuts: 160    72541         
   1016     0       24.8800    45                   Cuts: 123    72644         
   1016     0       24.8800    66                   Cuts: 694    72810         
   1016     0       24.8800    70                   Cuts: 154    72970         
   1016     2       24.8800    44                     24.8800    72970         
   1024     9       24.8800    51                     24.8800    73382         
   1033    16       24.9200    58                     24.8800    73716         
   1056    38       24.9200    55                     24.8800    74634         
   1080    59       24.9400    50                     24.8800    76189         
   1099    72       25.2900    42                     24.8800    78192         
Elapsed time = 20.75 sec. (31856.73 ticks, tree = 1.09 MB, solutions = 0)
   1133    91       25.6300    51                     24.8800    80123         
   1193   142       29.7300    20                     24.8800    83392         
   1235   176       25.7500    39                     24.8800    86262         
   1262   199       25.8600    21                     24.8800    88146         
   1304   237       24.9400    43                     24.8800    90268         
   1330   263       25.7922    28                     24.8800    93719         
   1390   314       24.9498    43                     24.8800    97117         
   1424   335       24.8800    42                     24.8800    99645         
   1486   394       25.1700    33                     24.8800   103150         
   1517   415       24.9900    46                     24.8800   105177         
Elapsed time = 27.16 sec. (41601.61 ticks, tree = 1.78 MB, solutions = 0)
   1555   451       26.1600    33                     24.8800   107786         
   1591   477       29.7700    29                     24.8800   110788         
   1637   513       25.7200    46                     24.8800   113901         
   1683   547       24.8800    44                     24.8800   116452         
   1710   569       30.3341    47                     24.8800   119321         
   1734   588       28.6965    52                     24.8800   122144         
   1758   608       24.9900    58                     24.8800   124580         
   1774   618       29.7800    60                     24.8800   127095         
   1813   646       26.6700    44                     24.8800   130591         
   1837   656       28.6576    51                     24.8800   134550         
Elapsed time = 33.91 sec. (51387.90 ticks, tree = 2.77 MB, solutions = 0)
   1857   669       24.9204    60                     24.8800   137497         
   1896   704       25.0300    33                     24.8800   140619         
   1931   733       25.0300    64                     24.8800   144449         
   1964   762       24.9900    59                     24.8800   147693         
   1981   775       24.8800    56                     24.8800   151754         
   1998   792       28.7100    26                     24.8800   154713         
   2022   810       25.6300    42                     24.8800   157548         

Performing restart 2

Repeating presolve.
Tried aggregator 1 time.
Reduced MIP has 7992 rows, 1072 columns, and 58367 nonzeros.
Reduced MIP has 882 binaries, 0 generals, 0 SOSs, and 0 indicators.
Presolve time = 0.02 sec. (19.83 ticks)
Tried aggregator 1 time.
Reduced MIP has 7992 rows, 1072 columns, and 58367 nonzeros.
Reduced MIP has 882 binaries, 0 generals, 0 SOSs, and 0 indicators.
Presolve time = 0.03 sec. (25.73 ticks)
Represolve time = 0.17 sec. (152.17 ticks)
   2032     0       24.8800    40                    Cuts: 46   159462         
   2032     0       24.8800    71                   Cuts: 813   159667         
   2032     0       24.8800    66                    Cuts: 96   159812         
   2032     0       24.8800    90                   Cuts: 941   160043         
   2032     0       24.8800    66                   Cuts: 481   160175         
   2032     0       24.8800    77                  Cuts: 1710   160348         
   2032     0       24.8800    84                   Cuts: 150   160566         
   2032     0       24.8800    53                   Cuts: 159   160694         
   2032     0       24.8800    66                   Cuts: 603   160900         
   2032     0       24.8800    65                   Cuts: 101   161075         
   2032     2       24.8800    40                     24.8800   161075         
   2037     7       24.8800    51                     24.8800   161565         
   2048    18       24.8800    41                     24.8800   161961         
Elapsed time = 52.92 sec. (78943.95 ticks, tree = 0.21 MB, solutions = 0)
   2059    29       24.8800    43                     24.8800   162462         
   2067    37       24.8800    49                     24.8800   163107         
   2072    42       24.8800    36                     24.8800   163491         
   2080    50       24.8800    49                     24.8800   164565         
   2088    57       24.8800    41                     24.8800   165271         
   2095    64       24.8800    35                     24.8800   166400         
   2107    75       26.0400    23                     24.8800   167635         
   2121    80       25.0607    26                     24.8800   169733         
   2141    93       28.6293    16                     24.8800   171214         
   2156   101       24.8994    33                     24.8800   172809         
Elapsed time = 58.89 sec. (89399.34 ticks, tree = 1.62 MB, solutions = 0)
   2182   120       26.3243    35                     24.8800   175020         
   2206   131       26.3782    22                     24.8800   177594         
   2240   136       27.2719    19                     24.8800   180337         
   2267   132       24.8800    34                     24.8800   182613         
   2297   141    infeasible                           24.8800   185123         
   2322   152    infeasible                           24.8800   187611         
   2355   169       28.9725    22                     24.8800   190088         
   2392   184       24.8957    30                     24.8800   193071         
   2436   215       29.6832    23                     24.8800   195754         
   2462   228       31.8867    25                     24.8800   198082         
Elapsed time = 65.38 sec. (99352.65 ticks, tree = 1.87 MB, solutions = 0)
   2493   250       27.3500    27                     24.8800   200829         
   2540   288       26.8360    31                     24.8800   203782         
   2582   301       25.6900    39                     24.8800   207720         
   2602   310       24.8800    43                     24.8800   209765         
   2613   321       24.8800    40                     24.8800   211075         
   2621   327       24.8800    39                     24.8800   212697         
   2640   341       27.4900    18                     24.8800   215391         
   2662   353    infeasible                           24.8800   217406         
   2712   396       27.5300     9                     24.8800   219918         
   2751   422       27.4900    27                     24.8800   222737         
Elapsed time = 71.88 sec. (109184.21 ticks, tree = 2.11 MB, solutions = 0)
   2794   456       24.9005    27                     24.8800   225288         
   2837   490       27.6018    19                     24.8800   227804         
   2879   518       24.8800    37                     24.8800   231223         
   2910   540       31.1202    15                     24.8800   234027         
   2922   546       25.8014    34                     24.8800   236824         
   2981   590       24.8800    34                     24.8800   239310         
   3020   613       24.9036    29                     24.8800   243166         
   3057   629    infeasible                           24.8800   246259         
   3107   670       29.2200    36                     24.8800   248381         
   3249   771       27.4900    22                     24.8800   259521         
Elapsed time = 81.35 sec. (121891.66 ticks, tree = 2.64 MB, solutions = 0)
   3446   909       25.1407    32                     24.8800   271556         
   3704  1102       27.4900    12                     24.8800   282756         
   3962  1290       30.9178    14                     24.8800   295562         
   4120  1389       24.8800    35                     24.8800   308522         
   4268  1496       24.9900    40                     24.8800   320106         
   4474  1646       24.8863    42                     24.8800   334232         
   4672  1774       29.5203    40                     24.8800   347539         
*  4808  1164      integral     0       27.5300       24.8800   355241    9.63%
   4845  1181       24.8800    30       27.5300       24.8800   359015    9.63%
   4932  1224       24.8800    28       27.5300       24.8800   367967    9.63%
*  5032+  882                           27.4900       24.8800             9.49%
   5061   909       26.2659    27       27.4900       24.8800   381922    9.49%
Elapsed time = 110.80 sec. (160590.20 ticks, tree = 2.71 MB, solutions = 2)
   5209  1005       26.1987    15       27.4900       24.8800   393663    9.49%
   5332  1065       25.8020    19       27.4900       24.8800   403993    9.49%
   5509  1137       25.8014    22       27.4900       24.8800   417502    9.49%
   5621  1190       24.8800    40       27.4900       24.8800   428494    9.49%
   5735  1235       27.3312    29       27.4900       24.8800   440143    9.49%
   5859  1303       26.0172    33       27.4900       24.8800   453722    9.49%
   6000  1380       25.5900    28       27.4900       24.8800   465152    9.49%
   6144  1461       24.8800    36       27.4900       24.8800   477560    9.49%
   6249  1510       27.0750    28       27.4900       24.8800   486701    9.49%
   6397  1564       26.0602    28       27.4900       24.8800   501070    9.49%
Elapsed time = 141.08 sec. (199792.84 ticks, tree = 3.62 MB, solutions = 2)
   6484  1605       25.6706    32       27.4900       24.8800   512361    9.49%
   6599  1661       24.9652    28       27.4900       24.8800   525162    9.49%
   6732  1708       24.8951    33       27.4900       24.8800   539202    9.49%
   6864  1769       24.8800    31       27.4900       24.8800   551927    9.49%
   6989  1828       24.8800    33       27.4900       24.8800   563738    9.49%
   7123  1887       26.6054    18       27.4900       24.8800   576579    9.49%
   7285  1929       24.8813    40       27.4900       24.8800   590668    9.49%
   7399  1979       24.8800    38       27.4900       24.8800   603295    9.49%
   7507  2016       26.0613    37       27.4900       24.8800   614092    9.49%
   7642  2093       24.8800    34       27.4900       24.8800   626573    9.49%
Elapsed time = 171.67 sec. (239076.17 ticks, tree = 4.49 MB, solutions = 2)
   7751  2147       25.4600    16       27.4900       24.8800   639853    9.49%
   7881  2213    infeasible             27.4900       24.8800   652759    9.49%
   7978  2254       24.8800    35       27.4900       24.8800   664941    9.49%
   8089  2294    infeasible             27.4900       24.8800   677943    9.49%
   8232  2378       24.8800    30       27.4900       24.8800   693305    9.49%
   8346  2438       25.1607    31       27.4900       24.8800   707405    9.49%
   8432  2477       25.9823    21       27.4900       24.8800   718433    9.49%
   8540  2539       26.9429    28       27.4900       24.8800   732009    9.49%
   8677  2595    infeasible             27.4900       24.8800   747331    9.49%
   8799  2650       24.8800    34       27.4900       24.8800   763333    9.49%
Elapsed time = 202.39 sec. (278412.71 ticks, tree = 5.45 MB, solutions = 2)
   8923  2716       25.2573    14       27.4900       24.8800   776025    9.49%
   9005  2737       24.8803    36       27.4900       24.8800   788444    9.49%
   9112  2775       24.8960    32       27.4900       24.8800   800919    9.49%
   9235  2824       24.9364    23       27.4900       24.8800   815307    9.49%
   9333  2856       24.8800    34       27.4900       24.8800   830538    9.49%
   9451  2905       24.9170    36       27.4900       24.8800   844394    9.49%
   9564  2942       25.6833    39       27.4900       24.8800   857496    9.49%
   9680  2985       24.8800    32       27.4900       24.8800   870451    9.49%
   9805  3034       26.4094    36       27.4900       24.8800   885211    9.49%
   9831  3054       26.2800    35       27.4900       24.8800   888584    9.49%
Elapsed time = 232.54 sec. (316927.77 ticks, tree = 6.17 MB, solutions = 2)
   9932  3106       25.8156    34       27.4900       24.8800   899648    9.49%
  10082  3188       25.0914    29       27.4900       24.8800   915444    9.49%
  10224  3251       25.8671    28       27.4900       24.8800   929193    9.49%
  10347  3317       26.2364    33       27.4900       24.8800   944251    9.49%
  10456  3365       25.1842    34       27.4900       24.8800   957710    9.49%
  10590  3410       24.8800    43       27.4900       24.8800   972753    9.49%
  10725  3457       25.5900    31       27.4900       24.8800   988378    9.49%
  10858  3512       24.8800    35       27.4900       24.8800  1002909    9.49%
  10977  3567       24.8800    37       27.4900       24.8800  1015280    9.49%
  11117  3638       24.8810    25       27.4900       24.8800  1027868    9.49%
Elapsed time = 263.42 sec. (356265.79 ticks, tree = 6.98 MB, solutions = 2)
  11218  3680       24.8800    30       27.4900       24.8800  1040848    9.49%
  11371  3738       24.9050    30       27.4900       24.8800  1054535    9.49%
  11493  3786       25.1515    38       27.4900       24.8800  1068461    9.49%
  11570  3823       26.4000    40       27.4900       24.8800  1076319    9.49%
  11655  3857       24.8800    43       27.4900       24.8800  1087327    9.49%
  11687  3886       24.8800    38       27.4900       24.8800  1091993    9.49%
  11768  3922    infeasible             27.4900       24.8800  1100743    9.49%
  11832  3934       25.3211    20       27.4900       24.8800  1108884    9.49%
  11938  3958       26.5678    20       27.4900       24.8800  1122265    9.49%
  12036  4005       24.8800    43       27.4900       24.8800  1134446    9.49%
Elapsed time = 292.42 sec. (395595.25 ticks, tree = 7.47 MB, solutions = 2)
  12097  4052       25.2300    46       27.4900       24.8800  1141888    9.49%
  12186  4121       25.1100    29       27.4900       24.8800  1150271    9.49%
  12292  4188       25.2300    33       27.4900       24.8800  1162437    9.49%
  12401  4252       27.4100    12       27.4900       24.8800  1176569    9.49%
  12494  4298       27.4100     9       27.4900       24.8800  1190462    9.49%
  12590  4339       25.2700    41       27.4900       24.8800  1202855    9.49%
  12700  4406       24.8800    33       27.4900       24.8800  1212874    9.49%
  12819  4463       24.8800    45       27.4900       24.8800  1225112    9.49%
  12879  4502    infeasible             27.4900       24.8800  1234262    9.49%
  13023  4599       25.9200    27       27.4900       24.8800  1246780    9.49%
Elapsed time = 321.88 sec. (434013.77 ticks, tree = 8.50 MB, solutions = 2)
  13129  4658       25.9910    43       27.4900       24.8800  1259879    9.49%
  13233  4716       25.5700    31       27.4900       24.8800  1271958    9.49%
  13342  4785       24.8800    41       27.4900       24.8800  1285511    9.49%
  13459  4849       24.8800    53       27.4900       24.8800  1298611    9.49%
  13555  4928       24.8800    38       27.4900       24.8800  1308357    9.49%
  13657  4992       24.8921    47       27.4900       24.8800  1320684    9.49%
  13745  5053       25.0145    41       27.4900       24.8800  1333754    9.49%
  13853  5123       24.8800    47       27.4900       24.8800  1344805    9.49%
  13921  5175       25.2300    35       27.4900       24.8800  1355769    9.49%
  13952  5200       26.7707    23       27.4900       24.8800  1361998    9.49%
Elapsed time = 351.51 sec. (472808.82 ticks, tree = 9.46 MB, solutions = 2)
  14054  5265       24.8800    44       27.4900       24.8800  1374736    9.49%
  14174  5335       27.0216     8       27.4900       24.8800  1388512    9.49%
  14287  5390       25.8200    28       27.4900       24.8800  1402514    9.49%
  14392  5455       26.9100    26       27.4900       24.8800  1416724    9.49%
  14497  5516       24.8800    40       27.4900       24.8800  1430085    9.49%
  14535  5543       26.7443    18       27.4900       24.8800  1435545    9.49%
* 14589  5570      integral     0       27.4600       24.8800  1443978    9.40%
* 14632+ 5586                           27.4500       24.8800             9.36%
  14632  5588       25.5793    29       27.4500       24.8800  1448395    9.36%
* 14732+ 5627                           27.4100       24.8800             9.23%
  14732  5628       25.3338    36       27.4100       24.8800  1461335    9.23%
  14821  5668       24.8800    50       27.4100       24.8800  1474261    9.23%
  14856  5691       24.8800    40       27.4100       24.8800  1479362    9.23%
Elapsed time = 383.23 sec. (513124.16 ticks, tree = 10.45 MB, solutions = 5)
  14932  5746       25.2300    32       27.4100       24.8800  1489368    9.23%
  15023  5798       24.8800    42       27.4100       24.8800  1504959    9.23%
  15054  5823       24.8869    45       27.4100       24.8800  1509454    9.23%
  15106  5851       25.7780    34       27.4100       24.8800  1518956    9.23%
  15212  5927    infeasible             27.4100       24.8800  1531781    9.23%
  15309  5999       24.8834    38       27.4100       24.8800  1544549    9.23%
  15437  6086       24.8938    30       27.4100       24.8800  1558177    9.23%
  15586  6170       25.9200    34       27.4100       24.8800  1573620    9.23%
  15730  6254       25.3247    32       27.4100       24.8800  1587977    9.23%
  15866  6329       25.5936    42       27.4100       24.8800  1600717    9.23%
Elapsed time = 414.38 sec. (553464.76 ticks, tree = 11.72 MB, solutions = 5)
  15984  6381       25.6621    30       27.4100       24.8800  1614551    9.23%
  16071  6438       25.2319    37       27.4100       24.8800  1626317    9.23%
  16206  6530       25.2748    43       27.4100       24.8800  1639995    9.23%
  16300  6596    infeasible             27.4100       24.8800  1653521    9.23%
  16419  6676       25.2496    37       27.4100       24.8800  1667277    9.23%
  16455  6695       26.1900    28       27.4100       24.8800  1673805    9.23%
  16556  6750       24.8800    51       27.4100       24.8800  1686979    9.23%
  16643  6814       24.8800    41       27.4100       24.8800  1698245    9.23%
  16754  6881       25.5900    38       27.4100       24.8800  1713676    9.23%
  16884  6962       25.7536    38       27.4100       24.8800  1726893    9.23%
Elapsed time = 444.19 sec. (591736.44 ticks, tree = 12.73 MB, solutions = 5)
  16978  7025       24.8969    51       27.4100       24.8800  1740361    9.23%
  17133  7133       26.3186    26       27.4100       24.8800  1753314    9.23%
  17244  7198       24.8800    48       27.4100       24.8800  1766634    9.23%
  17364  7266       24.8800    41       27.4100       24.8800  1781323    9.23%
  17432  7296       24.8825    32       27.4100       24.8800  1791400    9.23%
  17531  7357       25.2700    27       27.4100       24.8800  1803967    9.23%
  17632  7430       26.9100    21       27.4100       24.8800  1817823    9.23%
  17742  7497       24.8866    34       27.4100       24.8800  1830865    9.23%
  17849  7564       24.8800    61       27.4100       24.8800  1844448    9.23%
  17957  7628       24.8800    54       27.4100       24.8800  1856716    9.23%
Elapsed time = 474.54 sec. (630901.82 ticks, tree = 13.86 MB, solutions = 5)
  18091  7724       26.9100    18       27.4100       24.8800  1870712    9.23%
  18235  7808       26.2345    29       27.4100       24.8800  1886647    9.23%
  18377  7892       24.8800    41       27.4100       24.8800  1901854    9.23%
  18471  7954       24.9900    68       27.4100       24.8800  1915394    9.23%
  18596  8032       24.8800    42       27.4100       24.8800  1929907    9.23%
  18648  8059       27.0531    19       27.4100       24.8800  1937602    9.23%
  18756  8122    infeasible             27.4100       24.8800  1950893    9.23%
  18861  8181    infeasible             27.4100       24.8800  1962984    9.23%
  18956  8240       24.8996    35       27.4100       24.8800  1976516    9.23%
  19066  8301       26.4000    40       27.4100       24.8800  1990399    9.23%
Elapsed time = 504.98 sec. (669411.39 ticks, tree = 15.39 MB, solutions = 5)
  19144  8361       27.4000    26       27.4100       24.8800  2001562    9.23%
  19242  8421       26.8500    34       27.4100       24.8800  2014602    9.23%
  19306  8466       24.8879    45       27.4100       24.8800  2027053    9.23%
  19416  8520       24.8800    37       27.4100       24.8800  2039661    9.23%
  19507  8570       24.8800    69       27.4100       24.8800  2051282    9.23%
  19628  8633       24.9900    44       27.4100       24.8800  2067935    9.23%
  19732  8700       25.6959    41       27.4100       24.8800  2080316    9.23%
  19832  8766       26.1900    37       27.4100       24.8800  2095540    9.23%
  19933  8837       25.9400    28       27.4100       24.8800  2109633    9.23%
  20060  8916       24.8923    30       27.4100       24.8800  2123688    9.23%
Elapsed time = 537.31 sec. (710220.98 ticks, tree = 16.50 MB, solutions = 5)
  20208  8989       24.8800    21       27.4100       24.8800  2139751    9.23%
  20360  9077       24.9021    48       27.4100       24.8800  2155504    9.23%
  20447  9136       26.5770    28       27.4100       24.8800  2167400    9.23%
  20562  9207       24.8800    42       27.4100       24.8800  2181252    9.23%
  20664  9267    infeasible             27.4100       24.8800  2193725    9.23%
  20795  9314       25.2700    42       27.4100       24.8800  2207511    9.23%
  20877  9366       24.8800    66       27.4100       24.8800  2217396    9.23%
  20982  9434       26.4087    30       27.4100       24.8800  2229784    9.23%
  21109  9517       24.8800    44       27.4100       24.8800  2241738    9.23%
  21143  9535       25.9800    50       27.4100       24.8800  2248793    9.23%
Elapsed time = 567.06 sec. (748977.42 ticks, tree = 17.43 MB, solutions = 5)
  21232  9601       24.8800    48       27.4100       24.8800  2259804    9.23%
  21331  9664       25.2472    41       27.4100       24.8800  2273982    9.23%
  21428  9727       25.2300    57       27.4100       24.8800  2287559    9.23%
  21531  9802       24.8800    49       27.4100       24.8800  2300427    9.23%
  21595  9852       24.8800    44       27.4100       24.8800  2312934    9.23%
  21691  9912       24.8966    30       27.4100       24.8800  2327879    9.23%
  21770  9962       24.8800    47       27.4100       24.8800  2342155    9.23%
  21851 10016       24.8800    48       27.4100       24.8800  2354952    9.23%
  21950 10070       27.0185    20       27.4100       24.8800  2370717    9.23%
  22042 10123       24.9292    41       27.4100       24.8800  2383602    9.23%
Elapsed time = 597.39 sec. (787718.61 ticks, tree = 18.43 MB, solutions = 5)
  22132 10184       25.2300    31       27.4100       24.8800  2394931    9.23%
  22227 10249       25.3308    50       27.4100       24.8800  2408968    9.23%
  22307 10298       24.8811    57       27.4100       24.8800  2419212    9.23%
  22393 10353       24.9900    38       27.4100       24.8800  2433849    9.23%
  22507 10429       25.2300    33       27.4100       24.8800  2448478    9.23%
  22589 10481        cutoff             27.4100       24.8800  2461180    9.23%
  22672 10531       25.9200    47       27.4100       24.8800  2472667    9.23%
  22762 10590       26.4051    46       27.4100       24.8800  2485743    9.23%
  22848 10633       25.9475    32       27.4100       24.8800  2498188    9.23%
  22937 10690       24.8800    43       27.4100       24.8800  2510360    9.23%
Elapsed time = 629.34 sec. (827249.66 ticks, tree = 19.28 MB, solutions = 5)
  23027 10755       27.4000    41       27.4100       24.8800  2523555    9.23%
  23122 10814       24.9900    45       27.4100       24.8800  2537976    9.23%
  23215 10860       26.7433    36       27.4100       24.8800  2549380    9.23%
  23257 10874    infeasible             27.4100       24.8800  2554670    9.23%
  23383 10933       24.8800    40       27.4100       24.8800  2568350    9.23%
  23532 11015    infeasible             27.4100       24.8800  2583522    9.23%
  23662 11076       24.9900    32       27.4100       24.8800  2597192    9.23%
  23775 11126       26.4693    37       27.4100       24.8800  2612369    9.23%
  23880 11160       25.5900    35       27.4100       24.8800  2627508    9.23%
  23998 11206       26.4516    30       27.4100       24.8800  2641871    9.23%
Elapsed time = 661.04 sec. (865846.47 ticks, tree = 20.05 MB, solutions = 5)
  24105 11245       27.2857    40       27.4100       24.8800  2656628    9.23%
  24226 11298       25.6327    34       27.4100       24.8800  2670196    9.23%
  24331 11335       24.9041    35       27.4100       24.8800  2682674    9.23%
  24406 11370       25.5157    36       27.4100       24.8800  2694027    9.23%
  24511 11436       24.8800    46       27.4100       24.8800  2706325    9.23%
  24627 11496       24.8800    41       27.4100       24.8800  2720359    9.23%
  24670 11528       25.9724    40       27.4100       24.8800  2726257    9.23%
  24758 11579       24.8800    37       27.4100       24.8800  2740982    9.23%
  24852 11639       24.8800    49       27.4100       24.8800  2753719    9.23%
  24917 11689       26.0132    28       27.4100       24.8800  2767469    9.23%
Elapsed time = 691.45 sec. (904195.70 ticks, tree = 20.77 MB, solutions = 5)
  25023 11767       24.8809    49       27.4100       24.8800  2781096    9.23%
  25121 11835       25.9200    38       27.4100       24.8800  2794100    9.23%
  25217 11891    infeasible             27.4100       24.8800  2805528    9.23%
  25306 11952       26.3465    41       27.4100       24.8800  2820397    9.23%
  25395 12001       24.8800    44       27.4100       24.8800  2833383    9.23%
  25510 12051       24.8800    46       27.4100       24.8800  2846428    9.23%
  25643 12126       26.0400    41       27.4100       24.8800  2860618    9.23%
  25767 12207    infeasible             27.4100       24.8800  2876046    9.23%
  25901 12279       24.8800    32       27.4100       24.8800  2890690    9.23%
  25932 12299       24.9900    46       27.4100       24.8800  2894156    9.23%
Elapsed time = 722.83 sec. (943036.89 ticks, tree = 21.69 MB, solutions = 5)
  26037 12364       25.0863    46       27.4100       24.8800  2907656    9.23%
  26127 12414       24.9323    43       27.4100       24.8800  2918694    9.23%
  26205 12468       24.8811    57       27.4100       24.8800  2931504    9.23%
  26296 12530       26.9846    43       27.4100       24.8800  2944258    9.23%
  26394 12597       24.8800    42       27.4100       24.8800  2956153    9.23%
  26486 12661       25.8239    39       27.4100       24.8800  2968480    9.23%
  26607 12736        cutoff             27.4100       24.8800  2981569    9.23%
  26705 12792       24.9372    37       27.4100       24.8800  2993130    9.23%
  26788 12848       26.1077    33       27.4100       24.8800  3005096    9.23%
  26901 12922       25.1113    40       27.4100       24.8800  3017757    9.23%
Elapsed time = 753.40 sec. (981429.88 ticks, tree = 22.63 MB, solutions = 5)
  27040 13018       25.6900    37       27.4100       24.8800  3030181    9.23%
  27150 13107       26.1900    40       27.4100       24.8800  3040739    9.23%
  27251 13170       24.8800    39       27.4100       24.8800  3054293    9.23%
  27381 13261       25.7061    33       27.4100       24.8800  3066703    9.23%
  27510 13351        cutoff             27.4100       24.8800  3080918    9.23%
  27615 13425        cutoff             27.4100       24.8800  3094913    9.23%
  27728 13507       26.9000    32       27.4100       24.8800  3107537    9.23%
  27832 13580       25.6900    43       27.4100       24.8800  3118166    9.23%
  27968 13673       25.6987    38       27.4100       24.8800  3131968    9.23%
  28092 13752       25.2700    40       27.4100       24.8800  3144687    9.23%
Elapsed time = 787.54 sec. (1021631.07 ticks, tree = 23.87 MB, solutions = 5)
  28213 13837       25.7721    41       27.4100       24.8800  3159591    9.23%
  28340 13920    infeasible             27.4100       24.8800  3173629    9.23%
  28415 13967       25.6958    48       27.4100       24.8800  3185113    9.23%
  28485 14010       26.5886    36       27.4100       24.8800  3197519    9.23%
  28589 14078       25.9200    46       27.4100       24.8800  3211265    9.23%
  28683 14135       25.0472    45       27.4100       24.8800  3224255    9.23%
  28755 14170       24.8800    49       27.4100       24.8800  3238008    9.23%
  28846 14220       27.1300    25       27.4100       24.8800  3251457    9.23%
  28941 14278       25.5999    46       27.4100       24.8800  3264329    9.23%
  29061 14354    infeasible             27.4100       24.8800  3277581    9.23%
Elapsed time = 818.34 sec. (1060116.73 ticks, tree = 24.78 MB, solutions = 5)
  29174 14429       24.9054    39       27.4100       24.8800  3289824    9.23%
  29287 14491       25.1948    43       27.4100       24.8800  3303383    9.23%
  29384 14533       25.4600    27       27.4100       24.8800  3316482    9.23%
  29487 14582       24.9588    37       27.4100       24.8800  3331062    9.23%
  29600 14629       26.9100    28       27.4100       24.8800  3346883    9.23%
  29633 14653       24.8800    39       27.4100       24.8800  3351114    9.23%
  29764 14736       24.8800    42       27.4100       24.8800  3366889    9.23%
  29871 14799        cutoff             27.4100       24.8800  3382870    9.23%
  29988 14873       25.3800    41       27.4100       24.8800  3397408    9.23%
  30092 14941       24.8800    40       27.4100       24.8800  3411620    9.23%
Elapsed time = 849.50 sec. (1098513.27 ticks, tree = 25.98 MB, solutions = 5)
  30186 15004       27.3000    22       27.4100       24.8800  3424622    9.23%
  30278 15055       26.3300    26       27.4100       24.8800  3440879    9.23%
  30381 15111       25.5926    43       27.4100       24.8800  3454903    9.23%
  30472 15157       25.6713    50       27.4100       24.8800  3467476    9.23%
  30592 15243       26.4954    35       27.4100       24.8800  3481095    9.23%
  30675 15295       25.0315    45       27.4100       24.8800  3493063    9.23%
  30746 15339       24.8800    62       27.4100       24.8800  3505372    9.23%
  30826 15404       24.8800    44       27.4100       24.8800  3516706    9.23%
  30953 15495       26.0670    45       27.4100       24.8800  3528288    9.23%
  31068 15573       24.9627    37       27.4100       24.8800  3540524    9.23%
Elapsed time = 879.95 sec. (1136860.81 ticks, tree = 27.00 MB, solutions = 5)
  31132 15614       24.8905    56       27.4100       24.8800  3547212    9.23%
  31222 15677       24.8800    39       27.4100       24.8800  3559176    9.23%
  31316 15738       26.0500    17       27.4100       24.8800  3573809    9.23%
  31401 15791       24.9005    49       27.4100       24.8800  3586997    9.23%
  31499 15866       25.2492    45       27.4100       24.8800  3600346    9.23%
  31619 15930       25.6412    32       27.4100       24.8800  3615225    9.23%
  31751 15991       25.8518    32       27.4100       24.8800  3629033    9.23%
  31897 16059       25.4151    29       27.4100       24.8800  3643858    9.23%
  31992 16107       24.8850    45       27.4100       24.8800  3658792    9.23%
  32133 16192       25.2691    39       27.4100       24.8800  3672346    9.23%
Elapsed time = 911.14 sec. (1175783.85 ticks, tree = 28.51 MB, solutions = 5)
  32258 16245       24.8800    34       27.4100       24.8800  3687499    9.23%
  32393 16325       25.1422    42       27.4100       24.8800  3701687    9.23%
  32507 16390       25.2300    51       27.4100       24.8800  3714663    9.23%
  32541 16418       25.7208    38       27.4100       24.8800  3720643    9.23%
  32631 16455       27.0207    21       27.4100       24.8800  3734636    9.23%
  32770 16525       24.9588    43       27.4100       24.8800  3749275    9.23%
  32845 16571       24.9200    44       27.4100       24.8800  3760810    9.23%
  32941 16637       25.3208    29       27.4100       24.8800  3773075    9.23%
  33043 16706       25.5900    34       27.4100       24.8800  3786359    9.23%
  33137 16773       25.7031    35       27.4100       24.8800  3798833    9.23%
Elapsed time = 941.36 sec. (1214183.96 ticks, tree = 30.19 MB, solutions = 5)
  33232 16844       24.8800    41       27.4100       24.8800  3809167    9.23%
  33345 16922       24.9900    41       27.4100       24.8800  3823397    9.23%
  33445 16993       25.6300    37       27.4100       24.8800  3838769    9.23%
  33549 17075       25.3713    42       27.4100       24.8800  3852186    9.23%
  33667 17152       24.8800    45       27.4100       24.8800  3865510    9.23%
  33755 17201       27.1177    39       27.4100       24.8800  3878439    9.23%
  33874 17279       24.8800    41       27.4100       24.8800  3892442    9.23%
  34003 17365       25.1390    45       27.4100       24.8800  3906716    9.23%
  34032 17382       24.9900    48       27.4100       24.8800  3911103    9.23%
  34142 17447       25.1498    45       27.4100       24.8800  3924042    9.23%
Elapsed time = 972.73 sec. (1253115.43 ticks, tree = 31.21 MB, solutions = 5)
  34230 17503       24.8936    37       27.4100       24.8800  3937655    9.23%
  34345 17576       25.9687    24       27.4100       24.8800  3951472    9.23%
  34435 17623       25.9400    57       27.4100       24.8800  3963425    9.23%
  34524 17674       24.8910    44       27.4100       24.8800  3975735    9.23%
  34627 17736       26.1953    27       27.4100       24.8800  3990244    9.23%
  34739 17810       25.9400    40       27.4100       24.8800  4003542    9.23%
  34856 17883       25.9400    38       27.4100       24.8800  4017385    9.23%
  34949 17932       24.8800    50       27.4100       24.8800  4031558    9.23%
  35046 17980       25.8145    26       27.4100       24.8800  4045080    9.23%
  35137 18034        cutoff             27.4100       24.8800  4057586    9.23%
Elapsed time = 1004.16 sec. (1291507.61 ticks, tree = 32.10 MB, solutions = 5)
  35251 18117       24.8961    44       27.4100       24.8800  4069459    9.23%
  35363 18196    infeasible             27.4100       24.8800  4082656    9.23%
  35449 18266       25.9400    30       27.4100       24.8800  4095341    9.23%
  35577 18343       25.6724    36       27.4100       24.8800  4107171    9.23%
  35693 18418       25.9400    24       27.4100       24.8800  4120580    9.23%
  35782 18474       25.9800    36       27.4100       24.8800  4134024    9.23%
  35870 18529       26.0380    44       27.4100       24.8800  4144147    9.23%
  36002 18610       24.8800    47       27.4100       24.8800  4158463    9.23%
  36101 18670       24.8834    47       27.4100       24.8800  4170767    9.23%
  36218 18738       24.9200    35       27.4100       24.8800  4184817    9.23%
Elapsed time = 1034.68 sec. (1329828.73 ticks, tree = 33.23 MB, solutions = 5)
  36319 18806       25.6814    44       27.4100       24.8800  4198782    9.23%
  36452 18891       26.5319    32       27.4100       24.8800  4214001    9.23%
  36580 18960       26.0169    40       27.4100       24.8800  4229097    9.23%
  36635 18986    infeasible             27.4100       24.8800  4233821    9.23%
  36753 19067       24.8800    41       27.4100       24.8800  4246583    9.23%
  36869 19154       25.2200    37       27.4100       24.8800  4259683    9.23%
  36947 19193        cutoff             27.4100       24.8800  4273385    9.23%
  37024 19244       24.8800    49       27.4100       24.8800  4287078    9.23%
  37166 19340       25.8267    28       27.4100       24.8800  4301302    9.23%
  37302 19432       24.9363    40       27.4100       24.8800  4314761    9.23%
Elapsed time = 1065.83 sec. (1368185.88 ticks, tree = 34.34 MB, solutions = 5)
  37404 19500       24.8999    41       27.4100       24.8800  4328285    9.23%
  37506 19564       25.7108    39       27.4100       24.8800  4341413    9.23%
  37610 19623       26.0962    32       27.4100       24.8800  4354262    9.23%
  37747 19705       26.9100    15       27.4100       24.8800  4367702    9.23%
  37831 19752       24.8800    49       27.4100       24.8800  4380880    9.23%
  37956 19836       25.2700    39       27.4100       24.8800  4393084    9.23%
  38053 19890       26.2391    33       27.4100       24.8800  4404801    9.23%
  38119 19926       25.5900    57       27.4100       24.8800  4417290    9.23%
  38132 19934       26.2391    43       27.4100       24.8800  4419845    9.23%
  38240 20015       24.8801    43       27.4100       24.8800  4432516    9.23%
Elapsed time = 1096.25 sec. (1406851.88 ticks, tree = 35.48 MB, solutions = 5)
  38351 20099       24.9226    45       27.4100       24.8800  4446209    9.23%
  38437 20142       24.9937    41       27.4100       24.8800  4457858    9.23%
  38557 20208       25.0300    42       27.4100       24.8800  4471947    9.23%
  38658 20267       25.9687    26       27.4100       24.8800  4484623    9.23%
  38754 20326        cutoff             27.4100       24.8800  4499986    9.23%
  38883 20403       26.0008    39       27.4100       24.8800  4513010    9.23%
  38997 20475       25.3400    37       27.4100       24.8800  4527705    9.23%
  39121 20556       26.5400    43       27.4100       24.8800  4541926    9.23%
  39207 20607       25.6900    52       27.4100       24.8800  4555802    9.23%
  39325 20693       24.8800    42       27.4100       24.8800  4569607    9.23%
Elapsed time = 1127.42 sec. (1445257.75 ticks, tree = 36.50 MB, solutions = 5)
  39446 20737       25.1100    27       27.4100       24.8800  4585488    9.23%
  39590 20810       25.6109    31       27.4100       24.8800  4600943    9.23%
  39702 20866       26.0011    40       27.4100       24.8800  4614511    9.23%
  39800 20924       24.8800    57       27.4100       24.8800  4628446    9.23%
  39932 21019       26.7900    43       27.4100       24.8800  4640940    9.23%
  40057 21106       25.9200    33       27.4100       24.8800  4654260    9.23%
  40199 21185       25.8000    49       27.4100       24.8800  4667280    9.23%
  40232 21209       24.8858    47       27.4100       24.8800  4671955    9.23%
  40340 21273       25.7980    37       27.4100       24.8800  4684603    9.23%
  40432 21336       24.8800    50       27.4100       24.8800  4695023    9.23%
Elapsed time = 1157.92 sec. (1483687.36 ticks, tree = 37.48 MB, solutions = 5)
  40541 21415       26.9100    31       27.4100       24.8800  4710688    9.23%
  40652 21486       26.6374    40       27.4100       24.8800  4724133    9.23%
  40763 21562       25.3412    40       27.4100       24.8800  4737940    9.23%
  40890 21663       26.9213    32       27.4100       24.8800  4750623    9.23%
  41030 21751       24.9331    39       27.4100       24.8800  4764511    9.23%
  41151 21833       24.8839    33       27.4100       24.8800  4776046    9.23%
  41310 21937       27.2600    29       27.4100       24.8800  4788418    9.23%
  41453 22033       24.8800    42       27.4100       24.8800  4803364    9.23%
  41621 22140       27.1400    27       27.4100       24.8800  4816761    9.23%
  41744 22220       25.9200    31       27.4100       24.8800  4830937    9.23%
Elapsed time = 1188.17 sec. (1522197.26 ticks, tree = 38.82 MB, solutions = 5)
  41876 22311       26.9538    28       27.4100       24.8800  4845352    9.23%
  41999 22392       24.8820    39       27.4100       24.8800  4859511    9.23%
  42032 22421       25.1661    41       27.4100       24.8800  4865777    9.23%
  42142 22497       26.2343    30       27.4100       24.8800  4880184    9.23%
  42256 22570       25.4527    45       27.4100       24.8800  4895553    9.23%
  42396 22658       25.1100    32       27.4100       24.8800  4909208    9.23%
  42527 22749       26.5500    26       27.4100       24.8800  4924193    9.23%
  42645 22826       25.9400    34       27.4100       24.8800  4938991    9.23%
  42779 22908       27.3000    21       27.4100       24.8800  4953653    9.23%
  42909 22985       26.2161    46       27.4100       24.8800  4965933    9.23%
Elapsed time = 1219.50 sec. (1560736.34 ticks, tree = 39.98 MB, solutions = 5)
  43047 23082       25.7494    46       27.4100       24.8800  4978653    9.23%
  43185 23173       24.8800    59       27.4100       24.8800  4991648    9.23%
  43328 23272       27.0462    26       27.4100       24.8800  5003470    9.23%
  43443 23343       24.9985    48       27.4100       24.8800  5015911    9.23%
  43559 23417       25.7252    43       27.4100       24.8800  5027604    9.23%
  43670 23489       25.8793    45       27.4100       24.8800  5039780    9.23%
  43779 23564        cutoff             27.4100       24.8800  5050905    9.23%
  43888 23646       25.8200    30       27.4100       24.8800  5064236    9.23%
  43990 23717       25.9504    33       27.4100       24.8800  5078400    9.23%
  44105 23782       24.8804    57       27.4100       24.8800  5092339    9.23%
Elapsed time = 1250.77 sec. (1599118.23 ticks, tree = 41.18 MB, solutions = 5)
  44230 23872       26.9800    40       27.4100       24.8800  5106732    9.23%
  44270 23899       24.8800    43       27.4100       24.8800  5110751    9.23%
  44375 23978       26.0800    39       27.4100       24.8800  5125128    9.23%
  44491 24059       24.8800    51       27.4100       24.8800  5138896    9.23%
  44601 24125       24.8800    57       27.4100       24.8800  5152439    9.23%
  44732 24212        cutoff             27.4100       24.8800  5167144    9.23%
  44849 24298       26.2101    47       27.4100       24.8800  5180461    9.23%
  44963 24376       25.6917    53       27.4100       24.8800  5193693    9.23%
  45089 24458       24.8800    49       27.4100       24.8800  5207147    9.23%
  45209 24533       25.5900    54       27.4100       24.8800  5220357    9.23%
Elapsed time = 1282.25 sec. (1637698.44 ticks, tree = 42.32 MB, solutions = 5)
  45315 24612       26.2291    45       27.4100       24.8800  5233905    9.23%
  45435 24692    infeasible             27.4100       24.8800  5248269    9.23%
  45525 24753       24.8800    46       27.4100       24.8800  5263010    9.23%
  45634 24827       24.9162    51       27.4100       24.8800  5276787    9.23%
  45735 24885       24.8800    52       27.4100       24.8800  5290321    9.23%
  45836 24953       24.8800    46       27.4100       24.8800  5303967    9.23%
  45950 25037       25.5938    47       27.4100       24.8800  5316062    9.23%
  46048 25100       25.3278    41       27.4100       24.8800  5328881    9.23%
  46132 25140       24.8932    43       27.4100       24.8800  5338991    9.23%
  46266 25235       24.9900    41       27.4100       24.8800  5351342    9.23%
Elapsed time = 1314.49 sec. (1678378.99 ticks, tree = 43.38 MB, solutions = 5)
  46397 25325    infeasible             27.4100       24.8800  5364163    9.23%
  46529 25416       26.9100    38       27.4100       24.8800  5377940    9.23%
  46649 25504       26.9100    28       27.4100       24.8800  5391589    9.23%
  46771 25589       24.8800    37       27.4100       24.8800  5406081    9.23%
  46887 25666       24.9324    36       27.4100       24.8800  5419150    9.23%
  47006 25747       24.9235    32       27.4100       24.8800  5433131    9.23%
  47140 25837       24.8833    42       27.4100       24.8800  5447050    9.23%
  47265 25921       24.8802    35       27.4100       24.8800  5460328    9.23%
  47387 26002        cutoff             27.4100       24.8800  5474368    9.23%
  47507 26075       25.9800    27       27.4100       24.8800  5487409    9.23%
Elapsed time = 1345.81 sec. (1716823.62 ticks, tree = 44.66 MB, solutions = 5)
  47626 26150       25.9400    33       27.4100       24.8800  5500094    9.23%
  47768 26235        cutoff             27.4100       24.8800  5515228    9.23%
  47880 26308       25.4153    27       27.4100       24.8800  5529306    9.23%
  47999 26384       25.3453    37       27.4100       24.8800  5542873    9.23%
  48144 26468       26.2565    26       27.4100       24.8800  5557158    9.23%
  48316 26564       26.9267    25       27.4100       24.8800  5571026    9.23%
  48446 26637       25.4612    16       27.4100       24.8800  5580778    9.23%
  48584 26728       25.6459    45       27.4100       24.8800  5595402    9.23%
  48652 26782       26.9593    30       27.4100       24.8800  5608888    9.23%
  48778 26864       26.3091    32       27.4100       24.8800  5622728    9.23%
Elapsed time = 1376.72 sec. (1755151.12 ticks, tree = 45.92 MB, solutions = 5)
  48873 26925       24.9900    37       27.4100       24.8800  5635132    9.23%
  48988 26988       25.9800    39       27.4100       24.8800  5647995    9.23%
  49098 27053       26.0911    24       27.4100       24.8800  5661724    9.23%
  49181 27110       26.7466    48       27.4100       24.8800  5670564    9.23%
  49272 27175       25.2960    44       27.4100       24.8800  5683374    9.23%
  49376 27234       24.9900    54       27.4100       24.8800  5696780    9.23%
  49464 27287       25.6667    39       27.4100       24.8800  5710441    9.23%
  49561 27342       26.9100    36       27.4100       24.8800  5723385    9.23%
  49664 27404    infeasible             27.4100       24.8800  5737425    9.23%
  49767 27476       26.4608    35       27.4100       24.8800  5749972    9.23%
Elapsed time = 1407.21 sec. (1793813.20 ticks, tree = 46.84 MB, solutions = 5)
  49872 27541       24.8800    42       27.4100       24.8800  5762535    9.23%
  49932 27578       24.9478    39       27.4100       24.8800  5768785    9.23%
  50091 27669       24.9513    44       27.4100       24.8800  5783174    9.23%
  50236 27741       24.8800    45       27.4100       24.8800  5798944    9.23%
  50349 27802        cutoff             27.4100       24.8800  5812273    9.23%
  50448 27864       25.8017    46       27.4100       24.8800  5826539    9.23%
  50548 27924       27.3000    35       27.4100       24.8800  5841075    9.23%
  50663 28001       26.7500    34       27.4100       24.8800  5855211    9.23%
  50754 28055       24.8950    52       27.4100       24.8800  5870046    9.23%
  50870 28124       26.7511    27       27.4100       24.8800  5884502    9.23%
Elapsed time = 1438.62 sec. (1833250.69 ticks, tree = 48.02 MB, solutions = 5)
  50978 28194       26.7900    24       27.4100       24.8800  5899618    9.23%
  51107 28270       27.2600    18       27.4100       24.8800  5913864    9.23%
  51242 28346       24.8800    38       27.4100       24.8800  5928447    9.23%
  51380 28418       26.9100    26       27.4100       24.8800  5942858    9.23%
  51485 28476       25.7110    44       27.4100       24.8800  5956633    9.23%
  51589 28526       24.9630    55       27.4100       24.8800  5969199    9.23%
  51685 28579       25.3208    46       27.4100       24.8800  5982060    9.23%
  51790 28646       24.8800    52       27.4100       24.8800  5995463    9.23%
  51879 28703       25.4663    42       27.4100       24.8800  6007296    9.23%
  52007 28770       25.1100    19       27.4100       24.8800  6020133    9.23%
Elapsed time = 1469.75 sec. (1871587.52 ticks, tree = 49.01 MB, solutions = 5)
  52121 28837       25.9200    38       27.4100       24.8800  6032764    9.23%
  52197 28884       24.8918    33       27.4100       24.8800  6042486    9.23%
  52318 28948       25.1100    34       27.4100       24.8800  6055332    9.23%
  52449 29021       24.8805    47       27.4100       24.8800  6067306    9.23%
  52572 29081       26.6054    12       27.4100       24.8800  6081120    9.23%
  52702 29153       25.9200    54       27.4100       24.8800  6095206    9.23%
  52821 29221       25.9453    31       27.4100       24.8800  6109029    9.23%
  52943 29292       25.5766    24       27.4100       24.8800  6121606    9.23%
  53032 29337       24.8800    36       27.4100       24.8800  6130890    9.23%
  53169 29406       24.8800    44       27.4100       24.8800  6145080    9.23%
Elapsed time = 1501.52 sec. (1911618.46 ticks, tree = 49.98 MB, solutions = 5)
  53279 29467       26.9114    31       27.4100       24.8800  6157470    9.23%
  53344 29504       24.8800    49       27.4100       24.8800  6167751    9.23%
  53474 29575       26.1308    31       27.4100       24.8800  6181032    9.23%
  53589 29642       26.5981    18       27.4100       24.8800  6194506    9.23%
  53727 29701       24.9311    40       27.4100       24.8800  6207189    9.23%
  53842 29761       24.9888    49       27.4100       24.8800  6219806    9.23%
  53931 29813       25.5075    36       27.4100       24.8800  6233633    9.23%
  54042 29884       25.2109    54       27.4100       24.8800  6247777    9.23%
  54157 29945        cutoff             27.4100       24.8800  6263151    9.23%
  54240 29992    infeasible             27.4100       24.8800  6278015    9.23%
Elapsed time = 1532.42 sec. (1950225.81 ticks, tree = 50.89 MB, solutions = 5)
  54356 30072       24.8800    50       27.4100       24.8800  6291165    9.23%
  54465 30157       24.8800    54       27.4100       24.8800  6303635    9.23%
  54570 30233       24.8918    39       27.4100       24.8800  6317455    9.23%
  54693 30314       26.0500    39       27.4100       24.8800  6332534    9.23%
  54811 30393       25.2769    34       27.4100       24.8800  6346356    9.23%
  54913 30456    infeasible             27.4100       24.8800  6358926    9.23%
  55050 30555       25.5958    28       27.4100       24.8800  6373234    9.23%
  55162 30634       24.8918    43       27.4100       24.8800  6386718    9.23%
  55275 30711       26.0417    34       27.4100       24.8800  6400281    9.23%
  55365 30770       24.8800    41       27.4100       24.8800  6410055    9.23%
Elapsed time = 1563.42 sec. (1988766.81 ticks, tree = 52.07 MB, solutions = 5)
  55473 30843       24.8800    39       27.4100       24.8800  6422744    9.23%
  55593 30926       25.8200    21       27.4100       24.8800  6435284    9.23%
  55693 30987       26.4022    44       27.4100       24.8800  6448636    9.23%
  55795 31051       26.0800    50       27.4100       24.8800  6462200    9.23%
  55901 31140       26.7618    33       27.4100       24.8800  6474316    9.23%
  56004 31210       27.1800    30       27.4100       24.8800  6487037    9.23%
  56127 31292       24.8902    38       27.4100       24.8800  6498707    9.23%
  56260 31374    infeasible             27.4100       24.8800  6509442    9.23%
  56407 31475       24.8800    60       27.4100       24.8800  6523839    9.23%
  56523 31564       26.6052    34       27.4100       24.8800  6537321    9.23%
Elapsed time = 1594.19 sec. (2027411.15 ticks, tree = 53.28 MB, solutions = 5)
  56679 31670       24.8800    48       27.4100       24.8800  6550641    9.23%
  56794 31747       24.8800    49       27.4100       24.8800  6564797    9.23%
  56846 31787       27.3000    23       27.4100       24.8800  6570803    9.23%
  56979 31874       24.8800    40       27.4100       24.8800  6585140    9.23%
  57124 31971       24.9900    49       27.4100       24.8800  6599279    9.23%
  57259 32069       25.6600    32       27.4100       24.8800  6612154    9.23%
  57356 32121        cutoff             27.4100       24.8800  6626901    9.23%
  57446 32179       26.3143    33       27.4100       24.8800  6639642    9.23%
  57537 32248       25.9400    30       27.4100       24.8800  6652945    9.23%
  57663 32327       25.3115    42       27.4100       24.8800  6668421    9.23%
Elapsed time = 1625.41 sec. (2065863.51 ticks, tree = 54.45 MB, solutions = 5)
  57761 32385       25.5954    40       27.4100       24.8800  6683064    9.23%
  57838 32437       24.8800    57       27.4100       24.8800  6694693    9.23%
  57927 32494       26.7000    36       27.4100       24.8800  6708241    9.23%
  58017 32555       26.7500    24       27.4100       24.8800  6722612    9.23%
  58128 32623       24.9900    46       27.4100       24.8800  6737362    9.23%
  58232 32694       25.2700    49       27.4100       24.8800  6746337    9.23%
  58348 32765       26.9100    28       27.4100       24.8800  6760942    9.23%
  58462 32833       24.9262    53       27.4100       24.8800  6775977    9.23%
  58558 32895       24.8800    45       27.4100       24.8800  6788738    9.23%
  58675 32973       25.6120    41       27.4100       24.8800  6802224    9.23%
Elapsed time = 1657.48 sec. (2105398.74 ticks, tree = 56.76 MB, solutions = 5)
  58803 33052       26.0074    29       27.4100       24.8800  6814247    9.23%
  58926 33122       26.9254    21       27.4100       24.8800  6826414    9.23%
  59067 33201       26.9100    31       27.4100       24.8800  6840303    9.23%
  59210 33287    infeasible             27.4100       24.8800  6854339    9.23%
  59309 33342       24.9901    55       27.4100       24.8800  6867381    9.23%
  59381 33388       24.8800    47       27.4100       24.8800  6881497    9.23%
  59467 33439       24.8800    49       27.4100       24.8800  6894213    9.23%
  59566 33501       25.2076    40       27.4100       24.8800  6906920    9.23%
  59699 33572       24.8847    35       27.4100       24.8800  6919753    9.23%
  59840 33657       25.6724    39       27.4100       24.8800  6932666    9.23%
Elapsed time = 1688.53 sec. (2143951.64 ticks, tree = 57.82 MB, solutions = 5)
  59932 33720       27.0200    33       27.4100       24.8800  6942914    9.23%
  60043 33797       26.9009    31       27.4100       24.8800  6956358    9.23%
  60148 33863       24.8800    42       27.4100       24.8800  6971444    9.23%
  60280 33931       25.3617    40       27.4100       24.8800  6987545    9.23%
  60447 34021       24.8800    46       27.4100       24.8800  7002932    9.23%
  60544 34086       26.3500    40       27.4100       24.8800  7016860    9.23%
  60635 34145       25.3075    40       27.4100       24.8800  7029223    9.23%
  60776 34238       25.2300    53       27.4100       24.8800  7044504    9.23%
  60842 34269        cutoff             27.4100       24.8800  7056977    9.23%
  60921 34318       26.9000    42       27.4100       24.8800  7069014    9.23%
Elapsed time = 1720.82 sec. (2183304.14 ticks, tree = 58.83 MB, solutions = 5)
  61049 34395    infeasible             27.4100       24.8800  7084225    9.23%
  61132 34445       25.4550    56       27.4100       24.8800  7095239    9.23%
  61268 34548       24.8800    52       27.4100       24.8800  7108329    9.23%
  61412 34655       24.8800    48       27.4100       24.8800  7121700    9.23%
  61547 34753       25.6332    45       27.4100       24.8800  7134990    9.23%
  61653 34830        cutoff             27.4100       24.8800  7148826    9.23%
  61752 34902       25.5936    44       27.4100       24.8800  7162788    9.23%
  61887 34997       24.8961    42       27.4100       24.8800  7176167    9.23%
  62010 35081       26.4000    44       27.4100       24.8800  7190871    9.23%
  62100 35126       25.1954    50       27.4100       24.8800  7204217    9.23%
Elapsed time = 1754.30 sec. (2224258.03 ticks, tree = 60.07 MB, solutions = 5)
  62206 35201       25.9646    37       27.4100       24.8800  7215217    9.23%
  62332 35258       24.8800    27       27.4100       24.8800  7229121    9.23%
  62446 35325       24.8800    47       27.4100       24.8800  7241165    9.23%
  62536 35387       24.9202    46       27.4100       24.8800  7255614    9.23%
  62655 35470       25.0053    47       27.4100       24.8800  7263822    9.23%
  62750 35519       24.8800    57       27.4100       24.8800  7276551    9.23%
  62817 35566       25.6200    41       27.4100       24.8800  7290072    9.23%
  62921 35637       25.2765    27       27.4100       24.8800  7302876    9.23%
  63045 35716       24.8800    32       27.4100       24.8800  7317172    9.23%
  63177 35801       26.9100    22       27.4100       24.8800  7332148    9.23%
Elapsed time = 1784.63 sec. (2262709.90 ticks, tree = 64.82 MB, solutions = 5)
  63306 35882       25.9516    38       27.4100       24.8800  7345908    9.23%
  63445 35968       25.9772    35       27.4100       24.8800  7361772    9.23%
  63549 36031       24.9292    42       27.4100       24.8800  7374019    9.23%
  63665 36089       25.5936    39       27.4100       24.8800  7388701    9.23%
  63780 36170       26.7500    26       27.4100       24.8800  7401698    9.23%
  63884 36238       24.9987    44       27.4100       24.8800  7417156    9.23%
  63981 36292       24.9598    50       27.4100       24.8800  7431260    9.23%
  64075 36345       24.8800    37       27.4100       24.8800  7442554    9.23%
  64191 36416       25.5900    45       27.4100       24.8800  7457135    9.23%
  64280 36478       25.3222    53       27.4100       24.8800  7470675    9.23%
Elapsed time = 1815.37 sec. (2301127.54 ticks, tree = 65.86 MB, solutions = 5)
  64406 36558       24.9211    43       27.4100       24.8800  7484033    9.23%
  64572 36673       24.8917    37       27.4100       24.8800  7497497    9.23%
  64709 36760       24.8800    53       27.4100       24.8800  7512203    9.23%
  64819 36844       25.1538    36       27.4100       24.8800  7526478    9.23%
  64832 36852       24.9664    48       27.4100       24.8800  7528307    9.23%
  64911 36897       25.9400    34       27.4100       24.8800  7541912    9.23%
  65010 36959       26.4300    48       27.4100       24.8800  7556472    9.23%
  65100 37020    infeasible             27.4100       24.8800  7571006    9.23%
  65185 37082       24.8800    64       27.4100       24.8800  7585137    9.23%
  65281 37149       25.9439    42       27.4100       24.8800  7600133    9.23%
Elapsed time = 1846.37 sec. (2339809.88 ticks, tree = 66.89 MB, solutions = 5)
  65363 37213       25.2703    42       27.4100       24.8800  7612793    9.23%
  65470 37267       24.8851    34       27.4100       24.8800  7626461    9.23%
  65557 37306       24.8800    50       27.4100       24.8800  7638980    9.23%
  65637 37354        cutoff             27.4100       24.8800  7651124    9.23%
  65728 37411       27.3000    31       27.4100       24.8800  7663725    9.23%
  65806 37452       25.2700    49       27.4100       24.8800  7677664    9.23%
  65886 37511       26.9500    24       27.4100       24.8800  7690312    9.23%
  65971 37562       26.7900    42       27.4100       24.8800  7704107    9.23%
  66054 37611       25.5982    60       27.4100       24.8800  7717909    9.23%
  66127 37649       26.0282    42       27.4100       24.8800  7731167    9.23%
Elapsed time = 1877.85 sec. (2378685.19 ticks, tree = 67.92 MB, solutions = 5)
  66212 37697       26.0152    47       27.4100       24.8800  7745302    9.23%
  66319 37766       24.8862    42       27.4100       24.8800  7758186    9.23%
  66448 37852       24.8800    49       27.4100       24.8800  7771478    9.23%
  66542 37926       25.6300    38       27.4100       24.8800  7782669    9.23%
  66613 37977       24.9053    41       27.4100       24.8800  7793150    9.23%
  66743 38053       25.8632    29       27.4100       24.8800  7804965    9.23%
  66832 38114       24.8990    30       27.4100       24.8800  7817081    9.23%
  66971 38196       26.0406    36       27.4100       24.8800  7830509    9.23%
  67115 38288       25.6900    31       27.4100       24.8800  7844001    9.23%
  67159 38314       24.8800    46       27.4100       24.8800  7849718    9.23%
Elapsed time = 1907.90 sec. (2417085.97 ticks, tree = 68.94 MB, solutions = 5)
  67239 38372       27.0195    33       27.4100       24.8800  7861885    9.23%
  67344 38439       25.6204    48       27.4100       24.8800  7876495    9.23%
* 67442 36487      integral     0       26.9900       24.8800  7888645    7.82%
  67460 36496       24.8800    39       26.9900       24.8800  7890403    7.82%
* 67542+36364                           26.9700       24.8800             7.75%
  67547 36367        cutoff             26.9700       24.8800  7902177    7.75%
  67651 36445       24.8800    46       26.9700       24.8800  7915735    7.75%
  67739 36504       25.7022    36       26.9700       24.8800  7928389    7.75%
  67837 36573       25.0885    36       26.9700       24.8800  7941751    7.75%
  67969 36654       26.9142    33       26.9700       24.8800  7955589    7.75%
  68078 36711       24.8800    33       26.9700       24.8800  7970207    7.75%
  68184 36775       24.9900    45       26.9700       24.8800  7986493    7.75%
Elapsed time = 1939.41 sec. (2455787.88 ticks, tree = 66.23 MB, solutions = 7)
  68287 36851       25.0300    43       26.9700       24.8800  7999793    7.75%
  68392 36927       24.8840    52       26.9700       24.8800  8015427    7.75%
  68502 36999    infeasible             26.9700       24.8800  8027834    7.75%
  68543 37031       24.8842    40       26.9700       24.8800  8032617    7.75%
  68635 37095       24.8809    31       26.9700       24.8800  8047455    7.75%
  68743 37167       26.6394    39       26.9700       24.8800  8061795    7.75%
  68814 37219       24.8800    44       26.9700       24.8800  8073965    7.75%
  68940 37294       26.6100    24       26.9700       24.8800  8086463    7.75%
  69056 37371       26.5300    28       26.9700       24.8800  8102022    7.75%
  69130 37411       24.8800    61       26.9700       24.8800  8115600    7.75%
Elapsed time = 1970.38 sec. (2494236.53 ticks, tree = 67.22 MB, solutions = 7)
  69195 37451       26.7527    37       26.9700       24.8800  8129744    7.75%
  69314 37520       26.2763    45       26.9700       24.8800  8143531    7.75%
  69405 37568       24.9900    46       26.9700       24.8800  8157807    7.75%
  69508 37624       24.9126    49       26.9700       24.8800  8171398    7.75%
  69630 37701       25.0575    39       26.9700       24.8800  8186914    7.75%
  69729 37753       26.4000    54       26.9700       24.8800  8201259    7.75%
  69847 37831       26.1629    27       26.9700       24.8800  8214838    7.75%
  69952 37896       24.8851    40       26.9700       24.8800  8228902    7.75%
  70032 37940       26.0833    38       26.9700       24.8800  8239268    7.75%
  70117 37985       25.2817    37       26.9700       24.8800  8253249    7.75%
Elapsed time = 2003.10 sec. (2534336.69 ticks, tree = 68.17 MB, solutions = 7)
  70204 38034       24.8800    38       26.9700       24.8800  8266098    7.75%
  70297 38097       25.1230    44       26.9700       24.8800  8278328    7.75%
  70398 38153       24.8850    41       26.9700       24.8800  8290638    7.75%
  70483 38210       26.1355    32       26.9700       24.8800  8304117    7.75%
  70574 38270       25.3800    42       26.9700       24.8800  8316295    7.75%
  70647 38307       25.1169    52       26.9700       24.8800  8328791    7.75%
  70729 38360       24.8844    51       26.9700       24.8800  8341560    7.75%
  70845 38437       24.8800    61       26.9700       24.8800  8353776    7.75%
  70941 38498       24.8800    46       26.9700       24.8800  8367950    7.75%
  71041 38563       24.9204    49       26.9700       24.8800  8381023    7.75%
Elapsed time = 2035.02 sec. (2573013.81 ticks, tree = 69.07 MB, solutions = 7)
  71142 38627       25.2700    38       26.9700       24.8800  8393977    7.75%
  71212 38672       25.9400    45       26.9700       24.8800  8406627    7.75%
  71323 38737       25.2306    45       26.9700       24.8800  8420941    7.75%
  71425 38785       26.7500    46       26.9700       24.8800  8435363    7.75%
  71519 38846       25.2700    35       26.9700       24.8800  8449896    7.75%
  71536 38854       24.8878    51       26.9700       24.8800  8452500    7.75%
  71656 38917       24.8851    36       26.9700       24.8800  8467034    7.75%
  71776 38972       26.2628    31       26.9700       24.8800  8481573    7.75%
  71901 39030       25.1292    44       26.9700       24.8800  8495423    7.75%
  72026 39094       24.9311    41       26.9700       24.8800  8508752    7.75%
Elapsed time = 2066.60 sec. (2611626.37 ticks, tree = 69.95 MB, solutions = 7)
  72153 39161       25.1100    32       26.9700       24.8800  8523068    7.75%
  72266 39210       24.8840    40       26.9700       24.8800  8537468    7.75%
  72398 39272        cutoff             26.9700       24.8800  8551103    7.75%
  72501 39342       25.9416    30       26.9700       24.8800  8563653    7.75%
  72643 39423    infeasible             26.9700       24.8800  8579217    7.75%
  72802 39524       25.5495    39       26.9700       24.8800  8591877    7.75%
  72898 39591       25.0058    42       26.9700       24.8800  8604975    7.75%
  73006 39658       25.9800    29       26.9700       24.8800  8618557    7.75%
  73111 39727       26.4000    37       26.9700       24.8800  8632364    7.75%
  73214 39775       25.9400    61       26.9700       24.8800  8646547    7.75%
Elapsed time = 2098.11 sec. (2650038.42 ticks, tree = 71.07 MB, solutions = 7)
  73286 39814    infeasible             26.9700       24.8800  8659437    7.75%
  73384 39881        cutoff             26.9700       24.8800  8673275    7.75%
  73470 39933       24.8800    33       26.9700       24.8800  8686428    7.75%
  73569 39979       25.3411    38       26.9700       24.8800  8699964    7.75%
* 73632+37273                           26.7400       24.8800             6.96%
  73632 37275       24.9241    43       26.7400       24.8800  8707221    6.96%
  73727 37334       24.8800    55       26.7400       24.8800  8719643    6.96%
  73758 37358       25.0334    44       26.7400       24.8800  8722237    6.96%
  73885 37436       24.8961    38       26.7400       24.8800  8734801    6.96%
  73937 37460       25.7000    34       26.7400       24.8800  8741348    6.96%
  74031 37508    infeasible             26.7400       24.8800  8753763    6.96%
Elapsed time = 2129.77 sec. (2689496.48 ticks, tree = 67.43 MB, solutions = 8)
  74133 37568       24.8800    46       26.7400       24.8800  8767240    6.96%
  74257 37638       24.8800    46       26.7400       24.8800  8782576    6.96%
  74396 37721        cutoff             26.7400       24.8800  8796051    6.96%
  74546 37822       25.2300    42       26.7400       24.8800  8809716    6.96%
  74614 37863       25.6306    68       26.7400       24.8800  8821777    6.96%
  74675 37902       26.4400    38       26.7400       24.8800  8833481    6.96%
  74763 37959       26.4400    34       26.7400       24.8800  8847974    6.96%
  74848 38006       25.9524    55       26.7400       24.8800  8862048    6.96%
  74942 38065       24.8951    47       26.7400       24.8800  8875773    6.96%
  75020 38104       24.9204    47       26.7400       24.8800  8889975    6.96%
Elapsed time = 2161.34 sec. (2728146.14 ticks, tree = 68.35 MB, solutions = 8)
  75107 38153    infeasible             26.7400       24.8800  8902895    6.96%
  75206 38217       26.1500    37       26.7400       24.8800  8916673    6.96%
  75283 38270       24.9319    46       26.7400       24.8800  8926315    6.96%
  75403 38330    infeasible             26.7400       24.8800  8940772    6.96%
  75535 38418    infeasible             26.7400       24.8800  8955875    6.96%
  75639 38487       25.3400    35       26.7400       24.8800  8969235    6.96%
  75755 38564       24.8800    37       26.7400       24.8800  8983302    6.96%
  75872 38633        cutoff             26.7400       24.8800  8998744    6.96%
  75935 38662       25.1077    58       26.7400       24.8800  9009401    6.96%
  76024 38716       25.9527    39       26.7400       24.8800  9022610    6.96%
Elapsed time = 2192.92 sec. (2766647.74 ticks, tree = 69.29 MB, solutions = 8)
  76109 38755       26.0515    32       26.7400       24.8800  9036669    6.96%
  76189 38797       25.4604    41       26.7400       24.8800  9049761    6.96%
  76281 38851       25.7159    30       26.7400       24.8800  9065443    6.96%
  76348 38879       25.9800    38       26.7400       24.8800  9080152    6.96%
  76426 38917       25.7432    35       26.7400       24.8800  9093534    6.96%
  76475 38945       24.8887    50       26.7400       24.8800  9102546    6.96%
  76582 39017       25.5987    29       26.7400       24.8800  9115159    6.96%
  76688 39075       25.9800    31       26.7400       24.8800  9128203    6.96%
  76805 39136       24.8827    45       26.7400       24.8800  9141720    6.96%
  76909 39192       24.9900    50       26.7400       24.8800  9154791    6.96%
Elapsed time = 2224.63 sec. (2805007.13 ticks, tree = 70.10 MB, solutions = 8)
  77011 39245       24.8800    45       26.7400       24.8800  9167465    6.96%
  77112 39305       24.8800    48       26.7400       24.8800  9180584    6.96%
  77132 39322       25.9529    30       26.7400       24.8800  9183408    6.96%
  77231 39375       25.2316    42       26.7400       24.8800  9196794    6.96%
  77321 39429       26.4000    50       26.7400       24.8800  9209475    6.96%
  77405 39487    infeasible             26.7400       24.8800  9220226    6.96%
  77500 39544       25.9800    42       26.7400       24.8800  9234452    6.96%
  77623 39621       24.8800    52       26.7400       24.8800  9247971    6.96%
  77709 39680       25.2417    53       26.7400       24.8800  9260514    6.96%
  77820 39760       24.9513    41       26.7400       24.8800  9275446    6.96%
Elapsed time = 2256.44 sec. (2844085.37 ticks, tree = 70.97 MB, solutions = 8)
  77938 39818       25.7860    46       26.7400       24.8800  9289722    6.96%
  78024 39864       25.7019    44       26.7400       24.8800  9302050    6.96%
  78157 39946       24.8800    50       26.7400       24.8800  9316400    6.96%
  78299 40030       24.9550    59       26.7400       24.8800  9331453    6.96%
  78410 40093       25.9400    30       26.7400       24.8800  9345907    6.96%
  78534 40172    infeasible             26.7400       24.8800  9359729    6.96%
  78599 40219       25.3463    39       26.7400       24.8800  9372278    6.96%
  78675 40270       24.8800    50       26.7400       24.8800  9385152    6.96%
  78746 40308       24.9900    52       26.7400       24.8800  9399505    6.96%
  78821 40348       24.8800    50       26.7400       24.8800  9412152    6.96%
Elapsed time = 2288.62 sec. (2882569.25 ticks, tree = 71.88 MB, solutions = 8)
  78955 40431       24.8824    41       26.7400       24.8800  9426958    6.96%
  79063 40485       24.9927    46       26.7400       24.8800  9441826    6.96%
  79151 40513       25.6900    62       26.7400       24.8800  9456161    6.96%
  79249 40562    infeasible             26.7400       24.8800  9469795    6.96%
  79342 40604       26.0900    31       26.7400       24.8800  9484610    6.96%
  79432 40662       24.9159    41       26.7400       24.8800  9494717    6.96%
  79543 40726       24.9550    54       26.7400       24.8800  9508747    6.96%
  79652 40786       24.8874    49       26.7400       24.8800  9523287    6.96%
  79752 40840       24.9963    45       26.7400       24.8800  9535799    6.96%
  79818 40867       24.8800    41       26.7400       24.8800  9548648    6.96%
Elapsed time = 2321.73 sec. (2922365.02 ticks, tree = 72.68 MB, solutions = 8)
  79926 40911       24.8800    53       26.7400       24.8800  9562366    6.96%
  80005 40946       25.6145    49       26.7400       24.8800  9574990    6.96%
  80080 40992       25.5322    38       26.7400       24.8800  9586772    6.96%
  80168 41042       25.0226    48       26.7400       24.8800  9598168    6.96%
  80297 41118       24.9392    50       26.7400       24.8800  9610093    6.96%
  80407 41189       24.8800    46       26.7400       24.8800  9624346    6.96%
  80509 41252    infeasible             26.7400       24.8800  9638717    6.96%
  80622 41318       25.5900    41       26.7400       24.8800  9652677    6.96%
  80729 41389       25.2563    42       26.7400       24.8800  9668486    6.96%
  80823 41451       24.8951    45       26.7400       24.8800  9681804    6.96%
Elapsed time = 2353.11 sec. (2960739.71 ticks, tree = 73.66 MB, solutions = 8)
  80917 41512       25.9466    32       26.7400       24.8800  9692970    6.96%
  81011 41562       24.8800    34       26.7400       24.8800  9706344    6.96%
  81103 41619       25.9200    36       26.7400       24.8800  9719179    6.96%
  81194 41673       25.9492    45       26.7400       24.8800  9732618    6.96%
  81232 41695       25.9416    38       26.7400       24.8800  9737977    6.96%
  81352 41766       24.9900    39       26.7400       24.8800  9751336    6.96%
  81464 41837       24.9900    38       26.7400       24.8800  9764504    6.96%
  81582 41907       24.9307    57       26.7400       24.8800  9779353    6.96%
  81704 41977       26.0500    38       26.7400       24.8800  9792940    6.96%
  81847 42066        cutoff             26.7400       24.8800  9805955    6.96%
Elapsed time = 2385.15 sec. (3000263.53 ticks, tree = 74.87 MB, solutions = 8)
  81967 42141       25.2365    39       26.7400       24.8800  9820153    6.96%
  82077 42197       24.9976    48       26.7400       24.8800  9834595    6.96%
  82162 42253       26.2095    37       26.7400       24.8800  9848227    6.96%
  82250 42304       24.9147    51       26.7400       24.8800  9861641    6.96%
  82307 42344       24.8800    42       26.7400       24.8800  9872026    6.96%
  82439 42427       25.9400    33       26.7400       24.8800  9886151    6.96%
  82584 42522       24.9034    52       26.7400       24.8800  9899931    6.96%
  82719 42609       25.2409    37       26.7400       24.8800  9914218    6.96%
  82836 42677       25.3800    43       26.7400       24.8800  9928628    6.96%
  82936 42742       24.8800    56       26.7400       24.8800  9942821    6.96%
Elapsed time = 2417.07 sec. (3038610.35 ticks, tree = 75.92 MB, solutions = 8)
  83051 42811        cutoff             26.7400       24.8800  9957259    6.96%
  83132 42863       25.9400    40       26.7400       24.8800  9968317    6.96%
  83213 42906       24.9900    41       26.7400       24.8800  9982760    6.96%
  83331 42983       25.2700    40       26.7400       24.8800  9997572    6.96%
  83425 43022       24.8800    51       26.7400       24.8800 10013659    6.96%
  83497 43066       25.2700    50       26.7400       24.8800 10025700    6.96%
  83576 43112       25.6804    41       26.7400       24.8800 10040639    6.96%
  83651 43155       24.9769    45       26.7400       24.8800 10055122    6.96%
  83752 43224       24.9210    45       26.7400       24.8800 10068037    6.96%
  83880 43297       24.8801    42       26.7400       24.8800 10081316    6.96%
Elapsed time = 2451.12 sec. (3079987.92 ticks, tree = 76.84 MB, solutions = 8)
  83978 43364       25.0298    40       26.7400       24.8800 10095337    6.96%
  84056 43398       25.0371    53       26.7400       24.8800 10108022    6.96%
  84154 43454       25.9400    41       26.7400       24.8800 10120999    6.96%
  84234 43504       24.8826    46       26.7400       24.8800 10133393    6.96%
  84299 43534       25.7566    50       26.7400       24.8800 10145849    6.96%
  84385 43586       25.7432    37       26.7400       24.8800 10159361    6.96%
  84474 43634       24.9900    52       26.7400       24.8800 10171652    6.96%
  84564 43689       25.0599    44       26.7400       24.8800 10184558    6.96%
  84670 43745       25.5909    43       26.7400       24.8800 10198579    6.96%
  84788 43795       25.1100    23       26.7400       24.8800 10212067    6.96%
Elapsed time = 2483.21 sec. (3118717.28 ticks, tree = 77.61 MB, solutions = 8)
  84897 43839       24.9900    35       26.7400       24.8800 10225259    6.96%
  85009 43897       25.2684    33       26.7400       24.8800 10238864    6.96%
  85055 43912       24.8800    49       26.7400       24.8800 10245829    6.96%
  85172 43955       24.9059    42       26.7400       24.8800 10260957    6.96%
  85289 43993       24.9617    40       26.7400       24.8800 10275812    6.96%
  85392 44026       24.8800    41       26.7400       24.8800 10290541    6.96%
  85500 44068       24.8828    39       26.7400       24.8800 10303939    6.96%
  85639 44133       25.1492    35       26.7400       24.8800 10317145    6.96%
  85718 44180       25.6034    37       26.7400       24.8800 10328963    6.96%
  85852 44244       25.6545    31       26.7400       24.8800 10343928    6.96%
Elapsed time = 2513.95 sec. (3157102.60 ticks, tree = 78.45 MB, solutions = 8)
  85972 44313       25.9416    34       26.7400       24.8800 10358992    6.96%
  86112 44394       25.5204    43       26.7400       24.8800 10372884    6.96%
  86230 44463       24.8800    47       26.7400       24.8800 10387168    6.96%
  86332 44519       25.0708    43       26.7400       24.8800 10400642    6.96%
  86447 44581       24.8800    42       26.7400       24.8800 10414070    6.96%
  86535 44632       24.8800    43       26.7400       24.8800 10427645    6.96%
  86662 44719       25.0208    53       26.7400       24.8800 10442620    6.96%
  86771 44781       25.5900    66       26.7400       24.8800 10458038    6.96%
  86847 44811    infeasible             26.7400       24.8800 10471851    6.96%
  86951 44841       25.6900    62       26.7400       24.8800 10485124    6.96%
Elapsed time = 2548.68 sec. (3198951.38 ticks, tree = 79.38 MB, solutions = 8)
  87024 44888       24.8800    50       26.7400       24.8800 10496941    6.96%
  87128 44951       24.8890    45       26.7400       24.8800 10511004    6.96%
  87243 45022       24.8800    66       26.7400       24.8800 10522434    6.96%
  87360 45094       24.8800    50       26.7400       24.8800 10536502    6.96%
  87457 45163       25.2763    49       26.7400       24.8800 10549958    6.96%
  87562 45222       25.3800    39       26.7400       24.8800 10562757    6.96%
  87661 45277       25.0604    50       26.7400       24.8800 10574457    6.96%
  87772 45345       25.9400    38       26.7400       24.8800 10587110    6.96%
  87856 45398       25.2300    53       26.7400       24.8800 10599488    6.96%
  87958 45457       26.4248    34       26.7400       24.8800 10612709    6.96%
Elapsed time = 2580.21 sec. (3237715.43 ticks, tree = 80.34 MB, solutions = 8)
  88044 45498       24.8800    58       26.7400       24.8800 10625726    6.96%
  88131 45552       24.8857    60       26.7400       24.8800 10638752    6.96%
  88227 45602       26.4000    44       26.7400       24.8800 10653011    6.96%
  88267 45619       25.6368    54       26.7400       24.8800 10664258    6.96%
  88351 45672       24.8800    50       26.7400       24.8800 10678499    6.96%
  88428 45713       26.0046    38       26.7400       24.8800 10692717    6.96%
  88480 45742       24.8800    42       26.7400       24.8800 10699160    6.96%
  88577 45798       25.6938    44       26.7400       24.8800 10712374    6.96%
  88691 45865    infeasible             26.7400       24.8800 10725359    6.96%
  88768 45912       24.8800    53       26.7400       24.8800 10738715    6.96%
Elapsed time = 2611.33 sec. (3276089.82 ticks, tree = 81.12 MB, solutions = 8)
  88868 45985       25.8569    24       26.7400       24.8800 10751323    6.96%
  88979 46057       24.9900    55       26.7400       24.8800 10763947    6.96%
  89068 46109       25.2300    49       26.7400       24.8800 10776759    6.96%
  89132 46149       25.9200    35       26.7400       24.8800 10785181    6.96%
  89236 46211       24.9742    61       26.7400       24.8800 10798494    6.96%
  89331 46258    infeasible             26.7400       24.8800 10812573    6.96%
  89432 46315       24.8837    48       26.7400       24.8800 10826136    6.96%
  89552 46390       24.8800    40       26.7400       24.8800 10840929    6.96%
  89684 46462       26.3100    41       26.7400       24.8800 10854854    6.96%
  89757 46506       24.9900    48       26.7400       24.8800 10868241    6.96%
Elapsed time = 2644.80 sec. (3316603.96 ticks, tree = 83.04 MB, solutions = 8)
  89880 46584        cutoff             26.7400       24.8800 10882485    6.96%
  89978 46639       24.9254    56       26.7400       24.8800 10894875    6.96%
  90085 46697       25.5972    44       26.7400       24.8800 10908119    6.96%
  90199 46765       25.4688    45       26.7400       24.8800 10921714    6.96%
  90321 46829    infeasible             26.7400       24.8800 10936445    6.96%
  90427 46885       25.0129    46       26.7400       24.8800 10950546    6.96%
  90520 46927       24.9900    48       26.7400       24.8800 10963892    6.96%
  90612 46972       24.8843    61       26.7400       24.8800 10976377    6.96%
  90720 47041       24.9900    52       26.7400       24.8800 10989760    6.96%
  90800 47081       25.9400    40       26.7400       24.8800 11002577    6.96%
Elapsed time = 2678.23 sec. (3355316.55 ticks, tree = 84.06 MB, solutions = 8)
  90888 47133       25.2300    45       26.7400       24.8800 11015095    6.96%
  90992 47197       24.8800    37       26.7400       24.8800 11028263    6.96%
  91108 47252       26.0799    23       26.7400       24.8800 11040906    6.96%
  91220 47293       24.8801    35       26.7400       24.8800 11054389    6.96%
  91325 47331       25.9843    44       26.7400       24.8800 11068361    6.96%
  91366 47351       26.4300    45       26.7400       24.8800 11074179    6.96%
  91453 47397       25.9403    19       26.7400       24.8800 11086729    6.96%
  91561 47459       25.6926    48       26.7400       24.8800 11101854    6.96%
  91646 47506       24.8800    64       26.7400       24.8800 11114521    6.96%
  91712 47549       26.4302    31       26.7400       24.8800 11126778    6.96%
Elapsed time = 2709.17 sec. (3393815.83 ticks, tree = 84.80 MB, solutions = 8)
  91799 47601       24.8851    54       26.7400       24.8800 11141425    6.96%
  91883 47645       26.1343    32       26.7400       24.8800 11154602    6.96%
  91957 47687       25.0277    43       26.7400       24.8800 11167661    6.96%
  92032 47721       24.8883    48       26.7400       24.8800 11177320    6.96%
  92110 47768       24.9900    46       26.7400       24.8800 11189241    6.96%
  92186 47803       25.5033    44       26.7400       24.8800 11202292    6.96%
  92272 47853       25.9515    28       26.7400       24.8800 11214615    6.96%
  92406 47925       25.9444    33       26.7400       24.8800 11229639    6.96%
  92469 47955       24.8826    57       26.7400       24.8800 11242298    6.96%
  92532 47993       26.5700    24       26.7400       24.8800 11252530    6.96%
Elapsed time = 2742.91 sec. (3435531.19 ticks, tree = 85.50 MB, solutions = 8)
  92598 48028       24.9900    42       26.7400       24.8800 11265110    6.96%
  92678 48058       26.3450    41       26.7400       24.8800 11277122    6.96%
  92752 48087        cutoff             26.7400       24.8800 11290393    6.96%
  92835 48139       25.9212    44       26.7400       24.8800 11302794    6.96%
  92908 48190       24.9900    42       26.7400       24.8800 11314309    6.96%
  93017 48270       24.8800    51       26.7400       24.8800 11327204    6.96%
  93111 48336       24.8800    37       26.7400       24.8800 11340929    6.96%
  93198 48392       25.8188    43       26.7400       24.8800 11356831    6.96%
  93290 48452       26.2056    17       26.7400       24.8800 11372555    6.96%
  93406 48519       25.2912    36       26.7400       24.8800 11386951    6.96%
Elapsed time = 2775.14 sec. (3474056.75 ticks, tree = 86.33 MB, solutions = 8)
  93511 48585       25.7005    38       26.7400       24.8800 11402467    6.96%
  93625 48658       24.8800    39       26.7400       24.8800 11417821    6.96%
  93734 48728       25.0794    58       26.7400       24.8800 11433176    6.96%
  93808 48770       24.8800    50       26.7400       24.8800 11447735    6.96%
  93924 48850       26.0800    30       26.7400       24.8800 11463022    6.96%
  94055 48927       24.9900    48       26.7400       24.8800 11475827    6.96%
  94161 49000       24.9276    42       26.7400       24.8800 11490575    6.96%
  94269 49071       24.8800    50       26.7400       24.8800 11506315    6.96%
  94361 49132       24.9907    49       26.7400       24.8800 11520716    6.96%
  94432 49191       25.5089    34       26.7400       24.8800 11530806    6.96%
Elapsed time = 2808.32 sec. (3514490.99 ticks, tree = 87.46 MB, solutions = 8)
  94516 49230       24.9433    52       26.7400       24.8800 11544808    6.96%
  94615 49290       25.9400    26       26.7400       24.8800 11559106    6.96%
  94756 49365       24.9298    38       26.7400       24.8800 11573318    6.96%
  94860 49427       24.9489    44       26.7400       24.8800 11585686    6.96%
  94942 49472       24.8939    43       26.7400       24.8800 11600799    6.96%
  95062 49555       25.0268    39       26.7400       24.8800 11614032    6.96%
  95171 49614       24.8800    41       26.7400       24.8800 11626699    6.96%
  95272 49675       24.9168    41       26.7400       24.8800 11639847    6.96%
  95367 49731       25.6981    37       26.7400       24.8800 11652045    6.96%
  95491 49809    infeasible             26.7400       24.8800 11665635    6.96%
Elapsed time = 2840.13 sec. (3552895.09 ticks, tree = 88.43 MB, solutions = 8)
  95614 49877       25.7094    37       26.7400       24.8800 11681040    6.96%
  95711 49934       25.0518    52       26.7400       24.8800 11694938    6.96%
  95795 49980       24.8800    48       26.7400       24.8800 11708278    6.96%
  95901 50044    infeasible             26.7400       24.8800 11724208    6.96%
  95968 50093       24.8800    46       26.7400       24.8800 11735983    6.96%
  96069 50150       24.8800    52       26.7400       24.8800 11751218    6.96%
  96176 50221       24.8800    45       26.7400       24.8800 11764281    6.96%
  96283 50282       25.0370    41       26.7400       24.8800 11779808    6.96%
  96367 50340       25.2436    36       26.7400       24.8800 11795311    6.96%
  96496 50426       24.8915    46       26.7400       24.8800 11809414    6.96%
Elapsed time = 2871.30 sec. (3591576.94 ticks, tree = 89.40 MB, solutions = 8)
  96532 50449       25.0132    43       26.7400       24.8800 11814910    6.96%
  96630 50509       26.0865    28       26.7400       24.8800 11830914    6.96%
  96733 50561       24.8800    47       26.7400       24.8800 11845370    6.96%
  96812 50608       26.1733    41       26.7400       24.8800 11859909    6.96%
  96915 50669       25.7700    23       26.7400       24.8800 11873941    6.96%
  97018 50725       24.9551    45       26.7400       24.8800 11888846    6.96%
  97102 50778       24.8800    46       26.7400       24.8800 11903396    6.96%
  97225 50844       26.2266    33       26.7400       24.8800 11918569    6.96%
  97321 50896       25.0668    47       26.7400       24.8800 11933753    6.96%
  97679 51112       25.5906    48       26.7400       24.8800 11991699    6.96%
Elapsed time = 2912.02 sec. (3641725.89 ticks, tree = 90.55 MB, solutions = 8)
  98032 51332       25.3820    42       26.7400       24.8800 12046241    6.96%
  98264 51478       25.2424    43       26.7400       24.8800 12088145    6.96%
  98578 51659       24.8800    56       26.7400       24.8800 12143612    6.96%
  98927 51882       25.0183    50       26.7400       24.8800 12199029    6.96%
  99315 52120    infeasible             26.7400       24.8800 12252032    6.96%
  99725 52373       26.2024    38       26.7400       24.8800 12311085    6.96%
 100032 52555       25.6036    42       26.7400       24.8800 12360093    6.96%
 100367 52743       24.8800    53       26.7400       24.8800 12416548    6.96%
 100826 53002       25.8000    42       26.7400       24.8800 12475656    6.96%
 101169 53214       26.0800    39       26.7400       24.8800 12529960    6.96%
Elapsed time = 3037.98 sec. (3796377.16 ticks, tree = 94.28 MB, solutions = 8)
 101504 53414       25.0719    37       26.7400       24.8800 12582664    6.96%
 101874 53636       24.9320    37       26.7400       24.8800 12633253    6.96%
 102171 53805    infeasible             26.7400       24.8800 12684491    6.96%
 102498 54001       24.8800    55       26.7400       24.8800 12728386    6.96%
 102972 54303       26.6609    24       26.7400       24.8800 12781409    6.96%
 103378 54549       25.9800    29       26.7400       24.8800 12834880    6.96%
 103775 54776       25.9400    24       26.7400       24.8800 12894110    6.96%
 104132 54989       24.8800    63       26.7400       24.8800 12944280    6.96%
 104547 55232       26.1900    26       26.7400       24.8800 13002328    6.96%
 104934 55448       25.5900    55       26.7400       24.8800 13058290    6.96%
Elapsed time = 3162.57 sec. (3949928.92 ticks, tree = 97.81 MB, solutions = 8)
 105268 55655       25.5945    37       26.7400       24.8800 13107874    6.96%
 105728 55921       24.8939    50       26.7400       24.8800 13160006    6.96%
 106046 56121       24.8800    41       26.7400       24.8800 13205518    6.96%
 106370 56286       25.6262    63       26.7400       24.8800 13259666    6.96%
 106770 56514       24.9075    53       26.7400       24.8800 13312517    6.96%
 107124 56729       24.8800    43       26.7400       24.8800 13358834    6.96%
Starting limited solution polishing.
 107594 57004       24.8800    48       26.7400       24.8800 13414003    6.96%
 107903 57172       24.9076    45       26.7400       24.8800 13452151    6.96%
 108278 57390    infeasible             26.7400       24.8800 13509983    6.96%
 108631 57585       25.5900    52       26.7400       24.8800 13561002    6.96%
Elapsed time = 3288.02 sec. (4102992.47 ticks, tree = 101.17 MB, solutions = 8)
 109003 57810       24.9523    39       26.7400       24.8800 13611801    6.96%
 109302 57948       24.9136    43       26.7400       24.8800 13643904    6.96%
 109772 58167       26.0800    39       26.7400       24.8800 13694284    6.96%
 110132 58341       25.1055    49       26.7400       24.8800 13728382    6.96%
 110527 58532       25.2700    36       26.7400       24.8800 13769801    6.96%
 110945 58750       25.7724    29       26.7400       24.8800 13810707    6.96%
 111453 58989       24.8800    51       26.7400       24.8800 13853810    6.96%
 111804 59150       25.9400    40       26.7400       24.8800 13894278    6.96%
 112132 59334       24.9257    47       26.7400       24.8800 13935190    6.96%
 112457 59466       25.5900    37       26.7400       24.8800 13963642    6.96%
Elapsed time = 3411.47 sec. (4257831.38 ticks, tree = 104.12 MB, solutions = 8)
 112900 59725    infeasible             26.7400       24.8800 14002696    6.96%
 113250 59916       25.2700    43       26.7400       24.8800 14042186    6.96%
 113502 60079       25.5900    51       26.7400       24.8800 14083333    6.96%
 113732 60230       25.0368    52       26.7400       24.8800 14124861    6.96%
 113947 60359       25.5900    40       26.7400       24.8800 14152684    6.96%
 114308 60565        cutoff             26.7400       24.8800 14193924    6.96%
 114588 60739       24.8800    45       26.7400       24.8800 14227477    6.96%
 114860 60910       24.9900    50       26.7400       24.8800 14269381    6.96%
 115232 61150       24.8921    54       26.7400       24.8800 14313602    6.96%
 115449 61276        cutoff             26.7400       24.8800 14348521    6.96%
Elapsed time = 3533.28 sec. (4411785.85 ticks, tree = 106.97 MB, solutions = 8)
 115732 61437       25.7750    48       26.7400       24.8800 14379055    6.96%
*116032+60862                           26.6100       24.8800             6.50%
 116044 60869       24.8800    49       26.6100       24.8800 14420958    6.50%
 116321 61027       24.8819    48       26.6100       24.8800 14472581    6.50%
 116545 61151        cutoff             26.6100       24.8800 14509596    6.50%
 116886 61324       24.9386    53       26.6100       24.8800 14560162    6.50%
Advanced basis not built.

GUB cover cuts applied:  32
Clique cuts applied:  142
Cover cuts applied:  336
Implied bound cuts applied:  9
Flow cuts applied:  47
Mixed integer rounding cuts applied:  234
Zero-half cuts applied:  7
Gomory fractional cuts applied:  7

Root node processing (before b&c):
  Real time             =    2.79 sec. (3466.16 ticks)
Sequential b&c:
  Real time             = 3597.21 sec. (4490451.73 ticks)
                          ------------
Total (root+branch&cut) = 3600.01 sec. (4493917.90 ticks)
