Version identifier: 22.1.0.0 | 2022-03-09 | 1a383f8ce
CPXPARAM_Read_DataCheck                          1
CPXPARAM_Threads                                 1
CPXPARAM_TimeLimit                               3600
Tried aggregator 2 times.
MIP Presolve eliminated 3433 rows and 847 columns.
MIP Presolve modified 32620 coefficients.
Aggregator did 378 substitutions.
Reduced MIP has 7720 rows, 935 columns, and 56577 nonzeros.
Reduced MIP has 745 binaries, 0 generals, 0 SOSs, and 0 indicators.
Presolve time = 0.10 sec. (108.50 ticks)
Probing fixed 9 vars, tightened 1 bounds.
Probing time = 0.04 sec. (48.50 ticks)
Tried aggregator 1 time.
Detecting symmetries...
MIP Presolve eliminated 14 rows and 9 columns.
MIP Presolve modified 48 coefficients.
Reduced MIP has 7706 rows, 926 columns, and 56290 nonzeros.
Reduced MIP has 736 binaries, 0 generals, 0 SOSs, and 0 indicators.
Presolve time = 0.03 sec. (24.82 ticks)
Probing time = 0.01 sec. (6.37 ticks)
Clique table members: 7939.
MIP emphasis: balance optimality and feasibility.
MIP search method: dynamic search.
Parallel mode: none, using 1 thread.
Root relaxation solution time = 0.02 sec. (30.70 ticks)

        Nodes                                         Cuts/
   Node  Left     Objective  IInf  Best Integer    Best Bound    ItCnt     Gap

      0     0       20.8100   128                     20.8100      272         
      0     0       20.8100    58                    Cuts: 16      368         
      0     0       20.8100    94                   Cuts: 935      595         
      0     0       20.8100    71                    Cuts: 21      730         
      0     0       20.8100    82                   Cuts: 782      939         
Detecting symmetries...
      0     2       20.8100    47                     20.8100      939         
Elapsed time = 2.38 sec. (2679.53 ticks, tree = 0.01 MB, solutions = 0)
     20    21       20.8100    41                     20.8100     1844         
     43    42       20.8100    43                     20.8100     3113         
     56    53       20.8100    66                     20.8100     4073         
     70    67       20.8100    50                     20.8100     5336         
     80    75       20.8100    47                     20.8100     5820         
     90    83       20.8100    51                     20.8100     6610         
    112   101       20.8100    39                     20.8100     7823         
    126   113       23.3304    69                     20.8100     9221         
    135   118       20.8100    31                     20.8100     9932         
    170   137       20.8100    36                     20.8100    12776         
Elapsed time = 4.96 sec. (6887.22 ticks, tree = 2.39 MB, solutions = 0)
    245   180       20.8100    20                     20.8100    16445         
    303   204       21.5404     9                     20.8100    20558         
    346   206    infeasible                           20.8100    24379         
    444   254    infeasible                           20.8100    28746         
    540   291       22.3206    18                     20.8100    33445         
    629   320    infeasible                           20.8100    38081         
    700   374       22.3100    33                     20.8100    42895         
    747   395       20.8149    34                     20.8100    48090         
    824   427       25.2100    22                     20.8100    53265         
*   900+  461                           26.7700       20.8100            22.26%
    900   459       26.7700     0       26.7700       20.8100    57951   22.26%
Elapsed time = 11.52 sec. (16687.54 ticks, tree = 3.20 MB, solutions = 1)
    939   488       20.8100    30       26.7700       20.8100    62058   22.26%
    995   522       20.8100    16       26.7700       20.8100    65868   22.26%
   1030   539       20.8100    20       26.7700       20.8100    68342   22.26%
   1078   543        cutoff             26.7700       20.8100    73354   22.26%
   1129   564       22.3100    42       26.7700       20.8100    77901   22.26%
   1162   572        cutoff             26.7700       20.8100    83548   22.26%
   1199   591       20.8100    35       26.7700       20.8100    87473   22.26%
   1234   618       20.8100    26       26.7700       20.8100    92112   22.26%
   1277   631       22.6204    27       26.7700       20.8100    96895   22.26%
   1337   667       20.8572    31       26.7700       20.8100   101359   22.26%
Elapsed time = 18.06 sec. (26434.75 ticks, tree = 3.21 MB, solutions = 1)
   1371   678       20.8406    37       26.7700       20.8100   106412   22.26%
   1411   700       20.8100    26       26.7700       20.8100   109984   22.26%
   1462   711        cutoff             26.7700       20.8100   114755   22.26%
   1490   711    infeasible             26.7700       20.8100   119495   22.26%
   1535   733    infeasible             26.7700       20.8100   123037   22.26%
*  1566+  695                           25.7800       20.8100            19.28%
   1566   697       20.8100    27       25.7800       20.8100   124609   19.28%
   1567   698       20.8576    28       25.7800       20.8100   124771   19.28%
   1599   709       20.8100    35       25.7800       20.8100   129063   19.28%
   1648   746        cutoff             25.7800       20.8100   133714   19.28%

Performing restart 1

Repeating presolve.
Tried aggregator 1 time.
Reduced MIP has 7706 rows, 926 columns, and 56290 nonzeros.
Reduced MIP has 736 binaries, 0 generals, 0 SOSs, and 0 indicators.
Presolve time = 0.02 sec. (19.11 ticks)
Tried aggregator 1 time.
Reduced MIP has 7706 rows, 926 columns, and 56290 nonzeros.
Reduced MIP has 736 binaries, 0 generals, 0 SOSs, and 0 indicators.
Presolve time = 0.03 sec. (24.76 ticks)
Represolve time = 0.12 sec. (118.10 ticks)
   1676     0       20.8100    61       25.7800     Cuts: 108   135497   19.28%
   1676     0       20.8100    89       25.7800     Cuts: 494   135668   19.28%
   1676     0       20.8100    70       25.7800      Cuts: 43   135825   19.28%
   1676     0       20.8100    76       25.7800     Cuts: 637   136073   19.28%
   1676     0       20.8100    72       25.7800      Cuts: 53   136213   19.28%
   1676     0       20.8100    69       25.7800      Cuts: 93   136392   19.28%
   1676     2       20.8100    47       25.7800       20.8100   136392   19.28%
Elapsed time = 31.92 sec. (46265.97 ticks, tree = 0.01 MB, solutions = 2)
   1681     7       20.8100    48       25.7800       20.8100   136689   19.28%
   1690    16       21.0100    62       25.7800       20.8100   137053   19.28%
   1704    27       20.8100    60       25.7800       20.8100   137414   19.28%
   1731    53       21.0100    43       25.7800       20.8100   138356   19.28%
*  1756+   71                           25.2100       20.8100            17.45%
   1756    71       25.2100     0       25.2100       20.8100   139412   17.45%
   1786    98       22.4400    44       25.2100       20.8100   140686   17.45%
   1826   126       20.8100    47       25.2100       20.8100   142921   17.45%
   1853   153       24.4100    38       25.2100       20.8100   144403   17.45%
   1884   172       21.0100    44       25.2100       20.8100   145969   17.45%
   1916   189       20.8100    45       25.2100       20.8100   148691   17.45%
Elapsed time = 38.21 sec. (56651.96 ticks, tree = 2.50 MB, solutions = 3)
   1956   227       22.3100    33       25.2100       20.8100   151228   17.45%
   1991   250       23.4400    28       25.2100       20.8100   154655   17.45%
   2019   265       20.8100    30       25.2100       20.8100   157577   17.45%
   2046   285       20.8100    25       25.2100       20.8100   160298   17.45%
   2069   293       20.8100    32       25.2100       20.8100   163821   17.45%
   2092   307       22.3100    25       25.2100       20.8100   167099   17.45%
   2110   313       22.3100    21       25.2100       20.8100   169983   17.45%
   2138   329       23.2400    14       25.2100       20.8100   173395   17.45%
   2168   333    infeasible             25.2100       20.8100   177076   17.45%
   2202   347    infeasible             25.2100       20.8100   180405   17.45%
Elapsed time = 45.35 sec. (66570.74 ticks, tree = 3.79 MB, solutions = 3)
   2233   364       20.8100    31       25.2100       20.8100   183765   17.45%
   2260   380       20.8100    20       25.2100       20.8100   187258   17.45%
   2287   390       20.8100    29       25.2100       20.8100   191130   17.45%
   2318   404       21.0100    23       25.2100       20.8100   194407   17.45%
   2351   419       20.8100    32       25.2100       20.8100   198764   17.45%
   2381   434    infeasible             25.2100       20.8100   201616   17.45%
   2406   449       22.4545    25       25.2100       20.8100   204852   17.45%
   2436   466       22.8500    25       25.2100       20.8100   207744   17.45%
   2464   479       22.3100    28       25.2100       20.8100   211128   17.45%
   2492   491    infeasible             25.2100       20.8100   214761   17.45%
Elapsed time = 52.76 sec. (76412.81 ticks, tree = 4.93 MB, solutions = 3)
   2520   506       20.8100    31       25.2100       20.8100   217492   17.45%
   2553   525       23.8100    19       25.2100       20.8100   220470   17.45%
   2584   545       21.9097    32       25.2100       20.8100   223490   17.45%
   2614   560       20.8100    26       25.2100       20.8100   227991   17.45%
   2648   577       22.3100    31       25.2100       20.8100   232428   17.45%
   2682   592       20.8337    36       25.2100       20.8100   236196   17.45%
   2705   607       20.8100    32       25.2100       20.8100   239702   17.45%
   2724   613       20.8100    31       25.2100       20.8100   242934   17.45%
   2753   634       22.8500    20       25.2100       20.8100   246954   17.45%
   2788   650       20.9135    27       25.2100       20.8100   251871   17.45%
Elapsed time = 60.06 sec. (86431.48 ticks, tree = 5.34 MB, solutions = 3)
   2812   659    infeasible             25.2100       20.8100   255185   17.45%
   2841   673       21.2196    28       25.2100       20.8100   258925   17.45%
   2866   681    infeasible             25.2100       20.8100   262899   17.45%
   2894   692       20.8100    20       25.2100       20.8100   265680   17.45%
   2924   713       23.8100    16       25.2100       20.8100   268842   17.45%
   2960   731       20.8100    27       25.2100       20.8100   273039   17.45%
   2980   737        cutoff             25.2100       20.8100   275799   17.45%
   3021   759       20.8288    28       25.2100       20.8100   279690   17.45%
   3048   773       21.2522    35       25.2100       20.8100   283350   17.45%
   3085   790       20.8100    27       25.2100       20.8100   287649   17.45%
Elapsed time = 67.49 sec. (96336.34 ticks, tree = 6.60 MB, solutions = 3)
   3112   799       21.3881    31       25.2100       20.8100   292283   17.45%
   3158   824       24.3500    17       25.2100       20.8100   296849   17.45%
   3194   847       21.0637    32       25.2100       20.8100   300470   17.45%
   3228   870       22.5144    21       25.2100       20.8100   304116   17.45%
   3271   897       23.8100    17       25.2100       20.8100   308207   17.45%
   3321   928       23.8100    23       25.2100       20.8100   312432   17.45%
   3363   953       23.8100    22       25.2100       20.8100   316754   17.45%
   3387   960       20.8100    39       25.2100       20.8100   320333   17.45%
   3416   981       20.8100    32       25.2100       20.8100   323691   17.45%
   3544  1058       23.8100    25       25.2100       20.8100   335037   17.45%
Elapsed time = 77.00 sec. (109020.89 ticks, tree = 10.08 MB, solutions = 3)
   3668  1138       22.3100    29       25.2100       20.8100   342824   17.45%
   3783  1194       21.6353    37       25.2100       20.8100   350703   17.45%
   3904  1261       20.8175    31       25.2100       20.8100   364379   17.45%
   4046  1337       22.3100    28       25.2100       20.8100   379391   17.45%
   4170  1404    infeasible             25.2100       20.8100   394572   17.45%
   4303  1467       21.8991    31       25.2100       20.8100   409759   17.45%
   4434  1541       23.5099    27       25.2100       20.8100   423730   17.45%
   4545  1590       20.8100    36       25.2100       20.8100   437882   17.45%
   4673  1681       20.8702    35       25.2100       20.8100   449072   17.45%
   4851  1805       23.8157    18       25.2100       20.8100   461247   17.45%
Elapsed time = 106.74 sec. (147468.52 ticks, tree = 19.44 MB, solutions = 3)
   5015  1908       23.2400    24       25.2100       20.8100   473011   17.45%
   5076  1950       23.2400    28       25.2100       20.8100   478265   17.45%
   5240  2063       23.8157    13       25.2100       20.8100   491116   17.45%
   5408  2175       20.8455    26       25.2100       20.8100   505628   17.45%
   5603  2320       23.8100    28       25.2100       20.8100   520152   17.45%
   5794  2467       22.3100    24       25.2100       20.8100   533978   17.45%
   5992  2602       20.8100    37       25.2100       20.8100   547696   17.45%
   6110  2672       20.8503    26       25.2100       20.8100   562324   17.45%
   6281  2779    infeasible             25.2100       20.8100   576102   17.45%
   6426  2869       21.7400    26       25.2100       20.8100   589920   17.45%
Elapsed time = 137.76 sec. (186490.07 ticks, tree = 20.97 MB, solutions = 3)
*  6579  2799      integral     0       24.3500       20.8100   599672   14.54%
   6624  2831       20.8131    28       24.3500       20.8100   602271   14.54%
   6679  2863    infeasible             24.3500       20.8100   609680   14.54%
   6809  2919        cutoff             24.3500       20.8100   625249   14.54%
*  6876+ 2618                           23.7800       20.8100            12.49%
   6953  2669       22.3100     5       23.7800       20.8100   639608   12.49%
*  6954   916      integral     0       22.3100       20.8100   639616    6.72%
   7092   923       20.8100    24       22.3100       20.8100   655835    6.72%
   7215   917       20.8100    42       22.3100       20.8100   669786    6.72%
   7367   935       20.8100    27       22.3100       20.8100   683682    6.72%
   7485   958       21.0100    34       22.3100       20.8100   695566    6.72%
   7665  1048       20.8100    27       22.3100       20.8100   711340    6.72%
   7828  1118       20.8155    35       22.3100       20.8100   726622    6.72%
Elapsed time = 167.73 sec. (225759.12 ticks, tree = 7.01 MB, solutions = 6)
   7983  1191       20.8100    33       22.3100       20.8100   740552    6.72%
   8135  1282       21.4097    34       22.3100       20.8100   753532    6.72%
   8299  1373       21.3713    29       22.3100       20.8100   768450    6.72%
   8447  1435       20.8100    31       22.3100       20.8100   783687    6.72%
   8589  1490        cutoff             22.3100       20.8100   797955    6.72%
   8759  1553       20.8100    31       22.3100       20.8100   813920    6.72%
   8943  1615       20.8100    31       22.3100       20.8100   829623    6.72%
   9137  1681       20.8100    30       22.3100       20.8100   844870    6.72%
   9332  1698       21.7400    29       22.3100       20.8100   859354    6.72%
   9523  1766    infeasible             22.3100       20.8100   874500    6.72%
Elapsed time = 195.82 sec. (264168.01 ticks, tree = 7.89 MB, solutions = 6)
   9686  1822       20.8100    31       22.3100       20.8100   890201    6.72%
   9846  1897       21.0815    31       22.3100       20.8100   904312    6.72%
  10024  1929    infeasible             22.3100       20.8100   919876    6.72%
  10205  1995       21.7400    29       22.3100       20.8100   933462    6.72%
  10355  2045       20.8210    39       22.3100       20.8100   948584    6.72%
  10524  2088       21.4703    34       22.3100       20.8100   964273    6.72%
  10695  2134       21.7400    34       22.3100       20.8100   978657    6.72%
  10876  2214       21.3577    28       22.3100       20.8100   993516    6.72%
  10991  2278       20.8100    24       22.3100       20.8100  1003675    6.72%
  11184  2363       20.8100    30       22.3100       20.8100  1016826    6.72%
Elapsed time = 224.24 sec. (302526.96 ticks, tree = 8.71 MB, solutions = 6)
  11333  2415       20.8100    32       22.3100       20.8100  1030689    6.72%
  11576  2534       20.8202    26       22.3100       20.8100  1041015    6.72%
  11763  2580       20.8100    44       22.3100       20.8100  1055605    6.72%
  11954  2651       21.3639    28       22.3100       20.8100  1069160    6.72%
  12096  2703       20.8600    32       22.3100       20.8100  1075789    6.72%

Performing restart 2

Repeating presolve.
Tried aggregator 1 time.
MIP Presolve eliminated 2841 rows and 242 columns.
MIP Presolve modified 9473 coefficients.
Reduced MIP has 4865 rows, 684 columns, and 33065 nonzeros.
Reduced MIP has 537 binaries, 0 generals, 0 SOSs, and 0 indicators.
Presolve time = 0.04 sec. (41.45 ticks)
Tried aggregator 1 time.
MIP Presolve eliminated 38 rows and 17 columns.
MIP Presolve modified 30 coefficients.
Reduced MIP has 4827 rows, 667 columns, and 32635 nonzeros.
Reduced MIP has 520 binaries, 0 generals, 0 SOSs, and 0 indicators.
Presolve time = 0.01 sec. (11.93 ticks)
Tried aggregator 1 time.
Reduced MIP has 4827 rows, 667 columns, and 32635 nonzeros.
Reduced MIP has 520 binaries, 0 generals, 0 SOSs, and 0 indicators.
Presolve time = 0.02 sec. (14.76 ticks)
Represolve time = 0.22 sec. (182.69 ticks)
  12099     0       20.8100    47       22.3100      Cuts: 89  1076529    6.72%
  12099     0       20.8100    72       22.3100     Cuts: 361  1076636    6.72%
  12099     0       20.8100    69       22.3100     Cuts: 131  1076816    6.72%
  12099     0       20.8100    79       22.3100     Cuts: 644  1077015    6.72%
  12099     0       20.8100    38       22.3100       Cuts: 6  1077078    6.72%
  12099     0       20.8100    77       22.3100     Cuts: 540  1077361    6.72%
  12099     0       20.8100    56       22.3100     Cuts: 108  1077497    6.72%
  12099     0       20.8100    59       22.3100     Cuts: 531  1077609    6.72%
  12099     0       20.8100    41       22.3100      Cuts: 13  1077640    6.72%
  12099     0       20.8100    72       22.3100     Cuts: 455  1077875    6.72%
  12099     0       20.8100    49       22.3100      Cuts: 32  1077990    6.72%
  12099     0       20.8100    64       22.3100     Cuts: 523  1078125    6.72%
  12099     2       20.8100    37       22.3100       20.8100  1078125    6.72%
  12141    24       20.8100    31       22.3100       20.8100  1081808    6.72%
  12217    46       20.8100    40       22.3100       20.8100  1086958    6.72%
  12370    81       20.8100    35       22.3100       20.8100  1096080    6.72%
  12596   113       20.8100    41       22.3100       20.8100  1109848    6.72%
Elapsed time = 258.11 sec. (350195.42 ticks, tree = 0.26 MB, solutions = 6)
  12856   152       20.8100    41       22.3100       20.8100  1122864    6.72%
  13087   179       20.8100    41       22.3100       20.8100  1136210    6.72%
  13277   199    infeasible             22.3100       20.8100  1149634    6.72%
  13590   243    infeasible             22.3100       20.8100  1163716    6.72%
  13808   269       20.8100    40       22.3100       20.8100  1177410    6.72%
  14119   283       20.8100    30       22.3100       20.8100  1198453    6.72%
  14453   277       20.8100    43       22.3100       20.8100  1220216    6.72%
  14709   300       20.8100    28       22.3100       20.8100  1235999    6.72%
  15150   309       20.8100    36       22.3100       20.8100  1256257    6.72%
  15440   341       20.8170    37       22.3100       20.8100  1277127    6.72%
Elapsed time = 285.03 sec. (388527.77 ticks, tree = 1.01 MB, solutions = 6)
  15695   355       20.8100    36       22.3100       20.8100  1300659    6.72%
  15878   387       20.8100    41       22.3100       20.8100  1318644    6.72%
  16110   415       20.8100    35       22.3100       20.8100  1340201    6.72%
  16368   444       21.0100    40       22.3100       20.8100  1359648    6.72%
  16599   443       20.8100    37       22.3100       20.8100  1376156    6.72%
  16880   464       20.8130    38       22.3100       20.8100  1392970    6.72%
  17214   485       20.8100    42       22.3100       20.8100  1413964    6.72%
  17559   502       20.8100    41       22.3100       20.8100  1434907    6.72%
  17811   502    infeasible             22.3100       20.8100  1452799    6.72%
  18050   550       20.8100    45       22.3100       20.8100  1469186    6.72%
Elapsed time = 312.77 sec. (427558.76 ticks, tree = 1.35 MB, solutions = 6)
  18295   599       20.8100    27       22.3100       20.8100  1490120    6.72%
  18568   610    infeasible             22.3100       20.8100  1514259    6.72%
  18816   660    infeasible             22.3100       20.8100  1531926    6.72%
  18932   666       20.8100    39       22.3100       20.8100  1541244    6.72%
  19201   707       21.9400    38       22.3100       20.8100  1563585    6.72%
  19516   725       20.8100    39       22.3100       20.8100  1581538    6.72%
  19682   810        cutoff             22.3100       20.8100  1596829    6.72%
  19959   919       20.8110    45       22.3100       20.8100  1618149    6.72%
  20122   976       20.8100    35       22.3100       20.8100  1632196    6.72%
  20314  1021       20.8100    39       22.3100       20.8100  1652725    6.72%
Elapsed time = 340.27 sec. (465838.25 ticks, tree = 1.80 MB, solutions = 6)
  20560  1091       21.1718    34       22.3100       20.8100  1676942    6.72%
  20796  1134       20.8100    25       22.3100       20.8100  1700913    6.72%
  21090  1174       20.8100    36       22.3100       20.8100  1718749    6.72%
  21297  1251       20.8174    41       22.3100       20.8100  1737861    6.72%
  21523  1309       20.8100    36       22.3100       20.8100  1758337    6.72%
  21778  1410       21.0100    35       22.3100       20.8100  1778929    6.72%
  22056  1497       20.8100    32       22.3100       20.8100  1801179    6.72%
  22360  1552       20.8100    49       22.3100       20.8100  1821667    6.72%
  22541  1609       21.0100    44       22.3100       20.8100  1841405    6.72%
  22732  1700    infeasible             22.3100       20.8100  1858949    6.72%
Elapsed time = 368.92 sec. (504172.27 ticks, tree = 2.62 MB, solutions = 6)
  22981  1793       20.8100    31       22.3100       20.8100  1880769    6.72%
  23256  1885       21.0100    30       22.3100       20.8100  1898732    6.72%
  23507  1956       20.8100    57       22.3100       20.8100  1921797    6.72%
  23868  2062    infeasible             22.3100       20.8100  1942741    6.72%
  24099  2094       20.8100    34       22.3100       20.8100  1961703    6.72%
  24446  2118       21.0100    21       22.3100       20.8100  1984420    6.72%
  24891  2182       20.8100    27       22.3100       20.8100  2005797    6.72%
  25437  2241       20.8100    23       22.3100       20.8100  2026784    6.72%
  25880  2276       20.8100    33       22.3100       20.8100  2046339    6.72%
  26401  2317       20.8100    33       22.3100       20.8100  2068052    6.72%
Elapsed time = 399.47 sec. (544001.53 ticks, tree = 3.31 MB, solutions = 6)
  26978  2353       20.8100    28       22.3100       20.8100  2090997    6.72%
  27590  2356       20.8100    30       22.3100       20.8100  2116452    6.72%
  27959  2362    infeasible             22.3100       20.8100  2137369    6.72%
  28461  2383       20.8100    27       22.3100       20.8100  2160845    6.72%
  29077  2421       20.8100    35       22.3100       20.8100  2184193    6.72%
  29529  2412       20.8100    32       22.3100       20.8100  2206766    6.72%
  29801  2479       21.0100    25       22.3100       20.8100  2226866    6.72%
  30086  2506       20.8100    33       22.3100       20.8100  2243904    6.72%
  30372  2544       21.0100    24       22.3100       20.8100  2265433    6.72%
  30632  2608       20.8100    33       22.3100       20.8100  2287324    6.72%
Elapsed time = 427.60 sec. (582269.51 ticks, tree = 3.63 MB, solutions = 6)
  30921  2756       20.8139    46       22.3100       20.8100  2307060    6.72%
  31225  2854    infeasible             22.3100       20.8100  2327445    6.72%
  31519  2973       20.8100    43       22.3100       20.8100  2348212    6.72%
  31671  3045       20.8100    33       22.3100       20.8100  2358708    6.72%
  32003  3045       21.0100    45       22.3100       20.8100  2378116    6.72%
  32207  3103       20.8100    46       22.3100       20.8100  2398683    6.72%
  32483  3209       21.6600    38       22.3100       20.8100  2420253    6.72%
  32773  3303       20.8100    45       22.3100       20.8100  2443796    6.72%
  33044  3367    infeasible             22.3100       20.8100  2466734    6.72%
  33423  3545       20.8100    25       22.3100       20.8100  2487926    6.72%
Elapsed time = 457.21 sec. (620609.42 ticks, tree = 4.62 MB, solutions = 6)
  33757  3550       20.8100    45       22.3100       20.8100  2508048    6.72%
  34009  3663       20.8131    35       22.3100       20.8100  2527714    6.72%
  34332  3784       20.8121    31       22.3100       20.8100  2547112    6.72%
  34676  3930       21.0100    26       22.3100       20.8100  2565686    6.72%
  35007  4100       21.0100    15       22.3100       20.8100  2583554    6.72%
  35371  4262       21.0100    19       22.3100       20.8100  2603550    6.72%
  35715  4444       21.0100    34       22.3100       20.8100  2621189    6.72%
  35950  4524       20.8100    33       22.3100       20.8100  2641331    6.72%
  36278  4588        cutoff             22.3100       20.8100  2661875    6.72%
  36552  4601       21.0100    38       22.3100       20.8100  2686074    6.72%
Elapsed time = 487.85 sec. (658881.04 ticks, tree = 5.80 MB, solutions = 6)
  36878  4763        cutoff             22.3100       20.8100  2707356    6.72%
  37213  4930       20.8100    30       22.3100       20.8100  2729734    6.72%
  37600  5137       21.0100    18       22.3100       20.8100  2748198    6.72%
  38024  5204       20.8100    34       22.3100       20.8100  2770137    6.72%
  38286  5305       21.0100    50       22.3100       20.8100  2789901    6.72%
  38551  5418       21.9400    37       22.3100       20.8100  2812236    6.72%
  38799  5534       20.8100    33       22.3100       20.8100  2828634    6.72%
  39046  5615       20.8100    49       22.3100       20.8100  2852277    6.72%
  39338  5645        cutoff             22.3100       20.8100  2877682    6.72%
  39583  5648       20.8100    44       22.3100       20.8100  2897130    6.72%
Elapsed time = 519.14 sec. (698542.57 ticks, tree = 6.82 MB, solutions = 6)
  39864  5778       20.8100    37       22.3100       20.8100  2917972    6.72%
  40193  5953    infeasible             22.3100       20.8100  2937607    6.72%
  40505  6112       20.8100    47       22.3100       20.8100  2959050    6.72%
  40808  6241       20.8100    32       22.3100       20.8100  2982245    6.72%
  41116  6302       21.0100    34       22.3100       20.8100  3003279    6.72%
  41356  6418       21.0100    25       22.3100       20.8100  3023397    6.72%
  41594  6482       20.8100    60       22.3100       20.8100  3043808    6.72%
  41808  6566       20.8100    42       22.3100       20.8100  3065039    6.72%
  42048  6629    infeasible             22.3100       20.8100  3086259    6.72%
  42299  6664       20.8136    37       22.3100       20.8100  3109061    6.72%
Elapsed time = 548.85 sec. (736816.30 ticks, tree = 7.86 MB, solutions = 6)
  42595  6696    infeasible             22.3100       20.8100  3132901    6.72%
  42887  6834       21.0100    39       22.3100       20.8100  3155999    6.72%
  43081  6867       21.5500    34       22.3100       20.8100  3175349    6.72%
  43360  6943       21.0100    29       22.3100       20.8100  3198265    6.72%
  43665  7066    infeasible             22.3100       20.8100  3216895    6.72%
  43935  7180       20.8102    32       22.3100       20.8100  3232949    6.72%
  44257  7389       20.8124    42       22.3100       20.8100  3251422    6.72%
  44544  7497       20.8100    27       22.3100       20.8100  3272173    6.72%
  44826  7521       20.8100    44       22.3100       20.8100  3293920    6.72%
  45196  7548       20.9100    47       22.3100       20.8100  3318175    6.72%
Elapsed time = 578.66 sec. (775105.63 ticks, tree = 8.73 MB, solutions = 6)
  45485  7656    infeasible             22.3100       20.8100  3342478    6.72%
  45831  7658       20.8767    29       22.3100       20.8100  3367593    6.72%
  45999  7663       20.8100    33       22.3100       20.8100  3382031    6.72%
  46241  7677       21.0100    47       22.3100       20.8100  3401958    6.72%
  46561  7698       20.8100    35       22.3100       20.8100  3422298    6.72%
  46935  7711       20.8100    34       22.3100       20.8100  3442947    6.72%
  47259  7731       20.8100    45       22.3100       20.8100  3465501    6.72%
  47537  7795       20.8100    55       22.3100       20.8100  3486527    6.72%
  47812  7870       21.1526    35       22.3100       20.8100  3506309    6.72%
  48106  7865        cutoff             22.3100       20.8100  3530509    6.72%
Elapsed time = 608.51 sec. (815060.30 ticks, tree = 9.04 MB, solutions = 6)
  48387  7894       20.8100    36       22.3100       20.8100  3554313    6.72%
  48653  7905       20.8100    41       22.3100       20.8100  3574268    6.72%
  49007  7912       20.8100    56       22.3100       20.8100  3596548    6.72%
  49292  7923       20.8174    47       22.3100       20.8100  3617839    6.72%
  49560  7940       20.8189    39       22.3100       20.8100  3637894    6.72%
  49819  7948       21.3724    32       22.3100       20.8100  3661521    6.72%
  50092  7975       21.1684    29       22.3100       20.8100  3688008    6.72%
  50398  7981       20.8100    30       22.3100       20.8100  3713408    6.72%
  50671  7977       20.8100    52       22.3100       20.8100  3737568    6.72%
  50959  8002       20.8100    33       22.3100       20.8100  3761774    6.72%
Elapsed time = 637.41 sec. (853363.38 ticks, tree = 9.30 MB, solutions = 6)
  51278  8016    infeasible             22.3100       20.8100  3784816    6.72%
  51629  8027       20.8100    38       22.3100       20.8100  3805626    6.72%
  51970  8044       21.0100    39       22.3100       20.8100  3827901    6.72%
  52266  8045       20.8100    46       22.3100       20.8100  3850890    6.72%
  52529  8057    infeasible             22.3100       20.8100  3875311    6.72%
  52813  8084       20.8100    37       22.3100       20.8100  3901847    6.72%
  53105  8075       20.8100    32       22.3100       20.8100  3926388    6.72%
  53341  8141       20.8100    47       22.3100       20.8100  3944871    6.72%
  53559  8235       21.0100    45       22.3100       20.8100  3965215    6.72%
  53699  8323       21.0100    18       22.3100       20.8100  3972797    6.72%
Elapsed time = 666.48 sec. (892199.83 ticks, tree = 9.91 MB, solutions = 6)
  53991  8440       20.8100    42       22.3100       20.8100  3994861    6.72%
  54328  8438       20.8100    54       22.3100       20.8100  4014845    6.72%
  54558  8483       20.8100    40       22.3100       20.8100  4037336    6.72%
  54818  8515       20.8100    38       22.3100       20.8100  4059473    6.72%
  55120  8535    infeasible             22.3100       20.8100  4082147    6.72%
  55481  8534       20.9100    34       22.3100       20.8100  4103091    6.72%
  55743  8543       20.8100    38       22.3100       20.8100  4126425    6.72%
  56076  8581       20.8100    34       22.3100       20.8100  4149484    6.72%
  56419  8618       21.0100    46       22.3100       20.8100  4171746    6.72%
  56654  8758       21.0100    33       22.3100       20.8100  4194081    6.72%
Elapsed time = 695.49 sec. (930515.74 ticks, tree = 10.42 MB, solutions = 6)
  56877  8879       21.0100    37       22.3100       20.8100  4214976    6.72%
  57162  8902       20.8100    38       22.3100       20.8100  4234916    6.72%
  57506  8901       20.8100    48       22.3100       20.8100  4256472    6.72%
  57842  8917       20.8134    32       22.3100       20.8100  4279004    6.72%
  58171  8933       20.8100    50       22.3100       20.8100  4301860    6.72%
  58370  8967       20.8100    34       22.3100       20.8100  4320839    6.72%
  58536  8984       20.8100    38       22.3100       20.8100  4342311    6.72%
  58840  9163       21.0100    30       22.3100       20.8100  4362268    6.72%
  59235  9426       21.0100    23       22.3100       20.8100  4382878    6.72%
  59557  9481       20.8100    41       22.3100       20.8100  4406052    6.72%
Elapsed time = 724.53 sec. (968827.42 ticks, tree = 11.19 MB, solutions = 6)
  59893  9611       20.8100    41       22.3100       20.8100  4427621    6.72%
  60216  9797       21.0100    29       22.3100       20.8100  4450255    6.72%
  60564 10021       21.0100    27       22.3100       20.8100  4469033    6.72%
  60898 10231       20.8100    30       22.3100       20.8100  4487686    6.72%
  61280 10482       21.0100    21       22.3100       20.8100  4507184    6.72%
  61580 10638        cutoff             22.3100       20.8100  4533647    6.72%
  61968 10855       21.0100    21       22.3100       20.8100  4557597    6.72%
  62295 11039       21.0100    28       22.3100       20.8100  4579769    6.72%
  62729 11317       21.0100     8       22.3100       20.8100  4600644    6.72%
  62806 11363       20.8100    42       22.3100       20.8100  4604438    6.72%
Elapsed time = 755.18 sec. (1007049.35 ticks, tree = 13.05 MB, solutions = 6)
  63189 11599       20.8100    31       22.3100       20.8100  4621869    6.72%
  63492 11754       21.0100    18       22.3100       20.8100  4643679    6.72%
  63783 11924       21.0100    27       22.3100       20.8100  4665136    6.72%
  64100 12102    infeasible             22.3100       20.8100  4687565    6.72%
  64400 12279       20.8100    36       22.3100       20.8100  4706764    6.72%
  64710 12468       21.0100    32       22.3100       20.8100  4727486    6.72%
  65069 12703    infeasible             22.3100       20.8100  4747451    6.72%
  65415 12921       20.8100    48       22.3100       20.8100  4767372    6.72%
  65499 12978       21.0100    38       22.3100       20.8100  4773655    6.72%
  65760 13018       20.8100    56       22.3100       20.8100  4794081    6.72%
Elapsed time = 786.38 sec. (1046154.09 ticks, tree = 14.70 MB, solutions = 6)
  66000 13160    infeasible             22.3100       20.8100  4813648    6.72%
  66273 13208       20.8100    40       22.3100       20.8100  4835073    6.72%
  66456 13242       21.0100    24       22.3100       20.8100  4856671    6.72%
  66716 13361       21.0100    32       22.3100       20.8100  4879837    6.72%
  66957 13496       21.0100    23       22.3100       20.8100  4899163    6.72%
  67183 13633       21.0100    21       22.3100       20.8100  4918708    6.72%
  67497 13688    infeasible             22.3100       20.8100  4942213    6.72%
  67746 13808       21.0100    42       22.3100       20.8100  4968445    6.72%
  68074 14020       21.0100    34       22.3100       20.8100  4993354    6.72%
  68350 14161       21.0100    27       22.3100       20.8100  5017011    6.72%
Elapsed time = 817.20 sec. (1084452.13 ticks, tree = 15.84 MB, solutions = 6)
  68614 14299       21.0100     7       22.3100       20.8100  5040542    6.72%
  68896 14401    infeasible             22.3100       20.8100  5062111    6.72%
  69089 14499    infeasible             22.3100       20.8100  5082916    6.72%
  69311 14565       20.8120    53       22.3100       20.8100  5104434    6.72%
  69605 14640       21.0100    29       22.3100       20.8100  5125127    6.72%
  69920 14795       20.8103    54       22.3100       20.8100  5147606    6.72%
  70173 14934       20.8137    30       22.3100       20.8100  5171891    6.72%
  70581 14946       20.8100    47       22.3100       20.8100  5193534    6.72%
  70943 15096       20.8119    42       22.3100       20.8100  5217035    6.72%
  71308 15253       21.0100    38       22.3100       20.8100  5240619    6.72%
Elapsed time = 845.86 sec. (1122655.72 ticks, tree = 16.93 MB, solutions = 6)
  71563 15372    infeasible             22.3100       20.8100  5263220    6.72%
  71770 15463    infeasible             22.3100       20.8100  5284613    6.72%
  72037 15541       20.8120    38       22.3100       20.8100  5304793    6.72%
  72285 15662       21.5500    26       22.3100       20.8100  5326042    6.72%
  72571 15764       20.8100    45       22.3100       20.8100  5351176    6.72%
  72870 15884       20.8100    34       22.3100       20.8100  5373608    6.72%
  73173 16023       21.5500    29       22.3100       20.8100  5397483    6.72%
  73459 16177       21.0100    42       22.3100       20.8100  5419587    6.72%
  73656 16259       20.8100    39       22.3100       20.8100  5439174    6.72%
  73848 16262       20.8100    48       22.3100       20.8100  5463900    6.72%
Elapsed time = 874.55 sec. (1160961.50 ticks, tree = 17.98 MB, solutions = 6)
  74045 16279       20.8741    45       22.3100       20.8100  5488757    6.72%
  74256 16322    infeasible             22.3100       20.8100  5512229    6.72%
  74444 16369       21.0100    34       22.3100       20.8100  5534776    6.72%
  74634 16390    infeasible             22.3100       20.8100  5557796    6.72%
  74842 16401       20.8100    48       22.3100       20.8100  5578045    6.72%
  75086 16423       20.8100    49       22.3100       20.8100  5600017    6.72%
  75311 16476    infeasible             22.3100       20.8100  5621642    6.72%
  75591 16511       20.8100    39       22.3100       20.8100  5647745    6.72%
  75938 16531       20.8100    33       22.3100       20.8100  5672276    6.72%
  76309 16540       20.8100    39       22.3100       20.8100  5695863    6.72%
Elapsed time = 903.47 sec. (1199221.17 ticks, tree = 19.02 MB, solutions = 6)
  76716 16558       20.8100    31       22.3100       20.8100  5720973    6.72%
  77079 16561       20.8100    49       22.3100       20.8100  5744569    6.72%
  77375 16588       20.8174    49       22.3100       20.8100  5766401    6.72%
  77689 16622       20.8121    35       22.3100       20.8100  5788134    6.72%
  78116 16669       20.8100    38       22.3100       20.8100  5810063    6.72%
  78478 16676       20.8100    44       22.3100       20.8100  5832609    6.72%
  78811 16707       20.8100    44       22.3100       20.8100  5855388    6.72%
  79156 16698       20.8224    45       22.3100       20.8100  5878411    6.72%
  79339 16733       20.9100    40       22.3100       20.8100  5896285    6.72%
  79593 16792       20.8100    29       22.3100       20.8100  5916082    6.72%
Elapsed time = 932.78 sec. (1237578.35 ticks, tree = 19.27 MB, solutions = 6)
  79777 16828       20.8100    42       22.3100       20.8100  5933877    6.72%
  80071 16858       20.8100    39       22.3100       20.8100  5955145    6.72%
  80395 16887       21.0100    51       22.3100       20.8100  5975275    6.72%
  80659 16989    infeasible             22.3100       20.8100  5995293    6.72%
  80847 17032       20.8500    26       22.3100       20.8100  6007809    6.72%
  81096 17107       20.8100    40       22.3100       20.8100  6027918    6.72%
  81290 17201       20.8100    12       22.3100       20.8100  6048624    6.72%
  81537 17199       20.8100    37       22.3100       20.8100  6071063    6.72%
  81803 17243    infeasible             22.3100       20.8100  6093577    6.72%
  82072 17275       20.8100    22       22.3100       20.8100  6115987    6.72%
Elapsed time = 961.19 sec. (1275852.00 ticks, tree = 19.76 MB, solutions = 6)
  82324 17263    infeasible             22.3100       20.8100  6136507    6.72%
  82575 17295    infeasible             22.3100       20.8100  6160089    6.72%
  82797 17345       20.8100    36       22.3100       20.8100  6181676    6.72%
  82992 17373       20.8100    49       22.3100       20.8100  6203765    6.72%
  83209 17464       21.0100    12       22.3100       20.8100  6224548    6.72%
  83438 17570       20.8100    37       22.3100       20.8100  6247258    6.72%
  83671 17678       20.8100    48       22.3100       20.8100  6270453    6.72%
  83934 17770       20.8100    29       22.3100       20.8100  6293327    6.72%
  84201 17899       21.0100    15       22.3100       20.8100  6315231    6.72%
  84462 18007       21.0100    32       22.3100       20.8100  6340269    6.72%
Elapsed time = 990.43 sec. (1314082.37 ticks, tree = 20.59 MB, solutions = 6)
  84711 18125       21.0100    18       22.3100       20.8100  6361772    6.72%
  84881 18201    infeasible             22.3100       20.8100  6375451    6.72%
  85096 18290       20.8100    26       22.3100       20.8100  6392898    6.72%
  85315 18406       21.0100    45       22.3100       20.8100  6411634    6.72%
  85555 18529       20.9100    24       22.3100       20.8100  6429362    6.72%
  85821 18567       20.9100    31       22.3100       20.8100  6450479    6.72%
  86042 18658    infeasible             22.3100       20.8100  6471934    6.72%
  86285 18740       21.0100    29       22.3100       20.8100  6493690    6.72%
  86507 18838       21.0100    32       22.3100       20.8100  6513027    6.72%
  86703 18919       20.8100    34       22.3100       20.8100  6532073    6.72%
Elapsed time = 1019.78 sec. (1352343.40 ticks, tree = 21.51 MB, solutions = 6)
  86926 18982       20.8132    44       22.3100       20.8100  6550800    6.72%
  87148 19083    infeasible             22.3100       20.8100  6570577    6.72%
  87370 19204       20.8100    45       22.3100       20.8100  6589314    6.72%
  87585 19303       20.8100    31       22.3100       20.8100  6607748    6.72%
  87824 19414       20.8122    44       22.3100       20.8100  6628093    6.72%
  88018 19503       20.8191    45       22.3100       20.8100  6644150    6.72%
  88258 19587    infeasible             22.3100       20.8100  6662343    6.72%
  88494 19610       20.8192    50       22.3100       20.8100  6680631    6.72%
  88737 19676       20.8100    45       22.3100       20.8100  6696309    6.72%
  88800 19695       21.0100    28       22.3100       20.8100  6700301    6.72%
Elapsed time = 1047.25 sec. (1390587.09 ticks, tree = 22.35 MB, solutions = 6)
  89059 19736       21.0100    38       22.3100       20.8100  6717313    6.72%
  89277 19829       20.8100    47       22.3100       20.8100  6737440    6.72%
  89487 19890       20.8128    40       22.3100       20.8100  6755992    6.72%
  89755 19989       21.0100    30       22.3100       20.8100  6778103    6.72%
  90081 20089       20.8125    40       22.3100       20.8100  6801333    6.72%
  90381 20186       20.8100    30       22.3100       20.8100  6823220    6.72%
  90649 20247       21.9400    28       22.3100       20.8100  6845975    6.72%
  90884 20306       20.8186    40       22.3100       20.8100  6868720    6.72%
  91115 20360       20.8100    48       22.3100       20.8100  6891682    6.72%
  91344 20411       20.8108    59       22.3100       20.8100  6914510    6.72%
Elapsed time = 1075.86 sec. (1428811.52 ticks, tree = 23.08 MB, solutions = 6)
  91585 20550       21.9400    29       22.3100       20.8100  6935334    6.72%
  91795 20678       20.8209    34       22.3100       20.8100  6957651    6.72%
  92064 20766       20.8141    26       22.3100       20.8100  6980014    6.72%
  92395 20814       20.8129    22       22.3100       20.8100  7001438    6.72%
  92706 20853       21.0100    42       22.3100       20.8100  7023558    6.72%
  92922 20964       20.8125    45       22.3100       20.8100  7044547    6.72%
  93128 21001       20.8100    41       22.3100       20.8100  7065287    6.72%
  93359 21022       21.0261    37       22.3100       20.8100  7089268    6.72%
  93601 21079    infeasible             22.3100       20.8100  7110103    6.72%
  93800 21117       20.8125    44       22.3100       20.8100  7131292    6.72%
Elapsed time = 1105.16 sec. (1467174.18 ticks, tree = 23.80 MB, solutions = 6)
  93997 21156       20.8100    37       22.3100       20.8100  7154007    6.72%
  94245 21212       20.8100    28       22.3100       20.8100  7177505    6.72%
  94536 21267       21.1584    34       22.3100       20.8100  7201824    6.72%
  94795 21326       21.7545    37       22.3100       20.8100  7225891    6.72%
  95000 21345       20.8362    39       22.3100       20.8100  7245535    6.72%
  95285 21400       21.0100    34       22.3100       20.8100  7266623    6.72%
  95595 21449       20.8100    24       22.3100       20.8100  7289391    6.72%
  95883 21497       21.1051    38       22.3100       20.8100  7314578    6.72%
  95999 21516       20.8100    47       22.3100       20.8100  7325090    6.72%
  96285 21575       20.8100    28       22.3100       20.8100  7346746    6.72%
Elapsed time = 1135.23 sec. (1506585.12 ticks, tree = 24.31 MB, solutions = 6)
  96509 21630       21.0100    34       22.3100       20.8100  7369574    6.72%
  96751 21693       21.0100    35       22.3100       20.8100  7391891    6.72%
  97014 21774       20.8100    31       22.3100       20.8100  7413653    6.72%
  97269 21840       21.0100    39       22.3100       20.8100  7435353    6.72%
  97526 21882       20.8100    39       22.3100       20.8100  7457002    6.72%
  97783 21907       21.0100    38       22.3100       20.8100  7479695    6.72%
  98056 21926       21.1553    29       22.3100       20.8100  7502840    6.72%
  98354 21947       20.8113    53       22.3100       20.8100  7526778    6.72%
  98708 21975       20.9100    32       22.3100       20.8100  7552455    6.72%
  98906 22035    infeasible             22.3100       20.8100  7572266    6.72%
Elapsed time = 1164.51 sec. (1544911.20 ticks, tree = 24.96 MB, solutions = 6)
  99057 22075       21.0100    20       22.3100       20.8100  7590771    6.72%
  99317 22095       20.8100    52       22.3100       20.8100  7613151    6.72%
  99524 22169       21.6291    41       22.3100       20.8100  7634664    6.72%
  99849 22184       20.8100    24       22.3100       20.8100  7654738    6.72%
 100189 22235       20.8158    44       22.3100       20.8100  7675232    6.72%
 100527 22269       20.8100    33       22.3100       20.8100  7697328    6.72%
 100858 22289       21.0100    36       22.3100       20.8100  7719214    6.72%
 101113 22392    infeasible             22.3100       20.8100  7743229    6.72%
 101333 22475       21.0100    35       22.3100       20.8100  7765129    6.72%
 101636 22621       20.8100    39       22.3100       20.8100  7785587    6.72%
Elapsed time = 1193.93 sec. (1583107.78 ticks, tree = 25.52 MB, solutions = 6)
 101853 22688       21.0100    36       22.3100       20.8100  7807989    6.72%
 102059 22761       20.8100    30       22.3100       20.8100  7830945    6.72%
 102268 22843        cutoff             22.3100       20.8100  7854205    6.72%
 102495 22910       20.8100    38       22.3100       20.8100  7876633    6.72%
 102773 22992       20.8100    31       22.3100       20.8100  7894207    6.72%
 103068 23088       21.0100    36       22.3100       20.8100  7914839    6.72%
 103303 23156       20.8100    22       22.3100       20.8100  7938582    6.72%
 103558 23269       20.8100    27       22.3100       20.8100  7959907    6.72%
 103784 23335    infeasible             22.3100       20.8100  7984773    6.72%
 103985 23398       20.8100    36       22.3100       20.8100  8009323    6.72%
Elapsed time = 1224.63 sec. (1621368.41 ticks, tree = 26.32 MB, solutions = 6)
 104210 23455       21.0721    29       22.3100       20.8100  8032760    6.72%
 104399 23510       20.8100    37       22.3100       20.8100  8053627    6.72%
 104613 23575    infeasible             22.3100       20.8100  8076868    6.72%
 104846 23658       20.8100    39       22.3100       20.8100  8101438    6.72%
 105108 23697       20.8322    44       22.3100       20.8100  8127008    6.72%
 105358 23756    infeasible             22.3100       20.8100  8152172    6.72%
 105652 23800       20.8100    32       22.3100       20.8100  8176430    6.72%
 105963 23818       20.8100    38       22.3100       20.8100  8199974    6.72%
 106187 23870       20.8164    39       22.3100       20.8100  8225012    6.72%
 106465 23943    infeasible             22.3100       20.8100  8250432    6.72%
Elapsed time = 1255.05 sec. (1662113.75 ticks, tree = 26.88 MB, solutions = 6)
 106675 24060       21.0100    25       22.3100       20.8100  8273770    6.72%
 106949 24125       21.0100    32       22.3100       20.8100  8294054    6.72%
 107193 24169       20.8132    31       22.3100       20.8100  8316607    6.72%
 107434 24258       21.2172    24       22.3100       20.8100  8340219    6.72%
 107650 24312       21.0100    26       22.3100       20.8100  8367512    6.72%
 107864 24368       20.8100    29       22.3100       20.8100  8393517    6.72%
 108098 24430       21.0100    16       22.3100       20.8100  8418220    6.72%
 108332 24511       21.0100    13       22.3100       20.8100  8442412    6.72%
 108571 24547       20.8110    34       22.3100       20.8100  8469724    6.72%
 108807 24588       20.8100    37       22.3100       20.8100  8496653    6.72%
Elapsed time = 1283.89 sec. (1700370.87 ticks, tree = 27.58 MB, solutions = 6)
 109018 24624       20.8110    29       22.3100       20.8100  8521844    6.72%
 109236 24651       20.8100    28       22.3100       20.8100  8547982    6.72%
 109462 24677       20.8100    24       22.3100       20.8100  8574297    6.72%
 109740 24688       20.8100    27       22.3100       20.8100  8594003    6.72%
 109967 24727       21.0100    44       22.3100       20.8100  8611193    6.72%
 110163 24827       20.8132    44       22.3100       20.8100  8632236    6.72%
 110392 24872       20.8100    31       22.3100       20.8100  8658944    6.72%
 110587 24911       21.2172    16       22.3100       20.8100  8682371    6.72%
 110827 24942       21.0100    20       22.3100       20.8100  8710647    6.72%
 111067 25007        cutoff             22.3100       20.8100  8735502    6.72%
Elapsed time = 1312.90 sec. (1738676.85 ticks, tree = 28.06 MB, solutions = 6)
 111304 25037       21.0100    23       22.3100       20.8100  8763969    6.72%
 111517 25070       21.0100    27       22.3100       20.8100  8788789    6.72%
 111752 25098       20.8100    31       22.3100       20.8100  8815252    6.72%
 111915 25117       21.5500    14       22.3100       20.8100  8835384    6.72%
 112132 25153       21.0100    42       22.3100       20.8100  8860476    6.72%
 112324 25204       21.0100    38       22.3100       20.8100  8883816    6.72%
 112540 25249       20.8107    49       22.3100       20.8100  8902598    6.72%
 112835 25291       20.8100    32       22.3100       20.8100  8923570    6.72%
 113104 25355       21.0100    25       22.3100       20.8100  8943804    6.72%
 113357 25440       20.8100    23       22.3100       20.8100  8965296    6.72%
Elapsed time = 1342.73 sec. (1776949.04 ticks, tree = 28.59 MB, solutions = 6)
 113593 25513    infeasible             22.3100       20.8100  8988586    6.72%
 113813 25609       21.2214    25       22.3100       20.8100  9012006    6.72%
 114044 25673       20.9749    32       22.3100       20.8100  9034078    6.72%
 114344 25718       21.5500    26       22.3100       20.8100  9054135    6.72%
 114552 25757        cutoff             22.3100       20.8100  9079076    6.72%
 114699 25777       20.8100    23       22.3100       20.8100  9098344    6.72%
 114942 25817       21.0100    27       22.3100       20.8100  9126968    6.72%
 115183 25890       20.8100    28       22.3100       20.8100  9151125    6.72%
 115418 25967       21.0100    17       22.3100       20.8100  9175217    6.72%
 115648 26019       21.0100    29       22.3100       20.8100  9198394    6.72%
Elapsed time = 1374.02 sec. (1816977.79 ticks, tree = 29.18 MB, solutions = 6)
 115890 26077       20.8100    39       22.3100       20.8100  9220812    6.72%
 116129 26178    infeasible             22.3100       20.8100  9243441    6.72%
 116366 26254       20.8100    31       22.3100       20.8100  9265776    6.72%
 116583 26297       20.8100    39       22.3100       20.8100  9288607    6.72%
 116795 26350       21.0100    15       22.3100       20.8100  9311486    6.72%
 117030 26401        cutoff             22.3100       20.8100  9334800    6.72%
 117279 26446       20.8100    20       22.3100       20.8100  9361131    6.72%
 117531 26504       21.0100    27       22.3100       20.8100  9384856    6.72%
 117728 26554       20.8152    29       22.3100       20.8100  9407027    6.72%
 117982 26597       20.8100    26       22.3100       20.8100  9431661    6.72%
Elapsed time = 1404.12 sec. (1855252.93 ticks, tree = 29.86 MB, solutions = 6)
 118237 26660       21.2172    19       22.3100       20.8100  9457614    6.72%
 118493 26759       20.8100    34       22.3100       20.8100  9479929    6.72%
 118712 26801       21.0100    26       22.3100       20.8100  9505128    6.72%
 118927 26861       20.8100    30       22.3100       20.8100  9528189    6.72%
 119155 26901       20.8100    30       22.3100       20.8100  9552064    6.72%
 119377 26965       20.8100    32       22.3100       20.8100  9573234    6.72%
 119685 26966       20.8100    25       22.3100       20.8100  9591908    6.72%
 120062 26968       20.8100    29       22.3100       20.8100  9613040    6.72%
 120381 26990       20.8133    23       22.3100       20.8100  9634678    6.72%
 120625 27040       20.8100    30       22.3100       20.8100  9658142    6.72%
Elapsed time = 1434.40 sec. (1893514.54 ticks, tree = 30.36 MB, solutions = 6)
 120872 27082    infeasible             22.3100       20.8100  9683327    6.72%
 121154 27114       21.2172    20       22.3100       20.8100  9707048    6.72%
 121358 27177       21.0100    24       22.3100       20.8100  9726843    6.72%
 121599 27253       21.0100    42       22.3100       20.8100  9741425    6.72%
 121797 27372       21.0100    44       22.3100       20.8100  9757208    6.72%
 122008 27449       20.9637    30       22.3100       20.8100  9776452    6.72%
 122143 27522       21.0100    33       22.3100       20.8100  9790078    6.72%
 122308 27605       20.8101    32       22.3100       20.8100  9807244    6.72%
 122549 27660    infeasible             22.3100       20.8100  9831675    6.72%
 122789 27688       20.8100    24       22.3100       20.8100  9856531    6.72%
Elapsed time = 1467.61 sec. (1935105.39 ticks, tree = 31.07 MB, solutions = 6)
 123030 27711       20.8100    34       22.3100       20.8100  9880570    6.72%
 123268 27748       21.2910    27       22.3100       20.8100  9902718    6.72%
 123498 27794       20.8100    43       22.3100       20.8100  9923862    6.72%
 123747 27835       21.8731    17       22.3100       20.8100  9944543    6.72%
 123977 27877    infeasible             22.3100       20.8100  9964840    6.72%
 124219 27945       20.8132    35       22.3100       20.8100  9985844    6.72%
 124464 27998       21.8731    17       22.3100       20.8100 10009148    6.72%
 124683 28037       20.8133    31       22.3100       20.8100 10031543    6.72%
 124918 28120       21.9400    10       22.3100       20.8100 10054238    6.72%
 125147 28192       20.8100    42       22.3100       20.8100 10077691    6.72%
Elapsed time = 1498.53 sec. (1973332.71 ticks, tree = 31.59 MB, solutions = 6)
 125413 28244       20.8212    28       22.3100       20.8100 10101251    6.72%
 125647 28270       20.8133    31       22.3100       20.8100 10125928    6.72%
 125851 28332       20.8100    51       22.3100       20.8100 10146203    6.72%
 125965 28349    infeasible             22.3100       20.8100 10158557    6.72%
 126113 28357       20.8100    37       22.3100       20.8100 10178362    6.72%
 126318 28366    infeasible             22.3100       20.8100 10197293    6.72%
 126523 28376    infeasible             22.3100       20.8100 10216512    6.72%
 126695 28386       21.0100    39       22.3100       20.8100 10236378    6.72%
 126853 28412       20.8100    40       22.3100       20.8100 10253552    6.72%
 127158 28437       20.8100    36       22.3100       20.8100 10272970    6.72%
Elapsed time = 1527.32 sec. (2011712.60 ticks, tree = 31.84 MB, solutions = 6)
 127356 28489       20.8100    51       22.3100       20.8100 10293270    6.72%
 127607 28532       20.8100    48       22.3100       20.8100 10316453    6.72%
 127829 28536       20.8100    47       22.3100       20.8100 10339163    6.72%
 128086 28525       20.8100    46       22.3100       20.8100 10361150    6.72%
 128426 28557       20.8100    31       22.3100       20.8100 10380473    6.72%
 128986 28555       20.8100    30       22.3100       20.8100 10401414    6.72%
 129540 28549       20.8100    37       22.3100       20.8100 10421033    6.72%
 130000 28557       20.8100    37       22.3100       20.8100 10441116    6.72%
 130442 28547       20.8100    29       22.3100       20.8100 10460915    6.72%
 130789 28546       20.8100    52       22.3100       20.8100 10480970    6.72%
Elapsed time = 1556.50 sec. (2049936.13 ticks, tree = 31.96 MB, solutions = 6)
 130899 28548       20.8100    33       22.3100       20.8100 10487567    6.72%
 131056 28606    infeasible             22.3100       20.8100 10505645    6.72%
 131204 28653       21.7582    43       22.3100       20.8100 10525682    6.72%
 131379 28697       21.0100    33       22.3100       20.8100 10548339    6.72%
 131581 28738       20.8100    37       22.3100       20.8100 10572424    6.72%
 131748 28782       20.8282    41       22.3100       20.8100 10592123    6.72%
 131901 28814       20.8100    38       22.3100       20.8100 10614760    6.72%
 132069 28841       20.8100    56       22.3100       20.8100 10636391    6.72%
 132191 28890        cutoff             22.3100       20.8100 10648754    6.72%
 132414 28942       20.8100    38       22.3100       20.8100 10668678    6.72%
Elapsed time = 1586.33 sec. (2088617.31 ticks, tree = 32.37 MB, solutions = 6)
 132624 28974       21.0100    39       22.3100       20.8100 10690741    6.72%
 132894 28999       20.8100    25       22.3100       20.8100 10713529    6.72%
 133117 29038        cutoff             22.3100       20.8100 10735991    6.72%
 133372 29078       20.8227    35       22.3100       20.8100 10759526    6.72%
 133608 29124       21.0100    27       22.3100       20.8100 10783582    6.72%
 133880 29151       20.8227    38       22.3100       20.8100 10807106    6.72%
 134144 29175       20.8113    33       22.3100       20.8100 10828723    6.72%
 134417 29211       20.8131    41       22.3100       20.8100 10850968    6.72%
 134682 29251       20.8127    34       22.3100       20.8100 10872578    6.72%
 134906 29269       21.0100    34       22.3100       20.8100 10894966    6.72%
Elapsed time = 1616.78 sec. (2126961.81 ticks, tree = 32.75 MB, solutions = 6)
 135179 29308       21.0100    32       22.3100       20.8100 10919368    6.72%
 135444 29343       20.8227    38       22.3100       20.8100 10941734    6.72%
 135721 29375       21.0100    34       22.3100       20.8100 10965674    6.72%
 136012 29433       20.8128    34       22.3100       20.8100 10984633    6.72%
 136308 29468       21.0100    31       22.3100       20.8100 11008574    6.72%
 136631 29516       20.8100    31       22.3100       20.8100 11031427    6.72%
 136927 29535       21.0100    25       22.3100       20.8100 11051713    6.72%
 137202 29562       20.8100    33       22.3100       20.8100 11072356    6.72%
 137504 29592       20.8245    35       22.3100       20.8100 11094766    6.72%
 137827 29618       20.8100    33       22.3100       20.8100 11113841    6.72%
Elapsed time = 1646.99 sec. (2165221.13 ticks, tree = 33.50 MB, solutions = 6)
 138147 29646       20.8124    33       22.3100       20.8100 11137478    6.72%
 138425 29696       20.8113    33       22.3100       20.8100 11160275    6.72%
 138669 29752       21.0887    26       22.3100       20.8100 11181433    6.72%
 139001 29808       20.8245    33       22.3100       20.8100 11205405    6.72%
 139262 29876       21.6986    34       22.3100       20.8100 11229320    6.72%
 139539 29916       21.0939    28       22.3100       20.8100 11253607    6.72%
 139853 29957       21.0100    34       22.3100       20.8100 11278527    6.72%
 140198 30019       20.8100    27       22.3100       20.8100 11302592    6.72%
 140318 30042       20.8100    40       22.3100       20.8100 11312336    6.72%
 140581 30094       21.0755    26       22.3100       20.8100 11336509    6.72%
Elapsed time = 1676.88 sec. (2203510.24 ticks, tree = 34.03 MB, solutions = 6)
 140860 30138       21.0100    20       22.3100       20.8100 11359772    6.72%
 141097 30179       21.0100    36       22.3100       20.8100 11380810    6.72%
 141297 30211       21.0100    23       22.3100       20.8100 11402068    6.72%
 141550 30240       21.3107    32       22.3100       20.8100 11425050    6.72%
 141750 30318       21.0100    22       22.3100       20.8100 11447708    6.72%
 142075 30349       20.8100    28       22.3100       20.8100 11473477    6.72%
 142403 30389       20.8100    42       22.3100       20.8100 11499176    6.72%
 142694 30431       20.8100    40       22.3100       20.8100 11522916    6.72%
 142979 30459       20.8543    21       22.3100       20.8100 11548378    6.72%
 143305 30498       20.8169    37       22.3100       20.8100 11574348    6.72%
Elapsed time = 1706.79 sec. (2241837.59 ticks, tree = 34.45 MB, solutions = 6)
 143536 30553       20.8137    43       22.3100       20.8100 11595136    6.72%
 143713 30589    infeasible             22.3100       20.8100 11618045    6.72%
 143886 30652       21.0100    27       22.3100       20.8100 11639309    6.72%
 144091 30717       21.0100    29       22.3100       20.8100 11661774    6.72%
 144312 30784       20.8767    32       22.3100       20.8100 11684748    6.72%
 144516 30874       21.0100    39       22.3100       20.8100 11704328    6.72%
 144783 30929       20.8386    36       22.3100       20.8100 11723042    6.72%
 144987 31011       20.8100    41       22.3100       20.8100 11736879    6.72%
 145243 31056       20.8100    36       22.3100       20.8100 11756327    6.72%
 145518 31104       21.0100    35       22.3100       20.8100 11775584    6.72%
Elapsed time = 1735.63 sec. (2280117.88 ticks, tree = 35.29 MB, solutions = 6)
 145703 31147       21.0100    33       22.3100       20.8100 11796110    6.72%
 145905 31253       20.8127    38       22.3100       20.8100 11806380    6.72%
 146213 31432       21.0100    27       22.3100       20.8100 11822494    6.72%
 146299 31486       21.1274    31       22.3100       20.8100 11826534    6.72%
 146589 31694       21.5500    28       22.3100       20.8100 11841658    6.72%
 146802 31823       21.5531    32       22.3100       20.8100 11856583    6.72%
 146958 31913       20.8107    40       22.3100       20.8100 11872951    6.72%
 147177 31995       21.0100    27       22.3100       20.8100 11891868    6.72%
 147390 32088       20.8100    40       22.3100       20.8100 11910681    6.72%
 147618 32201       20.8127    41       22.3100       20.8100 11929760    6.72%
Elapsed time = 1764.14 sec. (2319414.01 ticks, tree = 36.52 MB, solutions = 6)
 147842 32292       20.8100    51       22.3100       20.8100 11950876    6.72%
 148104 32437       20.8127    43       22.3100       20.8100 11972866    6.72%
 148468 32670       21.0100    25       22.3100       20.8100 11990872    6.72%
 148742 32831       21.0100    33       22.3100       20.8100 12007842    6.72%
 148944 32937    infeasible             22.3100       20.8100 12030181    6.72%
 149150 33020       20.8100    41       22.3100       20.8100 12050210    6.72%
 149340 33107       20.8608    52       22.3100       20.8100 12069015    6.72%
 149504 33187       21.0100    45       22.3100       20.8100 12089482    6.72%
 149651 33254       20.8100    33       22.3100       20.8100 12104013    6.72%
 149816 33278       21.0100    28       22.3100       20.8100 12120054    6.72%
Elapsed time = 1792.80 sec. (2357685.58 ticks, tree = 39.03 MB, solutions = 6)
 150019 33340       20.8100    27       22.3100       20.8100 12139223    6.72%
 150244 33391       20.8101    40       22.3100       20.8100 12159834    6.72%
 150542 33440       20.8100    41       22.3100       20.8100 12182095    6.72%
 150924 33455       20.8426    34       22.3100       20.8100 12203129    6.72%
 151180 33496       20.8210    36       22.3100       20.8100 12223202    6.72%
 151469 33515       21.0100    46       22.3100       20.8100 12241968    6.72%
 151701 33612       20.9100    38       22.3100       20.8100 12259766    6.72%
 151932 33658       20.8100    22       22.3100       20.8100 12279388    6.72%
 152242 33689       21.0100    31       22.3100       20.8100 12300218    6.72%
 152573 33713       20.8100    26       22.3100       20.8100 12322111    6.72%
Elapsed time = 1822.81 sec. (2395955.87 ticks, tree = 39.48 MB, solutions = 6)
 152858 33779       20.8100    38       22.3100       20.8100 12343705    6.72%
 153174 33818        cutoff             22.3100       20.8100 12363355    6.72%
 153528 33890       20.8100    23       22.3100       20.8100 12375277    6.72%
 153805 33907       20.8100    36       22.3100       20.8100 12389122    6.72%
 154079 33914       20.8100    31       22.3100       20.8100 12410223    6.72%
 154326 33920        cutoff             22.3100       20.8100 12432234    6.72%
 154571 33933       20.8100    28       22.3100       20.8100 12454599    6.72%
 154833 34013       21.0100    29       22.3100       20.8100 12475656    6.72%
 155049 34097       21.4242    40       22.3100       20.8100 12499184    6.72%
 155270 34172       21.0100    39       22.3100       20.8100 12521425    6.72%
Elapsed time = 1852.70 sec. (2434235.67 ticks, tree = 43.45 MB, solutions = 6)
 155549 34337       20.8107    49       22.3100       20.8100 12542945    6.72%
 155788 34450       21.0100    38       22.3100       20.8100 12562842    6.72%
 156063 34531       20.8100    34       22.3100       20.8100 12585086    6.72%
 156359 34679       20.8100    38       22.3100       20.8100 12604876    6.72%
 156682 34849       20.8100    34       22.3100       20.8100 12624916    6.72%
 156799 34900       21.0100    22       22.3100       20.8100 12632589    6.72%
 157113 35068        cutoff             22.3100       20.8100 12651704    6.72%
 157352 35162    infeasible             22.3100       20.8100 12671380    6.72%
 157612 35261       20.8239    40       22.3100       20.8100 12692935    6.72%
 157834 35355       20.9342    50       22.3100       20.8100 12717089    6.72%
Elapsed time = 1883.07 sec. (2472695.32 ticks, tree = 44.69 MB, solutions = 6)
 158051 35454       20.8100    46       22.3100       20.8100 12737629    6.72%
 158262 35524       20.8100    42       22.3100       20.8100 12758898    6.72%
 158573 35701       20.8100    28       22.3100       20.8100 12777040    6.72%
 158842 35823       20.8100    27       22.3100       20.8100 12797207    6.72%
 159141 35991    infeasible             22.3100       20.8100 12817130    6.72%
 159408 36136       20.8100    35       22.3100       20.8100 12836183    6.72%
 159728 36329       21.0100    34       22.3100       20.8100 12853299    6.72%
 160044 36525       21.0100    23       22.3100       20.8100 12872181    6.72%
 160273 36602       21.0100    38       22.3100       20.8100 12892508    6.72%
 160493 36711       21.0100    29       22.3100       20.8100 12913084    6.72%
Elapsed time = 1914.29 sec. (2511027.32 ticks, tree = 46.12 MB, solutions = 6)
 160802 36891       21.0100    15       22.3100       20.8100 12931238    6.72%
 161069 37035       21.3934    36       22.3100       20.8100 12952977    6.72%
 161287 37129       21.2343    29       22.3100       20.8100 12975789    6.72%
 161492 37228       20.8101    44       22.3100       20.8100 12994139    6.72%
 161723 37318       21.2328    31       22.3100       20.8100 13016550    6.72%
 161951 37466       21.0100    28       22.3100       20.8100 13034639    6.72%
 162124 37538       21.0100    19       22.3100       20.8100 13051668    6.72%
 162299 37629       20.8100    29       22.3100       20.8100 13068154    6.72%
 162497 37703       20.8107    44       22.3100       20.8100 13087843    6.72%
 162660 37810       21.0100    41       22.3100       20.8100 13102359    6.72%
Elapsed time = 1944.69 sec. (2549321.46 ticks, tree = 47.28 MB, solutions = 6)
 162860 37927       20.8100    28       22.3100       20.8100 13120263    6.72%
 163053 38036    infeasible             22.3100       20.8100 13138712    6.72%
 163282 38170       21.0100    35       22.3100       20.8100 13157462    6.72%
 163499 38290       21.2001    39       22.3100       20.8100 13176726    6.72%
 163699 38412       20.8131    30       22.3100       20.8100 13194877    6.72%
 164030 38618       21.5500    25       22.3100       20.8100 13212302    6.72%
 164321 38773    infeasible             22.3100       20.8100 13229849    6.72%
 164499 38892       21.0100    25       22.3100       20.8100 13240804    6.72%
 164599 38939       21.3803    27       22.3100       20.8100 13246532    6.72%
 164703 38986       20.8133    28       22.3100       20.8100 13258565    6.72%
Elapsed time = 1979.46 sec. (2592208.27 ticks, tree = 48.51 MB, solutions = 6)
 164799 39053       20.8139    31       22.3100       20.8100 13262229    6.72%
 164899 39124       21.0100    15       22.3100       20.8100 13265625    6.72%
 165009 39206       20.8132    33       22.3100       20.8100 13268364    6.72%
 165134 39298       21.0100    17       22.3100       20.8100 13273085    6.72%
 165255 39364       21.5500    19       22.3100       20.8100 13280261    6.72%
 165323 39387       21.0100    29       22.3100       20.8100 13287229    6.72%
 165599 39591       21.0100    16       22.3100       20.8100 13296345    6.72%
 165699 39655       20.8104    33       22.3100       20.8100 13300791    6.72%
 165799 39715       21.0100    21       22.3100       20.8100 13305525    6.72%
 166011 39848       20.8150    33       22.3100       20.8100 13317260    6.72%
Elapsed time = 2013.30 sec. (2636242.01 ticks, tree = 49.42 MB, solutions = 6)
 166153 39903       21.0138    21       22.3100       20.8100 13331416    6.72%
 166199 39920       21.3500    29       22.3100       20.8100 13336940    6.72%
 166299 39966       21.0100    29       22.3100       20.8100 13349437    6.72%
 166499 40099       20.8104    52       22.3100       20.8100 13364420    6.72%
 166599 40149       21.0908    28       22.3100       20.8100 13374534    6.72%
 166843 40311       20.8100    31       22.3100       20.8100 13391756    6.72%
 167103 40470       21.0100    22       22.3100       20.8100 13408828    6.72%
 167339 40594       21.0100    19       22.3100       20.8100 13427744    6.72%
 167614 40747       21.0100    25       22.3100       20.8100 13446741    6.72%
 167861 40895       21.0100    19       22.3100       20.8100 13463343    6.72%
Elapsed time = 2049.67 sec. (2682666.52 ticks, tree = 50.52 MB, solutions = 6)
 168086 41029       20.8100    33       22.3100       20.8100 13480859    6.72%
 168278 41125       21.0100    23       22.3100       20.8100 13499164    6.72%
 168538 41274       20.8100    29       22.3100       20.8100 13518922    6.72%
 168786 41406       21.0100    27       22.3100       20.8100 13536571    6.72%
 169043 41559       20.8100    26       22.3100       20.8100 13554502    6.72%
 169364 41761       20.8100    29       22.3100       20.8100 13572907    6.72%
 169743 42020       21.0100    32       22.3100       20.8100 13589705    6.72%
 169997 42169       21.0100    21       22.3100       20.8100 13606616    6.72%
 170197 42262       21.0100    22       22.3100       20.8100 13623682    6.72%
 170500 42436       20.8226    35       22.3100       20.8100 13640044    6.72%
Elapsed time = 2081.86 sec. (2720916.00 ticks, tree = 52.15 MB, solutions = 6)
 170750 42549       20.8745    25       22.3100       20.8100 13657876    6.72%
 170997 42671       21.0100    24       22.3100       20.8100 13673910    6.72%
 171225 42795       21.0100    27       22.3100       20.8100 13688263    6.72%
 171493 42955       20.8104    38       22.3100       20.8100 13706168    6.72%
 171785 43133       20.8100    27       22.3100       20.8100 13723600    6.72%
 172049 43269       21.0100    25       22.3100       20.8100 13742325    6.72%
 172299 43422       21.0100    26       22.3100       20.8100 13758329    6.72%
 172592 43567       21.0100    21       22.3100       20.8100 13777654    6.72%
 172871 43765       21.0100    12       22.3100       20.8100 13797931    6.72%
 173099 43889    infeasible             22.3100       20.8100 13816289    6.72%
Elapsed time = 2115.17 sec. (2761541.96 ticks, tree = 53.68 MB, solutions = 6)
 173342 44039       20.8100    32       22.3100       20.8100 13835370    6.72%
 173629 44207       21.0100    27       22.3100       20.8100 13854284    6.72%
 173881 44369       21.0100    24       22.3100       20.8100 13874670    6.72%
 174152 44540       21.0100    31       22.3100       20.8100 13893560    6.72%
 174430 44702       21.3185    23       22.3100       20.8100 13914114    6.72%
 174711 44863       21.3500    41       22.3100       20.8100 13933998    6.72%
 175002 45061       20.8100    30       22.3100       20.8100 13953179    6.72%
 175218 45185       20.8116    44       22.3100       20.8100 13973196    6.72%
 175447 45333       21.6416    30       22.3100       20.8100 13993457    6.72%
 175694 45485       20.8100    36       22.3100       20.8100 14011829    6.72%
Elapsed time = 2146.58 sec. (2799840.86 ticks, tree = 55.36 MB, solutions = 6)
 175962 45641       21.9400    16       22.3100       20.8100 14030908    6.72%
 176191 45751       20.8134    33       22.3100       20.8100 14050092    6.72%
 176463 45923    infeasible             22.3100       20.8100 14068613    6.72%
 176750 46067       21.2060    19       22.3100       20.8100 14087901    6.72%
 176921 46169       20.8105    57       22.3100       20.8100 14100118    6.72%
 177159 46315       20.8100    44       22.3100       20.8100 14120760    6.72%
 177457 46524        cutoff             22.3100       20.8100 14140021    6.72%
 177678 46655        cutoff             22.3100       20.8100 14159693    6.72%
 178001 46854       21.0100    27       22.3100       20.8100 14178237    6.72%
 178236 46986       21.0100    23       22.3100       20.8100 14195669    6.72%
Elapsed time = 2178.02 sec. (2838086.36 ticks, tree = 56.94 MB, solutions = 6)
 178478 47122       21.0100    28       22.3100       20.8100 14212892    6.72%
 178754 47302       21.5500    16       22.3100       20.8100 14230934    6.72%
 179020 47445    infeasible             22.3100       20.8100 14250523    6.72%
 179229 47547       20.8100    35       22.3100       20.8100 14267553    6.72%
 179318 47595    infeasible             22.3100       20.8100 14274363    6.72%
 179569 47722    infeasible             22.3100       20.8100 14292799    6.72%
 179762 47827       20.8100    38       22.3100       20.8100 14313341    6.72%
 179980 47953       20.8100    49       22.3100       20.8100 14333267    6.72%
 180233 48100       21.5540    23       22.3100       20.8100 14353672    6.72%
 180480 48237       21.0100    26       22.3100       20.8100 14374254    6.72%
Elapsed time = 2209.69 sec. (2876372.41 ticks, tree = 58.26 MB, solutions = 6)
 180725 48365    infeasible             22.3100       20.8100 14395702    6.72%
 181002 48534       21.9400    14       22.3100       20.8100 14415353    6.72%
 181247 48654       20.8103    50       22.3100       20.8100 14437012    6.72%
 181479 48781       21.5500    26       22.3100       20.8100 14458628    6.72%
 181713 48924    infeasible             22.3100       20.8100 14477553    6.72%
 181958 49058       21.0100    26       22.3100       20.8100 14497583    6.72%
 182168 49176       21.0100    30       22.3100       20.8100 14517685    6.72%
 182299 49234       21.5500    31       22.3100       20.8100 14530534    6.72%
 182547 49394       21.0100    37       22.3100       20.8100 14548914    6.72%
 182761 49498    infeasible             22.3100       20.8100 14569917    6.72%
Elapsed time = 2241.70 sec. (2915892.58 ticks, tree = 59.60 MB, solutions = 6)
 182973 49610       21.0100    22       22.3100       20.8100 14592080    6.72%
 183182 49737       21.0100    23       22.3100       20.8100 14611512    6.72%
 183391 49828       20.8100    31       22.3100       20.8100 14631430    6.72%
 183675 50001       21.3707    15       22.3100       20.8100 14652587    6.72%
 183916 50144    infeasible             22.3100       20.8100 14671557    6.72%
 184091 50217       20.8104    46       22.3100       20.8100 14690981    6.72%
 184302 50347       21.0100    25       22.3100       20.8100 14707924    6.72%
 184512 50453    infeasible             22.3100       20.8100 14729453    6.72%
 184733 50582       20.8104    53       22.3100       20.8100 14749567    6.72%
 184994 50759       21.0100    23       22.3100       20.8100 14767117    6.72%
Elapsed time = 2273.28 sec. (2954121.77 ticks, tree = 60.93 MB, solutions = 6)
 185219 50892    infeasible             22.3100       20.8100 14787687    6.72%
 185427 51017       21.0100    26       22.3100       20.8100 14807250    6.72%
 185499 51051       22.0000     9       22.3100       20.8100 14815091    6.72%
 185721 51188       21.0100    27       22.3100       20.8100 14833603    6.72%
 185939 51323       20.8135    37       22.3100       20.8100 14854478    6.72%
 186152 51434       21.9400    19       22.3100       20.8100 14874835    6.72%
 186387 51570       21.0100    32       22.3100       20.8100 14893018    6.72%
 186617 51711       21.5500    29       22.3100       20.8100 14912942    6.72%
 186809 51823       21.0100    30       22.3100       20.8100 14932155    6.72%
 187041 51961       21.9400    24       22.3100       20.8100 14953051    6.72%
Elapsed time = 2304.41 sec. (2993166.23 ticks, tree = 62.20 MB, solutions = 6)
 187231 52063       21.0138    28       22.3100       20.8100 14973841    6.72%
 187448 52193       21.0100    25       22.3100       20.8100 14993997    6.72%
 187718 52364       21.0100    28       22.3100       20.8100 15012471    6.72%
 187966 52521       20.8100    34       22.3100       20.8100 15031056    6.72%
 188209 52671       21.0100    22       22.3100       20.8100 15049694    6.72%
 188389 52754       20.8100    31       22.3100       20.8100 15072029    6.72%
 188611 52869       20.8108    58       22.3100       20.8100 15089402    6.72%
 188821 52998       20.8100    28       22.3100       20.8100 15107951    6.72%
 189049 53129    infeasible             22.3100       20.8100 15126001    6.72%
 189263 53250       21.0100    63       22.3100       20.8100 15143088    6.72%
Elapsed time = 2335.29 sec. (3031434.08 ticks, tree = 63.56 MB, solutions = 6)
 189324 53279    infeasible             22.3100       20.8100 15148520    6.72%
 189536 53399       21.3093    27       22.3100       20.8100 15168612    6.72%
 189765 53522       21.0100    36       22.3100       20.8100 15190072    6.72%
 189980 53644       20.8138    40       22.3100       20.8100 15210335    6.72%
 190207 53763       21.0100    36       22.3100       20.8100 15233116    6.72%
 190449 53892       21.0100    16       22.3100       20.8100 15256309    6.72%
 190645 53986       20.8134    39       22.3100       20.8100 15276017    6.72%
 190872 54106       21.0100    14       22.3100       20.8100 15297601    6.72%
 191121 54270       21.0100    28       22.3100       20.8100 15317831    6.72%
 191326 54393        cutoff             22.3100       20.8100 15338961    6.72%
Elapsed time = 2365.43 sec. (3069695.53 ticks, tree = 64.77 MB, solutions = 6)
 191543 54509       21.0100    43       22.3100       20.8100 15359857    6.72%
 191810 54670       20.8100    48       22.3100       20.8100 15380765    6.72%
 191998 54778       21.0100    26       22.3100       20.8100 15403718    6.72%
 192235 54934       21.0100    28       22.3100       20.8100 15424629    6.72%
 192460 55051       20.8110    40       22.3100       20.8100 15447311    6.72%
 192599 55112       20.8100    46       22.3100       20.8100 15461187    6.72%
 192849 55263       21.0100    26       22.3100       20.8100 15481895    6.72%
 193070 55384       20.8107    56       22.3100       20.8100 15499392    6.72%
 193282 55504       21.0100    46       22.3100       20.8100 15518295    6.72%
 193493 55611       21.5500    28       22.3100       20.8100 15538430    6.72%
Elapsed time = 2397.16 sec. (3109992.58 ticks, tree = 66.05 MB, solutions = 6)
 193676 55717       21.0100    27       22.3100       20.8100 15560616    6.72%
 193903 55844       21.0100    29       22.3100       20.8100 15582377    6.72%
 194119 55965        cutoff             22.3100       20.8100 15601525    6.72%
 194323 56077       21.0100    22       22.3100       20.8100 15621783    6.72%
 194542 56210       21.0100    35       22.3100       20.8100 15641781    6.72%
 194765 56348        cutoff             22.3100       20.8100 15664396    6.72%
 194990 56455       20.8132    39       22.3100       20.8100 15684296    6.72%
 195214 56573       21.9400    26       22.3100       20.8100 15704149    6.72%
 195436 56702       20.8600    40       22.3100       20.8100 15725425    6.72%
 195727 56880    infeasible             22.3100       20.8100 15745177    6.72%
Elapsed time = 2427.58 sec. (3148215.93 ticks, tree = 67.40 MB, solutions = 6)
 195967 57026       20.8100    42       22.3100       20.8100 15767305    6.72%
 196205 57138       21.0100    30       22.3100       20.8100 15789002    6.72%
 196440 57277       21.9400    14       22.3100       20.8100 15810087    6.72%
 196614 57367       21.0100    30       22.3100       20.8100 15822079    6.72%
 196860 57478       21.5500    22       22.3100       20.8100 15845125    6.72%
 197075 57582    infeasible             22.3100       20.8100 15867830    6.72%
 197328 57737       21.0100    35       22.3100       20.8100 15888774    6.72%
 197558 57889       21.0100    30       22.3100       20.8100 15909378    6.72%
 197800 58036       21.0100    28       22.3100       20.8100 15929506    6.72%
 198000 58157       21.5500    12       22.3100       20.8100 15950883    6.72%
Elapsed time = 2457.67 sec. (3186434.76 ticks, tree = 68.75 MB, solutions = 6)
 198231 58302       20.8100    51       22.3100       20.8100 15970258    6.72%
 198399 58383       21.5500    36       22.3100       20.8100 15987609    6.72%
 198602 58441       20.8521    47       22.3100       20.8100 16009819    6.72%
 198876 58499       20.8100    41       22.3100       20.8100 16033845    6.72%
 199073 58536       20.8100    29       22.3100       20.8100 16051654    6.72%
 199329 58534       21.0024    38       22.3100       20.8100 16073050    6.72%
 199603 58532    infeasible             22.3100       20.8100 16092992    6.72%
 199832 58614       21.0100    34       22.3100       20.8100 16116930    6.72%
 200116 58803       20.8100    41       22.3100       20.8100 16136696    6.72%
 200382 58971       20.8100    46       22.3100       20.8100 16158653    6.72%
Elapsed time = 2489.68 sec. (3228533.21 ticks, tree = 69.61 MB, solutions = 6)
 200624 59071       21.1707    45       22.3100       20.8100 16181054    6.72%
 200956 59284       21.0100    17       22.3100       20.8100 16200620    6.72%
 201244 59417       20.8132    45       22.3100       20.8100 16222449    6.72%
 201559 59574       21.2996    37       22.3100       20.8100 16244795    6.72%
 201802 59710       20.8100    34       22.3100       20.8100 16267005    6.72%
 202056 59816    infeasible             22.3100       20.8100 16289670    6.72%
 202307 59929        cutoff             22.3100       20.8100 16312833    6.72%
 202549 60037       20.8211    44       22.3100       20.8100 16335785    6.72%
 202854 60211       20.8100    44       22.3100       20.8100 16355979    6.72%
 203150 60356    infeasible             22.3100       20.8100 16376009    6.72%
Elapsed time = 2520.38 sec. (3266800.75 ticks, tree = 71.08 MB, solutions = 6)
 203490 60540       21.0100    17       22.3100       20.8100 16396772    6.72%
 203695 60647       21.3707    26       22.3100       20.8100 16419018    6.72%
 203949 60789       21.0100    24       22.3100       20.8100 16439875    6.72%
 204099 60892       21.3611    46       22.3100       20.8100 16448451    6.72%
 204336 61028       22.0000     9       22.3100       20.8100 16469183    6.72%
 204633 61206       20.8100    37       22.3100       20.8100 16489036    6.72%
 204871 61338       21.0100    28       22.3100       20.8100 16509261    6.72%
 205112 61449       21.0100    35       22.3100       20.8100 16528813    6.72%
 205363 61580       21.0100    35       22.3100       20.8100 16550274    6.72%
 205584 61650       20.8100    39       22.3100       20.8100 16573987    6.72%
Elapsed time = 2552.12 sec. (3307710.25 ticks, tree = 72.46 MB, solutions = 6)
 205835 61694       21.0100    35       22.3100       20.8100 16597961    6.72%
 206090 61829    infeasible             22.3100       20.8100 16619753    6.72%
 206344 61915       21.5500    25       22.3100       20.8100 16640520    6.72%
 206562 62032       21.0100    29       22.3100       20.8100 16659834    6.72%
 206827 62206       21.5500    17       22.3100       20.8100 16678749    6.72%
 207002 62294       20.8100    37       22.3100       20.8100 16698046    6.72%
 207198 62417       21.0100    26       22.3100       20.8100 16717576    6.72%
 207423 62542       20.8100    27       22.3100       20.8100 16736938    6.72%
 207665 62621       20.8100    43       22.3100       20.8100 16761449    6.72%
 207926 62681       20.8100    40       22.3100       20.8100 16787306    6.72%
Elapsed time = 2581.72 sec. (3345919.69 ticks, tree = 73.55 MB, solutions = 6)
 208195 62735       20.8100    38       22.3100       20.8100 16811342    6.72%
 208462 62775       20.8100    33       22.3100       20.8100 16834891    6.72%
 208746 62781       20.8190    42       22.3100       20.8100 16859009    6.72%
 209058 62912       21.0100    39       22.3100       20.8100 16879083    6.72%
 209321 63041       20.8107    49       22.3100       20.8100 16899774    6.72%
 209590 63188       20.8100    39       22.3100       20.8100 16919175    6.72%
 209867 63341       20.8100    37       22.3100       20.8100 16938151    6.72%
 210134 63413       20.8112    39       22.3100       20.8100 16962139    6.72%
 210433 63492       21.1707    39       22.3100       20.8100 16985265    6.72%
 210645 63558       21.0100    41       22.3100       20.8100 17008172    6.72%
Elapsed time = 2611.16 sec. (3384195.78 ticks, tree = 74.48 MB, solutions = 6)
 210919 63724       21.5500    32       22.3100       20.8100 17030497    6.72%
 211136 63808       21.0100    34       22.3100       20.8100 17053845    6.72%
 211398 63945    infeasible             22.3100       20.8100 17074486    6.72%
 211673 64118       21.0100    17       22.3100       20.8100 17094117    6.72%
 211970 64271       20.8105    48       22.3100       20.8100 17113794    6.72%
 212264 64439       21.5500    10       22.3100       20.8100 17134117    6.72%
 212561 64608       21.0100    23       22.3100       20.8100 17151374    6.72%
 212830 64738       20.8110    50       22.3100       20.8100 17171402    6.72%
 213074 64865    infeasible             22.3100       20.8100 17190285    6.72%
 213366 65047    infeasible             22.3100       20.8100 17209270    6.72%
Elapsed time = 2642.60 sec. (3422433.32 ticks, tree = 76.07 MB, solutions = 6)
 213606 65161       21.2996    37       22.3100       20.8100 17228543    6.72%
 213877 65328       21.0100    29       22.3100       20.8100 17249564    6.72%
 214111 65414       21.0100    27       22.3100       20.8100 17270120    6.72%
 214410 65578       21.0100    27       22.3100       20.8100 17286980    6.72%
 214698 65737       21.0194    36       22.3100       20.8100 17305246    6.72%
 214916 65812    infeasible             22.3100       20.8100 17325284    6.72%
 215144 65914       20.8100    42       22.3100       20.8100 17345624    6.72%
 215418 66059       20.8139    35       22.3100       20.8100 17363964    6.72%
 215682 66200       21.0100    18       22.3100       20.8100 17384918    6.72%
 215993 66380       20.8100    36       22.3100       20.8100 17404305    6.72%
Elapsed time = 2673.60 sec. (3460658.20 ticks, tree = 80.32 MB, solutions = 6)
 216257 66487       21.0100    32       22.3100       20.8100 17424721    6.72%
 216521 66641       20.8267    42       22.3100       20.8100 17446460    6.72%
 216783 66777       21.3500    37       22.3100       20.8100 17468081    6.72%
 217061 66947    infeasible             22.3100       20.8100 17483526    6.72%
 217099 66969       21.0100    34       22.3100       20.8100 17485948    6.72%
 217199 67026       20.8600    36       22.3100       20.8100 17498769    6.72%
 217452 67157       21.0100    19       22.3100       20.8100 17521712    6.72%
 217692 67266       21.0996    41       22.3100       20.8100 17545144    6.72%
 217942 67343       20.8100    38       22.3100       20.8100 17566433    6.72%
 218172 67446       20.8100    30       22.3100       20.8100 17585599    6.72%
Elapsed time = 2706.13 sec. (3502725.81 ticks, tree = 81.45 MB, solutions = 6)
 218419 67572       21.0100    29       22.3100       20.8100 17601596    6.72%
 218699 67730       20.8100    38       22.3100       20.8100 17617916    6.72%
 218898 67811       20.8116    51       22.3100       20.8100 17634752    6.72%
 219110 67908       21.0100    32       22.3100       20.8100 17650618    6.72%
 219407 68097       20.8100    38       22.3100       20.8100 17669001    6.72%
 219603 68181       21.0100    28       22.3100       20.8100 17688398    6.72%
 219853 68347       21.0100    26       22.3100       20.8100 17705116    6.72%
 220107 68508       20.8100    45       22.3100       20.8100 17723984    6.72%
 220367 68658       21.0100    25       22.3100       20.8100 17743362    6.72%
 220603 68784       20.8116    49       22.3100       20.8100 17763850    6.72%
Elapsed time = 2738.23 sec. (3541014.65 ticks, tree = 82.87 MB, solutions = 6)
 220913 68975       20.8100    44       22.3100       20.8100 17781133    6.72%
 221142 69032    infeasible             22.3100       20.8100 17803283    6.72%
 221417 69179       21.0100    47       22.3100       20.8100 17821355    6.72%
 221576 69255       21.0100    21       22.3100       20.8100 17836973    6.72%
 221795 69307       20.8100    25       22.3100       20.8100 17856736    6.72%
 222155 69308       20.8100    31       22.3100       20.8100 17877952    6.72%
 222580 69386       21.3500    26       22.3100       20.8100 17897080    6.72%
 222950 69457       20.8100    32       22.3100       20.8100 17916878    6.72%
 223269 69544       21.9400    24       22.3100       20.8100 17936756    6.72%
 223537 69679       20.8100    38       22.3100       20.8100 17956977    6.72%
Elapsed time = 2768.29 sec. (3579317.77 ticks, tree = 83.83 MB, solutions = 6)
 223811 69740       21.3500    28       22.3100       20.8100 17979309    6.72%
 224048 69769       20.8245    34       22.3100       20.8100 18001493    6.72%
 224263 69795    infeasible             22.3100       20.8100 18023023    6.72%
 224576 69855       20.8100    27       22.3100       20.8100 18043789    6.72%
 224980 69910       21.3500    37       22.3100       20.8100 18063519    6.72%
 225329 69956       20.8247    40       22.3100       20.8100 18085688    6.72%
 225608 69971       20.8100    43       22.3100       20.8100 18105978    6.72%
 225974 69991       20.8100    36       22.3100       20.8100 18123507    6.72%
 226198 70043       21.3500    32       22.3100       20.8100 18144300    6.72%
 227401 70075       20.8100    42       22.3100       20.8100 18228429    6.72%
Elapsed time = 2807.30 sec. (3629030.81 ticks, tree = 84.25 MB, solutions = 6)
 228471 70315    infeasible             22.3100       20.8100 18312617    6.72%
 229563 70721       20.8100    31       22.3100       20.8100 18395426    6.72%
 230689 70948       21.0100    33       22.3100       20.8100 18478907    6.72%
 231562 71271       21.2640    24       22.3100       20.8100 18567976    6.72%
 232524 71657       20.9100    36       22.3100       20.8100 18649999    6.72%
 233636 71919       20.8100    48       22.3100       20.8100 18725695    6.72%
 234437 72289       20.8664    31       22.3100       20.8100 18806070    6.72%
 235224 72647       20.8167    51       22.3100       20.8100 18893564    6.72%
 236058 73069        cutoff             22.3100       20.8100 18977125    6.72%
 237003 73256       21.0100    31       22.3100       20.8100 19059289    6.72%
Elapsed time = 2929.47 sec. (3781874.70 ticks, tree = 87.64 MB, solutions = 6)
 238035 73487       20.8840    27       22.3100       20.8100 19145215    6.72%
 239125 73665       20.8247    38       22.3100       20.8100 19231121    6.72%
 240412 73854    infeasible             22.3100       20.8100 19318553    6.72%
 241649 74010       20.8100    30       22.3100       20.8100 19404884    6.72%
 242836 74179    infeasible             22.3100       20.8100 19489288    6.72%
 244154 74362    infeasible             22.3100       20.8100 19571680    6.72%
 245506 74472       20.8100    43       22.3100       20.8100 19656909    6.72%
 246652 74657       21.0100    25       22.3100       20.8100 19749396    6.72%
 247928 74801       20.8100    33       22.3100       20.8100 19836295    6.72%
 249092 74913       20.8240    32       22.3100       20.8100 19918703    6.72%
Elapsed time = 3046.37 sec. (3934630.76 ticks, tree = 89.65 MB, solutions = 6)
 250498 75083       20.8309    34       22.3100       20.8100 20007358    6.72%
 251851 75126       20.8100    35       22.3100       20.8100 20098754    6.72%
 253370 75144       20.8100    29       22.3100       20.8100 20185439    6.72%
 254432 75256       21.2434    29       22.3100       20.8100 20267482    6.72%
 255609 75316    infeasible             22.3100       20.8100 20354640    6.72%
 256724 75368       21.3500    30       22.3100       20.8100 20439939    6.72%
 257795 75580       20.8125    41       22.3100       20.8100 20531168    6.72%
 258845 75816    infeasible             22.3100       20.8100 20625439    6.72%
 260007 75886       20.8100    37       22.3100       20.8100 20710747    6.72%
 261032 76013       20.8100    39       22.3100       20.8100 20794575    6.72%
Elapsed time = 3163.80 sec. (4087386.95 ticks, tree = 91.01 MB, solutions = 6)
 262132 76133       20.8100    36       22.3100       20.8100 20881864    6.72%
 263281 76263       20.8100    34       22.3100       20.8100 20968979    6.72%
 264345 76412       21.0833    38       22.3100       20.8100 21062695    6.72%
 265402 76563       20.8100    26       22.3100       20.8100 21143961    6.72%
 266400 76626       20.8100    37       22.3100       20.8100 21231679    6.72%
 267345 76773       21.0100    30       22.3100       20.8100 21316556    6.72%
Starting limited solution polishing.
 268564 76921       20.8100    39       22.3100       20.8100 21401721    6.72%
 269512 77006       20.9100    37       22.3100       20.8100 21473737    6.72%
 270299 77076       20.8100    27       22.3100       20.8100 21536669    6.72%
 270799 77103    infeasible             22.3100       20.8100 21568028    6.72%
Elapsed time = 3280.72 sec. (4240625.07 ticks, tree = 92.37 MB, solutions = 6)
 271386 77242       20.8100    37       22.3100       20.8100 21635949    6.72%
 271799 77291       20.8100    27       22.3100       20.8100 21677035    6.72%
 272258 77346       21.3500    21       22.3100       20.8100 21725036    6.72%
 272538 77390       21.6100    27       22.3100       20.8100 21757156    6.72%
 273023 77502       21.1805    20       22.3100       20.8100 21805975    6.72%
 273358 77608       21.0100    11       22.3100       20.8100 21845755    6.72%
*273649+73966                           21.9400       20.8100             5.15%
 273899 74036       21.5500    22       21.9400       20.8100 21902610    5.15%
 274199 74125       20.8106    32       21.9400       20.8100 21933890    5.15%
 274599 74258       21.0100    15       21.9400       20.8100 21981522    5.15%
 275055 74451       20.8106    34       21.9400       20.8100 22033627    5.15%
Elapsed time = 3399.55 sec. (4401935.55 ticks, tree = 89.59 MB, solutions = 7)
*275399+ 6179                           21.0100       20.8100             0.95%
 275799  6194       20.8100    33       21.0100       20.8100 22084821    0.95%
 276515  6203       20.8100    23       21.0100       20.8100 22133327    0.95%
 277321  6196       20.8100    31       21.0100       20.8100 22186214    0.95%
 278824  6201    infeasible             21.0100       20.8100 22259259    0.95%
 280219  6205       20.8100    22       21.0100       20.8100 22319828    0.95%
 281681  6207    infeasible             21.0100       20.8100 22390287    0.95%
 283116  6213       20.8100    34       21.0100       20.8100 22469403    0.95%
 284648  6230    infeasible             21.0100       20.8100 22547379    0.95%
 286175  6224       20.8100    32       21.0100       20.8100 22625534    0.95%
 287830  6215       20.8100    32       21.0100       20.8100 22700505    0.95%
Elapsed time = 3517.14 sec. (4554668.17 ticks, tree = 12.72 MB, solutions = 8)
 289445  6219    infeasible             21.0100       20.8100 22756259    0.95%
 290956  6224       20.8100    30       21.0100       20.8100 22827538    0.95%
 292601  6207       20.8100    22       21.0100       20.8100 22902633    0.95%
 294321  6215       20.8100    35       21.0100       20.8100 22978245    0.95%
 295758  6211       20.8100    26       21.0100       20.8100 23062906    0.95%
 297611  6215       20.8100    41       21.0100       20.8100 23136919    0.95%

GUB cover cuts applied:  46
Clique cuts applied:  96
Cover cuts applied:  798
Implied bound cuts applied:  14
Flow cuts applied:  68
Mixed integer rounding cuts applied:  226
Zero-half cuts applied:  8
Gomory fractional cuts applied:  10

Root node processing (before b&c):
  Real time             =    2.37 sec. (2666.15 ticks)
Sequential b&c:
  Real time             = 3597.63 sec. (4659243.82 ticks)
                          ------------
Total (root+branch&cut) = 3600.00 sec. (4661909.98 ticks)
